2025-04-18 00:31:17,894 - INFO - Starting Differential Privacy Experiment: dp_p1n1.0_p2n2.0
2025-04-18 00:31:17,894 - INFO - P1 Noise Multiplier: 1.0, P2 Noise Multiplier: 2.0
2025-04-18 00:31:19,430 - INFO - Creating dataloaders...
2025-04-18 00:31:19,439 - INFO - Running experiment with 10 rounds, 10 epochs per client
2025-04-18 00:31:19,439 - INFO - Starting Round 1/10
2025-04-18 00:31:19,440 - INFO - Training client P1 (Round 1) with noise_multiplier=1.0
2025-04-18 00:31:19,440 - INFO - P1 (Round 1) - DP setup: noise=1.0, max_grad_norm=1.0
2025-04-18 00:32:10,042 - INFO - P1 (Round 1) - Epoch 1/10 | Loss: 0.3475 | Acc: 0.9258 | Val Loss: 0.2068 | Val Acc: 0.9798 | Grad Norm: 0.5752 | Noise: 26.7395 | SNR: 0.0215 | ε: 0.09 (δ=7.5e-08) | Time: 50.53s
2025-04-18 00:32:59,472 - INFO - P1 (Round 1) - Epoch 2/10 | Loss: 0.2081 | Acc: 0.9819 | Val Loss: 0.1494 | Val Acc: 0.9832 | Grad Norm: 0.4383 | Noise: 26.7395 | SNR: 0.0164 | ε: 0.12 (δ=7.5e-08) | Time: 49.34s
2025-04-18 00:33:49,160 - INFO - P1 (Round 1) - Epoch 3/10 | Loss: 0.1397 | Acc: 0.9838 | Val Loss: 0.1136 | Val Acc: 0.9845 | Grad Norm: 0.4076 | Noise: 26.7395 | SNR: 0.0152 | ε: 0.15 (δ=7.5e-08) | Time: 49.57s
2025-04-18 00:34:37,849 - INFO - P1 (Round 1) - Epoch 4/10 | Loss: 0.1024 | Acc: 0.9850 | Val Loss: 0.0848 | Val Acc: 0.9864 | Grad Norm: 0.4108 | Noise: 26.7395 | SNR: 0.0154 | ε: 0.17 (δ=7.5e-08) | Time: 48.58s
2025-04-18 00:35:27,700 - INFO - P1 (Round 1) - Epoch 5/10 | Loss: 0.0724 | Acc: 0.9870 | Val Loss: 0.0658 | Val Acc: 0.9874 | Grad Norm: 0.3866 | Noise: 26.7395 | SNR: 0.0145 | ε: 0.19 (δ=7.5e-08) | Time: 49.75s
2025-04-18 00:36:18,494 - INFO - P1 (Round 1) - Epoch 6/10 | Loss: 0.0645 | Acc: 0.9879 | Val Loss: 0.0633 | Val Acc: 0.9888 | Grad Norm: 0.3691 | Noise: 26.7395 | SNR: 0.0138 | ε: 0.21 (δ=7.5e-08) | Time: 50.71s
2025-04-18 00:37:09,388 - INFO - P1 (Round 1) - Epoch 7/10 | Loss: 0.0611 | Acc: 0.9891 | Val Loss: 0.0590 | Val Acc: 0.9895 | Grad Norm: 0.3619 | Noise: 26.7395 | SNR: 0.0135 | ε: 0.22 (δ=7.5e-08) | Time: 50.73s
2025-04-18 00:38:01,251 - INFO - P1 (Round 1) - Epoch 8/10 | Loss: 0.0603 | Acc: 0.9898 | Val Loss: 0.0612 | Val Acc: 0.9896 | Grad Norm: 0.3747 | Noise: 26.7395 | SNR: 0.0140 | ε: 0.24 (δ=7.5e-08) | Time: 51.68s
2025-04-18 00:38:51,837 - INFO - P1 (Round 1) - Epoch 9/10 | Loss: 0.0591 | Acc: 0.9899 | Val Loss: 0.0571 | Val Acc: 0.9899 | Grad Norm: 0.3753 | Noise: 26.7395 | SNR: 0.0140 | ε: 0.25 (δ=7.5e-08) | Time: 50.42s
2025-04-18 00:39:42,533 - INFO - P1 (Round 1) - Epoch 10/10 | Loss: 0.0556 | Acc: 0.9905 | Val Loss: 0.0547 | Val Acc: 0.9906 | Grad Norm: 0.3832 | Noise: 26.7395 | SNR: 0.0143 | ε: 0.27 (δ=7.5e-08) | Time: 50.49s
2025-04-18 00:39:42,533 - INFO - P1 (Round 1) - Final Privacy Budget: ε = 0.2682 (δ=7.5e-08)
2025-04-18 00:39:42,534 - INFO - Training client P2 (Round 1) with noise_multiplier=2.0
2025-04-18 00:39:42,534 - INFO - P2 (Round 1) - DP setup: noise=2.0, max_grad_norm=1.0
2025-04-18 00:40:32,108 - INFO - P2 (Round 1) - Epoch 1/10 | Loss: 0.8010 | Acc: 0.7598 | Val Loss: 0.5863 | Val Acc: 0.8330 | Grad Norm: 2.3179 | Noise: 53.4790 | SNR: 0.0433 | ε: 0.04 (δ=7.7e-08) | Time: 49.53s
2025-04-18 00:41:20,891 - INFO - P2 (Round 1) - Epoch 2/10 | Loss: 0.5931 | Acc: 0.8374 | Val Loss: 0.5564 | Val Acc: 0.8420 | Grad Norm: 2.3483 | Noise: 53.4790 | SNR: 0.0439 | ε: 0.05 (δ=7.7e-08) | Time: 48.72s
2025-04-18 00:42:10,348 - INFO - P2 (Round 1) - Epoch 3/10 | Loss: 0.5600 | Acc: 0.8458 | Val Loss: 0.5470 | Val Acc: 0.8549 | Grad Norm: 2.4302 | Noise: 53.4790 | SNR: 0.0454 | ε: 0.06 (δ=7.7e-08) | Time: 49.37s
2025-04-18 00:43:00,001 - INFO - P2 (Round 1) - Epoch 4/10 | Loss: 0.5313 | Acc: 0.8587 | Val Loss: 0.5311 | Val Acc: 0.8634 | Grad Norm: 2.4405 | Noise: 53.4790 | SNR: 0.0456 | ε: 0.07 (δ=7.7e-08) | Time: 49.55s
2025-04-18 00:43:48,738 - INFO - P2 (Round 1) - Epoch 5/10 | Loss: 0.5153 | Acc: 0.8654 | Val Loss: 0.5032 | Val Acc: 0.8693 | Grad Norm: 2.4551 | Noise: 53.4790 | SNR: 0.0459 | ε: 0.08 (δ=7.7e-08) | Time: 48.64s
2025-04-18 00:44:37,740 - INFO - P2 (Round 1) - Epoch 6/10 | Loss: 0.4955 | Acc: 0.8730 | Val Loss: 0.4795 | Val Acc: 0.8793 | Grad Norm: 2.4578 | Noise: 53.4790 | SNR: 0.0460 | ε: 0.09 (δ=7.7e-08) | Time: 48.92s
2025-04-18 00:45:27,105 - INFO - P2 (Round 1) - Epoch 7/10 | Loss: 0.4867 | Acc: 0.8800 | Val Loss: 0.4756 | Val Acc: 0.8826 | Grad Norm: 2.6100 | Noise: 53.4790 | SNR: 0.0488 | ε: 0.09 (δ=7.7e-08) | Time: 49.25s
2025-04-18 00:46:16,065 - INFO - P2 (Round 1) - Epoch 8/10 | Loss: 0.4747 | Acc: 0.8856 | Val Loss: 0.4717 | Val Acc: 0.8893 | Grad Norm: 2.7186 | Noise: 53.4790 | SNR: 0.0508 | ε: 0.10 (δ=7.7e-08) | Time: 48.83s
2025-04-18 00:47:05,771 - INFO - P2 (Round 1) - Epoch 9/10 | Loss: 0.4677 | Acc: 0.8934 | Val Loss: 0.4636 | Val Acc: 0.8944 | Grad Norm: 2.8434 | Noise: 53.4790 | SNR: 0.0532 | ε: 0.10 (δ=7.7e-08) | Time: 49.57s
2025-04-18 00:47:55,560 - INFO - P2 (Round 1) - Epoch 10/10 | Loss: 0.4535 | Acc: 0.9002 | Val Loss: 0.4532 | Val Acc: 0.9036 | Grad Norm: 2.9849 | Noise: 53.4790 | SNR: 0.0558 | ε: 0.11 (δ=7.7e-08) | Time: 49.64s
2025-04-18 00:47:55,560 - INFO - P2 (Round 1) - Final Privacy Budget: ε = 0.1094 (δ=7.7e-08)
2025-04-18 00:47:55,560 - INFO - P1 privacy budget: round ε = 0.2682, cumulative ε = 0.2682
2025-04-18 00:47:55,560 - INFO - P2 privacy budget: round ε = 0.1094, cumulative ε = 0.1094
2025-04-18 00:47:55,561 - INFO - Using secure aggregation with weights: P1=0.6667, P2=0.3333
2025-04-18 00:47:57,662 - INFO - Round 1/10 completed in 998.22s
2025-04-18 00:47:57,663 - INFO - Global Model - P1 Test: Loss = 0.5441, Accuracy = 0.8733
2025-04-18 00:47:57,663 - INFO - Global Model - P2 Test: Loss = 13.3787, Accuracy = 0.0019
2025-04-18 00:47:57,663 - INFO - P1 Privacy Budget: ε = 0.27
2025-04-18 00:47:57,663 - INFO - P2 Privacy Budget: ε = 0.11
2025-04-18 00:47:57,663 - INFO - Starting Round 2/10
2025-04-18 00:47:57,663 - INFO - Training client P1 (Round 2) with noise_multiplier=1.0
2025-04-18 00:47:57,664 - INFO - P1 (Round 2) - DP setup: noise=1.0, max_grad_norm=1.0
2025-04-18 00:48:49,050 - INFO - P1 (Round 2) - Epoch 1/10 | Loss: 0.0810 | Acc: 0.9838 | Val Loss: 0.0656 | Val Acc: 0.9874 | Grad Norm: 0.4350 | Noise: 26.7395 | SNR: 0.0163 | ε: 0.09 (δ=7.5e-08) | Time: 51.32s
2025-04-18 00:49:38,691 - INFO - P1 (Round 2) - Epoch 2/10 | Loss: 0.0636 | Acc: 0.9880 | Val Loss: 0.0613 | Val Acc: 0.9887 | Grad Norm: 0.3796 | Noise: 26.7395 | SNR: 0.0142 | ε: 0.12 (δ=7.5e-08) | Time: 49.55s
2025-04-18 00:50:29,120 - INFO - P1 (Round 2) - Epoch 3/10 | Loss: 0.0593 | Acc: 0.9893 | Val Loss: 0.0577 | Val Acc: 0.9898 | Grad Norm: 0.3687 | Noise: 26.7395 | SNR: 0.0138 | ε: 0.15 (δ=7.5e-08) | Time: 50.31s
2025-04-18 00:51:19,738 - INFO - P1 (Round 2) - Epoch 4/10 | Loss: 0.0582 | Acc: 0.9900 | Val Loss: 0.0560 | Val Acc: 0.9902 | Grad Norm: 0.3855 | Noise: 26.7395 | SNR: 0.0144 | ε: 0.17 (δ=7.5e-08) | Time: 50.50s
2025-04-18 00:52:09,782 - INFO - P1 (Round 2) - Epoch 5/10 | Loss: 0.0572 | Acc: 0.9901 | Val Loss: 0.0548 | Val Acc: 0.9903 | Grad Norm: 0.3832 | Noise: 26.7395 | SNR: 0.0143 | ε: 0.19 (δ=7.5e-08) | Time: 49.94s
2025-04-18 00:53:00,865 - INFO - P1 (Round 2) - Epoch 6/10 | Loss: 0.0548 | Acc: 0.9906 | Val Loss: 0.0539 | Val Acc: 0.9906 | Grad Norm: 0.3876 | Noise: 26.7395 | SNR: 0.0145 | ε: 0.21 (δ=7.5e-08) | Time: 51.00s
2025-04-18 00:53:53,160 - INFO - P1 (Round 2) - Epoch 7/10 | Loss: 0.0553 | Acc: 0.9906 | Val Loss: 0.0530 | Val Acc: 0.9907 | Grad Norm: 0.3954 | Noise: 26.7395 | SNR: 0.0148 | ε: 0.22 (δ=7.5e-08) | Time: 52.13s
2025-04-18 00:54:43,654 - INFO - P1 (Round 2) - Epoch 8/10 | Loss: 0.0551 | Acc: 0.9906 | Val Loss: 0.0523 | Val Acc: 0.9910 | Grad Norm: 0.4023 | Noise: 26.7395 | SNR: 0.0150 | ε: 0.24 (δ=7.5e-08) | Time: 50.32s
2025-04-18 00:55:34,278 - INFO - P1 (Round 2) - Epoch 9/10 | Loss: 0.0541 | Acc: 0.9909 | Val Loss: 0.0521 | Val Acc: 0.9909 | Grad Norm: 0.3886 | Noise: 26.7395 | SNR: 0.0145 | ε: 0.25 (δ=7.5e-08) | Time: 50.45s
2025-04-18 00:56:25,163 - INFO - P1 (Round 2) - Epoch 10/10 | Loss: 0.0527 | Acc: 0.9910 | Val Loss: 0.0505 | Val Acc: 0.9912 | Grad Norm: 0.3984 | Noise: 26.7395 | SNR: 0.0149 | ε: 0.27 (δ=7.5e-08) | Time: 50.66s
2025-04-18 00:56:25,164 - INFO - P1 (Round 2) - Final Privacy Budget: ε = 0.2682 (δ=7.5e-08)
2025-04-18 00:56:25,164 - INFO - Training client P2 (Round 2) with noise_multiplier=2.0
2025-04-18 00:56:25,164 - INFO - P2 (Round 2) - DP setup: noise=2.0, max_grad_norm=1.0
2025-04-18 00:57:14,868 - INFO - P2 (Round 2) - Epoch 1/10 | Loss: 0.6900 | Acc: 0.8193 | Val Loss: 0.5152 | Val Acc: 0.8575 | Grad Norm: 3.2017 | Noise: 53.4790 | SNR: 0.0599 | ε: 0.04 (δ=7.7e-08) | Time: 49.67s
2025-04-18 00:58:03,728 - INFO - P2 (Round 2) - Epoch 2/10 | Loss: 0.5024 | Acc: 0.8694 | Val Loss: 0.4909 | Val Acc: 0.8766 | Grad Norm: 2.1102 | Noise: 53.4790 | SNR: 0.0395 | ε: 0.05 (δ=7.7e-08) | Time: 48.78s
2025-04-18 00:58:53,951 - INFO - P2 (Round 2) - Epoch 3/10 | Loss: 0.4838 | Acc: 0.8794 | Val Loss: 0.4757 | Val Acc: 0.8861 | Grad Norm: 1.9898 | Noise: 53.4790 | SNR: 0.0372 | ε: 0.06 (δ=7.7e-08) | Time: 50.14s
2025-04-18 00:59:43,259 - INFO - P2 (Round 2) - Epoch 4/10 | Loss: 0.4529 | Acc: 0.8930 | Val Loss: 0.4522 | Val Acc: 0.8990 | Grad Norm: 1.9387 | Noise: 53.4790 | SNR: 0.0363 | ε: 0.07 (δ=7.7e-08) | Time: 49.21s
2025-04-18 01:00:31,650 - INFO - P2 (Round 2) - Epoch 5/10 | Loss: 0.4306 | Acc: 0.9010 | Val Loss: 0.4109 | Val Acc: 0.9032 | Grad Norm: 1.8372 | Noise: 53.4790 | SNR: 0.0344 | ε: 0.08 (δ=7.7e-08) | Time: 48.29s
2025-04-18 01:01:20,865 - INFO - P2 (Round 2) - Epoch 6/10 | Loss: 0.4131 | Acc: 0.9046 | Val Loss: 0.3992 | Val Acc: 0.9075 | Grad Norm: 1.9179 | Noise: 53.4790 | SNR: 0.0359 | ε: 0.09 (δ=7.7e-08) | Time: 49.13s
2025-04-18 01:02:10,045 - INFO - P2 (Round 2) - Epoch 7/10 | Loss: 0.4024 | Acc: 0.9066 | Val Loss: 0.3913 | Val Acc: 0.9095 | Grad Norm: 2.0299 | Noise: 53.4790 | SNR: 0.0380 | ε: 0.09 (δ=7.7e-08) | Time: 49.06s
2025-04-18 01:02:58,980 - INFO - P2 (Round 2) - Epoch 8/10 | Loss: 0.3867 | Acc: 0.9115 | Val Loss: 0.3770 | Val Acc: 0.9173 | Grad Norm: 2.0967 | Noise: 53.4790 | SNR: 0.0392 | ε: 0.10 (δ=7.7e-08) | Time: 48.80s
2025-04-18 01:03:47,974 - INFO - P2 (Round 2) - Epoch 9/10 | Loss: 0.3894 | Acc: 0.9150 | Val Loss: 0.3662 | Val Acc: 0.9177 | Grad Norm: 2.2322 | Noise: 53.4790 | SNR: 0.0417 | ε: 0.10 (δ=7.7e-08) | Time: 48.83s
2025-04-18 01:04:37,302 - INFO - P2 (Round 2) - Epoch 10/10 | Loss: 0.3760 | Acc: 0.9179 | Val Loss: 0.3738 | Val Acc: 0.9213 | Grad Norm: 2.2608 | Noise: 53.4790 | SNR: 0.0423 | ε: 0.11 (δ=7.7e-08) | Time: 49.18s
2025-04-18 01:04:37,302 - INFO - P2 (Round 2) - Final Privacy Budget: ε = 0.1094 (δ=7.7e-08)
2025-04-18 01:04:37,302 - INFO - P1 privacy budget: round ε = 0.2682, cumulative ε = 0.5364
2025-04-18 01:04:37,302 - INFO - P2 privacy budget: round ε = 0.1094, cumulative ε = 0.2188
2025-04-18 01:04:37,303 - INFO - Using secure aggregation with weights: P1=0.6667, P2=0.3333
2025-04-18 01:04:39,722 - INFO - Round 2/10 completed in 1002.06s
2025-04-18 01:04:39,722 - INFO - Global Model - P1 Test: Loss = 1.3397, Accuracy = 0.7702
2025-04-18 01:04:39,722 - INFO - Global Model - P2 Test: Loss = 16.9189, Accuracy = 0.1138
2025-04-18 01:04:39,722 - INFO - P1 Privacy Budget: ε = 0.27
2025-04-18 01:04:39,722 - INFO - P2 Privacy Budget: ε = 0.11
2025-04-18 01:04:39,722 - INFO - Starting Round 3/10
2025-04-18 01:04:39,724 - INFO - Training client P1 (Round 3) with noise_multiplier=1.0
2025-04-18 01:04:39,724 - INFO - P1 (Round 3) - DP setup: noise=1.0, max_grad_norm=1.0
2025-04-18 01:05:30,300 - INFO - P1 (Round 3) - Epoch 1/10 | Loss: 0.0665 | Acc: 0.9883 | Val Loss: 0.0555 | Val Acc: 0.9905 | Grad Norm: 0.4778 | Noise: 26.7395 | SNR: 0.0179 | ε: 0.09 (δ=7.5e-08) | Time: 50.51s
2025-04-18 01:06:20,227 - INFO - P1 (Round 3) - Epoch 2/10 | Loss: 0.0560 | Acc: 0.9906 | Val Loss: 0.0562 | Val Acc: 0.9906 | Grad Norm: 0.4162 | Noise: 26.7395 | SNR: 0.0156 | ε: 0.12 (δ=7.5e-08) | Time: 49.83s
2025-04-18 01:07:10,700 - INFO - P1 (Round 3) - Epoch 3/10 | Loss: 0.0543 | Acc: 0.9910 | Val Loss: 0.0541 | Val Acc: 0.9911 | Grad Norm: 0.4139 | Noise: 26.7395 | SNR: 0.0155 | ε: 0.15 (δ=7.5e-08) | Time: 50.33s
2025-04-18 01:08:01,625 - INFO - P1 (Round 3) - Epoch 4/10 | Loss: 0.0532 | Acc: 0.9912 | Val Loss: 0.0514 | Val Acc: 0.9913 | Grad Norm: 0.4296 | Noise: 26.7395 | SNR: 0.0161 | ε: 0.17 (δ=7.5e-08) | Time: 50.81s
2025-04-18 01:08:53,451 - INFO - P1 (Round 3) - Epoch 5/10 | Loss: 0.0522 | Acc: 0.9915 | Val Loss: 0.0514 | Val Acc: 0.9913 | Grad Norm: 0.4230 | Noise: 26.7395 | SNR: 0.0158 | ε: 0.19 (δ=7.5e-08) | Time: 51.72s
2025-04-18 01:09:44,769 - INFO - P1 (Round 3) - Epoch 6/10 | Loss: 0.0529 | Acc: 0.9915 | Val Loss: 0.0516 | Val Acc: 0.9918 | Grad Norm: 0.4275 | Noise: 26.7395 | SNR: 0.0160 | ε: 0.21 (δ=7.5e-08) | Time: 51.23s
2025-04-18 01:10:34,942 - INFO - P1 (Round 3) - Epoch 7/10 | Loss: 0.0513 | Acc: 0.9918 | Val Loss: 0.0506 | Val Acc: 0.9920 | Grad Norm: 0.4191 | Noise: 26.7395 | SNR: 0.0157 | ε: 0.22 (δ=7.5e-08) | Time: 50.00s
2025-04-18 01:11:26,213 - INFO - P1 (Round 3) - Epoch 8/10 | Loss: 0.0526 | Acc: 0.9917 | Val Loss: 0.0520 | Val Acc: 0.9918 | Grad Norm: 0.4273 | Noise: 26.7395 | SNR: 0.0160 | ε: 0.24 (δ=7.5e-08) | Time: 51.09s
2025-04-18 01:12:17,345 - INFO - P1 (Round 3) - Epoch 9/10 | Loss: 0.0510 | Acc: 0.9920 | Val Loss: 0.0487 | Val Acc: 0.9922 | Grad Norm: 0.4150 | Noise: 26.7395 | SNR: 0.0155 | ε: 0.25 (δ=7.5e-08) | Time: 50.96s
2025-04-18 01:13:08,682 - INFO - P1 (Round 3) - Epoch 10/10 | Loss: 0.0515 | Acc: 0.9922 | Val Loss: 0.0513 | Val Acc: 0.9918 | Grad Norm: 0.4435 | Noise: 26.7395 | SNR: 0.0166 | ε: 0.27 (δ=7.5e-08) | Time: 51.12s
2025-04-18 01:13:08,683 - INFO - P1 (Round 3) - Final Privacy Budget: ε = 0.2682 (δ=7.5e-08)
2025-04-18 01:13:08,683 - INFO - Training client P2 (Round 3) with noise_multiplier=2.0
2025-04-18 01:13:08,683 - INFO - P2 (Round 3) - DP setup: noise=2.0, max_grad_norm=1.0
2025-04-18 01:13:58,118 - INFO - P2 (Round 3) - Epoch 1/10 | Loss: 0.6336 | Acc: 0.8563 | Val Loss: 0.4446 | Val Acc: 0.8866 | Grad Norm: 2.6812 | Noise: 53.4790 | SNR: 0.0501 | ε: 0.04 (δ=7.7e-08) | Time: 49.40s
2025-04-18 01:14:48,847 - INFO - P2 (Round 3) - Epoch 2/10 | Loss: 0.4500 | Acc: 0.8920 | Val Loss: 0.4423 | Val Acc: 0.8978 | Grad Norm: 2.0554 | Noise: 53.4790 | SNR: 0.0384 | ε: 0.05 (δ=7.7e-08) | Time: 50.66s
2025-04-18 01:15:37,592 - INFO - P2 (Round 3) - Epoch 3/10 | Loss: 0.4342 | Acc: 0.8983 | Val Loss: 0.4349 | Val Acc: 0.9038 | Grad Norm: 2.1223 | Noise: 53.4790 | SNR: 0.0397 | ε: 0.06 (δ=7.7e-08) | Time: 48.66s
2025-04-18 01:16:26,824 - INFO - P2 (Round 3) - Epoch 4/10 | Loss: 0.4106 | Acc: 0.9024 | Val Loss: 0.4114 | Val Acc: 0.9033 | Grad Norm: 2.0989 | Noise: 53.4790 | SNR: 0.0392 | ε: 0.07 (δ=7.7e-08) | Time: 49.14s
2025-04-18 01:17:16,283 - INFO - P2 (Round 3) - Epoch 5/10 | Loss: 0.3907 | Acc: 0.9093 | Val Loss: 0.3706 | Val Acc: 0.9138 | Grad Norm: 2.2002 | Noise: 53.4790 | SNR: 0.0411 | ε: 0.08 (δ=7.7e-08) | Time: 49.36s
2025-04-18 01:18:05,098 - INFO - P2 (Round 3) - Epoch 6/10 | Loss: 0.3871 | Acc: 0.9142 | Val Loss: 0.3862 | Val Acc: 0.9178 | Grad Norm: 2.3350 | Noise: 53.4790 | SNR: 0.0437 | ε: 0.09 (δ=7.7e-08) | Time: 48.73s
2025-04-18 01:18:54,097 - INFO - P2 (Round 3) - Epoch 7/10 | Loss: 0.3837 | Acc: 0.9177 | Val Loss: 0.3791 | Val Acc: 0.9196 | Grad Norm: 2.4616 | Noise: 53.4790 | SNR: 0.0460 | ε: 0.09 (δ=7.7e-08) | Time: 48.88s
2025-04-18 01:19:43,602 - INFO - P2 (Round 3) - Epoch 8/10 | Loss: 0.3831 | Acc: 0.9196 | Val Loss: 0.3783 | Val Acc: 0.9231 | Grad Norm: 2.5497 | Noise: 53.4790 | SNR: 0.0477 | ε: 0.10 (δ=7.7e-08) | Time: 49.35s
2025-04-18 01:20:33,038 - INFO - P2 (Round 3) - Epoch 9/10 | Loss: 0.3858 | Acc: 0.9219 | Val Loss: 0.3715 | Val Acc: 0.9226 | Grad Norm: 2.6609 | Noise: 53.4790 | SNR: 0.0498 | ε: 0.10 (δ=7.7e-08) | Time: 49.30s
2025-04-18 01:21:22,072 - INFO - P2 (Round 3) - Epoch 10/10 | Loss: 0.3747 | Acc: 0.9235 | Val Loss: 0.3767 | Val Acc: 0.9250 | Grad Norm: 2.7184 | Noise: 53.4790 | SNR: 0.0508 | ε: 0.11 (δ=7.7e-08) | Time: 48.89s
2025-04-18 01:21:22,072 - INFO - P2 (Round 3) - Final Privacy Budget: ε = 0.1094 (δ=7.7e-08)
2025-04-18 01:21:22,072 - INFO - P1 privacy budget: round ε = 0.2682, cumulative ε = 0.8046
2025-04-18 01:21:22,073 - INFO - P2 privacy budget: round ε = 0.1094, cumulative ε = 0.3282
2025-04-18 01:21:22,073 - INFO - Using secure aggregation with weights: P1=0.6667, P2=0.3333
2025-04-18 01:21:24,444 - INFO - Round 3/10 completed in 1004.72s
2025-04-18 01:21:24,444 - INFO - Global Model - P1 Test: Loss = 1.9124, Accuracy = 0.7932
2025-04-18 01:21:24,444 - INFO - Global Model - P2 Test: Loss = 13.9531, Accuracy = 0.1431
2025-04-18 01:21:24,444 - INFO - P1 Privacy Budget: ε = 0.27
2025-04-18 01:21:24,444 - INFO - P2 Privacy Budget: ε = 0.11
2025-04-18 01:21:24,444 - INFO - Starting Round 4/10
2025-04-18 01:21:24,446 - INFO - Training client P1 (Round 4) with noise_multiplier=1.0
2025-04-18 01:21:24,446 - INFO - P1 (Round 4) - DP setup: noise=1.0, max_grad_norm=1.0
2025-04-18 01:22:17,666 - INFO - P1 (Round 4) - Epoch 1/10 | Loss: 0.0718 | Acc: 0.9892 | Val Loss: 0.0550 | Val Acc: 0.9913 | Grad Norm: 0.5647 | Noise: 26.7395 | SNR: 0.0211 | ε: 0.09 (δ=7.5e-08) | Time: 53.15s
2025-04-18 01:23:09,093 - INFO - P1 (Round 4) - Epoch 2/10 | Loss: 0.0545 | Acc: 0.9916 | Val Loss: 0.0553 | Val Acc: 0.9916 | Grad Norm: 0.4957 | Noise: 26.7395 | SNR: 0.0185 | ε: 0.12 (δ=7.5e-08) | Time: 51.32s
2025-04-18 01:23:59,101 - INFO - P1 (Round 4) - Epoch 3/10 | Loss: 0.0508 | Acc: 0.9922 | Val Loss: 0.0518 | Val Acc: 0.9923 | Grad Norm: 0.4705 | Noise: 26.7395 | SNR: 0.0176 | ε: 0.15 (δ=7.5e-08) | Time: 49.89s
2025-04-18 01:24:49,965 - INFO - P1 (Round 4) - Epoch 4/10 | Loss: 0.0520 | Acc: 0.9922 | Val Loss: 0.0505 | Val Acc: 0.9922 | Grad Norm: 0.4666 | Noise: 26.7395 | SNR: 0.0175 | ε: 0.17 (δ=7.5e-08) | Time: 50.75s
2025-04-18 01:25:41,142 - INFO - P1 (Round 4) - Epoch 5/10 | Loss: 0.0512 | Acc: 0.9922 | Val Loss: 0.0501 | Val Acc: 0.9923 | Grad Norm: 0.4708 | Noise: 26.7395 | SNR: 0.0176 | ε: 0.19 (δ=7.5e-08) | Time: 51.07s
2025-04-18 01:26:31,593 - INFO - P1 (Round 4) - Epoch 6/10 | Loss: 0.0513 | Acc: 0.9925 | Val Loss: 0.0498 | Val Acc: 0.9926 | Grad Norm: 0.4747 | Noise: 26.7395 | SNR: 0.0178 | ε: 0.21 (δ=7.5e-08) | Time: 50.36s
2025-04-18 01:27:22,442 - INFO - P1 (Round 4) - Epoch 7/10 | Loss: 0.0529 | Acc: 0.9926 | Val Loss: 0.0504 | Val Acc: 0.9925 | Grad Norm: 0.4727 | Noise: 26.7395 | SNR: 0.0177 | ε: 0.22 (δ=7.5e-08) | Time: 50.68s
2025-04-18 01:28:13,363 - INFO - P1 (Round 4) - Epoch 8/10 | Loss: 0.0513 | Acc: 0.9924 | Val Loss: 0.0512 | Val Acc: 0.9925 | Grad Norm: 0.4678 | Noise: 26.7395 | SNR: 0.0175 | ε: 0.24 (δ=7.5e-08) | Time: 50.74s
2025-04-18 01:29:04,723 - INFO - P1 (Round 4) - Epoch 9/10 | Loss: 0.0498 | Acc: 0.9926 | Val Loss: 0.0503 | Val Acc: 0.9926 | Grad Norm: 0.4672 | Noise: 26.7395 | SNR: 0.0175 | ε: 0.25 (δ=7.5e-08) | Time: 51.19s
2025-04-18 01:29:55,405 - INFO - P1 (Round 4) - Epoch 10/10 | Loss: 0.0517 | Acc: 0.9926 | Val Loss: 0.0501 | Val Acc: 0.9926 | Grad Norm: 0.4730 | Noise: 26.7395 | SNR: 0.0177 | ε: 0.27 (δ=7.5e-08) | Time: 50.42s
2025-04-18 01:29:55,405 - INFO - P1 (Round 4) - Final Privacy Budget: ε = 0.2682 (δ=7.5e-08)
2025-04-18 01:29:55,406 - INFO - Training client P2 (Round 4) with noise_multiplier=2.0
2025-04-18 01:29:55,406 - INFO - P2 (Round 4) - DP setup: noise=2.0, max_grad_norm=1.0
2025-04-18 01:30:45,625 - INFO - P2 (Round 4) - Epoch 1/10 | Loss: 0.6164 | Acc: 0.8743 | Val Loss: 0.4548 | Val Acc: 0.8936 | Grad Norm: 2.6877 | Noise: 53.4790 | SNR: 0.0503 | ε: 0.04 (δ=7.7e-08) | Time: 50.18s
2025-04-18 01:31:35,849 - INFO - P2 (Round 4) - Epoch 2/10 | Loss: 0.4600 | Acc: 0.8966 | Val Loss: 0.4435 | Val Acc: 0.9018 | Grad Norm: 2.3566 | Noise: 53.4790 | SNR: 0.0441 | ε: 0.05 (δ=7.7e-08) | Time: 50.15s
2025-04-18 01:32:24,502 - INFO - P2 (Round 4) - Epoch 3/10 | Loss: 0.4423 | Acc: 0.9048 | Val Loss: 0.4380 | Val Acc: 0.9095 | Grad Norm: 2.5211 | Noise: 53.4790 | SNR: 0.0471 | ε: 0.06 (δ=7.7e-08) | Time: 48.56s
2025-04-18 01:33:14,607 - INFO - P2 (Round 4) - Epoch 4/10 | Loss: 0.4201 | Acc: 0.9119 | Val Loss: 0.4176 | Val Acc: 0.9171 | Grad Norm: 2.6083 | Noise: 53.4790 | SNR: 0.0488 | ε: 0.07 (δ=7.7e-08) | Time: 50.01s
2025-04-18 01:34:06,074 - INFO - P2 (Round 4) - Epoch 5/10 | Loss: 0.4091 | Acc: 0.9166 | Val Loss: 0.4065 | Val Acc: 0.9178 | Grad Norm: 2.7294 | Noise: 53.4790 | SNR: 0.0510 | ε: 0.08 (δ=7.7e-08) | Time: 51.37s
2025-04-18 01:34:54,986 - INFO - P2 (Round 4) - Epoch 6/10 | Loss: 0.4100 | Acc: 0.9182 | Val Loss: 0.4026 | Val Acc: 0.9195 | Grad Norm: 2.8970 | Noise: 53.4790 | SNR: 0.0542 | ε: 0.09 (δ=7.7e-08) | Time: 48.83s
2025-04-18 01:35:44,984 - INFO - P2 (Round 4) - Epoch 7/10 | Loss: 0.4067 | Acc: 0.9208 | Val Loss: 0.3941 | Val Acc: 0.9238 | Grad Norm: 3.0420 | Noise: 53.4790 | SNR: 0.0569 | ε: 0.09 (δ=7.7e-08) | Time: 49.87s
2025-04-18 01:36:34,346 - INFO - P2 (Round 4) - Epoch 8/10 | Loss: 0.4061 | Acc: 0.9230 | Val Loss: 0.3960 | Val Acc: 0.9265 | Grad Norm: 3.0759 | Noise: 53.4790 | SNR: 0.0575 | ε: 0.10 (δ=7.7e-08) | Time: 49.24s
2025-04-18 01:37:23,529 - INFO - P2 (Round 4) - Epoch 9/10 | Loss: 0.4096 | Acc: 0.9250 | Val Loss: 0.3933 | Val Acc: 0.9254 | Grad Norm: 3.1092 | Noise: 53.4790 | SNR: 0.0581 | ε: 0.10 (δ=7.7e-08) | Time: 49.05s
2025-04-18 01:38:12,559 - INFO - P2 (Round 4) - Epoch 10/10 | Loss: 0.3970 | Acc: 0.9256 | Val Loss: 0.4048 | Val Acc: 0.9274 | Grad Norm: 3.1831 | Noise: 53.4790 | SNR: 0.0595 | ε: 0.11 (δ=7.7e-08) | Time: 48.89s
2025-04-18 01:38:12,559 - INFO - P2 (Round 4) - Final Privacy Budget: ε = 0.1094 (δ=7.7e-08)
2025-04-18 01:38:12,560 - INFO - P1 privacy budget: round ε = 0.2682, cumulative ε = 1.0729
2025-04-18 01:38:12,560 - INFO - P2 privacy budget: round ε = 0.1094, cumulative ε = 0.4376
2025-04-18 01:38:12,560 - INFO - Using secure aggregation with weights: P1=0.6667, P2=0.3333
2025-04-18 01:38:14,730 - INFO - Round 4/10 completed in 1010.29s
2025-04-18 01:38:14,730 - INFO - Global Model - P1 Test: Loss = 1.7533, Accuracy = 0.8122
2025-04-18 01:38:14,730 - INFO - Global Model - P2 Test: Loss = 16.3530, Accuracy = 0.1540
2025-04-18 01:38:14,730 - INFO - P1 Privacy Budget: ε = 0.27
2025-04-18 01:38:14,730 - INFO - P2 Privacy Budget: ε = 0.11
2025-04-18 01:38:14,730 - INFO - Starting Round 5/10
2025-04-18 01:38:14,731 - INFO - Training client P1 (Round 5) with noise_multiplier=1.0
2025-04-18 01:38:14,731 - INFO - P1 (Round 5) - DP setup: noise=1.0, max_grad_norm=1.0
2025-04-18 01:39:05,515 - INFO - P1 (Round 5) - Epoch 1/10 | Loss: 0.0667 | Acc: 0.9904 | Val Loss: 0.0540 | Val Acc: 0.9924 | Grad Norm: 0.6152 | Noise: 26.7395 | SNR: 0.0230 | ε: 0.09 (δ=7.5e-08) | Time: 50.72s
2025-04-18 01:39:55,636 - INFO - P1 (Round 5) - Epoch 2/10 | Loss: 0.0540 | Acc: 0.9923 | Val Loss: 0.0528 | Val Acc: 0.9922 | Grad Norm: 0.5557 | Noise: 26.7395 | SNR: 0.0208 | ε: 0.12 (δ=7.5e-08) | Time: 50.02s
2025-04-18 01:40:45,706 - INFO - P1 (Round 5) - Epoch 3/10 | Loss: 0.0528 | Acc: 0.9926 | Val Loss: 0.0525 | Val Acc: 0.9927 | Grad Norm: 0.5267 | Noise: 26.7395 | SNR: 0.0197 | ε: 0.15 (δ=7.5e-08) | Time: 49.95s
2025-04-18 01:41:36,559 - INFO - P1 (Round 5) - Epoch 4/10 | Loss: 0.0512 | Acc: 0.9927 | Val Loss: 0.0513 | Val Acc: 0.9927 | Grad Norm: 0.5226 | Noise: 26.7395 | SNR: 0.0195 | ε: 0.17 (δ=7.5e-08) | Time: 50.73s
2025-04-18 01:42:27,212 - INFO - P1 (Round 5) - Epoch 5/10 | Loss: 0.0515 | Acc: 0.9926 | Val Loss: 0.0517 | Val Acc: 0.9926 | Grad Norm: 0.5171 | Noise: 26.7395 | SNR: 0.0193 | ε: 0.19 (δ=7.5e-08) | Time: 50.55s
2025-04-18 01:43:17,558 - INFO - P1 (Round 5) - Epoch 6/10 | Loss: 0.0518 | Acc: 0.9928 | Val Loss: 0.0499 | Val Acc: 0.9930 | Grad Norm: 0.5394 | Noise: 26.7395 | SNR: 0.0202 | ε: 0.21 (δ=7.5e-08) | Time: 50.26s
2025-04-18 01:44:08,600 - INFO - P1 (Round 5) - Epoch 7/10 | Loss: 0.0504 | Acc: 0.9927 | Val Loss: 0.0544 | Val Acc: 0.9928 | Grad Norm: 0.5284 | Noise: 26.7395 | SNR: 0.0198 | ε: 0.22 (δ=7.5e-08) | Time: 50.86s
2025-04-18 01:44:59,590 - INFO - P1 (Round 5) - Epoch 8/10 | Loss: 0.0538 | Acc: 0.9927 | Val Loss: 0.0539 | Val Acc: 0.9926 | Grad Norm: 0.5442 | Noise: 26.7395 | SNR: 0.0204 | ε: 0.24 (δ=7.5e-08) | Time: 50.81s
2025-04-18 01:45:50,146 - INFO - P1 (Round 5) - Epoch 9/10 | Loss: 0.0544 | Acc: 0.9927 | Val Loss: 0.0539 | Val Acc: 0.9928 | Grad Norm: 0.5459 | Noise: 26.7395 | SNR: 0.0204 | ε: 0.25 (δ=7.5e-08) | Time: 50.39s
2025-04-18 01:46:41,549 - INFO - P1 (Round 5) - Epoch 10/10 | Loss: 0.0539 | Acc: 0.9927 | Val Loss: 0.0560 | Val Acc: 0.9925 | Grad Norm: 0.5380 | Noise: 26.7395 | SNR: 0.0201 | ε: 0.27 (δ=7.5e-08) | Time: 51.18s
2025-04-18 01:46:41,550 - INFO - P1 (Round 5) - Final Privacy Budget: ε = 0.2682 (δ=7.5e-08)
2025-04-18 01:46:41,550 - INFO - Training client P2 (Round 5) with noise_multiplier=2.0
2025-04-18 01:46:41,551 - INFO - P2 (Round 5) - DP setup: noise=2.0, max_grad_norm=1.0
2025-04-18 01:47:31,235 - INFO - P2 (Round 5) - Epoch 1/10 | Loss: 0.7309 | Acc: 0.8779 | Val Loss: 0.5046 | Val Acc: 0.9067 | Grad Norm: 3.6773 | Noise: 53.4790 | SNR: 0.0688 | ε: 0.04 (δ=7.7e-08) | Time: 49.65s
2025-04-18 01:48:21,714 - INFO - P2 (Round 5) - Epoch 2/10 | Loss: 0.4863 | Acc: 0.9080 | Val Loss: 0.4815 | Val Acc: 0.9112 | Grad Norm: 2.9673 | Noise: 53.4790 | SNR: 0.0555 | ε: 0.05 (δ=7.7e-08) | Time: 50.41s
2025-04-18 01:49:10,324 - INFO - P2 (Round 5) - Epoch 3/10 | Loss: 0.4731 | Acc: 0.9124 | Val Loss: 0.4538 | Val Acc: 0.9139 | Grad Norm: 3.1596 | Noise: 53.4790 | SNR: 0.0591 | ε: 0.06 (δ=7.7e-08) | Time: 48.53s
2025-04-18 01:49:59,508 - INFO - P2 (Round 5) - Epoch 4/10 | Loss: 0.4494 | Acc: 0.9142 | Val Loss: 0.4441 | Val Acc: 0.9154 | Grad Norm: 3.2371 | Noise: 53.4790 | SNR: 0.0605 | ε: 0.07 (δ=7.7e-08) | Time: 49.08s
2025-04-18 01:50:48,547 - INFO - P2 (Round 5) - Epoch 5/10 | Loss: 0.4293 | Acc: 0.9178 | Val Loss: 0.4044 | Val Acc: 0.9203 | Grad Norm: 3.3354 | Noise: 53.4790 | SNR: 0.0624 | ε: 0.08 (δ=7.7e-08) | Time: 48.94s
2025-04-18 01:51:37,343 - INFO - P2 (Round 5) - Epoch 6/10 | Loss: 0.4257 | Acc: 0.9209 | Val Loss: 0.4207 | Val Acc: 0.9209 | Grad Norm: 3.4305 | Noise: 53.4790 | SNR: 0.0641 | ε: 0.09 (δ=7.7e-08) | Time: 48.71s
2025-04-18 01:52:26,758 - INFO - P2 (Round 5) - Epoch 7/10 | Loss: 0.4238 | Acc: 0.9227 | Val Loss: 0.4247 | Val Acc: 0.9261 | Grad Norm: 3.5680 | Noise: 53.4790 | SNR: 0.0667 | ε: 0.09 (δ=7.7e-08) | Time: 49.29s
2025-04-18 01:53:16,261 - INFO - P2 (Round 5) - Epoch 8/10 | Loss: 0.4263 | Acc: 0.9257 | Val Loss: 0.4262 | Val Acc: 0.9262 | Grad Norm: 3.5446 | Noise: 53.4790 | SNR: 0.0663 | ε: 0.10 (δ=7.7e-08) | Time: 49.38s
2025-04-18 01:54:04,700 - INFO - P2 (Round 5) - Epoch 9/10 | Loss: 0.4337 | Acc: 0.9256 | Val Loss: 0.4175 | Val Acc: 0.9260 | Grad Norm: 3.6353 | Noise: 53.4790 | SNR: 0.0680 | ε: 0.10 (δ=7.7e-08) | Time: 48.30s
2025-04-18 01:54:53,958 - INFO - P2 (Round 5) - Epoch 10/10 | Loss: 0.4199 | Acc: 0.9272 | Val Loss: 0.4173 | Val Acc: 0.9304 | Grad Norm: 3.7326 | Noise: 53.4790 | SNR: 0.0698 | ε: 0.11 (δ=7.7e-08) | Time: 49.11s
2025-04-18 01:54:53,959 - INFO - P2 (Round 5) - Final Privacy Budget: ε = 0.1094 (δ=7.7e-08)
2025-04-18 01:54:53,960 - INFO - P1 privacy budget: round ε = 0.2682, cumulative ε = 1.3411
2025-04-18 01:54:53,960 - INFO - P2 privacy budget: round ε = 0.1094, cumulative ε = 0.5470
2025-04-18 01:54:53,960 - INFO - Using secure aggregation with weights: P1=0.6667, P2=0.3333
2025-04-18 01:54:56,388 - INFO - Round 5/10 completed in 1001.66s
2025-04-18 01:54:56,388 - INFO - Global Model - P1 Test: Loss = 1.4926, Accuracy = 0.7589
2025-04-18 01:54:56,388 - INFO - Global Model - P2 Test: Loss = 21.0252, Accuracy = 0.1603
2025-04-18 01:54:56,388 - INFO - P1 Privacy Budget: ε = 0.27
2025-04-18 01:54:56,389 - INFO - P2 Privacy Budget: ε = 0.11
2025-04-18 01:54:56,389 - INFO - Starting Round 6/10
2025-04-18 01:54:56,389 - INFO - Training client P1 (Round 6) with noise_multiplier=1.0
2025-04-18 01:54:56,390 - INFO - P1 (Round 6) - DP setup: noise=1.0, max_grad_norm=1.0
2025-04-18 01:55:46,798 - INFO - P1 (Round 6) - Epoch 1/10 | Loss: 0.0668 | Acc: 0.9908 | Val Loss: 0.0592 | Val Acc: 0.9927 | Grad Norm: 0.6996 | Noise: 26.7395 | SNR: 0.0262 | ε: 0.09 (δ=7.5e-08) | Time: 50.34s
2025-04-18 01:56:36,303 - INFO - P1 (Round 6) - Epoch 2/10 | Loss: 0.0609 | Acc: 0.9924 | Val Loss: 0.0581 | Val Acc: 0.9925 | Grad Norm: 0.6501 | Noise: 26.7395 | SNR: 0.0243 | ε: 0.12 (δ=7.5e-08) | Time: 49.41s
2025-04-18 01:57:27,529 - INFO - P1 (Round 6) - Epoch 3/10 | Loss: 0.0577 | Acc: 0.9926 | Val Loss: 0.0568 | Val Acc: 0.9928 | Grad Norm: 0.6269 | Noise: 26.7395 | SNR: 0.0234 | ε: 0.15 (δ=7.5e-08) | Time: 51.11s
2025-04-18 01:58:18,278 - INFO - P1 (Round 6) - Epoch 4/10 | Loss: 0.0549 | Acc: 0.9929 | Val Loss: 0.0569 | Val Acc: 0.9928 | Grad Norm: 0.6187 | Noise: 26.7395 | SNR: 0.0231 | ε: 0.17 (δ=7.5e-08) | Time: 50.63s
2025-04-18 01:59:09,099 - INFO - P1 (Round 6) - Epoch 5/10 | Loss: 0.0539 | Acc: 0.9931 | Val Loss: 0.0570 | Val Acc: 0.9928 | Grad Norm: 0.5810 | Noise: 26.7395 | SNR: 0.0217 | ε: 0.19 (δ=7.5e-08) | Time: 50.72s
2025-04-18 01:59:59,212 - INFO - P1 (Round 6) - Epoch 6/10 | Loss: 0.0539 | Acc: 0.9930 | Val Loss: 0.0547 | Val Acc: 0.9929 | Grad Norm: 0.6231 | Noise: 26.7395 | SNR: 0.0233 | ε: 0.21 (δ=7.5e-08) | Time: 50.03s
2025-04-18 02:00:50,197 - INFO - P1 (Round 6) - Epoch 7/10 | Loss: 0.0527 | Acc: 0.9932 | Val Loss: 0.0607 | Val Acc: 0.9929 | Grad Norm: 0.5938 | Noise: 26.7395 | SNR: 0.0222 | ε: 0.22 (δ=7.5e-08) | Time: 50.82s
2025-04-18 02:01:41,281 - INFO - P1 (Round 6) - Epoch 8/10 | Loss: 0.0614 | Acc: 0.9926 | Val Loss: 0.0590 | Val Acc: 0.9928 | Grad Norm: 0.6622 | Noise: 26.7395 | SNR: 0.0248 | ε: 0.24 (δ=7.5e-08) | Time: 50.91s
2025-04-18 02:02:31,691 - INFO - P1 (Round 6) - Epoch 9/10 | Loss: 0.0559 | Acc: 0.9930 | Val Loss: 0.0598 | Val Acc: 0.9927 | Grad Norm: 0.6223 | Noise: 26.7395 | SNR: 0.0233 | ε: 0.25 (δ=7.5e-08) | Time: 50.24s
2025-04-18 02:03:22,791 - INFO - P1 (Round 6) - Epoch 10/10 | Loss: 0.0574 | Acc: 0.9930 | Val Loss: 0.0607 | Val Acc: 0.9928 | Grad Norm: 0.6126 | Noise: 26.7395 | SNR: 0.0229 | ε: 0.27 (δ=7.5e-08) | Time: 50.85s
2025-04-18 02:03:22,792 - INFO - P1 (Round 6) - Final Privacy Budget: ε = 0.2682 (δ=7.5e-08)
2025-04-18 02:03:22,792 - INFO - Training client P2 (Round 6) with noise_multiplier=2.0
2025-04-18 02:03:22,793 - INFO - P2 (Round 6) - DP setup: noise=2.0, max_grad_norm=1.0
2025-04-18 02:04:12,228 - INFO - P2 (Round 6) - Epoch 1/10 | Loss: 0.8897 | Acc: 0.8784 | Val Loss: 0.5434 | Val Acc: 0.9067 | Grad Norm: 4.4984 | Noise: 53.4790 | SNR: 0.0841 | ε: 0.04 (δ=7.7e-08) | Time: 49.40s
2025-04-18 02:05:00,932 - INFO - P2 (Round 6) - Epoch 2/10 | Loss: 0.5126 | Acc: 0.9096 | Val Loss: 0.4856 | Val Acc: 0.9152 | Grad Norm: 3.6780 | Noise: 53.4790 | SNR: 0.0688 | ε: 0.05 (δ=7.7e-08) | Time: 48.64s
2025-04-18 02:05:50,259 - INFO - P2 (Round 6) - Epoch 3/10 | Loss: 0.4890 | Acc: 0.9154 | Val Loss: 0.4599 | Val Acc: 0.9181 | Grad Norm: 3.7503 | Noise: 53.4790 | SNR: 0.0701 | ε: 0.06 (δ=7.7e-08) | Time: 49.24s
2025-04-18 02:06:39,487 - INFO - P2 (Round 6) - Epoch 4/10 | Loss: 0.4615 | Acc: 0.9180 | Val Loss: 0.4505 | Val Acc: 0.9199 | Grad Norm: 3.7390 | Noise: 53.4790 | SNR: 0.0699 | ε: 0.07 (δ=7.7e-08) | Time: 49.14s
2025-04-18 02:07:28,360 - INFO - P2 (Round 6) - Epoch 5/10 | Loss: 0.4411 | Acc: 0.9227 | Val Loss: 0.4432 | Val Acc: 0.9221 | Grad Norm: 3.8249 | Noise: 53.4790 | SNR: 0.0715 | ε: 0.08 (δ=7.7e-08) | Time: 48.77s
2025-04-18 02:08:17,809 - INFO - P2 (Round 6) - Epoch 6/10 | Loss: 0.4459 | Acc: 0.9243 | Val Loss: 0.4253 | Val Acc: 0.9250 | Grad Norm: 3.9774 | Noise: 53.4790 | SNR: 0.0744 | ε: 0.09 (δ=7.7e-08) | Time: 49.37s
2025-04-18 02:09:07,306 - INFO - P2 (Round 6) - Epoch 7/10 | Loss: 0.4409 | Acc: 0.9267 | Val Loss: 0.4306 | Val Acc: 0.9297 | Grad Norm: 3.9619 | Noise: 53.4790 | SNR: 0.0741 | ε: 0.09 (δ=7.7e-08) | Time: 49.37s
2025-04-18 02:09:56,473 - INFO - P2 (Round 6) - Epoch 8/10 | Loss: 0.4424 | Acc: 0.9283 | Val Loss: 0.4335 | Val Acc: 0.9280 | Grad Norm: 3.9131 | Noise: 53.4790 | SNR: 0.0732 | ε: 0.10 (δ=7.7e-08) | Time: 49.04s
2025-04-18 02:10:45,463 - INFO - P2 (Round 6) - Epoch 9/10 | Loss: 0.4478 | Acc: 0.9282 | Val Loss: 0.4312 | Val Acc: 0.9291 | Grad Norm: 4.0485 | Noise: 53.4790 | SNR: 0.0757 | ε: 0.10 (δ=7.7e-08) | Time: 48.85s
2025-04-18 02:11:34,539 - INFO - P2 (Round 6) - Epoch 10/10 | Loss: 0.4353 | Acc: 0.9300 | Val Loss: 0.4273 | Val Acc: 0.9318 | Grad Norm: 3.9884 | Noise: 53.4790 | SNR: 0.0746 | ε: 0.11 (δ=7.7e-08) | Time: 48.93s
2025-04-18 02:11:34,540 - INFO - P2 (Round 6) - Final Privacy Budget: ε = 0.1094 (δ=7.7e-08)
2025-04-18 02:11:34,541 - INFO - P1 privacy budget: round ε = 0.2682, cumulative ε = 1.6093
2025-04-18 02:11:34,541 - INFO - P2 privacy budget: round ε = 0.1094, cumulative ε = 0.6564
2025-04-18 02:11:34,541 - INFO - Using secure aggregation with weights: P1=0.6667, P2=0.3333
2025-04-18 02:11:36,727 - INFO - Round 6/10 completed in 1000.34s
2025-04-18 02:11:36,727 - INFO - Global Model - P1 Test: Loss = 1.4852, Accuracy = 0.7972
2025-04-18 02:11:36,727 - INFO - Global Model - P2 Test: Loss = 26.8737, Accuracy = 0.1664
2025-04-18 02:11:36,727 - INFO - P1 Privacy Budget: ε = 0.27
2025-04-18 02:11:36,727 - INFO - P2 Privacy Budget: ε = 0.11
2025-04-18 02:11:36,727 - INFO - Starting Round 7/10
2025-04-18 02:11:36,728 - INFO - Training client P1 (Round 7) with noise_multiplier=1.0
2025-04-18 02:11:36,728 - INFO - P1 (Round 7) - DP setup: noise=1.0, max_grad_norm=1.0
2025-04-18 02:12:27,690 - INFO - P1 (Round 7) - Epoch 1/10 | Loss: 0.0737 | Acc: 0.9911 | Val Loss: 0.0619 | Val Acc: 0.9928 | Grad Norm: 0.7899 | Noise: 26.7395 | SNR: 0.0295 | ε: 0.09 (δ=7.5e-08) | Time: 50.90s
2025-04-18 02:13:19,709 - INFO - P1 (Round 7) - Epoch 2/10 | Loss: 0.0658 | Acc: 0.9926 | Val Loss: 0.0655 | Val Acc: 0.9925 | Grad Norm: 0.7577 | Noise: 26.7395 | SNR: 0.0283 | ε: 0.12 (δ=7.5e-08) | Time: 51.92s
2025-04-18 02:14:11,295 - INFO - P1 (Round 7) - Epoch 3/10 | Loss: 0.0637 | Acc: 0.9930 | Val Loss: 0.0607 | Val Acc: 0.9931 | Grad Norm: 0.7253 | Noise: 26.7395 | SNR: 0.0271 | ε: 0.15 (δ=7.5e-08) | Time: 51.47s
2025-04-18 02:15:01,911 - INFO - P1 (Round 7) - Epoch 4/10 | Loss: 0.0608 | Acc: 0.9932 | Val Loss: 0.0647 | Val Acc: 0.9931 | Grad Norm: 0.7017 | Noise: 26.7395 | SNR: 0.0262 | ε: 0.17 (δ=7.5e-08) | Time: 50.49s
2025-04-18 02:15:52,052 - INFO - P1 (Round 7) - Epoch 5/10 | Loss: 0.0615 | Acc: 0.9934 | Val Loss: 0.0618 | Val Acc: 0.9930 | Grad Norm: 0.6728 | Noise: 26.7395 | SNR: 0.0252 | ε: 0.19 (δ=7.5e-08) | Time: 50.04s
2025-04-18 02:16:42,803 - INFO - P1 (Round 7) - Epoch 6/10 | Loss: 0.0618 | Acc: 0.9932 | Val Loss: 0.0588 | Val Acc: 0.9932 | Grad Norm: 0.7235 | Noise: 26.7395 | SNR: 0.0271 | ε: 0.21 (δ=7.5e-08) | Time: 50.66s
2025-04-18 02:17:34,275 - INFO - P1 (Round 7) - Epoch 7/10 | Loss: 0.0602 | Acc: 0.9933 | Val Loss: 0.0666 | Val Acc: 0.9931 | Grad Norm: 0.7272 | Noise: 26.7395 | SNR: 0.0272 | ε: 0.22 (δ=7.5e-08) | Time: 51.30s
2025-04-18 02:18:25,802 - INFO - P1 (Round 7) - Epoch 8/10 | Loss: 0.0615 | Acc: 0.9930 | Val Loss: 0.0651 | Val Acc: 0.9931 | Grad Norm: 0.7312 | Noise: 26.7395 | SNR: 0.0273 | ε: 0.24 (δ=7.5e-08) | Time: 51.35s
2025-04-18 02:19:16,459 - INFO - P1 (Round 7) - Epoch 9/10 | Loss: 0.0596 | Acc: 0.9932 | Val Loss: 0.0650 | Val Acc: 0.9929 | Grad Norm: 0.7075 | Noise: 26.7395 | SNR: 0.0265 | ε: 0.25 (δ=7.5e-08) | Time: 50.48s
2025-04-18 02:20:08,134 - INFO - P1 (Round 7) - Epoch 10/10 | Loss: 0.0605 | Acc: 0.9932 | Val Loss: 0.0665 | Val Acc: 0.9930 | Grad Norm: 0.6946 | Noise: 26.7395 | SNR: 0.0260 | ε: 0.27 (δ=7.5e-08) | Time: 51.45s
2025-04-18 02:20:08,135 - INFO - P1 (Round 7) - Final Privacy Budget: ε = 0.2682 (δ=7.5e-08)
2025-04-18 02:20:08,135 - INFO - Training client P2 (Round 7) with noise_multiplier=2.0
2025-04-18 02:20:08,135 - INFO - P2 (Round 7) - DP setup: noise=2.0, max_grad_norm=1.0
2025-04-18 02:20:57,851 - INFO - P2 (Round 7) - Epoch 1/10 | Loss: 1.0946 | Acc: 0.8765 | Val Loss: 0.6259 | Val Acc: 0.9047 | Grad Norm: 5.2331 | Noise: 53.4790 | SNR: 0.0979 | ε: 0.04 (δ=7.7e-08) | Time: 49.68s
2025-04-18 02:21:47,010 - INFO - P2 (Round 7) - Epoch 2/10 | Loss: 0.5614 | Acc: 0.9094 | Val Loss: 0.5447 | Val Acc: 0.9111 | Grad Norm: 4.2650 | Noise: 53.4790 | SNR: 0.0798 | ε: 0.05 (δ=7.7e-08) | Time: 49.09s
2025-04-18 02:22:36,559 - INFO - P2 (Round 7) - Epoch 3/10 | Loss: 0.5220 | Acc: 0.9156 | Val Loss: 0.4839 | Val Acc: 0.9191 | Grad Norm: 4.2809 | Noise: 53.4790 | SNR: 0.0800 | ε: 0.06 (δ=7.7e-08) | Time: 49.46s
2025-04-18 02:23:25,992 - INFO - P2 (Round 7) - Epoch 4/10 | Loss: 0.4954 | Acc: 0.9191 | Val Loss: 0.4777 | Val Acc: 0.9220 | Grad Norm: 4.1876 | Noise: 53.4790 | SNR: 0.0783 | ε: 0.07 (δ=7.7e-08) | Time: 49.34s
2025-04-18 02:24:14,899 - INFO - P2 (Round 7) - Epoch 5/10 | Loss: 0.4760 | Acc: 0.9240 | Val Loss: 0.4590 | Val Acc: 0.9264 | Grad Norm: 4.2749 | Noise: 53.4790 | SNR: 0.0799 | ε: 0.08 (δ=7.7e-08) | Time: 48.80s
2025-04-18 02:25:04,976 - INFO - P2 (Round 7) - Epoch 6/10 | Loss: 0.4607 | Acc: 0.9266 | Val Loss: 0.4277 | Val Acc: 0.9285 | Grad Norm: 4.3815 | Noise: 53.4790 | SNR: 0.0819 | ε: 0.09 (δ=7.7e-08) | Time: 50.00s
2025-04-18 02:25:54,464 - INFO - P2 (Round 7) - Epoch 7/10 | Loss: 0.4515 | Acc: 0.9288 | Val Loss: 0.4573 | Val Acc: 0.9302 | Grad Norm: 4.3896 | Noise: 53.4790 | SNR: 0.0821 | ε: 0.09 (δ=7.7e-08) | Time: 49.36s
2025-04-18 02:26:45,940 - INFO - P2 (Round 7) - Epoch 8/10 | Loss: 0.4561 | Acc: 0.9301 | Val Loss: 0.4473 | Val Acc: 0.9310 | Grad Norm: 4.3524 | Noise: 53.4790 | SNR: 0.0814 | ε: 0.10 (δ=7.7e-08) | Time: 51.33s
2025-04-18 02:27:36,886 - INFO - P2 (Round 7) - Epoch 9/10 | Loss: 0.4614 | Acc: 0.9308 | Val Loss: 0.4478 | Val Acc: 0.9319 | Grad Norm: 4.5251 | Noise: 53.4790 | SNR: 0.0846 | ε: 0.10 (δ=7.7e-08) | Time: 50.81s
2025-04-18 02:28:26,650 - INFO - P2 (Round 7) - Epoch 10/10 | Loss: 0.4493 | Acc: 0.9314 | Val Loss: 0.4639 | Val Acc: 0.9318 | Grad Norm: 4.5212 | Noise: 53.4790 | SNR: 0.0845 | ε: 0.11 (δ=7.7e-08) | Time: 49.62s
2025-04-18 02:28:26,650 - INFO - P2 (Round 7) - Final Privacy Budget: ε = 0.1094 (δ=7.7e-08)
2025-04-18 02:28:26,651 - INFO - P1 privacy budget: round ε = 0.2682, cumulative ε = 1.8775
2025-04-18 02:28:26,651 - INFO - P2 privacy budget: round ε = 0.1094, cumulative ε = 0.7658
2025-04-18 02:28:26,651 - INFO - Using secure aggregation with weights: P1=0.6667, P2=0.3333
2025-04-18 02:28:28,969 - INFO - Round 7/10 completed in 1012.24s
2025-04-18 02:28:28,969 - INFO - Global Model - P1 Test: Loss = 1.5978, Accuracy = 0.7950
2025-04-18 02:28:28,969 - INFO - Global Model - P2 Test: Loss = 31.7797, Accuracy = 0.1967
2025-04-18 02:28:28,969 - INFO - P1 Privacy Budget: ε = 0.27
2025-04-18 02:28:28,969 - INFO - P2 Privacy Budget: ε = 0.11
2025-04-18 02:28:28,969 - INFO - Starting Round 8/10
2025-04-18 02:28:28,971 - INFO - Training client P1 (Round 8) with noise_multiplier=1.0
2025-04-18 02:28:28,971 - INFO - P1 (Round 8) - DP setup: noise=1.0, max_grad_norm=1.0
2025-04-18 02:29:19,583 - INFO - P1 (Round 8) - Epoch 1/10 | Loss: 0.0835 | Acc: 0.9911 | Val Loss: 0.0696 | Val Acc: 0.9930 | Grad Norm: 0.9129 | Noise: 26.7395 | SNR: 0.0341 | ε: 0.09 (δ=7.5e-08) | Time: 50.54s
2025-04-18 02:30:09,292 - INFO - P1 (Round 8) - Epoch 2/10 | Loss: 0.0737 | Acc: 0.9926 | Val Loss: 0.0735 | Val Acc: 0.9927 | Grad Norm: 0.8456 | Noise: 26.7395 | SNR: 0.0316 | ε: 0.12 (δ=7.5e-08) | Time: 49.61s
2025-04-18 02:31:00,054 - INFO - P1 (Round 8) - Epoch 3/10 | Loss: 0.0682 | Acc: 0.9930 | Val Loss: 0.0656 | Val Acc: 0.9933 | Grad Norm: 0.8374 | Noise: 26.7395 | SNR: 0.0313 | ε: 0.15 (δ=7.5e-08) | Time: 50.65s
2025-04-18 02:31:50,628 - INFO - P1 (Round 8) - Epoch 4/10 | Loss: 0.0638 | Acc: 0.9934 | Val Loss: 0.0719 | Val Acc: 0.9931 | Grad Norm: 0.7800 | Noise: 26.7395 | SNR: 0.0292 | ε: 0.17 (δ=7.5e-08) | Time: 50.44s
2025-04-18 02:32:41,112 - INFO - P1 (Round 8) - Epoch 5/10 | Loss: 0.0643 | Acc: 0.9935 | Val Loss: 0.0691 | Val Acc: 0.9931 | Grad Norm: 0.7469 | Noise: 26.7395 | SNR: 0.0279 | ε: 0.19 (δ=7.5e-08) | Time: 50.38s
2025-04-18 02:33:33,197 - INFO - P1 (Round 8) - Epoch 6/10 | Loss: 0.0711 | Acc: 0.9932 | Val Loss: 0.0677 | Val Acc: 0.9931 | Grad Norm: 0.8495 | Noise: 26.7395 | SNR: 0.0318 | ε: 0.21 (δ=7.5e-08) | Time: 51.99s
2025-04-18 02:34:25,524 - INFO - P1 (Round 8) - Epoch 7/10 | Loss: 0.0695 | Acc: 0.9932 | Val Loss: 0.0751 | Val Acc: 0.9932 | Grad Norm: 0.8269 | Noise: 26.7395 | SNR: 0.0309 | ε: 0.22 (δ=7.5e-08) | Time: 52.16s
2025-04-18 02:35:16,749 - INFO - P1 (Round 8) - Epoch 8/10 | Loss: 0.0685 | Acc: 0.9932 | Val Loss: 0.0712 | Val Acc: 0.9933 | Grad Norm: 0.8350 | Noise: 26.7395 | SNR: 0.0312 | ε: 0.24 (δ=7.5e-08) | Time: 51.04s
2025-04-18 02:36:07,192 - INFO - P1 (Round 8) - Epoch 9/10 | Loss: 0.0685 | Acc: 0.9931 | Val Loss: 0.0748 | Val Acc: 0.9929 | Grad Norm: 0.8166 | Noise: 26.7395 | SNR: 0.0305 | ε: 0.25 (δ=7.5e-08) | Time: 50.27s
2025-04-18 02:36:58,384 - INFO - P1 (Round 8) - Epoch 10/10 | Loss: 0.0730 | Acc: 0.9932 | Val Loss: 0.0733 | Val Acc: 0.9931 | Grad Norm: 0.8059 | Noise: 26.7395 | SNR: 0.0301 | ε: 0.27 (δ=7.5e-08) | Time: 50.98s
2025-04-18 02:36:58,385 - INFO - P1 (Round 8) - Final Privacy Budget: ε = 0.2682 (δ=7.5e-08)
2025-04-18 02:36:58,385 - INFO - Training client P2 (Round 8) with noise_multiplier=2.0
2025-04-18 02:36:58,385 - INFO - P2 (Round 8) - DP setup: noise=2.0, max_grad_norm=1.0
2025-04-18 02:37:48,602 - INFO - P2 (Round 8) - Epoch 1/10 | Loss: 1.3268 | Acc: 0.8731 | Val Loss: 0.7397 | Val Acc: 0.9039 | Grad Norm: 6.0469 | Noise: 53.4790 | SNR: 0.1131 | ε: 0.04 (δ=7.7e-08) | Time: 50.18s
2025-04-18 02:38:37,646 - INFO - P2 (Round 8) - Epoch 2/10 | Loss: 0.6583 | Acc: 0.9075 | Val Loss: 0.5884 | Val Acc: 0.9121 | Grad Norm: 4.6627 | Noise: 53.4790 | SNR: 0.0872 | ε: 0.05 (δ=7.7e-08) | Time: 48.97s
2025-04-18 02:39:27,036 - INFO - P2 (Round 8) - Epoch 3/10 | Loss: 0.5592 | Acc: 0.9159 | Val Loss: 0.5234 | Val Acc: 0.9193 | Grad Norm: 4.7251 | Noise: 53.4790 | SNR: 0.0884 | ε: 0.06 (δ=7.7e-08) | Time: 49.30s
2025-04-18 02:40:16,487 - INFO - P2 (Round 8) - Epoch 4/10 | Loss: 0.4716 | Acc: 0.9289 | Val Loss: 0.4437 | Val Acc: 0.9350 | Grad Norm: 4.2514 | Noise: 53.4790 | SNR: 0.0795 | ε: 0.07 (δ=7.7e-08) | Time: 49.36s
2025-04-18 02:41:05,142 - INFO - P2 (Round 8) - Epoch 5/10 | Loss: 0.4264 | Acc: 0.9368 | Val Loss: 0.4044 | Val Acc: 0.9401 | Grad Norm: 3.9549 | Noise: 53.4790 | SNR: 0.0740 | ε: 0.08 (δ=7.7e-08) | Time: 48.55s
2025-04-18 02:41:54,257 - INFO - P2 (Round 8) - Epoch 6/10 | Loss: 0.4048 | Acc: 0.9396 | Val Loss: 0.3789 | Val Acc: 0.9424 | Grad Norm: 3.9203 | Noise: 53.4790 | SNR: 0.0733 | ε: 0.09 (δ=7.7e-08) | Time: 49.03s
2025-04-18 02:42:43,599 - INFO - P2 (Round 8) - Epoch 7/10 | Loss: 0.3856 | Acc: 0.9438 | Val Loss: 0.3843 | Val Acc: 0.9454 | Grad Norm: 3.7801 | Noise: 53.4790 | SNR: 0.0707 | ε: 0.09 (δ=7.7e-08) | Time: 49.22s
2025-04-18 02:43:32,222 - INFO - P2 (Round 8) - Epoch 8/10 | Loss: 0.3751 | Acc: 0.9463 | Val Loss: 0.3638 | Val Acc: 0.9493 | Grad Norm: 3.6672 | Noise: 53.4790 | SNR: 0.0686 | ε: 0.10 (δ=7.7e-08) | Time: 48.49s
2025-04-18 02:44:22,092 - INFO - P2 (Round 8) - Epoch 9/10 | Loss: 0.3657 | Acc: 0.9487 | Val Loss: 0.3545 | Val Acc: 0.9494 | Grad Norm: 3.6348 | Noise: 53.4790 | SNR: 0.0680 | ε: 0.10 (δ=7.7e-08) | Time: 49.73s
2025-04-18 02:45:11,607 - INFO - P2 (Round 8) - Epoch 10/10 | Loss: 0.3540 | Acc: 0.9495 | Val Loss: 0.3673 | Val Acc: 0.9496 | Grad Norm: 3.5570 | Noise: 53.4790 | SNR: 0.0665 | ε: 0.11 (δ=7.7e-08) | Time: 49.37s
2025-04-18 02:45:11,608 - INFO - P2 (Round 8) - Final Privacy Budget: ε = 0.1094 (δ=7.7e-08)
2025-04-18 02:45:11,608 - INFO - P1 privacy budget: round ε = 0.2682, cumulative ε = 2.1457
2025-04-18 02:45:11,608 - INFO - P2 privacy budget: round ε = 0.1094, cumulative ε = 0.8752
2025-04-18 02:45:11,608 - INFO - Using secure aggregation with weights: P1=0.6667, P2=0.3333
2025-04-18 02:45:13,919 - INFO - Round 8/10 completed in 1004.95s
2025-04-18 02:45:13,920 - INFO - Global Model - P1 Test: Loss = 1.5503, Accuracy = 0.8620
2025-04-18 02:45:13,920 - INFO - Global Model - P2 Test: Loss = 36.4660, Accuracy = 0.1987
2025-04-18 02:45:13,920 - INFO - P1 Privacy Budget: ε = 0.27
2025-04-18 02:45:13,920 - INFO - P2 Privacy Budget: ε = 0.11
2025-04-18 02:45:13,920 - INFO - Starting Round 9/10
2025-04-18 02:45:13,921 - INFO - Training client P1 (Round 9) with noise_multiplier=1.0
2025-04-18 02:45:13,921 - INFO - P1 (Round 9) - DP setup: noise=1.0, max_grad_norm=1.0
2025-04-18 02:46:04,342 - INFO - P1 (Round 9) - Epoch 1/10 | Loss: 0.0902 | Acc: 0.9912 | Val Loss: 0.0773 | Val Acc: 0.9930 | Grad Norm: 1.0535 | Noise: 26.7395 | SNR: 0.0394 | ε: 0.09 (δ=7.5e-08) | Time: 50.35s
2025-04-18 02:46:54,055 - INFO - P1 (Round 9) - Epoch 2/10 | Loss: 0.0721 | Acc: 0.9928 | Val Loss: 0.0748 | Val Acc: 0.9929 | Grad Norm: 0.9589 | Noise: 26.7395 | SNR: 0.0359 | ε: 0.12 (δ=7.5e-08) | Time: 49.62s
2025-04-18 02:47:44,593 - INFO - P1 (Round 9) - Epoch 3/10 | Loss: 0.0757 | Acc: 0.9931 | Val Loss: 0.0756 | Val Acc: 0.9932 | Grad Norm: 0.8891 | Noise: 26.7395 | SNR: 0.0332 | ε: 0.15 (δ=7.5e-08) | Time: 50.42s
2025-04-18 02:48:35,712 - INFO - P1 (Round 9) - Epoch 4/10 | Loss: 0.0722 | Acc: 0.9932 | Val Loss: 0.0795 | Val Acc: 0.9931 | Grad Norm: 0.9014 | Noise: 26.7395 | SNR: 0.0337 | ε: 0.17 (δ=7.5e-08) | Time: 51.00s
2025-04-18 02:49:26,109 - INFO - P1 (Round 9) - Epoch 5/10 | Loss: 0.0757 | Acc: 0.9932 | Val Loss: 0.0783 | Val Acc: 0.9930 | Grad Norm: 0.8862 | Noise: 26.7395 | SNR: 0.0331 | ε: 0.19 (δ=7.5e-08) | Time: 50.30s
2025-04-18 02:50:17,139 - INFO - P1 (Round 9) - Epoch 6/10 | Loss: 0.0773 | Acc: 0.9930 | Val Loss: 0.0736 | Val Acc: 0.9932 | Grad Norm: 0.9649 | Noise: 26.7395 | SNR: 0.0361 | ε: 0.21 (δ=7.5e-08) | Time: 50.91s
2025-04-18 02:51:08,314 - INFO - P1 (Round 9) - Epoch 7/10 | Loss: 0.0721 | Acc: 0.9930 | Val Loss: 0.0843 | Val Acc: 0.9931 | Grad Norm: 0.9222 | Noise: 26.7395 | SNR: 0.0345 | ε: 0.22 (δ=7.5e-08) | Time: 51.00s
2025-04-18 02:51:58,546 - INFO - P1 (Round 9) - Epoch 8/10 | Loss: 0.0741 | Acc: 0.9930 | Val Loss: 0.0823 | Val Acc: 0.9930 | Grad Norm: 0.9645 | Noise: 26.7395 | SNR: 0.0361 | ε: 0.24 (δ=7.5e-08) | Time: 50.06s
2025-04-18 02:52:49,909 - INFO - P1 (Round 9) - Epoch 9/10 | Loss: 0.0781 | Acc: 0.9931 | Val Loss: 0.0864 | Val Acc: 0.9929 | Grad Norm: 0.9315 | Noise: 26.7395 | SNR: 0.0348 | ε: 0.25 (δ=7.5e-08) | Time: 51.19s
2025-04-18 02:53:41,144 - INFO - P1 (Round 9) - Epoch 10/10 | Loss: 0.0873 | Acc: 0.9930 | Val Loss: 0.0840 | Val Acc: 0.9931 | Grad Norm: 0.9426 | Noise: 26.7395 | SNR: 0.0353 | ε: 0.27 (δ=7.5e-08) | Time: 51.03s
2025-04-18 02:53:41,144 - INFO - P1 (Round 9) - Final Privacy Budget: ε = 0.2682 (δ=7.5e-08)
2025-04-18 02:53:41,145 - INFO - Training client P2 (Round 9) with noise_multiplier=2.0
2025-04-18 02:53:41,145 - INFO - P2 (Round 9) - DP setup: noise=2.0, max_grad_norm=1.0
2025-04-18 02:54:31,930 - INFO - P2 (Round 9) - Epoch 1/10 | Loss: 1.4902 | Acc: 0.8712 | Val Loss: 0.7317 | Val Acc: 0.9029 | Grad Norm: 7.0807 | Noise: 53.4790 | SNR: 0.1324 | ε: 0.04 (δ=7.7e-08) | Time: 50.75s
2025-04-18 02:55:19,289 - INFO - P2 (Round 9) - Epoch 2/10 | Loss: 0.6776 | Acc: 0.9074 | Val Loss: 0.6407 | Val Acc: 0.9108 | Grad Norm: 5.4498 | Noise: 53.4790 | SNR: 0.1019 | ε: 0.05 (δ=7.7e-08) | Time: 47.29s
2025-04-18 02:56:06,400 - INFO - P2 (Round 9) - Epoch 3/10 | Loss: 0.5954 | Acc: 0.9178 | Val Loss: 0.5541 | Val Acc: 0.9250 | Grad Norm: 5.2797 | Noise: 53.4790 | SNR: 0.0987 | ε: 0.06 (δ=7.7e-08) | Time: 47.01s
2025-04-18 02:56:53,224 - INFO - P2 (Round 9) - Epoch 4/10 | Loss: 0.4918 | Acc: 0.9329 | Val Loss: 0.4714 | Val Acc: 0.9398 | Grad Norm: 4.5880 | Noise: 53.4790 | SNR: 0.0858 | ε: 0.07 (δ=7.7e-08) | Time: 46.73s
2025-04-18 02:57:42,092 - INFO - P2 (Round 9) - Epoch 5/10 | Loss: 0.4518 | Acc: 0.9403 | Val Loss: 0.4251 | Val Acc: 0.9426 | Grad Norm: 4.3777 | Noise: 53.4790 | SNR: 0.0819 | ε: 0.08 (δ=7.7e-08) | Time: 48.77s
2025-04-18 02:58:31,823 - INFO - P2 (Round 9) - Epoch 6/10 | Loss: 0.4306 | Acc: 0.9435 | Val Loss: 0.4025 | Val Acc: 0.9457 | Grad Norm: 4.2709 | Noise: 53.4790 | SNR: 0.0799 | ε: 0.09 (δ=7.7e-08) | Time: 49.65s
2025-04-18 02:59:21,798 - INFO - P2 (Round 9) - Epoch 7/10 | Loss: 0.4135 | Acc: 0.9462 | Val Loss: 0.4103 | Val Acc: 0.9477 | Grad Norm: 4.1466 | Noise: 53.4790 | SNR: 0.0775 | ε: 0.09 (δ=7.7e-08) | Time: 49.86s
2025-04-18 03:00:11,177 - INFO - P2 (Round 9) - Epoch 8/10 | Loss: 0.4068 | Acc: 0.9482 | Val Loss: 0.3942 | Val Acc: 0.9505 | Grad Norm: 4.0743 | Noise: 53.4790 | SNR: 0.0762 | ε: 0.10 (δ=7.7e-08) | Time: 49.25s
2025-04-18 03:01:00,314 - INFO - P2 (Round 9) - Epoch 9/10 | Loss: 0.3981 | Acc: 0.9499 | Val Loss: 0.3836 | Val Acc: 0.9508 | Grad Norm: 3.9840 | Noise: 53.4790 | SNR: 0.0745 | ε: 0.10 (δ=7.7e-08) | Time: 49.00s
2025-04-18 03:01:49,819 - INFO - P2 (Round 9) - Epoch 10/10 | Loss: 0.3883 | Acc: 0.9506 | Val Loss: 0.3940 | Val Acc: 0.9513 | Grad Norm: 3.9601 | Noise: 53.4790 | SNR: 0.0741 | ε: 0.11 (δ=7.7e-08) | Time: 49.35s
2025-04-18 03:01:49,819 - INFO - P2 (Round 9) - Final Privacy Budget: ε = 0.1094 (δ=7.7e-08)
2025-04-18 03:01:49,820 - INFO - P1 privacy budget: round ε = 0.2682, cumulative ε = 2.4139
2025-04-18 03:01:49,820 - INFO - P2 privacy budget: round ε = 0.1094, cumulative ε = 0.9846
2025-04-18 03:01:49,820 - INFO - Using secure aggregation with weights: P1=0.6667, P2=0.3333
2025-04-18 03:01:52,052 - INFO - Round 9/10 completed in 998.13s
2025-04-18 03:01:52,052 - INFO - Global Model - P1 Test: Loss = 1.7949, Accuracy = 0.8463
2025-04-18 03:01:52,052 - INFO - Global Model - P2 Test: Loss = 46.5301, Accuracy = 0.1963
2025-04-18 03:01:52,052 - INFO - P1 Privacy Budget: ε = 0.27
2025-04-18 03:01:52,052 - INFO - P2 Privacy Budget: ε = 0.11
2025-04-18 03:01:52,052 - INFO - Starting Round 10/10
2025-04-18 03:01:52,053 - INFO - Training client P1 (Round 10) with noise_multiplier=1.0
2025-04-18 03:01:52,053 - INFO - P1 (Round 10) - DP setup: noise=1.0, max_grad_norm=1.0
2025-04-18 03:02:41,910 - INFO - P1 (Round 10) - Epoch 1/10 | Loss: 0.1039 | Acc: 0.9910 | Val Loss: 0.0920 | Val Acc: 0.9928 | Grad Norm: 1.2229 | Noise: 26.7395 | SNR: 0.0457 | ε: 0.09 (δ=7.5e-08) | Time: 49.79s
2025-04-18 03:03:32,209 - INFO - P1 (Round 10) - Epoch 2/10 | Loss: 0.0825 | Acc: 0.9926 | Val Loss: 0.0854 | Val Acc: 0.9928 | Grad Norm: 1.0889 | Noise: 26.7395 | SNR: 0.0407 | ε: 0.12 (δ=7.5e-08) | Time: 50.20s
2025-04-18 03:04:23,193 - INFO - P1 (Round 10) - Epoch 3/10 | Loss: 0.0825 | Acc: 0.9929 | Val Loss: 0.0870 | Val Acc: 0.9932 | Grad Norm: 1.0234 | Noise: 26.7395 | SNR: 0.0383 | ε: 0.15 (δ=7.5e-08) | Time: 50.87s
2025-04-18 03:05:13,331 - INFO - P1 (Round 10) - Epoch 4/10 | Loss: 0.0819 | Acc: 0.9930 | Val Loss: 0.0916 | Val Acc: 0.9929 | Grad Norm: 1.0502 | Noise: 26.7395 | SNR: 0.0393 | ε: 0.17 (δ=7.5e-08) | Time: 50.02s
2025-04-18 03:06:01,013 - INFO - P1 (Round 10) - Epoch 5/10 | Loss: 0.0761 | Acc: 0.9932 | Val Loss: 0.0906 | Val Acc: 0.9927 | Grad Norm: 1.0081 | Noise: 26.7395 | SNR: 0.0377 | ε: 0.19 (δ=7.5e-08) | Time: 47.58s
2025-04-18 03:06:49,063 - INFO - P1 (Round 10) - Epoch 6/10 | Loss: 0.0822 | Acc: 0.9929 | Val Loss: 0.0868 | Val Acc: 0.9931 | Grad Norm: 1.1138 | Noise: 26.7395 | SNR: 0.0417 | ε: 0.21 (δ=7.5e-08) | Time: 47.96s
2025-04-18 03:07:38,862 - INFO - P1 (Round 10) - Epoch 7/10 | Loss: 0.0792 | Acc: 0.9928 | Val Loss: 0.0960 | Val Acc: 0.9930 | Grad Norm: 1.0510 | Noise: 26.7395 | SNR: 0.0393 | ε: 0.22 (δ=7.5e-08) | Time: 49.63s
2025-04-18 03:08:29,608 - INFO - P1 (Round 10) - Epoch 8/10 | Loss: 0.0858 | Acc: 0.9928 | Val Loss: 0.0942 | Val Acc: 0.9928 | Grad Norm: 1.1057 | Noise: 26.7395 | SNR: 0.0413 | ε: 0.24 (δ=7.5e-08) | Time: 50.57s
2025-04-18 03:09:20,847 - INFO - P1 (Round 10) - Epoch 9/10 | Loss: 0.0945 | Acc: 0.9929 | Val Loss: 0.1005 | Val Acc: 0.9926 | Grad Norm: 1.0790 | Noise: 26.7395 | SNR: 0.0404 | ε: 0.25 (δ=7.5e-08) | Time: 51.07s
2025-04-18 03:10:12,015 - INFO - P1 (Round 10) - Epoch 10/10 | Loss: 0.0898 | Acc: 0.9928 | Val Loss: 0.1004 | Val Acc: 0.9927 | Grad Norm: 1.0879 | Noise: 26.7395 | SNR: 0.0407 | ε: 0.27 (δ=7.5e-08) | Time: 50.94s
2025-04-18 03:10:12,016 - INFO - P1 (Round 10) - Final Privacy Budget: ε = 0.2682 (δ=7.5e-08)
2025-04-18 03:10:12,016 - INFO - Training client P2 (Round 10) with noise_multiplier=2.0
2025-04-18 03:10:12,017 - INFO - P2 (Round 10) - DP setup: noise=2.0, max_grad_norm=1.0
2025-04-18 03:11:01,230 - INFO - P2 (Round 10) - Epoch 1/10 | Loss: 1.7491 | Acc: 0.8687 | Val Loss: 0.8216 | Val Acc: 0.9002 | Grad Norm: 8.2738 | Noise: 53.4790 | SNR: 0.1547 | ε: 0.04 (δ=7.7e-08) | Time: 49.18s
2025-04-18 03:11:50,787 - INFO - P2 (Round 10) - Epoch 2/10 | Loss: 0.7460 | Acc: 0.9092 | Val Loss: 0.6719 | Val Acc: 0.9177 | Grad Norm: 6.0463 | Noise: 53.4790 | SNR: 0.1131 | ε: 0.05 (δ=7.7e-08) | Time: 49.49s
2025-04-18 03:12:41,033 - INFO - P2 (Round 10) - Epoch 3/10 | Loss: 0.6188 | Acc: 0.9236 | Val Loss: 0.5625 | Val Acc: 0.9304 | Grad Norm: 5.6152 | Noise: 53.4790 | SNR: 0.1050 | ε: 0.06 (δ=7.7e-08) | Time: 50.16s
2025-04-18 03:13:29,917 - INFO - P2 (Round 10) - Epoch 4/10 | Loss: 0.5122 | Acc: 0.9381 | Val Loss: 0.5059 | Val Acc: 0.9421 | Grad Norm: 4.8162 | Noise: 53.4790 | SNR: 0.0901 | ε: 0.07 (δ=7.7e-08) | Time: 48.79s
2025-04-18 03:14:18,807 - INFO - P2 (Round 10) - Epoch 5/10 | Loss: 0.4774 | Acc: 0.9433 | Val Loss: 0.4644 | Val Acc: 0.9461 | Grad Norm: 4.7245 | Noise: 53.4790 | SNR: 0.0883 | ε: 0.08 (δ=7.7e-08) | Time: 48.79s
2025-04-18 03:15:08,960 - INFO - P2 (Round 10) - Epoch 6/10 | Loss: 0.4694 | Acc: 0.9455 | Val Loss: 0.4365 | Val Acc: 0.9484 | Grad Norm: 4.7247 | Noise: 53.4790 | SNR: 0.0883 | ε: 0.09 (δ=7.7e-08) | Time: 50.07s
2025-04-18 03:15:55,370 - INFO - P2 (Round 10) - Epoch 7/10 | Loss: 0.4520 | Acc: 0.9487 | Val Loss: 0.4614 | Val Acc: 0.9483 | Grad Norm: 4.5710 | Noise: 53.4790 | SNR: 0.0855 | ε: 0.09 (δ=7.7e-08) | Time: 46.29s
2025-04-18 03:16:41,869 - INFO - P2 (Round 10) - Epoch 8/10 | Loss: 0.4420 | Acc: 0.9500 | Val Loss: 0.4392 | Val Acc: 0.9509 | Grad Norm: 4.5416 | Noise: 53.4790 | SNR: 0.0849 | ε: 0.10 (δ=7.7e-08) | Time: 46.37s
2025-04-18 03:17:29,316 - INFO - P2 (Round 10) - Epoch 9/10 | Loss: 0.4453 | Acc: 0.9504 | Val Loss: 0.4333 | Val Acc: 0.9514 | Grad Norm: 4.5511 | Noise: 53.4790 | SNR: 0.0851 | ε: 0.10 (δ=7.7e-08) | Time: 47.31s
2025-04-18 03:18:18,112 - INFO - P2 (Round 10) - Epoch 10/10 | Loss: 0.4383 | Acc: 0.9504 | Val Loss: 0.4501 | Val Acc: 0.9507 | Grad Norm: 4.5498 | Noise: 53.4790 | SNR: 0.0851 | ε: 0.11 (δ=7.7e-08) | Time: 48.65s
2025-04-18 03:18:18,113 - INFO - P2 (Round 10) - Final Privacy Budget: ε = 0.1094 (δ=7.7e-08)
2025-04-18 03:18:18,113 - INFO - P1 privacy budget: round ε = 0.2682, cumulative ε = 2.6821
2025-04-18 03:18:18,113 - INFO - P2 privacy budget: round ε = 0.1094, cumulative ε = 1.0940
2025-04-18 03:18:18,113 - INFO - Using secure aggregation with weights: P1=0.6667, P2=0.3333
2025-04-18 03:18:20,487 - INFO - Round 10/10 completed in 988.43s
2025-04-18 03:18:20,487 - INFO - Global Model - P1 Test: Loss = 2.1209, Accuracy = 0.8505
2025-04-18 03:18:20,487 - INFO - Global Model - P2 Test: Loss = 56.1881, Accuracy = 0.1869
2025-04-18 03:18:20,487 - INFO - P1 Privacy Budget: ε = 0.27
2025-04-18 03:18:20,487 - INFO - P2 Privacy Budget: ε = 0.11
2025-04-18 03:18:20,490 - INFO - Results saved to results/dp_experiments/results_p1_1.0_p2_2.0.json
2025-04-18 03:18:20,502 - INFO - Differential Privacy Experiment completed successfully
