2025-04-17 21:09:48,473 - INFO - Starting Differential Privacy Experiment: dp_p1nNone_p2n2.0
2025-04-17 21:09:48,473 - INFO - P1 Noise Multiplier: None, P2 Noise Multiplier: 2.0
2025-04-17 21:09:50,304 - INFO - Creating dataloaders...
2025-04-17 21:09:50,332 - INFO - Running experiment with 10 rounds, 10 epochs per client
2025-04-17 21:09:50,332 - INFO - Starting Round 1/10
2025-04-17 21:09:50,333 - INFO - Training client P1 (Round 1) with noise_multiplier=None
2025-04-17 21:10:00,749 - INFO - P1 (Round 1) - Epoch 1/10 | Loss: 0.1177 | Acc: 0.9639 | Val Loss: 0.0282 | Val Acc: 0.9925 | Grad Norm: 0.0000 | Noise: 0.0000 | SNR: inf | Time: 9.57s
2025-04-17 21:10:09,750 - INFO - P1 (Round 1) - Epoch 2/10 | Loss: 0.0232 | Acc: 0.9937 | Val Loss: 0.0205 | Val Acc: 0.9941 | Grad Norm: 0.0000 | Noise: 0.0000 | SNR: inf | Time: 9.00s
2025-04-17 21:10:18,851 - INFO - P1 (Round 1) - Epoch 3/10 | Loss: 0.0186 | Acc: 0.9947 | Val Loss: 0.0173 | Val Acc: 0.9947 | Grad Norm: 0.0000 | Noise: 0.0000 | SNR: inf | Time: 9.10s
2025-04-17 21:10:28,098 - INFO - P1 (Round 1) - Epoch 4/10 | Loss: 0.0167 | Acc: 0.9952 | Val Loss: 0.0158 | Val Acc: 0.9953 | Grad Norm: 0.0000 | Noise: 0.0000 | SNR: inf | Time: 9.25s
2025-04-17 21:10:37,017 - INFO - P1 (Round 1) - Epoch 5/10 | Loss: 0.0156 | Acc: 0.9955 | Val Loss: 0.0153 | Val Acc: 0.9960 | Grad Norm: 0.0000 | Noise: 0.0000 | SNR: inf | Time: 8.92s
2025-04-17 21:10:46,355 - INFO - P1 (Round 1) - Epoch 6/10 | Loss: 0.0148 | Acc: 0.9958 | Val Loss: 0.0144 | Val Acc: 0.9960 | Grad Norm: 0.0000 | Noise: 0.0000 | SNR: inf | Time: 9.34s
2025-04-17 21:10:55,504 - INFO - P1 (Round 1) - Epoch 7/10 | Loss: 0.0139 | Acc: 0.9962 | Val Loss: 0.0135 | Val Acc: 0.9964 | Grad Norm: 0.0000 | Noise: 0.0000 | SNR: inf | Time: 9.15s
2025-04-17 21:11:04,920 - INFO - P1 (Round 1) - Epoch 8/10 | Loss: 0.0133 | Acc: 0.9963 | Val Loss: 0.0149 | Val Acc: 0.9961 | Grad Norm: 0.0000 | Noise: 0.0000 | SNR: inf | Time: 9.42s
2025-04-17 21:11:14,127 - INFO - P1 (Round 1) - Epoch 9/10 | Loss: 0.0129 | Acc: 0.9965 | Val Loss: 0.0138 | Val Acc: 0.9962 | Grad Norm: 0.0000 | Noise: 0.0000 | SNR: inf | Time: 9.21s
2025-04-17 21:11:23,257 - INFO - P1 (Round 1) - Epoch 10/10 | Loss: 0.0126 | Acc: 0.9966 | Val Loss: 0.0125 | Val Acc: 0.9967 | Grad Norm: 0.0000 | Noise: 0.0000 | SNR: inf | Time: 9.13s
2025-04-17 21:11:23,257 - INFO - Training client P2 (Round 1) with noise_multiplier=2.0
2025-04-17 21:11:23,258 - INFO - P2 (Round 1) - DP setup: noise=2.0, max_grad_norm=1.0
2025-04-17 21:12:12,729 - INFO - P2 (Round 1) - Epoch 1/10 | Loss: 0.8115 | Acc: 0.7568 | Val Loss: 0.6019 | Val Acc: 0.8320 | Grad Norm: 2.3145 | Noise: 53.4790 | SNR: 0.0433 | ε: 0.04 (δ=7.7e-08) | Time: 49.43s
2025-04-17 21:13:01,081 - INFO - P2 (Round 1) - Epoch 2/10 | Loss: 0.5949 | Acc: 0.8374 | Val Loss: 0.5568 | Val Acc: 0.8436 | Grad Norm: 2.5255 | Noise: 53.4790 | SNR: 0.0472 | ε: 0.05 (δ=7.7e-08) | Time: 48.29s
2025-04-17 21:13:48,645 - INFO - P2 (Round 1) - Epoch 3/10 | Loss: 0.5566 | Acc: 0.8447 | Val Loss: 0.5326 | Val Acc: 0.8623 | Grad Norm: 2.3703 | Noise: 53.4790 | SNR: 0.0443 | ε: 0.06 (δ=7.7e-08) | Time: 47.48s
2025-04-17 21:14:36,346 - INFO - P2 (Round 1) - Epoch 4/10 | Loss: 0.5262 | Acc: 0.8623 | Val Loss: 0.5184 | Val Acc: 0.8694 | Grad Norm: 2.0622 | Noise: 53.4790 | SNR: 0.0386 | ε: 0.07 (δ=7.7e-08) | Time: 47.61s
2025-04-17 21:15:23,282 - INFO - P2 (Round 1) - Epoch 5/10 | Loss: 0.5049 | Acc: 0.8743 | Val Loss: 0.4921 | Val Acc: 0.8786 | Grad Norm: 1.9788 | Noise: 53.4790 | SNR: 0.0370 | ε: 0.08 (δ=7.7e-08) | Time: 46.83s
2025-04-17 21:16:10,786 - INFO - P2 (Round 1) - Epoch 6/10 | Loss: 0.4761 | Acc: 0.8818 | Val Loss: 0.4562 | Val Acc: 0.8859 | Grad Norm: 2.1843 | Noise: 53.4790 | SNR: 0.0408 | ε: 0.09 (δ=7.7e-08) | Time: 47.42s
2025-04-17 21:16:58,478 - INFO - P2 (Round 1) - Epoch 7/10 | Loss: 0.4598 | Acc: 0.8863 | Val Loss: 0.4499 | Val Acc: 0.8904 | Grad Norm: 2.5015 | Noise: 53.4790 | SNR: 0.0468 | ε: 0.09 (δ=7.7e-08) | Time: 47.57s
2025-04-17 21:17:47,532 - INFO - P2 (Round 1) - Epoch 8/10 | Loss: 0.4450 | Acc: 0.8887 | Val Loss: 0.4206 | Val Acc: 0.8951 | Grad Norm: 2.6737 | Noise: 53.4790 | SNR: 0.0500 | ε: 0.10 (δ=7.7e-08) | Time: 48.93s
2025-04-17 21:18:32,914 - INFO - P2 (Round 1) - Epoch 9/10 | Loss: 0.4434 | Acc: 0.8946 | Val Loss: 0.4349 | Val Acc: 0.9016 | Grad Norm: 2.7876 | Noise: 53.4790 | SNR: 0.0521 | ε: 0.10 (δ=7.7e-08) | Time: 45.24s
2025-04-17 21:19:17,651 - INFO - P2 (Round 1) - Epoch 10/10 | Loss: 0.4401 | Acc: 0.8992 | Val Loss: 0.4217 | Val Acc: 0.9052 | Grad Norm: 2.8476 | Noise: 53.4790 | SNR: 0.0532 | ε: 0.11 (δ=7.7e-08) | Time: 44.59s
2025-04-17 21:19:17,651 - INFO - P2 (Round 1) - Final Privacy Budget: ε = 0.1094 (δ=7.7e-08)
2025-04-17 21:19:17,651 - INFO - P2 privacy budget: round ε = 0.1094, cumulative ε = 0.1094
2025-04-17 21:19:19,561 - INFO - Round 1/10 completed in 569.23s
2025-04-17 21:19:19,561 - INFO - Global Model - P1 Test: Loss = 7.4779, Accuracy = 0.0311
2025-04-17 21:19:19,561 - INFO - Global Model - P2 Test: Loss = 3.7090, Accuracy = 0.4109
2025-04-17 21:19:19,561 - INFO - P2 Privacy Budget: ε = 0.11
2025-04-17 21:19:19,561 - INFO - Starting Round 2/10
2025-04-17 21:19:19,563 - INFO - Training client P1 (Round 2) with noise_multiplier=None
2025-04-17 21:19:27,816 - INFO - P1 (Round 2) - Epoch 1/10 | Loss: 0.0889 | Acc: 0.9798 | Val Loss: 0.0202 | Val Acc: 0.9946 | Grad Norm: 0.0000 | Noise: 0.0000 | SNR: inf | Time: 8.25s
2025-04-17 21:19:36,546 - INFO - P1 (Round 2) - Epoch 2/10 | Loss: 0.0179 | Acc: 0.9950 | Val Loss: 0.0158 | Val Acc: 0.9954 | Grad Norm: 0.0000 | Noise: 0.0000 | SNR: inf | Time: 8.73s
2025-04-17 21:19:45,531 - INFO - P1 (Round 2) - Epoch 3/10 | Loss: 0.0154 | Acc: 0.9956 | Val Loss: 0.0141 | Val Acc: 0.9961 | Grad Norm: 0.0000 | Noise: 0.0000 | SNR: inf | Time: 8.98s
2025-04-17 21:19:54,630 - INFO - P1 (Round 2) - Epoch 4/10 | Loss: 0.0144 | Acc: 0.9960 | Val Loss: 0.0146 | Val Acc: 0.9962 | Grad Norm: 0.0000 | Noise: 0.0000 | SNR: inf | Time: 9.10s
2025-04-17 21:20:03,591 - INFO - P1 (Round 2) - Epoch 5/10 | Loss: 0.0136 | Acc: 0.9962 | Val Loss: 0.0130 | Val Acc: 0.9965 | Grad Norm: 0.0000 | Noise: 0.0000 | SNR: inf | Time: 8.96s
2025-04-17 21:20:13,072 - INFO - P1 (Round 2) - Epoch 6/10 | Loss: 0.0131 | Acc: 0.9963 | Val Loss: 0.0128 | Val Acc: 0.9966 | Grad Norm: 0.0000 | Noise: 0.0000 | SNR: inf | Time: 9.48s
2025-04-17 21:20:22,443 - INFO - P1 (Round 2) - Epoch 7/10 | Loss: 0.0127 | Acc: 0.9965 | Val Loss: 0.0126 | Val Acc: 0.9968 | Grad Norm: 0.0000 | Noise: 0.0000 | SNR: inf | Time: 9.37s
2025-04-17 21:20:31,850 - INFO - P1 (Round 2) - Epoch 8/10 | Loss: 0.0123 | Acc: 0.9966 | Val Loss: 0.0125 | Val Acc: 0.9965 | Grad Norm: 0.0000 | Noise: 0.0000 | SNR: inf | Time: 9.41s
2025-04-17 21:20:41,096 - INFO - P1 (Round 2) - Epoch 9/10 | Loss: 0.0121 | Acc: 0.9967 | Val Loss: 0.0115 | Val Acc: 0.9970 | Grad Norm: 0.0000 | Noise: 0.0000 | SNR: inf | Time: 9.25s
2025-04-17 21:20:51,465 - INFO - P1 (Round 2) - Epoch 10/10 | Loss: 0.0118 | Acc: 0.9968 | Val Loss: 0.0114 | Val Acc: 0.9971 | Grad Norm: 0.0000 | Noise: 0.0000 | SNR: inf | Time: 10.37s
2025-04-17 21:20:51,465 - INFO - Training client P2 (Round 2) with noise_multiplier=2.0
2025-04-17 21:20:51,466 - INFO - P2 (Round 2) - DP setup: noise=2.0, max_grad_norm=1.0
2025-04-17 21:21:40,255 - INFO - P2 (Round 2) - Epoch 1/10 | Loss: 0.6316 | Acc: 0.8187 | Val Loss: 0.4996 | Val Acc: 0.8486 | Grad Norm: 3.3114 | Noise: 53.4790 | SNR: 0.0619 | ε: 0.04 (δ=7.7e-08) | Time: 48.75s
2025-04-17 21:22:26,949 - INFO - P2 (Round 2) - Epoch 2/10 | Loss: 0.5076 | Acc: 0.8597 | Val Loss: 0.5010 | Val Acc: 0.8751 | Grad Norm: 2.1776 | Noise: 53.4790 | SNR: 0.0407 | ε: 0.05 (δ=7.7e-08) | Time: 46.63s
2025-04-17 21:23:14,320 - INFO - P2 (Round 2) - Epoch 3/10 | Loss: 0.5117 | Acc: 0.8746 | Val Loss: 0.5050 | Val Acc: 0.8772 | Grad Norm: 2.0307 | Noise: 53.4790 | SNR: 0.0380 | ε: 0.06 (δ=7.7e-08) | Time: 47.30s
2025-04-17 21:24:01,634 - INFO - P2 (Round 2) - Epoch 4/10 | Loss: 0.4942 | Acc: 0.8798 | Val Loss: 0.4653 | Val Acc: 0.8846 | Grad Norm: 2.1129 | Noise: 53.4790 | SNR: 0.0395 | ε: 0.07 (δ=7.7e-08) | Time: 47.23s
2025-04-17 21:24:48,511 - INFO - P2 (Round 2) - Epoch 5/10 | Loss: 0.4811 | Acc: 0.8870 | Val Loss: 0.4700 | Val Acc: 0.8939 | Grad Norm: 2.1917 | Noise: 53.4790 | SNR: 0.0410 | ε: 0.08 (δ=7.7e-08) | Time: 46.78s
2025-04-17 21:25:35,901 - INFO - P2 (Round 2) - Epoch 6/10 | Loss: 0.4751 | Acc: 0.8958 | Val Loss: 0.4785 | Val Acc: 0.8984 | Grad Norm: 2.2356 | Noise: 53.4790 | SNR: 0.0418 | ε: 0.09 (δ=7.7e-08) | Time: 47.31s
2025-04-17 21:26:23,409 - INFO - P2 (Round 2) - Epoch 7/10 | Loss: 0.4840 | Acc: 0.8979 | Val Loss: 0.4694 | Val Acc: 0.9009 | Grad Norm: 2.5078 | Noise: 53.4790 | SNR: 0.0469 | ε: 0.09 (δ=7.7e-08) | Time: 47.40s
2025-04-17 21:27:17,649 - INFO - P2 (Round 2) - Epoch 8/10 | Loss: 0.4739 | Acc: 0.8990 | Val Loss: 0.4798 | Val Acc: 0.9004 | Grad Norm: 2.5150 | Noise: 53.4790 | SNR: 0.0470 | ε: 0.10 (δ=7.7e-08) | Time: 54.12s
2025-04-17 21:28:07,393 - INFO - P2 (Round 2) - Epoch 9/10 | Loss: 0.4819 | Acc: 0.9003 | Val Loss: 0.4669 | Val Acc: 0.9040 | Grad Norm: 2.6435 | Noise: 53.4790 | SNR: 0.0494 | ε: 0.10 (δ=7.7e-08) | Time: 49.61s
2025-04-17 21:28:53,647 - INFO - P2 (Round 2) - Epoch 10/10 | Loss: 0.4744 | Acc: 0.9010 | Val Loss: 0.4642 | Val Acc: 0.9042 | Grad Norm: 2.6624 | Noise: 53.4790 | SNR: 0.0498 | ε: 0.11 (δ=7.7e-08) | Time: 46.11s
2025-04-17 21:28:53,647 - INFO - P2 (Round 2) - Final Privacy Budget: ε = 0.1094 (δ=7.7e-08)
2025-04-17 21:28:53,647 - INFO - P2 privacy budget: round ε = 0.1094, cumulative ε = 0.2188
2025-04-17 21:28:55,455 - INFO - Round 2/10 completed in 575.89s
2025-04-17 21:28:55,455 - INFO - Global Model - P1 Test: Loss = 6.7315, Accuracy = 0.1258
2025-04-17 21:28:55,455 - INFO - Global Model - P2 Test: Loss = 1.8506, Accuracy = 0.6797
2025-04-17 21:28:55,455 - INFO - P2 Privacy Budget: ε = 0.11
2025-04-17 21:28:55,455 - INFO - Starting Round 3/10
2025-04-17 21:28:55,456 - INFO - Training client P1 (Round 3) with noise_multiplier=None
2025-04-17 21:29:03,797 - INFO - P1 (Round 3) - Epoch 1/10 | Loss: 0.0636 | Acc: 0.9868 | Val Loss: 0.0177 | Val Acc: 0.9950 | Grad Norm: 0.0000 | Noise: 0.0000 | SNR: inf | Time: 8.34s
2025-04-17 21:29:12,132 - INFO - P1 (Round 3) - Epoch 2/10 | Loss: 0.0157 | Acc: 0.9957 | Val Loss: 0.0145 | Val Acc: 0.9961 | Grad Norm: 0.0000 | Noise: 0.0000 | SNR: inf | Time: 8.34s
2025-04-17 21:29:21,390 - INFO - P1 (Round 3) - Epoch 3/10 | Loss: 0.0139 | Acc: 0.9962 | Val Loss: 0.0130 | Val Acc: 0.9967 | Grad Norm: 0.0000 | Noise: 0.0000 | SNR: inf | Time: 9.26s
2025-04-17 21:29:30,603 - INFO - P1 (Round 3) - Epoch 4/10 | Loss: 0.0130 | Acc: 0.9964 | Val Loss: 0.0127 | Val Acc: 0.9966 | Grad Norm: 0.0000 | Noise: 0.0000 | SNR: inf | Time: 9.21s
2025-04-17 21:29:40,119 - INFO - P1 (Round 3) - Epoch 5/10 | Loss: 0.0125 | Acc: 0.9966 | Val Loss: 0.0125 | Val Acc: 0.9967 | Grad Norm: 0.0000 | Noise: 0.0000 | SNR: inf | Time: 9.52s
2025-04-17 21:29:49,825 - INFO - P1 (Round 3) - Epoch 6/10 | Loss: 0.0121 | Acc: 0.9968 | Val Loss: 0.0119 | Val Acc: 0.9968 | Grad Norm: 0.0000 | Noise: 0.0000 | SNR: inf | Time: 9.71s
2025-04-17 21:30:00,468 - INFO - P1 (Round 3) - Epoch 7/10 | Loss: 0.0119 | Acc: 0.9968 | Val Loss: 0.0113 | Val Acc: 0.9971 | Grad Norm: 0.0000 | Noise: 0.0000 | SNR: inf | Time: 10.64s
2025-04-17 21:30:10,937 - INFO - P1 (Round 3) - Epoch 8/10 | Loss: 0.0116 | Acc: 0.9969 | Val Loss: 0.0120 | Val Acc: 0.9971 | Grad Norm: 0.0000 | Noise: 0.0000 | SNR: inf | Time: 10.47s
2025-04-17 21:30:22,415 - INFO - P1 (Round 3) - Epoch 9/10 | Loss: 0.0114 | Acc: 0.9970 | Val Loss: 0.0113 | Val Acc: 0.9971 | Grad Norm: 0.0000 | Noise: 0.0000 | SNR: inf | Time: 11.48s
2025-04-17 21:30:32,952 - INFO - P1 (Round 3) - Epoch 10/10 | Loss: 0.0113 | Acc: 0.9970 | Val Loss: 0.0118 | Val Acc: 0.9970 | Grad Norm: 0.0000 | Noise: 0.0000 | SNR: inf | Time: 10.54s
2025-04-17 21:30:32,953 - INFO - Training client P2 (Round 3) with noise_multiplier=2.0
2025-04-17 21:30:32,953 - INFO - P2 (Round 3) - DP setup: noise=2.0, max_grad_norm=1.0
2025-04-17 21:31:28,371 - INFO - P2 (Round 3) - Epoch 1/10 | Loss: 0.4746 | Acc: 0.8786 | Val Loss: 0.4611 | Val Acc: 0.8867 | Grad Norm: 2.3138 | Noise: 53.4790 | SNR: 0.0433 | ε: 0.04 (δ=7.7e-08) | Time: 55.38s
2025-04-17 21:32:24,638 - INFO - P2 (Round 3) - Epoch 2/10 | Loss: 0.4639 | Acc: 0.8904 | Val Loss: 0.4702 | Val Acc: 0.8940 | Grad Norm: 2.1993 | Noise: 53.4790 | SNR: 0.0411 | ε: 0.05 (δ=7.7e-08) | Time: 56.19s
2025-04-17 21:33:20,810 - INFO - P2 (Round 3) - Epoch 3/10 | Loss: 0.4639 | Acc: 0.8962 | Val Loss: 0.4582 | Val Acc: 0.9014 | Grad Norm: 2.4410 | Noise: 53.4790 | SNR: 0.0456 | ε: 0.06 (δ=7.7e-08) | Time: 56.10s
2025-04-17 21:34:16,668 - INFO - P2 (Round 3) - Epoch 4/10 | Loss: 0.4528 | Acc: 0.9014 | Val Loss: 0.4471 | Val Acc: 0.9044 | Grad Norm: 2.5412 | Noise: 53.4790 | SNR: 0.0475 | ε: 0.07 (δ=7.7e-08) | Time: 55.78s
2025-04-17 21:35:11,878 - INFO - P2 (Round 3) - Epoch 5/10 | Loss: 0.4485 | Acc: 0.9044 | Val Loss: 0.4501 | Val Acc: 0.9047 | Grad Norm: 2.5928 | Noise: 53.4790 | SNR: 0.0485 | ε: 0.08 (δ=7.7e-08) | Time: 55.11s
2025-04-17 21:36:07,367 - INFO - P2 (Round 3) - Epoch 6/10 | Loss: 0.4484 | Acc: 0.9069 | Val Loss: 0.4412 | Val Acc: 0.9091 | Grad Norm: 2.6046 | Noise: 53.4790 | SNR: 0.0487 | ε: 0.09 (δ=7.7e-08) | Time: 55.40s
2025-04-17 21:37:02,813 - INFO - P2 (Round 3) - Epoch 7/10 | Loss: 0.4434 | Acc: 0.9103 | Val Loss: 0.4342 | Val Acc: 0.9119 | Grad Norm: 2.6826 | Noise: 53.4790 | SNR: 0.0502 | ε: 0.09 (δ=7.7e-08) | Time: 55.34s
2025-04-17 21:37:58,271 - INFO - P2 (Round 3) - Epoch 8/10 | Loss: 0.4376 | Acc: 0.9122 | Val Loss: 0.4472 | Val Acc: 0.9121 | Grad Norm: 2.6354 | Noise: 53.4790 | SNR: 0.0493 | ε: 0.10 (δ=7.7e-08) | Time: 55.33s
2025-04-17 21:38:51,971 - INFO - P2 (Round 3) - Epoch 9/10 | Loss: 0.4420 | Acc: 0.9140 | Val Loss: 0.4382 | Val Acc: 0.9180 | Grad Norm: 2.7197 | Noise: 53.4790 | SNR: 0.0509 | ε: 0.10 (δ=7.7e-08) | Time: 53.57s
2025-04-17 21:39:40,220 - INFO - P2 (Round 3) - Epoch 10/10 | Loss: 0.4399 | Acc: 0.9157 | Val Loss: 0.4381 | Val Acc: 0.9161 | Grad Norm: 2.8069 | Noise: 53.4790 | SNR: 0.0525 | ε: 0.11 (δ=7.7e-08) | Time: 48.11s
2025-04-17 21:39:40,220 - INFO - P2 (Round 3) - Final Privacy Budget: ε = 0.1094 (δ=7.7e-08)
2025-04-17 21:39:40,220 - INFO - P2 privacy budget: round ε = 0.1094, cumulative ε = 0.3282
2025-04-17 21:39:42,142 - INFO - Round 3/10 completed in 646.69s
2025-04-17 21:39:42,142 - INFO - Global Model - P1 Test: Loss = 7.8630, Accuracy = 0.1117
2025-04-17 21:39:42,142 - INFO - Global Model - P2 Test: Loss = 1.0153, Accuracy = 0.7654
2025-04-17 21:39:42,142 - INFO - P2 Privacy Budget: ε = 0.11
2025-04-17 21:39:42,142 - INFO - Starting Round 4/10
2025-04-17 21:39:42,143 - INFO - Training client P1 (Round 4) with noise_multiplier=None
2025-04-17 21:39:50,512 - INFO - P1 (Round 4) - Epoch 1/10 | Loss: 0.0618 | Acc: 0.9887 | Val Loss: 0.0165 | Val Acc: 0.9956 | Grad Norm: 0.0000 | Noise: 0.0000 | SNR: inf | Time: 8.37s
2025-04-17 21:39:58,788 - INFO - P1 (Round 4) - Epoch 2/10 | Loss: 0.0144 | Acc: 0.9961 | Val Loss: 0.0134 | Val Acc: 0.9962 | Grad Norm: 0.0000 | Noise: 0.0000 | SNR: inf | Time: 8.28s
2025-04-17 21:40:07,443 - INFO - P1 (Round 4) - Epoch 3/10 | Loss: 0.0131 | Acc: 0.9965 | Val Loss: 0.0123 | Val Acc: 0.9967 | Grad Norm: 0.0000 | Noise: 0.0000 | SNR: inf | Time: 8.66s
2025-04-17 21:40:16,707 - INFO - P1 (Round 4) - Epoch 4/10 | Loss: 0.0125 | Acc: 0.9967 | Val Loss: 0.0115 | Val Acc: 0.9970 | Grad Norm: 0.0000 | Noise: 0.0000 | SNR: inf | Time: 9.26s
2025-04-17 21:40:26,530 - INFO - P1 (Round 4) - Epoch 5/10 | Loss: 0.0121 | Acc: 0.9968 | Val Loss: 0.0122 | Val Acc: 0.9969 | Grad Norm: 0.0000 | Noise: 0.0000 | SNR: inf | Time: 9.82s
2025-04-17 21:40:35,818 - INFO - P1 (Round 4) - Epoch 6/10 | Loss: 0.0118 | Acc: 0.9969 | Val Loss: 0.0115 | Val Acc: 0.9969 | Grad Norm: 0.0000 | Noise: 0.0000 | SNR: inf | Time: 9.29s
2025-04-17 21:40:44,880 - INFO - P1 (Round 4) - Epoch 7/10 | Loss: 0.0115 | Acc: 0.9970 | Val Loss: 0.0114 | Val Acc: 0.9971 | Grad Norm: 0.0000 | Noise: 0.0000 | SNR: inf | Time: 9.06s
2025-04-17 21:40:54,163 - INFO - P1 (Round 4) - Epoch 8/10 | Loss: 0.0111 | Acc: 0.9971 | Val Loss: 0.0112 | Val Acc: 0.9972 | Grad Norm: 0.0000 | Noise: 0.0000 | SNR: inf | Time: 9.28s
2025-04-17 21:41:03,928 - INFO - P1 (Round 4) - Epoch 9/10 | Loss: 0.0110 | Acc: 0.9971 | Val Loss: 0.0116 | Val Acc: 0.9969 | Grad Norm: 0.0000 | Noise: 0.0000 | SNR: inf | Time: 9.76s
2025-04-17 21:41:14,396 - INFO - P1 (Round 4) - Epoch 10/10 | Loss: 0.0108 | Acc: 0.9972 | Val Loss: 0.0108 | Val Acc: 0.9972 | Grad Norm: 0.0000 | Noise: 0.0000 | SNR: inf | Time: 10.47s
2025-04-17 21:41:14,397 - INFO - Training client P2 (Round 4) with noise_multiplier=2.0
2025-04-17 21:41:14,397 - INFO - P2 (Round 4) - DP setup: noise=2.0, max_grad_norm=1.0
2025-04-17 21:42:09,761 - INFO - P2 (Round 4) - Epoch 1/10 | Loss: 0.4417 | Acc: 0.8953 | Val Loss: 0.4299 | Val Acc: 0.9029 | Grad Norm: 2.2735 | Noise: 53.4790 | SNR: 0.0425 | ε: 0.04 (δ=7.7e-08) | Time: 55.33s
2025-04-17 21:43:04,965 - INFO - P2 (Round 4) - Epoch 2/10 | Loss: 0.4402 | Acc: 0.9043 | Val Loss: 0.4405 | Val Acc: 0.9082 | Grad Norm: 2.5199 | Noise: 53.4790 | SNR: 0.0471 | ε: 0.05 (δ=7.7e-08) | Time: 55.14s
2025-04-17 21:43:59,544 - INFO - P2 (Round 4) - Epoch 3/10 | Loss: 0.4521 | Acc: 0.9081 | Val Loss: 0.4521 | Val Acc: 0.9100 | Grad Norm: 2.6871 | Noise: 53.4790 | SNR: 0.0502 | ε: 0.06 (δ=7.7e-08) | Time: 54.50s
2025-04-17 21:44:55,104 - INFO - P2 (Round 4) - Epoch 4/10 | Loss: 0.4468 | Acc: 0.9111 | Val Loss: 0.4364 | Val Acc: 0.9138 | Grad Norm: 2.7366 | Noise: 53.4790 | SNR: 0.0512 | ε: 0.07 (δ=7.7e-08) | Time: 55.48s
2025-04-17 21:45:50,695 - INFO - P2 (Round 4) - Epoch 5/10 | Loss: 0.4481 | Acc: 0.9135 | Val Loss: 0.4413 | Val Acc: 0.9159 | Grad Norm: 2.6873 | Noise: 53.4790 | SNR: 0.0502 | ε: 0.08 (δ=7.7e-08) | Time: 55.49s
2025-04-17 21:46:49,310 - INFO - P2 (Round 4) - Epoch 6/10 | Loss: 0.4411 | Acc: 0.9162 | Val Loss: 0.4166 | Val Acc: 0.9205 | Grad Norm: 2.6947 | Noise: 53.4790 | SNR: 0.0504 | ε: 0.09 (δ=7.7e-08) | Time: 58.54s
2025-04-17 21:47:48,414 - INFO - P2 (Round 4) - Epoch 7/10 | Loss: 0.4150 | Acc: 0.9205 | Val Loss: 0.3875 | Val Acc: 0.9259 | Grad Norm: 2.6518 | Noise: 53.4790 | SNR: 0.0496 | ε: 0.09 (δ=7.7e-08) | Time: 58.99s
2025-04-17 21:48:47,645 - INFO - P2 (Round 4) - Epoch 8/10 | Loss: 0.3754 | Acc: 0.9268 | Val Loss: 0.3607 | Val Acc: 0.9306 | Grad Norm: 2.5350 | Noise: 53.4790 | SNR: 0.0474 | ε: 0.10 (δ=7.7e-08) | Time: 59.11s
2025-04-17 21:49:46,059 - INFO - P2 (Round 4) - Epoch 9/10 | Loss: 0.3342 | Acc: 0.9337 | Val Loss: 0.3142 | Val Acc: 0.9374 | Grad Norm: 2.4500 | Noise: 53.4790 | SNR: 0.0458 | ε: 0.10 (δ=7.7e-08) | Time: 58.28s
2025-04-17 21:50:39,843 - INFO - P2 (Round 4) - Epoch 10/10 | Loss: 0.3135 | Acc: 0.9378 | Val Loss: 0.3112 | Val Acc: 0.9396 | Grad Norm: 2.5744 | Noise: 53.4790 | SNR: 0.0481 | ε: 0.11 (δ=7.7e-08) | Time: 53.65s
2025-04-17 21:50:39,844 - INFO - P2 (Round 4) - Final Privacy Budget: ε = 0.1094 (δ=7.7e-08)
2025-04-17 21:50:39,844 - INFO - P2 privacy budget: round ε = 0.1094, cumulative ε = 0.4376
2025-04-17 21:50:41,820 - INFO - Round 4/10 completed in 659.68s
2025-04-17 21:50:41,821 - INFO - Global Model - P1 Test: Loss = 6.3021, Accuracy = 0.3121
2025-04-17 21:50:41,821 - INFO - Global Model - P2 Test: Loss = 0.6918, Accuracy = 0.8326
2025-04-17 21:50:41,821 - INFO - P2 Privacy Budget: ε = 0.11
2025-04-17 21:50:41,821 - INFO - Starting Round 5/10
2025-04-17 21:50:41,821 - INFO - Training client P1 (Round 5) with noise_multiplier=None
2025-04-17 21:50:51,123 - INFO - P1 (Round 5) - Epoch 1/10 | Loss: 0.0547 | Acc: 0.9903 | Val Loss: 0.0148 | Val Acc: 0.9959 | Grad Norm: 0.0000 | Noise: 0.0000 | SNR: inf | Time: 9.30s
2025-04-17 21:51:00,364 - INFO - P1 (Round 5) - Epoch 2/10 | Loss: 0.0134 | Acc: 0.9963 | Val Loss: 0.0122 | Val Acc: 0.9968 | Grad Norm: 0.0000 | Noise: 0.0000 | SNR: inf | Time: 9.24s
2025-04-17 21:51:09,797 - INFO - P1 (Round 5) - Epoch 3/10 | Loss: 0.0121 | Acc: 0.9968 | Val Loss: 0.0112 | Val Acc: 0.9971 | Grad Norm: 0.0000 | Noise: 0.0000 | SNR: inf | Time: 9.43s
2025-04-17 21:51:19,616 - INFO - P1 (Round 5) - Epoch 4/10 | Loss: 0.0117 | Acc: 0.9969 | Val Loss: 0.0115 | Val Acc: 0.9971 | Grad Norm: 0.0000 | Noise: 0.0000 | SNR: inf | Time: 9.82s
2025-04-17 21:51:30,051 - INFO - P1 (Round 5) - Epoch 5/10 | Loss: 0.0114 | Acc: 0.9970 | Val Loss: 0.0111 | Val Acc: 0.9973 | Grad Norm: 0.0000 | Noise: 0.0000 | SNR: inf | Time: 10.43s
2025-04-17 21:51:40,289 - INFO - P1 (Round 5) - Epoch 6/10 | Loss: 0.0111 | Acc: 0.9971 | Val Loss: 0.0102 | Val Acc: 0.9975 | Grad Norm: 0.0000 | Noise: 0.0000 | SNR: inf | Time: 10.24s
2025-04-17 21:51:50,434 - INFO - P1 (Round 5) - Epoch 7/10 | Loss: 0.0109 | Acc: 0.9972 | Val Loss: 0.0101 | Val Acc: 0.9974 | Grad Norm: 0.0000 | Noise: 0.0000 | SNR: inf | Time: 10.14s
2025-04-17 21:52:01,027 - INFO - P1 (Round 5) - Epoch 8/10 | Loss: 0.0107 | Acc: 0.9972 | Val Loss: 0.0102 | Val Acc: 0.9975 | Grad Norm: 0.0000 | Noise: 0.0000 | SNR: inf | Time: 10.59s
2025-04-17 21:52:12,087 - INFO - P1 (Round 5) - Epoch 9/10 | Loss: 0.0105 | Acc: 0.9973 | Val Loss: 0.0108 | Val Acc: 0.9972 | Grad Norm: 0.0000 | Noise: 0.0000 | SNR: inf | Time: 11.06s
2025-04-17 21:52:23,898 - INFO - P1 (Round 5) - Epoch 10/10 | Loss: 0.0103 | Acc: 0.9973 | Val Loss: 0.0101 | Val Acc: 0.9975 | Grad Norm: 0.0000 | Noise: 0.0000 | SNR: inf | Time: 11.81s
2025-04-17 21:52:23,898 - INFO - Training client P2 (Round 5) with noise_multiplier=2.0
2025-04-17 21:52:23,898 - INFO - P2 (Round 5) - DP setup: noise=2.0, max_grad_norm=1.0
2025-04-17 21:53:22,821 - INFO - P2 (Round 5) - Epoch 1/10 | Loss: 0.3570 | Acc: 0.9138 | Val Loss: 0.3267 | Val Acc: 0.9243 | Grad Norm: 2.3119 | Noise: 53.4790 | SNR: 0.0432 | ε: 0.04 (δ=7.7e-08) | Time: 58.89s
2025-04-17 21:54:21,734 - INFO - P2 (Round 5) - Epoch 2/10 | Loss: 0.3140 | Acc: 0.9317 | Val Loss: 0.3122 | Val Acc: 0.9360 | Grad Norm: 2.3052 | Noise: 53.4790 | SNR: 0.0431 | ε: 0.05 (δ=7.7e-08) | Time: 58.85s
2025-04-17 21:55:20,437 - INFO - P2 (Round 5) - Epoch 3/10 | Loss: 0.2989 | Acc: 0.9390 | Val Loss: 0.3015 | Val Acc: 0.9414 | Grad Norm: 2.3186 | Noise: 53.4790 | SNR: 0.0434 | ε: 0.06 (δ=7.7e-08) | Time: 58.63s
2025-04-17 21:56:16,030 - INFO - P2 (Round 5) - Epoch 4/10 | Loss: 0.2862 | Acc: 0.9420 | Val Loss: 0.2793 | Val Acc: 0.9441 | Grad Norm: 2.3797 | Noise: 53.4790 | SNR: 0.0445 | ε: 0.07 (δ=7.7e-08) | Time: 55.51s
2025-04-17 21:57:11,543 - INFO - P2 (Round 5) - Epoch 5/10 | Loss: 0.2776 | Acc: 0.9450 | Val Loss: 0.2698 | Val Acc: 0.9472 | Grad Norm: 2.3553 | Noise: 53.4790 | SNR: 0.0440 | ε: 0.08 (δ=7.7e-08) | Time: 55.42s
2025-04-17 21:58:09,660 - INFO - P2 (Round 5) - Epoch 6/10 | Loss: 0.2820 | Acc: 0.9465 | Val Loss: 0.2798 | Val Acc: 0.9480 | Grad Norm: 2.3516 | Noise: 53.4790 | SNR: 0.0440 | ε: 0.09 (δ=7.7e-08) | Time: 58.04s
2025-04-17 21:59:08,613 - INFO - P2 (Round 5) - Epoch 7/10 | Loss: 0.2769 | Acc: 0.9483 | Val Loss: 0.2740 | Val Acc: 0.9511 | Grad Norm: 2.3683 | Noise: 53.4790 | SNR: 0.0443 | ε: 0.09 (δ=7.7e-08) | Time: 58.84s
2025-04-17 22:00:07,501 - INFO - P2 (Round 5) - Epoch 8/10 | Loss: 0.2710 | Acc: 0.9497 | Val Loss: 0.2745 | Val Acc: 0.9504 | Grad Norm: 2.3634 | Noise: 53.4790 | SNR: 0.0442 | ε: 0.10 (δ=7.7e-08) | Time: 58.77s
2025-04-17 22:01:05,685 - INFO - P2 (Round 5) - Epoch 9/10 | Loss: 0.2699 | Acc: 0.9504 | Val Loss: 0.2641 | Val Acc: 0.9524 | Grad Norm: 2.3712 | Noise: 53.4790 | SNR: 0.0443 | ε: 0.10 (δ=7.7e-08) | Time: 58.06s
2025-04-17 22:01:58,605 - INFO - P2 (Round 5) - Epoch 10/10 | Loss: 0.2719 | Acc: 0.9510 | Val Loss: 0.2669 | Val Acc: 0.9517 | Grad Norm: 2.4153 | Noise: 53.4790 | SNR: 0.0452 | ε: 0.11 (δ=7.7e-08) | Time: 52.77s
2025-04-17 22:01:58,606 - INFO - P2 (Round 5) - Final Privacy Budget: ε = 0.1094 (δ=7.7e-08)
2025-04-17 22:01:58,606 - INFO - P2 privacy budget: round ε = 0.1094, cumulative ε = 0.5470
2025-04-17 22:02:00,780 - INFO - Round 5/10 completed in 678.96s
2025-04-17 22:02:00,781 - INFO - Global Model - P1 Test: Loss = 6.6644, Accuracy = 0.3464
2025-04-17 22:02:00,781 - INFO - Global Model - P2 Test: Loss = 0.7609, Accuracy = 0.8350
2025-04-17 22:02:00,781 - INFO - P2 Privacy Budget: ε = 0.11
2025-04-17 22:02:00,781 - INFO - Starting Round 6/10
2025-04-17 22:02:00,781 - INFO - Training client P1 (Round 6) with noise_multiplier=None
2025-04-17 22:02:09,643 - INFO - P1 (Round 6) - Epoch 1/10 | Loss: 0.0525 | Acc: 0.9906 | Val Loss: 0.0170 | Val Acc: 0.9953 | Grad Norm: 0.0000 | Noise: 0.0000 | SNR: inf | Time: 8.86s
2025-04-17 22:02:18,504 - INFO - P1 (Round 6) - Epoch 2/10 | Loss: 0.0138 | Acc: 0.9962 | Val Loss: 0.0141 | Val Acc: 0.9961 | Grad Norm: 0.0000 | Noise: 0.0000 | SNR: inf | Time: 8.86s
2025-04-17 22:02:28,506 - INFO - P1 (Round 6) - Epoch 3/10 | Loss: 0.0127 | Acc: 0.9965 | Val Loss: 0.0138 | Val Acc: 0.9962 | Grad Norm: 0.0000 | Noise: 0.0000 | SNR: inf | Time: 10.00s
2025-04-17 22:02:38,078 - INFO - P1 (Round 6) - Epoch 4/10 | Loss: 0.0121 | Acc: 0.9967 | Val Loss: 0.0119 | Val Acc: 0.9969 | Grad Norm: 0.0000 | Noise: 0.0000 | SNR: inf | Time: 9.57s
2025-04-17 22:02:48,420 - INFO - P1 (Round 6) - Epoch 5/10 | Loss: 0.0119 | Acc: 0.9967 | Val Loss: 0.0122 | Val Acc: 0.9968 | Grad Norm: 0.0000 | Noise: 0.0000 | SNR: inf | Time: 10.34s
2025-04-17 22:02:58,700 - INFO - P1 (Round 6) - Epoch 6/10 | Loss: 0.0116 | Acc: 0.9968 | Val Loss: 0.0111 | Val Acc: 0.9972 | Grad Norm: 0.0000 | Noise: 0.0000 | SNR: inf | Time: 10.28s
2025-04-17 22:03:09,283 - INFO - P1 (Round 6) - Epoch 7/10 | Loss: 0.0113 | Acc: 0.9969 | Val Loss: 0.0124 | Val Acc: 0.9968 | Grad Norm: 0.0000 | Noise: 0.0000 | SNR: inf | Time: 10.58s
2025-04-17 22:03:19,905 - INFO - P1 (Round 6) - Epoch 8/10 | Loss: 0.0112 | Acc: 0.9970 | Val Loss: 0.0123 | Val Acc: 0.9968 | Grad Norm: 0.0000 | Noise: 0.0000 | SNR: inf | Time: 10.62s
2025-04-17 22:03:31,025 - INFO - P1 (Round 6) - Epoch 9/10 | Loss: 0.0110 | Acc: 0.9970 | Val Loss: 0.0115 | Val Acc: 0.9971 | Grad Norm: 0.0000 | Noise: 0.0000 | SNR: inf | Time: 11.12s
2025-04-17 22:03:43,125 - INFO - P1 (Round 6) - Epoch 10/10 | Loss: 0.0109 | Acc: 0.9971 | Val Loss: 0.0125 | Val Acc: 0.9967 | Grad Norm: 0.0000 | Noise: 0.0000 | SNR: inf | Time: 12.10s
2025-04-17 22:03:43,126 - INFO - Training client P2 (Round 6) with noise_multiplier=2.0
2025-04-17 22:03:43,126 - INFO - P2 (Round 6) - DP setup: noise=2.0, max_grad_norm=1.0
2025-04-17 22:04:42,256 - INFO - P2 (Round 6) - Epoch 1/10 | Loss: 0.2971 | Acc: 0.9315 | Val Loss: 0.2791 | Val Acc: 0.9385 | Grad Norm: 2.2281 | Noise: 53.4790 | SNR: 0.0417 | ε: 0.04 (δ=7.7e-08) | Time: 59.09s
2025-04-17 22:05:41,266 - INFO - P2 (Round 6) - Epoch 2/10 | Loss: 0.2766 | Acc: 0.9415 | Val Loss: 0.2691 | Val Acc: 0.9458 | Grad Norm: 2.3162 | Noise: 53.4790 | SNR: 0.0433 | ε: 0.05 (δ=7.7e-08) | Time: 58.95s
2025-04-17 22:06:40,016 - INFO - P2 (Round 6) - Epoch 3/10 | Loss: 0.2698 | Acc: 0.9471 | Val Loss: 0.2760 | Val Acc: 0.9473 | Grad Norm: 2.3391 | Noise: 53.4790 | SNR: 0.0437 | ε: 0.06 (δ=7.7e-08) | Time: 58.67s
2025-04-17 22:07:35,578 - INFO - P2 (Round 6) - Epoch 4/10 | Loss: 0.2679 | Acc: 0.9489 | Val Loss: 0.2631 | Val Acc: 0.9510 | Grad Norm: 2.3400 | Noise: 53.4790 | SNR: 0.0438 | ε: 0.07 (δ=7.7e-08) | Time: 55.48s
2025-04-17 22:08:31,273 - INFO - P2 (Round 6) - Epoch 5/10 | Loss: 0.2645 | Acc: 0.9509 | Val Loss: 0.2576 | Val Acc: 0.9524 | Grad Norm: 2.3079 | Noise: 53.4790 | SNR: 0.0432 | ε: 0.08 (δ=7.7e-08) | Time: 55.59s
2025-04-17 22:09:30,025 - INFO - P2 (Round 6) - Epoch 6/10 | Loss: 0.2653 | Acc: 0.9514 | Val Loss: 0.2687 | Val Acc: 0.9522 | Grad Norm: 2.3165 | Noise: 53.4790 | SNR: 0.0433 | ε: 0.09 (δ=7.7e-08) | Time: 58.67s
2025-04-17 22:10:26,988 - INFO - P2 (Round 6) - Epoch 7/10 | Loss: 0.2670 | Acc: 0.9526 | Val Loss: 0.2727 | Val Acc: 0.9550 | Grad Norm: 2.2987 | Noise: 53.4790 | SNR: 0.0430 | ε: 0.09 (δ=7.7e-08) | Time: 56.84s
2025-04-17 22:11:25,528 - INFO - P2 (Round 6) - Epoch 8/10 | Loss: 0.2676 | Acc: 0.9540 | Val Loss: 0.2714 | Val Acc: 0.9550 | Grad Norm: 2.2386 | Noise: 53.4790 | SNR: 0.0419 | ε: 0.10 (δ=7.7e-08) | Time: 58.42s
2025-04-17 22:12:24,758 - INFO - P2 (Round 6) - Epoch 9/10 | Loss: 0.2708 | Acc: 0.9537 | Val Loss: 0.2646 | Val Acc: 0.9558 | Grad Norm: 2.2417 | Noise: 53.4790 | SNR: 0.0419 | ε: 0.10 (δ=7.7e-08) | Time: 59.04s
2025-04-17 22:13:15,119 - INFO - P2 (Round 6) - Epoch 10/10 | Loss: 0.2721 | Acc: 0.9541 | Val Loss: 0.2678 | Val Acc: 0.9545 | Grad Norm: 2.3114 | Noise: 53.4790 | SNR: 0.0432 | ε: 0.11 (δ=7.7e-08) | Time: 50.23s
2025-04-17 22:13:15,119 - INFO - P2 (Round 6) - Final Privacy Budget: ε = 0.1094 (δ=7.7e-08)
2025-04-17 22:13:15,119 - INFO - P2 privacy budget: round ε = 0.1094, cumulative ε = 0.6564
2025-04-17 22:13:17,347 - INFO - Round 6/10 completed in 676.57s
2025-04-17 22:13:17,347 - INFO - Global Model - P1 Test: Loss = 7.3084, Accuracy = 0.3843
2025-04-17 22:13:17,347 - INFO - Global Model - P2 Test: Loss = 0.8630, Accuracy = 0.8251
2025-04-17 22:13:17,347 - INFO - P2 Privacy Budget: ε = 0.11
2025-04-17 22:13:17,347 - INFO - Starting Round 7/10
2025-04-17 22:13:17,348 - INFO - Training client P1 (Round 7) with noise_multiplier=None
2025-04-17 22:13:26,525 - INFO - P1 (Round 7) - Epoch 1/10 | Loss: 0.0519 | Acc: 0.9912 | Val Loss: 0.0133 | Val Acc: 0.9963 | Grad Norm: 0.0000 | Noise: 0.0000 | SNR: inf | Time: 9.18s
2025-04-17 22:13:35,703 - INFO - P1 (Round 7) - Epoch 2/10 | Loss: 0.0133 | Acc: 0.9964 | Val Loss: 0.0159 | Val Acc: 0.9958 | Grad Norm: 0.0000 | Noise: 0.0000 | SNR: inf | Time: 9.18s
2025-04-17 22:13:44,384 - INFO - P1 (Round 7) - Epoch 3/10 | Loss: 0.0124 | Acc: 0.9967 | Val Loss: 0.0128 | Val Acc: 0.9966 | Grad Norm: 0.0000 | Noise: 0.0000 | SNR: inf | Time: 8.68s
2025-04-17 22:13:53,450 - INFO - P1 (Round 7) - Epoch 4/10 | Loss: 0.0118 | Acc: 0.9968 | Val Loss: 0.0115 | Val Acc: 0.9971 | Grad Norm: 0.0000 | Noise: 0.0000 | SNR: inf | Time: 9.06s
2025-04-17 22:14:02,785 - INFO - P1 (Round 7) - Epoch 5/10 | Loss: 0.0115 | Acc: 0.9969 | Val Loss: 0.0121 | Val Acc: 0.9968 | Grad Norm: 0.0000 | Noise: 0.0000 | SNR: inf | Time: 9.33s
2025-04-17 22:14:12,663 - INFO - P1 (Round 7) - Epoch 6/10 | Loss: 0.0112 | Acc: 0.9970 | Val Loss: 0.0115 | Val Acc: 0.9971 | Grad Norm: 0.0000 | Noise: 0.0000 | SNR: inf | Time: 9.88s
2025-04-17 22:14:22,185 - INFO - P1 (Round 7) - Epoch 7/10 | Loss: 0.0109 | Acc: 0.9971 | Val Loss: 0.0118 | Val Acc: 0.9970 | Grad Norm: 0.0000 | Noise: 0.0000 | SNR: inf | Time: 9.52s
2025-04-17 22:14:31,677 - INFO - P1 (Round 7) - Epoch 8/10 | Loss: 0.0105 | Acc: 0.9972 | Val Loss: 0.0099 | Val Acc: 0.9973 | Grad Norm: 0.0000 | Noise: 0.0000 | SNR: inf | Time: 9.49s
2025-04-17 22:14:41,880 - INFO - P1 (Round 7) - Epoch 9/10 | Loss: 0.0100 | Acc: 0.9974 | Val Loss: 0.0105 | Val Acc: 0.9974 | Grad Norm: 0.0000 | Noise: 0.0000 | SNR: inf | Time: 10.20s
2025-04-17 22:14:52,280 - INFO - P1 (Round 7) - Epoch 10/10 | Loss: 0.0097 | Acc: 0.9974 | Val Loss: 0.0095 | Val Acc: 0.9977 | Grad Norm: 0.0000 | Noise: 0.0000 | SNR: inf | Time: 10.40s
2025-04-17 22:14:52,281 - INFO - Training client P2 (Round 7) with noise_multiplier=2.0
2025-04-17 22:14:52,281 - INFO - P2 (Round 7) - DP setup: noise=2.0, max_grad_norm=1.0
2025-04-17 22:15:43,227 - INFO - P2 (Round 7) - Epoch 1/10 | Loss: 0.2776 | Acc: 0.9385 | Val Loss: 0.2611 | Val Acc: 0.9457 | Grad Norm: 2.1855 | Noise: 53.4790 | SNR: 0.0409 | ε: 0.04 (δ=7.7e-08) | Time: 50.90s
2025-04-17 22:16:33,914 - INFO - P2 (Round 7) - Epoch 2/10 | Loss: 0.2578 | Acc: 0.9466 | Val Loss: 0.2541 | Val Acc: 0.9502 | Grad Norm: 2.2259 | Noise: 53.4790 | SNR: 0.0416 | ε: 0.05 (δ=7.7e-08) | Time: 50.62s
2025-04-17 22:17:24,377 - INFO - P2 (Round 7) - Epoch 3/10 | Loss: 0.2557 | Acc: 0.9502 | Val Loss: 0.2579 | Val Acc: 0.9514 | Grad Norm: 2.2598 | Noise: 53.4790 | SNR: 0.0423 | ε: 0.06 (δ=7.7e-08) | Time: 50.38s
2025-04-17 22:18:13,930 - INFO - P2 (Round 7) - Epoch 4/10 | Loss: 0.2545 | Acc: 0.9520 | Val Loss: 0.2499 | Val Acc: 0.9550 | Grad Norm: 2.2525 | Noise: 53.4790 | SNR: 0.0421 | ε: 0.07 (δ=7.7e-08) | Time: 49.46s
2025-04-17 22:19:01,909 - INFO - P2 (Round 7) - Epoch 5/10 | Loss: 0.2549 | Acc: 0.9536 | Val Loss: 0.2505 | Val Acc: 0.9548 | Grad Norm: 2.2390 | Noise: 53.4790 | SNR: 0.0419 | ε: 0.08 (δ=7.7e-08) | Time: 47.88s
2025-04-17 22:19:54,606 - INFO - P2 (Round 7) - Epoch 6/10 | Loss: 0.2572 | Acc: 0.9540 | Val Loss: 0.2606 | Val Acc: 0.9530 | Grad Norm: 2.2595 | Noise: 53.4790 | SNR: 0.0423 | ε: 0.09 (δ=7.7e-08) | Time: 52.62s
2025-04-17 22:20:50,013 - INFO - P2 (Round 7) - Epoch 7/10 | Loss: 0.2545 | Acc: 0.9545 | Val Loss: 0.2655 | Val Acc: 0.9561 | Grad Norm: 2.2699 | Noise: 53.4790 | SNR: 0.0424 | ε: 0.09 (δ=7.7e-08) | Time: 55.29s
2025-04-17 22:21:46,878 - INFO - P2 (Round 7) - Epoch 8/10 | Loss: 0.2543 | Acc: 0.9561 | Val Loss: 0.2594 | Val Acc: 0.9570 | Grad Norm: 2.2126 | Noise: 53.4790 | SNR: 0.0414 | ε: 0.10 (δ=7.7e-08) | Time: 56.74s
2025-04-17 22:22:41,669 - INFO - P2 (Round 7) - Epoch 9/10 | Loss: 0.2565 | Acc: 0.9563 | Val Loss: 0.2577 | Val Acc: 0.9571 | Grad Norm: 2.2601 | Noise: 53.4790 | SNR: 0.0423 | ε: 0.10 (δ=7.7e-08) | Time: 54.67s
2025-04-17 22:23:29,306 - INFO - P2 (Round 7) - Epoch 10/10 | Loss: 0.2618 | Acc: 0.9562 | Val Loss: 0.2652 | Val Acc: 0.9558 | Grad Norm: 2.3468 | Noise: 53.4790 | SNR: 0.0439 | ε: 0.11 (δ=7.7e-08) | Time: 47.50s
2025-04-17 22:23:29,306 - INFO - P2 (Round 7) - Final Privacy Budget: ε = 0.1094 (δ=7.7e-08)
2025-04-17 22:23:29,306 - INFO - P2 privacy budget: round ε = 0.1094, cumulative ε = 0.7658
2025-04-17 22:23:31,432 - INFO - Round 7/10 completed in 614.08s
2025-04-17 22:23:31,432 - INFO - Global Model - P1 Test: Loss = 7.9375, Accuracy = 0.3897
2025-04-17 22:23:31,432 - INFO - Global Model - P2 Test: Loss = 0.8002, Accuracy = 0.8340
2025-04-17 22:23:31,432 - INFO - P2 Privacy Budget: ε = 0.11
2025-04-17 22:23:31,432 - INFO - Starting Round 8/10
2025-04-17 22:23:31,433 - INFO - Training client P1 (Round 8) with noise_multiplier=None
2025-04-17 22:23:40,589 - INFO - P1 (Round 8) - Epoch 1/10 | Loss: 0.0535 | Acc: 0.9914 | Val Loss: 0.0132 | Val Acc: 0.9964 | Grad Norm: 0.0000 | Noise: 0.0000 | SNR: inf | Time: 9.16s
2025-04-17 22:23:49,248 - INFO - P1 (Round 8) - Epoch 2/10 | Loss: 0.0128 | Acc: 0.9966 | Val Loss: 0.0119 | Val Acc: 0.9970 | Grad Norm: 0.0000 | Noise: 0.0000 | SNR: inf | Time: 8.66s
2025-04-17 22:23:58,103 - INFO - P1 (Round 8) - Epoch 3/10 | Loss: 0.0113 | Acc: 0.9970 | Val Loss: 0.0114 | Val Acc: 0.9969 | Grad Norm: 0.0000 | Noise: 0.0000 | SNR: inf | Time: 8.85s
2025-04-17 22:24:07,253 - INFO - P1 (Round 8) - Epoch 4/10 | Loss: 0.0106 | Acc: 0.9973 | Val Loss: 0.0104 | Val Acc: 0.9973 | Grad Norm: 0.0000 | Noise: 0.0000 | SNR: inf | Time: 9.15s
2025-04-17 22:24:16,307 - INFO - P1 (Round 8) - Epoch 5/10 | Loss: 0.0099 | Acc: 0.9974 | Val Loss: 0.0098 | Val Acc: 0.9976 | Grad Norm: 0.0000 | Noise: 0.0000 | SNR: inf | Time: 9.05s
2025-04-17 22:24:25,733 - INFO - P1 (Round 8) - Epoch 6/10 | Loss: 0.0094 | Acc: 0.9976 | Val Loss: 0.0092 | Val Acc: 0.9978 | Grad Norm: 0.0000 | Noise: 0.0000 | SNR: inf | Time: 9.43s
2025-04-17 22:24:35,611 - INFO - P1 (Round 8) - Epoch 7/10 | Loss: 0.0089 | Acc: 0.9977 | Val Loss: 0.0082 | Val Acc: 0.9981 | Grad Norm: 0.0000 | Noise: 0.0000 | SNR: inf | Time: 9.88s
2025-04-17 22:24:45,242 - INFO - P1 (Round 8) - Epoch 8/10 | Loss: 0.0083 | Acc: 0.9979 | Val Loss: 0.0077 | Val Acc: 0.9982 | Grad Norm: 0.0000 | Noise: 0.0000 | SNR: inf | Time: 9.63s
2025-04-17 22:24:55,490 - INFO - P1 (Round 8) - Epoch 9/10 | Loss: 0.0079 | Acc: 0.9981 | Val Loss: 0.0076 | Val Acc: 0.9980 | Grad Norm: 0.0000 | Noise: 0.0000 | SNR: inf | Time: 10.25s
2025-04-17 22:25:05,530 - INFO - P1 (Round 8) - Epoch 10/10 | Loss: 0.0072 | Acc: 0.9982 | Val Loss: 0.0080 | Val Acc: 0.9981 | Grad Norm: 0.0000 | Noise: 0.0000 | SNR: inf | Time: 10.04s
2025-04-17 22:25:05,531 - INFO - Training client P2 (Round 8) with noise_multiplier=2.0
2025-04-17 22:25:05,531 - INFO - P2 (Round 8) - DP setup: noise=2.0, max_grad_norm=1.0
2025-04-17 22:25:56,337 - INFO - P2 (Round 8) - Epoch 1/10 | Loss: 0.2758 | Acc: 0.9418 | Val Loss: 0.2582 | Val Acc: 0.9484 | Grad Norm: 2.2217 | Noise: 53.4790 | SNR: 0.0415 | ε: 0.04 (δ=7.7e-08) | Time: 50.77s
2025-04-17 22:26:48,482 - INFO - P2 (Round 8) - Epoch 2/10 | Loss: 0.2548 | Acc: 0.9492 | Val Loss: 0.2524 | Val Acc: 0.9515 | Grad Norm: 2.2775 | Noise: 53.4790 | SNR: 0.0426 | ε: 0.05 (δ=7.7e-08) | Time: 52.08s
2025-04-17 22:27:38,860 - INFO - P2 (Round 8) - Epoch 3/10 | Loss: 0.2479 | Acc: 0.9523 | Val Loss: 0.2595 | Val Acc: 0.9517 | Grad Norm: 2.3188 | Noise: 53.4790 | SNR: 0.0434 | ε: 0.06 (δ=7.7e-08) | Time: 50.30s
2025-04-17 22:28:26,335 - INFO - P2 (Round 8) - Epoch 4/10 | Loss: 0.2506 | Acc: 0.9538 | Val Loss: 0.2479 | Val Acc: 0.9556 | Grad Norm: 2.3020 | Noise: 53.4790 | SNR: 0.0430 | ε: 0.07 (δ=7.7e-08) | Time: 47.39s
2025-04-17 22:29:12,992 - INFO - P2 (Round 8) - Epoch 5/10 | Loss: 0.2532 | Acc: 0.9549 | Val Loss: 0.2504 | Val Acc: 0.9569 | Grad Norm: 2.3214 | Noise: 53.4790 | SNR: 0.0434 | ε: 0.08 (δ=7.7e-08) | Time: 46.55s
2025-04-17 22:30:02,827 - INFO - P2 (Round 8) - Epoch 6/10 | Loss: 0.2553 | Acc: 0.9554 | Val Loss: 0.2552 | Val Acc: 0.9549 | Grad Norm: 2.3107 | Noise: 53.4790 | SNR: 0.0432 | ε: 0.09 (δ=7.7e-08) | Time: 49.75s
2025-04-17 22:30:53,249 - INFO - P2 (Round 8) - Epoch 7/10 | Loss: 0.2520 | Acc: 0.9558 | Val Loss: 0.2609 | Val Acc: 0.9575 | Grad Norm: 2.3589 | Noise: 53.4790 | SNR: 0.0441 | ε: 0.09 (δ=7.7e-08) | Time: 50.30s
2025-04-17 22:31:43,875 - INFO - P2 (Round 8) - Epoch 8/10 | Loss: 0.2533 | Acc: 0.9569 | Val Loss: 0.2622 | Val Acc: 0.9574 | Grad Norm: 2.3214 | Noise: 53.4790 | SNR: 0.0434 | ε: 0.10 (δ=7.7e-08) | Time: 50.51s
2025-04-17 22:32:34,936 - INFO - P2 (Round 8) - Epoch 9/10 | Loss: 0.2606 | Acc: 0.9568 | Val Loss: 0.2599 | Val Acc: 0.9581 | Grad Norm: 2.3982 | Noise: 53.4790 | SNR: 0.0448 | ε: 0.10 (δ=7.7e-08) | Time: 50.93s
2025-04-17 22:33:23,480 - INFO - P2 (Round 8) - Epoch 10/10 | Loss: 0.2611 | Acc: 0.9571 | Val Loss: 0.2663 | Val Acc: 0.9566 | Grad Norm: 2.4789 | Noise: 53.4790 | SNR: 0.0464 | ε: 0.11 (δ=7.7e-08) | Time: 48.40s
2025-04-17 22:33:23,480 - INFO - P2 (Round 8) - Final Privacy Budget: ε = 0.1094 (δ=7.7e-08)
2025-04-17 22:33:23,481 - INFO - P2 privacy budget: round ε = 0.1094, cumulative ε = 0.8752
2025-04-17 22:33:25,626 - INFO - Round 8/10 completed in 594.19s
2025-04-17 22:33:25,626 - INFO - Global Model - P1 Test: Loss = 9.5865, Accuracy = 0.3565
2025-04-17 22:33:25,626 - INFO - Global Model - P2 Test: Loss = 0.6140, Accuracy = 0.8711
2025-04-17 22:33:25,626 - INFO - P2 Privacy Budget: ε = 0.11
2025-04-17 22:33:25,626 - INFO - Starting Round 9/10
2025-04-17 22:33:25,627 - INFO - Training client P1 (Round 9) with noise_multiplier=None
2025-04-17 22:33:34,652 - INFO - P1 (Round 9) - Epoch 1/10 | Loss: 0.0637 | Acc: 0.9905 | Val Loss: 0.0130 | Val Acc: 0.9969 | Grad Norm: 0.0000 | Noise: 0.0000 | SNR: inf | Time: 9.02s
2025-04-17 22:33:43,587 - INFO - P1 (Round 9) - Epoch 2/10 | Loss: 0.0110 | Acc: 0.9973 | Val Loss: 0.0094 | Val Acc: 0.9978 | Grad Norm: 0.0000 | Noise: 0.0000 | SNR: inf | Time: 8.93s
2025-04-17 22:33:52,623 - INFO - P1 (Round 9) - Epoch 3/10 | Loss: 0.0091 | Acc: 0.9978 | Val Loss: 0.0092 | Val Acc: 0.9975 | Grad Norm: 0.0000 | Noise: 0.0000 | SNR: inf | Time: 9.03s
2025-04-17 22:34:01,604 - INFO - P1 (Round 9) - Epoch 4/10 | Loss: 0.0082 | Acc: 0.9980 | Val Loss: 0.0099 | Val Acc: 0.9973 | Grad Norm: 0.0000 | Noise: 0.0000 | SNR: inf | Time: 8.98s
2025-04-17 22:34:10,928 - INFO - P1 (Round 9) - Epoch 5/10 | Loss: 0.0076 | Acc: 0.9982 | Val Loss: 0.0076 | Val Acc: 0.9981 | Grad Norm: 0.0000 | Noise: 0.0000 | SNR: inf | Time: 9.32s
2025-04-17 22:34:19,771 - INFO - P1 (Round 9) - Epoch 6/10 | Loss: 0.0070 | Acc: 0.9983 | Val Loss: 0.0070 | Val Acc: 0.9983 | Grad Norm: 0.0000 | Noise: 0.0000 | SNR: inf | Time: 8.84s
2025-04-17 22:34:29,198 - INFO - P1 (Round 9) - Epoch 7/10 | Loss: 0.0065 | Acc: 0.9985 | Val Loss: 0.0063 | Val Acc: 0.9987 | Grad Norm: 0.0000 | Noise: 0.0000 | SNR: inf | Time: 9.43s
2025-04-17 22:34:39,130 - INFO - P1 (Round 9) - Epoch 8/10 | Loss: 0.0060 | Acc: 0.9986 | Val Loss: 0.0057 | Val Acc: 0.9988 | Grad Norm: 0.0000 | Noise: 0.0000 | SNR: inf | Time: 9.93s
2025-04-17 22:34:50,077 - INFO - P1 (Round 9) - Epoch 9/10 | Loss: 0.0055 | Acc: 0.9987 | Val Loss: 0.0064 | Val Acc: 0.9987 | Grad Norm: 0.0000 | Noise: 0.0000 | SNR: inf | Time: 10.95s
2025-04-17 22:35:00,489 - INFO - P1 (Round 9) - Epoch 10/10 | Loss: 0.0051 | Acc: 0.9988 | Val Loss: 0.0061 | Val Acc: 0.9985 | Grad Norm: 0.0000 | Noise: 0.0000 | SNR: inf | Time: 10.41s
2025-04-17 22:35:00,490 - INFO - Training client P2 (Round 9) with noise_multiplier=2.0
2025-04-17 22:35:00,490 - INFO - P2 (Round 9) - DP setup: noise=2.0, max_grad_norm=1.0
2025-04-17 22:35:50,648 - INFO - P2 (Round 9) - Epoch 1/10 | Loss: 0.2621 | Acc: 0.9445 | Val Loss: 0.2478 | Val Acc: 0.9505 | Grad Norm: 2.3498 | Noise: 53.4790 | SNR: 0.0439 | ε: 0.04 (δ=7.7e-08) | Time: 50.12s
2025-04-17 22:36:41,515 - INFO - P2 (Round 9) - Epoch 2/10 | Loss: 0.2467 | Acc: 0.9508 | Val Loss: 0.2454 | Val Acc: 0.9523 | Grad Norm: 2.4763 | Noise: 53.4790 | SNR: 0.0463 | ε: 0.05 (δ=7.7e-08) | Time: 50.80s
2025-04-17 22:37:31,480 - INFO - P2 (Round 9) - Epoch 3/10 | Loss: 0.2464 | Acc: 0.9528 | Val Loss: 0.2501 | Val Acc: 0.9531 | Grad Norm: 2.5434 | Noise: 53.4790 | SNR: 0.0476 | ε: 0.06 (δ=7.7e-08) | Time: 49.89s
2025-04-17 22:38:19,492 - INFO - P2 (Round 9) - Epoch 4/10 | Loss: 0.2488 | Acc: 0.9532 | Val Loss: 0.2404 | Val Acc: 0.9558 | Grad Norm: 2.5734 | Noise: 53.4790 | SNR: 0.0481 | ε: 0.07 (δ=7.7e-08) | Time: 47.92s
2025-04-17 22:39:06,367 - INFO - P2 (Round 9) - Epoch 5/10 | Loss: 0.2488 | Acc: 0.9549 | Val Loss: 0.2458 | Val Acc: 0.9553 | Grad Norm: 2.5770 | Noise: 53.4790 | SNR: 0.0482 | ε: 0.08 (δ=7.7e-08) | Time: 46.78s
2025-04-17 22:39:57,092 - INFO - P2 (Round 9) - Epoch 6/10 | Loss: 0.2511 | Acc: 0.9549 | Val Loss: 0.2476 | Val Acc: 0.9549 | Grad Norm: 2.5939 | Noise: 53.4790 | SNR: 0.0485 | ε: 0.09 (δ=7.7e-08) | Time: 50.64s
2025-04-17 22:40:48,257 - INFO - P2 (Round 9) - Epoch 7/10 | Loss: 0.2451 | Acc: 0.9554 | Val Loss: 0.2514 | Val Acc: 0.9574 | Grad Norm: 2.6367 | Noise: 53.4790 | SNR: 0.0493 | ε: 0.09 (δ=7.7e-08) | Time: 51.05s
2025-04-17 22:41:38,113 - INFO - P2 (Round 9) - Epoch 8/10 | Loss: 0.2454 | Acc: 0.9567 | Val Loss: 0.2548 | Val Acc: 0.9568 | Grad Norm: 2.5404 | Noise: 53.4790 | SNR: 0.0475 | ε: 0.10 (δ=7.7e-08) | Time: 49.72s
2025-04-17 22:42:29,407 - INFO - P2 (Round 9) - Epoch 9/10 | Loss: 0.2532 | Acc: 0.9570 | Val Loss: 0.2508 | Val Acc: 0.9582 | Grad Norm: 2.6479 | Noise: 53.4790 | SNR: 0.0495 | ε: 0.10 (δ=7.7e-08) | Time: 51.17s
2025-04-17 22:43:16,450 - INFO - P2 (Round 9) - Epoch 10/10 | Loss: 0.2530 | Acc: 0.9572 | Val Loss: 0.2570 | Val Acc: 0.9563 | Grad Norm: 2.6912 | Noise: 53.4790 | SNR: 0.0503 | ε: 0.11 (δ=7.7e-08) | Time: 46.90s
2025-04-17 22:43:16,450 - INFO - P2 (Round 9) - Final Privacy Budget: ε = 0.1094 (δ=7.7e-08)
2025-04-17 22:43:16,451 - INFO - P2 privacy budget: round ε = 0.1094, cumulative ε = 0.9846
2025-04-17 22:43:18,666 - INFO - Round 9/10 completed in 593.04s
2025-04-17 22:43:18,666 - INFO - Global Model - P1 Test: Loss = 10.4289, Accuracy = 0.3581
2025-04-17 22:43:18,666 - INFO - Global Model - P2 Test: Loss = 0.5443, Accuracy = 0.8844
2025-04-17 22:43:18,666 - INFO - P2 Privacy Budget: ε = 0.11
2025-04-17 22:43:18,666 - INFO - Starting Round 10/10
2025-04-17 22:43:18,668 - INFO - Training client P1 (Round 10) with noise_multiplier=None
2025-04-17 22:43:27,740 - INFO - P1 (Round 10) - Epoch 1/10 | Loss: 0.0680 | Acc: 0.9907 | Val Loss: 0.0126 | Val Acc: 0.9973 | Grad Norm: 0.0000 | Noise: 0.0000 | SNR: inf | Time: 9.07s
2025-04-17 22:43:36,775 - INFO - P1 (Round 10) - Epoch 2/10 | Loss: 0.0095 | Acc: 0.9978 | Val Loss: 0.0078 | Val Acc: 0.9983 | Grad Norm: 0.0000 | Noise: 0.0000 | SNR: inf | Time: 9.04s
2025-04-17 22:43:46,061 - INFO - P1 (Round 10) - Epoch 3/10 | Loss: 0.0071 | Acc: 0.9983 | Val Loss: 0.0071 | Val Acc: 0.9984 | Grad Norm: 0.0000 | Noise: 0.0000 | SNR: inf | Time: 9.29s
2025-04-17 22:43:55,369 - INFO - P1 (Round 10) - Epoch 4/10 | Loss: 0.0063 | Acc: 0.9985 | Val Loss: 0.0063 | Val Acc: 0.9986 | Grad Norm: 0.0000 | Noise: 0.0000 | SNR: inf | Time: 9.31s
2025-04-17 22:44:04,558 - INFO - P1 (Round 10) - Epoch 5/10 | Loss: 0.0056 | Acc: 0.9987 | Val Loss: 0.0066 | Val Acc: 0.9984 | Grad Norm: 0.0000 | Noise: 0.0000 | SNR: inf | Time: 9.19s
2025-04-17 22:44:13,630 - INFO - P1 (Round 10) - Epoch 6/10 | Loss: 0.0051 | Acc: 0.9989 | Val Loss: 0.0056 | Val Acc: 0.9989 | Grad Norm: 0.0000 | Noise: 0.0000 | SNR: inf | Time: 9.07s
2025-04-17 22:44:22,810 - INFO - P1 (Round 10) - Epoch 7/10 | Loss: 0.0046 | Acc: 0.9990 | Val Loss: 0.0047 | Val Acc: 0.9990 | Grad Norm: 0.0000 | Noise: 0.0000 | SNR: inf | Time: 9.18s
2025-04-17 22:44:33,048 - INFO - P1 (Round 10) - Epoch 8/10 | Loss: 0.0043 | Acc: 0.9990 | Val Loss: 0.0044 | Val Acc: 0.9990 | Grad Norm: 0.0000 | Noise: 0.0000 | SNR: inf | Time: 10.24s
2025-04-17 22:44:43,610 - INFO - P1 (Round 10) - Epoch 9/10 | Loss: 0.0038 | Acc: 0.9992 | Val Loss: 0.0038 | Val Acc: 0.9992 | Grad Norm: 0.0000 | Noise: 0.0000 | SNR: inf | Time: 10.56s
2025-04-17 22:44:54,184 - INFO - P1 (Round 10) - Epoch 10/10 | Loss: 0.0035 | Acc: 0.9992 | Val Loss: 0.0038 | Val Acc: 0.9992 | Grad Norm: 0.0000 | Noise: 0.0000 | SNR: inf | Time: 10.57s
2025-04-17 22:44:54,184 - INFO - Training client P2 (Round 10) with noise_multiplier=2.0
2025-04-17 22:44:54,185 - INFO - P2 (Round 10) - DP setup: noise=2.0, max_grad_norm=1.0
2025-04-17 22:45:45,085 - INFO - P2 (Round 10) - Epoch 1/10 | Loss: 0.2496 | Acc: 0.9481 | Val Loss: 0.2387 | Val Acc: 0.9538 | Grad Norm: 2.4531 | Noise: 53.4790 | SNR: 0.0459 | ε: 0.04 (δ=7.7e-08) | Time: 50.85s
2025-04-17 22:46:34,544 - INFO - P2 (Round 10) - Epoch 2/10 | Loss: 0.2363 | Acc: 0.9542 | Val Loss: 0.2405 | Val Acc: 0.9550 | Grad Norm: 2.5611 | Noise: 53.4790 | SNR: 0.0479 | ε: 0.05 (δ=7.7e-08) | Time: 49.39s
2025-04-17 22:47:23,044 - INFO - P2 (Round 10) - Epoch 3/10 | Loss: 0.2422 | Acc: 0.9541 | Val Loss: 0.2439 | Val Acc: 0.9542 | Grad Norm: 2.6797 | Noise: 53.4790 | SNR: 0.0501 | ε: 0.06 (δ=7.7e-08) | Time: 48.42s
2025-04-17 22:48:10,305 - INFO - P2 (Round 10) - Epoch 4/10 | Loss: 0.2435 | Acc: 0.9546 | Val Loss: 0.2340 | Val Acc: 0.9561 | Grad Norm: 2.7386 | Noise: 53.4790 | SNR: 0.0512 | ε: 0.07 (δ=7.7e-08) | Time: 47.17s
2025-04-17 22:48:56,681 - INFO - P2 (Round 10) - Epoch 5/10 | Loss: 0.2405 | Acc: 0.9562 | Val Loss: 0.2433 | Val Acc: 0.9579 | Grad Norm: 2.7556 | Noise: 53.4790 | SNR: 0.0515 | ε: 0.08 (δ=7.7e-08) | Time: 46.28s
2025-04-17 22:49:44,659 - INFO - P2 (Round 10) - Epoch 6/10 | Loss: 0.2458 | Acc: 0.9562 | Val Loss: 0.2385 | Val Acc: 0.9559 | Grad Norm: 2.8053 | Noise: 53.4790 | SNR: 0.0525 | ε: 0.09 (δ=7.7e-08) | Time: 47.89s
2025-04-17 22:50:34,355 - INFO - P2 (Round 10) - Epoch 7/10 | Loss: 0.2421 | Acc: 0.9566 | Val Loss: 0.2493 | Val Acc: 0.9579 | Grad Norm: 2.7970 | Noise: 53.4790 | SNR: 0.0523 | ε: 0.09 (δ=7.7e-08) | Time: 49.57s
2025-04-17 22:51:24,368 - INFO - P2 (Round 10) - Epoch 8/10 | Loss: 0.2416 | Acc: 0.9577 | Val Loss: 0.2538 | Val Acc: 0.9567 | Grad Norm: 2.8721 | Noise: 53.4790 | SNR: 0.0537 | ε: 0.10 (δ=7.7e-08) | Time: 49.89s
2025-04-17 22:52:13,109 - INFO - P2 (Round 10) - Epoch 9/10 | Loss: 0.2514 | Acc: 0.9574 | Val Loss: 0.2529 | Val Acc: 0.9580 | Grad Norm: 2.9094 | Noise: 53.4790 | SNR: 0.0544 | ε: 0.10 (δ=7.7e-08) | Time: 48.58s
2025-04-17 22:52:59,570 - INFO - P2 (Round 10) - Epoch 10/10 | Loss: 0.2539 | Acc: 0.9569 | Val Loss: 0.2534 | Val Acc: 0.9558 | Grad Norm: 3.0697 | Noise: 53.4790 | SNR: 0.0574 | ε: 0.11 (δ=7.7e-08) | Time: 46.32s
2025-04-17 22:52:59,571 - INFO - P2 (Round 10) - Final Privacy Budget: ε = 0.1094 (δ=7.7e-08)
2025-04-17 22:52:59,571 - INFO - P2 privacy budget: round ε = 0.1094, cumulative ε = 1.0940
2025-04-17 22:53:01,638 - INFO - Round 10/10 completed in 582.97s
2025-04-17 22:53:01,638 - INFO - Global Model - P1 Test: Loss = 9.6450, Accuracy = 0.3899
2025-04-17 22:53:01,638 - INFO - Global Model - P2 Test: Loss = 0.4709, Accuracy = 0.9044
2025-04-17 22:53:01,638 - INFO - P2 Privacy Budget: ε = 0.11
2025-04-17 22:53:01,640 - INFO - Results saved to results/dp_experiments/results_p1_None_p2_2.0.json
2025-04-17 22:53:01,655 - INFO - Differential Privacy Experiment completed successfully
