2025-04-18 16:01:02,820 - INFO - Starting Suppression Experiment 50
2025-04-18 16:01:02,820 - INFO - P1 Features (11/14): ['protocol', 'bidirectional_min_ps', 'bidirectional_mean_ps', 'bidirectional_stddev_ps', 'bidirectional_max_ps', 'src2dst_stddev_ps', 'src2dst_max_ps', 'dst2src_min_ps', 'dst2src_mean_ps', 'dst2src_stddev_ps', 'dst2src_max_ps']
2025-04-18 16:01:02,820 - INFO - P2 Features (7/14): ['protocol', 'bidirectional_min_ps', 'bidirectional_mean_ps', 'bidirectional_stddev_ps', 'bidirectional_max_ps', 'src2dst_stddev_ps', 'src2dst_max_ps']
2025-04-18 16:01:12,831 - INFO - P1 (Round 1) - Epoch 1/10 | Loss: 0.1400 | Acc: 0.9570 | Val Loss: 0.0386 | Val Acc: 0.9905 | Time: 9.87s
2025-04-18 16:01:22,755 - INFO - P1 (Round 1) - Epoch 2/10 | Loss: 0.0287 | Acc: 0.9931 | Val Loss: 0.0228 | Val Acc: 0.9945 | Time: 9.92s
2025-04-18 16:01:32,894 - INFO - P1 (Round 1) - Epoch 3/10 | Loss: 0.0206 | Acc: 0.9949 | Val Loss: 0.0191 | Val Acc: 0.9948 | Time: 10.14s
2025-04-18 16:01:42,829 - INFO - P1 (Round 1) - Epoch 4/10 | Loss: 0.0185 | Acc: 0.9953 | Val Loss: 0.0176 | Val Acc: 0.9955 | Time: 9.93s
2025-04-18 16:01:54,028 - INFO - P1 (Round 1) - Epoch 5/10 | Loss: 0.0173 | Acc: 0.9956 | Val Loss: 0.0179 | Val Acc: 0.9954 | Time: 11.20s
2025-04-18 16:02:04,884 - INFO - P1 (Round 1) - Epoch 6/10 | Loss: 0.0163 | Acc: 0.9958 | Val Loss: 0.0156 | Val Acc: 0.9959 | Time: 10.86s
2025-04-18 16:02:14,601 - INFO - P1 (Round 1) - Epoch 7/10 | Loss: 0.0155 | Acc: 0.9960 | Val Loss: 0.0156 | Val Acc: 0.9962 | Time: 9.72s
2025-04-18 16:02:24,360 - INFO - P1 (Round 1) - Epoch 8/10 | Loss: 0.0148 | Acc: 0.9961 | Val Loss: 0.0160 | Val Acc: 0.9960 | Time: 9.76s
2025-04-18 16:02:34,451 - INFO - P1 (Round 1) - Epoch 9/10 | Loss: 0.0144 | Acc: 0.9962 | Val Loss: 0.0150 | Val Acc: 0.9961 | Time: 10.09s
2025-04-18 16:02:44,511 - INFO - P1 (Round 1) - Epoch 10/10 | Loss: 0.0140 | Acc: 0.9963 | Val Loss: 0.0136 | Val Acc: 0.9964 | Time: 10.06s
2025-04-18 16:02:54,477 - INFO - P2 (Round 1) - Epoch 1/10 | Loss: 0.3944 | Acc: 0.8388 | Val Loss: 0.2869 | Val Acc: 0.8830 | Time: 9.97s
2025-04-18 16:03:05,402 - INFO - P2 (Round 1) - Epoch 2/10 | Loss: 0.2710 | Acc: 0.8888 | Val Loss: 0.2598 | Val Acc: 0.8934 | Time: 10.92s
2025-04-18 16:03:16,677 - INFO - P2 (Round 1) - Epoch 3/10 | Loss: 0.2290 | Acc: 0.9077 | Val Loss: 0.1616 | Val Acc: 0.9451 | Time: 11.28s
2025-04-18 16:03:27,327 - INFO - P2 (Round 1) - Epoch 4/10 | Loss: 0.1372 | Acc: 0.9527 | Val Loss: 0.1249 | Val Acc: 0.9569 | Time: 10.65s
2025-04-18 16:03:38,866 - INFO - P2 (Round 1) - Epoch 5/10 | Loss: 0.1202 | Acc: 0.9571 | Val Loss: 0.1153 | Val Acc: 0.9591 | Time: 11.54s
2025-04-18 16:03:50,341 - INFO - P2 (Round 1) - Epoch 6/10 | Loss: 0.1130 | Acc: 0.9586 | Val Loss: 0.1081 | Val Acc: 0.9599 | Time: 11.47s
2025-04-18 16:04:01,852 - INFO - P2 (Round 1) - Epoch 7/10 | Loss: 0.1078 | Acc: 0.9599 | Val Loss: 0.1041 | Val Acc: 0.9624 | Time: 11.51s
2025-04-18 16:04:13,642 - INFO - P2 (Round 1) - Epoch 8/10 | Loss: 0.1038 | Acc: 0.9617 | Val Loss: 0.0997 | Val Acc: 0.9639 | Time: 11.79s
2025-04-18 16:04:26,122 - INFO - P2 (Round 1) - Epoch 9/10 | Loss: 0.0991 | Acc: 0.9641 | Val Loss: 0.0953 | Val Acc: 0.9654 | Time: 12.48s
2025-04-18 16:04:37,935 - INFO - P2 (Round 1) - Epoch 10/10 | Loss: 0.0915 | Acc: 0.9678 | Val Loss: 0.0851 | Val Acc: 0.9707 | Time: 11.81s
2025-04-18 16:04:40,319 - INFO - Round 1 completed in 217.36s
2025-04-18 16:04:40,319 - INFO - Global Model - P1 Test: Loss = 4.6041, Accuracy = 0.5336
2025-04-18 16:04:40,319 - INFO - Global Model - P2 Test: Loss = 3.9710, Accuracy = 0.4219
2025-04-18 16:04:52,394 - INFO - P1 (Round 2) - Epoch 1/10 | Loss: 0.0889 | Acc: 0.9802 | Val Loss: 0.0271 | Val Acc: 0.9940 | Time: 12.07s
2025-04-18 16:05:04,219 - INFO - P1 (Round 2) - Epoch 2/10 | Loss: 0.0227 | Acc: 0.9946 | Val Loss: 0.0198 | Val Acc: 0.9949 | Time: 11.82s
2025-04-18 16:05:16,408 - INFO - P1 (Round 2) - Epoch 3/10 | Loss: 0.0190 | Acc: 0.9951 | Val Loss: 0.0178 | Val Acc: 0.9953 | Time: 12.19s
2025-04-18 16:05:28,977 - INFO - P1 (Round 2) - Epoch 4/10 | Loss: 0.0173 | Acc: 0.9955 | Val Loss: 0.0169 | Val Acc: 0.9958 | Time: 12.57s
2025-04-18 16:05:41,516 - INFO - P1 (Round 2) - Epoch 5/10 | Loss: 0.0162 | Acc: 0.9958 | Val Loss: 0.0155 | Val Acc: 0.9961 | Time: 12.54s
2025-04-18 16:05:53,410 - INFO - P1 (Round 2) - Epoch 6/10 | Loss: 0.0152 | Acc: 0.9960 | Val Loss: 0.0149 | Val Acc: 0.9963 | Time: 11.89s
2025-04-18 16:06:05,128 - INFO - P1 (Round 2) - Epoch 7/10 | Loss: 0.0143 | Acc: 0.9963 | Val Loss: 0.0139 | Val Acc: 0.9967 | Time: 11.72s
2025-04-18 16:06:16,691 - INFO - P1 (Round 2) - Epoch 8/10 | Loss: 0.0135 | Acc: 0.9966 | Val Loss: 0.0129 | Val Acc: 0.9968 | Time: 11.56s
2025-04-18 16:06:28,872 - INFO - P1 (Round 2) - Epoch 9/10 | Loss: 0.0126 | Acc: 0.9968 | Val Loss: 0.0130 | Val Acc: 0.9970 | Time: 12.18s
2025-04-18 16:06:41,417 - INFO - P1 (Round 2) - Epoch 10/10 | Loss: 0.0117 | Acc: 0.9971 | Val Loss: 0.0125 | Val Acc: 0.9967 | Time: 12.54s
2025-04-18 16:06:53,457 - INFO - P2 (Round 2) - Epoch 1/10 | Loss: 0.2285 | Acc: 0.9195 | Val Loss: 0.1351 | Val Acc: 0.9512 | Time: 12.04s
2025-04-18 16:07:04,859 - INFO - P2 (Round 2) - Epoch 2/10 | Loss: 0.1278 | Acc: 0.9546 | Val Loss: 0.1218 | Val Acc: 0.9560 | Time: 11.40s
2025-04-18 16:07:16,501 - INFO - P2 (Round 2) - Epoch 3/10 | Loss: 0.1192 | Acc: 0.9566 | Val Loss: 0.1139 | Val Acc: 0.9595 | Time: 11.64s
2025-04-18 16:07:27,966 - INFO - P2 (Round 2) - Epoch 4/10 | Loss: 0.1110 | Acc: 0.9597 | Val Loss: 0.1037 | Val Acc: 0.9635 | Time: 11.46s
2025-04-18 16:07:39,501 - INFO - P2 (Round 2) - Epoch 5/10 | Loss: 0.0996 | Acc: 0.9640 | Val Loss: 0.0930 | Val Acc: 0.9675 | Time: 11.53s
2025-04-18 16:07:51,716 - INFO - P2 (Round 2) - Epoch 6/10 | Loss: 0.0914 | Acc: 0.9677 | Val Loss: 0.0866 | Val Acc: 0.9692 | Time: 12.22s
2025-04-18 16:08:03,971 - INFO - P2 (Round 2) - Epoch 7/10 | Loss: 0.0865 | Acc: 0.9697 | Val Loss: 0.0836 | Val Acc: 0.9712 | Time: 12.25s
2025-04-18 16:08:15,557 - INFO - P2 (Round 2) - Epoch 8/10 | Loss: 0.0840 | Acc: 0.9706 | Val Loss: 0.0836 | Val Acc: 0.9700 | Time: 11.59s
2025-04-18 16:08:26,963 - INFO - P2 (Round 2) - Epoch 9/10 | Loss: 0.0822 | Acc: 0.9713 | Val Loss: 0.0809 | Val Acc: 0.9715 | Time: 11.41s
2025-04-18 16:08:38,795 - INFO - P2 (Round 2) - Epoch 10/10 | Loss: 0.0808 | Acc: 0.9718 | Val Loss: 0.0782 | Val Acc: 0.9730 | Time: 11.83s
2025-04-18 16:08:41,533 - INFO - Round 2 completed in 241.21s
2025-04-18 16:08:41,534 - INFO - Global Model - P1 Test: Loss = 4.5655, Accuracy = 0.4224
2025-04-18 16:08:41,534 - INFO - Global Model - P2 Test: Loss = 2.5954, Accuracy = 0.5613
2025-04-18 16:08:53,594 - INFO - P1 (Round 3) - Epoch 1/10 | Loss: 0.0720 | Acc: 0.9833 | Val Loss: 0.0283 | Val Acc: 0.9929 | Time: 12.06s
2025-04-18 16:09:06,582 - INFO - P1 (Round 3) - Epoch 2/10 | Loss: 0.0230 | Acc: 0.9939 | Val Loss: 0.0192 | Val Acc: 0.9950 | Time: 12.99s
2025-04-18 16:09:18,886 - INFO - P1 (Round 3) - Epoch 3/10 | Loss: 0.0178 | Acc: 0.9954 | Val Loss: 0.0169 | Val Acc: 0.9952 | Time: 12.30s
2025-04-18 16:09:31,041 - INFO - P1 (Round 3) - Epoch 4/10 | Loss: 0.0143 | Acc: 0.9963 | Val Loss: 0.0129 | Val Acc: 0.9968 | Time: 12.16s
2025-04-18 16:09:42,803 - INFO - P1 (Round 3) - Epoch 5/10 | Loss: 0.0125 | Acc: 0.9968 | Val Loss: 0.0115 | Val Acc: 0.9972 | Time: 11.76s
2025-04-18 16:09:54,643 - INFO - P1 (Round 3) - Epoch 6/10 | Loss: 0.0112 | Acc: 0.9971 | Val Loss: 0.0112 | Val Acc: 0.9973 | Time: 11.84s
2025-04-18 16:10:06,658 - INFO - P1 (Round 3) - Epoch 7/10 | Loss: 0.0105 | Acc: 0.9973 | Val Loss: 0.0100 | Val Acc: 0.9974 | Time: 12.01s
2025-04-18 16:10:19,687 - INFO - P1 (Round 3) - Epoch 8/10 | Loss: 0.0097 | Acc: 0.9975 | Val Loss: 0.0092 | Val Acc: 0.9976 | Time: 13.03s
2025-04-18 16:10:31,631 - INFO - P1 (Round 3) - Epoch 9/10 | Loss: 0.0092 | Acc: 0.9977 | Val Loss: 0.0089 | Val Acc: 0.9977 | Time: 11.94s
2025-04-18 16:10:43,848 - INFO - P1 (Round 3) - Epoch 10/10 | Loss: 0.0087 | Acc: 0.9978 | Val Loss: 0.0099 | Val Acc: 0.9979 | Time: 12.22s
2025-04-18 16:10:54,017 - INFO - P2 (Round 3) - Epoch 1/10 | Loss: 0.1638 | Acc: 0.9433 | Val Loss: 0.1192 | Val Acc: 0.9558 | Time: 10.17s
2025-04-18 16:11:04,807 - INFO - P2 (Round 3) - Epoch 2/10 | Loss: 0.1146 | Acc: 0.9573 | Val Loss: 0.1089 | Val Acc: 0.9589 | Time: 10.79s
2025-04-18 16:11:16,480 - INFO - P2 (Round 3) - Epoch 3/10 | Loss: 0.1066 | Acc: 0.9597 | Val Loss: 0.0992 | Val Acc: 0.9624 | Time: 11.67s
2025-04-18 16:11:29,416 - INFO - P2 (Round 3) - Epoch 4/10 | Loss: 0.0932 | Acc: 0.9664 | Val Loss: 0.0866 | Val Acc: 0.9695 | Time: 12.94s
2025-04-18 16:11:41,125 - INFO - P2 (Round 3) - Epoch 5/10 | Loss: 0.0861 | Acc: 0.9693 | Val Loss: 0.0840 | Val Acc: 0.9700 | Time: 11.71s
2025-04-18 16:11:53,048 - INFO - P2 (Round 3) - Epoch 6/10 | Loss: 0.0829 | Acc: 0.9701 | Val Loss: 0.0811 | Val Acc: 0.9700 | Time: 11.92s
2025-04-18 16:12:04,604 - INFO - P2 (Round 3) - Epoch 7/10 | Loss: 0.0807 | Acc: 0.9704 | Val Loss: 0.0785 | Val Acc: 0.9709 | Time: 11.56s
2025-04-18 16:12:16,321 - INFO - P2 (Round 3) - Epoch 8/10 | Loss: 0.0793 | Acc: 0.9707 | Val Loss: 0.0798 | Val Acc: 0.9689 | Time: 11.72s
2025-04-18 16:12:27,717 - INFO - P2 (Round 3) - Epoch 9/10 | Loss: 0.0783 | Acc: 0.9711 | Val Loss: 0.0753 | Val Acc: 0.9727 | Time: 11.40s
2025-04-18 16:12:40,171 - INFO - P2 (Round 3) - Epoch 10/10 | Loss: 0.0772 | Acc: 0.9715 | Val Loss: 0.0762 | Val Acc: 0.9703 | Time: 12.45s
2025-04-18 16:12:42,926 - INFO - Round 3 completed in 241.39s
2025-04-18 16:12:42,926 - INFO - Global Model - P1 Test: Loss = 3.8272, Accuracy = 0.4196
2025-04-18 16:12:42,926 - INFO - Global Model - P2 Test: Loss = 1.6553, Accuracy = 0.4491
2025-04-18 16:12:54,933 - INFO - P1 (Round 4) - Epoch 1/10 | Loss: 0.0517 | Acc: 0.9870 | Val Loss: 0.0214 | Val Acc: 0.9942 | Time: 12.01s
2025-04-18 16:13:06,850 - INFO - P1 (Round 4) - Epoch 2/10 | Loss: 0.0164 | Acc: 0.9955 | Val Loss: 0.0131 | Val Acc: 0.9965 | Time: 11.92s
2025-04-18 16:13:18,479 - INFO - P1 (Round 4) - Epoch 3/10 | Loss: 0.0118 | Acc: 0.9969 | Val Loss: 0.0109 | Val Acc: 0.9975 | Time: 11.63s
2025-04-18 16:13:30,598 - INFO - P1 (Round 4) - Epoch 4/10 | Loss: 0.0105 | Acc: 0.9973 | Val Loss: 0.0098 | Val Acc: 0.9977 | Time: 12.12s
2025-04-18 16:13:43,024 - INFO - P1 (Round 4) - Epoch 5/10 | Loss: 0.0094 | Acc: 0.9977 | Val Loss: 0.0111 | Val Acc: 0.9973 | Time: 12.43s
2025-04-18 16:13:55,882 - INFO - P1 (Round 4) - Epoch 6/10 | Loss: 0.0087 | Acc: 0.9979 | Val Loss: 0.0087 | Val Acc: 0.9980 | Time: 12.86s
2025-04-18 16:14:07,529 - INFO - P1 (Round 4) - Epoch 7/10 | Loss: 0.0080 | Acc: 0.9981 | Val Loss: 0.0087 | Val Acc: 0.9979 | Time: 11.65s
2025-04-18 16:14:17,453 - INFO - P1 (Round 4) - Epoch 8/10 | Loss: 0.0073 | Acc: 0.9983 | Val Loss: 0.0070 | Val Acc: 0.9985 | Time: 9.92s
2025-04-18 16:14:28,257 - INFO - P1 (Round 4) - Epoch 9/10 | Loss: 0.0065 | Acc: 0.9985 | Val Loss: 0.0063 | Val Acc: 0.9985 | Time: 10.80s
2025-04-18 16:14:41,793 - INFO - P1 (Round 4) - Epoch 10/10 | Loss: 0.0060 | Acc: 0.9986 | Val Loss: 0.0060 | Val Acc: 0.9987 | Time: 13.54s
2025-04-18 16:14:53,707 - INFO - P2 (Round 4) - Epoch 1/10 | Loss: 0.1362 | Acc: 0.9517 | Val Loss: 0.1018 | Val Acc: 0.9650 | Time: 11.91s
2025-04-18 16:15:06,503 - INFO - P2 (Round 4) - Epoch 2/10 | Loss: 0.0959 | Acc: 0.9664 | Val Loss: 0.0924 | Val Acc: 0.9678 | Time: 12.80s
2025-04-18 16:15:18,127 - INFO - P2 (Round 4) - Epoch 3/10 | Loss: 0.0882 | Acc: 0.9686 | Val Loss: 0.0857 | Val Acc: 0.9684 | Time: 11.62s
2025-04-18 16:15:29,471 - INFO - P2 (Round 4) - Epoch 4/10 | Loss: 0.0842 | Acc: 0.9691 | Val Loss: 0.0816 | Val Acc: 0.9698 | Time: 11.34s
2025-04-18 16:15:40,865 - INFO - P2 (Round 4) - Epoch 5/10 | Loss: 0.0825 | Acc: 0.9697 | Val Loss: 0.0807 | Val Acc: 0.9697 | Time: 11.39s
2025-04-18 16:15:52,835 - INFO - P2 (Round 4) - Epoch 6/10 | Loss: 0.0813 | Acc: 0.9702 | Val Loss: 0.0800 | Val Acc: 0.9701 | Time: 11.97s
2025-04-18 16:16:04,212 - INFO - P2 (Round 4) - Epoch 7/10 | Loss: 0.0795 | Acc: 0.9711 | Val Loss: 0.0769 | Val Acc: 0.9726 | Time: 11.38s
2025-04-18 16:16:16,879 - INFO - P2 (Round 4) - Epoch 8/10 | Loss: 0.0782 | Acc: 0.9715 | Val Loss: 0.0764 | Val Acc: 0.9737 | Time: 12.67s
2025-04-18 16:16:28,414 - INFO - P2 (Round 4) - Epoch 9/10 | Loss: 0.0772 | Acc: 0.9719 | Val Loss: 0.0760 | Val Acc: 0.9708 | Time: 11.53s
2025-04-18 16:16:39,758 - INFO - P2 (Round 4) - Epoch 10/10 | Loss: 0.0756 | Acc: 0.9726 | Val Loss: 0.0740 | Val Acc: 0.9720 | Time: 11.34s
2025-04-18 16:16:42,141 - INFO - Round 4 completed in 239.22s
2025-04-18 16:16:42,141 - INFO - Global Model - P1 Test: Loss = 4.2580, Accuracy = 0.4893
2025-04-18 16:16:42,142 - INFO - Global Model - P2 Test: Loss = 1.8612, Accuracy = 0.4749
2025-04-18 16:16:53,770 - INFO - P1 (Round 5) - Epoch 1/10 | Loss: 0.0464 | Acc: 0.9917 | Val Loss: 0.0109 | Val Acc: 0.9974 | Time: 11.63s
2025-04-18 16:17:06,041 - INFO - P1 (Round 5) - Epoch 2/10 | Loss: 0.0101 | Acc: 0.9976 | Val Loss: 0.0117 | Val Acc: 0.9966 | Time: 12.27s
2025-04-18 16:17:18,043 - INFO - P1 (Round 5) - Epoch 3/10 | Loss: 0.0084 | Acc: 0.9980 | Val Loss: 0.0075 | Val Acc: 0.9984 | Time: 12.00s
2025-04-18 16:17:30,812 - INFO - P1 (Round 5) - Epoch 4/10 | Loss: 0.0074 | Acc: 0.9982 | Val Loss: 0.0070 | Val Acc: 0.9985 | Time: 12.77s
2025-04-18 16:17:42,645 - INFO - P1 (Round 5) - Epoch 5/10 | Loss: 0.0067 | Acc: 0.9984 | Val Loss: 0.0079 | Val Acc: 0.9978 | Time: 11.83s
2025-04-18 16:17:54,901 - INFO - P1 (Round 5) - Epoch 6/10 | Loss: 0.0060 | Acc: 0.9986 | Val Loss: 0.0061 | Val Acc: 0.9984 | Time: 12.26s
2025-04-18 16:18:06,749 - INFO - P1 (Round 5) - Epoch 7/10 | Loss: 0.0056 | Acc: 0.9987 | Val Loss: 0.0055 | Val Acc: 0.9987 | Time: 11.85s
2025-04-18 16:18:18,487 - INFO - P1 (Round 5) - Epoch 8/10 | Loss: 0.0052 | Acc: 0.9988 | Val Loss: 0.0051 | Val Acc: 0.9990 | Time: 11.74s
2025-04-18 16:18:30,365 - INFO - P1 (Round 5) - Epoch 9/10 | Loss: 0.0048 | Acc: 0.9989 | Val Loss: 0.0045 | Val Acc: 0.9989 | Time: 11.88s
2025-04-18 16:18:43,248 - INFO - P1 (Round 5) - Epoch 10/10 | Loss: 0.0046 | Acc: 0.9989 | Val Loss: 0.0044 | Val Acc: 0.9991 | Time: 12.88s
2025-04-18 16:18:54,601 - INFO - P2 (Round 5) - Epoch 1/10 | Loss: 0.2665 | Acc: 0.8944 | Val Loss: 0.2192 | Val Acc: 0.9166 | Time: 11.35s
2025-04-18 16:19:06,486 - INFO - P2 (Round 5) - Epoch 2/10 | Loss: 0.1485 | Acc: 0.9484 | Val Loss: 0.1112 | Val Acc: 0.9591 | Time: 11.88s
2025-04-18 16:19:17,984 - INFO - P2 (Round 5) - Epoch 3/10 | Loss: 0.1061 | Acc: 0.9606 | Val Loss: 0.0907 | Val Acc: 0.9680 | Time: 11.50s
2025-04-18 16:19:29,748 - INFO - P2 (Round 5) - Epoch 4/10 | Loss: 0.0877 | Acc: 0.9690 | Val Loss: 0.0836 | Val Acc: 0.9716 | Time: 11.76s
2025-04-18 16:19:41,248 - INFO - P2 (Round 5) - Epoch 5/10 | Loss: 0.0837 | Acc: 0.9701 | Val Loss: 0.0881 | Val Acc: 0.9675 | Time: 11.50s
2025-04-18 16:19:54,025 - INFO - P2 (Round 5) - Epoch 6/10 | Loss: 0.0821 | Acc: 0.9703 | Val Loss: 0.0813 | Val Acc: 0.9706 | Time: 12.78s
2025-04-18 16:20:05,713 - INFO - P2 (Round 5) - Epoch 7/10 | Loss: 0.0807 | Acc: 0.9706 | Val Loss: 0.0766 | Val Acc: 0.9717 | Time: 11.69s
2025-04-18 16:20:17,902 - INFO - P2 (Round 5) - Epoch 8/10 | Loss: 0.0771 | Acc: 0.9721 | Val Loss: 0.0748 | Val Acc: 0.9730 | Time: 12.19s
2025-04-18 16:20:29,532 - INFO - P2 (Round 5) - Epoch 9/10 | Loss: 0.0758 | Acc: 0.9727 | Val Loss: 0.0778 | Val Acc: 0.9728 | Time: 11.63s
2025-04-18 16:20:41,198 - INFO - P2 (Round 5) - Epoch 10/10 | Loss: 0.0747 | Acc: 0.9730 | Val Loss: 0.0727 | Val Acc: 0.9746 | Time: 11.67s
2025-04-18 16:20:43,659 - INFO - Round 5 completed in 241.52s
2025-04-18 16:20:43,659 - INFO - Global Model - P1 Test: Loss = 4.7018, Accuracy = 0.4227
2025-04-18 16:20:43,659 - INFO - Global Model - P2 Test: Loss = 2.0081, Accuracy = 0.4889
2025-04-18 16:20:55,890 - INFO - P1 (Round 6) - Epoch 1/10 | Loss: 0.0427 | Acc: 0.9924 | Val Loss: 0.0092 | Val Acc: 0.9978 | Time: 12.23s
2025-04-18 16:21:08,657 - INFO - P1 (Round 6) - Epoch 2/10 | Loss: 0.0077 | Acc: 0.9983 | Val Loss: 0.0071 | Val Acc: 0.9983 | Time: 12.77s
2025-04-18 16:21:20,517 - INFO - P1 (Round 6) - Epoch 3/10 | Loss: 0.0063 | Acc: 0.9985 | Val Loss: 0.0053 | Val Acc: 0.9988 | Time: 11.86s
2025-04-18 16:21:32,471 - INFO - P1 (Round 6) - Epoch 4/10 | Loss: 0.0056 | Acc: 0.9987 | Val Loss: 0.0088 | Val Acc: 0.9973 | Time: 11.95s
2025-04-18 16:21:42,747 - INFO - P1 (Round 6) - Epoch 5/10 | Loss: 0.0052 | Acc: 0.9988 | Val Loss: 0.0048 | Val Acc: 0.9989 | Time: 10.28s
2025-04-18 16:21:52,779 - INFO - P1 (Round 6) - Epoch 6/10 | Loss: 0.0048 | Acc: 0.9989 | Val Loss: 0.0043 | Val Acc: 0.9989 | Time: 10.03s
2025-04-18 16:22:03,281 - INFO - P1 (Round 6) - Epoch 7/10 | Loss: 0.0045 | Acc: 0.9990 | Val Loss: 0.0043 | Val Acc: 0.9990 | Time: 10.50s
2025-04-18 16:22:15,183 - INFO - P1 (Round 6) - Epoch 8/10 | Loss: 0.0043 | Acc: 0.9991 | Val Loss: 0.0041 | Val Acc: 0.9990 | Time: 11.90s
2025-04-18 16:22:25,294 - INFO - P1 (Round 6) - Epoch 9/10 | Loss: 0.0041 | Acc: 0.9991 | Val Loss: 0.0053 | Val Acc: 0.9987 | Time: 10.11s
2025-04-18 16:22:35,449 - INFO - P1 (Round 6) - Epoch 10/10 | Loss: 0.0039 | Acc: 0.9992 | Val Loss: 0.0038 | Val Acc: 0.9992 | Time: 10.15s
2025-04-18 16:22:45,112 - INFO - P2 (Round 6) - Epoch 1/10 | Loss: 0.1832 | Acc: 0.9373 | Val Loss: 0.1308 | Val Acc: 0.9555 | Time: 9.66s
2025-04-18 16:22:55,677 - INFO - P2 (Round 6) - Epoch 2/10 | Loss: 0.1141 | Acc: 0.9574 | Val Loss: 0.1011 | Val Acc: 0.9617 | Time: 10.57s
2025-04-18 16:23:05,588 - INFO - P2 (Round 6) - Epoch 3/10 | Loss: 0.0866 | Acc: 0.9683 | Val Loss: 0.0825 | Val Acc: 0.9707 | Time: 9.91s
2025-04-18 16:23:17,807 - INFO - P2 (Round 6) - Epoch 4/10 | Loss: 0.0824 | Acc: 0.9702 | Val Loss: 0.0808 | Val Acc: 0.9706 | Time: 12.22s
2025-04-18 16:23:28,699 - INFO - P2 (Round 6) - Epoch 5/10 | Loss: 0.0801 | Acc: 0.9707 | Val Loss: 0.0791 | Val Acc: 0.9718 | Time: 10.89s
2025-04-18 16:23:38,660 - INFO - P2 (Round 6) - Epoch 6/10 | Loss: 0.0789 | Acc: 0.9710 | Val Loss: 0.0781 | Val Acc: 0.9720 | Time: 9.96s
2025-04-18 16:23:48,512 - INFO - P2 (Round 6) - Epoch 7/10 | Loss: 0.0782 | Acc: 0.9713 | Val Loss: 0.0768 | Val Acc: 0.9719 | Time: 9.85s
2025-04-18 16:23:58,178 - INFO - P2 (Round 6) - Epoch 8/10 | Loss: 0.0776 | Acc: 0.9716 | Val Loss: 0.0756 | Val Acc: 0.9714 | Time: 9.67s
2025-04-18 16:24:08,138 - INFO - P2 (Round 6) - Epoch 9/10 | Loss: 0.0770 | Acc: 0.9718 | Val Loss: 0.0747 | Val Acc: 0.9726 | Time: 9.96s
2025-04-18 16:24:17,925 - INFO - P2 (Round 6) - Epoch 10/10 | Loss: 0.0766 | Acc: 0.9718 | Val Loss: 0.0772 | Val Acc: 0.9723 | Time: 9.79s
2025-04-18 16:24:20,192 - INFO - Round 6 completed in 216.53s
2025-04-18 16:24:20,192 - INFO - Global Model - P1 Test: Loss = 3.3152, Accuracy = 0.6187
2025-04-18 16:24:20,192 - INFO - Global Model - P2 Test: Loss = 1.9381, Accuracy = 0.5824
2025-04-18 16:24:31,285 - INFO - P1 (Round 7) - Epoch 1/10 | Loss: 0.0306 | Acc: 0.9942 | Val Loss: 0.0057 | Val Acc: 0.9987 | Time: 11.09s
2025-04-18 16:24:41,754 - INFO - P1 (Round 7) - Epoch 2/10 | Loss: 0.0060 | Acc: 0.9987 | Val Loss: 0.0048 | Val Acc: 0.9988 | Time: 10.47s
2025-04-18 16:24:52,125 - INFO - P1 (Round 7) - Epoch 3/10 | Loss: 0.0050 | Acc: 0.9989 | Val Loss: 0.0046 | Val Acc: 0.9990 | Time: 10.37s
2025-04-18 16:25:02,349 - INFO - P1 (Round 7) - Epoch 4/10 | Loss: 0.0046 | Acc: 0.9991 | Val Loss: 0.0038 | Val Acc: 0.9991 | Time: 10.22s
2025-04-18 16:25:12,511 - INFO - P1 (Round 7) - Epoch 5/10 | Loss: 0.0043 | Acc: 0.9991 | Val Loss: 0.0038 | Val Acc: 0.9992 | Time: 10.16s
2025-04-18 16:25:22,468 - INFO - P1 (Round 7) - Epoch 6/10 | Loss: 0.0041 | Acc: 0.9992 | Val Loss: 0.0039 | Val Acc: 0.9990 | Time: 9.96s
2025-04-18 16:25:32,484 - INFO - P1 (Round 7) - Epoch 7/10 | Loss: 0.0040 | Acc: 0.9992 | Val Loss: 0.0042 | Val Acc: 0.9992 | Time: 10.02s
2025-04-18 16:25:43,733 - INFO - P1 (Round 7) - Epoch 8/10 | Loss: 0.0039 | Acc: 0.9992 | Val Loss: 0.0045 | Val Acc: 0.9992 | Time: 11.25s
2025-04-18 16:25:54,410 - INFO - P1 (Round 7) - Epoch 9/10 | Loss: 0.0037 | Acc: 0.9993 | Val Loss: 0.0044 | Val Acc: 0.9991 | Time: 10.68s
2025-04-18 16:26:04,541 - INFO - P1 (Round 7) - Epoch 10/10 | Loss: 0.0036 | Acc: 0.9993 | Val Loss: 0.0032 | Val Acc: 0.9993 | Time: 10.13s
2025-04-18 16:26:14,581 - INFO - P2 (Round 7) - Epoch 1/10 | Loss: 0.1413 | Acc: 0.9484 | Val Loss: 0.1015 | Val Acc: 0.9604 | Time: 10.04s
2025-04-18 16:26:24,535 - INFO - P2 (Round 7) - Epoch 2/10 | Loss: 0.0825 | Acc: 0.9693 | Val Loss: 0.0785 | Val Acc: 0.9717 | Time: 9.95s
2025-04-18 16:26:34,326 - INFO - P2 (Round 7) - Epoch 3/10 | Loss: 0.0788 | Acc: 0.9712 | Val Loss: 0.0768 | Val Acc: 0.9722 | Time: 9.79s
2025-04-18 16:26:44,525 - INFO - P2 (Round 7) - Epoch 4/10 | Loss: 0.0778 | Acc: 0.9717 | Val Loss: 0.0793 | Val Acc: 0.9711 | Time: 10.20s
2025-04-18 16:26:55,513 - INFO - P2 (Round 7) - Epoch 5/10 | Loss: 0.0768 | Acc: 0.9720 | Val Loss: 0.0750 | Val Acc: 0.9732 | Time: 10.99s
2025-04-18 16:27:06,055 - INFO - P2 (Round 7) - Epoch 6/10 | Loss: 0.0759 | Acc: 0.9723 | Val Loss: 0.0781 | Val Acc: 0.9705 | Time: 10.54s
2025-04-18 16:27:15,959 - INFO - P2 (Round 7) - Epoch 7/10 | Loss: 0.0752 | Acc: 0.9723 | Val Loss: 0.0748 | Val Acc: 0.9736 | Time: 9.90s
2025-04-18 16:27:25,887 - INFO - P2 (Round 7) - Epoch 8/10 | Loss: 0.0747 | Acc: 0.9726 | Val Loss: 0.0729 | Val Acc: 0.9732 | Time: 9.93s
2025-04-18 16:27:35,675 - INFO - P2 (Round 7) - Epoch 9/10 | Loss: 0.0743 | Acc: 0.9727 | Val Loss: 0.0735 | Val Acc: 0.9738 | Time: 9.79s
2025-04-18 16:27:45,462 - INFO - P2 (Round 7) - Epoch 10/10 | Loss: 0.0741 | Acc: 0.9728 | Val Loss: 0.0783 | Val Acc: 0.9695 | Time: 9.79s
2025-04-18 16:27:47,699 - INFO - Round 7 completed in 207.51s
2025-04-18 16:27:47,699 - INFO - Global Model - P1 Test: Loss = 3.7758, Accuracy = 0.6129
2025-04-18 16:27:47,699 - INFO - Global Model - P2 Test: Loss = 2.0368, Accuracy = 0.5419
2025-04-18 16:27:57,723 - INFO - P1 (Round 8) - Epoch 1/10 | Loss: 0.0299 | Acc: 0.9946 | Val Loss: 0.0049 | Val Acc: 0.9989 | Time: 10.02s
2025-04-18 16:28:09,821 - INFO - P1 (Round 8) - Epoch 2/10 | Loss: 0.0050 | Acc: 0.9989 | Val Loss: 0.0043 | Val Acc: 0.9992 | Time: 12.10s
2025-04-18 16:28:20,083 - INFO - P1 (Round 8) - Epoch 3/10 | Loss: 0.0044 | Acc: 0.9991 | Val Loss: 0.0039 | Val Acc: 0.9992 | Time: 10.26s
2025-04-18 16:28:30,202 - INFO - P1 (Round 8) - Epoch 4/10 | Loss: 0.0041 | Acc: 0.9991 | Val Loss: 0.0036 | Val Acc: 0.9992 | Time: 10.12s
2025-04-18 16:28:40,537 - INFO - P1 (Round 8) - Epoch 5/10 | Loss: 0.0039 | Acc: 0.9992 | Val Loss: 0.0035 | Val Acc: 0.9992 | Time: 10.34s
2025-04-18 16:28:50,676 - INFO - P1 (Round 8) - Epoch 6/10 | Loss: 0.0038 | Acc: 0.9992 | Val Loss: 0.0032 | Val Acc: 0.9993 | Time: 10.14s
2025-04-18 16:29:01,075 - INFO - P1 (Round 8) - Epoch 7/10 | Loss: 0.0036 | Acc: 0.9992 | Val Loss: 0.0032 | Val Acc: 0.9993 | Time: 10.40s
2025-04-18 16:29:11,266 - INFO - P1 (Round 8) - Epoch 8/10 | Loss: 0.0035 | Acc: 0.9993 | Val Loss: 0.0035 | Val Acc: 0.9992 | Time: 10.19s
2025-04-18 16:29:23,008 - INFO - P1 (Round 8) - Epoch 9/10 | Loss: 0.0035 | Acc: 0.9993 | Val Loss: 0.0031 | Val Acc: 0.9994 | Time: 11.74s
2025-04-18 16:29:33,135 - INFO - P1 (Round 8) - Epoch 10/10 | Loss: 0.0034 | Acc: 0.9993 | Val Loss: 0.0037 | Val Acc: 0.9993 | Time: 10.13s
2025-04-18 16:29:43,087 - INFO - P2 (Round 8) - Epoch 1/10 | Loss: 0.1359 | Acc: 0.9492 | Val Loss: 0.1007 | Val Acc: 0.9603 | Time: 9.95s
2025-04-18 16:29:52,965 - INFO - P2 (Round 8) - Epoch 2/10 | Loss: 0.0852 | Acc: 0.9678 | Val Loss: 0.0772 | Val Acc: 0.9721 | Time: 9.88s
2025-04-18 16:30:02,850 - INFO - P2 (Round 8) - Epoch 3/10 | Loss: 0.0771 | Acc: 0.9719 | Val Loss: 0.0757 | Val Acc: 0.9733 | Time: 9.88s
2025-04-18 16:30:12,847 - INFO - P2 (Round 8) - Epoch 4/10 | Loss: 0.0759 | Acc: 0.9722 | Val Loss: 0.0744 | Val Acc: 0.9724 | Time: 10.00s
2025-04-18 16:30:22,867 - INFO - P2 (Round 8) - Epoch 5/10 | Loss: 0.0750 | Acc: 0.9726 | Val Loss: 0.0725 | Val Acc: 0.9732 | Time: 10.02s
2025-04-18 16:30:34,530 - INFO - P2 (Round 8) - Epoch 6/10 | Loss: 0.0745 | Acc: 0.9727 | Val Loss: 0.0737 | Val Acc: 0.9734 | Time: 11.66s
2025-04-18 16:30:44,316 - INFO - P2 (Round 8) - Epoch 7/10 | Loss: 0.0741 | Acc: 0.9728 | Val Loss: 0.0735 | Val Acc: 0.9734 | Time: 9.79s
2025-04-18 16:30:54,080 - INFO - P2 (Round 8) - Epoch 8/10 | Loss: 0.0738 | Acc: 0.9730 | Val Loss: 0.0718 | Val Acc: 0.9739 | Time: 9.76s
2025-04-18 16:31:03,908 - INFO - P2 (Round 8) - Epoch 9/10 | Loss: 0.0734 | Acc: 0.9731 | Val Loss: 0.0730 | Val Acc: 0.9732 | Time: 9.83s
2025-04-18 16:31:13,603 - INFO - P2 (Round 8) - Epoch 10/10 | Loss: 0.0733 | Acc: 0.9732 | Val Loss: 0.0715 | Val Acc: 0.9737 | Time: 9.69s
2025-04-18 16:31:15,927 - INFO - Round 8 completed in 208.23s
2025-04-18 16:31:15,927 - INFO - Global Model - P1 Test: Loss = 6.1709, Accuracy = 0.5230
2025-04-18 16:31:15,928 - INFO - Global Model - P2 Test: Loss = 2.3671, Accuracy = 0.4886
2025-04-18 16:31:26,124 - INFO - P1 (Round 9) - Epoch 1/10 | Loss: 0.0338 | Acc: 0.9945 | Val Loss: 0.0048 | Val Acc: 0.9990 | Time: 10.20s
2025-04-18 16:31:36,519 - INFO - P1 (Round 9) - Epoch 2/10 | Loss: 0.0046 | Acc: 0.9991 | Val Loss: 0.0046 | Val Acc: 0.9991 | Time: 10.40s
2025-04-18 16:31:48,053 - INFO - P1 (Round 9) - Epoch 3/10 | Loss: 0.0041 | Acc: 0.9992 | Val Loss: 0.0036 | Val Acc: 0.9992 | Time: 11.53s
2025-04-18 16:31:58,102 - INFO - P1 (Round 9) - Epoch 4/10 | Loss: 0.0039 | Acc: 0.9992 | Val Loss: 0.0035 | Val Acc: 0.9993 | Time: 10.05s
2025-04-18 16:32:08,174 - INFO - P1 (Round 9) - Epoch 5/10 | Loss: 0.0038 | Acc: 0.9992 | Val Loss: 0.0042 | Val Acc: 0.9990 | Time: 10.07s
2025-04-18 16:32:18,351 - INFO - P1 (Round 9) - Epoch 6/10 | Loss: 0.0036 | Acc: 0.9992 | Val Loss: 0.0088 | Val Acc: 0.9979 | Time: 10.18s
2025-04-18 16:32:29,474 - INFO - P1 (Round 9) - Epoch 7/10 | Loss: 0.0034 | Acc: 0.9993 | Val Loss: 0.0034 | Val Acc: 0.9993 | Time: 11.12s
2025-04-18 16:32:39,692 - INFO - P1 (Round 9) - Epoch 8/10 | Loss: 0.0034 | Acc: 0.9993 | Val Loss: 0.0035 | Val Acc: 0.9993 | Time: 10.22s
2025-04-18 16:32:50,810 - INFO - P1 (Round 9) - Epoch 9/10 | Loss: 0.0033 | Acc: 0.9993 | Val Loss: 0.0032 | Val Acc: 0.9993 | Time: 11.12s
2025-04-18 16:33:02,020 - INFO - P1 (Round 9) - Epoch 10/10 | Loss: 0.0033 | Acc: 0.9993 | Val Loss: 0.0029 | Val Acc: 0.9994 | Time: 11.21s
2025-04-18 16:33:12,154 - INFO - P2 (Round 9) - Epoch 1/10 | Loss: 0.1428 | Acc: 0.9469 | Val Loss: 0.1009 | Val Acc: 0.9612 | Time: 10.13s
2025-04-18 16:33:22,311 - INFO - P2 (Round 9) - Epoch 2/10 | Loss: 0.0992 | Acc: 0.9616 | Val Loss: 0.0950 | Val Acc: 0.9644 | Time: 10.16s
2025-04-18 16:33:32,424 - INFO - P2 (Round 9) - Epoch 3/10 | Loss: 0.0956 | Acc: 0.9635 | Val Loss: 0.0938 | Val Acc: 0.9638 | Time: 10.11s
2025-04-18 16:33:42,428 - INFO - P2 (Round 9) - Epoch 4/10 | Loss: 0.0942 | Acc: 0.9640 | Val Loss: 0.0918 | Val Acc: 0.9651 | Time: 10.00s
2025-04-18 16:33:52,363 - INFO - P2 (Round 9) - Epoch 5/10 | Loss: 0.0932 | Acc: 0.9644 | Val Loss: 0.0910 | Val Acc: 0.9663 | Time: 9.93s
2025-04-18 16:34:03,228 - INFO - P2 (Round 9) - Epoch 6/10 | Loss: 0.0924 | Acc: 0.9647 | Val Loss: 0.0906 | Val Acc: 0.9663 | Time: 10.87s
2025-04-18 16:34:13,983 - INFO - P2 (Round 9) - Epoch 7/10 | Loss: 0.0905 | Acc: 0.9656 | Val Loss: 0.0866 | Val Acc: 0.9675 | Time: 10.76s
2025-04-18 16:34:23,850 - INFO - P2 (Round 9) - Epoch 8/10 | Loss: 0.0861 | Acc: 0.9676 | Val Loss: 0.0839 | Val Acc: 0.9687 | Time: 9.87s
2025-04-18 16:34:33,580 - INFO - P2 (Round 9) - Epoch 9/10 | Loss: 0.0833 | Acc: 0.9689 | Val Loss: 0.0825 | Val Acc: 0.9689 | Time: 9.73s
2025-04-18 16:34:43,432 - INFO - P2 (Round 9) - Epoch 10/10 | Loss: 0.0816 | Acc: 0.9696 | Val Loss: 0.0789 | Val Acc: 0.9711 | Time: 9.85s
2025-04-18 16:34:45,682 - INFO - Round 9 completed in 209.75s
2025-04-18 16:34:45,682 - INFO - Global Model - P1 Test: Loss = 14.7270, Accuracy = 0.3896
2025-04-18 16:34:45,682 - INFO - Global Model - P2 Test: Loss = 2.4979, Accuracy = 0.4354
2025-04-18 16:34:55,892 - INFO - P1 (Round 10) - Epoch 1/10 | Loss: 0.0536 | Acc: 0.9936 | Val Loss: 0.0053 | Val Acc: 0.9989 | Time: 10.21s
2025-04-18 16:35:06,140 - INFO - P1 (Round 10) - Epoch 2/10 | Loss: 0.0048 | Acc: 0.9990 | Val Loss: 0.0037 | Val Acc: 0.9991 | Time: 10.25s
2025-04-18 16:35:17,969 - INFO - P1 (Round 10) - Epoch 3/10 | Loss: 0.0041 | Acc: 0.9992 | Val Loss: 0.0037 | Val Acc: 0.9992 | Time: 11.83s
2025-04-18 16:35:28,208 - INFO - P1 (Round 10) - Epoch 4/10 | Loss: 0.0038 | Acc: 0.9992 | Val Loss: 0.0040 | Val Acc: 0.9989 | Time: 10.24s
2025-04-18 16:35:38,146 - INFO - P1 (Round 10) - Epoch 5/10 | Loss: 0.0036 | Acc: 0.9992 | Val Loss: 0.0038 | Val Acc: 0.9993 | Time: 9.94s
2025-04-18 16:35:48,282 - INFO - P1 (Round 10) - Epoch 6/10 | Loss: 0.0035 | Acc: 0.9992 | Val Loss: 0.0036 | Val Acc: 0.9992 | Time: 10.14s
2025-04-18 16:35:59,097 - INFO - P1 (Round 10) - Epoch 7/10 | Loss: 0.0037 | Acc: 0.9992 | Val Loss: 0.0036 | Val Acc: 0.9991 | Time: 10.81s
2025-04-18 16:36:10,997 - INFO - P1 (Round 10) - Epoch 8/10 | Loss: 0.0034 | Acc: 0.9993 | Val Loss: 0.0036 | Val Acc: 0.9992 | Time: 11.90s
2025-04-18 16:36:23,044 - INFO - P1 (Round 10) - Epoch 9/10 | Loss: 0.0033 | Acc: 0.9993 | Val Loss: 0.0032 | Val Acc: 0.9993 | Time: 12.05s
2025-04-18 16:36:35,773 - INFO - P1 (Round 10) - Epoch 10/10 | Loss: 0.0032 | Acc: 0.9993 | Val Loss: 0.0033 | Val Acc: 0.9993 | Time: 12.73s
2025-04-18 16:36:47,886 - INFO - P2 (Round 10) - Epoch 1/10 | Loss: 0.1143 | Acc: 0.9590 | Val Loss: 0.0853 | Val Acc: 0.9682 | Time: 12.11s
2025-04-18 16:36:59,840 - INFO - P2 (Round 10) - Epoch 2/10 | Loss: 0.0852 | Acc: 0.9686 | Val Loss: 0.0837 | Val Acc: 0.9691 | Time: 11.95s
2025-04-18 16:37:11,813 - INFO - P2 (Round 10) - Epoch 3/10 | Loss: 0.0795 | Acc: 0.9710 | Val Loss: 0.0773 | Val Acc: 0.9719 | Time: 11.97s
2025-04-18 16:37:23,539 - INFO - P2 (Round 10) - Epoch 4/10 | Loss: 0.0760 | Acc: 0.9722 | Val Loss: 0.0758 | Val Acc: 0.9727 | Time: 11.73s
2025-04-18 16:37:35,396 - INFO - P2 (Round 10) - Epoch 5/10 | Loss: 0.0753 | Acc: 0.9725 | Val Loss: 0.0736 | Val Acc: 0.9733 | Time: 11.86s
2025-04-18 16:37:48,005 - INFO - P2 (Round 10) - Epoch 6/10 | Loss: 0.0747 | Acc: 0.9728 | Val Loss: 0.0737 | Val Acc: 0.9733 | Time: 12.61s
2025-04-18 16:38:00,155 - INFO - P2 (Round 10) - Epoch 7/10 | Loss: 0.0744 | Acc: 0.9728 | Val Loss: 0.0732 | Val Acc: 0.9736 | Time: 12.15s
2025-04-18 16:38:12,045 - INFO - P2 (Round 10) - Epoch 8/10 | Loss: 0.0740 | Acc: 0.9730 | Val Loss: 0.0728 | Val Acc: 0.9733 | Time: 11.89s
2025-04-18 16:38:23,618 - INFO - P2 (Round 10) - Epoch 9/10 | Loss: 0.0737 | Acc: 0.9731 | Val Loss: 0.0719 | Val Acc: 0.9740 | Time: 11.57s
2025-04-18 16:38:35,160 - INFO - P2 (Round 10) - Epoch 10/10 | Loss: 0.0733 | Acc: 0.9731 | Val Loss: 0.0742 | Val Acc: 0.9728 | Time: 11.54s
2025-04-18 16:38:37,598 - INFO - Round 10 completed in 231.91s
2025-04-18 16:38:37,598 - INFO - Global Model - P1 Test: Loss = 11.8936, Accuracy = 0.4590
2025-04-18 16:38:37,598 - INFO - Global Model - P2 Test: Loss = 2.2403, Accuracy = 0.5850
2025-04-18 16:38:40,029 - INFO - Final Results after 10 rounds:
2025-04-18 16:38:40,029 - INFO - Global Model - P1 Test: Loss = 11.8936, Accuracy = 0.4590
2025-04-18 16:38:40,029 - INFO - Global Model - P2 Test: Loss = 2.2403, Accuracy = 0.5850
2025-04-18 16:38:40,038 - INFO - Experiment 50 results saved to results/suppression_experiments/exp_50_p1f11_p2f7.json
