2025-04-18 19:14:58,957 - INFO - Starting Suppression Experiment 95
2025-04-18 19:14:58,957 - INFO - P1 Features (8/14): ['protocol', 'bidirectional_min_ps', 'bidirectional_mean_ps', 'bidirectional_stddev_ps', 'bidirectional_max_ps', 'src2dst_stddev_ps', 'src2dst_max_ps', 'dst2src_min_ps']
2025-04-18 19:14:58,957 - INFO - P2 Features (4/14): ['protocol', 'bidirectional_min_ps', 'bidirectional_mean_ps', 'bidirectional_stddev_ps']
2025-04-18 19:15:10,987 - INFO - P1 (Round 1) - Epoch 1/10 | Loss: 0.1526 | Acc: 0.9547 | Val Loss: 0.0398 | Val Acc: 0.9901 | Time: 11.93s
2025-04-18 19:15:22,749 - INFO - P1 (Round 1) - Epoch 2/10 | Loss: 0.0321 | Acc: 0.9915 | Val Loss: 0.0295 | Val Acc: 0.9920 | Time: 11.76s
2025-04-18 19:15:35,637 - INFO - P1 (Round 1) - Epoch 3/10 | Loss: 0.0270 | Acc: 0.9924 | Val Loss: 0.0261 | Val Acc: 0.9925 | Time: 12.89s
2025-04-18 19:15:47,678 - INFO - P1 (Round 1) - Epoch 4/10 | Loss: 0.0248 | Acc: 0.9931 | Val Loss: 0.0245 | Val Acc: 0.9933 | Time: 12.04s
2025-04-18 19:16:00,243 - INFO - P1 (Round 1) - Epoch 5/10 | Loss: 0.0236 | Acc: 0.9935 | Val Loss: 0.0241 | Val Acc: 0.9937 | Time: 12.56s
2025-04-18 19:16:12,518 - INFO - P1 (Round 1) - Epoch 6/10 | Loss: 0.0228 | Acc: 0.9937 | Val Loss: 0.0232 | Val Acc: 0.9935 | Time: 12.27s
2025-04-18 19:16:24,413 - INFO - P1 (Round 1) - Epoch 7/10 | Loss: 0.0221 | Acc: 0.9939 | Val Loss: 0.0239 | Val Acc: 0.9938 | Time: 11.89s
2025-04-18 19:16:36,245 - INFO - P1 (Round 1) - Epoch 8/10 | Loss: 0.0214 | Acc: 0.9941 | Val Loss: 0.0222 | Val Acc: 0.9941 | Time: 11.83s
2025-04-18 19:16:49,310 - INFO - P1 (Round 1) - Epoch 9/10 | Loss: 0.0209 | Acc: 0.9942 | Val Loss: 0.0209 | Val Acc: 0.9942 | Time: 13.06s
2025-04-18 19:17:01,219 - INFO - P1 (Round 1) - Epoch 10/10 | Loss: 0.0204 | Acc: 0.9943 | Val Loss: 0.0208 | Val Acc: 0.9940 | Time: 11.91s
2025-04-18 19:17:12,823 - INFO - P2 (Round 1) - Epoch 1/10 | Loss: 0.5673 | Acc: 0.7475 | Val Loss: 0.4555 | Val Acc: 0.7860 | Time: 11.60s
2025-04-18 19:17:24,650 - INFO - P2 (Round 1) - Epoch 2/10 | Loss: 0.4176 | Acc: 0.8005 | Val Loss: 0.4012 | Val Acc: 0.8108 | Time: 11.83s
2025-04-18 19:17:36,112 - INFO - P2 (Round 1) - Epoch 3/10 | Loss: 0.3968 | Acc: 0.8075 | Val Loss: 0.3935 | Val Acc: 0.8122 | Time: 11.46s
2025-04-18 19:17:47,930 - INFO - P2 (Round 1) - Epoch 4/10 | Loss: 0.3908 | Acc: 0.8066 | Val Loss: 0.3922 | Val Acc: 0.8047 | Time: 11.82s
2025-04-18 19:18:00,608 - INFO - P2 (Round 1) - Epoch 5/10 | Loss: 0.3869 | Acc: 0.8075 | Val Loss: 0.3856 | Val Acc: 0.8045 | Time: 12.68s
2025-04-18 19:18:12,098 - INFO - P2 (Round 1) - Epoch 6/10 | Loss: 0.3822 | Acc: 0.8094 | Val Loss: 0.3796 | Val Acc: 0.8098 | Time: 11.49s
2025-04-18 19:18:23,841 - INFO - P2 (Round 1) - Epoch 7/10 | Loss: 0.3773 | Acc: 0.8132 | Val Loss: 0.3765 | Val Acc: 0.8093 | Time: 11.74s
2025-04-18 19:18:35,227 - INFO - P2 (Round 1) - Epoch 8/10 | Loss: 0.3713 | Acc: 0.8183 | Val Loss: 0.3686 | Val Acc: 0.8240 | Time: 11.39s
2025-04-18 19:18:46,858 - INFO - P2 (Round 1) - Epoch 9/10 | Loss: 0.3663 | Acc: 0.8227 | Val Loss: 0.3653 | Val Acc: 0.8251 | Time: 11.63s
2025-04-18 19:18:58,518 - INFO - P2 (Round 1) - Epoch 10/10 | Loss: 0.3636 | Acc: 0.8241 | Val Loss: 0.3621 | Val Acc: 0.8253 | Time: 11.66s
2025-04-18 19:19:01,175 - INFO - Round 1 completed in 242.12s
2025-04-18 19:19:01,175 - INFO - Global Model - P1 Test: Loss = 3.5969, Accuracy = 0.3154
2025-04-18 19:19:01,175 - INFO - Global Model - P2 Test: Loss = 3.2901, Accuracy = 0.1959
2025-04-18 19:19:14,081 - INFO - P1 (Round 2) - Epoch 1/10 | Loss: 0.1020 | Acc: 0.9769 | Val Loss: 0.0365 | Val Acc: 0.9905 | Time: 12.90s
2025-04-18 19:19:26,049 - INFO - P1 (Round 2) - Epoch 2/10 | Loss: 0.0306 | Acc: 0.9920 | Val Loss: 0.0286 | Val Acc: 0.9922 | Time: 11.97s
2025-04-18 19:19:37,941 - INFO - P1 (Round 2) - Epoch 3/10 | Loss: 0.0264 | Acc: 0.9928 | Val Loss: 0.0254 | Val Acc: 0.9930 | Time: 11.89s
2025-04-18 19:19:49,524 - INFO - P1 (Round 2) - Epoch 4/10 | Loss: 0.0244 | Acc: 0.9932 | Val Loss: 0.0249 | Val Acc: 0.9931 | Time: 11.58s
2025-04-18 19:20:01,423 - INFO - P1 (Round 2) - Epoch 5/10 | Loss: 0.0232 | Acc: 0.9935 | Val Loss: 0.0227 | Val Acc: 0.9938 | Time: 11.90s
2025-04-18 19:20:13,719 - INFO - P1 (Round 2) - Epoch 6/10 | Loss: 0.0223 | Acc: 0.9938 | Val Loss: 0.0225 | Val Acc: 0.9936 | Time: 12.30s
2025-04-18 19:20:27,049 - INFO - P1 (Round 2) - Epoch 7/10 | Loss: 0.0217 | Acc: 0.9940 | Val Loss: 0.0219 | Val Acc: 0.9939 | Time: 13.33s
2025-04-18 19:20:39,007 - INFO - P1 (Round 2) - Epoch 8/10 | Loss: 0.0211 | Acc: 0.9942 | Val Loss: 0.0212 | Val Acc: 0.9942 | Time: 11.96s
2025-04-18 19:20:50,728 - INFO - P1 (Round 2) - Epoch 9/10 | Loss: 0.0207 | Acc: 0.9943 | Val Loss: 0.0211 | Val Acc: 0.9942 | Time: 11.72s
2025-04-18 19:21:02,496 - INFO - P1 (Round 2) - Epoch 10/10 | Loss: 0.0202 | Acc: 0.9944 | Val Loss: 0.0201 | Val Acc: 0.9945 | Time: 11.77s
2025-04-18 19:21:14,279 - INFO - P2 (Round 2) - Epoch 1/10 | Loss: 0.5317 | Acc: 0.7541 | Val Loss: 0.4027 | Val Acc: 0.8000 | Time: 11.78s
2025-04-18 19:21:26,360 - INFO - P2 (Round 2) - Epoch 2/10 | Loss: 0.3933 | Acc: 0.8010 | Val Loss: 0.3900 | Val Acc: 0.8030 | Time: 12.08s
2025-04-18 19:21:38,832 - INFO - P2 (Round 2) - Epoch 3/10 | Loss: 0.3818 | Acc: 0.8086 | Val Loss: 0.3757 | Val Acc: 0.8128 | Time: 12.47s
2025-04-18 19:21:50,523 - INFO - P2 (Round 2) - Epoch 4/10 | Loss: 0.3729 | Acc: 0.8134 | Val Loss: 0.3720 | Val Acc: 0.8128 | Time: 11.69s
2025-04-18 19:22:01,931 - INFO - P2 (Round 2) - Epoch 5/10 | Loss: 0.3691 | Acc: 0.8144 | Val Loss: 0.3716 | Val Acc: 0.8194 | Time: 11.41s
2025-04-18 19:22:13,825 - INFO - P2 (Round 2) - Epoch 6/10 | Loss: 0.3668 | Acc: 0.8158 | Val Loss: 0.3663 | Val Acc: 0.8167 | Time: 11.89s
2025-04-18 19:22:25,764 - INFO - P2 (Round 2) - Epoch 7/10 | Loss: 0.3651 | Acc: 0.8164 | Val Loss: 0.3656 | Val Acc: 0.8151 | Time: 11.94s
2025-04-18 19:22:37,853 - INFO - P2 (Round 2) - Epoch 8/10 | Loss: 0.3637 | Acc: 0.8178 | Val Loss: 0.3643 | Val Acc: 0.8160 | Time: 12.09s
2025-04-18 19:22:50,129 - INFO - P2 (Round 2) - Epoch 9/10 | Loss: 0.3622 | Acc: 0.8195 | Val Loss: 0.3625 | Val Acc: 0.8181 | Time: 12.28s
2025-04-18 19:23:01,795 - INFO - P2 (Round 2) - Epoch 10/10 | Loss: 0.3605 | Acc: 0.8241 | Val Loss: 0.3596 | Val Acc: 0.8284 | Time: 11.67s
2025-04-18 19:23:04,197 - INFO - Round 2 completed in 243.02s
2025-04-18 19:23:04,197 - INFO - Global Model - P1 Test: Loss = 3.7541, Accuracy = 0.6222
2025-04-18 19:23:04,197 - INFO - Global Model - P2 Test: Loss = 5.2294, Accuracy = 0.2269
2025-04-18 19:23:16,138 - INFO - P1 (Round 3) - Epoch 1/10 | Loss: 0.0558 | Acc: 0.9869 | Val Loss: 0.0309 | Val Acc: 0.9929 | Time: 11.94s
2025-04-18 19:23:28,030 - INFO - P1 (Round 3) - Epoch 2/10 | Loss: 0.0258 | Acc: 0.9933 | Val Loss: 0.0249 | Val Acc: 0.9935 | Time: 11.89s
2025-04-18 19:23:39,854 - INFO - P1 (Round 3) - Epoch 3/10 | Loss: 0.0230 | Acc: 0.9939 | Val Loss: 0.0226 | Val Acc: 0.9943 | Time: 11.82s
2025-04-18 19:23:50,661 - INFO - P1 (Round 3) - Epoch 4/10 | Loss: 0.0215 | Acc: 0.9943 | Val Loss: 0.0206 | Val Acc: 0.9946 | Time: 10.81s
2025-04-18 19:24:03,064 - INFO - P1 (Round 3) - Epoch 5/10 | Loss: 0.0205 | Acc: 0.9946 | Val Loss: 0.0206 | Val Acc: 0.9947 | Time: 12.40s
2025-04-18 19:24:13,326 - INFO - P1 (Round 3) - Epoch 6/10 | Loss: 0.0198 | Acc: 0.9949 | Val Loss: 0.0201 | Val Acc: 0.9946 | Time: 10.26s
2025-04-18 19:24:23,150 - INFO - P1 (Round 3) - Epoch 7/10 | Loss: 0.0194 | Acc: 0.9950 | Val Loss: 0.0194 | Val Acc: 0.9951 | Time: 9.82s
2025-04-18 19:24:33,389 - INFO - P1 (Round 3) - Epoch 8/10 | Loss: 0.0188 | Acc: 0.9952 | Val Loss: 0.0195 | Val Acc: 0.9949 | Time: 10.24s
2025-04-18 19:24:45,112 - INFO - P1 (Round 3) - Epoch 9/10 | Loss: 0.0184 | Acc: 0.9953 | Val Loss: 0.0192 | Val Acc: 0.9948 | Time: 11.72s
2025-04-18 19:24:56,955 - INFO - P1 (Round 3) - Epoch 10/10 | Loss: 0.0181 | Acc: 0.9954 | Val Loss: 0.0178 | Val Acc: 0.9956 | Time: 11.84s
2025-04-18 19:25:09,637 - INFO - P2 (Round 3) - Epoch 1/10 | Loss: 0.4942 | Acc: 0.7670 | Val Loss: 0.4200 | Val Acc: 0.7893 | Time: 12.68s
2025-04-18 19:25:21,038 - INFO - P2 (Round 3) - Epoch 2/10 | Loss: 0.4033 | Acc: 0.7995 | Val Loss: 0.3845 | Val Acc: 0.8119 | Time: 11.40s
2025-04-18 19:25:32,335 - INFO - P2 (Round 3) - Epoch 3/10 | Loss: 0.3770 | Acc: 0.8146 | Val Loss: 0.3737 | Val Acc: 0.8194 | Time: 11.30s
2025-04-18 19:25:42,014 - INFO - P2 (Round 3) - Epoch 4/10 | Loss: 0.3688 | Acc: 0.8167 | Val Loss: 0.3676 | Val Acc: 0.8221 | Time: 9.68s
2025-04-18 19:25:51,757 - INFO - P2 (Round 3) - Epoch 5/10 | Loss: 0.3651 | Acc: 0.8170 | Val Loss: 0.3646 | Val Acc: 0.8164 | Time: 9.74s
2025-04-18 19:26:01,271 - INFO - P2 (Round 3) - Epoch 6/10 | Loss: 0.3629 | Acc: 0.8175 | Val Loss: 0.3621 | Val Acc: 0.8184 | Time: 9.51s
2025-04-18 19:26:11,216 - INFO - P2 (Round 3) - Epoch 7/10 | Loss: 0.3614 | Acc: 0.8182 | Val Loss: 0.3610 | Val Acc: 0.8165 | Time: 9.94s
2025-04-18 19:26:22,243 - INFO - P2 (Round 3) - Epoch 8/10 | Loss: 0.3589 | Acc: 0.8227 | Val Loss: 0.3583 | Val Acc: 0.8313 | Time: 11.03s
2025-04-18 19:26:32,057 - INFO - P2 (Round 3) - Epoch 9/10 | Loss: 0.3571 | Acc: 0.8265 | Val Loss: 0.3557 | Val Acc: 0.8258 | Time: 9.81s
2025-04-18 19:26:41,783 - INFO - P2 (Round 3) - Epoch 10/10 | Loss: 0.3560 | Acc: 0.8274 | Val Loss: 0.3553 | Val Acc: 0.8286 | Time: 9.73s
2025-04-18 19:26:43,999 - INFO - Round 3 completed in 219.80s
2025-04-18 19:26:43,999 - INFO - Global Model - P1 Test: Loss = 1.8929, Accuracy = 0.7007
2025-04-18 19:26:43,999 - INFO - Global Model - P2 Test: Loss = 1.5023, Accuracy = 0.5199
2025-04-18 19:26:54,092 - INFO - P1 (Round 4) - Epoch 1/10 | Loss: 0.0452 | Acc: 0.9883 | Val Loss: 0.0263 | Val Acc: 0.9927 | Time: 10.09s
2025-04-18 19:27:03,948 - INFO - P1 (Round 4) - Epoch 2/10 | Loss: 0.0226 | Acc: 0.9940 | Val Loss: 0.0215 | Val Acc: 0.9945 | Time: 9.86s
2025-04-18 19:27:13,545 - INFO - P1 (Round 4) - Epoch 3/10 | Loss: 0.0200 | Acc: 0.9949 | Val Loss: 0.0205 | Val Acc: 0.9950 | Time: 9.60s
2025-04-18 19:27:24,605 - INFO - P1 (Round 4) - Epoch 4/10 | Loss: 0.0191 | Acc: 0.9952 | Val Loss: 0.0189 | Val Acc: 0.9955 | Time: 11.06s
2025-04-18 19:27:35,649 - INFO - P1 (Round 4) - Epoch 5/10 | Loss: 0.0184 | Acc: 0.9953 | Val Loss: 0.0181 | Val Acc: 0.9955 | Time: 11.04s
2025-04-18 19:27:45,419 - INFO - P1 (Round 4) - Epoch 6/10 | Loss: 0.0179 | Acc: 0.9955 | Val Loss: 0.0177 | Val Acc: 0.9957 | Time: 9.77s
2025-04-18 19:27:55,361 - INFO - P1 (Round 4) - Epoch 7/10 | Loss: 0.0175 | Acc: 0.9956 | Val Loss: 0.0175 | Val Acc: 0.9958 | Time: 9.94s
2025-04-18 19:28:05,218 - INFO - P1 (Round 4) - Epoch 8/10 | Loss: 0.0170 | Acc: 0.9958 | Val Loss: 0.0177 | Val Acc: 0.9953 | Time: 9.86s
2025-04-18 19:28:15,085 - INFO - P1 (Round 4) - Epoch 9/10 | Loss: 0.0168 | Acc: 0.9958 | Val Loss: 0.0169 | Val Acc: 0.9958 | Time: 9.87s
2025-04-18 19:28:24,960 - INFO - P1 (Round 4) - Epoch 10/10 | Loss: 0.0165 | Acc: 0.9959 | Val Loss: 0.0170 | Val Acc: 0.9961 | Time: 9.88s
2025-04-18 19:28:35,317 - INFO - P2 (Round 4) - Epoch 1/10 | Loss: 0.4265 | Acc: 0.7911 | Val Loss: 0.3966 | Val Acc: 0.8045 | Time: 10.36s
2025-04-18 19:28:46,446 - INFO - P2 (Round 4) - Epoch 2/10 | Loss: 0.3892 | Acc: 0.8092 | Val Loss: 0.3862 | Val Acc: 0.8085 | Time: 11.13s
2025-04-18 19:28:56,285 - INFO - P2 (Round 4) - Epoch 3/10 | Loss: 0.3806 | Acc: 0.8107 | Val Loss: 0.3731 | Val Acc: 0.8117 | Time: 9.84s
2025-04-18 19:29:05,989 - INFO - P2 (Round 4) - Epoch 4/10 | Loss: 0.3724 | Acc: 0.8108 | Val Loss: 0.3722 | Val Acc: 0.8088 | Time: 9.70s
2025-04-18 19:29:15,629 - INFO - P2 (Round 4) - Epoch 5/10 | Loss: 0.3697 | Acc: 0.8116 | Val Loss: 0.3722 | Val Acc: 0.8122 | Time: 9.64s
2025-04-18 19:29:25,159 - INFO - P2 (Round 4) - Epoch 6/10 | Loss: 0.3676 | Acc: 0.8124 | Val Loss: 0.3666 | Val Acc: 0.8104 | Time: 9.53s
2025-04-18 19:29:34,734 - INFO - P2 (Round 4) - Epoch 7/10 | Loss: 0.3657 | Acc: 0.8143 | Val Loss: 0.3665 | Val Acc: 0.8114 | Time: 9.57s
2025-04-18 19:29:44,387 - INFO - P2 (Round 4) - Epoch 8/10 | Loss: 0.3645 | Acc: 0.8154 | Val Loss: 0.3631 | Val Acc: 0.8175 | Time: 9.65s
2025-04-18 19:29:55,956 - INFO - P2 (Round 4) - Epoch 9/10 | Loss: 0.3633 | Acc: 0.8166 | Val Loss: 0.3630 | Val Acc: 0.8175 | Time: 11.57s
2025-04-18 19:30:05,855 - INFO - P2 (Round 4) - Epoch 10/10 | Loss: 0.3624 | Acc: 0.8178 | Val Loss: 0.3614 | Val Acc: 0.8253 | Time: 9.90s
2025-04-18 19:30:08,133 - INFO - Round 4 completed in 204.13s
2025-04-18 19:30:08,133 - INFO - Global Model - P1 Test: Loss = 1.3915, Accuracy = 0.6410
2025-04-18 19:30:08,133 - INFO - Global Model - P2 Test: Loss = 2.2802, Accuracy = 0.5294
2025-04-18 19:30:18,031 - INFO - P1 (Round 5) - Epoch 1/10 | Loss: 0.0381 | Acc: 0.9900 | Val Loss: 0.0217 | Val Acc: 0.9946 | Time: 9.90s
2025-04-18 19:30:27,771 - INFO - P1 (Round 5) - Epoch 2/10 | Loss: 0.0195 | Acc: 0.9951 | Val Loss: 0.0189 | Val Acc: 0.9952 | Time: 9.74s
2025-04-18 19:30:37,610 - INFO - P1 (Round 5) - Epoch 3/10 | Loss: 0.0182 | Acc: 0.9955 | Val Loss: 0.0177 | Val Acc: 0.9956 | Time: 9.84s
2025-04-18 19:30:47,406 - INFO - P1 (Round 5) - Epoch 4/10 | Loss: 0.0174 | Acc: 0.9956 | Val Loss: 0.0191 | Val Acc: 0.9951 | Time: 9.80s
2025-04-18 19:30:57,749 - INFO - P1 (Round 5) - Epoch 5/10 | Loss: 0.0169 | Acc: 0.9958 | Val Loss: 0.0183 | Val Acc: 0.9948 | Time: 10.34s
2025-04-18 19:31:08,979 - INFO - P1 (Round 5) - Epoch 6/10 | Loss: 0.0166 | Acc: 0.9959 | Val Loss: 0.0161 | Val Acc: 0.9958 | Time: 11.23s
2025-04-18 19:31:18,702 - INFO - P1 (Round 5) - Epoch 7/10 | Loss: 0.0161 | Acc: 0.9960 | Val Loss: 0.0156 | Val Acc: 0.9962 | Time: 9.72s
2025-04-18 19:31:29,404 - INFO - P1 (Round 5) - Epoch 8/10 | Loss: 0.0158 | Acc: 0.9961 | Val Loss: 0.0151 | Val Acc: 0.9964 | Time: 10.70s
2025-04-18 19:31:41,417 - INFO - P1 (Round 5) - Epoch 9/10 | Loss: 0.0156 | Acc: 0.9962 | Val Loss: 0.0158 | Val Acc: 0.9963 | Time: 12.01s
2025-04-18 19:31:53,493 - INFO - P1 (Round 5) - Epoch 10/10 | Loss: 0.0153 | Acc: 0.9962 | Val Loss: 0.0153 | Val Acc: 0.9964 | Time: 12.08s
2025-04-18 19:32:05,163 - INFO - P2 (Round 5) - Epoch 1/10 | Loss: 0.4036 | Acc: 0.7999 | Val Loss: 0.3744 | Val Acc: 0.8138 | Time: 11.67s
2025-04-18 19:32:17,751 - INFO - P2 (Round 5) - Epoch 2/10 | Loss: 0.3706 | Acc: 0.8182 | Val Loss: 0.3696 | Val Acc: 0.8155 | Time: 12.59s
2025-04-18 19:32:29,181 - INFO - P2 (Round 5) - Epoch 3/10 | Loss: 0.3656 | Acc: 0.8241 | Val Loss: 0.3643 | Val Acc: 0.8279 | Time: 11.43s
2025-04-18 19:32:40,878 - INFO - P2 (Round 5) - Epoch 4/10 | Loss: 0.3623 | Acc: 0.8289 | Val Loss: 0.3657 | Val Acc: 0.8279 | Time: 11.70s
2025-04-18 19:32:52,912 - INFO - P2 (Round 5) - Epoch 5/10 | Loss: 0.3606 | Acc: 0.8310 | Val Loss: 0.3594 | Val Acc: 0.8318 | Time: 12.03s
2025-04-18 19:33:04,976 - INFO - P2 (Round 5) - Epoch 6/10 | Loss: 0.3596 | Acc: 0.8314 | Val Loss: 0.3622 | Val Acc: 0.8319 | Time: 12.06s
2025-04-18 19:33:16,489 - INFO - P2 (Round 5) - Epoch 7/10 | Loss: 0.3588 | Acc: 0.8320 | Val Loss: 0.3597 | Val Acc: 0.8329 | Time: 11.51s
2025-04-18 19:33:29,167 - INFO - P2 (Round 5) - Epoch 8/10 | Loss: 0.3581 | Acc: 0.8324 | Val Loss: 0.3591 | Val Acc: 0.8334 | Time: 12.68s
2025-04-18 19:33:40,606 - INFO - P2 (Round 5) - Epoch 9/10 | Loss: 0.3578 | Acc: 0.8327 | Val Loss: 0.3599 | Val Acc: 0.8334 | Time: 11.44s
2025-04-18 19:33:52,134 - INFO - P2 (Round 5) - Epoch 10/10 | Loss: 0.3573 | Acc: 0.8326 | Val Loss: 0.3580 | Val Acc: 0.8345 | Time: 11.53s
2025-04-18 19:33:54,577 - INFO - Round 5 completed in 226.44s
2025-04-18 19:33:54,578 - INFO - Global Model - P1 Test: Loss = 1.3509, Accuracy = 0.6288
2025-04-18 19:33:54,578 - INFO - Global Model - P2 Test: Loss = 1.7694, Accuracy = 0.5416
2025-04-18 19:34:06,360 - INFO - P1 (Round 6) - Epoch 1/10 | Loss: 0.0377 | Acc: 0.9904 | Val Loss: 0.0242 | Val Acc: 0.9939 | Time: 11.78s
2025-04-18 19:34:18,097 - INFO - P1 (Round 6) - Epoch 2/10 | Loss: 0.0185 | Acc: 0.9952 | Val Loss: 0.0173 | Val Acc: 0.9957 | Time: 11.74s
2025-04-18 19:34:30,182 - INFO - P1 (Round 6) - Epoch 3/10 | Loss: 0.0165 | Acc: 0.9958 | Val Loss: 0.0162 | Val Acc: 0.9961 | Time: 12.08s
2025-04-18 19:34:43,015 - INFO - P1 (Round 6) - Epoch 4/10 | Loss: 0.0159 | Acc: 0.9960 | Val Loss: 0.0155 | Val Acc: 0.9962 | Time: 12.83s
2025-04-18 19:34:55,027 - INFO - P1 (Round 6) - Epoch 5/10 | Loss: 0.0155 | Acc: 0.9961 | Val Loss: 0.0159 | Val Acc: 0.9960 | Time: 12.01s
2025-04-18 19:35:06,681 - INFO - P1 (Round 6) - Epoch 6/10 | Loss: 0.0152 | Acc: 0.9962 | Val Loss: 0.0145 | Val Acc: 0.9965 | Time: 11.65s
2025-04-18 19:35:18,996 - INFO - P1 (Round 6) - Epoch 7/10 | Loss: 0.0149 | Acc: 0.9963 | Val Loss: 0.0155 | Val Acc: 0.9964 | Time: 12.31s
2025-04-18 19:35:31,096 - INFO - P1 (Round 6) - Epoch 8/10 | Loss: 0.0146 | Acc: 0.9964 | Val Loss: 0.0158 | Val Acc: 0.9966 | Time: 12.10s
2025-04-18 19:35:43,284 - INFO - P1 (Round 6) - Epoch 9/10 | Loss: 0.0146 | Acc: 0.9964 | Val Loss: 0.0150 | Val Acc: 0.9963 | Time: 12.19s
2025-04-18 19:35:55,759 - INFO - P1 (Round 6) - Epoch 10/10 | Loss: 0.0144 | Acc: 0.9964 | Val Loss: 0.0144 | Val Acc: 0.9967 | Time: 12.47s
2025-04-18 19:36:07,303 - INFO - P2 (Round 6) - Epoch 1/10 | Loss: 0.3880 | Acc: 0.8116 | Val Loss: 0.3725 | Val Acc: 0.8254 | Time: 11.54s
2025-04-18 19:36:18,895 - INFO - P2 (Round 6) - Epoch 2/10 | Loss: 0.3687 | Acc: 0.8254 | Val Loss: 0.3683 | Val Acc: 0.8276 | Time: 11.59s
2025-04-18 19:36:30,297 - INFO - P2 (Round 6) - Epoch 3/10 | Loss: 0.3672 | Acc: 0.8274 | Val Loss: 0.3667 | Val Acc: 0.8315 | Time: 11.40s
2025-04-18 19:36:41,949 - INFO - P2 (Round 6) - Epoch 4/10 | Loss: 0.3661 | Acc: 0.8283 | Val Loss: 0.3657 | Val Acc: 0.8304 | Time: 11.65s
2025-04-18 19:36:53,588 - INFO - P2 (Round 6) - Epoch 5/10 | Loss: 0.3650 | Acc: 0.8291 | Val Loss: 0.3643 | Val Acc: 0.8281 | Time: 11.64s
2025-04-18 19:37:05,898 - INFO - P2 (Round 6) - Epoch 6/10 | Loss: 0.3628 | Acc: 0.8296 | Val Loss: 0.3643 | Val Acc: 0.8303 | Time: 12.31s
2025-04-18 19:37:17,295 - INFO - P2 (Round 6) - Epoch 7/10 | Loss: 0.3609 | Acc: 0.8301 | Val Loss: 0.3622 | Val Acc: 0.8209 | Time: 11.40s
2025-04-18 19:37:28,769 - INFO - P2 (Round 6) - Epoch 8/10 | Loss: 0.3600 | Acc: 0.8302 | Val Loss: 0.3593 | Val Acc: 0.8318 | Time: 11.47s
2025-04-18 19:37:40,535 - INFO - P2 (Round 6) - Epoch 9/10 | Loss: 0.3590 | Acc: 0.8307 | Val Loss: 0.3586 | Val Acc: 0.8324 | Time: 11.77s
2025-04-18 19:37:52,578 - INFO - P2 (Round 6) - Epoch 10/10 | Loss: 0.3579 | Acc: 0.8315 | Val Loss: 0.3583 | Val Acc: 0.8359 | Time: 12.04s
2025-04-18 19:37:55,141 - INFO - Round 6 completed in 240.56s
2025-04-18 19:37:55,142 - INFO - Global Model - P1 Test: Loss = 1.9779, Accuracy = 0.5519
2025-04-18 19:37:55,142 - INFO - Global Model - P2 Test: Loss = 1.4538, Accuracy = 0.4908
2025-04-18 19:38:07,980 - INFO - P1 (Round 7) - Epoch 1/10 | Loss: 0.0452 | Acc: 0.9881 | Val Loss: 0.0241 | Val Acc: 0.9933 | Time: 12.84s
2025-04-18 19:38:20,335 - INFO - P1 (Round 7) - Epoch 2/10 | Loss: 0.0186 | Acc: 0.9951 | Val Loss: 0.0181 | Val Acc: 0.9951 | Time: 12.35s
2025-04-18 19:38:32,031 - INFO - P1 (Round 7) - Epoch 3/10 | Loss: 0.0163 | Acc: 0.9957 | Val Loss: 0.0162 | Val Acc: 0.9960 | Time: 11.70s
2025-04-18 19:38:43,697 - INFO - P1 (Round 7) - Epoch 4/10 | Loss: 0.0157 | Acc: 0.9960 | Val Loss: 0.0163 | Val Acc: 0.9963 | Time: 11.67s
2025-04-18 19:38:55,432 - INFO - P1 (Round 7) - Epoch 5/10 | Loss: 0.0151 | Acc: 0.9961 | Val Loss: 0.0162 | Val Acc: 0.9958 | Time: 11.74s
2025-04-18 19:39:07,211 - INFO - P1 (Round 7) - Epoch 6/10 | Loss: 0.0149 | Acc: 0.9963 | Val Loss: 0.0150 | Val Acc: 0.9963 | Time: 11.78s
2025-04-18 19:39:19,727 - INFO - P1 (Round 7) - Epoch 7/10 | Loss: 0.0145 | Acc: 0.9963 | Val Loss: 0.0148 | Val Acc: 0.9965 | Time: 12.52s
2025-04-18 19:39:31,916 - INFO - P1 (Round 7) - Epoch 8/10 | Loss: 0.0144 | Acc: 0.9964 | Val Loss: 0.0158 | Val Acc: 0.9964 | Time: 12.19s
2025-04-18 19:39:43,577 - INFO - P1 (Round 7) - Epoch 9/10 | Loss: 0.0142 | Acc: 0.9964 | Val Loss: 0.0147 | Val Acc: 0.9967 | Time: 11.66s
2025-04-18 19:39:55,376 - INFO - P1 (Round 7) - Epoch 10/10 | Loss: 0.0140 | Acc: 0.9965 | Val Loss: 0.0142 | Val Acc: 0.9967 | Time: 11.80s
2025-04-18 19:40:07,136 - INFO - P2 (Round 7) - Epoch 1/10 | Loss: 0.3988 | Acc: 0.8010 | Val Loss: 0.3744 | Val Acc: 0.8162 | Time: 11.76s
2025-04-18 19:40:18,716 - INFO - P2 (Round 7) - Epoch 2/10 | Loss: 0.3704 | Acc: 0.8164 | Val Loss: 0.3686 | Val Acc: 0.8225 | Time: 11.58s
2025-04-18 19:40:30,555 - INFO - P2 (Round 7) - Epoch 3/10 | Loss: 0.3669 | Acc: 0.8215 | Val Loss: 0.3656 | Val Acc: 0.8238 | Time: 11.84s
2025-04-18 19:40:42,873 - INFO - P2 (Round 7) - Epoch 4/10 | Loss: 0.3652 | Acc: 0.8232 | Val Loss: 0.3641 | Val Acc: 0.8253 | Time: 12.32s
2025-04-18 19:40:54,533 - INFO - P2 (Round 7) - Epoch 5/10 | Loss: 0.3622 | Acc: 0.8260 | Val Loss: 0.3604 | Val Acc: 0.8266 | Time: 11.66s
2025-04-18 19:41:06,266 - INFO - P2 (Round 7) - Epoch 6/10 | Loss: 0.3600 | Acc: 0.8277 | Val Loss: 0.3615 | Val Acc: 0.8304 | Time: 11.73s
2025-04-18 19:41:18,409 - INFO - P2 (Round 7) - Epoch 7/10 | Loss: 0.3589 | Acc: 0.8284 | Val Loss: 0.3599 | Val Acc: 0.8283 | Time: 12.14s
2025-04-18 19:41:30,473 - INFO - P2 (Round 7) - Epoch 8/10 | Loss: 0.3581 | Acc: 0.8283 | Val Loss: 0.3657 | Val Acc: 0.8254 | Time: 12.06s
2025-04-18 19:41:42,646 - INFO - P2 (Round 7) - Epoch 9/10 | Loss: 0.3575 | Acc: 0.8286 | Val Loss: 0.3574 | Val Acc: 0.8296 | Time: 12.17s
2025-04-18 19:41:55,096 - INFO - P2 (Round 7) - Epoch 10/10 | Loss: 0.3571 | Acc: 0.8289 | Val Loss: 0.3594 | Val Acc: 0.8302 | Time: 12.45s
2025-04-18 19:41:57,560 - INFO - Round 7 completed in 242.42s
2025-04-18 19:41:57,560 - INFO - Global Model - P1 Test: Loss = 2.0655, Accuracy = 0.5412
2025-04-18 19:41:57,560 - INFO - Global Model - P2 Test: Loss = 2.1551, Accuracy = 0.3307
2025-04-18 19:42:09,545 - INFO - P1 (Round 8) - Epoch 1/10 | Loss: 0.0359 | Acc: 0.9897 | Val Loss: 0.0250 | Val Acc: 0.9931 | Time: 11.98s
2025-04-18 19:42:21,310 - INFO - P1 (Round 8) - Epoch 2/10 | Loss: 0.0169 | Acc: 0.9956 | Val Loss: 0.0159 | Val Acc: 0.9960 | Time: 11.76s
2025-04-18 19:42:33,028 - INFO - P1 (Round 8) - Epoch 3/10 | Loss: 0.0151 | Acc: 0.9961 | Val Loss: 0.0146 | Val Acc: 0.9964 | Time: 11.72s
2025-04-18 19:42:45,058 - INFO - P1 (Round 8) - Epoch 4/10 | Loss: 0.0147 | Acc: 0.9963 | Val Loss: 0.0150 | Val Acc: 0.9965 | Time: 12.03s
2025-04-18 19:42:57,872 - INFO - P1 (Round 8) - Epoch 5/10 | Loss: 0.0143 | Acc: 0.9964 | Val Loss: 0.0138 | Val Acc: 0.9967 | Time: 12.81s
2025-04-18 19:43:09,882 - INFO - P1 (Round 8) - Epoch 6/10 | Loss: 0.0140 | Acc: 0.9964 | Val Loss: 0.0137 | Val Acc: 0.9968 | Time: 12.01s
2025-04-18 19:43:21,828 - INFO - P1 (Round 8) - Epoch 7/10 | Loss: 0.0138 | Acc: 0.9965 | Val Loss: 0.0139 | Val Acc: 0.9968 | Time: 11.95s
2025-04-18 19:43:33,600 - INFO - P1 (Round 8) - Epoch 8/10 | Loss: 0.0137 | Acc: 0.9966 | Val Loss: 0.0137 | Val Acc: 0.9966 | Time: 11.77s
2025-04-18 19:43:45,715 - INFO - P1 (Round 8) - Epoch 9/10 | Loss: 0.0134 | Acc: 0.9966 | Val Loss: 0.0140 | Val Acc: 0.9966 | Time: 12.11s
2025-04-18 19:43:57,700 - INFO - P1 (Round 8) - Epoch 10/10 | Loss: 0.0133 | Acc: 0.9966 | Val Loss: 0.0133 | Val Acc: 0.9969 | Time: 11.98s
2025-04-18 19:44:10,564 - INFO - P2 (Round 8) - Epoch 1/10 | Loss: 0.4907 | Acc: 0.7738 | Val Loss: 0.4010 | Val Acc: 0.8038 | Time: 12.86s
2025-04-18 19:44:22,174 - INFO - P2 (Round 8) - Epoch 2/10 | Loss: 0.3893 | Acc: 0.8110 | Val Loss: 0.3844 | Val Acc: 0.8088 | Time: 11.61s
2025-04-18 19:44:33,835 - INFO - P2 (Round 8) - Epoch 3/10 | Loss: 0.3801 | Acc: 0.8153 | Val Loss: 0.3778 | Val Acc: 0.8187 | Time: 11.66s
2025-04-18 19:44:45,785 - INFO - P2 (Round 8) - Epoch 4/10 | Loss: 0.3768 | Acc: 0.8172 | Val Loss: 0.3750 | Val Acc: 0.8213 | Time: 11.95s
2025-04-18 19:44:57,253 - INFO - P2 (Round 8) - Epoch 5/10 | Loss: 0.3746 | Acc: 0.8182 | Val Loss: 0.3752 | Val Acc: 0.8184 | Time: 11.47s
2025-04-18 19:45:08,897 - INFO - P2 (Round 8) - Epoch 6/10 | Loss: 0.3734 | Acc: 0.8186 | Val Loss: 0.3724 | Val Acc: 0.8212 | Time: 11.64s
2025-04-18 19:45:21,503 - INFO - P2 (Round 8) - Epoch 7/10 | Loss: 0.3719 | Acc: 0.8191 | Val Loss: 0.3729 | Val Acc: 0.8188 | Time: 12.61s
2025-04-18 19:45:32,972 - INFO - P2 (Round 8) - Epoch 8/10 | Loss: 0.3707 | Acc: 0.8200 | Val Loss: 0.3715 | Val Acc: 0.8224 | Time: 11.47s
2025-04-18 19:45:44,492 - INFO - P2 (Round 8) - Epoch 9/10 | Loss: 0.3686 | Acc: 0.8222 | Val Loss: 0.3682 | Val Acc: 0.8218 | Time: 11.52s
2025-04-18 19:45:56,020 - INFO - P2 (Round 8) - Epoch 10/10 | Loss: 0.3661 | Acc: 0.8229 | Val Loss: 0.3643 | Val Acc: 0.8242 | Time: 11.53s
2025-04-18 19:45:58,431 - INFO - Round 8 completed in 240.87s
2025-04-18 19:45:58,432 - INFO - Global Model - P1 Test: Loss = 1.6445, Accuracy = 0.5985
2025-04-18 19:45:58,432 - INFO - Global Model - P2 Test: Loss = 2.6391, Accuracy = 0.5171
2025-04-18 19:46:10,467 - INFO - P1 (Round 9) - Epoch 1/10 | Loss: 0.0365 | Acc: 0.9908 | Val Loss: 0.0203 | Val Acc: 0.9951 | Time: 12.03s
2025-04-18 19:46:22,182 - INFO - P1 (Round 9) - Epoch 2/10 | Loss: 0.0184 | Acc: 0.9954 | Val Loss: 0.0174 | Val Acc: 0.9956 | Time: 11.71s
2025-04-18 19:46:35,106 - INFO - P1 (Round 9) - Epoch 3/10 | Loss: 0.0160 | Acc: 0.9959 | Val Loss: 0.0150 | Val Acc: 0.9963 | Time: 12.92s
2025-04-18 19:46:47,235 - INFO - P1 (Round 9) - Epoch 4/10 | Loss: 0.0151 | Acc: 0.9962 | Val Loss: 0.0151 | Val Acc: 0.9962 | Time: 12.13s
2025-04-18 19:46:59,006 - INFO - P1 (Round 9) - Epoch 5/10 | Loss: 0.0145 | Acc: 0.9964 | Val Loss: 0.0149 | Val Acc: 0.9964 | Time: 11.77s
2025-04-18 19:47:10,817 - INFO - P1 (Round 9) - Epoch 6/10 | Loss: 0.0141 | Acc: 0.9965 | Val Loss: 0.0140 | Val Acc: 0.9968 | Time: 11.81s
2025-04-18 19:47:22,571 - INFO - P1 (Round 9) - Epoch 7/10 | Loss: 0.0137 | Acc: 0.9966 | Val Loss: 0.0138 | Val Acc: 0.9968 | Time: 11.75s
2025-04-18 19:47:34,394 - INFO - P1 (Round 9) - Epoch 8/10 | Loss: 0.0135 | Acc: 0.9966 | Val Loss: 0.0137 | Val Acc: 0.9969 | Time: 11.82s
2025-04-18 19:47:47,133 - INFO - P1 (Round 9) - Epoch 9/10 | Loss: 0.0132 | Acc: 0.9967 | Val Loss: 0.0136 | Val Acc: 0.9968 | Time: 12.74s
2025-04-18 19:47:59,353 - INFO - P1 (Round 9) - Epoch 10/10 | Loss: 0.0132 | Acc: 0.9967 | Val Loss: 0.0138 | Val Acc: 0.9967 | Time: 12.22s
2025-04-18 19:48:11,572 - INFO - P2 (Round 9) - Epoch 1/10 | Loss: 0.4167 | Acc: 0.8048 | Val Loss: 0.3811 | Val Acc: 0.8205 | Time: 12.22s
2025-04-18 19:48:23,446 - INFO - P2 (Round 9) - Epoch 2/10 | Loss: 0.3759 | Acc: 0.8178 | Val Loss: 0.3759 | Val Acc: 0.8213 | Time: 11.87s
2025-04-18 19:48:33,188 - INFO - P2 (Round 9) - Epoch 3/10 | Loss: 0.3723 | Acc: 0.8195 | Val Loss: 0.3697 | Val Acc: 0.8235 | Time: 9.74s
2025-04-18 19:48:43,106 - INFO - P2 (Round 9) - Epoch 4/10 | Loss: 0.3696 | Acc: 0.8218 | Val Loss: 0.3695 | Val Acc: 0.8215 | Time: 9.92s
2025-04-18 19:48:54,674 - INFO - P2 (Round 9) - Epoch 5/10 | Loss: 0.3666 | Acc: 0.8231 | Val Loss: 0.3678 | Val Acc: 0.8214 | Time: 11.57s
2025-04-18 19:49:04,491 - INFO - P2 (Round 9) - Epoch 6/10 | Loss: 0.3642 | Acc: 0.8245 | Val Loss: 0.3655 | Val Acc: 0.8261 | Time: 9.82s
2025-04-18 19:49:14,028 - INFO - P2 (Round 9) - Epoch 7/10 | Loss: 0.3626 | Acc: 0.8264 | Val Loss: 0.3627 | Val Acc: 0.8268 | Time: 9.54s
2025-04-18 19:49:23,936 - INFO - P2 (Round 9) - Epoch 8/10 | Loss: 0.3615 | Acc: 0.8274 | Val Loss: 0.3621 | Val Acc: 0.8290 | Time: 9.91s
2025-04-18 19:49:33,747 - INFO - P2 (Round 9) - Epoch 9/10 | Loss: 0.3609 | Acc: 0.8280 | Val Loss: 0.3616 | Val Acc: 0.8280 | Time: 9.81s
2025-04-18 19:49:43,527 - INFO - P2 (Round 9) - Epoch 10/10 | Loss: 0.3601 | Acc: 0.8285 | Val Loss: 0.3589 | Val Acc: 0.8290 | Time: 9.78s
2025-04-18 19:49:45,735 - INFO - Round 9 completed in 227.30s
2025-04-18 19:49:45,735 - INFO - Global Model - P1 Test: Loss = 2.0792, Accuracy = 0.5527
2025-04-18 19:49:45,735 - INFO - Global Model - P2 Test: Loss = 2.6393, Accuracy = 0.5220
2025-04-18 19:49:55,483 - INFO - P1 (Round 10) - Epoch 1/10 | Loss: 0.0430 | Acc: 0.9893 | Val Loss: 0.0198 | Val Acc: 0.9955 | Time: 9.75s
2025-04-18 19:50:07,384 - INFO - P1 (Round 10) - Epoch 2/10 | Loss: 0.0165 | Acc: 0.9960 | Val Loss: 0.0153 | Val Acc: 0.9963 | Time: 11.90s
2025-04-18 19:50:17,174 - INFO - P1 (Round 10) - Epoch 3/10 | Loss: 0.0150 | Acc: 0.9964 | Val Loss: 0.0149 | Val Acc: 0.9966 | Time: 9.79s
2025-04-18 19:50:26,915 - INFO - P1 (Round 10) - Epoch 4/10 | Loss: 0.0144 | Acc: 0.9965 | Val Loss: 0.0145 | Val Acc: 0.9968 | Time: 9.74s
2025-04-18 19:50:37,035 - INFO - P1 (Round 10) - Epoch 5/10 | Loss: 0.0141 | Acc: 0.9966 | Val Loss: 0.0159 | Val Acc: 0.9960 | Time: 10.12s
2025-04-18 19:50:47,010 - INFO - P1 (Round 10) - Epoch 6/10 | Loss: 0.0138 | Acc: 0.9966 | Val Loss: 0.0146 | Val Acc: 0.9966 | Time: 9.97s
2025-04-18 19:50:56,936 - INFO - P1 (Round 10) - Epoch 7/10 | Loss: 0.0136 | Acc: 0.9967 | Val Loss: 0.0136 | Val Acc: 0.9967 | Time: 9.93s
2025-04-18 19:51:06,940 - INFO - P1 (Round 10) - Epoch 8/10 | Loss: 0.0135 | Acc: 0.9967 | Val Loss: 0.0137 | Val Acc: 0.9967 | Time: 10.00s
2025-04-18 19:51:18,387 - INFO - P1 (Round 10) - Epoch 9/10 | Loss: 0.0133 | Acc: 0.9968 | Val Loss: 0.0130 | Val Acc: 0.9969 | Time: 11.45s
2025-04-18 19:51:28,330 - INFO - P1 (Round 10) - Epoch 10/10 | Loss: 0.0132 | Acc: 0.9968 | Val Loss: 0.0137 | Val Acc: 0.9966 | Time: 9.94s
2025-04-18 19:51:38,168 - INFO - P2 (Round 10) - Epoch 1/10 | Loss: 0.4288 | Acc: 0.8008 | Val Loss: 0.3725 | Val Acc: 0.8200 | Time: 9.84s
2025-04-18 19:51:48,303 - INFO - P2 (Round 10) - Epoch 2/10 | Loss: 0.3683 | Acc: 0.8237 | Val Loss: 0.3659 | Val Acc: 0.8243 | Time: 10.13s
2025-04-18 19:51:58,021 - INFO - P2 (Round 10) - Epoch 3/10 | Loss: 0.3641 | Acc: 0.8256 | Val Loss: 0.3647 | Val Acc: 0.8273 | Time: 9.72s
2025-04-18 19:52:08,001 - INFO - P2 (Round 10) - Epoch 4/10 | Loss: 0.3619 | Acc: 0.8271 | Val Loss: 0.3605 | Val Acc: 0.8296 | Time: 9.98s
2025-04-18 19:52:17,735 - INFO - P2 (Round 10) - Epoch 5/10 | Loss: 0.3608 | Acc: 0.8277 | Val Loss: 0.3591 | Val Acc: 0.8296 | Time: 9.73s
2025-04-18 19:52:29,181 - INFO - P2 (Round 10) - Epoch 6/10 | Loss: 0.3600 | Acc: 0.8283 | Val Loss: 0.3587 | Val Acc: 0.8300 | Time: 11.45s
2025-04-18 19:52:38,869 - INFO - P2 (Round 10) - Epoch 7/10 | Loss: 0.3593 | Acc: 0.8286 | Val Loss: 0.3586 | Val Acc: 0.8307 | Time: 9.69s
2025-04-18 19:52:48,613 - INFO - P2 (Round 10) - Epoch 8/10 | Loss: 0.3587 | Acc: 0.8293 | Val Loss: 0.3591 | Val Acc: 0.8296 | Time: 9.74s
2025-04-18 19:52:58,413 - INFO - P2 (Round 10) - Epoch 9/10 | Loss: 0.3581 | Acc: 0.8295 | Val Loss: 0.3582 | Val Acc: 0.8298 | Time: 9.80s
2025-04-18 19:53:07,857 - INFO - P2 (Round 10) - Epoch 10/10 | Loss: 0.3577 | Acc: 0.8296 | Val Loss: 0.3591 | Val Acc: 0.8323 | Time: 9.44s
2025-04-18 19:53:10,341 - INFO - Round 10 completed in 204.61s
2025-04-18 19:53:10,341 - INFO - Global Model - P1 Test: Loss = 1.9911, Accuracy = 0.5701
2025-04-18 19:53:10,341 - INFO - Global Model - P2 Test: Loss = 2.1633, Accuracy = 0.5200
2025-04-18 19:53:12,711 - INFO - Final Results after 10 rounds:
2025-04-18 19:53:12,711 - INFO - Global Model - P1 Test: Loss = 1.9911, Accuracy = 0.5701
2025-04-18 19:53:12,711 - INFO - Global Model - P2 Test: Loss = 2.1633, Accuracy = 0.5200
2025-04-18 19:53:12,723 - INFO - Experiment 95 results saved to results/suppression_experiments/exp_95_p1f8_p2f4.json
