2025-04-18 18:32:35,305 - INFO - Starting Suppression Experiment 54
2025-04-18 18:32:35,305 - INFO - P1 Features (11/14): ['protocol', 'bidirectional_min_ps', 'bidirectional_mean_ps', 'bidirectional_stddev_ps', 'bidirectional_max_ps', 'src2dst_stddev_ps', 'src2dst_max_ps', 'dst2src_min_ps', 'dst2src_mean_ps', 'dst2src_stddev_ps', 'dst2src_max_ps']
2025-04-18 18:32:35,305 - INFO - P2 Features (3/14): ['protocol', 'bidirectional_min_ps', 'bidirectional_mean_ps']
2025-04-18 18:32:45,602 - INFO - P1 (Round 1) - Epoch 1/10 | Loss: 0.1400 | Acc: 0.9570 | Val Loss: 0.0386 | Val Acc: 0.9905 | Time: 10.19s
2025-04-18 18:32:55,906 - INFO - P1 (Round 1) - Epoch 2/10 | Loss: 0.0287 | Acc: 0.9931 | Val Loss: 0.0228 | Val Acc: 0.9945 | Time: 10.30s
2025-04-18 18:33:09,426 - INFO - P1 (Round 1) - Epoch 3/10 | Loss: 0.0206 | Acc: 0.9949 | Val Loss: 0.0191 | Val Acc: 0.9948 | Time: 13.52s
2025-04-18 18:33:20,496 - INFO - P1 (Round 1) - Epoch 4/10 | Loss: 0.0185 | Acc: 0.9953 | Val Loss: 0.0176 | Val Acc: 0.9955 | Time: 11.07s
2025-04-18 18:33:30,620 - INFO - P1 (Round 1) - Epoch 5/10 | Loss: 0.0173 | Acc: 0.9956 | Val Loss: 0.0179 | Val Acc: 0.9954 | Time: 10.12s
2025-04-18 18:33:40,693 - INFO - P1 (Round 1) - Epoch 6/10 | Loss: 0.0163 | Acc: 0.9958 | Val Loss: 0.0156 | Val Acc: 0.9959 | Time: 10.07s
2025-04-18 18:33:50,715 - INFO - P1 (Round 1) - Epoch 7/10 | Loss: 0.0155 | Acc: 0.9960 | Val Loss: 0.0156 | Val Acc: 0.9962 | Time: 10.02s
2025-04-18 18:34:00,878 - INFO - P1 (Round 1) - Epoch 8/10 | Loss: 0.0148 | Acc: 0.9961 | Val Loss: 0.0160 | Val Acc: 0.9960 | Time: 10.16s
2025-04-18 18:34:12,893 - INFO - P1 (Round 1) - Epoch 9/10 | Loss: 0.0144 | Acc: 0.9962 | Val Loss: 0.0150 | Val Acc: 0.9961 | Time: 12.02s
2025-04-18 18:34:25,251 - INFO - P1 (Round 1) - Epoch 10/10 | Loss: 0.0140 | Acc: 0.9963 | Val Loss: 0.0136 | Val Acc: 0.9964 | Time: 12.36s
2025-04-18 18:34:36,818 - INFO - P2 (Round 1) - Epoch 1/10 | Loss: 0.6918 | Acc: 0.6949 | Val Loss: 0.6102 | Val Acc: 0.7198 | Time: 11.57s
2025-04-18 18:34:48,742 - INFO - P2 (Round 1) - Epoch 2/10 | Loss: 0.5954 | Acc: 0.7206 | Val Loss: 0.5880 | Val Acc: 0.7233 | Time: 11.92s
2025-04-18 18:35:00,789 - INFO - P2 (Round 1) - Epoch 3/10 | Loss: 0.5807 | Acc: 0.7272 | Val Loss: 0.5773 | Val Acc: 0.7337 | Time: 12.05s
2025-04-18 18:35:13,066 - INFO - P2 (Round 1) - Epoch 4/10 | Loss: 0.5741 | Acc: 0.7320 | Val Loss: 0.5740 | Val Acc: 0.7320 | Time: 12.28s
2025-04-18 18:35:25,747 - INFO - P2 (Round 1) - Epoch 5/10 | Loss: 0.5713 | Acc: 0.7353 | Val Loss: 0.5697 | Val Acc: 0.7383 | Time: 12.68s
2025-04-18 18:35:37,767 - INFO - P2 (Round 1) - Epoch 6/10 | Loss: 0.5697 | Acc: 0.7365 | Val Loss: 0.5698 | Val Acc: 0.7376 | Time: 12.02s
2025-04-18 18:35:49,405 - INFO - P2 (Round 1) - Epoch 7/10 | Loss: 0.5687 | Acc: 0.7369 | Val Loss: 0.5702 | Val Acc: 0.7390 | Time: 11.64s
2025-04-18 18:36:01,173 - INFO - P2 (Round 1) - Epoch 8/10 | Loss: 0.5681 | Acc: 0.7369 | Val Loss: 0.5702 | Val Acc: 0.7375 | Time: 11.77s
2025-04-18 18:36:13,035 - INFO - P2 (Round 1) - Epoch 9/10 | Loss: 0.5676 | Acc: 0.7377 | Val Loss: 0.5685 | Val Acc: 0.7342 | Time: 11.86s
2025-04-18 18:36:24,640 - INFO - P2 (Round 1) - Epoch 10/10 | Loss: 0.5673 | Acc: 0.7377 | Val Loss: 0.5678 | Val Acc: 0.7403 | Time: 11.61s
2025-04-18 18:36:27,009 - INFO - Round 1 completed in 231.59s
2025-04-18 18:36:27,009 - INFO - Global Model - P1 Test: Loss = 5.2316, Accuracy = 0.1508
2025-04-18 18:36:27,009 - INFO - Global Model - P2 Test: Loss = 1.8398, Accuracy = 0.5378
2025-04-18 18:36:40,080 - INFO - P1 (Round 2) - Epoch 1/10 | Loss: 0.0828 | Acc: 0.9808 | Val Loss: 0.0243 | Val Acc: 0.9944 | Time: 13.07s
2025-04-18 18:36:52,277 - INFO - P1 (Round 2) - Epoch 2/10 | Loss: 0.0201 | Acc: 0.9949 | Val Loss: 0.0176 | Val Acc: 0.9953 | Time: 12.20s
2025-04-18 18:37:04,117 - INFO - P1 (Round 2) - Epoch 3/10 | Loss: 0.0167 | Acc: 0.9956 | Val Loss: 0.0159 | Val Acc: 0.9958 | Time: 11.84s
2025-04-18 18:37:15,976 - INFO - P1 (Round 2) - Epoch 4/10 | Loss: 0.0156 | Acc: 0.9958 | Val Loss: 0.0171 | Val Acc: 0.9958 | Time: 11.86s
2025-04-18 18:37:27,897 - INFO - P1 (Round 2) - Epoch 5/10 | Loss: 0.0148 | Acc: 0.9961 | Val Loss: 0.0144 | Val Acc: 0.9964 | Time: 11.92s
2025-04-18 18:37:39,586 - INFO - P1 (Round 2) - Epoch 6/10 | Loss: 0.0141 | Acc: 0.9962 | Val Loss: 0.0140 | Val Acc: 0.9965 | Time: 11.69s
2025-04-18 18:37:52,639 - INFO - P1 (Round 2) - Epoch 7/10 | Loss: 0.0138 | Acc: 0.9964 | Val Loss: 0.0130 | Val Acc: 0.9966 | Time: 13.05s
2025-04-18 18:38:04,271 - INFO - P1 (Round 2) - Epoch 8/10 | Loss: 0.0134 | Acc: 0.9965 | Val Loss: 0.0133 | Val Acc: 0.9964 | Time: 11.63s
2025-04-18 18:38:16,360 - INFO - P1 (Round 2) - Epoch 9/10 | Loss: 0.0131 | Acc: 0.9965 | Val Loss: 0.0130 | Val Acc: 0.9968 | Time: 12.09s
2025-04-18 18:38:28,560 - INFO - P1 (Round 2) - Epoch 10/10 | Loss: 0.0128 | Acc: 0.9966 | Val Loss: 0.0127 | Val Acc: 0.9966 | Time: 12.20s
2025-04-18 18:38:40,418 - INFO - P2 (Round 2) - Epoch 1/10 | Loss: 0.6401 | Acc: 0.7100 | Val Loss: 0.6145 | Val Acc: 0.7172 | Time: 11.86s
2025-04-18 18:38:52,397 - INFO - P2 (Round 2) - Epoch 2/10 | Loss: 0.6059 | Acc: 0.7187 | Val Loss: 0.6000 | Val Acc: 0.7227 | Time: 11.98s
2025-04-18 18:39:05,027 - INFO - P2 (Round 2) - Epoch 3/10 | Loss: 0.5944 | Acc: 0.7229 | Val Loss: 0.5907 | Val Acc: 0.7247 | Time: 12.63s
2025-04-18 18:39:16,642 - INFO - P2 (Round 2) - Epoch 4/10 | Loss: 0.5860 | Acc: 0.7276 | Val Loss: 0.5846 | Val Acc: 0.7320 | Time: 11.62s
2025-04-18 18:39:28,503 - INFO - P2 (Round 2) - Epoch 5/10 | Loss: 0.5808 | Acc: 0.7322 | Val Loss: 0.5844 | Val Acc: 0.7309 | Time: 11.86s
2025-04-18 18:39:40,562 - INFO - P2 (Round 2) - Epoch 6/10 | Loss: 0.5772 | Acc: 0.7343 | Val Loss: 0.5775 | Val Acc: 0.7343 | Time: 12.06s
2025-04-18 18:39:52,432 - INFO - P2 (Round 2) - Epoch 7/10 | Loss: 0.5747 | Acc: 0.7359 | Val Loss: 0.5741 | Val Acc: 0.7355 | Time: 11.87s
2025-04-18 18:40:04,427 - INFO - P2 (Round 2) - Epoch 8/10 | Loss: 0.5731 | Acc: 0.7369 | Val Loss: 0.5725 | Val Acc: 0.7379 | Time: 12.00s
2025-04-18 18:40:17,059 - INFO - P2 (Round 2) - Epoch 9/10 | Loss: 0.5718 | Acc: 0.7378 | Val Loss: 0.5704 | Val Acc: 0.7397 | Time: 12.63s
2025-04-18 18:40:28,926 - INFO - P2 (Round 2) - Epoch 10/10 | Loss: 0.5708 | Acc: 0.7384 | Val Loss: 0.5713 | Val Acc: 0.7383 | Time: 11.87s
2025-04-18 18:40:31,649 - INFO - Round 2 completed in 244.64s
2025-04-18 18:40:31,649 - INFO - Global Model - P1 Test: Loss = 3.0255, Accuracy = 0.5236
2025-04-18 18:40:31,649 - INFO - Global Model - P2 Test: Loss = 5.7800, Accuracy = 0.4207
2025-04-18 18:40:43,709 - INFO - P1 (Round 3) - Epoch 1/10 | Loss: 0.0468 | Acc: 0.9900 | Val Loss: 0.0179 | Val Acc: 0.9952 | Time: 12.06s
2025-04-18 18:40:56,144 - INFO - P1 (Round 3) - Epoch 2/10 | Loss: 0.0159 | Acc: 0.9958 | Val Loss: 0.0144 | Val Acc: 0.9961 | Time: 12.43s
2025-04-18 18:41:08,432 - INFO - P1 (Round 3) - Epoch 3/10 | Loss: 0.0144 | Acc: 0.9961 | Val Loss: 0.0136 | Val Acc: 0.9963 | Time: 12.29s
2025-04-18 18:41:20,881 - INFO - P1 (Round 3) - Epoch 4/10 | Loss: 0.0136 | Acc: 0.9963 | Val Loss: 0.0136 | Val Acc: 0.9964 | Time: 12.45s
2025-04-18 18:41:33,401 - INFO - P1 (Round 3) - Epoch 5/10 | Loss: 0.0132 | Acc: 0.9964 | Val Loss: 0.0132 | Val Acc: 0.9967 | Time: 12.52s
2025-04-18 18:41:45,279 - INFO - P1 (Round 3) - Epoch 6/10 | Loss: 0.0128 | Acc: 0.9966 | Val Loss: 0.0122 | Val Acc: 0.9967 | Time: 11.88s
2025-04-18 18:41:57,118 - INFO - P1 (Round 3) - Epoch 7/10 | Loss: 0.0124 | Acc: 0.9967 | Val Loss: 0.0118 | Val Acc: 0.9968 | Time: 11.84s
2025-04-18 18:42:09,074 - INFO - P1 (Round 3) - Epoch 8/10 | Loss: 0.0121 | Acc: 0.9968 | Val Loss: 0.0128 | Val Acc: 0.9966 | Time: 11.96s
2025-04-18 18:42:21,069 - INFO - P1 (Round 3) - Epoch 9/10 | Loss: 0.0119 | Acc: 0.9969 | Val Loss: 0.0121 | Val Acc: 0.9968 | Time: 12.00s
2025-04-18 18:42:33,739 - INFO - P1 (Round 3) - Epoch 10/10 | Loss: 0.0116 | Acc: 0.9969 | Val Loss: 0.0121 | Val Acc: 0.9967 | Time: 12.67s
2025-04-18 18:42:45,820 - INFO - P2 (Round 3) - Epoch 1/10 | Loss: 0.6733 | Acc: 0.7160 | Val Loss: 0.5897 | Val Acc: 0.7255 | Time: 12.08s
2025-04-18 18:42:57,493 - INFO - P2 (Round 3) - Epoch 2/10 | Loss: 0.5841 | Acc: 0.7286 | Val Loss: 0.5817 | Val Acc: 0.7286 | Time: 11.67s
2025-04-18 18:43:09,148 - INFO - P2 (Round 3) - Epoch 3/10 | Loss: 0.5774 | Acc: 0.7339 | Val Loss: 0.5776 | Val Acc: 0.7365 | Time: 11.65s
2025-04-18 18:43:20,788 - INFO - P2 (Round 3) - Epoch 4/10 | Loss: 0.5745 | Acc: 0.7347 | Val Loss: 0.5781 | Val Acc: 0.7335 | Time: 11.64s
2025-04-18 18:43:32,510 - INFO - P2 (Round 3) - Epoch 5/10 | Loss: 0.5722 | Acc: 0.7358 | Val Loss: 0.5708 | Val Acc: 0.7367 | Time: 11.72s
2025-04-18 18:43:45,042 - INFO - P2 (Round 3) - Epoch 6/10 | Loss: 0.5707 | Acc: 0.7362 | Val Loss: 0.5695 | Val Acc: 0.7391 | Time: 12.53s
2025-04-18 18:43:57,040 - INFO - P2 (Round 3) - Epoch 7/10 | Loss: 0.5698 | Acc: 0.7364 | Val Loss: 0.5702 | Val Acc: 0.7369 | Time: 12.00s
2025-04-18 18:44:08,801 - INFO - P2 (Round 3) - Epoch 8/10 | Loss: 0.5691 | Acc: 0.7366 | Val Loss: 0.5708 | Val Acc: 0.7379 | Time: 11.76s
2025-04-18 18:44:20,449 - INFO - P2 (Round 3) - Epoch 9/10 | Loss: 0.5686 | Acc: 0.7368 | Val Loss: 0.5693 | Val Acc: 0.7368 | Time: 11.65s
2025-04-18 18:44:32,437 - INFO - P2 (Round 3) - Epoch 10/10 | Loss: 0.5680 | Acc: 0.7372 | Val Loss: 0.5705 | Val Acc: 0.7363 | Time: 11.99s
2025-04-18 18:44:35,123 - INFO - Round 3 completed in 243.47s
2025-04-18 18:44:35,124 - INFO - Global Model - P1 Test: Loss = 4.0966, Accuracy = 0.5552
2025-04-18 18:44:35,124 - INFO - Global Model - P2 Test: Loss = 1.6813, Accuracy = 0.5184
2025-04-18 18:44:47,206 - INFO - P1 (Round 4) - Epoch 1/10 | Loss: 0.0439 | Acc: 0.9916 | Val Loss: 0.0158 | Val Acc: 0.9962 | Time: 12.08s
2025-04-18 18:45:00,156 - INFO - P1 (Round 4) - Epoch 2/10 | Loss: 0.0142 | Acc: 0.9963 | Val Loss: 0.0141 | Val Acc: 0.9961 | Time: 12.95s
2025-04-18 18:45:12,001 - INFO - P1 (Round 4) - Epoch 3/10 | Loss: 0.0132 | Acc: 0.9965 | Val Loss: 0.0123 | Val Acc: 0.9966 | Time: 11.84s
2025-04-18 18:45:23,731 - INFO - P1 (Round 4) - Epoch 4/10 | Loss: 0.0127 | Acc: 0.9966 | Val Loss: 0.0121 | Val Acc: 0.9966 | Time: 11.73s
2025-04-18 18:45:35,673 - INFO - P1 (Round 4) - Epoch 5/10 | Loss: 0.0124 | Acc: 0.9967 | Val Loss: 0.0127 | Val Acc: 0.9965 | Time: 11.94s
2025-04-18 18:45:47,484 - INFO - P1 (Round 4) - Epoch 6/10 | Loss: 0.0121 | Acc: 0.9968 | Val Loss: 0.0118 | Val Acc: 0.9966 | Time: 11.81s
2025-04-18 18:45:59,322 - INFO - P1 (Round 4) - Epoch 7/10 | Loss: 0.0119 | Acc: 0.9968 | Val Loss: 0.0130 | Val Acc: 0.9963 | Time: 11.84s
2025-04-18 18:46:12,391 - INFO - P1 (Round 4) - Epoch 8/10 | Loss: 0.0116 | Acc: 0.9969 | Val Loss: 0.0112 | Val Acc: 0.9970 | Time: 13.07s
2025-04-18 18:46:24,569 - INFO - P1 (Round 4) - Epoch 9/10 | Loss: 0.0114 | Acc: 0.9969 | Val Loss: 0.0112 | Val Acc: 0.9971 | Time: 12.18s
2025-04-18 18:46:36,880 - INFO - P1 (Round 4) - Epoch 10/10 | Loss: 0.0113 | Acc: 0.9970 | Val Loss: 0.0109 | Val Acc: 0.9972 | Time: 12.31s
2025-04-18 18:46:48,421 - INFO - P2 (Round 4) - Epoch 1/10 | Loss: 0.6170 | Acc: 0.7138 | Val Loss: 0.5946 | Val Acc: 0.7190 | Time: 11.54s
2025-04-18 18:47:00,073 - INFO - P2 (Round 4) - Epoch 2/10 | Loss: 0.5885 | Acc: 0.7239 | Val Loss: 0.5851 | Val Acc: 0.7266 | Time: 11.65s
2025-04-18 18:47:12,150 - INFO - P2 (Round 4) - Epoch 3/10 | Loss: 0.5820 | Acc: 0.7288 | Val Loss: 0.5794 | Val Acc: 0.7309 | Time: 12.08s
2025-04-18 18:47:24,892 - INFO - P2 (Round 4) - Epoch 4/10 | Loss: 0.5792 | Acc: 0.7304 | Val Loss: 0.5785 | Val Acc: 0.7336 | Time: 12.74s
2025-04-18 18:47:36,833 - INFO - P2 (Round 4) - Epoch 5/10 | Loss: 0.5776 | Acc: 0.7313 | Val Loss: 0.5777 | Val Acc: 0.7326 | Time: 11.94s
2025-04-18 18:47:48,740 - INFO - P2 (Round 4) - Epoch 6/10 | Loss: 0.5762 | Acc: 0.7327 | Val Loss: 0.5756 | Val Acc: 0.7315 | Time: 11.91s
2025-04-18 18:48:00,546 - INFO - P2 (Round 4) - Epoch 7/10 | Loss: 0.5752 | Acc: 0.7331 | Val Loss: 0.5747 | Val Acc: 0.7326 | Time: 11.81s
2025-04-18 18:48:12,612 - INFO - P2 (Round 4) - Epoch 8/10 | Loss: 0.5747 | Acc: 0.7336 | Val Loss: 0.5740 | Val Acc: 0.7357 | Time: 12.07s
2025-04-18 18:48:24,449 - INFO - P2 (Round 4) - Epoch 9/10 | Loss: 0.5741 | Acc: 0.7339 | Val Loss: 0.5762 | Val Acc: 0.7336 | Time: 11.84s
2025-04-18 18:48:37,184 - INFO - P2 (Round 4) - Epoch 10/10 | Loss: 0.5735 | Acc: 0.7342 | Val Loss: 0.5744 | Val Acc: 0.7346 | Time: 12.74s
2025-04-18 18:48:39,675 - INFO - Round 4 completed in 244.55s
2025-04-18 18:48:39,675 - INFO - Global Model - P1 Test: Loss = 3.8564, Accuracy = 0.5981
2025-04-18 18:48:39,675 - INFO - Global Model - P2 Test: Loss = 2.2864, Accuracy = 0.6285
2025-04-18 18:48:51,683 - INFO - P1 (Round 5) - Epoch 1/10 | Loss: 0.0366 | Acc: 0.9929 | Val Loss: 0.0135 | Val Acc: 0.9962 | Time: 12.01s
2025-04-18 18:49:03,602 - INFO - P1 (Round 5) - Epoch 2/10 | Loss: 0.0132 | Acc: 0.9966 | Val Loss: 0.0127 | Val Acc: 0.9968 | Time: 11.92s
2025-04-18 18:49:15,686 - INFO - P1 (Round 5) - Epoch 3/10 | Loss: 0.0122 | Acc: 0.9968 | Val Loss: 0.0115 | Val Acc: 0.9970 | Time: 12.08s
2025-04-18 18:49:27,482 - INFO - P1 (Round 5) - Epoch 4/10 | Loss: 0.0119 | Acc: 0.9969 | Val Loss: 0.0121 | Val Acc: 0.9968 | Time: 11.80s
2025-04-18 18:49:39,751 - INFO - P1 (Round 5) - Epoch 5/10 | Loss: 0.0115 | Acc: 0.9969 | Val Loss: 0.0113 | Val Acc: 0.9971 | Time: 12.27s
2025-04-18 18:49:52,292 - INFO - P1 (Round 5) - Epoch 6/10 | Loss: 0.0112 | Acc: 0.9970 | Val Loss: 0.0108 | Val Acc: 0.9971 | Time: 12.54s
2025-04-18 18:50:03,965 - INFO - P1 (Round 5) - Epoch 7/10 | Loss: 0.0110 | Acc: 0.9970 | Val Loss: 0.0113 | Val Acc: 0.9970 | Time: 11.67s
2025-04-18 18:50:16,214 - INFO - P1 (Round 5) - Epoch 8/10 | Loss: 0.0106 | Acc: 0.9971 | Val Loss: 0.0105 | Val Acc: 0.9972 | Time: 12.25s
2025-04-18 18:50:28,204 - INFO - P1 (Round 5) - Epoch 9/10 | Loss: 0.0104 | Acc: 0.9972 | Val Loss: 0.0118 | Val Acc: 0.9968 | Time: 11.99s
2025-04-18 18:50:40,029 - INFO - P1 (Round 5) - Epoch 10/10 | Loss: 0.0103 | Acc: 0.9972 | Val Loss: 0.0105 | Val Acc: 0.9972 | Time: 11.83s
2025-04-18 18:50:52,430 - INFO - P2 (Round 5) - Epoch 1/10 | Loss: 0.6287 | Acc: 0.7124 | Val Loss: 0.5885 | Val Acc: 0.7152 | Time: 12.40s
2025-04-18 18:51:04,720 - INFO - P2 (Round 5) - Epoch 2/10 | Loss: 0.5838 | Acc: 0.7255 | Val Loss: 0.5835 | Val Acc: 0.7349 | Time: 12.29s
2025-04-18 18:51:16,332 - INFO - P2 (Round 5) - Epoch 3/10 | Loss: 0.5787 | Acc: 0.7299 | Val Loss: 0.5815 | Val Acc: 0.7343 | Time: 11.61s
2025-04-18 18:51:28,010 - INFO - P2 (Round 5) - Epoch 4/10 | Loss: 0.5775 | Acc: 0.7300 | Val Loss: 0.5816 | Val Acc: 0.7267 | Time: 11.68s
2025-04-18 18:51:39,538 - INFO - P2 (Round 5) - Epoch 5/10 | Loss: 0.5770 | Acc: 0.7298 | Val Loss: 0.5800 | Val Acc: 0.7383 | Time: 11.53s
2025-04-18 18:51:51,211 - INFO - P2 (Round 5) - Epoch 6/10 | Loss: 0.5767 | Acc: 0.7301 | Val Loss: 0.5776 | Val Acc: 0.7371 | Time: 11.67s
2025-04-18 18:52:03,514 - INFO - P2 (Round 5) - Epoch 7/10 | Loss: 0.5768 | Acc: 0.7300 | Val Loss: 0.5771 | Val Acc: 0.7381 | Time: 12.30s
2025-04-18 18:52:15,747 - INFO - P2 (Round 5) - Epoch 8/10 | Loss: 0.5765 | Acc: 0.7298 | Val Loss: 0.5759 | Val Acc: 0.7261 | Time: 12.23s
2025-04-18 18:52:27,308 - INFO - P2 (Round 5) - Epoch 9/10 | Loss: 0.5763 | Acc: 0.7304 | Val Loss: 0.5763 | Val Acc: 0.7383 | Time: 11.56s
2025-04-18 18:52:38,846 - INFO - P2 (Round 5) - Epoch 10/10 | Loss: 0.5762 | Acc: 0.7299 | Val Loss: 0.5774 | Val Acc: 0.7239 | Time: 11.54s
2025-04-18 18:52:41,368 - INFO - Round 5 completed in 241.69s
2025-04-18 18:52:41,368 - INFO - Global Model - P1 Test: Loss = 2.0991, Accuracy = 0.6341
2025-04-18 18:52:41,368 - INFO - Global Model - P2 Test: Loss = 1.2452, Accuracy = 0.5316
2025-04-18 18:52:52,348 - INFO - P1 (Round 6) - Epoch 1/10 | Loss: 0.0252 | Acc: 0.9943 | Val Loss: 0.0144 | Val Acc: 0.9964 | Time: 10.98s
2025-04-18 18:53:02,529 - INFO - P1 (Round 6) - Epoch 2/10 | Loss: 0.0118 | Acc: 0.9969 | Val Loss: 0.0114 | Val Acc: 0.9970 | Time: 10.18s
2025-04-18 18:53:14,090 - INFO - P1 (Round 6) - Epoch 3/10 | Loss: 0.0110 | Acc: 0.9971 | Val Loss: 0.0112 | Val Acc: 0.9969 | Time: 11.56s
2025-04-18 18:53:29,755 - INFO - P1 (Round 6) - Epoch 4/10 | Loss: 0.0105 | Acc: 0.9972 | Val Loss: 0.0105 | Val Acc: 0.9972 | Time: 15.66s
2025-04-18 18:53:45,071 - INFO - P1 (Round 6) - Epoch 5/10 | Loss: 0.0102 | Acc: 0.9972 | Val Loss: 0.0095 | Val Acc: 0.9974 | Time: 15.32s
2025-04-18 18:53:56,580 - INFO - P1 (Round 6) - Epoch 6/10 | Loss: 0.0097 | Acc: 0.9974 | Val Loss: 0.0097 | Val Acc: 0.9974 | Time: 11.51s
2025-04-18 18:54:08,414 - INFO - P1 (Round 6) - Epoch 7/10 | Loss: 0.0092 | Acc: 0.9975 | Val Loss: 0.0097 | Val Acc: 0.9975 | Time: 11.83s
2025-04-18 18:54:20,597 - INFO - P1 (Round 6) - Epoch 8/10 | Loss: 0.0087 | Acc: 0.9977 | Val Loss: 0.0099 | Val Acc: 0.9974 | Time: 12.18s
2025-04-18 18:54:33,255 - INFO - P1 (Round 6) - Epoch 9/10 | Loss: 0.0082 | Acc: 0.9978 | Val Loss: 0.0080 | Val Acc: 0.9978 | Time: 12.66s
2025-04-18 18:54:45,347 - INFO - P1 (Round 6) - Epoch 10/10 | Loss: 0.0077 | Acc: 0.9980 | Val Loss: 0.0079 | Val Acc: 0.9980 | Time: 12.09s
2025-04-18 18:54:57,030 - INFO - P2 (Round 6) - Epoch 1/10 | Loss: 0.5880 | Acc: 0.7212 | Val Loss: 0.5787 | Val Acc: 0.7273 | Time: 11.68s
2025-04-18 18:55:08,962 - INFO - P2 (Round 6) - Epoch 2/10 | Loss: 0.5767 | Acc: 0.7277 | Val Loss: 0.5747 | Val Acc: 0.7310 | Time: 11.93s
2025-04-18 18:55:20,683 - INFO - P2 (Round 6) - Epoch 3/10 | Loss: 0.5738 | Acc: 0.7311 | Val Loss: 0.5743 | Val Acc: 0.7300 | Time: 11.72s
2025-04-18 18:55:32,894 - INFO - P2 (Round 6) - Epoch 4/10 | Loss: 0.5727 | Acc: 0.7323 | Val Loss: 0.5726 | Val Acc: 0.7198 | Time: 12.21s
2025-04-18 18:55:45,191 - INFO - P2 (Round 6) - Epoch 5/10 | Loss: 0.5722 | Acc: 0.7333 | Val Loss: 0.5709 | Val Acc: 0.7322 | Time: 12.30s
2025-04-18 18:55:56,679 - INFO - P2 (Round 6) - Epoch 6/10 | Loss: 0.5717 | Acc: 0.7336 | Val Loss: 0.5709 | Val Acc: 0.7353 | Time: 11.49s
2025-04-18 18:56:08,427 - INFO - P2 (Round 6) - Epoch 7/10 | Loss: 0.5714 | Acc: 0.7337 | Val Loss: 0.5711 | Val Acc: 0.7359 | Time: 11.75s
2025-04-18 18:56:20,007 - INFO - P2 (Round 6) - Epoch 8/10 | Loss: 0.5709 | Acc: 0.7340 | Val Loss: 0.5714 | Val Acc: 0.7352 | Time: 11.58s
2025-04-18 18:56:31,745 - INFO - P2 (Round 6) - Epoch 9/10 | Loss: 0.5705 | Acc: 0.7344 | Val Loss: 0.5701 | Val Acc: 0.7343 | Time: 11.74s
2025-04-18 18:56:43,837 - INFO - P2 (Round 6) - Epoch 10/10 | Loss: 0.5702 | Acc: 0.7346 | Val Loss: 0.5716 | Val Acc: 0.7337 | Time: 12.09s
2025-04-18 18:56:46,703 - INFO - Round 6 completed in 245.33s
2025-04-18 18:56:46,703 - INFO - Global Model - P1 Test: Loss = 2.3788, Accuracy = 0.6059
2025-04-18 18:56:46,703 - INFO - Global Model - P2 Test: Loss = 2.1927, Accuracy = 0.3418
2025-04-18 18:56:59,249 - INFO - P1 (Round 7) - Epoch 1/10 | Loss: 0.0240 | Acc: 0.9946 | Val Loss: 0.0098 | Val Acc: 0.9975 | Time: 12.55s
2025-04-18 18:57:11,069 - INFO - P1 (Round 7) - Epoch 2/10 | Loss: 0.0097 | Acc: 0.9975 | Val Loss: 0.0109 | Val Acc: 0.9972 | Time: 11.82s
2025-04-18 18:57:23,166 - INFO - P1 (Round 7) - Epoch 3/10 | Loss: 0.0087 | Acc: 0.9977 | Val Loss: 0.0084 | Val Acc: 0.9977 | Time: 12.10s
2025-04-18 18:57:35,466 - INFO - P1 (Round 7) - Epoch 4/10 | Loss: 0.0080 | Acc: 0.9979 | Val Loss: 0.0100 | Val Acc: 0.9974 | Time: 12.30s
2025-04-18 18:57:47,454 - INFO - P1 (Round 7) - Epoch 5/10 | Loss: 0.0072 | Acc: 0.9982 | Val Loss: 0.0071 | Val Acc: 0.9982 | Time: 11.99s
2025-04-18 18:58:00,249 - INFO - P1 (Round 7) - Epoch 6/10 | Loss: 0.0064 | Acc: 0.9985 | Val Loss: 0.0077 | Val Acc: 0.9978 | Time: 12.79s
2025-04-18 18:58:12,746 - INFO - P1 (Round 7) - Epoch 7/10 | Loss: 0.0052 | Acc: 0.9989 | Val Loss: 0.0056 | Val Acc: 0.9988 | Time: 12.50s
2025-04-18 18:58:24,546 - INFO - P1 (Round 7) - Epoch 8/10 | Loss: 0.0046 | Acc: 0.9991 | Val Loss: 0.0053 | Val Acc: 0.9990 | Time: 11.80s
2025-04-18 18:58:36,431 - INFO - P1 (Round 7) - Epoch 9/10 | Loss: 0.0038 | Acc: 0.9993 | Val Loss: 0.0044 | Val Acc: 0.9992 | Time: 11.89s
2025-04-18 18:58:48,453 - INFO - P1 (Round 7) - Epoch 10/10 | Loss: 0.0034 | Acc: 0.9994 | Val Loss: 0.0036 | Val Acc: 0.9994 | Time: 12.02s
2025-04-18 18:59:00,298 - INFO - P2 (Round 7) - Epoch 1/10 | Loss: 0.6246 | Acc: 0.7133 | Val Loss: 0.5784 | Val Acc: 0.7304 | Time: 11.84s
2025-04-18 18:59:12,992 - INFO - P2 (Round 7) - Epoch 2/10 | Loss: 0.5761 | Acc: 0.7307 | Val Loss: 0.5815 | Val Acc: 0.7273 | Time: 12.69s
2025-04-18 18:59:24,749 - INFO - P2 (Round 7) - Epoch 3/10 | Loss: 0.5727 | Acc: 0.7337 | Val Loss: 0.5729 | Val Acc: 0.7340 | Time: 11.76s
2025-04-18 18:59:36,341 - INFO - P2 (Round 7) - Epoch 4/10 | Loss: 0.5705 | Acc: 0.7364 | Val Loss: 0.5692 | Val Acc: 0.7394 | Time: 11.59s
2025-04-18 18:59:48,036 - INFO - P2 (Round 7) - Epoch 5/10 | Loss: 0.5688 | Acc: 0.7382 | Val Loss: 0.5687 | Val Acc: 0.7436 | Time: 11.69s
2025-04-18 18:59:59,843 - INFO - P2 (Round 7) - Epoch 6/10 | Loss: 0.5682 | Acc: 0.7388 | Val Loss: 0.5713 | Val Acc: 0.7354 | Time: 11.81s
2025-04-18 19:00:12,894 - INFO - P2 (Round 7) - Epoch 7/10 | Loss: 0.5677 | Acc: 0.7395 | Val Loss: 0.5690 | Val Acc: 0.7411 | Time: 13.05s
2025-04-18 19:00:25,878 - INFO - P2 (Round 7) - Epoch 8/10 | Loss: 0.5668 | Acc: 0.7400 | Val Loss: 0.5684 | Val Acc: 0.7411 | Time: 12.98s
2025-04-18 19:00:36,076 - INFO - P2 (Round 7) - Epoch 9/10 | Loss: 0.5661 | Acc: 0.7408 | Val Loss: 0.5659 | Val Acc: 0.7396 | Time: 10.20s
2025-04-18 19:00:46,904 - INFO - P2 (Round 7) - Epoch 10/10 | Loss: 0.5658 | Acc: 0.7407 | Val Loss: 0.5654 | Val Acc: 0.7378 | Time: 10.83s
2025-04-18 19:00:49,400 - INFO - Round 7 completed in 242.70s
2025-04-18 19:00:49,401 - INFO - Global Model - P1 Test: Loss = 3.1257, Accuracy = 0.6304
2025-04-18 19:00:49,401 - INFO - Global Model - P2 Test: Loss = 1.2387, Accuracy = 0.5503
2025-04-18 19:01:01,153 - INFO - P1 (Round 8) - Epoch 1/10 | Loss: 0.0246 | Acc: 0.9953 | Val Loss: 0.0078 | Val Acc: 0.9983 | Time: 11.75s
2025-04-18 19:01:13,092 - INFO - P1 (Round 8) - Epoch 2/10 | Loss: 0.0059 | Acc: 0.9988 | Val Loss: 0.0056 | Val Acc: 0.9989 | Time: 11.94s
2025-04-18 19:01:25,549 - INFO - P1 (Round 8) - Epoch 3/10 | Loss: 0.0046 | Acc: 0.9991 | Val Loss: 0.0048 | Val Acc: 0.9991 | Time: 12.46s
2025-04-18 19:01:38,583 - INFO - P1 (Round 8) - Epoch 4/10 | Loss: 0.0041 | Acc: 0.9993 | Val Loss: 0.0038 | Val Acc: 0.9993 | Time: 13.03s
2025-04-18 19:01:51,004 - INFO - P1 (Round 8) - Epoch 5/10 | Loss: 0.0036 | Acc: 0.9994 | Val Loss: 0.0038 | Val Acc: 0.9993 | Time: 12.42s
2025-04-18 19:02:02,798 - INFO - P1 (Round 8) - Epoch 6/10 | Loss: 0.0033 | Acc: 0.9994 | Val Loss: 0.0033 | Val Acc: 0.9994 | Time: 11.79s
2025-04-18 19:02:14,627 - INFO - P1 (Round 8) - Epoch 7/10 | Loss: 0.0032 | Acc: 0.9995 | Val Loss: 0.0031 | Val Acc: 0.9994 | Time: 11.83s
2025-04-18 19:02:26,518 - INFO - P1 (Round 8) - Epoch 8/10 | Loss: 0.0031 | Acc: 0.9995 | Val Loss: 0.0032 | Val Acc: 0.9994 | Time: 11.89s
2025-04-18 19:02:39,221 - INFO - P1 (Round 8) - Epoch 9/10 | Loss: 0.0029 | Acc: 0.9995 | Val Loss: 0.0030 | Val Acc: 0.9995 | Time: 12.70s
2025-04-18 19:02:51,380 - INFO - P1 (Round 8) - Epoch 10/10 | Loss: 0.0028 | Acc: 0.9995 | Val Loss: 0.0031 | Val Acc: 0.9995 | Time: 12.16s
2025-04-18 19:03:03,013 - INFO - P2 (Round 8) - Epoch 1/10 | Loss: 0.5792 | Acc: 0.7322 | Val Loss: 0.5714 | Val Acc: 0.7379 | Time: 11.63s
2025-04-18 19:03:14,722 - INFO - P2 (Round 8) - Epoch 2/10 | Loss: 0.5699 | Acc: 0.7378 | Val Loss: 0.5694 | Val Acc: 0.7375 | Time: 11.71s
2025-04-18 19:03:26,392 - INFO - P2 (Round 8) - Epoch 3/10 | Loss: 0.5686 | Acc: 0.7386 | Val Loss: 0.5703 | Val Acc: 0.7413 | Time: 11.67s
2025-04-18 19:03:38,427 - INFO - P2 (Round 8) - Epoch 4/10 | Loss: 0.5676 | Acc: 0.7395 | Val Loss: 0.5692 | Val Acc: 0.7427 | Time: 12.04s
2025-04-18 19:03:51,312 - INFO - P2 (Round 8) - Epoch 5/10 | Loss: 0.5664 | Acc: 0.7404 | Val Loss: 0.5674 | Val Acc: 0.7421 | Time: 12.88s
2025-04-18 19:04:02,939 - INFO - P2 (Round 8) - Epoch 6/10 | Loss: 0.5658 | Acc: 0.7406 | Val Loss: 0.5705 | Val Acc: 0.7379 | Time: 11.63s
2025-04-18 19:04:14,743 - INFO - P2 (Round 8) - Epoch 7/10 | Loss: 0.5653 | Acc: 0.7410 | Val Loss: 0.5694 | Val Acc: 0.7384 | Time: 11.80s
2025-04-18 19:04:26,552 - INFO - P2 (Round 8) - Epoch 8/10 | Loss: 0.5651 | Acc: 0.7412 | Val Loss: 0.5689 | Val Acc: 0.7375 | Time: 11.81s
2025-04-18 19:04:38,510 - INFO - P2 (Round 8) - Epoch 9/10 | Loss: 0.5649 | Acc: 0.7410 | Val Loss: 0.5650 | Val Acc: 0.7434 | Time: 11.96s
2025-04-18 19:04:50,492 - INFO - P2 (Round 8) - Epoch 10/10 | Loss: 0.5647 | Acc: 0.7411 | Val Loss: 0.5651 | Val Acc: 0.7401 | Time: 11.98s
2025-04-18 19:04:53,247 - INFO - Round 8 completed in 243.85s
2025-04-18 19:04:53,247 - INFO - Global Model - P1 Test: Loss = 3.0857, Accuracy = 0.6447
2025-04-18 19:04:53,247 - INFO - Global Model - P2 Test: Loss = 1.5421, Accuracy = 0.5517
2025-04-18 19:05:05,619 - INFO - P1 (Round 9) - Epoch 1/10 | Loss: 0.0209 | Acc: 0.9964 | Val Loss: 0.0054 | Val Acc: 0.9991 | Time: 12.37s
2025-04-18 19:05:17,780 - INFO - P1 (Round 9) - Epoch 2/10 | Loss: 0.0043 | Acc: 0.9993 | Val Loss: 0.0045 | Val Acc: 0.9991 | Time: 12.16s
2025-04-18 19:05:29,635 - INFO - P1 (Round 9) - Epoch 3/10 | Loss: 0.0035 | Acc: 0.9994 | Val Loss: 0.0036 | Val Acc: 0.9994 | Time: 11.85s
2025-04-18 19:05:42,769 - INFO - P1 (Round 9) - Epoch 4/10 | Loss: 0.0033 | Acc: 0.9994 | Val Loss: 0.0037 | Val Acc: 0.9994 | Time: 13.13s
2025-04-18 19:05:54,900 - INFO - P1 (Round 9) - Epoch 5/10 | Loss: 0.0031 | Acc: 0.9995 | Val Loss: 0.0033 | Val Acc: 0.9994 | Time: 12.13s
2025-04-18 19:06:07,899 - INFO - P1 (Round 9) - Epoch 6/10 | Loss: 0.0029 | Acc: 0.9995 | Val Loss: 0.0033 | Val Acc: 0.9994 | Time: 13.00s
2025-04-18 19:06:19,498 - INFO - P1 (Round 9) - Epoch 7/10 | Loss: 0.0029 | Acc: 0.9995 | Val Loss: 0.0032 | Val Acc: 0.9995 | Time: 11.60s
2025-04-18 19:06:31,468 - INFO - P1 (Round 9) - Epoch 8/10 | Loss: 0.0028 | Acc: 0.9995 | Val Loss: 0.0030 | Val Acc: 0.9995 | Time: 11.97s
2025-04-18 19:06:43,355 - INFO - P1 (Round 9) - Epoch 9/10 | Loss: 0.0029 | Acc: 0.9995 | Val Loss: 0.0031 | Val Acc: 0.9995 | Time: 11.89s
2025-04-18 19:06:55,300 - INFO - P1 (Round 9) - Epoch 10/10 | Loss: 0.0027 | Acc: 0.9995 | Val Loss: 0.0031 | Val Acc: 0.9994 | Time: 11.94s
2025-04-18 19:07:06,754 - INFO - P2 (Round 9) - Epoch 1/10 | Loss: 0.5775 | Acc: 0.7346 | Val Loss: 0.5719 | Val Acc: 0.7401 | Time: 11.45s
2025-04-18 19:07:19,569 - INFO - P2 (Round 9) - Epoch 2/10 | Loss: 0.5682 | Acc: 0.7380 | Val Loss: 0.5705 | Val Acc: 0.7365 | Time: 12.81s
2025-04-18 19:07:31,666 - INFO - P2 (Round 9) - Epoch 3/10 | Loss: 0.5669 | Acc: 0.7393 | Val Loss: 0.5662 | Val Acc: 0.7407 | Time: 12.10s
2025-04-18 19:07:43,016 - INFO - P2 (Round 9) - Epoch 4/10 | Loss: 0.5659 | Acc: 0.7397 | Val Loss: 0.5707 | Val Acc: 0.7368 | Time: 11.35s
2025-04-18 19:07:54,558 - INFO - P2 (Round 9) - Epoch 5/10 | Loss: 0.5655 | Acc: 0.7399 | Val Loss: 0.5650 | Val Acc: 0.7402 | Time: 11.54s
2025-04-18 19:08:06,227 - INFO - P2 (Round 9) - Epoch 6/10 | Loss: 0.5652 | Acc: 0.7400 | Val Loss: 0.5682 | Val Acc: 0.7397 | Time: 11.67s
2025-04-18 19:08:17,775 - INFO - P2 (Round 9) - Epoch 7/10 | Loss: 0.5649 | Acc: 0.7402 | Val Loss: 0.5684 | Val Acc: 0.7406 | Time: 11.55s
2025-04-18 19:08:30,348 - INFO - P2 (Round 9) - Epoch 8/10 | Loss: 0.5647 | Acc: 0.7402 | Val Loss: 0.5652 | Val Acc: 0.7396 | Time: 12.57s
2025-04-18 19:08:41,793 - INFO - P2 (Round 9) - Epoch 9/10 | Loss: 0.5644 | Acc: 0.7403 | Val Loss: 0.5700 | Val Acc: 0.7402 | Time: 11.44s
2025-04-18 19:08:53,533 - INFO - P2 (Round 9) - Epoch 10/10 | Loss: 0.5644 | Acc: 0.7403 | Val Loss: 0.5656 | Val Acc: 0.7439 | Time: 11.74s
2025-04-18 19:08:56,004 - INFO - Round 9 completed in 242.76s
2025-04-18 19:08:56,005 - INFO - Global Model - P1 Test: Loss = 3.4044, Accuracy = 0.6611
2025-04-18 19:08:56,005 - INFO - Global Model - P2 Test: Loss = 1.5764, Accuracy = 0.5324
2025-04-18 19:09:07,932 - INFO - P1 (Round 10) - Epoch 1/10 | Loss: 0.0180 | Acc: 0.9969 | Val Loss: 0.0044 | Val Acc: 0.9992 | Time: 11.93s
2025-04-18 19:09:19,777 - INFO - P1 (Round 10) - Epoch 2/10 | Loss: 0.0036 | Acc: 0.9994 | Val Loss: 0.0032 | Val Acc: 0.9994 | Time: 11.84s
2025-04-18 19:09:32,166 - INFO - P1 (Round 10) - Epoch 3/10 | Loss: 0.0030 | Acc: 0.9995 | Val Loss: 0.0031 | Val Acc: 0.9995 | Time: 12.39s
2025-04-18 19:09:45,056 - INFO - P1 (Round 10) - Epoch 4/10 | Loss: 0.0029 | Acc: 0.9995 | Val Loss: 0.0032 | Val Acc: 0.9994 | Time: 12.89s
2025-04-18 19:09:57,209 - INFO - P1 (Round 10) - Epoch 5/10 | Loss: 0.0029 | Acc: 0.9995 | Val Loss: 0.0037 | Val Acc: 0.9994 | Time: 12.15s
2025-04-18 19:10:09,565 - INFO - P1 (Round 10) - Epoch 6/10 | Loss: 0.0028 | Acc: 0.9995 | Val Loss: 0.0031 | Val Acc: 0.9994 | Time: 12.36s
2025-04-18 19:10:21,915 - INFO - P1 (Round 10) - Epoch 7/10 | Loss: 0.0026 | Acc: 0.9995 | Val Loss: 0.0029 | Val Acc: 0.9995 | Time: 12.35s
2025-04-18 19:10:34,113 - INFO - P1 (Round 10) - Epoch 8/10 | Loss: 0.0026 | Acc: 0.9995 | Val Loss: 0.0032 | Val Acc: 0.9994 | Time: 12.20s
2025-04-18 19:10:46,376 - INFO - P1 (Round 10) - Epoch 9/10 | Loss: 0.0026 | Acc: 0.9995 | Val Loss: 0.0028 | Val Acc: 0.9995 | Time: 12.26s
2025-04-18 19:10:59,348 - INFO - P1 (Round 10) - Epoch 10/10 | Loss: 0.0027 | Acc: 0.9995 | Val Loss: 0.0028 | Val Acc: 0.9995 | Time: 12.97s
2025-04-18 19:11:10,910 - INFO - P2 (Round 10) - Epoch 1/10 | Loss: 0.5828 | Acc: 0.7321 | Val Loss: 0.5755 | Val Acc: 0.7345 | Time: 11.56s
2025-04-18 19:11:23,048 - INFO - P2 (Round 10) - Epoch 2/10 | Loss: 0.5736 | Acc: 0.7347 | Val Loss: 0.5762 | Val Acc: 0.7210 | Time: 12.14s
2025-04-18 19:11:34,879 - INFO - P2 (Round 10) - Epoch 3/10 | Loss: 0.5725 | Acc: 0.7353 | Val Loss: 0.5726 | Val Acc: 0.7370 | Time: 11.83s
2025-04-18 19:11:46,633 - INFO - P2 (Round 10) - Epoch 4/10 | Loss: 0.5713 | Acc: 0.7360 | Val Loss: 0.5712 | Val Acc: 0.7360 | Time: 11.75s
2025-04-18 19:11:58,894 - INFO - P2 (Round 10) - Epoch 5/10 | Loss: 0.5708 | Acc: 0.7364 | Val Loss: 0.5709 | Val Acc: 0.7395 | Time: 12.26s
2025-04-18 19:12:11,368 - INFO - P2 (Round 10) - Epoch 6/10 | Loss: 0.5705 | Acc: 0.7362 | Val Loss: 0.5708 | Val Acc: 0.7359 | Time: 12.47s
2025-04-18 19:12:22,845 - INFO - P2 (Round 10) - Epoch 7/10 | Loss: 0.5701 | Acc: 0.7363 | Val Loss: 0.5713 | Val Acc: 0.7383 | Time: 11.48s
2025-04-18 19:12:34,317 - INFO - P2 (Round 10) - Epoch 8/10 | Loss: 0.5700 | Acc: 0.7361 | Val Loss: 0.5707 | Val Acc: 0.7371 | Time: 11.47s
2025-04-18 19:12:46,049 - INFO - P2 (Round 10) - Epoch 9/10 | Loss: 0.5698 | Acc: 0.7359 | Val Loss: 0.5724 | Val Acc: 0.7379 | Time: 11.73s
2025-04-18 19:12:58,038 - INFO - P2 (Round 10) - Epoch 10/10 | Loss: 0.5694 | Acc: 0.7362 | Val Loss: 0.5737 | Val Acc: 0.7364 | Time: 11.99s
2025-04-18 19:13:00,879 - INFO - Round 10 completed in 244.87s
2025-04-18 19:13:00,879 - INFO - Global Model - P1 Test: Loss = 4.8430, Accuracy = 0.6423
2025-04-18 19:13:00,879 - INFO - Global Model - P2 Test: Loss = 1.3535, Accuracy = 0.5332
2025-04-18 19:13:03,641 - INFO - Final Results after 10 rounds:
2025-04-18 19:13:03,641 - INFO - Global Model - P1 Test: Loss = 4.8430, Accuracy = 0.6423
2025-04-18 19:13:03,641 - INFO - Global Model - P2 Test: Loss = 1.3535, Accuracy = 0.5332
2025-04-18 19:13:03,651 - INFO - Experiment 54 results saved to results/suppression_experiments/exp_54_p1f11_p2f3.json
