2025-04-18 21:46:42,558 - INFO - Starting Suppression Experiment 134
2025-04-18 21:46:42,558 - INFO - P1 Features (5/14): ['protocol', 'bidirectional_min_ps', 'bidirectional_mean_ps', 'bidirectional_stddev_ps', 'bidirectional_max_ps']
2025-04-18 21:46:42,559 - INFO - P2 Features (7/14): ['protocol', 'bidirectional_min_ps', 'bidirectional_mean_ps', 'bidirectional_stddev_ps', 'bidirectional_max_ps', 'src2dst_stddev_ps', 'src2dst_max_ps']
2025-04-18 21:46:52,817 - INFO - P1 (Round 1) - Epoch 1/10 | Loss: 0.1755 | Acc: 0.9483 | Val Loss: 0.0669 | Val Acc: 0.9805 | Time: 10.13s
2025-04-18 21:47:02,599 - INFO - P1 (Round 1) - Epoch 2/10 | Loss: 0.0572 | Acc: 0.9835 | Val Loss: 0.0521 | Val Acc: 0.9846 | Time: 9.78s
2025-04-18 21:47:13,348 - INFO - P1 (Round 1) - Epoch 3/10 | Loss: 0.0486 | Acc: 0.9857 | Val Loss: 0.0466 | Val Acc: 0.9859 | Time: 10.75s
2025-04-18 21:47:25,681 - INFO - P1 (Round 1) - Epoch 4/10 | Loss: 0.0438 | Acc: 0.9867 | Val Loss: 0.0416 | Val Acc: 0.9871 | Time: 12.33s
2025-04-18 21:47:38,580 - INFO - P1 (Round 1) - Epoch 5/10 | Loss: 0.0393 | Acc: 0.9877 | Val Loss: 0.0376 | Val Acc: 0.9888 | Time: 12.90s
2025-04-18 21:47:50,379 - INFO - P1 (Round 1) - Epoch 6/10 | Loss: 0.0354 | Acc: 0.9891 | Val Loss: 0.0346 | Val Acc: 0.9892 | Time: 11.80s
2025-04-18 21:48:02,248 - INFO - P1 (Round 1) - Epoch 7/10 | Loss: 0.0324 | Acc: 0.9900 | Val Loss: 0.0326 | Val Acc: 0.9903 | Time: 11.87s
2025-04-18 21:48:14,022 - INFO - P1 (Round 1) - Epoch 8/10 | Loss: 0.0298 | Acc: 0.9905 | Val Loss: 0.0297 | Val Acc: 0.9912 | Time: 11.77s
2025-04-18 21:48:26,113 - INFO - P1 (Round 1) - Epoch 9/10 | Loss: 0.0279 | Acc: 0.9911 | Val Loss: 0.0275 | Val Acc: 0.9913 | Time: 12.09s
2025-04-18 21:48:38,339 - INFO - P1 (Round 1) - Epoch 10/10 | Loss: 0.0260 | Acc: 0.9919 | Val Loss: 0.0257 | Val Acc: 0.9916 | Time: 12.23s
2025-04-18 21:48:50,554 - INFO - P2 (Round 1) - Epoch 1/10 | Loss: 0.3944 | Acc: 0.8388 | Val Loss: 0.2869 | Val Acc: 0.8830 | Time: 12.21s
2025-04-18 21:49:02,085 - INFO - P2 (Round 1) - Epoch 2/10 | Loss: 0.2710 | Acc: 0.8888 | Val Loss: 0.2598 | Val Acc: 0.8934 | Time: 11.53s
2025-04-18 21:49:13,644 - INFO - P2 (Round 1) - Epoch 3/10 | Loss: 0.2290 | Acc: 0.9077 | Val Loss: 0.1616 | Val Acc: 0.9451 | Time: 11.56s
2025-04-18 21:49:25,067 - INFO - P2 (Round 1) - Epoch 4/10 | Loss: 0.1372 | Acc: 0.9527 | Val Loss: 0.1249 | Val Acc: 0.9569 | Time: 11.42s
2025-04-18 21:49:36,623 - INFO - P2 (Round 1) - Epoch 5/10 | Loss: 0.1202 | Acc: 0.9571 | Val Loss: 0.1153 | Val Acc: 0.9591 | Time: 11.56s
2025-04-18 21:49:48,429 - INFO - P2 (Round 1) - Epoch 6/10 | Loss: 0.1130 | Acc: 0.9586 | Val Loss: 0.1081 | Val Acc: 0.9599 | Time: 11.81s
2025-04-18 21:50:00,762 - INFO - P2 (Round 1) - Epoch 7/10 | Loss: 0.1078 | Acc: 0.9599 | Val Loss: 0.1041 | Val Acc: 0.9624 | Time: 12.33s
2025-04-18 21:50:12,601 - INFO - P2 (Round 1) - Epoch 8/10 | Loss: 0.1038 | Acc: 0.9617 | Val Loss: 0.0997 | Val Acc: 0.9639 | Time: 11.84s
2025-04-18 21:50:24,084 - INFO - P2 (Round 1) - Epoch 9/10 | Loss: 0.0991 | Acc: 0.9641 | Val Loss: 0.0953 | Val Acc: 0.9654 | Time: 11.48s
2025-04-18 21:50:35,620 - INFO - P2 (Round 1) - Epoch 10/10 | Loss: 0.0915 | Acc: 0.9678 | Val Loss: 0.0851 | Val Acc: 0.9707 | Time: 11.54s
2025-04-18 21:50:38,116 - INFO - Round 1 completed in 235.43s
2025-04-18 21:50:38,116 - INFO - Global Model - P1 Test: Loss = 12.8472, Accuracy = 0.1042
2025-04-18 21:50:38,116 - INFO - Global Model - P2 Test: Loss = 8.1287, Accuracy = 0.5798
2025-04-18 21:50:50,089 - INFO - P1 (Round 2) - Epoch 1/10 | Loss: 0.1948 | Acc: 0.9639 | Val Loss: 0.0599 | Val Acc: 0.9815 | Time: 11.97s
2025-04-18 21:51:02,488 - INFO - P1 (Round 2) - Epoch 2/10 | Loss: 0.0520 | Acc: 0.9839 | Val Loss: 0.0463 | Val Acc: 0.9857 | Time: 12.40s
2025-04-18 21:51:14,997 - INFO - P1 (Round 2) - Epoch 3/10 | Loss: 0.0434 | Acc: 0.9866 | Val Loss: 0.0419 | Val Acc: 0.9869 | Time: 12.51s
2025-04-18 21:51:26,773 - INFO - P1 (Round 2) - Epoch 4/10 | Loss: 0.0399 | Acc: 0.9876 | Val Loss: 0.0395 | Val Acc: 0.9876 | Time: 11.78s
2025-04-18 21:51:38,652 - INFO - P1 (Round 2) - Epoch 5/10 | Loss: 0.0378 | Acc: 0.9882 | Val Loss: 0.0379 | Val Acc: 0.9887 | Time: 11.88s
2025-04-18 21:51:50,743 - INFO - P1 (Round 2) - Epoch 6/10 | Loss: 0.0360 | Acc: 0.9886 | Val Loss: 0.0351 | Val Acc: 0.9890 | Time: 12.09s
2025-04-18 21:52:02,476 - INFO - P1 (Round 2) - Epoch 7/10 | Loss: 0.0343 | Acc: 0.9891 | Val Loss: 0.0337 | Val Acc: 0.9892 | Time: 11.73s
2025-04-18 21:52:14,926 - INFO - P1 (Round 2) - Epoch 8/10 | Loss: 0.0330 | Acc: 0.9894 | Val Loss: 0.0325 | Val Acc: 0.9895 | Time: 12.45s
2025-04-18 21:52:27,329 - INFO - P1 (Round 2) - Epoch 9/10 | Loss: 0.0317 | Acc: 0.9898 | Val Loss: 0.0310 | Val Acc: 0.9903 | Time: 12.40s
2025-04-18 21:52:39,138 - INFO - P1 (Round 2) - Epoch 10/10 | Loss: 0.0303 | Acc: 0.9904 | Val Loss: 0.0296 | Val Acc: 0.9912 | Time: 11.81s
2025-04-18 21:52:50,772 - INFO - P2 (Round 2) - Epoch 1/10 | Loss: 0.3461 | Acc: 0.8971 | Val Loss: 0.1412 | Val Acc: 0.9514 | Time: 11.63s
2025-04-18 21:53:02,486 - INFO - P2 (Round 2) - Epoch 2/10 | Loss: 0.1207 | Acc: 0.9596 | Val Loss: 0.1077 | Val Acc: 0.9651 | Time: 11.71s
2025-04-18 21:53:14,069 - INFO - P2 (Round 2) - Epoch 3/10 | Loss: 0.0986 | Acc: 0.9680 | Val Loss: 0.0925 | Val Acc: 0.9698 | Time: 11.58s
2025-04-18 21:53:26,260 - INFO - P2 (Round 2) - Epoch 4/10 | Loss: 0.0883 | Acc: 0.9706 | Val Loss: 0.0849 | Val Acc: 0.9723 | Time: 12.19s
2025-04-18 21:53:38,411 - INFO - P2 (Round 2) - Epoch 5/10 | Loss: 0.0829 | Acc: 0.9721 | Val Loss: 0.0805 | Val Acc: 0.9728 | Time: 12.15s
2025-04-18 21:53:50,391 - INFO - P2 (Round 2) - Epoch 6/10 | Loss: 0.0792 | Acc: 0.9729 | Val Loss: 0.0767 | Val Acc: 0.9734 | Time: 11.98s
2025-04-18 21:54:02,004 - INFO - P2 (Round 2) - Epoch 7/10 | Loss: 0.0769 | Acc: 0.9734 | Val Loss: 0.0748 | Val Acc: 0.9736 | Time: 11.61s
2025-04-18 21:54:13,684 - INFO - P2 (Round 2) - Epoch 8/10 | Loss: 0.0754 | Acc: 0.9738 | Val Loss: 0.0738 | Val Acc: 0.9744 | Time: 11.68s
2025-04-18 21:54:25,210 - INFO - P2 (Round 2) - Epoch 9/10 | Loss: 0.0742 | Acc: 0.9741 | Val Loss: 0.0728 | Val Acc: 0.9738 | Time: 11.53s
2025-04-18 21:54:37,569 - INFO - P2 (Round 2) - Epoch 10/10 | Loss: 0.0733 | Acc: 0.9743 | Val Loss: 0.0718 | Val Acc: 0.9747 | Time: 12.36s
2025-04-18 21:54:40,337 - INFO - Round 2 completed in 242.22s
2025-04-18 21:54:40,337 - INFO - Global Model - P1 Test: Loss = 5.7400, Accuracy = 0.4437
2025-04-18 21:54:40,337 - INFO - Global Model - P2 Test: Loss = 5.9234, Accuracy = 0.5801
2025-04-18 21:54:52,405 - INFO - P1 (Round 3) - Epoch 1/10 | Loss: 0.0975 | Acc: 0.9758 | Val Loss: 0.0473 | Val Acc: 0.9854 | Time: 12.07s
2025-04-18 21:55:04,620 - INFO - P1 (Round 3) - Epoch 2/10 | Loss: 0.0429 | Acc: 0.9865 | Val Loss: 0.0394 | Val Acc: 0.9869 | Time: 12.21s
2025-04-18 21:55:16,442 - INFO - P1 (Round 3) - Epoch 3/10 | Loss: 0.0376 | Acc: 0.9879 | Val Loss: 0.0357 | Val Acc: 0.9887 | Time: 11.82s
2025-04-18 21:55:28,310 - INFO - P1 (Round 3) - Epoch 4/10 | Loss: 0.0343 | Acc: 0.9892 | Val Loss: 0.0330 | Val Acc: 0.9897 | Time: 11.87s
2025-04-18 21:55:39,974 - INFO - P1 (Round 3) - Epoch 5/10 | Loss: 0.0323 | Acc: 0.9899 | Val Loss: 0.0319 | Val Acc: 0.9902 | Time: 11.66s
2025-04-18 21:55:52,945 - INFO - P1 (Round 3) - Epoch 6/10 | Loss: 0.0311 | Acc: 0.9902 | Val Loss: 0.0307 | Val Acc: 0.9906 | Time: 12.97s
2025-04-18 21:56:04,868 - INFO - P1 (Round 3) - Epoch 7/10 | Loss: 0.0301 | Acc: 0.9906 | Val Loss: 0.0299 | Val Acc: 0.9909 | Time: 11.92s
2025-04-18 21:56:17,263 - INFO - P1 (Round 3) - Epoch 8/10 | Loss: 0.0289 | Acc: 0.9911 | Val Loss: 0.0299 | Val Acc: 0.9905 | Time: 12.39s
2025-04-18 21:56:29,678 - INFO - P1 (Round 3) - Epoch 9/10 | Loss: 0.0281 | Acc: 0.9914 | Val Loss: 0.0295 | Val Acc: 0.9901 | Time: 12.41s
2025-04-18 21:56:41,592 - INFO - P1 (Round 3) - Epoch 10/10 | Loss: 0.0272 | Acc: 0.9919 | Val Loss: 0.0276 | Val Acc: 0.9913 | Time: 11.91s
2025-04-18 21:56:53,063 - INFO - P2 (Round 3) - Epoch 1/10 | Loss: 0.1759 | Acc: 0.9495 | Val Loss: 0.0930 | Val Acc: 0.9692 | Time: 11.47s
2025-04-18 21:57:05,954 - INFO - P2 (Round 3) - Epoch 2/10 | Loss: 0.0868 | Acc: 0.9711 | Val Loss: 0.0813 | Val Acc: 0.9729 | Time: 12.89s
2025-04-18 21:57:17,333 - INFO - P2 (Round 3) - Epoch 3/10 | Loss: 0.0797 | Acc: 0.9728 | Val Loss: 0.0777 | Val Acc: 0.9731 | Time: 11.38s
2025-04-18 21:57:29,120 - INFO - P2 (Round 3) - Epoch 4/10 | Loss: 0.0768 | Acc: 0.9734 | Val Loss: 0.0751 | Val Acc: 0.9739 | Time: 11.79s
2025-04-18 21:57:40,623 - INFO - P2 (Round 3) - Epoch 5/10 | Loss: 0.0750 | Acc: 0.9738 | Val Loss: 0.0735 | Val Acc: 0.9747 | Time: 11.50s
2025-04-18 21:57:52,047 - INFO - P2 (Round 3) - Epoch 6/10 | Loss: 0.0736 | Acc: 0.9741 | Val Loss: 0.0759 | Val Acc: 0.9729 | Time: 11.42s
2025-04-18 21:58:03,871 - INFO - P2 (Round 3) - Epoch 7/10 | Loss: 0.0728 | Acc: 0.9743 | Val Loss: 0.0719 | Val Acc: 0.9746 | Time: 11.82s
2025-04-18 21:58:15,708 - INFO - P2 (Round 3) - Epoch 8/10 | Loss: 0.0721 | Acc: 0.9744 | Val Loss: 0.0716 | Val Acc: 0.9748 | Time: 11.84s
2025-04-18 21:58:25,611 - INFO - P2 (Round 3) - Epoch 9/10 | Loss: 0.0714 | Acc: 0.9747 | Val Loss: 0.0700 | Val Acc: 0.9755 | Time: 9.90s
2025-04-18 21:58:35,468 - INFO - P2 (Round 3) - Epoch 10/10 | Loss: 0.0707 | Acc: 0.9748 | Val Loss: 0.0706 | Val Acc: 0.9749 | Time: 9.86s
2025-04-18 21:58:37,703 - INFO - Round 3 completed in 237.37s
2025-04-18 21:58:37,703 - INFO - Global Model - P1 Test: Loss = 6.6246, Accuracy = 0.2371
2025-04-18 21:58:37,703 - INFO - Global Model - P2 Test: Loss = 3.8180, Accuracy = 0.6188
2025-04-18 21:58:49,415 - INFO - P1 (Round 4) - Epoch 1/10 | Loss: 0.0852 | Acc: 0.9779 | Val Loss: 0.0383 | Val Acc: 0.9873 | Time: 11.71s
2025-04-18 21:59:04,136 - INFO - P1 (Round 4) - Epoch 2/10 | Loss: 0.0347 | Acc: 0.9886 | Val Loss: 0.0325 | Val Acc: 0.9896 | Time: 14.72s
2025-04-18 21:59:16,936 - INFO - P1 (Round 4) - Epoch 3/10 | Loss: 0.0306 | Acc: 0.9902 | Val Loss: 0.0287 | Val Acc: 0.9914 | Time: 12.80s
2025-04-18 21:59:31,622 - INFO - P1 (Round 4) - Epoch 4/10 | Loss: 0.0280 | Acc: 0.9916 | Val Loss: 0.0273 | Val Acc: 0.9920 | Time: 14.69s
2025-04-18 21:59:41,519 - INFO - P1 (Round 4) - Epoch 5/10 | Loss: 0.0264 | Acc: 0.9924 | Val Loss: 0.0262 | Val Acc: 0.9925 | Time: 9.90s
2025-04-18 21:59:51,681 - INFO - P1 (Round 4) - Epoch 6/10 | Loss: 0.0255 | Acc: 0.9928 | Val Loss: 0.0252 | Val Acc: 0.9931 | Time: 10.16s
2025-04-18 22:00:01,526 - INFO - P1 (Round 4) - Epoch 7/10 | Loss: 0.0247 | Acc: 0.9932 | Val Loss: 0.0247 | Val Acc: 0.9929 | Time: 9.84s
2025-04-18 22:00:11,513 - INFO - P1 (Round 4) - Epoch 8/10 | Loss: 0.0241 | Acc: 0.9933 | Val Loss: 0.0242 | Val Acc: 0.9935 | Time: 9.99s
2025-04-18 22:00:21,479 - INFO - P1 (Round 4) - Epoch 9/10 | Loss: 0.0236 | Acc: 0.9935 | Val Loss: 0.0238 | Val Acc: 0.9930 | Time: 9.97s
2025-04-18 22:00:32,795 - INFO - P1 (Round 4) - Epoch 10/10 | Loss: 0.0231 | Acc: 0.9936 | Val Loss: 0.0235 | Val Acc: 0.9937 | Time: 11.32s
2025-04-18 22:00:43,411 - INFO - P2 (Round 4) - Epoch 1/10 | Loss: 0.1652 | Acc: 0.9430 | Val Loss: 0.1142 | Val Acc: 0.9590 | Time: 10.62s
2025-04-18 22:00:53,214 - INFO - P2 (Round 4) - Epoch 2/10 | Loss: 0.1105 | Acc: 0.9596 | Val Loss: 0.1051 | Val Acc: 0.9608 | Time: 9.80s
2025-04-18 22:01:03,103 - INFO - P2 (Round 4) - Epoch 3/10 | Loss: 0.1028 | Acc: 0.9612 | Val Loss: 0.0999 | Val Acc: 0.9632 | Time: 9.89s
2025-04-18 22:01:12,942 - INFO - P2 (Round 4) - Epoch 4/10 | Loss: 0.0992 | Acc: 0.9625 | Val Loss: 0.0992 | Val Acc: 0.9621 | Time: 9.84s
2025-04-18 22:01:22,798 - INFO - P2 (Round 4) - Epoch 5/10 | Loss: 0.0970 | Acc: 0.9634 | Val Loss: 0.0940 | Val Acc: 0.9640 | Time: 9.86s
2025-04-18 22:01:32,360 - INFO - P2 (Round 4) - Epoch 6/10 | Loss: 0.0953 | Acc: 0.9640 | Val Loss: 0.0934 | Val Acc: 0.9655 | Time: 9.56s
2025-04-18 22:01:43,033 - INFO - P2 (Round 4) - Epoch 7/10 | Loss: 0.0941 | Acc: 0.9644 | Val Loss: 0.0913 | Val Acc: 0.9651 | Time: 10.67s
2025-04-18 22:01:53,189 - INFO - P2 (Round 4) - Epoch 8/10 | Loss: 0.0926 | Acc: 0.9654 | Val Loss: 0.0888 | Val Acc: 0.9665 | Time: 10.16s
2025-04-18 22:02:03,096 - INFO - P2 (Round 4) - Epoch 9/10 | Loss: 0.0895 | Acc: 0.9666 | Val Loss: 0.0876 | Val Acc: 0.9666 | Time: 9.91s
2025-04-18 22:02:12,811 - INFO - P2 (Round 4) - Epoch 10/10 | Loss: 0.0882 | Acc: 0.9672 | Val Loss: 0.0869 | Val Acc: 0.9671 | Time: 9.72s
2025-04-18 22:02:15,214 - INFO - Round 4 completed in 217.51s
2025-04-18 22:02:15,214 - INFO - Global Model - P1 Test: Loss = 9.7029, Accuracy = 0.2375
2025-04-18 22:02:15,214 - INFO - Global Model - P2 Test: Loss = 2.5094, Accuracy = 0.5676
2025-04-18 22:02:25,164 - INFO - P1 (Round 5) - Epoch 1/10 | Loss: 0.0989 | Acc: 0.9800 | Val Loss: 0.0331 | Val Acc: 0.9890 | Time: 9.95s
2025-04-18 22:02:35,183 - INFO - P1 (Round 5) - Epoch 2/10 | Loss: 0.0287 | Acc: 0.9914 | Val Loss: 0.0293 | Val Acc: 0.9909 | Time: 10.02s
2025-04-18 22:02:45,254 - INFO - P1 (Round 5) - Epoch 3/10 | Loss: 0.0259 | Acc: 0.9926 | Val Loss: 0.0250 | Val Acc: 0.9933 | Time: 10.07s
2025-04-18 22:02:56,618 - INFO - P1 (Round 5) - Epoch 4/10 | Loss: 0.0245 | Acc: 0.9930 | Val Loss: 0.0254 | Val Acc: 0.9934 | Time: 11.36s
2025-04-18 22:03:06,745 - INFO - P1 (Round 5) - Epoch 5/10 | Loss: 0.0238 | Acc: 0.9932 | Val Loss: 0.0258 | Val Acc: 0.9920 | Time: 10.13s
2025-04-18 22:03:16,996 - INFO - P1 (Round 5) - Epoch 6/10 | Loss: 0.0230 | Acc: 0.9934 | Val Loss: 0.0239 | Val Acc: 0.9924 | Time: 10.25s
2025-04-18 22:03:27,089 - INFO - P1 (Round 5) - Epoch 7/10 | Loss: 0.0226 | Acc: 0.9935 | Val Loss: 0.0227 | Val Acc: 0.9932 | Time: 10.09s
2025-04-18 22:03:37,528 - INFO - P1 (Round 5) - Epoch 8/10 | Loss: 0.0223 | Acc: 0.9936 | Val Loss: 0.0223 | Val Acc: 0.9938 | Time: 10.44s
2025-04-18 22:03:49,249 - INFO - P1 (Round 5) - Epoch 9/10 | Loss: 0.0220 | Acc: 0.9937 | Val Loss: 0.0224 | Val Acc: 0.9933 | Time: 11.72s
2025-04-18 22:04:01,172 - INFO - P1 (Round 5) - Epoch 10/10 | Loss: 0.0218 | Acc: 0.9937 | Val Loss: 0.0216 | Val Acc: 0.9935 | Time: 11.92s
2025-04-18 22:04:13,914 - INFO - P2 (Round 5) - Epoch 1/10 | Loss: 0.1491 | Acc: 0.9457 | Val Loss: 0.1014 | Val Acc: 0.9615 | Time: 12.74s
2025-04-18 22:04:25,401 - INFO - P2 (Round 5) - Epoch 2/10 | Loss: 0.0998 | Acc: 0.9631 | Val Loss: 0.0947 | Val Acc: 0.9647 | Time: 11.49s
2025-04-18 22:04:36,979 - INFO - P2 (Round 5) - Epoch 3/10 | Loss: 0.0956 | Acc: 0.9643 | Val Loss: 0.0931 | Val Acc: 0.9656 | Time: 11.58s
2025-04-18 22:04:48,395 - INFO - P2 (Round 5) - Epoch 4/10 | Loss: 0.0922 | Acc: 0.9660 | Val Loss: 0.0882 | Val Acc: 0.9669 | Time: 11.42s
2025-04-18 22:04:59,894 - INFO - P2 (Round 5) - Epoch 5/10 | Loss: 0.0887 | Acc: 0.9674 | Val Loss: 0.0884 | Val Acc: 0.9666 | Time: 11.50s
2025-04-18 22:05:11,644 - INFO - P2 (Round 5) - Epoch 6/10 | Loss: 0.0873 | Acc: 0.9678 | Val Loss: 0.0863 | Val Acc: 0.9669 | Time: 11.75s
2025-04-18 22:05:24,200 - INFO - P2 (Round 5) - Epoch 7/10 | Loss: 0.0853 | Acc: 0.9685 | Val Loss: 0.0824 | Val Acc: 0.9689 | Time: 12.56s
2025-04-18 22:05:36,093 - INFO - P2 (Round 5) - Epoch 8/10 | Loss: 0.0834 | Acc: 0.9694 | Val Loss: 0.0813 | Val Acc: 0.9700 | Time: 11.89s
2025-04-18 22:05:48,117 - INFO - P2 (Round 5) - Epoch 9/10 | Loss: 0.0821 | Acc: 0.9702 | Val Loss: 0.0823 | Val Acc: 0.9706 | Time: 12.02s
2025-04-18 22:06:00,168 - INFO - P2 (Round 5) - Epoch 10/10 | Loss: 0.0809 | Acc: 0.9707 | Val Loss: 0.0808 | Val Acc: 0.9697 | Time: 12.05s
2025-04-18 22:06:02,710 - INFO - Round 5 completed in 227.50s
2025-04-18 22:06:02,710 - INFO - Global Model - P1 Test: Loss = 8.8427, Accuracy = 0.1433
2025-04-18 22:06:02,710 - INFO - Global Model - P2 Test: Loss = 2.3592, Accuracy = 0.5042
2025-04-18 22:06:15,172 - INFO - P1 (Round 6) - Epoch 1/10 | Loss: 0.0973 | Acc: 0.9800 | Val Loss: 0.0259 | Val Acc: 0.9927 | Time: 12.46s
2025-04-18 22:06:27,833 - INFO - P1 (Round 6) - Epoch 2/10 | Loss: 0.0247 | Acc: 0.9931 | Val Loss: 0.0240 | Val Acc: 0.9935 | Time: 12.66s
2025-04-18 22:06:40,267 - INFO - P1 (Round 6) - Epoch 3/10 | Loss: 0.0233 | Acc: 0.9935 | Val Loss: 0.0227 | Val Acc: 0.9937 | Time: 12.43s
2025-04-18 22:06:52,134 - INFO - P1 (Round 6) - Epoch 4/10 | Loss: 0.0226 | Acc: 0.9937 | Val Loss: 0.0222 | Val Acc: 0.9941 | Time: 11.87s
2025-04-18 22:07:03,816 - INFO - P1 (Round 6) - Epoch 5/10 | Loss: 0.0220 | Acc: 0.9938 | Val Loss: 0.0214 | Val Acc: 0.9937 | Time: 11.68s
2025-04-18 22:07:15,793 - INFO - P1 (Round 6) - Epoch 6/10 | Loss: 0.0216 | Acc: 0.9938 | Val Loss: 0.0213 | Val Acc: 0.9938 | Time: 11.98s
2025-04-18 22:07:28,290 - INFO - P1 (Round 6) - Epoch 7/10 | Loss: 0.0211 | Acc: 0.9939 | Val Loss: 0.0216 | Val Acc: 0.9936 | Time: 12.50s
2025-04-18 22:07:41,293 - INFO - P1 (Round 6) - Epoch 8/10 | Loss: 0.0207 | Acc: 0.9940 | Val Loss: 0.0204 | Val Acc: 0.9941 | Time: 13.00s
2025-04-18 22:07:53,577 - INFO - P1 (Round 6) - Epoch 9/10 | Loss: 0.0204 | Acc: 0.9940 | Val Loss: 0.0204 | Val Acc: 0.9941 | Time: 12.28s
2025-04-18 22:08:05,646 - INFO - P1 (Round 6) - Epoch 10/10 | Loss: 0.0202 | Acc: 0.9941 | Val Loss: 0.0197 | Val Acc: 0.9942 | Time: 12.07s
2025-04-18 22:08:17,335 - INFO - P2 (Round 6) - Epoch 1/10 | Loss: 0.1475 | Acc: 0.9438 | Val Loss: 0.1023 | Val Acc: 0.9618 | Time: 11.69s
2025-04-18 22:08:27,289 - INFO - P2 (Round 6) - Epoch 2/10 | Loss: 0.0986 | Acc: 0.9628 | Val Loss: 0.0941 | Val Acc: 0.9638 | Time: 9.95s
2025-04-18 22:08:37,122 - INFO - P2 (Round 6) - Epoch 3/10 | Loss: 0.0907 | Acc: 0.9667 | Val Loss: 0.0843 | Val Acc: 0.9696 | Time: 9.83s
2025-04-18 22:08:47,441 - INFO - P2 (Round 6) - Epoch 4/10 | Loss: 0.0803 | Acc: 0.9717 | Val Loss: 0.0766 | Val Acc: 0.9728 | Time: 10.32s
2025-04-18 22:08:59,105 - INFO - P2 (Round 6) - Epoch 5/10 | Loss: 0.0774 | Acc: 0.9727 | Val Loss: 0.0751 | Val Acc: 0.9732 | Time: 11.66s
2025-04-18 22:09:08,812 - INFO - P2 (Round 6) - Epoch 6/10 | Loss: 0.0760 | Acc: 0.9731 | Val Loss: 0.0746 | Val Acc: 0.9741 | Time: 9.71s
2025-04-18 22:09:18,957 - INFO - P2 (Round 6) - Epoch 7/10 | Loss: 0.0753 | Acc: 0.9732 | Val Loss: 0.0744 | Val Acc: 0.9729 | Time: 10.14s
2025-04-18 22:09:30,686 - INFO - P2 (Round 6) - Epoch 8/10 | Loss: 0.0745 | Acc: 0.9734 | Val Loss: 0.0724 | Val Acc: 0.9743 | Time: 11.73s
2025-04-18 22:09:42,499 - INFO - P2 (Round 6) - Epoch 9/10 | Loss: 0.0740 | Acc: 0.9735 | Val Loss: 0.0720 | Val Acc: 0.9743 | Time: 11.81s
2025-04-18 22:09:53,901 - INFO - P2 (Round 6) - Epoch 10/10 | Loss: 0.0736 | Acc: 0.9735 | Val Loss: 0.0741 | Val Acc: 0.9731 | Time: 11.40s
2025-04-18 22:09:56,312 - INFO - Round 6 completed in 233.60s
2025-04-18 22:09:56,312 - INFO - Global Model - P1 Test: Loss = 8.4004, Accuracy = 0.2106
2025-04-18 22:09:56,312 - INFO - Global Model - P2 Test: Loss = 4.1633, Accuracy = 0.3869
2025-04-18 22:10:09,204 - INFO - P1 (Round 7) - Epoch 1/10 | Loss: 0.0861 | Acc: 0.9825 | Val Loss: 0.0291 | Val Acc: 0.9915 | Time: 12.89s
2025-04-18 22:10:20,730 - INFO - P1 (Round 7) - Epoch 2/10 | Loss: 0.0264 | Acc: 0.9926 | Val Loss: 0.0253 | Val Acc: 0.9926 | Time: 11.53s
2025-04-18 22:10:33,036 - INFO - P1 (Round 7) - Epoch 3/10 | Loss: 0.0242 | Acc: 0.9933 | Val Loss: 0.0237 | Val Acc: 0.9934 | Time: 12.31s
2025-04-18 22:10:45,465 - INFO - P1 (Round 7) - Epoch 4/10 | Loss: 0.0231 | Acc: 0.9935 | Val Loss: 0.0242 | Val Acc: 0.9936 | Time: 12.43s
2025-04-18 22:10:57,583 - INFO - P1 (Round 7) - Epoch 5/10 | Loss: 0.0223 | Acc: 0.9937 | Val Loss: 0.0233 | Val Acc: 0.9930 | Time: 12.12s
2025-04-18 22:11:09,784 - INFO - P1 (Round 7) - Epoch 6/10 | Loss: 0.0220 | Acc: 0.9938 | Val Loss: 0.0222 | Val Acc: 0.9934 | Time: 12.20s
2025-04-18 22:11:22,536 - INFO - P1 (Round 7) - Epoch 7/10 | Loss: 0.0214 | Acc: 0.9939 | Val Loss: 0.0209 | Val Acc: 0.9940 | Time: 12.75s
2025-04-18 22:11:34,186 - INFO - P1 (Round 7) - Epoch 8/10 | Loss: 0.0211 | Acc: 0.9940 | Val Loss: 0.0217 | Val Acc: 0.9941 | Time: 11.65s
2025-04-18 22:11:45,901 - INFO - P1 (Round 7) - Epoch 9/10 | Loss: 0.0209 | Acc: 0.9941 | Val Loss: 0.0216 | Val Acc: 0.9936 | Time: 11.72s
2025-04-18 22:11:57,860 - INFO - P1 (Round 7) - Epoch 10/10 | Loss: 0.0205 | Acc: 0.9941 | Val Loss: 0.0208 | Val Acc: 0.9937 | Time: 11.96s
2025-04-18 22:12:09,514 - INFO - P2 (Round 7) - Epoch 1/10 | Loss: 0.1519 | Acc: 0.9449 | Val Loss: 0.0844 | Val Acc: 0.9696 | Time: 11.65s
2025-04-18 22:12:21,144 - INFO - P2 (Round 7) - Epoch 2/10 | Loss: 0.0819 | Acc: 0.9703 | Val Loss: 0.0785 | Val Acc: 0.9712 | Time: 11.63s
2025-04-18 22:12:33,962 - INFO - P2 (Round 7) - Epoch 3/10 | Loss: 0.0783 | Acc: 0.9717 | Val Loss: 0.0767 | Val Acc: 0.9714 | Time: 12.82s
2025-04-18 22:12:45,954 - INFO - P2 (Round 7) - Epoch 4/10 | Loss: 0.0767 | Acc: 0.9721 | Val Loss: 0.0759 | Val Acc: 0.9711 | Time: 11.99s
2025-04-18 22:12:57,957 - INFO - P2 (Round 7) - Epoch 5/10 | Loss: 0.0758 | Acc: 0.9722 | Val Loss: 0.0745 | Val Acc: 0.9731 | Time: 12.00s
2025-04-18 22:13:10,085 - INFO - P2 (Round 7) - Epoch 6/10 | Loss: 0.0752 | Acc: 0.9725 | Val Loss: 0.0791 | Val Acc: 0.9710 | Time: 12.13s
2025-04-18 22:13:21,754 - INFO - P2 (Round 7) - Epoch 7/10 | Loss: 0.0747 | Acc: 0.9727 | Val Loss: 0.0743 | Val Acc: 0.9735 | Time: 11.67s
2025-04-18 22:13:33,194 - INFO - P2 (Round 7) - Epoch 8/10 | Loss: 0.0742 | Acc: 0.9728 | Val Loss: 0.0756 | Val Acc: 0.9731 | Time: 11.44s
2025-04-18 22:13:45,869 - INFO - P2 (Round 7) - Epoch 9/10 | Loss: 0.0738 | Acc: 0.9730 | Val Loss: 0.0727 | Val Acc: 0.9738 | Time: 12.67s
2025-04-18 22:13:57,204 - INFO - P2 (Round 7) - Epoch 10/10 | Loss: 0.0735 | Acc: 0.9730 | Val Loss: 0.0749 | Val Acc: 0.9714 | Time: 11.33s
2025-04-18 22:13:59,640 - INFO - Round 7 completed in 243.33s
2025-04-18 22:13:59,641 - INFO - Global Model - P1 Test: Loss = 7.7826, Accuracy = 0.2371
2025-04-18 22:13:59,641 - INFO - Global Model - P2 Test: Loss = 3.5348, Accuracy = 0.3634
2025-04-18 22:14:11,587 - INFO - P1 (Round 8) - Epoch 1/10 | Loss: 0.0783 | Acc: 0.9820 | Val Loss: 0.0348 | Val Acc: 0.9886 | Time: 11.95s
2025-04-18 22:14:23,859 - INFO - P1 (Round 8) - Epoch 2/10 | Loss: 0.0263 | Acc: 0.9923 | Val Loss: 0.0235 | Val Acc: 0.9935 | Time: 12.27s
2025-04-18 22:14:38,196 - INFO - P1 (Round 8) - Epoch 3/10 | Loss: 0.0228 | Acc: 0.9935 | Val Loss: 0.0221 | Val Acc: 0.9940 | Time: 14.34s
2025-04-18 22:14:51,531 - INFO - P1 (Round 8) - Epoch 4/10 | Loss: 0.0222 | Acc: 0.9937 | Val Loss: 0.0233 | Val Acc: 0.9931 | Time: 13.33s
2025-04-18 22:15:04,024 - INFO - P1 (Round 8) - Epoch 5/10 | Loss: 0.0219 | Acc: 0.9939 | Val Loss: 0.0231 | Val Acc: 0.9936 | Time: 12.49s
2025-04-18 22:15:16,469 - INFO - P1 (Round 8) - Epoch 6/10 | Loss: 0.0214 | Acc: 0.9939 | Val Loss: 0.0206 | Val Acc: 0.9940 | Time: 12.45s
2025-04-18 22:15:28,923 - INFO - P1 (Round 8) - Epoch 7/10 | Loss: 0.0210 | Acc: 0.9940 | Val Loss: 0.0205 | Val Acc: 0.9941 | Time: 12.45s
2025-04-18 22:15:41,077 - INFO - P1 (Round 8) - Epoch 8/10 | Loss: 0.0206 | Acc: 0.9941 | Val Loss: 0.0209 | Val Acc: 0.9939 | Time: 12.15s
2025-04-18 22:15:53,330 - INFO - P1 (Round 8) - Epoch 9/10 | Loss: 0.0204 | Acc: 0.9941 | Val Loss: 0.0218 | Val Acc: 0.9938 | Time: 12.25s
2025-04-18 22:16:06,363 - INFO - P1 (Round 8) - Epoch 10/10 | Loss: 0.0203 | Acc: 0.9942 | Val Loss: 0.0208 | Val Acc: 0.9942 | Time: 13.03s
2025-04-18 22:16:17,921 - INFO - P2 (Round 8) - Epoch 1/10 | Loss: 0.1170 | Acc: 0.9580 | Val Loss: 0.0797 | Val Acc: 0.9713 | Time: 11.56s
2025-04-18 22:16:29,996 - INFO - P2 (Round 8) - Epoch 2/10 | Loss: 0.0787 | Acc: 0.9717 | Val Loss: 0.0778 | Val Acc: 0.9707 | Time: 12.08s
2025-04-18 22:16:42,144 - INFO - P2 (Round 8) - Epoch 3/10 | Loss: 0.0766 | Acc: 0.9723 | Val Loss: 0.0752 | Val Acc: 0.9727 | Time: 12.15s
2025-04-18 22:16:54,141 - INFO - P2 (Round 8) - Epoch 4/10 | Loss: 0.0756 | Acc: 0.9726 | Val Loss: 0.0742 | Val Acc: 0.9721 | Time: 12.00s
2025-04-18 22:17:05,870 - INFO - P2 (Round 8) - Epoch 5/10 | Loss: 0.0748 | Acc: 0.9730 | Val Loss: 0.0731 | Val Acc: 0.9734 | Time: 11.73s
2025-04-18 22:17:18,572 - INFO - P2 (Round 8) - Epoch 6/10 | Loss: 0.0744 | Acc: 0.9731 | Val Loss: 0.0745 | Val Acc: 0.9721 | Time: 12.70s
2025-04-18 22:17:29,982 - INFO - P2 (Round 8) - Epoch 7/10 | Loss: 0.0739 | Acc: 0.9732 | Val Loss: 0.0723 | Val Acc: 0.9740 | Time: 11.41s
2025-04-18 22:17:41,454 - INFO - P2 (Round 8) - Epoch 8/10 | Loss: 0.0737 | Acc: 0.9733 | Val Loss: 0.0741 | Val Acc: 0.9729 | Time: 11.47s
2025-04-18 22:17:53,039 - INFO - P2 (Round 8) - Epoch 9/10 | Loss: 0.0733 | Acc: 0.9734 | Val Loss: 0.0731 | Val Acc: 0.9731 | Time: 11.58s
2025-04-18 22:18:04,794 - INFO - P2 (Round 8) - Epoch 10/10 | Loss: 0.0729 | Acc: 0.9735 | Val Loss: 0.0735 | Val Acc: 0.9734 | Time: 11.76s
2025-04-18 22:18:07,627 - INFO - Round 8 completed in 247.99s
2025-04-18 22:18:07,627 - INFO - Global Model - P1 Test: Loss = 8.3484, Accuracy = 0.1658
2025-04-18 22:18:07,627 - INFO - Global Model - P2 Test: Loss = 4.7483, Accuracy = 0.3885
2025-04-18 22:18:20,176 - INFO - P1 (Round 9) - Epoch 1/10 | Loss: 0.0825 | Acc: 0.9807 | Val Loss: 0.0332 | Val Acc: 0.9893 | Time: 12.55s
2025-04-18 22:18:33,090 - INFO - P1 (Round 9) - Epoch 2/10 | Loss: 0.0301 | Acc: 0.9904 | Val Loss: 0.0292 | Val Acc: 0.9902 | Time: 12.91s
2025-04-18 22:18:45,268 - INFO - P1 (Round 9) - Epoch 3/10 | Loss: 0.0286 | Acc: 0.9908 | Val Loss: 0.0284 | Val Acc: 0.9907 | Time: 12.18s
2025-04-18 22:18:56,933 - INFO - P1 (Round 9) - Epoch 4/10 | Loss: 0.0280 | Acc: 0.9909 | Val Loss: 0.0284 | Val Acc: 0.9908 | Time: 11.66s
2025-04-18 22:19:08,874 - INFO - P1 (Round 9) - Epoch 5/10 | Loss: 0.0275 | Acc: 0.9910 | Val Loss: 0.0291 | Val Acc: 0.9915 | Time: 11.94s
2025-04-18 22:19:20,782 - INFO - P1 (Round 9) - Epoch 6/10 | Loss: 0.0272 | Acc: 0.9911 | Val Loss: 0.0281 | Val Acc: 0.9908 | Time: 11.91s
2025-04-18 22:19:33,482 - INFO - P1 (Round 9) - Epoch 7/10 | Loss: 0.0265 | Acc: 0.9914 | Val Loss: 0.0266 | Val Acc: 0.9917 | Time: 12.70s
2025-04-18 22:19:46,080 - INFO - P1 (Round 9) - Epoch 8/10 | Loss: 0.0255 | Acc: 0.9918 | Val Loss: 0.0255 | Val Acc: 0.9919 | Time: 12.60s
2025-04-18 22:19:57,797 - INFO - P1 (Round 9) - Epoch 9/10 | Loss: 0.0247 | Acc: 0.9923 | Val Loss: 0.0246 | Val Acc: 0.9933 | Time: 11.72s
2025-04-18 22:20:09,541 - INFO - P1 (Round 9) - Epoch 10/10 | Loss: 0.0239 | Acc: 0.9927 | Val Loss: 0.0255 | Val Acc: 0.9913 | Time: 11.74s
2025-04-18 22:20:20,859 - INFO - P2 (Round 9) - Epoch 1/10 | Loss: 0.1411 | Acc: 0.9498 | Val Loss: 0.0850 | Val Acc: 0.9712 | Time: 11.32s
2025-04-18 22:20:32,606 - INFO - P2 (Round 9) - Epoch 2/10 | Loss: 0.0795 | Acc: 0.9715 | Val Loss: 0.0770 | Val Acc: 0.9720 | Time: 11.75s
2025-04-18 22:20:44,985 - INFO - P2 (Round 9) - Epoch 3/10 | Loss: 0.0764 | Acc: 0.9721 | Val Loss: 0.0754 | Val Acc: 0.9722 | Time: 12.38s
2025-04-18 22:20:57,270 - INFO - P2 (Round 9) - Epoch 4/10 | Loss: 0.0749 | Acc: 0.9725 | Val Loss: 0.0726 | Val Acc: 0.9732 | Time: 12.28s
2025-04-18 22:21:09,130 - INFO - P2 (Round 9) - Epoch 5/10 | Loss: 0.0739 | Acc: 0.9729 | Val Loss: 0.0728 | Val Acc: 0.9739 | Time: 11.86s
2025-04-18 22:21:21,179 - INFO - P2 (Round 9) - Epoch 6/10 | Loss: 0.0734 | Acc: 0.9731 | Val Loss: 0.0712 | Val Acc: 0.9741 | Time: 12.05s
2025-04-18 22:21:32,950 - INFO - P2 (Round 9) - Epoch 7/10 | Loss: 0.0729 | Acc: 0.9734 | Val Loss: 0.0709 | Val Acc: 0.9742 | Time: 11.77s
2025-04-18 22:21:45,045 - INFO - P2 (Round 9) - Epoch 8/10 | Loss: 0.0723 | Acc: 0.9734 | Val Loss: 0.0713 | Val Acc: 0.9736 | Time: 12.09s
2025-04-18 22:21:57,657 - INFO - P2 (Round 9) - Epoch 9/10 | Loss: 0.0720 | Acc: 0.9737 | Val Loss: 0.0705 | Val Acc: 0.9732 | Time: 12.61s
2025-04-18 22:22:09,933 - INFO - P2 (Round 9) - Epoch 10/10 | Loss: 0.0718 | Acc: 0.9736 | Val Loss: 0.0707 | Val Acc: 0.9742 | Time: 12.28s
2025-04-18 22:22:12,493 - INFO - Round 9 completed in 244.87s
2025-04-18 22:22:12,494 - INFO - Global Model - P1 Test: Loss = 8.6145, Accuracy = 0.1733
2025-04-18 22:22:12,494 - INFO - Global Model - P2 Test: Loss = 4.7896, Accuracy = 0.5667
2025-04-18 22:22:24,883 - INFO - P1 (Round 10) - Epoch 1/10 | Loss: 0.0831 | Acc: 0.9807 | Val Loss: 0.0337 | Val Acc: 0.9897 | Time: 12.39s
2025-04-18 22:22:37,165 - INFO - P1 (Round 10) - Epoch 2/10 | Loss: 0.0316 | Acc: 0.9904 | Val Loss: 0.0296 | Val Acc: 0.9914 | Time: 12.28s
2025-04-18 22:22:49,202 - INFO - P1 (Round 10) - Epoch 3/10 | Loss: 0.0290 | Acc: 0.9913 | Val Loss: 0.0260 | Val Acc: 0.9930 | Time: 12.04s
2025-04-18 22:23:01,193 - INFO - P1 (Round 10) - Epoch 4/10 | Loss: 0.0248 | Acc: 0.9925 | Val Loss: 0.0242 | Val Acc: 0.9926 | Time: 11.99s
2025-04-18 22:23:14,270 - INFO - P1 (Round 10) - Epoch 5/10 | Loss: 0.0236 | Acc: 0.9931 | Val Loss: 0.0247 | Val Acc: 0.9930 | Time: 13.08s
2025-04-18 22:23:27,033 - INFO - P1 (Round 10) - Epoch 6/10 | Loss: 0.0231 | Acc: 0.9934 | Val Loss: 0.0228 | Val Acc: 0.9937 | Time: 12.76s
2025-04-18 22:23:39,530 - INFO - P1 (Round 10) - Epoch 7/10 | Loss: 0.0227 | Acc: 0.9935 | Val Loss: 0.0236 | Val Acc: 0.9924 | Time: 12.50s
2025-04-18 22:23:51,719 - INFO - P1 (Round 10) - Epoch 8/10 | Loss: 0.0225 | Acc: 0.9935 | Val Loss: 0.0234 | Val Acc: 0.9934 | Time: 12.19s
2025-04-18 22:24:03,659 - INFO - P1 (Round 10) - Epoch 9/10 | Loss: 0.0223 | Acc: 0.9937 | Val Loss: 0.0226 | Val Acc: 0.9940 | Time: 11.94s
2025-04-18 22:24:15,588 - INFO - P1 (Round 10) - Epoch 10/10 | Loss: 0.0222 | Acc: 0.9936 | Val Loss: 0.0224 | Val Acc: 0.9939 | Time: 11.93s
2025-04-18 22:24:28,164 - INFO - P2 (Round 10) - Epoch 1/10 | Loss: 0.1254 | Acc: 0.9568 | Val Loss: 0.0772 | Val Acc: 0.9724 | Time: 12.58s
2025-04-18 22:24:40,042 - INFO - P2 (Round 10) - Epoch 2/10 | Loss: 0.0771 | Acc: 0.9723 | Val Loss: 0.0773 | Val Acc: 0.9726 | Time: 11.88s
2025-04-18 22:24:52,611 - INFO - P2 (Round 10) - Epoch 3/10 | Loss: 0.0750 | Acc: 0.9730 | Val Loss: 0.0732 | Val Acc: 0.9739 | Time: 12.57s
2025-04-18 22:25:04,669 - INFO - P2 (Round 10) - Epoch 4/10 | Loss: 0.0740 | Acc: 0.9733 | Val Loss: 0.0750 | Val Acc: 0.9718 | Time: 12.06s
2025-04-18 22:25:16,166 - INFO - P2 (Round 10) - Epoch 5/10 | Loss: 0.0735 | Acc: 0.9735 | Val Loss: 0.0717 | Val Acc: 0.9735 | Time: 11.50s
2025-04-18 22:25:28,401 - INFO - P2 (Round 10) - Epoch 6/10 | Loss: 0.0730 | Acc: 0.9735 | Val Loss: 0.0707 | Val Acc: 0.9745 | Time: 12.24s
2025-04-18 22:25:41,037 - INFO - P2 (Round 10) - Epoch 7/10 | Loss: 0.0727 | Acc: 0.9737 | Val Loss: 0.0715 | Val Acc: 0.9737 | Time: 12.64s
2025-04-18 22:25:52,630 - INFO - P2 (Round 10) - Epoch 8/10 | Loss: 0.0724 | Acc: 0.9739 | Val Loss: 0.0713 | Val Acc: 0.9732 | Time: 11.59s
2025-04-18 22:26:04,184 - INFO - P2 (Round 10) - Epoch 9/10 | Loss: 0.0722 | Acc: 0.9739 | Val Loss: 0.0703 | Val Acc: 0.9746 | Time: 11.55s
2025-04-18 22:26:15,695 - INFO - P2 (Round 10) - Epoch 10/10 | Loss: 0.0716 | Acc: 0.9741 | Val Loss: 0.0737 | Val Acc: 0.9730 | Time: 11.51s
2025-04-18 22:26:18,168 - INFO - Round 10 completed in 245.67s
2025-04-18 22:26:18,168 - INFO - Global Model - P1 Test: Loss = 10.3334, Accuracy = 0.1451
2025-04-18 22:26:18,168 - INFO - Global Model - P2 Test: Loss = 3.0644, Accuracy = 0.5212
2025-04-18 22:26:20,750 - INFO - Final Results after 10 rounds:
2025-04-18 22:26:20,750 - INFO - Global Model - P1 Test: Loss = 10.3334, Accuracy = 0.1451
2025-04-18 22:26:20,750 - INFO - Global Model - P2 Test: Loss = 3.0644, Accuracy = 0.5212
2025-04-18 22:26:20,759 - INFO - Experiment 134 results saved to results/suppression_experiments/exp_134_p1f5_p2f7.json
