2025-04-18 20:30:27,092 - INFO - Starting Suppression Experiment 132
2025-04-18 20:30:27,092 - INFO - P1 Features (5/14): ['protocol', 'bidirectional_min_ps', 'bidirectional_mean_ps', 'bidirectional_stddev_ps', 'bidirectional_max_ps']
2025-04-18 20:30:27,092 - INFO - P2 Features (9/14): ['protocol', 'bidirectional_min_ps', 'bidirectional_mean_ps', 'bidirectional_stddev_ps', 'bidirectional_max_ps', 'src2dst_stddev_ps', 'src2dst_max_ps', 'dst2src_min_ps', 'dst2src_mean_ps']
2025-04-18 20:30:37,591 - INFO - P1 (Round 1) - Epoch 1/10 | Loss: 0.1755 | Acc: 0.9483 | Val Loss: 0.0669 | Val Acc: 0.9805 | Time: 10.38s
2025-04-18 20:30:47,675 - INFO - P1 (Round 1) - Epoch 2/10 | Loss: 0.0572 | Acc: 0.9835 | Val Loss: 0.0521 | Val Acc: 0.9846 | Time: 10.08s
2025-04-18 20:30:57,531 - INFO - P1 (Round 1) - Epoch 3/10 | Loss: 0.0486 | Acc: 0.9857 | Val Loss: 0.0466 | Val Acc: 0.9859 | Time: 9.86s
2025-04-18 20:31:07,510 - INFO - P1 (Round 1) - Epoch 4/10 | Loss: 0.0438 | Acc: 0.9867 | Val Loss: 0.0416 | Val Acc: 0.9871 | Time: 9.98s
2025-04-18 20:31:18,590 - INFO - P1 (Round 1) - Epoch 5/10 | Loss: 0.0393 | Acc: 0.9877 | Val Loss: 0.0376 | Val Acc: 0.9888 | Time: 11.08s
2025-04-18 20:31:30,731 - INFO - P1 (Round 1) - Epoch 6/10 | Loss: 0.0354 | Acc: 0.9891 | Val Loss: 0.0346 | Val Acc: 0.9892 | Time: 12.14s
2025-04-18 20:31:42,518 - INFO - P1 (Round 1) - Epoch 7/10 | Loss: 0.0324 | Acc: 0.9900 | Val Loss: 0.0326 | Val Acc: 0.9903 | Time: 11.79s
2025-04-18 20:31:54,418 - INFO - P1 (Round 1) - Epoch 8/10 | Loss: 0.0298 | Acc: 0.9905 | Val Loss: 0.0297 | Val Acc: 0.9912 | Time: 11.90s
2025-04-18 20:32:06,275 - INFO - P1 (Round 1) - Epoch 9/10 | Loss: 0.0279 | Acc: 0.9911 | Val Loss: 0.0275 | Val Acc: 0.9913 | Time: 11.86s
2025-04-18 20:32:18,058 - INFO - P1 (Round 1) - Epoch 10/10 | Loss: 0.0260 | Acc: 0.9919 | Val Loss: 0.0257 | Val Acc: 0.9916 | Time: 11.78s
2025-04-18 20:32:30,281 - INFO - P2 (Round 1) - Epoch 1/10 | Loss: 0.3735 | Acc: 0.8473 | Val Loss: 0.2635 | Val Acc: 0.8934 | Time: 12.22s
2025-04-18 20:32:43,015 - INFO - P2 (Round 1) - Epoch 2/10 | Loss: 0.2474 | Acc: 0.8990 | Val Loss: 0.2361 | Val Acc: 0.9056 | Time: 12.73s
2025-04-18 20:32:55,048 - INFO - P2 (Round 1) - Epoch 3/10 | Loss: 0.2301 | Acc: 0.9058 | Val Loss: 0.2274 | Val Acc: 0.9101 | Time: 12.03s
2025-04-18 20:33:06,746 - INFO - P2 (Round 1) - Epoch 4/10 | Loss: 0.2226 | Acc: 0.9096 | Val Loss: 0.2196 | Val Acc: 0.9130 | Time: 11.70s
2025-04-18 20:33:18,237 - INFO - P2 (Round 1) - Epoch 5/10 | Loss: 0.2149 | Acc: 0.9137 | Val Loss: 0.2098 | Val Acc: 0.9163 | Time: 11.49s
2025-04-18 20:33:29,885 - INFO - P2 (Round 1) - Epoch 6/10 | Loss: 0.1850 | Acc: 0.9293 | Val Loss: 0.1533 | Val Acc: 0.9469 | Time: 11.65s
2025-04-18 20:33:42,138 - INFO - P2 (Round 1) - Epoch 7/10 | Loss: 0.1369 | Acc: 0.9518 | Val Loss: 0.1312 | Val Acc: 0.9530 | Time: 12.25s
2025-04-18 20:33:54,515 - INFO - P2 (Round 1) - Epoch 8/10 | Loss: 0.1192 | Acc: 0.9583 | Val Loss: 0.1187 | Val Acc: 0.9581 | Time: 12.38s
2025-04-18 20:34:06,649 - INFO - P2 (Round 1) - Epoch 9/10 | Loss: 0.1114 | Acc: 0.9610 | Val Loss: 0.1074 | Val Acc: 0.9621 | Time: 12.13s
2025-04-18 20:34:18,305 - INFO - P2 (Round 1) - Epoch 10/10 | Loss: 0.1067 | Acc: 0.9624 | Val Loss: 0.1061 | Val Acc: 0.9637 | Time: 11.66s
2025-04-18 20:34:20,775 - INFO - Round 1 completed in 233.56s
2025-04-18 20:34:20,775 - INFO - Global Model - P1 Test: Loss = 6.3785, Accuracy = 0.3359
2025-04-18 20:34:20,775 - INFO - Global Model - P2 Test: Loss = 3.8667, Accuracy = 0.3529
2025-04-18 20:34:32,478 - INFO - P1 (Round 2) - Epoch 1/10 | Loss: 0.1484 | Acc: 0.9706 | Val Loss: 0.0523 | Val Acc: 0.9837 | Time: 11.70s
2025-04-18 20:34:44,495 - INFO - P1 (Round 2) - Epoch 2/10 | Loss: 0.0472 | Acc: 0.9858 | Val Loss: 0.0442 | Val Acc: 0.9866 | Time: 12.02s
2025-04-18 20:34:57,460 - INFO - P1 (Round 2) - Epoch 3/10 | Loss: 0.0425 | Acc: 0.9869 | Val Loss: 0.0412 | Val Acc: 0.9873 | Time: 12.96s
2025-04-18 20:35:09,732 - INFO - P1 (Round 2) - Epoch 4/10 | Loss: 0.0400 | Acc: 0.9874 | Val Loss: 0.0398 | Val Acc: 0.9876 | Time: 12.27s
2025-04-18 20:35:22,243 - INFO - P1 (Round 2) - Epoch 5/10 | Loss: 0.0382 | Acc: 0.9878 | Val Loss: 0.0377 | Val Acc: 0.9881 | Time: 12.51s
2025-04-18 20:35:34,037 - INFO - P1 (Round 2) - Epoch 6/10 | Loss: 0.0365 | Acc: 0.9882 | Val Loss: 0.0355 | Val Acc: 0.9889 | Time: 11.79s
2025-04-18 20:35:45,691 - INFO - P1 (Round 2) - Epoch 7/10 | Loss: 0.0346 | Acc: 0.9890 | Val Loss: 0.0336 | Val Acc: 0.9894 | Time: 11.65s
2025-04-18 20:35:57,592 - INFO - P1 (Round 2) - Epoch 8/10 | Loss: 0.0328 | Acc: 0.9898 | Val Loss: 0.0321 | Val Acc: 0.9903 | Time: 11.90s
2025-04-18 20:36:10,622 - INFO - P1 (Round 2) - Epoch 9/10 | Loss: 0.0310 | Acc: 0.9903 | Val Loss: 0.0303 | Val Acc: 0.9911 | Time: 13.03s
2025-04-18 20:36:22,872 - INFO - P1 (Round 2) - Epoch 10/10 | Loss: 0.0299 | Acc: 0.9905 | Val Loss: 0.0298 | Val Acc: 0.9903 | Time: 12.25s
2025-04-18 20:36:34,512 - INFO - P2 (Round 2) - Epoch 1/10 | Loss: 0.3214 | Acc: 0.8740 | Val Loss: 0.1934 | Val Acc: 0.9330 | Time: 11.64s
2025-04-18 20:36:45,952 - INFO - P2 (Round 2) - Epoch 2/10 | Loss: 0.1539 | Acc: 0.9474 | Val Loss: 0.1324 | Val Acc: 0.9557 | Time: 11.44s
2025-04-18 20:36:57,975 - INFO - P2 (Round 2) - Epoch 3/10 | Loss: 0.1214 | Acc: 0.9575 | Val Loss: 0.1117 | Val Acc: 0.9602 | Time: 12.02s
2025-04-18 20:37:10,027 - INFO - P2 (Round 2) - Epoch 4/10 | Loss: 0.1080 | Acc: 0.9603 | Val Loss: 0.1031 | Val Acc: 0.9628 | Time: 12.05s
2025-04-18 20:37:22,974 - INFO - P2 (Round 2) - Epoch 5/10 | Loss: 0.0995 | Acc: 0.9637 | Val Loss: 0.0961 | Val Acc: 0.9673 | Time: 12.95s
2025-04-18 20:37:34,518 - INFO - P2 (Round 2) - Epoch 6/10 | Loss: 0.0925 | Acc: 0.9676 | Val Loss: 0.0872 | Val Acc: 0.9700 | Time: 11.54s
2025-04-18 20:37:46,361 - INFO - P2 (Round 2) - Epoch 7/10 | Loss: 0.0854 | Acc: 0.9709 | Val Loss: 0.0829 | Val Acc: 0.9714 | Time: 11.84s
2025-04-18 20:37:57,774 - INFO - P2 (Round 2) - Epoch 8/10 | Loss: 0.0807 | Acc: 0.9725 | Val Loss: 0.0792 | Val Acc: 0.9739 | Time: 11.41s
2025-04-18 20:38:09,410 - INFO - P2 (Round 2) - Epoch 9/10 | Loss: 0.0777 | Acc: 0.9735 | Val Loss: 0.0752 | Val Acc: 0.9741 | Time: 11.64s
2025-04-18 20:38:20,929 - INFO - P2 (Round 2) - Epoch 10/10 | Loss: 0.0753 | Acc: 0.9743 | Val Loss: 0.0728 | Val Acc: 0.9758 | Time: 11.52s
2025-04-18 20:38:23,586 - INFO - Round 2 completed in 242.81s
2025-04-18 20:38:23,587 - INFO - Global Model - P1 Test: Loss = 7.4172, Accuracy = 0.2809
2025-04-18 20:38:23,587 - INFO - Global Model - P2 Test: Loss = 3.8397, Accuracy = 0.5618
2025-04-18 20:38:35,007 - INFO - P1 (Round 3) - Epoch 1/10 | Loss: 0.1123 | Acc: 0.9765 | Val Loss: 0.0517 | Val Acc: 0.9849 | Time: 11.42s
2025-04-18 20:38:45,001 - INFO - P1 (Round 3) - Epoch 2/10 | Loss: 0.0458 | Acc: 0.9865 | Val Loss: 0.0440 | Val Acc: 0.9867 | Time: 9.99s
2025-04-18 20:38:54,947 - INFO - P1 (Round 3) - Epoch 3/10 | Loss: 0.0428 | Acc: 0.9870 | Val Loss: 0.0417 | Val Acc: 0.9871 | Time: 9.95s
2025-04-18 20:39:05,072 - INFO - P1 (Round 3) - Epoch 4/10 | Loss: 0.0416 | Acc: 0.9872 | Val Loss: 0.0414 | Val Acc: 0.9870 | Time: 10.12s
2025-04-18 20:39:14,805 - INFO - P1 (Round 3) - Epoch 5/10 | Loss: 0.0405 | Acc: 0.9874 | Val Loss: 0.0418 | Val Acc: 0.9873 | Time: 9.73s
2025-04-18 20:39:24,622 - INFO - P1 (Round 3) - Epoch 6/10 | Loss: 0.0397 | Acc: 0.9875 | Val Loss: 0.0398 | Val Acc: 0.9874 | Time: 9.82s
2025-04-18 20:39:34,904 - INFO - P1 (Round 3) - Epoch 7/10 | Loss: 0.0390 | Acc: 0.9876 | Val Loss: 0.0405 | Val Acc: 0.9871 | Time: 10.28s
2025-04-18 20:39:46,471 - INFO - P1 (Round 3) - Epoch 8/10 | Loss: 0.0384 | Acc: 0.9877 | Val Loss: 0.0383 | Val Acc: 0.9876 | Time: 11.57s
2025-04-18 20:39:56,338 - INFO - P1 (Round 3) - Epoch 9/10 | Loss: 0.0378 | Acc: 0.9877 | Val Loss: 0.0383 | Val Acc: 0.9872 | Time: 9.87s
2025-04-18 20:40:06,414 - INFO - P1 (Round 3) - Epoch 10/10 | Loss: 0.0374 | Acc: 0.9878 | Val Loss: 0.0369 | Val Acc: 0.9880 | Time: 10.08s
2025-04-18 20:40:16,185 - INFO - P2 (Round 3) - Epoch 1/10 | Loss: 0.2393 | Acc: 0.9169 | Val Loss: 0.1330 | Val Acc: 0.9543 | Time: 9.77s
2025-04-18 20:40:26,062 - INFO - P2 (Round 3) - Epoch 2/10 | Loss: 0.1126 | Acc: 0.9617 | Val Loss: 0.0981 | Val Acc: 0.9667 | Time: 9.88s
2025-04-18 20:40:35,746 - INFO - P2 (Round 3) - Epoch 3/10 | Loss: 0.0890 | Acc: 0.9698 | Val Loss: 0.0885 | Val Acc: 0.9690 | Time: 9.68s
2025-04-18 20:40:45,730 - INFO - P2 (Round 3) - Epoch 4/10 | Loss: 0.0799 | Acc: 0.9729 | Val Loss: 0.0791 | Val Acc: 0.9742 | Time: 9.98s
2025-04-18 20:40:57,685 - INFO - P2 (Round 3) - Epoch 5/10 | Loss: 0.0756 | Acc: 0.9742 | Val Loss: 0.0738 | Val Acc: 0.9745 | Time: 11.95s
2025-04-18 20:41:07,361 - INFO - P2 (Round 3) - Epoch 6/10 | Loss: 0.0730 | Acc: 0.9747 | Val Loss: 0.0739 | Val Acc: 0.9745 | Time: 9.68s
2025-04-18 20:41:17,198 - INFO - P2 (Round 3) - Epoch 7/10 | Loss: 0.0715 | Acc: 0.9751 | Val Loss: 0.0709 | Val Acc: 0.9758 | Time: 9.84s
2025-04-18 20:41:27,201 - INFO - P2 (Round 3) - Epoch 8/10 | Loss: 0.0705 | Acc: 0.9753 | Val Loss: 0.0708 | Val Acc: 0.9757 | Time: 10.00s
2025-04-18 20:41:36,988 - INFO - P2 (Round 3) - Epoch 9/10 | Loss: 0.0698 | Acc: 0.9754 | Val Loss: 0.0704 | Val Acc: 0.9756 | Time: 9.79s
2025-04-18 20:41:46,775 - INFO - P2 (Round 3) - Epoch 10/10 | Loss: 0.0692 | Acc: 0.9757 | Val Loss: 0.0685 | Val Acc: 0.9762 | Time: 9.79s
2025-04-18 20:41:49,077 - INFO - Round 3 completed in 205.49s
2025-04-18 20:41:49,078 - INFO - Global Model - P1 Test: Loss = 3.9541, Accuracy = 0.2214
2025-04-18 20:41:49,078 - INFO - Global Model - P2 Test: Loss = 6.2446, Accuracy = 0.4792
2025-04-18 20:41:59,538 - INFO - P1 (Round 4) - Epoch 1/10 | Loss: 0.0790 | Acc: 0.9803 | Val Loss: 0.0461 | Val Acc: 0.9867 | Time: 10.46s
2025-04-18 20:42:11,094 - INFO - P1 (Round 4) - Epoch 2/10 | Loss: 0.0427 | Acc: 0.9872 | Val Loss: 0.0409 | Val Acc: 0.9875 | Time: 11.56s
2025-04-18 20:42:20,986 - INFO - P1 (Round 4) - Epoch 3/10 | Loss: 0.0386 | Acc: 0.9884 | Val Loss: 0.0370 | Val Acc: 0.9891 | Time: 9.89s
2025-04-18 20:42:30,882 - INFO - P1 (Round 4) - Epoch 4/10 | Loss: 0.0363 | Acc: 0.9894 | Val Loss: 0.0357 | Val Acc: 0.9894 | Time: 9.90s
2025-04-18 20:42:40,753 - INFO - P1 (Round 4) - Epoch 5/10 | Loss: 0.0346 | Acc: 0.9900 | Val Loss: 0.0341 | Val Acc: 0.9908 | Time: 9.87s
2025-04-18 20:42:50,792 - INFO - P1 (Round 4) - Epoch 6/10 | Loss: 0.0335 | Acc: 0.9903 | Val Loss: 0.0331 | Val Acc: 0.9906 | Time: 10.04s
2025-04-18 20:43:00,685 - INFO - P1 (Round 4) - Epoch 7/10 | Loss: 0.0326 | Acc: 0.9904 | Val Loss: 0.0325 | Val Acc: 0.9911 | Time: 9.89s
2025-04-18 20:43:11,052 - INFO - P1 (Round 4) - Epoch 8/10 | Loss: 0.0317 | Acc: 0.9906 | Val Loss: 0.0324 | Val Acc: 0.9908 | Time: 10.37s
2025-04-18 20:43:22,525 - INFO - P1 (Round 4) - Epoch 9/10 | Loss: 0.0310 | Acc: 0.9907 | Val Loss: 0.0319 | Val Acc: 0.9903 | Time: 11.47s
2025-04-18 20:43:32,525 - INFO - P1 (Round 4) - Epoch 10/10 | Loss: 0.0305 | Acc: 0.9908 | Val Loss: 0.0309 | Val Acc: 0.9912 | Time: 10.00s
2025-04-18 20:43:42,202 - INFO - P2 (Round 4) - Epoch 1/10 | Loss: 0.1486 | Acc: 0.9531 | Val Loss: 0.0946 | Val Acc: 0.9672 | Time: 9.68s
2025-04-18 20:43:51,895 - INFO - P2 (Round 4) - Epoch 2/10 | Loss: 0.0878 | Acc: 0.9706 | Val Loss: 0.0828 | Val Acc: 0.9725 | Time: 9.69s
2025-04-18 20:44:01,744 - INFO - P2 (Round 4) - Epoch 3/10 | Loss: 0.0801 | Acc: 0.9733 | Val Loss: 0.0759 | Val Acc: 0.9751 | Time: 9.85s
2025-04-18 20:44:11,368 - INFO - P2 (Round 4) - Epoch 4/10 | Loss: 0.0765 | Acc: 0.9741 | Val Loss: 0.0762 | Val Acc: 0.9741 | Time: 9.62s
2025-04-18 20:44:21,496 - INFO - P2 (Round 4) - Epoch 5/10 | Loss: 0.0747 | Acc: 0.9745 | Val Loss: 0.0722 | Val Acc: 0.9750 | Time: 10.13s
2025-04-18 20:44:33,438 - INFO - P2 (Round 4) - Epoch 6/10 | Loss: 0.0732 | Acc: 0.9749 | Val Loss: 0.0715 | Val Acc: 0.9759 | Time: 11.94s
2025-04-18 20:44:45,272 - INFO - P2 (Round 4) - Epoch 7/10 | Loss: 0.0719 | Acc: 0.9754 | Val Loss: 0.0700 | Val Acc: 0.9763 | Time: 11.83s
2025-04-18 20:44:57,485 - INFO - P2 (Round 4) - Epoch 8/10 | Loss: 0.0711 | Acc: 0.9756 | Val Loss: 0.0720 | Val Acc: 0.9752 | Time: 12.21s
2025-04-18 20:45:09,586 - INFO - P2 (Round 4) - Epoch 9/10 | Loss: 0.0700 | Acc: 0.9758 | Val Loss: 0.0685 | Val Acc: 0.9769 | Time: 12.10s
2025-04-18 20:45:21,315 - INFO - P2 (Round 4) - Epoch 10/10 | Loss: 0.0694 | Acc: 0.9760 | Val Loss: 0.0711 | Val Acc: 0.9750 | Time: 11.73s
2025-04-18 20:45:23,823 - INFO - Round 4 completed in 214.75s
2025-04-18 20:45:23,824 - INFO - Global Model - P1 Test: Loss = 6.3428, Accuracy = 0.2092
2025-04-18 20:45:23,824 - INFO - Global Model - P2 Test: Loss = 5.0736, Accuracy = 0.4581
2025-04-18 20:45:36,315 - INFO - P1 (Round 5) - Epoch 1/10 | Loss: 0.0903 | Acc: 0.9784 | Val Loss: 0.0413 | Val Acc: 0.9876 | Time: 12.49s
2025-04-18 20:45:48,854 - INFO - P1 (Round 5) - Epoch 2/10 | Loss: 0.0384 | Acc: 0.9887 | Val Loss: 0.0382 | Val Acc: 0.9890 | Time: 12.54s
2025-04-18 20:46:00,706 - INFO - P1 (Round 5) - Epoch 3/10 | Loss: 0.0347 | Acc: 0.9897 | Val Loss: 0.0342 | Val Acc: 0.9899 | Time: 11.85s
2025-04-18 20:46:12,909 - INFO - P1 (Round 5) - Epoch 4/10 | Loss: 0.0331 | Acc: 0.9903 | Val Loss: 0.0337 | Val Acc: 0.9904 | Time: 12.20s
2025-04-18 20:46:25,129 - INFO - P1 (Round 5) - Epoch 5/10 | Loss: 0.0320 | Acc: 0.9906 | Val Loss: 0.0366 | Val Acc: 0.9891 | Time: 12.22s
2025-04-18 20:46:37,349 - INFO - P1 (Round 5) - Epoch 6/10 | Loss: 0.0312 | Acc: 0.9908 | Val Loss: 0.0355 | Val Acc: 0.9900 | Time: 12.22s
2025-04-18 20:46:49,747 - INFO - P1 (Round 5) - Epoch 7/10 | Loss: 0.0309 | Acc: 0.9908 | Val Loss: 0.0312 | Val Acc: 0.9904 | Time: 12.40s
2025-04-18 20:47:02,173 - INFO - P1 (Round 5) - Epoch 8/10 | Loss: 0.0303 | Acc: 0.9909 | Val Loss: 0.0311 | Val Acc: 0.9910 | Time: 12.43s
2025-04-18 20:47:14,077 - INFO - P1 (Round 5) - Epoch 9/10 | Loss: 0.0300 | Acc: 0.9909 | Val Loss: 0.0322 | Val Acc: 0.9897 | Time: 11.90s
2025-04-18 20:47:25,767 - INFO - P1 (Round 5) - Epoch 10/10 | Loss: 0.0297 | Acc: 0.9910 | Val Loss: 0.0294 | Val Acc: 0.9912 | Time: 11.69s
2025-04-18 20:47:37,255 - INFO - P2 (Round 5) - Epoch 1/10 | Loss: 0.1137 | Acc: 0.9637 | Val Loss: 0.0781 | Val Acc: 0.9735 | Time: 11.49s
2025-04-18 20:47:48,960 - INFO - P2 (Round 5) - Epoch 2/10 | Loss: 0.0766 | Acc: 0.9741 | Val Loss: 0.0730 | Val Acc: 0.9756 | Time: 11.70s
2025-04-18 20:48:01,075 - INFO - P2 (Round 5) - Epoch 3/10 | Loss: 0.0732 | Acc: 0.9749 | Val Loss: 0.0706 | Val Acc: 0.9760 | Time: 12.12s
2025-04-18 20:48:12,481 - INFO - P2 (Round 5) - Epoch 4/10 | Loss: 0.0715 | Acc: 0.9755 | Val Loss: 0.0686 | Val Acc: 0.9767 | Time: 11.41s
2025-04-18 20:48:22,704 - INFO - P2 (Round 5) - Epoch 5/10 | Loss: 0.0703 | Acc: 0.9757 | Val Loss: 0.0770 | Val Acc: 0.9722 | Time: 10.22s
2025-04-18 20:48:32,328 - INFO - P2 (Round 5) - Epoch 6/10 | Loss: 0.0694 | Acc: 0.9759 | Val Loss: 0.0707 | Val Acc: 0.9759 | Time: 9.62s
2025-04-18 20:48:42,162 - INFO - P2 (Round 5) - Epoch 7/10 | Loss: 0.0685 | Acc: 0.9762 | Val Loss: 0.0678 | Val Acc: 0.9757 | Time: 9.83s
2025-04-18 20:48:51,815 - INFO - P2 (Round 5) - Epoch 8/10 | Loss: 0.0677 | Acc: 0.9762 | Val Loss: 0.0666 | Val Acc: 0.9767 | Time: 9.65s
2025-04-18 20:49:01,595 - INFO - P2 (Round 5) - Epoch 9/10 | Loss: 0.0673 | Acc: 0.9764 | Val Loss: 0.0663 | Val Acc: 0.9769 | Time: 9.78s
2025-04-18 20:49:12,587 - INFO - P2 (Round 5) - Epoch 10/10 | Loss: 0.0666 | Acc: 0.9765 | Val Loss: 0.0650 | Val Acc: 0.9772 | Time: 10.99s
2025-04-18 20:49:15,469 - INFO - Round 5 completed in 231.65s
2025-04-18 20:49:15,470 - INFO - Global Model - P1 Test: Loss = 6.8697, Accuracy = 0.3568
2025-04-18 20:49:15,470 - INFO - Global Model - P2 Test: Loss = 4.4470, Accuracy = 0.4489
2025-04-18 20:49:25,362 - INFO - P1 (Round 6) - Epoch 1/10 | Loss: 0.0859 | Acc: 0.9817 | Val Loss: 0.0371 | Val Acc: 0.9896 | Time: 9.89s
2025-04-18 20:49:35,179 - INFO - P1 (Round 6) - Epoch 2/10 | Loss: 0.0332 | Acc: 0.9905 | Val Loss: 0.0322 | Val Acc: 0.9904 | Time: 9.82s
2025-04-18 20:49:45,250 - INFO - P1 (Round 6) - Epoch 3/10 | Loss: 0.0312 | Acc: 0.9908 | Val Loss: 0.0306 | Val Acc: 0.9909 | Time: 10.07s
2025-04-18 20:49:55,220 - INFO - P1 (Round 6) - Epoch 4/10 | Loss: 0.0305 | Acc: 0.9909 | Val Loss: 0.0340 | Val Acc: 0.9904 | Time: 9.97s
2025-04-18 20:50:05,422 - INFO - P1 (Round 6) - Epoch 5/10 | Loss: 0.0301 | Acc: 0.9909 | Val Loss: 0.0321 | Val Acc: 0.9902 | Time: 10.20s
2025-04-18 20:50:15,494 - INFO - P1 (Round 6) - Epoch 6/10 | Loss: 0.0297 | Acc: 0.9909 | Val Loss: 0.0303 | Val Acc: 0.9907 | Time: 10.07s
2025-04-18 20:50:27,265 - INFO - P1 (Round 6) - Epoch 7/10 | Loss: 0.0294 | Acc: 0.9910 | Val Loss: 0.0313 | Val Acc: 0.9906 | Time: 11.77s
2025-04-18 20:50:37,291 - INFO - P1 (Round 6) - Epoch 8/10 | Loss: 0.0290 | Acc: 0.9910 | Val Loss: 0.0298 | Val Acc: 0.9904 | Time: 10.03s
2025-04-18 20:50:47,322 - INFO - P1 (Round 6) - Epoch 9/10 | Loss: 0.0290 | Acc: 0.9911 | Val Loss: 0.0288 | Val Acc: 0.9912 | Time: 10.03s
2025-04-18 20:50:57,587 - INFO - P1 (Round 6) - Epoch 10/10 | Loss: 0.0286 | Acc: 0.9912 | Val Loss: 0.0289 | Val Acc: 0.9918 | Time: 10.26s
2025-04-18 20:51:07,111 - INFO - P2 (Round 6) - Epoch 1/10 | Loss: 0.1046 | Acc: 0.9657 | Val Loss: 0.0735 | Val Acc: 0.9752 | Time: 9.52s
2025-04-18 20:51:16,878 - INFO - P2 (Round 6) - Epoch 2/10 | Loss: 0.0721 | Acc: 0.9753 | Val Loss: 0.0687 | Val Acc: 0.9763 | Time: 9.77s
2025-04-18 20:51:26,705 - INFO - P2 (Round 6) - Epoch 3/10 | Loss: 0.0698 | Acc: 0.9758 | Val Loss: 0.0701 | Val Acc: 0.9755 | Time: 9.83s
2025-04-18 20:51:38,225 - INFO - P2 (Round 6) - Epoch 4/10 | Loss: 0.0685 | Acc: 0.9761 | Val Loss: 0.0663 | Val Acc: 0.9767 | Time: 11.52s
2025-04-18 20:51:48,463 - INFO - P2 (Round 6) - Epoch 5/10 | Loss: 0.0673 | Acc: 0.9762 | Val Loss: 0.0651 | Val Acc: 0.9769 | Time: 10.24s
2025-04-18 20:51:58,253 - INFO - P2 (Round 6) - Epoch 6/10 | Loss: 0.0667 | Acc: 0.9763 | Val Loss: 0.0652 | Val Acc: 0.9771 | Time: 9.79s
2025-04-18 20:52:08,353 - INFO - P2 (Round 6) - Epoch 7/10 | Loss: 0.0660 | Acc: 0.9766 | Val Loss: 0.0662 | Val Acc: 0.9769 | Time: 10.10s
2025-04-18 20:52:18,036 - INFO - P2 (Round 6) - Epoch 8/10 | Loss: 0.0654 | Acc: 0.9767 | Val Loss: 0.0639 | Val Acc: 0.9773 | Time: 9.68s
2025-04-18 20:52:27,905 - INFO - P2 (Round 6) - Epoch 9/10 | Loss: 0.0650 | Acc: 0.9767 | Val Loss: 0.0635 | Val Acc: 0.9769 | Time: 9.87s
2025-04-18 20:52:37,664 - INFO - P2 (Round 6) - Epoch 10/10 | Loss: 0.0647 | Acc: 0.9767 | Val Loss: 0.0644 | Val Acc: 0.9770 | Time: 9.76s
2025-04-18 20:52:39,920 - INFO - Round 6 completed in 204.45s
2025-04-18 20:52:39,920 - INFO - Global Model - P1 Test: Loss = 7.0841, Accuracy = 0.3909
2025-04-18 20:52:39,920 - INFO - Global Model - P2 Test: Loss = 3.8309, Accuracy = 0.4019
2025-04-18 20:52:51,625 - INFO - P1 (Round 7) - Epoch 1/10 | Loss: 0.0796 | Acc: 0.9833 | Val Loss: 0.0335 | Val Acc: 0.9904 | Time: 11.70s
2025-04-18 20:53:01,640 - INFO - P1 (Round 7) - Epoch 2/10 | Loss: 0.0321 | Acc: 0.9907 | Val Loss: 0.0309 | Val Acc: 0.9908 | Time: 10.01s
2025-04-18 20:53:11,647 - INFO - P1 (Round 7) - Epoch 3/10 | Loss: 0.0304 | Acc: 0.9909 | Val Loss: 0.0305 | Val Acc: 0.9906 | Time: 10.01s
2025-04-18 20:53:21,612 - INFO - P1 (Round 7) - Epoch 4/10 | Loss: 0.0296 | Acc: 0.9909 | Val Loss: 0.0299 | Val Acc: 0.9912 | Time: 9.96s
2025-04-18 20:53:31,462 - INFO - P1 (Round 7) - Epoch 5/10 | Loss: 0.0292 | Acc: 0.9910 | Val Loss: 0.0330 | Val Acc: 0.9904 | Time: 9.85s
2025-04-18 20:53:41,731 - INFO - P1 (Round 7) - Epoch 6/10 | Loss: 0.0289 | Acc: 0.9911 | Val Loss: 0.0305 | Val Acc: 0.9900 | Time: 10.27s
2025-04-18 20:53:52,030 - INFO - P1 (Round 7) - Epoch 7/10 | Loss: 0.0285 | Acc: 0.9911 | Val Loss: 0.0295 | Val Acc: 0.9914 | Time: 10.30s
2025-04-18 20:54:03,819 - INFO - P1 (Round 7) - Epoch 8/10 | Loss: 0.0285 | Acc: 0.9912 | Val Loss: 0.0299 | Val Acc: 0.9918 | Time: 11.79s
2025-04-18 20:54:13,602 - INFO - P1 (Round 7) - Epoch 9/10 | Loss: 0.0282 | Acc: 0.9913 | Val Loss: 0.0281 | Val Acc: 0.9912 | Time: 9.78s
2025-04-18 20:54:23,386 - INFO - P1 (Round 7) - Epoch 10/10 | Loss: 0.0279 | Acc: 0.9913 | Val Loss: 0.0281 | Val Acc: 0.9912 | Time: 9.78s
2025-04-18 20:54:33,022 - INFO - P2 (Round 7) - Epoch 1/10 | Loss: 0.1023 | Acc: 0.9665 | Val Loss: 0.0721 | Val Acc: 0.9758 | Time: 9.64s
2025-04-18 20:54:42,894 - INFO - P2 (Round 7) - Epoch 2/10 | Loss: 0.0699 | Acc: 0.9760 | Val Loss: 0.0669 | Val Acc: 0.9772 | Time: 9.87s
2025-04-18 20:54:52,676 - INFO - P2 (Round 7) - Epoch 3/10 | Loss: 0.0672 | Acc: 0.9764 | Val Loss: 0.0642 | Val Acc: 0.9773 | Time: 9.78s
2025-04-18 20:55:02,540 - INFO - P2 (Round 7) - Epoch 4/10 | Loss: 0.0662 | Acc: 0.9766 | Val Loss: 0.0648 | Val Acc: 0.9773 | Time: 9.86s
2025-04-18 20:55:13,896 - INFO - P2 (Round 7) - Epoch 5/10 | Loss: 0.0654 | Acc: 0.9768 | Val Loss: 0.0637 | Val Acc: 0.9769 | Time: 11.36s
2025-04-18 20:55:23,526 - INFO - P2 (Round 7) - Epoch 6/10 | Loss: 0.0647 | Acc: 0.9771 | Val Loss: 0.0638 | Val Acc: 0.9769 | Time: 9.63s
2025-04-18 20:55:33,265 - INFO - P2 (Round 7) - Epoch 7/10 | Loss: 0.0641 | Acc: 0.9772 | Val Loss: 0.0615 | Val Acc: 0.9780 | Time: 9.74s
2025-04-18 20:55:43,163 - INFO - P2 (Round 7) - Epoch 8/10 | Loss: 0.0635 | Acc: 0.9772 | Val Loss: 0.0638 | Val Acc: 0.9770 | Time: 9.90s
2025-04-18 20:55:52,931 - INFO - P2 (Round 7) - Epoch 9/10 | Loss: 0.0630 | Acc: 0.9773 | Val Loss: 0.0614 | Val Acc: 0.9775 | Time: 9.77s
2025-04-18 20:56:02,699 - INFO - P2 (Round 7) - Epoch 10/10 | Loss: 0.0626 | Acc: 0.9775 | Val Loss: 0.0671 | Val Acc: 0.9754 | Time: 9.77s
2025-04-18 20:56:05,073 - INFO - Round 7 completed in 205.15s
2025-04-18 20:56:05,073 - INFO - Global Model - P1 Test: Loss = 6.5272, Accuracy = 0.3593
2025-04-18 20:56:05,074 - INFO - Global Model - P2 Test: Loss = 3.4423, Accuracy = 0.3738
2025-04-18 20:56:15,314 - INFO - P1 (Round 8) - Epoch 1/10 | Loss: 0.0801 | Acc: 0.9822 | Val Loss: 0.0388 | Val Acc: 0.9886 | Time: 10.24s
2025-04-18 20:56:27,152 - INFO - P1 (Round 8) - Epoch 2/10 | Loss: 0.0359 | Acc: 0.9894 | Val Loss: 0.0347 | Val Acc: 0.9896 | Time: 11.84s
2025-04-18 20:56:37,412 - INFO - P1 (Round 8) - Epoch 3/10 | Loss: 0.0336 | Acc: 0.9900 | Val Loss: 0.0343 | Val Acc: 0.9896 | Time: 10.26s
2025-04-18 20:56:47,894 - INFO - P1 (Round 8) - Epoch 4/10 | Loss: 0.0327 | Acc: 0.9903 | Val Loss: 0.0325 | Val Acc: 0.9905 | Time: 10.48s
2025-04-18 20:56:57,820 - INFO - P1 (Round 8) - Epoch 5/10 | Loss: 0.0320 | Acc: 0.9905 | Val Loss: 0.0339 | Val Acc: 0.9896 | Time: 9.93s
2025-04-18 20:57:08,351 - INFO - P1 (Round 8) - Epoch 6/10 | Loss: 0.0316 | Acc: 0.9906 | Val Loss: 0.0326 | Val Acc: 0.9899 | Time: 10.53s
2025-04-18 20:57:24,733 - INFO - P1 (Round 8) - Epoch 7/10 | Loss: 0.0310 | Acc: 0.9906 | Val Loss: 0.0306 | Val Acc: 0.9906 | Time: 16.38s
2025-04-18 20:57:39,568 - INFO - P1 (Round 8) - Epoch 8/10 | Loss: 0.0306 | Acc: 0.9907 | Val Loss: 0.0308 | Val Acc: 0.9902 | Time: 14.83s
2025-04-18 20:57:51,299 - INFO - P1 (Round 8) - Epoch 9/10 | Loss: 0.0303 | Acc: 0.9907 | Val Loss: 0.0308 | Val Acc: 0.9899 | Time: 11.73s
2025-04-18 20:58:01,309 - INFO - P1 (Round 8) - Epoch 10/10 | Loss: 0.0299 | Acc: 0.9909 | Val Loss: 0.0323 | Val Acc: 0.9919 | Time: 10.01s
2025-04-18 20:58:11,343 - INFO - P2 (Round 8) - Epoch 1/10 | Loss: 0.1278 | Acc: 0.9554 | Val Loss: 0.0714 | Val Acc: 0.9748 | Time: 10.03s
2025-04-18 20:58:21,174 - INFO - P2 (Round 8) - Epoch 2/10 | Loss: 0.0691 | Acc: 0.9761 | Val Loss: 0.0654 | Val Acc: 0.9770 | Time: 9.83s
2025-04-18 20:58:30,879 - INFO - P2 (Round 8) - Epoch 3/10 | Loss: 0.0658 | Acc: 0.9770 | Val Loss: 0.0633 | Val Acc: 0.9778 | Time: 9.70s
2025-04-18 20:58:41,712 - INFO - P2 (Round 8) - Epoch 4/10 | Loss: 0.0642 | Acc: 0.9774 | Val Loss: 0.0637 | Val Acc: 0.9771 | Time: 10.83s
2025-04-18 20:58:52,324 - INFO - P2 (Round 8) - Epoch 5/10 | Loss: 0.0631 | Acc: 0.9777 | Val Loss: 0.0616 | Val Acc: 0.9781 | Time: 10.61s
2025-04-18 20:59:02,121 - INFO - P2 (Round 8) - Epoch 6/10 | Loss: 0.0625 | Acc: 0.9778 | Val Loss: 0.0614 | Val Acc: 0.9781 | Time: 9.80s
2025-04-18 20:59:12,337 - INFO - P2 (Round 8) - Epoch 7/10 | Loss: 0.0618 | Acc: 0.9779 | Val Loss: 0.0620 | Val Acc: 0.9773 | Time: 10.22s
2025-04-18 20:59:22,868 - INFO - P2 (Round 8) - Epoch 8/10 | Loss: 0.0614 | Acc: 0.9782 | Val Loss: 0.0604 | Val Acc: 0.9776 | Time: 10.53s
2025-04-18 20:59:34,627 - INFO - P2 (Round 8) - Epoch 9/10 | Loss: 0.0611 | Acc: 0.9783 | Val Loss: 0.0634 | Val Acc: 0.9770 | Time: 11.76s
2025-04-18 20:59:46,239 - INFO - P2 (Round 8) - Epoch 10/10 | Loss: 0.0608 | Acc: 0.9783 | Val Loss: 0.0590 | Val Acc: 0.9789 | Time: 11.61s
2025-04-18 20:59:48,835 - INFO - Round 8 completed in 223.76s
2025-04-18 20:59:48,835 - INFO - Global Model - P1 Test: Loss = 4.3563, Accuracy = 0.2905
2025-04-18 20:59:48,835 - INFO - Global Model - P2 Test: Loss = 1.8304, Accuracy = 0.5739
2025-04-18 21:00:01,927 - INFO - P1 (Round 9) - Epoch 1/10 | Loss: 0.0864 | Acc: 0.9769 | Val Loss: 0.0468 | Val Acc: 0.9871 | Time: 13.09s
2025-04-18 21:00:13,650 - INFO - P1 (Round 9) - Epoch 2/10 | Loss: 0.0429 | Acc: 0.9877 | Val Loss: 0.0412 | Val Acc: 0.9879 | Time: 11.72s
2025-04-18 21:00:25,802 - INFO - P1 (Round 9) - Epoch 3/10 | Loss: 0.0398 | Acc: 0.9883 | Val Loss: 0.0401 | Val Acc: 0.9881 | Time: 12.15s
2025-04-18 21:00:38,309 - INFO - P1 (Round 9) - Epoch 4/10 | Loss: 0.0381 | Acc: 0.9888 | Val Loss: 0.0382 | Val Acc: 0.9884 | Time: 12.51s
2025-04-18 21:00:50,718 - INFO - P1 (Round 9) - Epoch 5/10 | Loss: 0.0370 | Acc: 0.9891 | Val Loss: 0.0357 | Val Acc: 0.9890 | Time: 12.41s
2025-04-18 21:01:03,372 - INFO - P1 (Round 9) - Epoch 6/10 | Loss: 0.0361 | Acc: 0.9893 | Val Loss: 0.0361 | Val Acc: 0.9898 | Time: 12.65s
2025-04-18 21:01:16,268 - INFO - P1 (Round 9) - Epoch 7/10 | Loss: 0.0354 | Acc: 0.9895 | Val Loss: 0.0364 | Val Acc: 0.9906 | Time: 12.90s
2025-04-18 21:01:28,226 - INFO - P1 (Round 9) - Epoch 8/10 | Loss: 0.0345 | Acc: 0.9897 | Val Loss: 0.0341 | Val Acc: 0.9896 | Time: 11.96s
2025-04-18 21:01:40,492 - INFO - P1 (Round 9) - Epoch 9/10 | Loss: 0.0340 | Acc: 0.9899 | Val Loss: 0.0347 | Val Acc: 0.9899 | Time: 12.27s
2025-04-18 21:01:52,754 - INFO - P1 (Round 9) - Epoch 10/10 | Loss: 0.0335 | Acc: 0.9900 | Val Loss: 0.0377 | Val Acc: 0.9888 | Time: 12.26s
2025-04-18 21:02:04,738 - INFO - P2 (Round 9) - Epoch 1/10 | Loss: 0.0851 | Acc: 0.9717 | Val Loss: 0.0670 | Val Acc: 0.9767 | Time: 11.98s
2025-04-18 21:02:17,058 - INFO - P2 (Round 9) - Epoch 2/10 | Loss: 0.0649 | Acc: 0.9771 | Val Loss: 0.0625 | Val Acc: 0.9777 | Time: 12.32s
2025-04-18 21:02:29,147 - INFO - P2 (Round 9) - Epoch 3/10 | Loss: 0.0630 | Acc: 0.9777 | Val Loss: 0.0614 | Val Acc: 0.9782 | Time: 12.09s
2025-04-18 21:02:40,619 - INFO - P2 (Round 9) - Epoch 4/10 | Loss: 0.0621 | Acc: 0.9779 | Val Loss: 0.0594 | Val Acc: 0.9789 | Time: 11.47s
2025-04-18 21:02:52,284 - INFO - P2 (Round 9) - Epoch 5/10 | Loss: 0.0616 | Acc: 0.9782 | Val Loss: 0.0609 | Val Acc: 0.9785 | Time: 11.66s
2025-04-18 21:03:04,195 - INFO - P2 (Round 9) - Epoch 6/10 | Loss: 0.0612 | Acc: 0.9782 | Val Loss: 0.0593 | Val Acc: 0.9785 | Time: 11.91s
2025-04-18 21:03:16,282 - INFO - P2 (Round 9) - Epoch 7/10 | Loss: 0.0610 | Acc: 0.9783 | Val Loss: 0.0598 | Val Acc: 0.9780 | Time: 12.09s
2025-04-18 21:03:28,248 - INFO - P2 (Round 9) - Epoch 8/10 | Loss: 0.0605 | Acc: 0.9784 | Val Loss: 0.0607 | Val Acc: 0.9785 | Time: 11.97s
2025-04-18 21:03:40,764 - INFO - P2 (Round 9) - Epoch 9/10 | Loss: 0.0602 | Acc: 0.9785 | Val Loss: 0.0595 | Val Acc: 0.9791 | Time: 12.52s
2025-04-18 21:03:50,642 - INFO - P2 (Round 9) - Epoch 10/10 | Loss: 0.0601 | Acc: 0.9786 | Val Loss: 0.0581 | Val Acc: 0.9792 | Time: 9.88s
2025-04-18 21:03:52,970 - INFO - Round 9 completed in 244.13s
2025-04-18 21:03:52,970 - INFO - Global Model - P1 Test: Loss = 6.0547, Accuracy = 0.2691
2025-04-18 21:03:52,970 - INFO - Global Model - P2 Test: Loss = 3.2007, Accuracy = 0.4747
2025-04-18 21:04:02,953 - INFO - P1 (Round 10) - Epoch 1/10 | Loss: 0.0696 | Acc: 0.9832 | Val Loss: 0.0383 | Val Acc: 0.9884 | Time: 9.98s
2025-04-18 21:04:13,186 - INFO - P1 (Round 10) - Epoch 2/10 | Loss: 0.0372 | Acc: 0.9893 | Val Loss: 0.0353 | Val Acc: 0.9896 | Time: 10.23s
2025-04-18 21:04:23,086 - INFO - P1 (Round 10) - Epoch 3/10 | Loss: 0.0355 | Acc: 0.9897 | Val Loss: 0.0349 | Val Acc: 0.9899 | Time: 9.90s
2025-04-18 21:04:33,449 - INFO - P1 (Round 10) - Epoch 4/10 | Loss: 0.0344 | Acc: 0.9899 | Val Loss: 0.0349 | Val Acc: 0.9893 | Time: 10.36s
2025-04-18 21:04:45,668 - INFO - P1 (Round 10) - Epoch 5/10 | Loss: 0.0338 | Acc: 0.9900 | Val Loss: 0.0372 | Val Acc: 0.9887 | Time: 12.22s
2025-04-18 21:04:55,845 - INFO - P1 (Round 10) - Epoch 6/10 | Loss: 0.0331 | Acc: 0.9902 | Val Loss: 0.0325 | Val Acc: 0.9900 | Time: 10.18s
2025-04-18 21:05:05,825 - INFO - P1 (Round 10) - Epoch 7/10 | Loss: 0.0327 | Acc: 0.9903 | Val Loss: 0.0339 | Val Acc: 0.9894 | Time: 9.98s
2025-04-18 21:05:16,557 - INFO - P1 (Round 10) - Epoch 8/10 | Loss: 0.0323 | Acc: 0.9903 | Val Loss: 0.0318 | Val Acc: 0.9904 | Time: 10.73s
2025-04-18 21:05:28,193 - INFO - P1 (Round 10) - Epoch 9/10 | Loss: 0.0318 | Acc: 0.9904 | Val Loss: 0.0348 | Val Acc: 0.9918 | Time: 11.64s
2025-04-18 21:05:40,054 - INFO - P1 (Round 10) - Epoch 10/10 | Loss: 0.0316 | Acc: 0.9905 | Val Loss: 0.0308 | Val Acc: 0.9905 | Time: 11.86s
2025-04-18 21:05:52,373 - INFO - P2 (Round 10) - Epoch 1/10 | Loss: 0.0918 | Acc: 0.9697 | Val Loss: 0.0646 | Val Acc: 0.9774 | Time: 12.32s
2025-04-18 21:06:04,346 - INFO - P2 (Round 10) - Epoch 2/10 | Loss: 0.0645 | Acc: 0.9773 | Val Loss: 0.0630 | Val Acc: 0.9774 | Time: 11.97s
2025-04-18 21:06:15,711 - INFO - P2 (Round 10) - Epoch 3/10 | Loss: 0.0626 | Acc: 0.9778 | Val Loss: 0.0637 | Val Acc: 0.9767 | Time: 11.36s
2025-04-18 21:06:27,388 - INFO - P2 (Round 10) - Epoch 4/10 | Loss: 0.0616 | Acc: 0.9781 | Val Loss: 0.0621 | Val Acc: 0.9778 | Time: 11.68s
2025-04-18 21:06:38,813 - INFO - P2 (Round 10) - Epoch 5/10 | Loss: 0.0612 | Acc: 0.9784 | Val Loss: 0.0610 | Val Acc: 0.9781 | Time: 11.43s
2025-04-18 21:06:50,475 - INFO - P2 (Round 10) - Epoch 6/10 | Loss: 0.0607 | Acc: 0.9784 | Val Loss: 0.0591 | Val Acc: 0.9788 | Time: 11.66s
2025-04-18 21:07:02,940 - INFO - P2 (Round 10) - Epoch 7/10 | Loss: 0.0603 | Acc: 0.9785 | Val Loss: 0.0624 | Val Acc: 0.9764 | Time: 12.46s
2025-04-18 21:07:14,925 - INFO - P2 (Round 10) - Epoch 8/10 | Loss: 0.0601 | Acc: 0.9787 | Val Loss: 0.0601 | Val Acc: 0.9784 | Time: 11.98s
2025-04-18 21:07:26,801 - INFO - P2 (Round 10) - Epoch 9/10 | Loss: 0.0600 | Acc: 0.9787 | Val Loss: 0.0587 | Val Acc: 0.9791 | Time: 11.88s
2025-04-18 21:07:38,761 - INFO - P2 (Round 10) - Epoch 10/10 | Loss: 0.0596 | Acc: 0.9788 | Val Loss: 0.0604 | Val Acc: 0.9786 | Time: 11.96s
2025-04-18 21:07:41,256 - INFO - Round 10 completed in 228.29s
2025-04-18 21:07:41,256 - INFO - Global Model - P1 Test: Loss = 7.2766, Accuracy = 0.2734
2025-04-18 21:07:41,256 - INFO - Global Model - P2 Test: Loss = 2.9679, Accuracy = 0.5860
2025-04-18 21:07:43,706 - INFO - Final Results after 10 rounds:
2025-04-18 21:07:43,706 - INFO - Global Model - P1 Test: Loss = 7.2766, Accuracy = 0.2734
2025-04-18 21:07:43,707 - INFO - Global Model - P2 Test: Loss = 2.9679, Accuracy = 0.5860
2025-04-18 21:07:43,714 - INFO - Experiment 132 results saved to results/suppression_experiments/exp_132_p1f5_p2f9.json
