2025-04-18 17:17:17,266 - INFO - Starting Suppression Experiment 72
2025-04-18 17:17:17,266 - INFO - P1 Features (9/14): ['protocol', 'bidirectional_min_ps', 'bidirectional_mean_ps', 'bidirectional_stddev_ps', 'bidirectional_max_ps', 'src2dst_stddev_ps', 'src2dst_max_ps', 'dst2src_min_ps', 'dst2src_mean_ps']
2025-04-18 17:17:17,266 - INFO - P2 Features (13/14): ['protocol', 'bidirectional_min_ps', 'bidirectional_mean_ps', 'bidirectional_stddev_ps', 'bidirectional_max_ps', 'src2dst_stddev_ps', 'src2dst_max_ps', 'dst2src_min_ps', 'dst2src_mean_ps', 'dst2src_stddev_ps', 'dst2src_max_ps', 'bidirectional_stddev_piat_ms', 'bidirectional_max_piat_ms']
2025-04-18 17:17:30,867 - INFO - P1 (Round 1) - Epoch 1/10 | Loss: 0.1462 | Acc: 0.9550 | Val Loss: 0.0407 | Val Acc: 0.9884 | Time: 13.44s
2025-04-18 17:17:43,853 - INFO - P1 (Round 1) - Epoch 2/10 | Loss: 0.0314 | Acc: 0.9915 | Val Loss: 0.0282 | Val Acc: 0.9922 | Time: 12.99s
2025-04-18 17:17:57,063 - INFO - P1 (Round 1) - Epoch 3/10 | Loss: 0.0256 | Acc: 0.9929 | Val Loss: 0.0245 | Val Acc: 0.9927 | Time: 13.21s
2025-04-18 17:18:10,449 - INFO - P1 (Round 1) - Epoch 4/10 | Loss: 0.0231 | Acc: 0.9933 | Val Loss: 0.0222 | Val Acc: 0.9937 | Time: 13.39s
2025-04-18 17:18:22,818 - INFO - P1 (Round 1) - Epoch 5/10 | Loss: 0.0209 | Acc: 0.9939 | Val Loss: 0.0209 | Val Acc: 0.9943 | Time: 12.37s
2025-04-18 17:18:34,800 - INFO - P1 (Round 1) - Epoch 6/10 | Loss: 0.0192 | Acc: 0.9945 | Val Loss: 0.0184 | Val Acc: 0.9950 | Time: 11.98s
2025-04-18 17:18:46,652 - INFO - P1 (Round 1) - Epoch 7/10 | Loss: 0.0180 | Acc: 0.9949 | Val Loss: 0.0180 | Val Acc: 0.9951 | Time: 11.85s
2025-04-18 17:18:58,445 - INFO - P1 (Round 1) - Epoch 8/10 | Loss: 0.0171 | Acc: 0.9952 | Val Loss: 0.0176 | Val Acc: 0.9951 | Time: 11.79s
2025-04-18 17:19:10,372 - INFO - P1 (Round 1) - Epoch 9/10 | Loss: 0.0164 | Acc: 0.9954 | Val Loss: 0.0165 | Val Acc: 0.9957 | Time: 11.93s
2025-04-18 17:19:23,382 - INFO - P1 (Round 1) - Epoch 10/10 | Loss: 0.0158 | Acc: 0.9956 | Val Loss: 0.0163 | Val Acc: 0.9952 | Time: 13.01s
2025-04-18 17:19:35,029 - INFO - P2 (Round 1) - Epoch 1/10 | Loss: 0.3181 | Acc: 0.8715 | Val Loss: 0.2072 | Val Acc: 0.9198 | Time: 11.65s
2025-04-18 17:19:47,127 - INFO - P2 (Round 1) - Epoch 2/10 | Loss: 0.1829 | Acc: 0.9288 | Val Loss: 0.1599 | Val Acc: 0.9387 | Time: 12.10s
2025-04-18 17:19:58,839 - INFO - P2 (Round 1) - Epoch 3/10 | Loss: 0.1432 | Acc: 0.9474 | Val Loss: 0.1225 | Val Acc: 0.9581 | Time: 11.71s
2025-04-18 17:20:10,914 - INFO - P2 (Round 1) - Epoch 4/10 | Loss: 0.1132 | Acc: 0.9610 | Val Loss: 0.1056 | Val Acc: 0.9630 | Time: 12.08s
2025-04-18 17:20:23,037 - INFO - P2 (Round 1) - Epoch 5/10 | Loss: 0.0992 | Acc: 0.9661 | Val Loss: 0.0922 | Val Acc: 0.9684 | Time: 12.12s
2025-04-18 17:20:35,960 - INFO - P2 (Round 1) - Epoch 6/10 | Loss: 0.0924 | Acc: 0.9682 | Val Loss: 0.0871 | Val Acc: 0.9700 | Time: 12.92s
2025-04-18 17:20:47,706 - INFO - P2 (Round 1) - Epoch 7/10 | Loss: 0.0879 | Acc: 0.9696 | Val Loss: 0.0861 | Val Acc: 0.9720 | Time: 11.75s
2025-04-18 17:20:59,558 - INFO - P2 (Round 1) - Epoch 8/10 | Loss: 0.0846 | Acc: 0.9706 | Val Loss: 0.0814 | Val Acc: 0.9725 | Time: 11.85s
2025-04-18 17:21:11,375 - INFO - P2 (Round 1) - Epoch 9/10 | Loss: 0.0822 | Acc: 0.9714 | Val Loss: 0.0792 | Val Acc: 0.9727 | Time: 11.82s
2025-04-18 17:21:22,970 - INFO - P2 (Round 1) - Epoch 10/10 | Loss: 0.0808 | Acc: 0.9718 | Val Loss: 0.0813 | Val Acc: 0.9725 | Time: 11.59s
2025-04-18 17:21:25,506 - INFO - Round 1 completed in 248.08s
2025-04-18 17:21:25,506 - INFO - Global Model - P1 Test: Loss = 4.5733, Accuracy = 0.3170
2025-04-18 17:21:25,506 - INFO - Global Model - P2 Test: Loss = 10.5812, Accuracy = 0.2673
2025-04-18 17:21:37,894 - INFO - P1 (Round 2) - Epoch 1/10 | Loss: 0.0828 | Acc: 0.9795 | Val Loss: 0.0307 | Val Acc: 0.9914 | Time: 12.39s
2025-04-18 17:21:50,694 - INFO - P1 (Round 2) - Epoch 2/10 | Loss: 0.0257 | Acc: 0.9929 | Val Loss: 0.0229 | Val Acc: 0.9933 | Time: 12.80s
2025-04-18 17:22:02,543 - INFO - P1 (Round 2) - Epoch 3/10 | Loss: 0.0212 | Acc: 0.9939 | Val Loss: 0.0202 | Val Acc: 0.9945 | Time: 11.85s
2025-04-18 17:22:14,312 - INFO - P1 (Round 2) - Epoch 4/10 | Loss: 0.0187 | Acc: 0.9946 | Val Loss: 0.0187 | Val Acc: 0.9949 | Time: 11.77s
2025-04-18 17:22:26,445 - INFO - P1 (Round 2) - Epoch 5/10 | Loss: 0.0170 | Acc: 0.9952 | Val Loss: 0.0167 | Val Acc: 0.9956 | Time: 12.13s
2025-04-18 17:22:38,507 - INFO - P1 (Round 2) - Epoch 6/10 | Loss: 0.0161 | Acc: 0.9955 | Val Loss: 0.0177 | Val Acc: 0.9943 | Time: 12.06s
2025-04-18 17:22:51,472 - INFO - P1 (Round 2) - Epoch 7/10 | Loss: 0.0155 | Acc: 0.9956 | Val Loss: 0.0149 | Val Acc: 0.9958 | Time: 12.96s
2025-04-18 17:23:04,152 - INFO - P1 (Round 2) - Epoch 8/10 | Loss: 0.0151 | Acc: 0.9957 | Val Loss: 0.0158 | Val Acc: 0.9954 | Time: 12.68s
2025-04-18 17:23:16,335 - INFO - P1 (Round 2) - Epoch 9/10 | Loss: 0.0147 | Acc: 0.9958 | Val Loss: 0.0147 | Val Acc: 0.9959 | Time: 12.18s
2025-04-18 17:23:28,754 - INFO - P1 (Round 2) - Epoch 10/10 | Loss: 0.0143 | Acc: 0.9959 | Val Loss: 0.0155 | Val Acc: 0.9949 | Time: 12.42s
2025-04-18 17:23:41,321 - INFO - P2 (Round 2) - Epoch 1/10 | Loss: 0.3130 | Acc: 0.9074 | Val Loss: 0.1224 | Val Acc: 0.9578 | Time: 12.57s
2025-04-18 17:23:53,222 - INFO - P2 (Round 2) - Epoch 2/10 | Loss: 0.0981 | Acc: 0.9688 | Val Loss: 0.0833 | Val Acc: 0.9744 | Time: 11.90s
2025-04-18 17:24:05,754 - INFO - P2 (Round 2) - Epoch 3/10 | Loss: 0.0803 | Acc: 0.9742 | Val Loss: 0.0758 | Val Acc: 0.9750 | Time: 12.53s
2025-04-18 17:24:18,017 - INFO - P2 (Round 2) - Epoch 4/10 | Loss: 0.0740 | Acc: 0.9758 | Val Loss: 0.0706 | Val Acc: 0.9765 | Time: 12.26s
2025-04-18 17:24:30,392 - INFO - P2 (Round 2) - Epoch 5/10 | Loss: 0.0700 | Acc: 0.9768 | Val Loss: 0.0687 | Val Acc: 0.9772 | Time: 12.37s
2025-04-18 17:24:42,399 - INFO - P2 (Round 2) - Epoch 6/10 | Loss: 0.0671 | Acc: 0.9777 | Val Loss: 0.0638 | Val Acc: 0.9785 | Time: 12.01s
2025-04-18 17:24:54,214 - INFO - P2 (Round 2) - Epoch 7/10 | Loss: 0.0654 | Acc: 0.9781 | Val Loss: 0.0642 | Val Acc: 0.9778 | Time: 11.81s
2025-04-18 17:25:06,303 - INFO - P2 (Round 2) - Epoch 8/10 | Loss: 0.0638 | Acc: 0.9785 | Val Loss: 0.0620 | Val Acc: 0.9785 | Time: 12.09s
2025-04-18 17:25:19,634 - INFO - P2 (Round 2) - Epoch 9/10 | Loss: 0.0624 | Acc: 0.9790 | Val Loss: 0.0631 | Val Acc: 0.9787 | Time: 13.33s
2025-04-18 17:25:30,921 - INFO - P2 (Round 2) - Epoch 10/10 | Loss: 0.0612 | Acc: 0.9794 | Val Loss: 0.0599 | Val Acc: 0.9802 | Time: 11.29s
2025-04-18 17:25:33,231 - INFO - Round 2 completed in 247.73s
2025-04-18 17:25:33,232 - INFO - Global Model - P1 Test: Loss = 1.2728, Accuracy = 0.6927
2025-04-18 17:25:33,232 - INFO - Global Model - P2 Test: Loss = 4.3757, Accuracy = 0.3316
2025-04-18 17:25:43,700 - INFO - P1 (Round 3) - Epoch 1/10 | Loss: 0.0422 | Acc: 0.9893 | Val Loss: 0.0247 | Val Acc: 0.9927 | Time: 10.47s
2025-04-18 17:25:54,124 - INFO - P1 (Round 3) - Epoch 2/10 | Loss: 0.0216 | Acc: 0.9935 | Val Loss: 0.0207 | Val Acc: 0.9934 | Time: 10.42s
2025-04-18 17:26:04,616 - INFO - P1 (Round 3) - Epoch 3/10 | Loss: 0.0193 | Acc: 0.9942 | Val Loss: 0.0186 | Val Acc: 0.9946 | Time: 10.49s
2025-04-18 17:26:14,878 - INFO - P1 (Round 3) - Epoch 4/10 | Loss: 0.0183 | Acc: 0.9946 | Val Loss: 0.0182 | Val Acc: 0.9949 | Time: 10.26s
2025-04-18 17:26:26,487 - INFO - P1 (Round 3) - Epoch 5/10 | Loss: 0.0176 | Acc: 0.9948 | Val Loss: 0.0175 | Val Acc: 0.9947 | Time: 11.61s
2025-04-18 17:26:37,301 - INFO - P1 (Round 3) - Epoch 6/10 | Loss: 0.0171 | Acc: 0.9949 | Val Loss: 0.0169 | Val Acc: 0.9948 | Time: 10.81s
2025-04-18 17:26:47,634 - INFO - P1 (Round 3) - Epoch 7/10 | Loss: 0.0168 | Acc: 0.9951 | Val Loss: 0.0168 | Val Acc: 0.9952 | Time: 10.33s
2025-04-18 17:26:58,144 - INFO - P1 (Round 3) - Epoch 8/10 | Loss: 0.0165 | Acc: 0.9953 | Val Loss: 0.0168 | Val Acc: 0.9950 | Time: 10.51s
2025-04-18 17:27:08,567 - INFO - P1 (Round 3) - Epoch 9/10 | Loss: 0.0163 | Acc: 0.9953 | Val Loss: 0.0168 | Val Acc: 0.9948 | Time: 10.42s
2025-04-18 17:27:19,281 - INFO - P1 (Round 3) - Epoch 10/10 | Loss: 0.0161 | Acc: 0.9954 | Val Loss: 0.0168 | Val Acc: 0.9951 | Time: 10.71s
2025-04-18 17:27:29,536 - INFO - P2 (Round 3) - Epoch 1/10 | Loss: 0.1438 | Acc: 0.9564 | Val Loss: 0.0811 | Val Acc: 0.9740 | Time: 10.25s
2025-04-18 17:27:41,330 - INFO - P2 (Round 3) - Epoch 2/10 | Loss: 0.0755 | Acc: 0.9748 | Val Loss: 0.0707 | Val Acc: 0.9776 | Time: 11.79s
2025-04-18 17:27:51,548 - INFO - P2 (Round 3) - Epoch 3/10 | Loss: 0.0680 | Acc: 0.9771 | Val Loss: 0.0653 | Val Acc: 0.9787 | Time: 10.22s
2025-04-18 17:28:02,109 - INFO - P2 (Round 3) - Epoch 4/10 | Loss: 0.0642 | Acc: 0.9783 | Val Loss: 0.0626 | Val Acc: 0.9794 | Time: 10.56s
2025-04-18 17:28:12,187 - INFO - P2 (Round 3) - Epoch 5/10 | Loss: 0.0619 | Acc: 0.9791 | Val Loss: 0.0607 | Val Acc: 0.9796 | Time: 10.08s
2025-04-18 17:28:22,327 - INFO - P2 (Round 3) - Epoch 6/10 | Loss: 0.0602 | Acc: 0.9798 | Val Loss: 0.0613 | Val Acc: 0.9802 | Time: 10.14s
2025-04-18 17:28:33,238 - INFO - P2 (Round 3) - Epoch 7/10 | Loss: 0.0588 | Acc: 0.9803 | Val Loss: 0.0571 | Val Acc: 0.9816 | Time: 10.91s
2025-04-18 17:28:43,310 - INFO - P2 (Round 3) - Epoch 8/10 | Loss: 0.0578 | Acc: 0.9805 | Val Loss: 0.0566 | Val Acc: 0.9817 | Time: 10.07s
2025-04-18 17:28:55,263 - INFO - P2 (Round 3) - Epoch 9/10 | Loss: 0.0569 | Acc: 0.9808 | Val Loss: 0.0573 | Val Acc: 0.9803 | Time: 11.95s
2025-04-18 17:29:05,666 - INFO - P2 (Round 3) - Epoch 10/10 | Loss: 0.0559 | Acc: 0.9811 | Val Loss: 0.0548 | Val Acc: 0.9814 | Time: 10.40s
2025-04-18 17:29:08,105 - INFO - Round 3 completed in 214.87s
2025-04-18 17:29:08,105 - INFO - Global Model - P1 Test: Loss = 1.5192, Accuracy = 0.6999
2025-04-18 17:29:08,105 - INFO - Global Model - P2 Test: Loss = 3.2075, Accuracy = 0.4585
2025-04-18 17:29:18,439 - INFO - P1 (Round 4) - Epoch 1/10 | Loss: 0.0326 | Acc: 0.9916 | Val Loss: 0.0222 | Val Acc: 0.9934 | Time: 10.33s
2025-04-18 17:29:28,530 - INFO - P1 (Round 4) - Epoch 2/10 | Loss: 0.0196 | Acc: 0.9944 | Val Loss: 0.0200 | Val Acc: 0.9939 | Time: 10.09s
2025-04-18 17:29:38,764 - INFO - P1 (Round 4) - Epoch 3/10 | Loss: 0.0177 | Acc: 0.9949 | Val Loss: 0.0178 | Val Acc: 0.9948 | Time: 10.23s
2025-04-18 17:29:48,860 - INFO - P1 (Round 4) - Epoch 4/10 | Loss: 0.0168 | Acc: 0.9952 | Val Loss: 0.0165 | Val Acc: 0.9949 | Time: 10.10s
2025-04-18 17:30:00,649 - INFO - P1 (Round 4) - Epoch 5/10 | Loss: 0.0162 | Acc: 0.9953 | Val Loss: 0.0159 | Val Acc: 0.9955 | Time: 11.79s
2025-04-18 17:30:13,516 - INFO - P1 (Round 4) - Epoch 6/10 | Loss: 0.0158 | Acc: 0.9955 | Val Loss: 0.0157 | Val Acc: 0.9952 | Time: 12.87s
2025-04-18 17:30:25,839 - INFO - P1 (Round 4) - Epoch 7/10 | Loss: 0.0155 | Acc: 0.9955 | Val Loss: 0.0155 | Val Acc: 0.9955 | Time: 12.32s
2025-04-18 17:30:38,295 - INFO - P1 (Round 4) - Epoch 8/10 | Loss: 0.0152 | Acc: 0.9957 | Val Loss: 0.0147 | Val Acc: 0.9958 | Time: 12.46s
2025-04-18 17:30:49,937 - INFO - P1 (Round 4) - Epoch 9/10 | Loss: 0.0150 | Acc: 0.9957 | Val Loss: 0.0157 | Val Acc: 0.9952 | Time: 11.64s
2025-04-18 17:31:01,855 - INFO - P1 (Round 4) - Epoch 10/10 | Loss: 0.0148 | Acc: 0.9958 | Val Loss: 0.0151 | Val Acc: 0.9959 | Time: 11.92s
2025-04-18 17:31:15,735 - INFO - P2 (Round 4) - Epoch 1/10 | Loss: 0.1039 | Acc: 0.9663 | Val Loss: 0.0715 | Val Acc: 0.9762 | Time: 13.88s
2025-04-18 17:31:26,525 - INFO - P2 (Round 4) - Epoch 2/10 | Loss: 0.0687 | Acc: 0.9768 | Val Loss: 0.0716 | Val Acc: 0.9774 | Time: 10.79s
2025-04-18 17:31:36,328 - INFO - P2 (Round 4) - Epoch 3/10 | Loss: 0.0645 | Acc: 0.9780 | Val Loss: 0.0624 | Val Acc: 0.9787 | Time: 9.80s
2025-04-18 17:31:46,425 - INFO - P2 (Round 4) - Epoch 4/10 | Loss: 0.0627 | Acc: 0.9784 | Val Loss: 0.0621 | Val Acc: 0.9788 | Time: 10.10s
2025-04-18 17:31:56,603 - INFO - P2 (Round 4) - Epoch 5/10 | Loss: 0.0614 | Acc: 0.9787 | Val Loss: 0.0609 | Val Acc: 0.9789 | Time: 10.18s
2025-04-18 17:32:06,531 - INFO - P2 (Round 4) - Epoch 6/10 | Loss: 0.0602 | Acc: 0.9791 | Val Loss: 0.0601 | Val Acc: 0.9795 | Time: 9.93s
2025-04-18 17:32:16,364 - INFO - P2 (Round 4) - Epoch 7/10 | Loss: 0.0592 | Acc: 0.9795 | Val Loss: 0.0588 | Val Acc: 0.9800 | Time: 9.83s
2025-04-18 17:32:28,842 - INFO - P2 (Round 4) - Epoch 8/10 | Loss: 0.0585 | Acc: 0.9795 | Val Loss: 0.0590 | Val Acc: 0.9789 | Time: 12.48s
2025-04-18 17:32:40,669 - INFO - P2 (Round 4) - Epoch 9/10 | Loss: 0.0578 | Acc: 0.9799 | Val Loss: 0.0586 | Val Acc: 0.9803 | Time: 11.83s
2025-04-18 17:32:51,959 - INFO - P2 (Round 4) - Epoch 10/10 | Loss: 0.0575 | Acc: 0.9800 | Val Loss: 0.0611 | Val Acc: 0.9798 | Time: 11.29s
2025-04-18 17:32:54,103 - INFO - Round 4 completed in 226.00s
2025-04-18 17:32:54,104 - INFO - Global Model - P1 Test: Loss = 2.2291, Accuracy = 0.7321
2025-04-18 17:32:54,104 - INFO - Global Model - P2 Test: Loss = 3.3872, Accuracy = 0.4821
2025-04-18 17:33:04,013 - INFO - P1 (Round 5) - Epoch 1/10 | Loss: 0.0315 | Acc: 0.9919 | Val Loss: 0.0188 | Val Acc: 0.9946 | Time: 9.91s
2025-04-18 17:33:14,120 - INFO - P1 (Round 5) - Epoch 2/10 | Loss: 0.0177 | Acc: 0.9949 | Val Loss: 0.0171 | Val Acc: 0.9954 | Time: 10.11s
2025-04-18 17:33:24,368 - INFO - P1 (Round 5) - Epoch 3/10 | Loss: 0.0163 | Acc: 0.9953 | Val Loss: 0.0160 | Val Acc: 0.9954 | Time: 10.25s
2025-04-18 17:33:35,875 - INFO - P1 (Round 5) - Epoch 4/10 | Loss: 0.0158 | Acc: 0.9955 | Val Loss: 0.0166 | Val Acc: 0.9956 | Time: 11.51s
2025-04-18 17:33:46,373 - INFO - P1 (Round 5) - Epoch 5/10 | Loss: 0.0154 | Acc: 0.9955 | Val Loss: 0.0157 | Val Acc: 0.9954 | Time: 10.50s
2025-04-18 17:33:56,347 - INFO - P1 (Round 5) - Epoch 6/10 | Loss: 0.0149 | Acc: 0.9957 | Val Loss: 0.0149 | Val Acc: 0.9955 | Time: 9.97s
2025-04-18 17:34:06,474 - INFO - P1 (Round 5) - Epoch 7/10 | Loss: 0.0147 | Acc: 0.9958 | Val Loss: 0.0146 | Val Acc: 0.9959 | Time: 10.13s
2025-04-18 17:34:16,565 - INFO - P1 (Round 5) - Epoch 8/10 | Loss: 0.0143 | Acc: 0.9959 | Val Loss: 0.0146 | Val Acc: 0.9958 | Time: 10.09s
2025-04-18 17:34:26,651 - INFO - P1 (Round 5) - Epoch 9/10 | Loss: 0.0140 | Acc: 0.9960 | Val Loss: 0.0155 | Val Acc: 0.9954 | Time: 10.09s
2025-04-18 17:34:37,131 - INFO - P1 (Round 5) - Epoch 10/10 | Loss: 0.0139 | Acc: 0.9960 | Val Loss: 0.0145 | Val Acc: 0.9961 | Time: 10.48s
2025-04-18 17:34:48,494 - INFO - P2 (Round 5) - Epoch 1/10 | Loss: 0.0948 | Acc: 0.9685 | Val Loss: 0.0666 | Val Acc: 0.9778 | Time: 11.36s
2025-04-18 17:34:58,640 - INFO - P2 (Round 5) - Epoch 2/10 | Loss: 0.0644 | Acc: 0.9778 | Val Loss: 0.0645 | Val Acc: 0.9773 | Time: 10.15s
2025-04-18 17:35:08,532 - INFO - P2 (Round 5) - Epoch 3/10 | Loss: 0.0618 | Acc: 0.9785 | Val Loss: 0.0616 | Val Acc: 0.9780 | Time: 9.89s
2025-04-18 17:35:18,606 - INFO - P2 (Round 5) - Epoch 4/10 | Loss: 0.0607 | Acc: 0.9789 | Val Loss: 0.0597 | Val Acc: 0.9796 | Time: 10.07s
2025-04-18 17:35:28,488 - INFO - P2 (Round 5) - Epoch 5/10 | Loss: 0.0599 | Acc: 0.9793 | Val Loss: 0.0604 | Val Acc: 0.9784 | Time: 9.88s
2025-04-18 17:35:38,238 - INFO - P2 (Round 5) - Epoch 6/10 | Loss: 0.0593 | Acc: 0.9795 | Val Loss: 0.0598 | Val Acc: 0.9802 | Time: 9.75s
2025-04-18 17:35:48,208 - INFO - P2 (Round 5) - Epoch 7/10 | Loss: 0.0586 | Acc: 0.9797 | Val Loss: 0.0589 | Val Acc: 0.9798 | Time: 9.97s
2025-04-18 17:35:59,644 - INFO - P2 (Round 5) - Epoch 8/10 | Loss: 0.0580 | Acc: 0.9799 | Val Loss: 0.0599 | Val Acc: 0.9802 | Time: 11.44s
2025-04-18 17:36:09,809 - INFO - P2 (Round 5) - Epoch 9/10 | Loss: 0.0574 | Acc: 0.9800 | Val Loss: 0.0554 | Val Acc: 0.9807 | Time: 10.16s
2025-04-18 17:36:19,616 - INFO - P2 (Round 5) - Epoch 10/10 | Loss: 0.0568 | Acc: 0.9803 | Val Loss: 0.0571 | Val Acc: 0.9805 | Time: 9.81s
2025-04-18 17:36:21,909 - INFO - Round 5 completed in 207.81s
2025-04-18 17:36:21,909 - INFO - Global Model - P1 Test: Loss = 1.4602, Accuracy = 0.6942
2025-04-18 17:36:21,909 - INFO - Global Model - P2 Test: Loss = 3.1406, Accuracy = 0.4296
2025-04-18 17:36:31,998 - INFO - P1 (Round 6) - Epoch 1/10 | Loss: 0.0316 | Acc: 0.9919 | Val Loss: 0.0198 | Val Acc: 0.9942 | Time: 10.09s
2025-04-18 17:36:42,229 - INFO - P1 (Round 6) - Epoch 2/10 | Loss: 0.0181 | Acc: 0.9946 | Val Loss: 0.0172 | Val Acc: 0.9950 | Time: 10.23s
2025-04-18 17:36:52,394 - INFO - P1 (Round 6) - Epoch 3/10 | Loss: 0.0167 | Acc: 0.9951 | Val Loss: 0.0170 | Val Acc: 0.9948 | Time: 10.16s
2025-04-18 17:37:06,808 - INFO - P1 (Round 6) - Epoch 4/10 | Loss: 0.0158 | Acc: 0.9954 | Val Loss: 0.0163 | Val Acc: 0.9955 | Time: 14.41s
2025-04-18 17:37:20,791 - INFO - P1 (Round 6) - Epoch 5/10 | Loss: 0.0152 | Acc: 0.9957 | Val Loss: 0.0158 | Val Acc: 0.9957 | Time: 13.98s
2025-04-18 17:37:33,035 - INFO - P1 (Round 6) - Epoch 6/10 | Loss: 0.0148 | Acc: 0.9958 | Val Loss: 0.0153 | Val Acc: 0.9958 | Time: 12.24s
2025-04-18 17:37:45,158 - INFO - P1 (Round 6) - Epoch 7/10 | Loss: 0.0144 | Acc: 0.9959 | Val Loss: 0.0155 | Val Acc: 0.9956 | Time: 12.12s
2025-04-18 17:37:56,902 - INFO - P1 (Round 6) - Epoch 8/10 | Loss: 0.0141 | Acc: 0.9960 | Val Loss: 0.0149 | Val Acc: 0.9959 | Time: 11.74s
2025-04-18 17:38:08,897 - INFO - P1 (Round 6) - Epoch 9/10 | Loss: 0.0139 | Acc: 0.9961 | Val Loss: 0.0143 | Val Acc: 0.9961 | Time: 12.00s
2025-04-18 17:38:21,507 - INFO - P1 (Round 6) - Epoch 10/10 | Loss: 0.0136 | Acc: 0.9962 | Val Loss: 0.0146 | Val Acc: 0.9961 | Time: 12.61s
2025-04-18 17:38:33,704 - INFO - P2 (Round 6) - Epoch 1/10 | Loss: 0.1110 | Acc: 0.9620 | Val Loss: 0.0645 | Val Acc: 0.9776 | Time: 12.20s
2025-04-18 17:38:45,413 - INFO - P2 (Round 6) - Epoch 2/10 | Loss: 0.0634 | Acc: 0.9779 | Val Loss: 0.0617 | Val Acc: 0.9781 | Time: 11.71s
2025-04-18 17:38:57,169 - INFO - P2 (Round 6) - Epoch 3/10 | Loss: 0.0611 | Acc: 0.9786 | Val Loss: 0.0595 | Val Acc: 0.9785 | Time: 11.76s
2025-04-18 17:39:08,886 - INFO - P2 (Round 6) - Epoch 4/10 | Loss: 0.0597 | Acc: 0.9791 | Val Loss: 0.0613 | Val Acc: 0.9796 | Time: 11.72s
2025-04-18 17:39:20,522 - INFO - P2 (Round 6) - Epoch 5/10 | Loss: 0.0586 | Acc: 0.9796 | Val Loss: 0.0575 | Val Acc: 0.9794 | Time: 11.64s
2025-04-18 17:39:32,990 - INFO - P2 (Round 6) - Epoch 6/10 | Loss: 0.0579 | Acc: 0.9799 | Val Loss: 0.0574 | Val Acc: 0.9799 | Time: 12.47s
2025-04-18 17:39:45,323 - INFO - P2 (Round 6) - Epoch 7/10 | Loss: 0.0576 | Acc: 0.9801 | Val Loss: 0.0574 | Val Acc: 0.9802 | Time: 12.33s
2025-04-18 17:39:57,148 - INFO - P2 (Round 6) - Epoch 8/10 | Loss: 0.0571 | Acc: 0.9803 | Val Loss: 0.0575 | Val Acc: 0.9804 | Time: 11.82s
2025-04-18 17:40:08,564 - INFO - P2 (Round 6) - Epoch 9/10 | Loss: 0.0567 | Acc: 0.9805 | Val Loss: 0.0562 | Val Acc: 0.9805 | Time: 11.42s
2025-04-18 17:40:20,229 - INFO - P2 (Round 6) - Epoch 10/10 | Loss: 0.0565 | Acc: 0.9806 | Val Loss: 0.0568 | Val Acc: 0.9803 | Time: 11.66s
2025-04-18 17:40:22,768 - INFO - Round 6 completed in 240.86s
2025-04-18 17:40:22,769 - INFO - Global Model - P1 Test: Loss = 1.4855, Accuracy = 0.6748
2025-04-18 17:40:22,769 - INFO - Global Model - P2 Test: Loss = 3.8841, Accuracy = 0.4028
2025-04-18 17:40:34,536 - INFO - P1 (Round 7) - Epoch 1/10 | Loss: 0.0293 | Acc: 0.9927 | Val Loss: 0.0175 | Val Acc: 0.9949 | Time: 11.77s
2025-04-18 17:40:47,585 - INFO - P1 (Round 7) - Epoch 2/10 | Loss: 0.0164 | Acc: 0.9953 | Val Loss: 0.0173 | Val Acc: 0.9950 | Time: 13.05s
2025-04-18 17:40:59,604 - INFO - P1 (Round 7) - Epoch 3/10 | Loss: 0.0151 | Acc: 0.9957 | Val Loss: 0.0154 | Val Acc: 0.9957 | Time: 12.02s
2025-04-18 17:41:11,800 - INFO - P1 (Round 7) - Epoch 4/10 | Loss: 0.0144 | Acc: 0.9959 | Val Loss: 0.0144 | Val Acc: 0.9960 | Time: 12.20s
2025-04-18 17:41:23,967 - INFO - P1 (Round 7) - Epoch 5/10 | Loss: 0.0140 | Acc: 0.9961 | Val Loss: 0.0156 | Val Acc: 0.9952 | Time: 12.17s
2025-04-18 17:41:35,892 - INFO - P1 (Round 7) - Epoch 6/10 | Loss: 0.0139 | Acc: 0.9961 | Val Loss: 0.0166 | Val Acc: 0.9953 | Time: 11.93s
2025-04-18 17:41:48,271 - INFO - P1 (Round 7) - Epoch 7/10 | Loss: 0.0136 | Acc: 0.9963 | Val Loss: 0.0142 | Val Acc: 0.9962 | Time: 12.38s
2025-04-18 17:42:01,298 - INFO - P1 (Round 7) - Epoch 8/10 | Loss: 0.0134 | Acc: 0.9963 | Val Loss: 0.0135 | Val Acc: 0.9965 | Time: 13.03s
2025-04-18 17:42:13,339 - INFO - P1 (Round 7) - Epoch 9/10 | Loss: 0.0131 | Acc: 0.9964 | Val Loss: 0.0132 | Val Acc: 0.9964 | Time: 12.04s
2025-04-18 17:42:25,201 - INFO - P1 (Round 7) - Epoch 10/10 | Loss: 0.0128 | Acc: 0.9965 | Val Loss: 0.0129 | Val Acc: 0.9965 | Time: 11.86s
2025-04-18 17:42:37,207 - INFO - P2 (Round 7) - Epoch 1/10 | Loss: 0.1141 | Acc: 0.9611 | Val Loss: 0.0808 | Val Acc: 0.9713 | Time: 12.01s
2025-04-18 17:42:48,825 - INFO - P2 (Round 7) - Epoch 2/10 | Loss: 0.0742 | Acc: 0.9736 | Val Loss: 0.0631 | Val Acc: 0.9777 | Time: 11.62s
2025-04-18 17:43:00,886 - INFO - P2 (Round 7) - Epoch 3/10 | Loss: 0.0632 | Acc: 0.9782 | Val Loss: 0.0603 | Val Acc: 0.9790 | Time: 12.06s
2025-04-18 17:43:13,636 - INFO - P2 (Round 7) - Epoch 4/10 | Loss: 0.0615 | Acc: 0.9786 | Val Loss: 0.0597 | Val Acc: 0.9790 | Time: 12.75s
2025-04-18 17:43:23,610 - INFO - P2 (Round 7) - Epoch 5/10 | Loss: 0.0601 | Acc: 0.9790 | Val Loss: 0.0585 | Val Acc: 0.9801 | Time: 9.97s
2025-04-18 17:43:33,482 - INFO - P2 (Round 7) - Epoch 6/10 | Loss: 0.0592 | Acc: 0.9794 | Val Loss: 0.0580 | Val Acc: 0.9788 | Time: 9.87s
2025-04-18 17:43:43,293 - INFO - P2 (Round 7) - Epoch 7/10 | Loss: 0.0586 | Acc: 0.9796 | Val Loss: 0.0581 | Val Acc: 0.9793 | Time: 9.81s
2025-04-18 17:43:53,584 - INFO - P2 (Round 7) - Epoch 8/10 | Loss: 0.0580 | Acc: 0.9798 | Val Loss: 0.0579 | Val Acc: 0.9788 | Time: 10.29s
2025-04-18 17:44:03,481 - INFO - P2 (Round 7) - Epoch 9/10 | Loss: 0.0576 | Acc: 0.9800 | Val Loss: 0.0554 | Val Acc: 0.9804 | Time: 9.90s
2025-04-18 17:44:13,710 - INFO - P2 (Round 7) - Epoch 10/10 | Loss: 0.0573 | Acc: 0.9800 | Val Loss: 0.0617 | Val Acc: 0.9773 | Time: 10.23s
2025-04-18 17:44:16,442 - INFO - Round 7 completed in 233.67s
2025-04-18 17:44:16,442 - INFO - Global Model - P1 Test: Loss = 1.3426, Accuracy = 0.6991
2025-04-18 17:44:16,442 - INFO - Global Model - P2 Test: Loss = 4.6440, Accuracy = 0.4370
2025-04-18 17:44:27,478 - INFO - P1 (Round 8) - Epoch 1/10 | Loss: 0.0286 | Acc: 0.9934 | Val Loss: 0.0170 | Val Acc: 0.9952 | Time: 11.04s
2025-04-18 17:44:37,507 - INFO - P1 (Round 8) - Epoch 2/10 | Loss: 0.0155 | Acc: 0.9956 | Val Loss: 0.0153 | Val Acc: 0.9960 | Time: 10.03s
2025-04-18 17:44:47,602 - INFO - P1 (Round 8) - Epoch 3/10 | Loss: 0.0144 | Acc: 0.9961 | Val Loss: 0.0147 | Val Acc: 0.9959 | Time: 10.09s
2025-04-18 17:44:57,683 - INFO - P1 (Round 8) - Epoch 4/10 | Loss: 0.0140 | Acc: 0.9962 | Val Loss: 0.0139 | Val Acc: 0.9963 | Time: 10.08s
2025-04-18 17:45:07,791 - INFO - P1 (Round 8) - Epoch 5/10 | Loss: 0.0135 | Acc: 0.9963 | Val Loss: 0.0154 | Val Acc: 0.9957 | Time: 10.11s
2025-04-18 17:45:17,905 - INFO - P1 (Round 8) - Epoch 6/10 | Loss: 0.0133 | Acc: 0.9964 | Val Loss: 0.0141 | Val Acc: 0.9963 | Time: 10.11s
2025-04-18 17:45:29,025 - INFO - P1 (Round 8) - Epoch 7/10 | Loss: 0.0131 | Acc: 0.9965 | Val Loss: 0.0133 | Val Acc: 0.9966 | Time: 11.12s
2025-04-18 17:45:40,041 - INFO - P1 (Round 8) - Epoch 8/10 | Loss: 0.0129 | Acc: 0.9965 | Val Loss: 0.0133 | Val Acc: 0.9965 | Time: 11.02s
2025-04-18 17:45:49,813 - INFO - P1 (Round 8) - Epoch 9/10 | Loss: 0.0126 | Acc: 0.9966 | Val Loss: 0.0133 | Val Acc: 0.9965 | Time: 9.77s
2025-04-18 17:45:59,691 - INFO - P1 (Round 8) - Epoch 10/10 | Loss: 0.0123 | Acc: 0.9967 | Val Loss: 0.0124 | Val Acc: 0.9968 | Time: 9.88s
2025-04-18 17:46:09,648 - INFO - P2 (Round 8) - Epoch 1/10 | Loss: 0.1092 | Acc: 0.9629 | Val Loss: 0.0740 | Val Acc: 0.9721 | Time: 9.96s
2025-04-18 17:46:19,657 - INFO - P2 (Round 8) - Epoch 2/10 | Loss: 0.0740 | Acc: 0.9729 | Val Loss: 0.0713 | Val Acc: 0.9737 | Time: 10.01s
2025-04-18 17:46:29,528 - INFO - P2 (Round 8) - Epoch 3/10 | Loss: 0.0660 | Acc: 0.9765 | Val Loss: 0.0605 | Val Acc: 0.9779 | Time: 9.87s
2025-04-18 17:46:40,522 - INFO - P2 (Round 8) - Epoch 4/10 | Loss: 0.0595 | Acc: 0.9793 | Val Loss: 0.0656 | Val Acc: 0.9777 | Time: 10.99s
2025-04-18 17:46:50,936 - INFO - P2 (Round 8) - Epoch 5/10 | Loss: 0.0583 | Acc: 0.9797 | Val Loss: 0.0569 | Val Acc: 0.9803 | Time: 10.41s
2025-04-18 17:47:00,538 - INFO - P2 (Round 8) - Epoch 6/10 | Loss: 0.0579 | Acc: 0.9798 | Val Loss: 0.0579 | Val Acc: 0.9786 | Time: 9.60s
2025-04-18 17:47:10,270 - INFO - P2 (Round 8) - Epoch 7/10 | Loss: 0.0573 | Acc: 0.9800 | Val Loss: 0.0559 | Val Acc: 0.9809 | Time: 9.73s
2025-04-18 17:47:20,440 - INFO - P2 (Round 8) - Epoch 8/10 | Loss: 0.0570 | Acc: 0.9802 | Val Loss: 0.0546 | Val Acc: 0.9809 | Time: 10.17s
2025-04-18 17:47:30,336 - INFO - P2 (Round 8) - Epoch 9/10 | Loss: 0.0565 | Acc: 0.9803 | Val Loss: 0.0588 | Val Acc: 0.9799 | Time: 9.90s
2025-04-18 17:47:41,936 - INFO - P2 (Round 8) - Epoch 10/10 | Loss: 0.0564 | Acc: 0.9804 | Val Loss: 0.0551 | Val Acc: 0.9813 | Time: 11.60s
2025-04-18 17:47:44,371 - INFO - Round 8 completed in 207.93s
2025-04-18 17:47:44,371 - INFO - Global Model - P1 Test: Loss = 1.9491, Accuracy = 0.6312
2025-04-18 17:47:44,371 - INFO - Global Model - P2 Test: Loss = 4.9616, Accuracy = 0.4286
2025-04-18 17:47:57,382 - INFO - P1 (Round 9) - Epoch 1/10 | Loss: 0.0354 | Acc: 0.9930 | Val Loss: 0.0170 | Val Acc: 0.9957 | Time: 13.01s
2025-04-18 17:48:09,388 - INFO - P1 (Round 9) - Epoch 2/10 | Loss: 0.0147 | Acc: 0.9960 | Val Loss: 0.0138 | Val Acc: 0.9962 | Time: 12.01s
2025-04-18 17:48:21,382 - INFO - P1 (Round 9) - Epoch 3/10 | Loss: 0.0133 | Acc: 0.9964 | Val Loss: 0.0130 | Val Acc: 0.9966 | Time: 11.99s
2025-04-18 17:48:33,481 - INFO - P1 (Round 9) - Epoch 4/10 | Loss: 0.0125 | Acc: 0.9966 | Val Loss: 0.0143 | Val Acc: 0.9963 | Time: 12.10s
2025-04-18 17:48:45,304 - INFO - P1 (Round 9) - Epoch 5/10 | Loss: 0.0122 | Acc: 0.9967 | Val Loss: 0.0123 | Val Acc: 0.9968 | Time: 11.82s
2025-04-18 17:48:57,243 - INFO - P1 (Round 9) - Epoch 6/10 | Loss: 0.0119 | Acc: 0.9968 | Val Loss: 0.0119 | Val Acc: 0.9968 | Time: 11.94s
2025-04-18 17:49:10,392 - INFO - P1 (Round 9) - Epoch 7/10 | Loss: 0.0116 | Acc: 0.9968 | Val Loss: 0.0121 | Val Acc: 0.9968 | Time: 13.15s
2025-04-18 17:49:22,216 - INFO - P1 (Round 9) - Epoch 8/10 | Loss: 0.0115 | Acc: 0.9969 | Val Loss: 0.0121 | Val Acc: 0.9967 | Time: 11.82s
2025-04-18 17:49:34,355 - INFO - P1 (Round 9) - Epoch 9/10 | Loss: 0.0114 | Acc: 0.9969 | Val Loss: 0.0116 | Val Acc: 0.9969 | Time: 12.14s
2025-04-18 17:49:46,654 - INFO - P1 (Round 9) - Epoch 10/10 | Loss: 0.0111 | Acc: 0.9970 | Val Loss: 0.0127 | Val Acc: 0.9967 | Time: 12.30s
2025-04-18 17:49:58,576 - INFO - P2 (Round 9) - Epoch 1/10 | Loss: 0.1079 | Acc: 0.9635 | Val Loss: 0.0756 | Val Acc: 0.9714 | Time: 11.92s
2025-04-18 17:50:10,295 - INFO - P2 (Round 9) - Epoch 2/10 | Loss: 0.0686 | Acc: 0.9754 | Val Loss: 0.0594 | Val Acc: 0.9789 | Time: 11.72s
2025-04-18 17:50:23,216 - INFO - P2 (Round 9) - Epoch 3/10 | Loss: 0.0589 | Acc: 0.9795 | Val Loss: 0.0578 | Val Acc: 0.9793 | Time: 12.92s
2025-04-18 17:50:35,227 - INFO - P2 (Round 9) - Epoch 4/10 | Loss: 0.0578 | Acc: 0.9799 | Val Loss: 0.0551 | Val Acc: 0.9802 | Time: 12.01s
2025-04-18 17:50:47,244 - INFO - P2 (Round 9) - Epoch 5/10 | Loss: 0.0571 | Acc: 0.9800 | Val Loss: 0.0565 | Val Acc: 0.9806 | Time: 12.02s
2025-04-18 17:50:58,922 - INFO - P2 (Round 9) - Epoch 6/10 | Loss: 0.0568 | Acc: 0.9802 | Val Loss: 0.0550 | Val Acc: 0.9806 | Time: 11.68s
2025-04-18 17:51:10,849 - INFO - P2 (Round 9) - Epoch 7/10 | Loss: 0.0562 | Acc: 0.9803 | Val Loss: 0.0551 | Val Acc: 0.9809 | Time: 11.93s
2025-04-18 17:51:22,964 - INFO - P2 (Round 9) - Epoch 8/10 | Loss: 0.0560 | Acc: 0.9805 | Val Loss: 0.0573 | Val Acc: 0.9804 | Time: 12.11s
2025-04-18 17:51:35,623 - INFO - P2 (Round 9) - Epoch 9/10 | Loss: 0.0557 | Acc: 0.9804 | Val Loss: 0.0542 | Val Acc: 0.9805 | Time: 12.66s
2025-04-18 17:51:47,469 - INFO - P2 (Round 9) - Epoch 10/10 | Loss: 0.0555 | Acc: 0.9806 | Val Loss: 0.0535 | Val Acc: 0.9811 | Time: 11.85s
2025-04-18 17:51:49,962 - INFO - Round 9 completed in 245.59s
2025-04-18 17:51:49,962 - INFO - Global Model - P1 Test: Loss = 2.0361, Accuracy = 0.6773
2025-04-18 17:51:49,962 - INFO - Global Model - P2 Test: Loss = 2.3768, Accuracy = 0.5864
2025-04-18 17:52:01,916 - INFO - P1 (Round 10) - Epoch 1/10 | Loss: 0.0348 | Acc: 0.9934 | Val Loss: 0.0175 | Val Acc: 0.9956 | Time: 11.95s
2025-04-18 17:52:14,209 - INFO - P1 (Round 10) - Epoch 2/10 | Loss: 0.0148 | Acc: 0.9961 | Val Loss: 0.0137 | Val Acc: 0.9964 | Time: 12.29s
2025-04-18 17:52:29,314 - INFO - P1 (Round 10) - Epoch 3/10 | Loss: 0.0129 | Acc: 0.9965 | Val Loss: 0.0124 | Val Acc: 0.9967 | Time: 15.10s
2025-04-18 17:52:43,561 - INFO - P1 (Round 10) - Epoch 4/10 | Loss: 0.0121 | Acc: 0.9967 | Val Loss: 0.0125 | Val Acc: 0.9966 | Time: 14.25s
2025-04-18 17:52:56,832 - INFO - P1 (Round 10) - Epoch 5/10 | Loss: 0.0117 | Acc: 0.9968 | Val Loss: 0.0124 | Val Acc: 0.9967 | Time: 13.27s
2025-04-18 17:53:07,521 - INFO - P1 (Round 10) - Epoch 6/10 | Loss: 0.0115 | Acc: 0.9969 | Val Loss: 0.0121 | Val Acc: 0.9966 | Time: 10.69s
2025-04-18 17:53:17,769 - INFO - P1 (Round 10) - Epoch 7/10 | Loss: 0.0114 | Acc: 0.9969 | Val Loss: 0.0115 | Val Acc: 0.9968 | Time: 10.25s
2025-04-18 17:53:28,138 - INFO - P1 (Round 10) - Epoch 8/10 | Loss: 0.0112 | Acc: 0.9970 | Val Loss: 0.0116 | Val Acc: 0.9969 | Time: 10.37s
2025-04-18 17:53:38,170 - INFO - P1 (Round 10) - Epoch 9/10 | Loss: 0.0110 | Acc: 0.9971 | Val Loss: 0.0112 | Val Acc: 0.9970 | Time: 10.03s
2025-04-18 17:53:49,631 - INFO - P1 (Round 10) - Epoch 10/10 | Loss: 0.0109 | Acc: 0.9971 | Val Loss: 0.0113 | Val Acc: 0.9970 | Time: 11.46s
2025-04-18 17:53:59,985 - INFO - P2 (Round 10) - Epoch 1/10 | Loss: 0.0960 | Acc: 0.9661 | Val Loss: 0.0752 | Val Acc: 0.9734 | Time: 10.35s
2025-04-18 17:54:09,656 - INFO - P2 (Round 10) - Epoch 2/10 | Loss: 0.0735 | Acc: 0.9733 | Val Loss: 0.0707 | Val Acc: 0.9732 | Time: 9.67s
2025-04-18 17:54:21,035 - INFO - P2 (Round 10) - Epoch 3/10 | Loss: 0.0669 | Acc: 0.9760 | Val Loss: 0.0570 | Val Acc: 0.9805 | Time: 11.38s
2025-04-18 17:54:30,801 - INFO - P2 (Round 10) - Epoch 4/10 | Loss: 0.0574 | Acc: 0.9800 | Val Loss: 0.0570 | Val Acc: 0.9801 | Time: 9.77s
2025-04-18 17:54:40,753 - INFO - P2 (Round 10) - Epoch 5/10 | Loss: 0.0564 | Acc: 0.9802 | Val Loss: 0.0551 | Val Acc: 0.9802 | Time: 9.95s
2025-04-18 17:54:50,469 - INFO - P2 (Round 10) - Epoch 6/10 | Loss: 0.0558 | Acc: 0.9804 | Val Loss: 0.0540 | Val Acc: 0.9811 | Time: 9.72s
2025-04-18 17:55:01,482 - INFO - P2 (Round 10) - Epoch 7/10 | Loss: 0.0557 | Acc: 0.9804 | Val Loss: 0.0558 | Val Acc: 0.9799 | Time: 11.01s
2025-04-18 17:55:11,682 - INFO - P2 (Round 10) - Epoch 8/10 | Loss: 0.0553 | Acc: 0.9806 | Val Loss: 0.0541 | Val Acc: 0.9812 | Time: 10.20s
2025-04-18 17:55:21,504 - INFO - P2 (Round 10) - Epoch 9/10 | Loss: 0.0550 | Acc: 0.9807 | Val Loss: 0.0537 | Val Acc: 0.9806 | Time: 9.82s
2025-04-18 17:55:31,527 - INFO - P2 (Round 10) - Epoch 10/10 | Loss: 0.0546 | Acc: 0.9808 | Val Loss: 0.0583 | Val Acc: 0.9797 | Time: 10.02s
2025-04-18 17:55:33,919 - INFO - Round 10 completed in 223.96s
2025-04-18 17:55:33,919 - INFO - Global Model - P1 Test: Loss = 1.4456, Accuracy = 0.7716
2025-04-18 17:55:33,920 - INFO - Global Model - P2 Test: Loss = 1.9693, Accuracy = 0.7232
2025-04-18 17:55:36,107 - INFO - Final Results after 10 rounds:
2025-04-18 17:55:36,107 - INFO - Global Model - P1 Test: Loss = 1.4456, Accuracy = 0.7716
2025-04-18 17:55:36,107 - INFO - Global Model - P2 Test: Loss = 1.9693, Accuracy = 0.7232
2025-04-18 17:55:36,124 - INFO - Experiment 72 results saved to results/suppression_experiments/exp_72_p1f9_p2f13.json
