2025-04-18 23:07:58,394 - INFO - Starting Suppression Experiment 191
2025-04-18 23:07:58,394 - INFO - P1 Features (1/14): ['protocol']
2025-04-18 23:07:58,394 - INFO - P2 Features (6/14): ['protocol', 'bidirectional_min_ps', 'bidirectional_mean_ps', 'bidirectional_stddev_ps', 'bidirectional_max_ps', 'src2dst_stddev_ps']
2025-04-18 23:08:09,789 - INFO - P1 (Round 1) - Epoch 1/10 | Loss: 1.0186 | Acc: 0.5837 | Val Loss: 0.9694 | Val Acc: 0.5974 | Time: 11.32s
2025-04-18 23:08:20,909 - INFO - P1 (Round 1) - Epoch 2/10 | Loss: 0.9694 | Acc: 0.5974 | Val Loss: 0.9696 | Val Acc: 0.5974 | Time: 11.12s
2025-04-18 23:08:31,283 - INFO - P1 (Round 1) - Epoch 3/10 | Loss: 0.9694 | Acc: 0.5974 | Val Loss: 0.9691 | Val Acc: 0.5974 | Time: 10.37s
2025-04-18 23:08:41,740 - INFO - P1 (Round 1) - Epoch 4/10 | Loss: 0.9693 | Acc: 0.5974 | Val Loss: 0.9692 | Val Acc: 0.5974 | Time: 10.46s
2025-04-18 23:08:51,916 - INFO - P1 (Round 1) - Epoch 5/10 | Loss: 0.9693 | Acc: 0.5974 | Val Loss: 0.9692 | Val Acc: 0.5974 | Time: 10.18s
2025-04-18 23:09:02,017 - INFO - P1 (Round 1) - Epoch 6/10 | Loss: 0.9693 | Acc: 0.5974 | Val Loss: 0.9692 | Val Acc: 0.5974 | Time: 10.10s
2025-04-18 23:09:11,952 - INFO - P1 (Round 1) - Epoch 7/10 | Loss: 0.9693 | Acc: 0.5974 | Val Loss: 0.9696 | Val Acc: 0.5974 | Time: 9.93s
2025-04-18 23:09:23,502 - INFO - P1 (Round 1) - Epoch 8/10 | Loss: 0.9692 | Acc: 0.5974 | Val Loss: 0.9691 | Val Acc: 0.5974 | Time: 11.55s
2025-04-18 23:09:33,912 - INFO - P1 (Round 1) - Epoch 9/10 | Loss: 0.9692 | Acc: 0.5974 | Val Loss: 0.9692 | Val Acc: 0.5974 | Time: 10.41s
2025-04-18 23:09:43,869 - INFO - P1 (Round 1) - Epoch 10/10 | Loss: 0.9692 | Acc: 0.5974 | Val Loss: 0.9694 | Val Acc: 0.5974 | Time: 9.96s
2025-04-18 23:09:53,687 - INFO - P2 (Round 1) - Epoch 1/10 | Loss: 0.4102 | Acc: 0.8240 | Val Loss: 0.2209 | Val Acc: 0.9152 | Time: 9.82s
2025-04-18 23:10:03,533 - INFO - P2 (Round 1) - Epoch 2/10 | Loss: 0.1721 | Acc: 0.9330 | Val Loss: 0.1554 | Val Acc: 0.9380 | Time: 9.85s
2025-04-18 23:10:13,425 - INFO - P2 (Round 1) - Epoch 3/10 | Loss: 0.1486 | Acc: 0.9407 | Val Loss: 0.1416 | Val Acc: 0.9425 | Time: 9.89s
2025-04-18 23:10:23,321 - INFO - P2 (Round 1) - Epoch 4/10 | Loss: 0.1345 | Acc: 0.9460 | Val Loss: 0.1264 | Val Acc: 0.9489 | Time: 9.90s
2025-04-18 23:10:34,692 - INFO - P2 (Round 1) - Epoch 5/10 | Loss: 0.1208 | Acc: 0.9555 | Val Loss: 0.1147 | Val Acc: 0.9584 | Time: 11.37s
2025-04-18 23:10:45,045 - INFO - P2 (Round 1) - Epoch 6/10 | Loss: 0.1116 | Acc: 0.9603 | Val Loss: 0.1073 | Val Acc: 0.9614 | Time: 10.35s
2025-04-18 23:10:54,904 - INFO - P2 (Round 1) - Epoch 7/10 | Loss: 0.1063 | Acc: 0.9615 | Val Loss: 0.1036 | Val Acc: 0.9630 | Time: 9.86s
2025-04-18 23:11:04,624 - INFO - P2 (Round 1) - Epoch 8/10 | Loss: 0.1026 | Acc: 0.9623 | Val Loss: 0.1012 | Val Acc: 0.9620 | Time: 9.72s
2025-04-18 23:11:14,465 - INFO - P2 (Round 1) - Epoch 9/10 | Loss: 0.1001 | Acc: 0.9629 | Val Loss: 0.0983 | Val Acc: 0.9645 | Time: 9.84s
2025-04-18 23:11:24,357 - INFO - P2 (Round 1) - Epoch 10/10 | Loss: 0.0980 | Acc: 0.9633 | Val Loss: 0.0953 | Val Acc: 0.9639 | Time: 9.89s
2025-04-18 23:11:26,710 - INFO - Round 1 completed in 208.24s
2025-04-18 23:11:26,710 - INFO - Global Model - P1 Test: Loss = 1.5304, Accuracy = 0.2942
2025-04-18 23:11:26,710 - INFO - Global Model - P2 Test: Loss = 4.0076, Accuracy = 0.0495
2025-04-18 23:11:36,772 - INFO - P1 (Round 2) - Epoch 1/10 | Loss: 0.9731 | Acc: 0.5943 | Val Loss: 0.9692 | Val Acc: 0.5974 | Time: 10.06s
2025-04-18 23:11:48,848 - INFO - P1 (Round 2) - Epoch 2/10 | Loss: 0.9694 | Acc: 0.5974 | Val Loss: 0.9699 | Val Acc: 0.5974 | Time: 12.08s
2025-04-18 23:12:00,327 - INFO - P1 (Round 2) - Epoch 3/10 | Loss: 0.9693 | Acc: 0.5974 | Val Loss: 0.9692 | Val Acc: 0.5974 | Time: 11.48s
2025-04-18 23:12:12,340 - INFO - P1 (Round 2) - Epoch 4/10 | Loss: 0.9693 | Acc: 0.5974 | Val Loss: 0.9694 | Val Acc: 0.5974 | Time: 12.01s
2025-04-18 23:12:24,134 - INFO - P1 (Round 2) - Epoch 5/10 | Loss: 0.9693 | Acc: 0.5974 | Val Loss: 0.9694 | Val Acc: 0.5974 | Time: 11.79s
2025-04-18 23:12:36,174 - INFO - P1 (Round 2) - Epoch 6/10 | Loss: 0.9693 | Acc: 0.5974 | Val Loss: 0.9692 | Val Acc: 0.5974 | Time: 12.04s
2025-04-18 23:12:48,201 - INFO - P1 (Round 2) - Epoch 7/10 | Loss: 0.9692 | Acc: 0.5974 | Val Loss: 0.9691 | Val Acc: 0.5974 | Time: 12.03s
2025-04-18 23:13:01,382 - INFO - P1 (Round 2) - Epoch 8/10 | Loss: 0.9692 | Acc: 0.5974 | Val Loss: 0.9693 | Val Acc: 0.5974 | Time: 13.18s
2025-04-18 23:13:13,589 - INFO - P1 (Round 2) - Epoch 9/10 | Loss: 0.9692 | Acc: 0.5974 | Val Loss: 0.9692 | Val Acc: 0.5974 | Time: 12.21s
2025-04-18 23:13:25,631 - INFO - P1 (Round 2) - Epoch 10/10 | Loss: 0.9692 | Acc: 0.5974 | Val Loss: 0.9691 | Val Acc: 0.5974 | Time: 12.04s
2025-04-18 23:13:37,347 - INFO - P2 (Round 2) - Epoch 1/10 | Loss: 0.1914 | Acc: 0.9279 | Val Loss: 0.1317 | Val Acc: 0.9465 | Time: 11.72s
2025-04-18 23:13:49,036 - INFO - P2 (Round 2) - Epoch 2/10 | Loss: 0.1175 | Acc: 0.9565 | Val Loss: 0.1074 | Val Acc: 0.9601 | Time: 11.69s
2025-04-18 23:14:01,067 - INFO - P2 (Round 2) - Epoch 3/10 | Loss: 0.1018 | Acc: 0.9625 | Val Loss: 0.0969 | Val Acc: 0.9648 | Time: 12.03s
2025-04-18 23:14:14,028 - INFO - P2 (Round 2) - Epoch 4/10 | Loss: 0.0945 | Acc: 0.9651 | Val Loss: 0.0918 | Val Acc: 0.9656 | Time: 12.96s
2025-04-18 23:14:25,930 - INFO - P2 (Round 2) - Epoch 5/10 | Loss: 0.0915 | Acc: 0.9657 | Val Loss: 0.0901 | Val Acc: 0.9655 | Time: 11.90s
2025-04-18 23:14:38,623 - INFO - P2 (Round 2) - Epoch 6/10 | Loss: 0.0898 | Acc: 0.9662 | Val Loss: 0.0895 | Val Acc: 0.9661 | Time: 12.69s
2025-04-18 23:14:50,523 - INFO - P2 (Round 2) - Epoch 7/10 | Loss: 0.0887 | Acc: 0.9664 | Val Loss: 0.0886 | Val Acc: 0.9674 | Time: 11.90s
2025-04-18 23:15:02,172 - INFO - P2 (Round 2) - Epoch 8/10 | Loss: 0.0879 | Acc: 0.9666 | Val Loss: 0.0891 | Val Acc: 0.9665 | Time: 11.65s
2025-04-18 23:15:14,235 - INFO - P2 (Round 2) - Epoch 9/10 | Loss: 0.0873 | Acc: 0.9668 | Val Loss: 0.0860 | Val Acc: 0.9668 | Time: 12.06s
2025-04-18 23:15:26,983 - INFO - P2 (Round 2) - Epoch 10/10 | Loss: 0.0866 | Acc: 0.9668 | Val Loss: 0.0862 | Val Acc: 0.9667 | Time: 12.75s
2025-04-18 23:15:29,615 - INFO - Round 2 completed in 242.90s
2025-04-18 23:15:29,615 - INFO - Global Model - P1 Test: Loss = 1.6959, Accuracy = 0.2150
2025-04-18 23:15:29,615 - INFO - Global Model - P2 Test: Loss = 3.4737, Accuracy = 0.7309
2025-04-18 23:15:41,627 - INFO - P1 (Round 3) - Epoch 1/10 | Loss: 0.9711 | Acc: 0.5963 | Val Loss: 0.9692 | Val Acc: 0.5974 | Time: 12.01s
2025-04-18 23:15:53,631 - INFO - P1 (Round 3) - Epoch 2/10 | Loss: 0.9695 | Acc: 0.5974 | Val Loss: 0.9696 | Val Acc: 0.5974 | Time: 12.00s
2025-04-18 23:16:05,575 - INFO - P1 (Round 3) - Epoch 3/10 | Loss: 0.9694 | Acc: 0.5974 | Val Loss: 0.9693 | Val Acc: 0.5974 | Time: 11.94s
2025-04-18 23:16:17,523 - INFO - P1 (Round 3) - Epoch 4/10 | Loss: 0.9693 | Acc: 0.5974 | Val Loss: 0.9691 | Val Acc: 0.5974 | Time: 11.95s
2025-04-18 23:16:30,169 - INFO - P1 (Round 3) - Epoch 5/10 | Loss: 0.9693 | Acc: 0.5974 | Val Loss: 0.9693 | Val Acc: 0.5974 | Time: 12.65s
2025-04-18 23:16:42,708 - INFO - P1 (Round 3) - Epoch 6/10 | Loss: 0.9693 | Acc: 0.5974 | Val Loss: 0.9691 | Val Acc: 0.5974 | Time: 12.54s
2025-04-18 23:16:54,842 - INFO - P1 (Round 3) - Epoch 7/10 | Loss: 0.9693 | Acc: 0.5974 | Val Loss: 0.9693 | Val Acc: 0.5974 | Time: 12.13s
2025-04-18 23:17:06,771 - INFO - P1 (Round 3) - Epoch 8/10 | Loss: 0.9693 | Acc: 0.5974 | Val Loss: 0.9692 | Val Acc: 0.5974 | Time: 11.93s
2025-04-18 23:17:18,701 - INFO - P1 (Round 3) - Epoch 9/10 | Loss: 0.9692 | Acc: 0.5974 | Val Loss: 0.9691 | Val Acc: 0.5974 | Time: 11.93s
2025-04-18 23:17:30,937 - INFO - P1 (Round 3) - Epoch 10/10 | Loss: 0.9692 | Acc: 0.5974 | Val Loss: 0.9691 | Val Acc: 0.5974 | Time: 12.24s
2025-04-18 23:17:43,616 - INFO - P2 (Round 3) - Epoch 1/10 | Loss: 0.1394 | Acc: 0.9585 | Val Loss: 0.0951 | Val Acc: 0.9655 | Time: 12.68s
2025-04-18 23:17:55,551 - INFO - P2 (Round 3) - Epoch 2/10 | Loss: 0.0918 | Acc: 0.9662 | Val Loss: 0.0885 | Val Acc: 0.9669 | Time: 11.94s
2025-04-18 23:18:07,251 - INFO - P2 (Round 3) - Epoch 3/10 | Loss: 0.0879 | Acc: 0.9672 | Val Loss: 0.0871 | Val Acc: 0.9679 | Time: 11.70s
2025-04-18 23:18:19,332 - INFO - P2 (Round 3) - Epoch 4/10 | Loss: 0.0859 | Acc: 0.9677 | Val Loss: 0.0849 | Val Acc: 0.9676 | Time: 12.08s
2025-04-18 23:18:31,054 - INFO - P2 (Round 3) - Epoch 5/10 | Loss: 0.0843 | Acc: 0.9681 | Val Loss: 0.0831 | Val Acc: 0.9685 | Time: 11.72s
2025-04-18 23:18:42,865 - INFO - P2 (Round 3) - Epoch 6/10 | Loss: 0.0830 | Acc: 0.9684 | Val Loss: 0.0830 | Val Acc: 0.9683 | Time: 11.81s
2025-04-18 23:18:55,551 - INFO - P2 (Round 3) - Epoch 7/10 | Loss: 0.0820 | Acc: 0.9687 | Val Loss: 0.0807 | Val Acc: 0.9690 | Time: 12.69s
2025-04-18 23:19:07,600 - INFO - P2 (Round 3) - Epoch 8/10 | Loss: 0.0814 | Acc: 0.9688 | Val Loss: 0.0811 | Val Acc: 0.9691 | Time: 12.05s
2025-04-18 23:19:19,452 - INFO - P2 (Round 3) - Epoch 9/10 | Loss: 0.0808 | Acc: 0.9690 | Val Loss: 0.0787 | Val Acc: 0.9693 | Time: 11.85s
2025-04-18 23:19:31,429 - INFO - P2 (Round 3) - Epoch 10/10 | Loss: 0.0803 | Acc: 0.9691 | Val Loss: 0.0800 | Val Acc: 0.9686 | Time: 11.98s
2025-04-18 23:19:33,873 - INFO - Round 3 completed in 244.26s
2025-04-18 23:19:33,873 - INFO - Global Model - P1 Test: Loss = 3.0848, Accuracy = 0.2150
2025-04-18 23:19:33,873 - INFO - Global Model - P2 Test: Loss = 3.6310, Accuracy = 0.6409
2025-04-18 23:19:46,306 - INFO - P1 (Round 4) - Epoch 1/10 | Loss: 0.9833 | Acc: 0.5944 | Val Loss: 0.9700 | Val Acc: 0.5974 | Time: 12.43s
2025-04-18 23:19:58,301 - INFO - P1 (Round 4) - Epoch 2/10 | Loss: 0.9696 | Acc: 0.5974 | Val Loss: 0.9692 | Val Acc: 0.5974 | Time: 11.99s
2025-04-18 23:20:11,383 - INFO - P1 (Round 4) - Epoch 3/10 | Loss: 0.9695 | Acc: 0.5974 | Val Loss: 0.9694 | Val Acc: 0.5974 | Time: 13.08s
2025-04-18 23:20:23,490 - INFO - P1 (Round 4) - Epoch 4/10 | Loss: 0.9694 | Acc: 0.5974 | Val Loss: 0.9692 | Val Acc: 0.5974 | Time: 12.11s
2025-04-18 23:20:36,136 - INFO - P1 (Round 4) - Epoch 5/10 | Loss: 0.9694 | Acc: 0.5974 | Val Loss: 0.9693 | Val Acc: 0.5974 | Time: 12.65s
2025-04-18 23:20:48,474 - INFO - P1 (Round 4) - Epoch 6/10 | Loss: 0.9694 | Acc: 0.5974 | Val Loss: 0.9715 | Val Acc: 0.5974 | Time: 12.34s
2025-04-18 23:21:00,480 - INFO - P1 (Round 4) - Epoch 7/10 | Loss: 0.9694 | Acc: 0.5974 | Val Loss: 0.9693 | Val Acc: 0.5974 | Time: 12.01s
2025-04-18 23:21:12,464 - INFO - P1 (Round 4) - Epoch 8/10 | Loss: 0.9694 | Acc: 0.5974 | Val Loss: 0.9698 | Val Acc: 0.5974 | Time: 11.98s
2025-04-18 23:21:25,403 - INFO - P1 (Round 4) - Epoch 9/10 | Loss: 0.9693 | Acc: 0.5974 | Val Loss: 0.9696 | Val Acc: 0.5974 | Time: 12.94s
2025-04-18 23:21:37,525 - INFO - P1 (Round 4) - Epoch 10/10 | Loss: 0.9693 | Acc: 0.5974 | Val Loss: 0.9691 | Val Acc: 0.5974 | Time: 12.12s
2025-04-18 23:21:49,384 - INFO - P2 (Round 4) - Epoch 1/10 | Loss: 0.1192 | Acc: 0.9629 | Val Loss: 0.0867 | Val Acc: 0.9674 | Time: 11.86s
2025-04-18 23:22:01,316 - INFO - P2 (Round 4) - Epoch 2/10 | Loss: 0.0847 | Acc: 0.9678 | Val Loss: 0.0839 | Val Acc: 0.9679 | Time: 11.93s
2025-04-18 23:22:13,290 - INFO - P2 (Round 4) - Epoch 3/10 | Loss: 0.0827 | Acc: 0.9684 | Val Loss: 0.0828 | Val Acc: 0.9690 | Time: 11.97s
2025-04-18 23:22:25,419 - INFO - P2 (Round 4) - Epoch 4/10 | Loss: 0.0814 | Acc: 0.9688 | Val Loss: 0.0807 | Val Acc: 0.9689 | Time: 12.13s
2025-04-18 23:22:38,307 - INFO - P2 (Round 4) - Epoch 5/10 | Loss: 0.0806 | Acc: 0.9692 | Val Loss: 0.0795 | Val Acc: 0.9694 | Time: 12.89s
2025-04-18 23:22:50,337 - INFO - P2 (Round 4) - Epoch 6/10 | Loss: 0.0800 | Acc: 0.9692 | Val Loss: 0.0802 | Val Acc: 0.9695 | Time: 12.03s
2025-04-18 23:23:02,001 - INFO - P2 (Round 4) - Epoch 7/10 | Loss: 0.0795 | Acc: 0.9695 | Val Loss: 0.0783 | Val Acc: 0.9703 | Time: 11.66s
2025-04-18 23:23:13,762 - INFO - P2 (Round 4) - Epoch 8/10 | Loss: 0.0791 | Acc: 0.9696 | Val Loss: 0.0816 | Val Acc: 0.9683 | Time: 11.76s
2025-04-18 23:23:25,744 - INFO - P2 (Round 4) - Epoch 9/10 | Loss: 0.0788 | Acc: 0.9698 | Val Loss: 0.0797 | Val Acc: 0.9692 | Time: 11.98s
2025-04-18 23:23:38,156 - INFO - P2 (Round 4) - Epoch 10/10 | Loss: 0.0784 | Acc: 0.9700 | Val Loss: 0.0770 | Val Acc: 0.9705 | Time: 12.41s
2025-04-18 23:23:40,962 - INFO - Round 4 completed in 247.09s
2025-04-18 23:23:40,963 - INFO - Global Model - P1 Test: Loss = 3.6008, Accuracy = 0.2150
2025-04-18 23:23:40,963 - INFO - Global Model - P2 Test: Loss = 4.7175, Accuracy = 0.6340
2025-04-18 23:23:53,723 - INFO - P1 (Round 5) - Epoch 1/10 | Loss: 0.9823 | Acc: 0.5946 | Val Loss: 0.9692 | Val Acc: 0.5974 | Time: 12.76s
2025-04-18 23:24:06,000 - INFO - P1 (Round 5) - Epoch 2/10 | Loss: 0.9697 | Acc: 0.5974 | Val Loss: 0.9693 | Val Acc: 0.5974 | Time: 12.28s
2025-04-18 23:24:18,223 - INFO - P1 (Round 5) - Epoch 3/10 | Loss: 0.9696 | Acc: 0.5974 | Val Loss: 0.9709 | Val Acc: 0.5974 | Time: 12.22s
2025-04-18 23:24:30,367 - INFO - P1 (Round 5) - Epoch 4/10 | Loss: 0.9695 | Acc: 0.5974 | Val Loss: 0.9694 | Val Acc: 0.5974 | Time: 12.14s
2025-04-18 23:24:42,504 - INFO - P1 (Round 5) - Epoch 5/10 | Loss: 0.9695 | Acc: 0.5974 | Val Loss: 0.9694 | Val Acc: 0.5974 | Time: 12.14s
2025-04-18 23:24:55,761 - INFO - P1 (Round 5) - Epoch 6/10 | Loss: 0.9695 | Acc: 0.5974 | Val Loss: 0.9691 | Val Acc: 0.5974 | Time: 13.26s
2025-04-18 23:25:08,501 - INFO - P1 (Round 5) - Epoch 7/10 | Loss: 0.9694 | Acc: 0.5974 | Val Loss: 0.9693 | Val Acc: 0.5974 | Time: 12.74s
2025-04-18 23:25:20,618 - INFO - P1 (Round 5) - Epoch 8/10 | Loss: 0.9694 | Acc: 0.5974 | Val Loss: 0.9698 | Val Acc: 0.5974 | Time: 12.12s
2025-04-18 23:25:32,766 - INFO - P1 (Round 5) - Epoch 9/10 | Loss: 0.9694 | Acc: 0.5974 | Val Loss: 0.9698 | Val Acc: 0.5974 | Time: 12.15s
2025-04-18 23:25:45,097 - INFO - P1 (Round 5) - Epoch 10/10 | Loss: 0.9694 | Acc: 0.5974 | Val Loss: 0.9691 | Val Acc: 0.5974 | Time: 12.33s
2025-04-18 23:25:57,324 - INFO - P2 (Round 5) - Epoch 1/10 | Loss: 0.1275 | Acc: 0.9635 | Val Loss: 0.0824 | Val Acc: 0.9693 | Time: 12.23s
2025-04-18 23:26:10,011 - INFO - P2 (Round 5) - Epoch 2/10 | Loss: 0.0814 | Acc: 0.9691 | Val Loss: 0.0806 | Val Acc: 0.9696 | Time: 12.69s
2025-04-18 23:26:19,827 - INFO - P2 (Round 5) - Epoch 3/10 | Loss: 0.0803 | Acc: 0.9694 | Val Loss: 0.0799 | Val Acc: 0.9697 | Time: 9.82s
2025-04-18 23:26:29,752 - INFO - P2 (Round 5) - Epoch 4/10 | Loss: 0.0796 | Acc: 0.9696 | Val Loss: 0.0797 | Val Acc: 0.9706 | Time: 9.92s
2025-04-18 23:26:39,455 - INFO - P2 (Round 5) - Epoch 5/10 | Loss: 0.0791 | Acc: 0.9698 | Val Loss: 0.0801 | Val Acc: 0.9698 | Time: 9.70s
2025-04-18 23:26:49,449 - INFO - P2 (Round 5) - Epoch 6/10 | Loss: 0.0786 | Acc: 0.9701 | Val Loss: 0.0791 | Val Acc: 0.9699 | Time: 9.99s
2025-04-18 23:26:59,635 - INFO - P2 (Round 5) - Epoch 7/10 | Loss: 0.0784 | Acc: 0.9701 | Val Loss: 0.0777 | Val Acc: 0.9712 | Time: 10.19s
2025-04-18 23:27:09,744 - INFO - P2 (Round 5) - Epoch 8/10 | Loss: 0.0782 | Acc: 0.9702 | Val Loss: 0.0780 | Val Acc: 0.9702 | Time: 10.11s
2025-04-18 23:27:21,282 - INFO - P2 (Round 5) - Epoch 9/10 | Loss: 0.0779 | Acc: 0.9703 | Val Loss: 0.0779 | Val Acc: 0.9710 | Time: 11.54s
2025-04-18 23:27:31,208 - INFO - P2 (Round 5) - Epoch 10/10 | Loss: 0.0779 | Acc: 0.9704 | Val Loss: 0.0784 | Val Acc: 0.9706 | Time: 9.93s
2025-04-18 23:27:33,573 - INFO - Round 5 completed in 232.61s
2025-04-18 23:27:33,573 - INFO - Global Model - P1 Test: Loss = 2.0345, Accuracy = 0.4051
2025-04-18 23:27:33,573 - INFO - Global Model - P2 Test: Loss = 3.9348, Accuracy = 0.5859
2025-04-18 23:27:43,590 - INFO - P1 (Round 6) - Epoch 1/10 | Loss: 0.9725 | Acc: 0.5960 | Val Loss: 0.9701 | Val Acc: 0.5974 | Time: 10.02s
2025-04-18 23:27:53,587 - INFO - P1 (Round 6) - Epoch 2/10 | Loss: 0.9695 | Acc: 0.5974 | Val Loss: 0.9725 | Val Acc: 0.5974 | Time: 10.00s
2025-04-18 23:28:03,812 - INFO - P1 (Round 6) - Epoch 3/10 | Loss: 0.9695 | Acc: 0.5974 | Val Loss: 0.9696 | Val Acc: 0.5974 | Time: 10.22s
2025-04-18 23:28:13,771 - INFO - P1 (Round 6) - Epoch 4/10 | Loss: 0.9694 | Acc: 0.5974 | Val Loss: 0.9696 | Val Acc: 0.5974 | Time: 9.96s
2025-04-18 23:28:25,000 - INFO - P1 (Round 6) - Epoch 5/10 | Loss: 0.9694 | Acc: 0.5974 | Val Loss: 0.9692 | Val Acc: 0.5974 | Time: 11.23s
2025-04-18 23:28:35,622 - INFO - P1 (Round 6) - Epoch 6/10 | Loss: 0.9694 | Acc: 0.5974 | Val Loss: 0.9692 | Val Acc: 0.5974 | Time: 10.62s
2025-04-18 23:28:45,471 - INFO - P1 (Round 6) - Epoch 7/10 | Loss: 0.9694 | Acc: 0.5974 | Val Loss: 0.9694 | Val Acc: 0.5974 | Time: 9.85s
2025-04-18 23:28:55,581 - INFO - P1 (Round 6) - Epoch 8/10 | Loss: 0.9693 | Acc: 0.5974 | Val Loss: 0.9691 | Val Acc: 0.5974 | Time: 10.11s
2025-04-18 23:29:06,429 - INFO - P1 (Round 6) - Epoch 9/10 | Loss: 0.9693 | Acc: 0.5974 | Val Loss: 0.9693 | Val Acc: 0.5974 | Time: 10.85s
2025-04-18 23:29:16,876 - INFO - P1 (Round 6) - Epoch 10/10 | Loss: 0.9693 | Acc: 0.5974 | Val Loss: 0.9694 | Val Acc: 0.5974 | Time: 10.45s
2025-04-18 23:29:26,655 - INFO - P2 (Round 6) - Epoch 1/10 | Loss: 0.1182 | Acc: 0.9642 | Val Loss: 0.0797 | Val Acc: 0.9706 | Time: 9.78s
2025-04-18 23:29:37,915 - INFO - P2 (Round 6) - Epoch 2/10 | Loss: 0.0794 | Acc: 0.9699 | Val Loss: 0.0781 | Val Acc: 0.9704 | Time: 11.26s
2025-04-18 23:29:48,240 - INFO - P2 (Round 6) - Epoch 3/10 | Loss: 0.0788 | Acc: 0.9701 | Val Loss: 0.0801 | Val Acc: 0.9699 | Time: 10.33s
2025-04-18 23:29:58,655 - INFO - P2 (Round 6) - Epoch 4/10 | Loss: 0.0784 | Acc: 0.9701 | Val Loss: 0.0772 | Val Acc: 0.9706 | Time: 10.41s
2025-04-18 23:30:08,622 - INFO - P2 (Round 6) - Epoch 5/10 | Loss: 0.0781 | Acc: 0.9704 | Val Loss: 0.0772 | Val Acc: 0.9713 | Time: 9.97s
2025-04-18 23:30:18,777 - INFO - P2 (Round 6) - Epoch 6/10 | Loss: 0.0778 | Acc: 0.9704 | Val Loss: 0.0771 | Val Acc: 0.9712 | Time: 10.15s
2025-04-18 23:30:28,512 - INFO - P2 (Round 6) - Epoch 7/10 | Loss: 0.0776 | Acc: 0.9705 | Val Loss: 0.0794 | Val Acc: 0.9696 | Time: 9.73s
2025-04-18 23:30:39,007 - INFO - P2 (Round 6) - Epoch 8/10 | Loss: 0.0774 | Acc: 0.9706 | Val Loss: 0.0765 | Val Acc: 0.9711 | Time: 10.49s
2025-04-18 23:30:50,382 - INFO - P2 (Round 6) - Epoch 9/10 | Loss: 0.0772 | Acc: 0.9707 | Val Loss: 0.0767 | Val Acc: 0.9705 | Time: 11.37s
2025-04-18 23:31:00,869 - INFO - P2 (Round 6) - Epoch 10/10 | Loss: 0.0772 | Acc: 0.9707 | Val Loss: 0.0779 | Val Acc: 0.9703 | Time: 10.49s
2025-04-18 23:31:03,058 - INFO - Round 6 completed in 209.48s
2025-04-18 23:31:03,058 - INFO - Global Model - P1 Test: Loss = 1.6869, Accuracy = 0.4051
2025-04-18 23:31:03,058 - INFO - Global Model - P2 Test: Loss = 4.4973, Accuracy = 0.4971
2025-04-18 23:31:13,536 - INFO - P1 (Round 7) - Epoch 1/10 | Loss: 0.9727 | Acc: 0.5960 | Val Loss: 0.9702 | Val Acc: 0.5974 | Time: 10.48s
2025-04-18 23:31:23,551 - INFO - P1 (Round 7) - Epoch 2/10 | Loss: 0.9698 | Acc: 0.5974 | Val Loss: 0.9691 | Val Acc: 0.5974 | Time: 10.01s
2025-04-18 23:31:33,637 - INFO - P1 (Round 7) - Epoch 3/10 | Loss: 0.9698 | Acc: 0.5974 | Val Loss: 0.9692 | Val Acc: 0.5974 | Time: 10.09s
2025-04-18 23:31:43,728 - INFO - P1 (Round 7) - Epoch 4/10 | Loss: 0.9697 | Acc: 0.5974 | Val Loss: 0.9691 | Val Acc: 0.5974 | Time: 10.09s
2025-04-18 23:31:54,338 - INFO - P1 (Round 7) - Epoch 5/10 | Loss: 0.9696 | Acc: 0.5974 | Val Loss: 0.9698 | Val Acc: 0.5974 | Time: 10.61s
2025-04-18 23:32:06,245 - INFO - P1 (Round 7) - Epoch 6/10 | Loss: 0.9696 | Acc: 0.5974 | Val Loss: 0.9691 | Val Acc: 0.5974 | Time: 11.91s
2025-04-18 23:32:16,543 - INFO - P1 (Round 7) - Epoch 7/10 | Loss: 0.9696 | Acc: 0.5974 | Val Loss: 0.9695 | Val Acc: 0.5974 | Time: 10.30s
2025-04-18 23:32:26,543 - INFO - P1 (Round 7) - Epoch 8/10 | Loss: 0.9695 | Acc: 0.5974 | Val Loss: 0.9700 | Val Acc: 0.5974 | Time: 10.00s
2025-04-18 23:32:36,339 - INFO - P1 (Round 7) - Epoch 9/10 | Loss: 0.9695 | Acc: 0.5974 | Val Loss: 0.9694 | Val Acc: 0.5974 | Time: 9.80s
2025-04-18 23:32:46,328 - INFO - P1 (Round 7) - Epoch 10/10 | Loss: 0.9693 | Acc: 0.5974 | Val Loss: 0.9694 | Val Acc: 0.5974 | Time: 9.99s
2025-04-18 23:32:56,560 - INFO - P2 (Round 7) - Epoch 1/10 | Loss: 0.1106 | Acc: 0.9653 | Val Loss: 0.0782 | Val Acc: 0.9711 | Time: 10.23s
2025-04-18 23:33:06,722 - INFO - P2 (Round 7) - Epoch 2/10 | Loss: 0.0785 | Acc: 0.9702 | Val Loss: 0.0775 | Val Acc: 0.9710 | Time: 10.16s
2025-04-18 23:33:18,422 - INFO - P2 (Round 7) - Epoch 3/10 | Loss: 0.0779 | Acc: 0.9704 | Val Loss: 0.0773 | Val Acc: 0.9709 | Time: 11.70s
2025-04-18 23:33:28,370 - INFO - P2 (Round 7) - Epoch 4/10 | Loss: 0.0777 | Acc: 0.9706 | Val Loss: 0.0821 | Val Acc: 0.9696 | Time: 9.95s
2025-04-18 23:33:38,417 - INFO - P2 (Round 7) - Epoch 5/10 | Loss: 0.0775 | Acc: 0.9706 | Val Loss: 0.0777 | Val Acc: 0.9713 | Time: 10.05s
2025-04-18 23:33:48,467 - INFO - P2 (Round 7) - Epoch 6/10 | Loss: 0.0771 | Acc: 0.9706 | Val Loss: 0.0800 | Val Acc: 0.9691 | Time: 10.05s
2025-04-18 23:34:00,433 - INFO - P2 (Round 7) - Epoch 7/10 | Loss: 0.0768 | Acc: 0.9706 | Val Loss: 0.0764 | Val Acc: 0.9716 | Time: 11.96s
2025-04-18 23:34:12,268 - INFO - P2 (Round 7) - Epoch 8/10 | Loss: 0.0766 | Acc: 0.9708 | Val Loss: 0.0763 | Val Acc: 0.9715 | Time: 11.84s
2025-04-18 23:34:24,532 - INFO - P2 (Round 7) - Epoch 9/10 | Loss: 0.0762 | Acc: 0.9709 | Val Loss: 0.0775 | Val Acc: 0.9712 | Time: 12.26s
2025-04-18 23:34:36,764 - INFO - P2 (Round 7) - Epoch 10/10 | Loss: 0.0763 | Acc: 0.9710 | Val Loss: 0.0768 | Val Acc: 0.9702 | Time: 12.23s
2025-04-18 23:34:39,230 - INFO - Round 7 completed in 216.17s
2025-04-18 23:34:39,230 - INFO - Global Model - P1 Test: Loss = 1.3866, Accuracy = 0.1040
2025-04-18 23:34:39,230 - INFO - Global Model - P2 Test: Loss = 5.0211, Accuracy = 0.4773
2025-04-18 23:34:51,201 - INFO - P1 (Round 8) - Epoch 1/10 | Loss: 0.9706 | Acc: 0.5965 | Val Loss: 0.9698 | Val Acc: 0.5974 | Time: 11.97s
2025-04-18 23:35:03,438 - INFO - P1 (Round 8) - Epoch 2/10 | Loss: 0.9697 | Acc: 0.5974 | Val Loss: 0.9692 | Val Acc: 0.5974 | Time: 12.24s
2025-04-18 23:35:15,314 - INFO - P1 (Round 8) - Epoch 3/10 | Loss: 0.9696 | Acc: 0.5974 | Val Loss: 0.9698 | Val Acc: 0.5974 | Time: 11.88s
2025-04-18 23:35:27,482 - INFO - P1 (Round 8) - Epoch 4/10 | Loss: 0.9696 | Acc: 0.5974 | Val Loss: 0.9697 | Val Acc: 0.5974 | Time: 12.17s
2025-04-18 23:35:39,914 - INFO - P1 (Round 8) - Epoch 5/10 | Loss: 0.9695 | Acc: 0.5974 | Val Loss: 0.9696 | Val Acc: 0.5974 | Time: 12.43s
2025-04-18 23:35:52,005 - INFO - P1 (Round 8) - Epoch 6/10 | Loss: 0.9695 | Acc: 0.5974 | Val Loss: 0.9697 | Val Acc: 0.5974 | Time: 12.09s
2025-04-18 23:36:04,083 - INFO - P1 (Round 8) - Epoch 7/10 | Loss: 0.9694 | Acc: 0.5974 | Val Loss: 0.9699 | Val Acc: 0.5974 | Time: 12.08s
2025-04-18 23:36:16,159 - INFO - P1 (Round 8) - Epoch 8/10 | Loss: 0.9694 | Acc: 0.5974 | Val Loss: 0.9693 | Val Acc: 0.5974 | Time: 12.08s
2025-04-18 23:36:28,038 - INFO - P1 (Round 8) - Epoch 9/10 | Loss: 0.9694 | Acc: 0.5974 | Val Loss: 0.9696 | Val Acc: 0.5974 | Time: 11.88s
2025-04-18 23:36:40,142 - INFO - P1 (Round 8) - Epoch 10/10 | Loss: 0.9693 | Acc: 0.5974 | Val Loss: 0.9693 | Val Acc: 0.5974 | Time: 12.10s
2025-04-18 23:36:53,100 - INFO - P2 (Round 8) - Epoch 1/10 | Loss: 0.1074 | Acc: 0.9657 | Val Loss: 0.0765 | Val Acc: 0.9712 | Time: 12.96s
2025-04-18 23:37:04,921 - INFO - P2 (Round 8) - Epoch 2/10 | Loss: 0.0774 | Acc: 0.9705 | Val Loss: 0.0783 | Val Acc: 0.9703 | Time: 11.82s
2025-04-18 23:37:16,670 - INFO - P2 (Round 8) - Epoch 3/10 | Loss: 0.0769 | Acc: 0.9706 | Val Loss: 0.0753 | Val Acc: 0.9716 | Time: 11.75s
2025-04-18 23:37:28,448 - INFO - P2 (Round 8) - Epoch 4/10 | Loss: 0.0764 | Acc: 0.9708 | Val Loss: 0.0758 | Val Acc: 0.9716 | Time: 11.78s
2025-04-18 23:37:40,223 - INFO - P2 (Round 8) - Epoch 5/10 | Loss: 0.0761 | Acc: 0.9709 | Val Loss: 0.0762 | Val Acc: 0.9716 | Time: 11.77s
2025-04-18 23:37:51,906 - INFO - P2 (Round 8) - Epoch 6/10 | Loss: 0.0759 | Acc: 0.9710 | Val Loss: 0.0770 | Val Acc: 0.9714 | Time: 11.68s
2025-04-18 23:38:04,517 - INFO - P2 (Round 8) - Epoch 7/10 | Loss: 0.0757 | Acc: 0.9711 | Val Loss: 0.0767 | Val Acc: 0.9713 | Time: 12.61s
2025-04-18 23:38:14,365 - INFO - P2 (Round 8) - Epoch 8/10 | Loss: 0.0756 | Acc: 0.9710 | Val Loss: 0.0751 | Val Acc: 0.9710 | Time: 9.85s
2025-04-18 23:38:24,415 - INFO - P2 (Round 8) - Epoch 9/10 | Loss: 0.0754 | Acc: 0.9712 | Val Loss: 0.0762 | Val Acc: 0.9715 | Time: 10.05s
2025-04-18 23:38:34,434 - INFO - P2 (Round 8) - Epoch 10/10 | Loss: 0.0753 | Acc: 0.9713 | Val Loss: 0.0750 | Val Acc: 0.9726 | Time: 10.02s
2025-04-18 23:38:36,845 - INFO - Round 8 completed in 237.61s
2025-04-18 23:38:36,845 - INFO - Global Model - P1 Test: Loss = 1.1667, Accuracy = 0.4073
2025-04-18 23:38:36,845 - INFO - Global Model - P2 Test: Loss = 5.3685, Accuracy = 0.3915
2025-04-18 23:38:47,073 - INFO - P1 (Round 9) - Epoch 1/10 | Loss: 0.9698 | Acc: 0.5974 | Val Loss: 0.9694 | Val Acc: 0.5974 | Time: 10.23s
2025-04-18 23:38:57,059 - INFO - P1 (Round 9) - Epoch 2/10 | Loss: 0.9696 | Acc: 0.5974 | Val Loss: 0.9691 | Val Acc: 0.5974 | Time: 9.99s
2025-04-18 23:39:08,072 - INFO - P1 (Round 9) - Epoch 3/10 | Loss: 0.9695 | Acc: 0.5974 | Val Loss: 0.9691 | Val Acc: 0.5974 | Time: 11.01s
2025-04-18 23:39:19,021 - INFO - P1 (Round 9) - Epoch 4/10 | Loss: 0.9695 | Acc: 0.5974 | Val Loss: 0.9694 | Val Acc: 0.5974 | Time: 10.95s
2025-04-18 23:39:29,275 - INFO - P1 (Round 9) - Epoch 5/10 | Loss: 0.9694 | Acc: 0.5974 | Val Loss: 0.9691 | Val Acc: 0.5974 | Time: 10.25s
2025-04-18 23:39:39,442 - INFO - P1 (Round 9) - Epoch 6/10 | Loss: 0.9694 | Acc: 0.5974 | Val Loss: 0.9697 | Val Acc: 0.5974 | Time: 10.17s
2025-04-18 23:39:49,573 - INFO - P1 (Round 9) - Epoch 7/10 | Loss: 0.9693 | Acc: 0.5974 | Val Loss: 0.9692 | Val Acc: 0.5974 | Time: 10.13s
2025-04-18 23:39:59,436 - INFO - P1 (Round 9) - Epoch 8/10 | Loss: 0.9693 | Acc: 0.5974 | Val Loss: 0.9693 | Val Acc: 0.5974 | Time: 9.86s
2025-04-18 23:40:09,869 - INFO - P1 (Round 9) - Epoch 9/10 | Loss: 0.9693 | Acc: 0.5974 | Val Loss: 0.9691 | Val Acc: 0.5974 | Time: 10.43s
2025-04-18 23:40:21,277 - INFO - P1 (Round 9) - Epoch 10/10 | Loss: 0.9693 | Acc: 0.5974 | Val Loss: 0.9691 | Val Acc: 0.5974 | Time: 11.41s
2025-04-18 23:40:32,173 - INFO - P2 (Round 9) - Epoch 1/10 | Loss: 0.1058 | Acc: 0.9653 | Val Loss: 0.0755 | Val Acc: 0.9717 | Time: 10.90s
2025-04-18 23:40:42,193 - INFO - P2 (Round 9) - Epoch 2/10 | Loss: 0.0764 | Acc: 0.9710 | Val Loss: 0.0752 | Val Acc: 0.9720 | Time: 10.02s
2025-04-18 23:40:52,799 - INFO - P2 (Round 9) - Epoch 3/10 | Loss: 0.0759 | Acc: 0.9709 | Val Loss: 0.0758 | Val Acc: 0.9711 | Time: 10.61s
2025-04-18 23:41:04,747 - INFO - P2 (Round 9) - Epoch 4/10 | Loss: 0.0758 | Acc: 0.9711 | Val Loss: 0.0744 | Val Acc: 0.9720 | Time: 11.95s
2025-04-18 23:41:16,539 - INFO - P2 (Round 9) - Epoch 5/10 | Loss: 0.0755 | Acc: 0.9712 | Val Loss: 0.0753 | Val Acc: 0.9725 | Time: 11.79s
2025-04-18 23:41:28,686 - INFO - P2 (Round 9) - Epoch 6/10 | Loss: 0.0753 | Acc: 0.9712 | Val Loss: 0.0748 | Val Acc: 0.9715 | Time: 12.15s
2025-04-18 23:41:41,351 - INFO - P2 (Round 9) - Epoch 7/10 | Loss: 0.0752 | Acc: 0.9713 | Val Loss: 0.0746 | Val Acc: 0.9713 | Time: 12.67s
2025-04-18 23:41:53,272 - INFO - P2 (Round 9) - Epoch 8/10 | Loss: 0.0750 | Acc: 0.9713 | Val Loss: 0.0755 | Val Acc: 0.9707 | Time: 11.92s
2025-04-18 23:42:05,118 - INFO - P2 (Round 9) - Epoch 9/10 | Loss: 0.0748 | Acc: 0.9714 | Val Loss: 0.0756 | Val Acc: 0.9710 | Time: 11.85s
2025-04-18 23:42:16,815 - INFO - P2 (Round 9) - Epoch 10/10 | Loss: 0.0749 | Acc: 0.9714 | Val Loss: 0.0747 | Val Acc: 0.9720 | Time: 11.70s
2025-04-18 23:42:19,175 - INFO - Round 9 completed in 222.33s
2025-04-18 23:42:19,175 - INFO - Global Model - P1 Test: Loss = 1.1026, Accuracy = 0.5974
2025-04-18 23:42:19,175 - INFO - Global Model - P2 Test: Loss = 3.3028, Accuracy = 0.3866
2025-04-18 23:42:30,914 - INFO - P1 (Round 10) - Epoch 1/10 | Loss: 0.9696 | Acc: 0.5974 | Val Loss: 0.9692 | Val Acc: 0.5974 | Time: 11.74s
2025-04-18 23:42:43,572 - INFO - P1 (Round 10) - Epoch 2/10 | Loss: 0.9694 | Acc: 0.5974 | Val Loss: 0.9697 | Val Acc: 0.5974 | Time: 12.66s
2025-04-18 23:42:56,082 - INFO - P1 (Round 10) - Epoch 3/10 | Loss: 0.9694 | Acc: 0.5974 | Val Loss: 0.9695 | Val Acc: 0.5974 | Time: 12.51s
2025-04-18 23:43:07,955 - INFO - P1 (Round 10) - Epoch 4/10 | Loss: 0.9694 | Acc: 0.5974 | Val Loss: 0.9697 | Val Acc: 0.5974 | Time: 11.87s
2025-04-18 23:43:19,940 - INFO - P1 (Round 10) - Epoch 5/10 | Loss: 0.9694 | Acc: 0.5974 | Val Loss: 0.9695 | Val Acc: 0.5974 | Time: 11.99s
2025-04-18 23:43:31,919 - INFO - P1 (Round 10) - Epoch 6/10 | Loss: 0.9693 | Acc: 0.5974 | Val Loss: 0.9694 | Val Acc: 0.5974 | Time: 11.98s
2025-04-18 23:43:43,838 - INFO - P1 (Round 10) - Epoch 7/10 | Loss: 0.9693 | Acc: 0.5974 | Val Loss: 0.9692 | Val Acc: 0.5974 | Time: 11.92s
2025-04-18 23:43:56,885 - INFO - P1 (Round 10) - Epoch 8/10 | Loss: 0.9693 | Acc: 0.5974 | Val Loss: 0.9691 | Val Acc: 0.5974 | Time: 13.05s
2025-04-18 23:44:09,011 - INFO - P1 (Round 10) - Epoch 9/10 | Loss: 0.9693 | Acc: 0.5974 | Val Loss: 0.9698 | Val Acc: 0.5974 | Time: 12.13s
2025-04-18 23:44:20,968 - INFO - P1 (Round 10) - Epoch 10/10 | Loss: 0.9693 | Acc: 0.5974 | Val Loss: 0.9695 | Val Acc: 0.5974 | Time: 11.96s
2025-04-18 23:44:32,648 - INFO - P2 (Round 10) - Epoch 1/10 | Loss: 0.0947 | Acc: 0.9672 | Val Loss: 0.0752 | Val Acc: 0.9716 | Time: 11.68s
2025-04-18 23:44:44,283 - INFO - P2 (Round 10) - Epoch 2/10 | Loss: 0.0752 | Acc: 0.9716 | Val Loss: 0.0742 | Val Acc: 0.9728 | Time: 11.64s
2025-04-18 23:44:56,093 - INFO - P2 (Round 10) - Epoch 3/10 | Loss: 0.0748 | Acc: 0.9717 | Val Loss: 0.0750 | Val Acc: 0.9725 | Time: 11.81s
2025-04-18 23:45:08,616 - INFO - P2 (Round 10) - Epoch 4/10 | Loss: 0.0745 | Acc: 0.9719 | Val Loss: 0.0746 | Val Acc: 0.9719 | Time: 12.52s
2025-04-18 23:45:20,435 - INFO - P2 (Round 10) - Epoch 5/10 | Loss: 0.0744 | Acc: 0.9720 | Val Loss: 0.0739 | Val Acc: 0.9720 | Time: 11.82s
2025-04-18 23:45:32,262 - INFO - P2 (Round 10) - Epoch 6/10 | Loss: 0.0740 | Acc: 0.9721 | Val Loss: 0.0732 | Val Acc: 0.9729 | Time: 11.83s
2025-04-18 23:45:44,053 - INFO - P2 (Round 10) - Epoch 7/10 | Loss: 0.0740 | Acc: 0.9721 | Val Loss: 0.0735 | Val Acc: 0.9727 | Time: 11.79s
2025-04-18 23:45:55,909 - INFO - P2 (Round 10) - Epoch 8/10 | Loss: 0.0739 | Acc: 0.9722 | Val Loss: 0.0747 | Val Acc: 0.9722 | Time: 11.86s
2025-04-18 23:46:07,657 - INFO - P2 (Round 10) - Epoch 9/10 | Loss: 0.0738 | Acc: 0.9722 | Val Loss: 0.0741 | Val Acc: 0.9731 | Time: 11.75s
2025-04-18 23:46:20,440 - INFO - P2 (Round 10) - Epoch 10/10 | Loss: 0.0736 | Acc: 0.9723 | Val Loss: 0.0768 | Val Acc: 0.9716 | Time: 12.78s
2025-04-18 23:46:23,287 - INFO - Round 10 completed in 244.11s
2025-04-18 23:46:23,288 - INFO - Global Model - P1 Test: Loss = 1.4081, Accuracy = 0.2150
2025-04-18 23:46:23,288 - INFO - Global Model - P2 Test: Loss = 2.1289, Accuracy = 0.5335
2025-04-18 23:46:26,001 - INFO - Final Results after 10 rounds:
2025-04-18 23:46:26,001 - INFO - Global Model - P1 Test: Loss = 1.4081, Accuracy = 0.2150
2025-04-18 23:46:26,001 - INFO - Global Model - P2 Test: Loss = 2.1289, Accuracy = 0.5335
2025-04-18 23:46:26,007 - INFO - Experiment 191 results saved to results/suppression_experiments/exp_191_p1f1_p2f6.json
