2025-04-18 23:05:30,223 - INFO - Starting Suppression Experiment 181
2025-04-18 23:05:30,223 - INFO - P1 Features (2/14): ['protocol', 'bidirectional_min_ps']
2025-04-18 23:05:30,223 - INFO - P2 Features (2/14): ['protocol', 'bidirectional_min_ps']
2025-04-18 23:05:42,464 - INFO - P1 (Round 1) - Epoch 1/10 | Loss: 0.2657 | Acc: 0.9303 | Val Loss: 0.0893 | Val Acc: 0.9812 | Time: 12.18s
2025-04-18 23:05:55,610 - INFO - P1 (Round 1) - Epoch 2/10 | Loss: 0.0813 | Acc: 0.9812 | Val Loss: 0.0761 | Val Acc: 0.9818 | Time: 13.15s
2025-04-18 23:06:07,640 - INFO - P1 (Round 1) - Epoch 3/10 | Loss: 0.0733 | Acc: 0.9826 | Val Loss: 0.0720 | Val Acc: 0.9828 | Time: 12.03s
2025-04-18 23:06:19,689 - INFO - P1 (Round 1) - Epoch 4/10 | Loss: 0.0714 | Acc: 0.9828 | Val Loss: 0.0711 | Val Acc: 0.9828 | Time: 12.05s
2025-04-18 23:06:31,713 - INFO - P1 (Round 1) - Epoch 5/10 | Loss: 0.0701 | Acc: 0.9828 | Val Loss: 0.0691 | Val Acc: 0.9828 | Time: 12.02s
2025-04-18 23:06:43,788 - INFO - P1 (Round 1) - Epoch 6/10 | Loss: 0.0681 | Acc: 0.9828 | Val Loss: 0.0673 | Val Acc: 0.9826 | Time: 12.07s
2025-04-18 23:06:56,058 - INFO - P1 (Round 1) - Epoch 7/10 | Loss: 0.0663 | Acc: 0.9828 | Val Loss: 0.0660 | Val Acc: 0.9828 | Time: 12.27s
2025-04-18 23:07:08,856 - INFO - P1 (Round 1) - Epoch 8/10 | Loss: 0.0654 | Acc: 0.9830 | Val Loss: 0.0656 | Val Acc: 0.9818 | Time: 12.80s
2025-04-18 23:07:19,617 - INFO - P1 (Round 1) - Epoch 9/10 | Loss: 0.0650 | Acc: 0.9835 | Val Loss: 0.0652 | Val Acc: 0.9846 | Time: 10.76s
2025-04-18 23:07:29,451 - INFO - P1 (Round 1) - Epoch 10/10 | Loss: 0.0648 | Acc: 0.9840 | Val Loss: 0.0646 | Val Acc: 0.9843 | Time: 9.83s
2025-04-18 23:07:39,413 - INFO - P2 (Round 1) - Epoch 1/10 | Loss: 0.8742 | Acc: 0.6661 | Val Loss: 0.8297 | Val Acc: 0.6785 | Time: 9.96s
2025-04-18 23:07:49,270 - INFO - P2 (Round 1) - Epoch 2/10 | Loss: 0.8296 | Acc: 0.6785 | Val Loss: 0.8300 | Val Acc: 0.6785 | Time: 9.86s
2025-04-18 23:07:59,406 - INFO - P2 (Round 1) - Epoch 3/10 | Loss: 0.8295 | Acc: 0.6785 | Val Loss: 0.8295 | Val Acc: 0.6785 | Time: 10.14s
2025-04-18 23:08:10,894 - INFO - P2 (Round 1) - Epoch 4/10 | Loss: 0.8294 | Acc: 0.6785 | Val Loss: 0.8296 | Val Acc: 0.6785 | Time: 11.49s
2025-04-18 23:08:21,731 - INFO - P2 (Round 1) - Epoch 5/10 | Loss: 0.8293 | Acc: 0.6785 | Val Loss: 0.8292 | Val Acc: 0.6785 | Time: 10.84s
2025-04-18 23:08:31,888 - INFO - P2 (Round 1) - Epoch 6/10 | Loss: 0.8292 | Acc: 0.6785 | Val Loss: 0.8293 | Val Acc: 0.6785 | Time: 10.16s
2025-04-18 23:08:41,853 - INFO - P2 (Round 1) - Epoch 7/10 | Loss: 0.8291 | Acc: 0.6785 | Val Loss: 0.8288 | Val Acc: 0.6785 | Time: 9.96s
2025-04-18 23:08:51,823 - INFO - P2 (Round 1) - Epoch 8/10 | Loss: 0.8290 | Acc: 0.6785 | Val Loss: 0.8294 | Val Acc: 0.6785 | Time: 9.97s
2025-04-18 23:09:01,549 - INFO - P2 (Round 1) - Epoch 9/10 | Loss: 0.8290 | Acc: 0.6785 | Val Loss: 0.8287 | Val Acc: 0.6785 | Time: 9.73s
2025-04-18 23:09:11,530 - INFO - P2 (Round 1) - Epoch 10/10 | Loss: 0.8290 | Acc: 0.6785 | Val Loss: 0.8288 | Val Acc: 0.6785 | Time: 9.98s
2025-04-18 23:09:13,916 - INFO - Round 1 completed in 223.63s
2025-04-18 23:09:13,916 - INFO - Global Model - P1 Test: Loss = 6.2105, Accuracy = 0.1761
2025-04-18 23:09:13,916 - INFO - Global Model - P2 Test: Loss = 1.3229, Accuracy = 0.4009
2025-04-18 23:09:25,907 - INFO - P1 (Round 2) - Epoch 1/10 | Loss: 0.2009 | Acc: 0.9635 | Val Loss: 0.0769 | Val Acc: 0.9811 | Time: 11.99s
2025-04-18 23:09:35,879 - INFO - P1 (Round 2) - Epoch 2/10 | Loss: 0.0707 | Acc: 0.9813 | Val Loss: 0.0676 | Val Acc: 0.9809 | Time: 9.97s
2025-04-18 23:09:45,929 - INFO - P1 (Round 2) - Epoch 3/10 | Loss: 0.0656 | Acc: 0.9835 | Val Loss: 0.0650 | Val Acc: 0.9843 | Time: 10.05s
2025-04-18 23:09:56,121 - INFO - P1 (Round 2) - Epoch 4/10 | Loss: 0.0640 | Acc: 0.9841 | Val Loss: 0.0637 | Val Acc: 0.9828 | Time: 10.19s
2025-04-18 23:10:06,153 - INFO - P1 (Round 2) - Epoch 5/10 | Loss: 0.0630 | Acc: 0.9843 | Val Loss: 0.0635 | Val Acc: 0.9853 | Time: 10.03s
2025-04-18 23:10:16,208 - INFO - P1 (Round 2) - Epoch 6/10 | Loss: 0.0626 | Acc: 0.9846 | Val Loss: 0.0626 | Val Acc: 0.9852 | Time: 10.05s
2025-04-18 23:10:26,377 - INFO - P1 (Round 2) - Epoch 7/10 | Loss: 0.0624 | Acc: 0.9848 | Val Loss: 0.0633 | Val Acc: 0.9828 | Time: 10.17s
2025-04-18 23:10:38,242 - INFO - P1 (Round 2) - Epoch 8/10 | Loss: 0.0622 | Acc: 0.9848 | Val Loss: 0.0622 | Val Acc: 0.9835 | Time: 11.87s
2025-04-18 23:10:48,269 - INFO - P1 (Round 2) - Epoch 9/10 | Loss: 0.0621 | Acc: 0.9849 | Val Loss: 0.0618 | Val Acc: 0.9853 | Time: 10.03s
2025-04-18 23:10:58,293 - INFO - P1 (Round 2) - Epoch 10/10 | Loss: 0.0620 | Acc: 0.9848 | Val Loss: 0.0625 | Val Acc: 0.9857 | Time: 10.02s
2025-04-18 23:11:08,298 - INFO - P2 (Round 2) - Epoch 1/10 | Loss: 0.8315 | Acc: 0.6778 | Val Loss: 0.8292 | Val Acc: 0.6785 | Time: 10.01s
2025-04-18 23:11:18,257 - INFO - P2 (Round 2) - Epoch 2/10 | Loss: 0.8290 | Acc: 0.6785 | Val Loss: 0.8292 | Val Acc: 0.6785 | Time: 9.96s
2025-04-18 23:11:28,136 - INFO - P2 (Round 2) - Epoch 3/10 | Loss: 0.8289 | Acc: 0.6785 | Val Loss: 0.8289 | Val Acc: 0.6785 | Time: 9.88s
2025-04-18 23:11:38,035 - INFO - P2 (Round 2) - Epoch 4/10 | Loss: 0.8289 | Acc: 0.6785 | Val Loss: 0.8288 | Val Acc: 0.6785 | Time: 9.90s
2025-04-18 23:11:49,995 - INFO - P2 (Round 2) - Epoch 5/10 | Loss: 0.8288 | Acc: 0.6785 | Val Loss: 0.8287 | Val Acc: 0.6785 | Time: 11.96s
2025-04-18 23:12:01,831 - INFO - P2 (Round 2) - Epoch 6/10 | Loss: 0.8288 | Acc: 0.6785 | Val Loss: 0.8287 | Val Acc: 0.6785 | Time: 11.84s
2025-04-18 23:12:13,649 - INFO - P2 (Round 2) - Epoch 7/10 | Loss: 0.8287 | Acc: 0.6785 | Val Loss: 0.8288 | Val Acc: 0.6785 | Time: 11.82s
2025-04-18 23:12:25,583 - INFO - P2 (Round 2) - Epoch 8/10 | Loss: 0.8288 | Acc: 0.6785 | Val Loss: 0.8287 | Val Acc: 0.6785 | Time: 11.93s
2025-04-18 23:12:37,607 - INFO - P2 (Round 2) - Epoch 9/10 | Loss: 0.8287 | Acc: 0.6785 | Val Loss: 0.8288 | Val Acc: 0.6785 | Time: 12.02s
2025-04-18 23:12:49,803 - INFO - P2 (Round 2) - Epoch 10/10 | Loss: 0.8287 | Acc: 0.6785 | Val Loss: 0.8289 | Val Acc: 0.6785 | Time: 12.20s
2025-04-18 23:12:52,695 - INFO - Round 2 completed in 218.78s
2025-04-18 23:12:52,695 - INFO - Global Model - P1 Test: Loss = 1.8826, Accuracy = 0.7494
2025-04-18 23:12:52,695 - INFO - Global Model - P2 Test: Loss = 1.0220, Accuracy = 0.6059
2025-04-18 23:13:05,422 - INFO - P1 (Round 3) - Epoch 1/10 | Loss: 0.1121 | Acc: 0.9758 | Val Loss: 0.0662 | Val Acc: 0.9845 | Time: 12.73s
2025-04-18 23:13:17,776 - INFO - P1 (Round 3) - Epoch 2/10 | Loss: 0.0641 | Acc: 0.9847 | Val Loss: 0.0637 | Val Acc: 0.9845 | Time: 12.35s
2025-04-18 23:13:29,637 - INFO - P1 (Round 3) - Epoch 3/10 | Loss: 0.0627 | Acc: 0.9850 | Val Loss: 0.0621 | Val Acc: 0.9845 | Time: 11.86s
2025-04-18 23:13:41,977 - INFO - P1 (Round 3) - Epoch 4/10 | Loss: 0.0620 | Acc: 0.9852 | Val Loss: 0.0621 | Val Acc: 0.9828 | Time: 12.34s
2025-04-18 23:13:54,054 - INFO - P1 (Round 3) - Epoch 5/10 | Loss: 0.0616 | Acc: 0.9853 | Val Loss: 0.0620 | Val Acc: 0.9857 | Time: 12.08s
2025-04-18 23:14:06,435 - INFO - P1 (Round 3) - Epoch 6/10 | Loss: 0.0612 | Acc: 0.9854 | Val Loss: 0.0609 | Val Acc: 0.9852 | Time: 12.38s
2025-04-18 23:14:19,205 - INFO - P1 (Round 3) - Epoch 7/10 | Loss: 0.0610 | Acc: 0.9854 | Val Loss: 0.0607 | Val Acc: 0.9852 | Time: 12.77s
2025-04-18 23:14:31,437 - INFO - P1 (Round 3) - Epoch 8/10 | Loss: 0.0608 | Acc: 0.9855 | Val Loss: 0.0622 | Val Acc: 0.9857 | Time: 12.23s
2025-04-18 23:14:44,288 - INFO - P1 (Round 3) - Epoch 9/10 | Loss: 0.0606 | Acc: 0.9855 | Val Loss: 0.0608 | Val Acc: 0.9852 | Time: 12.85s
2025-04-18 23:14:56,363 - INFO - P1 (Round 3) - Epoch 10/10 | Loss: 0.0605 | Acc: 0.9855 | Val Loss: 0.0606 | Val Acc: 0.9852 | Time: 12.08s
2025-04-18 23:15:07,932 - INFO - P2 (Round 3) - Epoch 1/10 | Loss: 0.8302 | Acc: 0.6782 | Val Loss: 0.8287 | Val Acc: 0.6785 | Time: 11.57s
2025-04-18 23:15:20,326 - INFO - P2 (Round 3) - Epoch 2/10 | Loss: 0.8289 | Acc: 0.6785 | Val Loss: 0.8296 | Val Acc: 0.6785 | Time: 12.39s
2025-04-18 23:15:32,511 - INFO - P2 (Round 3) - Epoch 3/10 | Loss: 0.8288 | Acc: 0.6785 | Val Loss: 0.8287 | Val Acc: 0.6785 | Time: 12.18s
2025-04-18 23:15:44,139 - INFO - P2 (Round 3) - Epoch 4/10 | Loss: 0.8288 | Acc: 0.6785 | Val Loss: 0.8292 | Val Acc: 0.6783 | Time: 11.63s
2025-04-18 23:15:55,905 - INFO - P2 (Round 3) - Epoch 5/10 | Loss: 0.8287 | Acc: 0.6785 | Val Loss: 0.8289 | Val Acc: 0.6785 | Time: 11.77s
2025-04-18 23:16:07,709 - INFO - P2 (Round 3) - Epoch 6/10 | Loss: 0.8287 | Acc: 0.6785 | Val Loss: 0.8289 | Val Acc: 0.6785 | Time: 11.80s
2025-04-18 23:16:19,331 - INFO - P2 (Round 3) - Epoch 7/10 | Loss: 0.8287 | Acc: 0.6785 | Val Loss: 0.8287 | Val Acc: 0.6785 | Time: 11.62s
2025-04-18 23:16:31,848 - INFO - P2 (Round 3) - Epoch 8/10 | Loss: 0.8287 | Acc: 0.6785 | Val Loss: 0.8289 | Val Acc: 0.6785 | Time: 12.52s
2025-04-18 23:16:43,903 - INFO - P2 (Round 3) - Epoch 9/10 | Loss: 0.8287 | Acc: 0.6785 | Val Loss: 0.8288 | Val Acc: 0.6785 | Time: 12.05s
2025-04-18 23:16:55,731 - INFO - P2 (Round 3) - Epoch 10/10 | Loss: 0.8287 | Acc: 0.6785 | Val Loss: 0.8307 | Val Acc: 0.6785 | Time: 11.83s
2025-04-18 23:16:58,363 - INFO - Round 3 completed in 245.67s
2025-04-18 23:16:58,363 - INFO - Global Model - P1 Test: Loss = 1.1820, Accuracy = 0.7412
2025-04-18 23:16:58,363 - INFO - Global Model - P2 Test: Loss = 1.0387, Accuracy = 0.6097
2025-04-18 23:17:10,525 - INFO - P1 (Round 4) - Epoch 1/10 | Loss: 0.0836 | Acc: 0.9791 | Val Loss: 0.0660 | Val Acc: 0.9843 | Time: 12.16s
2025-04-18 23:17:22,478 - INFO - P1 (Round 4) - Epoch 2/10 | Loss: 0.0633 | Acc: 0.9844 | Val Loss: 0.0628 | Val Acc: 0.9850 | Time: 11.95s
2025-04-18 23:17:34,531 - INFO - P1 (Round 4) - Epoch 3/10 | Loss: 0.0625 | Acc: 0.9846 | Val Loss: 0.0622 | Val Acc: 0.9850 | Time: 12.05s
2025-04-18 23:17:47,573 - INFO - P1 (Round 4) - Epoch 4/10 | Loss: 0.0622 | Acc: 0.9847 | Val Loss: 0.0620 | Val Acc: 0.9853 | Time: 13.04s
2025-04-18 23:17:59,379 - INFO - P1 (Round 4) - Epoch 5/10 | Loss: 0.0620 | Acc: 0.9847 | Val Loss: 0.0625 | Val Acc: 0.9850 | Time: 11.81s
2025-04-18 23:18:11,470 - INFO - P1 (Round 4) - Epoch 6/10 | Loss: 0.0621 | Acc: 0.9847 | Val Loss: 0.0621 | Val Acc: 0.9835 | Time: 12.09s
2025-04-18 23:18:23,443 - INFO - P1 (Round 4) - Epoch 7/10 | Loss: 0.0618 | Acc: 0.9848 | Val Loss: 0.0620 | Val Acc: 0.9850 | Time: 11.97s
2025-04-18 23:18:35,402 - INFO - P1 (Round 4) - Epoch 8/10 | Loss: 0.0616 | Acc: 0.9850 | Val Loss: 0.0626 | Val Acc: 0.9850 | Time: 11.96s
2025-04-18 23:18:47,255 - INFO - P1 (Round 4) - Epoch 9/10 | Loss: 0.0612 | Acc: 0.9850 | Val Loss: 0.0614 | Val Acc: 0.9850 | Time: 11.85s
2025-04-18 23:19:00,249 - INFO - P1 (Round 4) - Epoch 10/10 | Loss: 0.0610 | Acc: 0.9851 | Val Loss: 0.0610 | Val Acc: 0.9850 | Time: 12.99s
2025-04-18 23:19:12,142 - INFO - P2 (Round 4) - Epoch 1/10 | Loss: 0.8320 | Acc: 0.6784 | Val Loss: 0.8292 | Val Acc: 0.6785 | Time: 11.89s
2025-04-18 23:19:24,391 - INFO - P2 (Round 4) - Epoch 2/10 | Loss: 0.8289 | Acc: 0.6785 | Val Loss: 0.8289 | Val Acc: 0.6785 | Time: 12.25s
2025-04-18 23:19:36,639 - INFO - P2 (Round 4) - Epoch 3/10 | Loss: 0.8289 | Acc: 0.6785 | Val Loss: 0.8295 | Val Acc: 0.6785 | Time: 12.25s
2025-04-18 23:19:49,062 - INFO - P2 (Round 4) - Epoch 4/10 | Loss: 0.8288 | Acc: 0.6785 | Val Loss: 0.8289 | Val Acc: 0.6785 | Time: 12.42s
2025-04-18 23:20:01,113 - INFO - P2 (Round 4) - Epoch 5/10 | Loss: 0.8288 | Acc: 0.6785 | Val Loss: 0.8288 | Val Acc: 0.6785 | Time: 12.05s
2025-04-18 23:20:13,746 - INFO - P2 (Round 4) - Epoch 6/10 | Loss: 0.8287 | Acc: 0.6785 | Val Loss: 0.8288 | Val Acc: 0.6785 | Time: 12.63s
2025-04-18 23:20:25,592 - INFO - P2 (Round 4) - Epoch 7/10 | Loss: 0.8287 | Acc: 0.6785 | Val Loss: 0.8288 | Val Acc: 0.6785 | Time: 11.85s
2025-04-18 23:20:37,599 - INFO - P2 (Round 4) - Epoch 8/10 | Loss: 0.8287 | Acc: 0.6785 | Val Loss: 0.8289 | Val Acc: 0.6785 | Time: 12.01s
2025-04-18 23:20:49,392 - INFO - P2 (Round 4) - Epoch 9/10 | Loss: 0.8287 | Acc: 0.6785 | Val Loss: 0.8288 | Val Acc: 0.6785 | Time: 11.79s
2025-04-18 23:21:00,865 - INFO - P2 (Round 4) - Epoch 10/10 | Loss: 0.8287 | Acc: 0.6785 | Val Loss: 0.8286 | Val Acc: 0.6785 | Time: 11.47s
2025-04-18 23:21:03,328 - INFO - Round 4 completed in 244.96s
2025-04-18 23:21:03,328 - INFO - Global Model - P1 Test: Loss = 1.2055, Accuracy = 0.5633
2025-04-18 23:21:03,328 - INFO - Global Model - P2 Test: Loss = 0.9402, Accuracy = 0.6641
2025-04-18 23:21:15,724 - INFO - P1 (Round 5) - Epoch 1/10 | Loss: 0.0802 | Acc: 0.9794 | Val Loss: 0.0633 | Val Acc: 0.9855 | Time: 12.40s
2025-04-18 23:21:28,353 - INFO - P1 (Round 5) - Epoch 2/10 | Loss: 0.0616 | Acc: 0.9850 | Val Loss: 0.0609 | Val Acc: 0.9846 | Time: 12.63s
2025-04-18 23:21:40,394 - INFO - P1 (Round 5) - Epoch 3/10 | Loss: 0.0607 | Acc: 0.9853 | Val Loss: 0.0602 | Val Acc: 0.9852 | Time: 12.04s
2025-04-18 23:21:52,153 - INFO - P1 (Round 5) - Epoch 4/10 | Loss: 0.0602 | Acc: 0.9854 | Val Loss: 0.0605 | Val Acc: 0.9852 | Time: 11.76s
2025-04-18 23:22:04,120 - INFO - P1 (Round 5) - Epoch 5/10 | Loss: 0.0600 | Acc: 0.9854 | Val Loss: 0.0608 | Val Acc: 0.9855 | Time: 11.97s
2025-04-18 23:22:15,883 - INFO - P1 (Round 5) - Epoch 6/10 | Loss: 0.0599 | Acc: 0.9854 | Val Loss: 0.0606 | Val Acc: 0.9855 | Time: 11.76s
2025-04-18 23:22:28,649 - INFO - P1 (Round 5) - Epoch 7/10 | Loss: 0.0598 | Acc: 0.9854 | Val Loss: 0.0598 | Val Acc: 0.9853 | Time: 12.77s
2025-04-18 23:22:41,295 - INFO - P1 (Round 5) - Epoch 8/10 | Loss: 0.0594 | Acc: 0.9854 | Val Loss: 0.0597 | Val Acc: 0.9855 | Time: 12.65s
2025-04-18 23:22:53,311 - INFO - P1 (Round 5) - Epoch 9/10 | Loss: 0.0595 | Acc: 0.9855 | Val Loss: 0.0598 | Val Acc: 0.9857 | Time: 12.02s
2025-04-18 23:23:05,214 - INFO - P1 (Round 5) - Epoch 10/10 | Loss: 0.0594 | Acc: 0.9855 | Val Loss: 0.0592 | Val Acc: 0.9855 | Time: 11.90s
2025-04-18 23:23:17,069 - INFO - P2 (Round 5) - Epoch 1/10 | Loss: 0.8300 | Acc: 0.6784 | Val Loss: 0.8290 | Val Acc: 0.6785 | Time: 11.85s
2025-04-18 23:23:28,704 - INFO - P2 (Round 5) - Epoch 2/10 | Loss: 0.8288 | Acc: 0.6785 | Val Loss: 0.8291 | Val Acc: 0.6785 | Time: 11.63s
2025-04-18 23:23:40,914 - INFO - P2 (Round 5) - Epoch 3/10 | Loss: 0.8287 | Acc: 0.6785 | Val Loss: 0.8288 | Val Acc: 0.6785 | Time: 12.21s
2025-04-18 23:23:53,311 - INFO - P2 (Round 5) - Epoch 4/10 | Loss: 0.8287 | Acc: 0.6785 | Val Loss: 0.8287 | Val Acc: 0.6785 | Time: 12.40s
2025-04-18 23:24:05,353 - INFO - P2 (Round 5) - Epoch 5/10 | Loss: 0.8287 | Acc: 0.6785 | Val Loss: 0.8288 | Val Acc: 0.6785 | Time: 12.04s
2025-04-18 23:24:17,196 - INFO - P2 (Round 5) - Epoch 6/10 | Loss: 0.8287 | Acc: 0.6785 | Val Loss: 0.8289 | Val Acc: 0.6785 | Time: 11.84s
2025-04-18 23:24:29,020 - INFO - P2 (Round 5) - Epoch 7/10 | Loss: 0.8286 | Acc: 0.6785 | Val Loss: 0.8287 | Val Acc: 0.6785 | Time: 11.82s
2025-04-18 23:24:41,104 - INFO - P2 (Round 5) - Epoch 8/10 | Loss: 0.8286 | Acc: 0.6785 | Val Loss: 0.8286 | Val Acc: 0.6785 | Time: 12.08s
2025-04-18 23:24:53,893 - INFO - P2 (Round 5) - Epoch 9/10 | Loss: 0.8286 | Acc: 0.6785 | Val Loss: 0.8289 | Val Acc: 0.6785 | Time: 12.79s
2025-04-18 23:25:06,602 - INFO - P2 (Round 5) - Epoch 10/10 | Loss: 0.8286 | Acc: 0.6785 | Val Loss: 0.8286 | Val Acc: 0.6785 | Time: 12.71s
2025-04-18 23:25:09,205 - INFO - Round 5 completed in 245.88s
2025-04-18 23:25:09,205 - INFO - Global Model - P1 Test: Loss = 1.3750, Accuracy = 0.5652
2025-04-18 23:25:09,205 - INFO - Global Model - P2 Test: Loss = 0.9904, Accuracy = 0.6605
2025-04-18 23:25:21,158 - INFO - P1 (Round 6) - Epoch 1/10 | Loss: 0.0893 | Acc: 0.9761 | Val Loss: 0.0618 | Val Acc: 0.9845 | Time: 11.95s
2025-04-18 23:25:33,443 - INFO - P1 (Round 6) - Epoch 2/10 | Loss: 0.0610 | Acc: 0.9853 | Val Loss: 0.0603 | Val Acc: 0.9853 | Time: 12.28s
2025-04-18 23:25:45,656 - INFO - P1 (Round 6) - Epoch 3/10 | Loss: 0.0603 | Acc: 0.9854 | Val Loss: 0.0601 | Val Acc: 0.9857 | Time: 12.21s
2025-04-18 23:25:58,253 - INFO - P1 (Round 6) - Epoch 4/10 | Loss: 0.0599 | Acc: 0.9855 | Val Loss: 0.0595 | Val Acc: 0.9857 | Time: 12.60s
2025-04-18 23:26:10,868 - INFO - P1 (Round 6) - Epoch 5/10 | Loss: 0.0596 | Acc: 0.9855 | Val Loss: 0.0610 | Val Acc: 0.9854 | Time: 12.62s
2025-04-18 23:26:21,297 - INFO - P1 (Round 6) - Epoch 6/10 | Loss: 0.0595 | Acc: 0.9856 | Val Loss: 0.0603 | Val Acc: 0.9857 | Time: 10.43s
2025-04-18 23:26:31,490 - INFO - P1 (Round 6) - Epoch 7/10 | Loss: 0.0592 | Acc: 0.9856 | Val Loss: 0.0607 | Val Acc: 0.9857 | Time: 10.19s
2025-04-18 23:26:41,376 - INFO - P1 (Round 6) - Epoch 8/10 | Loss: 0.0591 | Acc: 0.9856 | Val Loss: 0.0590 | Val Acc: 0.9853 | Time: 9.89s
2025-04-18 23:26:51,409 - INFO - P1 (Round 6) - Epoch 9/10 | Loss: 0.0592 | Acc: 0.9856 | Val Loss: 0.0593 | Val Acc: 0.9853 | Time: 10.03s
2025-04-18 23:27:01,446 - INFO - P1 (Round 6) - Epoch 10/10 | Loss: 0.0589 | Acc: 0.9857 | Val Loss: 0.0593 | Val Acc: 0.9858 | Time: 10.04s
2025-04-18 23:27:12,243 - INFO - P2 (Round 6) - Epoch 1/10 | Loss: 0.8300 | Acc: 0.6785 | Val Loss: 0.8287 | Val Acc: 0.6785 | Time: 10.80s
2025-04-18 23:27:23,290 - INFO - P2 (Round 6) - Epoch 2/10 | Loss: 0.8292 | Acc: 0.6785 | Val Loss: 0.8291 | Val Acc: 0.6785 | Time: 11.05s
2025-04-18 23:27:33,155 - INFO - P2 (Round 6) - Epoch 3/10 | Loss: 0.8291 | Acc: 0.6785 | Val Loss: 0.8295 | Val Acc: 0.6785 | Time: 9.86s
2025-04-18 23:27:42,890 - INFO - P2 (Round 6) - Epoch 4/10 | Loss: 0.8292 | Acc: 0.6785 | Val Loss: 0.8304 | Val Acc: 0.6785 | Time: 9.73s
2025-04-18 23:27:52,658 - INFO - P2 (Round 6) - Epoch 5/10 | Loss: 0.8292 | Acc: 0.6785 | Val Loss: 0.8289 | Val Acc: 0.6785 | Time: 9.77s
2025-04-18 23:28:02,594 - INFO - P2 (Round 6) - Epoch 6/10 | Loss: 0.8291 | Acc: 0.6785 | Val Loss: 0.8296 | Val Acc: 0.6785 | Time: 9.94s
2025-04-18 23:28:12,158 - INFO - P2 (Round 6) - Epoch 7/10 | Loss: 0.8291 | Acc: 0.6785 | Val Loss: 0.8291 | Val Acc: 0.6785 | Time: 9.56s
2025-04-18 23:28:22,535 - INFO - P2 (Round 6) - Epoch 8/10 | Loss: 0.8291 | Acc: 0.6785 | Val Loss: 0.8287 | Val Acc: 0.6785 | Time: 10.38s
2025-04-18 23:28:33,736 - INFO - P2 (Round 6) - Epoch 9/10 | Loss: 0.8291 | Acc: 0.6785 | Val Loss: 0.8289 | Val Acc: 0.6785 | Time: 11.20s
2025-04-18 23:28:43,575 - INFO - P2 (Round 6) - Epoch 10/10 | Loss: 0.8290 | Acc: 0.6785 | Val Loss: 0.8294 | Val Acc: 0.6785 | Time: 9.84s
2025-04-18 23:28:45,779 - INFO - Round 6 completed in 216.57s
2025-04-18 23:28:45,779 - INFO - Global Model - P1 Test: Loss = 1.1115, Accuracy = 0.7525
2025-04-18 23:28:45,779 - INFO - Global Model - P2 Test: Loss = 0.9772, Accuracy = 0.5947
2025-04-18 23:28:55,783 - INFO - P1 (Round 7) - Epoch 1/10 | Loss: 0.0781 | Acc: 0.9801 | Val Loss: 0.0606 | Val Acc: 0.9845 | Time: 10.00s
2025-04-18 23:29:06,359 - INFO - P1 (Round 7) - Epoch 2/10 | Loss: 0.0601 | Acc: 0.9852 | Val Loss: 0.0601 | Val Acc: 0.9850 | Time: 10.58s
2025-04-18 23:29:16,630 - INFO - P1 (Round 7) - Epoch 3/10 | Loss: 0.0595 | Acc: 0.9852 | Val Loss: 0.0594 | Val Acc: 0.9848 | Time: 10.27s
2025-04-18 23:29:26,823 - INFO - P1 (Round 7) - Epoch 4/10 | Loss: 0.0596 | Acc: 0.9852 | Val Loss: 0.0593 | Val Acc: 0.9850 | Time: 10.19s
2025-04-18 23:29:38,151 - INFO - P1 (Round 7) - Epoch 5/10 | Loss: 0.0592 | Acc: 0.9852 | Val Loss: 0.0595 | Val Acc: 0.9851 | Time: 11.33s
2025-04-18 23:29:48,607 - INFO - P1 (Round 7) - Epoch 6/10 | Loss: 0.0593 | Acc: 0.9852 | Val Loss: 0.0608 | Val Acc: 0.9851 | Time: 10.46s
2025-04-18 23:29:59,247 - INFO - P1 (Round 7) - Epoch 7/10 | Loss: 0.0591 | Acc: 0.9852 | Val Loss: 0.0593 | Val Acc: 0.9850 | Time: 10.64s
2025-04-18 23:30:09,435 - INFO - P1 (Round 7) - Epoch 8/10 | Loss: 0.0590 | Acc: 0.9852 | Val Loss: 0.0592 | Val Acc: 0.9849 | Time: 10.19s
2025-04-18 23:30:19,692 - INFO - P1 (Round 7) - Epoch 9/10 | Loss: 0.0593 | Acc: 0.9853 | Val Loss: 0.0593 | Val Acc: 0.9848 | Time: 10.26s
2025-04-18 23:30:29,800 - INFO - P1 (Round 7) - Epoch 10/10 | Loss: 0.0589 | Acc: 0.9853 | Val Loss: 0.0589 | Val Acc: 0.9851 | Time: 10.11s
2025-04-18 23:30:40,096 - INFO - P2 (Round 7) - Epoch 1/10 | Loss: 0.8305 | Acc: 0.6783 | Val Loss: 0.8293 | Val Acc: 0.6785 | Time: 10.30s
2025-04-18 23:30:51,811 - INFO - P2 (Round 7) - Epoch 2/10 | Loss: 0.8292 | Acc: 0.6785 | Val Loss: 0.8288 | Val Acc: 0.6785 | Time: 11.71s
2025-04-18 23:31:01,801 - INFO - P2 (Round 7) - Epoch 3/10 | Loss: 0.8291 | Acc: 0.6785 | Val Loss: 0.8286 | Val Acc: 0.6785 | Time: 9.99s
2025-04-18 23:31:11,981 - INFO - P2 (Round 7) - Epoch 4/10 | Loss: 0.8291 | Acc: 0.6785 | Val Loss: 0.8288 | Val Acc: 0.6785 | Time: 10.18s
2025-04-18 23:31:21,765 - INFO - P2 (Round 7) - Epoch 5/10 | Loss: 0.8292 | Acc: 0.6785 | Val Loss: 0.8295 | Val Acc: 0.6785 | Time: 9.78s
2025-04-18 23:31:31,603 - INFO - P2 (Round 7) - Epoch 6/10 | Loss: 0.8291 | Acc: 0.6785 | Val Loss: 0.8289 | Val Acc: 0.6785 | Time: 9.84s
2025-04-18 23:31:41,365 - INFO - P2 (Round 7) - Epoch 7/10 | Loss: 0.8291 | Acc: 0.6785 | Val Loss: 0.8287 | Val Acc: 0.6785 | Time: 9.76s
2025-04-18 23:31:51,697 - INFO - P2 (Round 7) - Epoch 8/10 | Loss: 0.8291 | Acc: 0.6785 | Val Loss: 0.8287 | Val Acc: 0.6785 | Time: 10.33s
2025-04-18 23:32:03,522 - INFO - P2 (Round 7) - Epoch 9/10 | Loss: 0.8290 | Acc: 0.6785 | Val Loss: 0.8295 | Val Acc: 0.6785 | Time: 11.82s
2025-04-18 23:32:13,366 - INFO - P2 (Round 7) - Epoch 10/10 | Loss: 0.8290 | Acc: 0.6785 | Val Loss: 0.8297 | Val Acc: 0.6785 | Time: 9.84s
2025-04-18 23:32:15,739 - INFO - Round 7 completed in 209.96s
2025-04-18 23:32:15,739 - INFO - Global Model - P1 Test: Loss = 1.3054, Accuracy = 0.6044
2025-04-18 23:32:15,740 - INFO - Global Model - P2 Test: Loss = 0.9457, Accuracy = 0.6401
2025-04-18 23:32:25,892 - INFO - P1 (Round 8) - Epoch 1/10 | Loss: 0.0778 | Acc: 0.9807 | Val Loss: 0.0614 | Val Acc: 0.9848 | Time: 10.15s
2025-04-18 23:32:35,964 - INFO - P1 (Round 8) - Epoch 2/10 | Loss: 0.0601 | Acc: 0.9851 | Val Loss: 0.0614 | Val Acc: 0.9847 | Time: 10.07s
2025-04-18 23:32:46,051 - INFO - P1 (Round 8) - Epoch 3/10 | Loss: 0.0598 | Acc: 0.9851 | Val Loss: 0.0605 | Val Acc: 0.9848 | Time: 10.09s
2025-04-18 23:32:56,528 - INFO - P1 (Round 8) - Epoch 4/10 | Loss: 0.0598 | Acc: 0.9851 | Val Loss: 0.0596 | Val Acc: 0.9850 | Time: 10.48s
2025-04-18 23:33:06,598 - INFO - P1 (Round 8) - Epoch 5/10 | Loss: 0.0598 | Acc: 0.9851 | Val Loss: 0.0604 | Val Acc: 0.9848 | Time: 10.07s
2025-04-18 23:33:18,396 - INFO - P1 (Round 8) - Epoch 6/10 | Loss: 0.0593 | Acc: 0.9851 | Val Loss: 0.0596 | Val Acc: 0.9848 | Time: 11.80s
2025-04-18 23:33:28,468 - INFO - P1 (Round 8) - Epoch 7/10 | Loss: 0.0595 | Acc: 0.9851 | Val Loss: 0.0599 | Val Acc: 0.9848 | Time: 10.07s
2025-04-18 23:33:38,780 - INFO - P1 (Round 8) - Epoch 8/10 | Loss: 0.0591 | Acc: 0.9851 | Val Loss: 0.0595 | Val Acc: 0.9848 | Time: 10.31s
2025-04-18 23:33:49,155 - INFO - P1 (Round 8) - Epoch 9/10 | Loss: 0.0591 | Acc: 0.9851 | Val Loss: 0.0595 | Val Acc: 0.9850 | Time: 10.38s
2025-04-18 23:34:01,403 - INFO - P1 (Round 8) - Epoch 10/10 | Loss: 0.0590 | Acc: 0.9851 | Val Loss: 0.0598 | Val Acc: 0.9847 | Time: 12.25s
2025-04-18 23:34:12,952 - INFO - P2 (Round 8) - Epoch 1/10 | Loss: 0.8304 | Acc: 0.6783 | Val Loss: 0.8288 | Val Acc: 0.6785 | Time: 11.55s
2025-04-18 23:34:25,723 - INFO - P2 (Round 8) - Epoch 2/10 | Loss: 0.8292 | Acc: 0.6785 | Val Loss: 0.8289 | Val Acc: 0.6785 | Time: 12.77s
2025-04-18 23:34:37,675 - INFO - P2 (Round 8) - Epoch 3/10 | Loss: 0.8291 | Acc: 0.6785 | Val Loss: 0.8287 | Val Acc: 0.6785 | Time: 11.95s
2025-04-18 23:34:49,555 - INFO - P2 (Round 8) - Epoch 4/10 | Loss: 0.8291 | Acc: 0.6785 | Val Loss: 0.8290 | Val Acc: 0.6785 | Time: 11.88s
2025-04-18 23:35:01,513 - INFO - P2 (Round 8) - Epoch 5/10 | Loss: 0.8291 | Acc: 0.6785 | Val Loss: 0.8290 | Val Acc: 0.6785 | Time: 11.96s
2025-04-18 23:35:13,408 - INFO - P2 (Round 8) - Epoch 6/10 | Loss: 0.8291 | Acc: 0.6785 | Val Loss: 0.8287 | Val Acc: 0.6785 | Time: 11.90s
2025-04-18 23:35:25,291 - INFO - P2 (Round 8) - Epoch 7/10 | Loss: 0.8290 | Acc: 0.6785 | Val Loss: 0.8297 | Val Acc: 0.6785 | Time: 11.88s
2025-04-18 23:35:37,750 - INFO - P2 (Round 8) - Epoch 8/10 | Loss: 0.8290 | Acc: 0.6785 | Val Loss: 0.8294 | Val Acc: 0.6785 | Time: 12.46s
2025-04-18 23:35:49,681 - INFO - P2 (Round 8) - Epoch 9/10 | Loss: 0.8290 | Acc: 0.6785 | Val Loss: 0.8290 | Val Acc: 0.6785 | Time: 11.93s
2025-04-18 23:36:01,401 - INFO - P2 (Round 8) - Epoch 10/10 | Loss: 0.8291 | Acc: 0.6785 | Val Loss: 0.8290 | Val Acc: 0.6785 | Time: 11.72s
2025-04-18 23:36:03,954 - INFO - Round 8 completed in 228.21s
2025-04-18 23:36:03,954 - INFO - Global Model - P1 Test: Loss = 1.0889, Accuracy = 0.7779
2025-04-18 23:36:03,954 - INFO - Global Model - P2 Test: Loss = 1.0388, Accuracy = 0.5801
2025-04-18 23:36:16,052 - INFO - P1 (Round 9) - Epoch 1/10 | Loss: 0.0796 | Acc: 0.9797 | Val Loss: 0.0607 | Val Acc: 0.9848 | Time: 12.10s
2025-04-18 23:36:28,227 - INFO - P1 (Round 9) - Epoch 2/10 | Loss: 0.0603 | Acc: 0.9851 | Val Loss: 0.0605 | Val Acc: 0.9850 | Time: 12.17s
2025-04-18 23:36:40,268 - INFO - P1 (Round 9) - Epoch 3/10 | Loss: 0.0597 | Acc: 0.9851 | Val Loss: 0.0600 | Val Acc: 0.9848 | Time: 12.04s
2025-04-18 23:36:53,427 - INFO - P1 (Round 9) - Epoch 4/10 | Loss: 0.0598 | Acc: 0.9851 | Val Loss: 0.0599 | Val Acc: 0.9848 | Time: 13.16s
2025-04-18 23:37:05,482 - INFO - P1 (Round 9) - Epoch 5/10 | Loss: 0.0594 | Acc: 0.9851 | Val Loss: 0.0603 | Val Acc: 0.9848 | Time: 12.05s
2025-04-18 23:37:17,693 - INFO - P1 (Round 9) - Epoch 6/10 | Loss: 0.0595 | Acc: 0.9851 | Val Loss: 0.0600 | Val Acc: 0.9850 | Time: 12.21s
2025-04-18 23:37:30,147 - INFO - P1 (Round 9) - Epoch 7/10 | Loss: 0.0591 | Acc: 0.9851 | Val Loss: 0.0590 | Val Acc: 0.9848 | Time: 12.45s
2025-04-18 23:37:42,052 - INFO - P1 (Round 9) - Epoch 8/10 | Loss: 0.0591 | Acc: 0.9851 | Val Loss: 0.0596 | Val Acc: 0.9850 | Time: 11.90s
2025-04-18 23:37:54,292 - INFO - P1 (Round 9) - Epoch 9/10 | Loss: 0.0592 | Acc: 0.9851 | Val Loss: 0.0596 | Val Acc: 0.9848 | Time: 12.24s
2025-04-18 23:38:06,619 - INFO - P1 (Round 9) - Epoch 10/10 | Loss: 0.0593 | Acc: 0.9851 | Val Loss: 0.0599 | Val Acc: 0.9848 | Time: 12.33s
2025-04-18 23:38:16,609 - INFO - P2 (Round 9) - Epoch 1/10 | Loss: 0.8312 | Acc: 0.6780 | Val Loss: 0.8297 | Val Acc: 0.6785 | Time: 9.99s
2025-04-18 23:38:26,502 - INFO - P2 (Round 9) - Epoch 2/10 | Loss: 0.8291 | Acc: 0.6785 | Val Loss: 0.8290 | Val Acc: 0.6785 | Time: 9.89s
2025-04-18 23:38:36,397 - INFO - P2 (Round 9) - Epoch 3/10 | Loss: 0.8291 | Acc: 0.6785 | Val Loss: 0.8289 | Val Acc: 0.6785 | Time: 9.90s
2025-04-18 23:38:46,437 - INFO - P2 (Round 9) - Epoch 4/10 | Loss: 0.8290 | Acc: 0.6785 | Val Loss: 0.8288 | Val Acc: 0.6785 | Time: 10.04s
2025-04-18 23:38:56,416 - INFO - P2 (Round 9) - Epoch 5/10 | Loss: 0.8291 | Acc: 0.6785 | Val Loss: 0.8293 | Val Acc: 0.6785 | Time: 9.98s
2025-04-18 23:39:07,028 - INFO - P2 (Round 9) - Epoch 6/10 | Loss: 0.8290 | Acc: 0.6785 | Val Loss: 0.8297 | Val Acc: 0.6785 | Time: 10.61s
2025-04-18 23:39:17,840 - INFO - P2 (Round 9) - Epoch 7/10 | Loss: 0.8291 | Acc: 0.6785 | Val Loss: 0.8290 | Val Acc: 0.6785 | Time: 10.81s
2025-04-18 23:39:27,737 - INFO - P2 (Round 9) - Epoch 8/10 | Loss: 0.8290 | Acc: 0.6785 | Val Loss: 0.8288 | Val Acc: 0.6785 | Time: 9.90s
2025-04-18 23:39:37,693 - INFO - P2 (Round 9) - Epoch 9/10 | Loss: 0.8290 | Acc: 0.6785 | Val Loss: 0.8289 | Val Acc: 0.6785 | Time: 9.96s
2025-04-18 23:39:47,732 - INFO - P2 (Round 9) - Epoch 10/10 | Loss: 0.8290 | Acc: 0.6785 | Val Loss: 0.8292 | Val Acc: 0.6785 | Time: 10.04s
2025-04-18 23:39:49,890 - INFO - Round 9 completed in 225.94s
2025-04-18 23:39:49,891 - INFO - Global Model - P1 Test: Loss = 1.0804, Accuracy = 0.7812
2025-04-18 23:39:49,891 - INFO - Global Model - P2 Test: Loss = 1.1091, Accuracy = 0.5801
2025-04-18 23:40:00,138 - INFO - P1 (Round 10) - Epoch 1/10 | Loss: 0.0818 | Acc: 0.9784 | Val Loss: 0.0601 | Val Acc: 0.9848 | Time: 10.25s
2025-04-18 23:40:10,733 - INFO - P1 (Round 10) - Epoch 2/10 | Loss: 0.0600 | Acc: 0.9851 | Val Loss: 0.0608 | Val Acc: 0.9848 | Time: 10.60s
2025-04-18 23:40:22,247 - INFO - P1 (Round 10) - Epoch 3/10 | Loss: 0.0597 | Acc: 0.9851 | Val Loss: 0.0596 | Val Acc: 0.9848 | Time: 11.51s
2025-04-18 23:40:33,316 - INFO - P1 (Round 10) - Epoch 4/10 | Loss: 0.0595 | Acc: 0.9851 | Val Loss: 0.0599 | Val Acc: 0.9850 | Time: 11.07s
2025-04-18 23:40:43,509 - INFO - P1 (Round 10) - Epoch 5/10 | Loss: 0.0594 | Acc: 0.9851 | Val Loss: 0.0597 | Val Acc: 0.9848 | Time: 10.19s
2025-04-18 23:40:54,627 - INFO - P1 (Round 10) - Epoch 6/10 | Loss: 0.0594 | Acc: 0.9851 | Val Loss: 0.0592 | Val Acc: 0.9848 | Time: 11.12s
2025-04-18 23:41:06,808 - INFO - P1 (Round 10) - Epoch 7/10 | Loss: 0.0594 | Acc: 0.9851 | Val Loss: 0.0593 | Val Acc: 0.9848 | Time: 12.18s
2025-04-18 23:41:18,949 - INFO - P1 (Round 10) - Epoch 8/10 | Loss: 0.0592 | Acc: 0.9851 | Val Loss: 0.0596 | Val Acc: 0.9850 | Time: 12.14s
2025-04-18 23:41:31,366 - INFO - P1 (Round 10) - Epoch 9/10 | Loss: 0.0591 | Acc: 0.9851 | Val Loss: 0.0591 | Val Acc: 0.9848 | Time: 12.42s
2025-04-18 23:41:43,978 - INFO - P1 (Round 10) - Epoch 10/10 | Loss: 0.0591 | Acc: 0.9851 | Val Loss: 0.0595 | Val Acc: 0.9855 | Time: 12.61s
2025-04-18 23:41:55,804 - INFO - P2 (Round 10) - Epoch 1/10 | Loss: 0.8318 | Acc: 0.6778 | Val Loss: 0.8326 | Val Acc: 0.6785 | Time: 11.83s
2025-04-18 23:42:07,601 - INFO - P2 (Round 10) - Epoch 2/10 | Loss: 0.8293 | Acc: 0.6785 | Val Loss: 0.8296 | Val Acc: 0.6785 | Time: 11.80s
2025-04-18 23:42:19,296 - INFO - P2 (Round 10) - Epoch 3/10 | Loss: 0.8292 | Acc: 0.6785 | Val Loss: 0.8293 | Val Acc: 0.6783 | Time: 11.69s
2025-04-18 23:42:31,035 - INFO - P2 (Round 10) - Epoch 4/10 | Loss: 0.8290 | Acc: 0.6785 | Val Loss: 0.8287 | Val Acc: 0.6785 | Time: 11.74s
2025-04-18 23:42:43,505 - INFO - P2 (Round 10) - Epoch 5/10 | Loss: 0.8290 | Acc: 0.6785 | Val Loss: 0.8288 | Val Acc: 0.6785 | Time: 12.47s
2025-04-18 23:42:55,720 - INFO - P2 (Round 10) - Epoch 6/10 | Loss: 0.8290 | Acc: 0.6785 | Val Loss: 0.8293 | Val Acc: 0.6785 | Time: 12.22s
2025-04-18 23:43:07,320 - INFO - P2 (Round 10) - Epoch 7/10 | Loss: 0.8290 | Acc: 0.6785 | Val Loss: 0.8287 | Val Acc: 0.6785 | Time: 11.60s
2025-04-18 23:43:19,327 - INFO - P2 (Round 10) - Epoch 8/10 | Loss: 0.8290 | Acc: 0.6785 | Val Loss: 0.8289 | Val Acc: 0.6783 | Time: 12.01s
2025-04-18 23:43:31,231 - INFO - P2 (Round 10) - Epoch 9/10 | Loss: 0.8289 | Acc: 0.6785 | Val Loss: 0.8287 | Val Acc: 0.6785 | Time: 11.90s
2025-04-18 23:43:42,865 - INFO - P2 (Round 10) - Epoch 10/10 | Loss: 0.8289 | Acc: 0.6785 | Val Loss: 0.8293 | Val Acc: 0.6785 | Time: 11.63s
2025-04-18 23:43:45,376 - INFO - Round 10 completed in 235.49s
2025-04-18 23:43:45,376 - INFO - Global Model - P1 Test: Loss = 1.1713, Accuracy = 0.5974
2025-04-18 23:43:45,376 - INFO - Global Model - P2 Test: Loss = 0.9797, Accuracy = 0.6483
2025-04-18 23:43:48,004 - INFO - Final Results after 10 rounds:
2025-04-18 23:43:48,005 - INFO - Global Model - P1 Test: Loss = 1.1713, Accuracy = 0.5974
2025-04-18 23:43:48,005 - INFO - Global Model - P2 Test: Loss = 0.9797, Accuracy = 0.6483
2025-04-18 23:43:48,011 - INFO - Experiment 181 results saved to results/suppression_experiments/exp_181_p1f2_p2f2.json
