2025-04-18 20:30:47,578 - INFO - Starting Suppression Experiment 137
2025-04-18 20:30:47,578 - INFO - P1 Features (5/14): ['protocol', 'bidirectional_min_ps', 'bidirectional_mean_ps', 'bidirectional_stddev_ps', 'bidirectional_max_ps']
2025-04-18 20:30:47,578 - INFO - P2 Features (4/14): ['protocol', 'bidirectional_min_ps', 'bidirectional_mean_ps', 'bidirectional_stddev_ps']
2025-04-18 20:30:57,671 - INFO - P1 (Round 1) - Epoch 1/10 | Loss: 0.1755 | Acc: 0.9483 | Val Loss: 0.0669 | Val Acc: 0.9805 | Time: 9.98s
2025-04-18 20:31:07,673 - INFO - P1 (Round 1) - Epoch 2/10 | Loss: 0.0572 | Acc: 0.9835 | Val Loss: 0.0521 | Val Acc: 0.9846 | Time: 10.00s
2025-04-18 20:31:18,828 - INFO - P1 (Round 1) - Epoch 3/10 | Loss: 0.0486 | Acc: 0.9857 | Val Loss: 0.0466 | Val Acc: 0.9859 | Time: 11.15s
2025-04-18 20:31:31,004 - INFO - P1 (Round 1) - Epoch 4/10 | Loss: 0.0438 | Acc: 0.9867 | Val Loss: 0.0416 | Val Acc: 0.9871 | Time: 12.18s
2025-04-18 20:31:42,947 - INFO - P1 (Round 1) - Epoch 5/10 | Loss: 0.0393 | Acc: 0.9877 | Val Loss: 0.0376 | Val Acc: 0.9888 | Time: 11.94s
2025-04-18 20:31:55,275 - INFO - P1 (Round 1) - Epoch 6/10 | Loss: 0.0354 | Acc: 0.9891 | Val Loss: 0.0346 | Val Acc: 0.9892 | Time: 12.33s
2025-04-18 20:32:07,184 - INFO - P1 (Round 1) - Epoch 7/10 | Loss: 0.0324 | Acc: 0.9900 | Val Loss: 0.0326 | Val Acc: 0.9903 | Time: 11.91s
2025-04-18 20:32:19,132 - INFO - P1 (Round 1) - Epoch 8/10 | Loss: 0.0298 | Acc: 0.9905 | Val Loss: 0.0297 | Val Acc: 0.9912 | Time: 11.95s
2025-04-18 20:32:31,784 - INFO - P1 (Round 1) - Epoch 9/10 | Loss: 0.0279 | Acc: 0.9911 | Val Loss: 0.0275 | Val Acc: 0.9913 | Time: 12.65s
2025-04-18 20:32:44,557 - INFO - P1 (Round 1) - Epoch 10/10 | Loss: 0.0260 | Acc: 0.9919 | Val Loss: 0.0257 | Val Acc: 0.9916 | Time: 12.77s
2025-04-18 20:32:56,535 - INFO - P2 (Round 1) - Epoch 1/10 | Loss: 0.5673 | Acc: 0.7475 | Val Loss: 0.4555 | Val Acc: 0.7860 | Time: 11.98s
2025-04-18 20:33:08,177 - INFO - P2 (Round 1) - Epoch 2/10 | Loss: 0.4176 | Acc: 0.8005 | Val Loss: 0.4012 | Val Acc: 0.8108 | Time: 11.64s
2025-04-18 20:33:19,839 - INFO - P2 (Round 1) - Epoch 3/10 | Loss: 0.3968 | Acc: 0.8075 | Val Loss: 0.3935 | Val Acc: 0.8122 | Time: 11.66s
2025-04-18 20:33:31,633 - INFO - P2 (Round 1) - Epoch 4/10 | Loss: 0.3908 | Acc: 0.8066 | Val Loss: 0.3922 | Val Acc: 0.8047 | Time: 11.79s
2025-04-18 20:33:43,974 - INFO - P2 (Round 1) - Epoch 5/10 | Loss: 0.3869 | Acc: 0.8075 | Val Loss: 0.3856 | Val Acc: 0.8045 | Time: 12.34s
2025-04-18 20:33:56,328 - INFO - P2 (Round 1) - Epoch 6/10 | Loss: 0.3822 | Acc: 0.8094 | Val Loss: 0.3796 | Val Acc: 0.8098 | Time: 12.35s
2025-04-18 20:34:08,206 - INFO - P2 (Round 1) - Epoch 7/10 | Loss: 0.3773 | Acc: 0.8132 | Val Loss: 0.3765 | Val Acc: 0.8093 | Time: 11.88s
2025-04-18 20:34:19,834 - INFO - P2 (Round 1) - Epoch 8/10 | Loss: 0.3713 | Acc: 0.8183 | Val Loss: 0.3686 | Val Acc: 0.8240 | Time: 11.63s
2025-04-18 20:34:31,499 - INFO - P2 (Round 1) - Epoch 9/10 | Loss: 0.3663 | Acc: 0.8227 | Val Loss: 0.3653 | Val Acc: 0.8251 | Time: 11.66s
2025-04-18 20:34:43,412 - INFO - P2 (Round 1) - Epoch 10/10 | Loss: 0.3636 | Acc: 0.8241 | Val Loss: 0.3621 | Val Acc: 0.8253 | Time: 11.91s
2025-04-18 20:34:45,983 - INFO - Round 1 completed in 238.29s
2025-04-18 20:34:45,984 - INFO - Global Model - P1 Test: Loss = 30.0115, Accuracy = 0.2134
2025-04-18 20:34:45,984 - INFO - Global Model - P2 Test: Loss = 3.9847, Accuracy = 0.1915
2025-04-18 20:34:59,134 - INFO - P1 (Round 2) - Epoch 1/10 | Loss: 0.5704 | Acc: 0.9460 | Val Loss: 0.0624 | Val Acc: 0.9804 | Time: 13.15s
2025-04-18 20:35:11,285 - INFO - P1 (Round 2) - Epoch 2/10 | Loss: 0.0530 | Acc: 0.9838 | Val Loss: 0.0482 | Val Acc: 0.9856 | Time: 12.15s
2025-04-18 20:35:23,493 - INFO - P1 (Round 2) - Epoch 3/10 | Loss: 0.0461 | Acc: 0.9863 | Val Loss: 0.0440 | Val Acc: 0.9870 | Time: 12.21s
2025-04-18 20:35:35,213 - INFO - P1 (Round 2) - Epoch 4/10 | Loss: 0.0433 | Acc: 0.9870 | Val Loss: 0.0419 | Val Acc: 0.9877 | Time: 11.72s
2025-04-18 20:35:47,245 - INFO - P1 (Round 2) - Epoch 5/10 | Loss: 0.0408 | Acc: 0.9874 | Val Loss: 0.0398 | Val Acc: 0.9880 | Time: 12.03s
2025-04-18 20:35:59,237 - INFO - P1 (Round 2) - Epoch 6/10 | Loss: 0.0384 | Acc: 0.9877 | Val Loss: 0.0371 | Val Acc: 0.9874 | Time: 11.99s
2025-04-18 20:36:12,249 - INFO - P1 (Round 2) - Epoch 7/10 | Loss: 0.0364 | Acc: 0.9879 | Val Loss: 0.0354 | Val Acc: 0.9875 | Time: 13.01s
2025-04-18 20:36:24,230 - INFO - P1 (Round 2) - Epoch 8/10 | Loss: 0.0348 | Acc: 0.9883 | Val Loss: 0.0344 | Val Acc: 0.9878 | Time: 11.98s
2025-04-18 20:36:36,378 - INFO - P1 (Round 2) - Epoch 9/10 | Loss: 0.0335 | Acc: 0.9887 | Val Loss: 0.0327 | Val Acc: 0.9886 | Time: 12.15s
2025-04-18 20:36:48,318 - INFO - P1 (Round 2) - Epoch 10/10 | Loss: 0.0324 | Acc: 0.9892 | Val Loss: 0.0321 | Val Acc: 0.9895 | Time: 11.94s
2025-04-18 20:37:00,292 - INFO - P2 (Round 2) - Epoch 1/10 | Loss: 0.4608 | Acc: 0.7932 | Val Loss: 0.3991 | Val Acc: 0.8131 | Time: 11.97s
2025-04-18 20:37:12,447 - INFO - P2 (Round 2) - Epoch 2/10 | Loss: 0.3905 | Acc: 0.8172 | Val Loss: 0.3828 | Val Acc: 0.8208 | Time: 12.15s
2025-04-18 20:37:25,246 - INFO - P2 (Round 2) - Epoch 3/10 | Loss: 0.3746 | Acc: 0.8240 | Val Loss: 0.3678 | Val Acc: 0.8258 | Time: 12.80s
2025-04-18 20:37:36,978 - INFO - P2 (Round 2) - Epoch 4/10 | Loss: 0.3629 | Acc: 0.8289 | Val Loss: 0.3594 | Val Acc: 0.8296 | Time: 11.73s
2025-04-18 20:37:48,586 - INFO - P2 (Round 2) - Epoch 5/10 | Loss: 0.3568 | Acc: 0.8330 | Val Loss: 0.3626 | Val Acc: 0.8286 | Time: 11.61s
2025-04-18 20:38:00,411 - INFO - P2 (Round 2) - Epoch 6/10 | Loss: 0.3543 | Acc: 0.8347 | Val Loss: 0.3531 | Val Acc: 0.8379 | Time: 11.82s
2025-04-18 20:38:12,255 - INFO - P2 (Round 2) - Epoch 7/10 | Loss: 0.3527 | Acc: 0.8353 | Val Loss: 0.3516 | Val Acc: 0.8368 | Time: 11.84s
2025-04-18 20:38:23,068 - INFO - P2 (Round 2) - Epoch 8/10 | Loss: 0.3516 | Acc: 0.8354 | Val Loss: 0.3557 | Val Acc: 0.8368 | Time: 10.81s
2025-04-18 20:38:34,358 - INFO - P2 (Round 2) - Epoch 9/10 | Loss: 0.3507 | Acc: 0.8355 | Val Loss: 0.3501 | Val Acc: 0.8374 | Time: 11.29s
2025-04-18 20:38:44,304 - INFO - P2 (Round 2) - Epoch 10/10 | Loss: 0.3496 | Acc: 0.8359 | Val Loss: 0.3497 | Val Acc: 0.8382 | Time: 9.95s
2025-04-18 20:38:46,695 - INFO - Round 2 completed in 240.71s
2025-04-18 20:38:46,695 - INFO - Global Model - P1 Test: Loss = 7.0928, Accuracy = 0.2879
2025-04-18 20:38:46,695 - INFO - Global Model - P2 Test: Loss = 2.0282, Accuracy = 0.4271
2025-04-18 20:38:56,505 - INFO - P1 (Round 3) - Epoch 1/10 | Loss: 0.1178 | Acc: 0.9744 | Val Loss: 0.0460 | Val Acc: 0.9861 | Time: 9.81s
2025-04-18 20:39:06,711 - INFO - P1 (Round 3) - Epoch 2/10 | Loss: 0.0417 | Acc: 0.9870 | Val Loss: 0.0387 | Val Acc: 0.9878 | Time: 10.21s
2025-04-18 20:39:16,766 - INFO - P1 (Round 3) - Epoch 3/10 | Loss: 0.0377 | Acc: 0.9877 | Val Loss: 0.0360 | Val Acc: 0.9880 | Time: 10.06s
2025-04-18 20:39:26,596 - INFO - P1 (Round 3) - Epoch 4/10 | Loss: 0.0360 | Acc: 0.9880 | Val Loss: 0.0350 | Val Acc: 0.9884 | Time: 9.83s
2025-04-18 20:39:37,382 - INFO - P1 (Round 3) - Epoch 5/10 | Loss: 0.0350 | Acc: 0.9883 | Val Loss: 0.0361 | Val Acc: 0.9879 | Time: 10.79s
2025-04-18 20:39:48,407 - INFO - P1 (Round 3) - Epoch 6/10 | Loss: 0.0338 | Acc: 0.9889 | Val Loss: 0.0333 | Val Acc: 0.9892 | Time: 11.03s
2025-04-18 20:39:58,290 - INFO - P1 (Round 3) - Epoch 7/10 | Loss: 0.0330 | Acc: 0.9892 | Val Loss: 0.0328 | Val Acc: 0.9896 | Time: 9.88s
2025-04-18 20:40:08,485 - INFO - P1 (Round 3) - Epoch 8/10 | Loss: 0.0321 | Acc: 0.9896 | Val Loss: 0.0328 | Val Acc: 0.9893 | Time: 10.19s
2025-04-18 20:40:18,677 - INFO - P1 (Round 3) - Epoch 9/10 | Loss: 0.0314 | Acc: 0.9898 | Val Loss: 0.0323 | Val Acc: 0.9885 | Time: 10.19s
2025-04-18 20:40:28,874 - INFO - P1 (Round 3) - Epoch 10/10 | Loss: 0.0307 | Acc: 0.9901 | Val Loss: 0.0308 | Val Acc: 0.9905 | Time: 10.20s
2025-04-18 20:40:38,489 - INFO - P2 (Round 3) - Epoch 1/10 | Loss: 0.4247 | Acc: 0.8021 | Val Loss: 0.3924 | Val Acc: 0.8124 | Time: 9.61s
2025-04-18 20:40:48,889 - INFO - P2 (Round 3) - Epoch 2/10 | Loss: 0.3889 | Acc: 0.8189 | Val Loss: 0.3869 | Val Acc: 0.8115 | Time: 10.40s
2025-04-18 20:41:00,356 - INFO - P2 (Round 3) - Epoch 3/10 | Loss: 0.3836 | Acc: 0.8222 | Val Loss: 0.3824 | Val Acc: 0.8257 | Time: 11.47s
2025-04-18 20:41:10,046 - INFO - P2 (Round 3) - Epoch 4/10 | Loss: 0.3801 | Acc: 0.8235 | Val Loss: 0.3808 | Val Acc: 0.8190 | Time: 9.69s
2025-04-18 20:41:19,759 - INFO - P2 (Round 3) - Epoch 5/10 | Loss: 0.3757 | Acc: 0.8236 | Val Loss: 0.3736 | Val Acc: 0.8269 | Time: 9.71s
2025-04-18 20:41:29,411 - INFO - P2 (Round 3) - Epoch 6/10 | Loss: 0.3715 | Acc: 0.8267 | Val Loss: 0.3700 | Val Acc: 0.8297 | Time: 9.65s
2025-04-18 20:41:39,036 - INFO - P2 (Round 3) - Epoch 7/10 | Loss: 0.3684 | Acc: 0.8280 | Val Loss: 0.3670 | Val Acc: 0.8308 | Time: 9.62s
2025-04-18 20:41:48,789 - INFO - P2 (Round 3) - Epoch 8/10 | Loss: 0.3665 | Acc: 0.8285 | Val Loss: 0.3676 | Val Acc: 0.8277 | Time: 9.75s
2025-04-18 20:41:58,850 - INFO - P2 (Round 3) - Epoch 9/10 | Loss: 0.3649 | Acc: 0.8291 | Val Loss: 0.3665 | Val Acc: 0.8276 | Time: 10.06s
2025-04-18 20:42:10,287 - INFO - P2 (Round 3) - Epoch 10/10 | Loss: 0.3635 | Acc: 0.8298 | Val Loss: 0.3639 | Val Acc: 0.8295 | Time: 11.44s
2025-04-18 20:42:12,553 - INFO - Round 3 completed in 205.86s
2025-04-18 20:42:12,553 - INFO - Global Model - P1 Test: Loss = 3.3904, Accuracy = 0.4392
2025-04-18 20:42:12,553 - INFO - Global Model - P2 Test: Loss = 1.0467, Accuracy = 0.6485
2025-04-18 20:42:22,431 - INFO - P1 (Round 4) - Epoch 1/10 | Loss: 0.0786 | Acc: 0.9801 | Val Loss: 0.0421 | Val Acc: 0.9866 | Time: 9.88s
2025-04-18 20:42:32,460 - INFO - P1 (Round 4) - Epoch 2/10 | Loss: 0.0388 | Acc: 0.9876 | Val Loss: 0.0373 | Val Acc: 0.9877 | Time: 10.03s
2025-04-18 20:42:42,420 - INFO - P1 (Round 4) - Epoch 3/10 | Loss: 0.0360 | Acc: 0.9886 | Val Loss: 0.0351 | Val Acc: 0.9896 | Time: 9.96s
2025-04-18 20:42:52,918 - INFO - P1 (Round 4) - Epoch 4/10 | Loss: 0.0346 | Acc: 0.9891 | Val Loss: 0.0346 | Val Acc: 0.9891 | Time: 10.50s
2025-04-18 20:43:02,935 - INFO - P1 (Round 4) - Epoch 5/10 | Loss: 0.0337 | Acc: 0.9895 | Val Loss: 0.0333 | Val Acc: 0.9903 | Time: 10.02s
2025-04-18 20:43:13,978 - INFO - P1 (Round 4) - Epoch 6/10 | Loss: 0.0330 | Acc: 0.9899 | Val Loss: 0.0329 | Val Acc: 0.9899 | Time: 11.04s
2025-04-18 20:43:24,834 - INFO - P1 (Round 4) - Epoch 7/10 | Loss: 0.0322 | Acc: 0.9902 | Val Loss: 0.0324 | Val Acc: 0.9912 | Time: 10.86s
2025-04-18 20:43:34,556 - INFO - P1 (Round 4) - Epoch 8/10 | Loss: 0.0316 | Acc: 0.9904 | Val Loss: 0.0313 | Val Acc: 0.9909 | Time: 9.72s
2025-04-18 20:43:44,573 - INFO - P1 (Round 4) - Epoch 9/10 | Loss: 0.0308 | Acc: 0.9907 | Val Loss: 0.0313 | Val Acc: 0.9897 | Time: 10.02s
2025-04-18 20:43:54,544 - INFO - P1 (Round 4) - Epoch 10/10 | Loss: 0.0301 | Acc: 0.9910 | Val Loss: 0.0300 | Val Acc: 0.9917 | Time: 9.97s
2025-04-18 20:44:04,320 - INFO - P2 (Round 4) - Epoch 1/10 | Loss: 0.4005 | Acc: 0.8152 | Val Loss: 0.3845 | Val Acc: 0.8200 | Time: 9.78s
2025-04-18 20:44:14,096 - INFO - P2 (Round 4) - Epoch 2/10 | Loss: 0.3830 | Acc: 0.8221 | Val Loss: 0.3824 | Val Acc: 0.8180 | Time: 9.78s
2025-04-18 20:44:25,106 - INFO - P2 (Round 4) - Epoch 3/10 | Loss: 0.3796 | Acc: 0.8237 | Val Loss: 0.3794 | Val Acc: 0.8252 | Time: 11.01s
2025-04-18 20:44:36,816 - INFO - P2 (Round 4) - Epoch 4/10 | Loss: 0.3777 | Acc: 0.8248 | Val Loss: 0.3792 | Val Acc: 0.8233 | Time: 11.71s
2025-04-18 20:44:48,537 - INFO - P2 (Round 4) - Epoch 5/10 | Loss: 0.3765 | Acc: 0.8254 | Val Loss: 0.3751 | Val Acc: 0.8284 | Time: 11.72s
2025-04-18 20:45:00,614 - INFO - P2 (Round 4) - Epoch 6/10 | Loss: 0.3753 | Acc: 0.8261 | Val Loss: 0.3743 | Val Acc: 0.8252 | Time: 12.08s
2025-04-18 20:45:12,861 - INFO - P2 (Round 4) - Epoch 7/10 | Loss: 0.3742 | Acc: 0.8265 | Val Loss: 0.3732 | Val Acc: 0.8292 | Time: 12.25s
2025-04-18 20:45:24,702 - INFO - P2 (Round 4) - Epoch 8/10 | Loss: 0.3734 | Acc: 0.8271 | Val Loss: 0.3731 | Val Acc: 0.8294 | Time: 11.84s
2025-04-18 20:45:37,056 - INFO - P2 (Round 4) - Epoch 9/10 | Loss: 0.3726 | Acc: 0.8279 | Val Loss: 0.3729 | Val Acc: 0.8268 | Time: 12.35s
2025-04-18 20:45:49,128 - INFO - P2 (Round 4) - Epoch 10/10 | Loss: 0.3717 | Acc: 0.8280 | Val Loss: 0.3719 | Val Acc: 0.8284 | Time: 12.07s
2025-04-18 20:45:51,630 - INFO - Round 4 completed in 219.08s
2025-04-18 20:45:51,630 - INFO - Global Model - P1 Test: Loss = 3.8589, Accuracy = 0.4834
2025-04-18 20:45:51,630 - INFO - Global Model - P2 Test: Loss = 1.4704, Accuracy = 0.6428
2025-04-18 20:46:03,759 - INFO - P1 (Round 5) - Epoch 1/10 | Loss: 0.0675 | Acc: 0.9837 | Val Loss: 0.0359 | Val Acc: 0.9898 | Time: 12.13s
2025-04-18 20:46:16,067 - INFO - P1 (Round 5) - Epoch 2/10 | Loss: 0.0335 | Acc: 0.9901 | Val Loss: 0.0341 | Val Acc: 0.9894 | Time: 12.31s
2025-04-18 20:46:28,356 - INFO - P1 (Round 5) - Epoch 3/10 | Loss: 0.0309 | Acc: 0.9909 | Val Loss: 0.0298 | Val Acc: 0.9917 | Time: 12.29s
2025-04-18 20:46:40,417 - INFO - P1 (Round 5) - Epoch 4/10 | Loss: 0.0293 | Acc: 0.9916 | Val Loss: 0.0307 | Val Acc: 0.9919 | Time: 12.06s
2025-04-18 20:46:53,410 - INFO - P1 (Round 5) - Epoch 5/10 | Loss: 0.0282 | Acc: 0.9921 | Val Loss: 0.0336 | Val Acc: 0.9899 | Time: 12.99s
2025-04-18 20:47:05,327 - INFO - P1 (Round 5) - Epoch 6/10 | Loss: 0.0271 | Acc: 0.9924 | Val Loss: 0.0276 | Val Acc: 0.9917 | Time: 11.92s
2025-04-18 20:47:17,333 - INFO - P1 (Round 5) - Epoch 7/10 | Loss: 0.0262 | Acc: 0.9926 | Val Loss: 0.0273 | Val Acc: 0.9917 | Time: 12.01s
2025-04-18 20:47:29,207 - INFO - P1 (Round 5) - Epoch 8/10 | Loss: 0.0257 | Acc: 0.9928 | Val Loss: 0.0256 | Val Acc: 0.9931 | Time: 11.87s
2025-04-18 20:47:41,207 - INFO - P1 (Round 5) - Epoch 9/10 | Loss: 0.0250 | Acc: 0.9929 | Val Loss: 0.0258 | Val Acc: 0.9926 | Time: 12.00s
2025-04-18 20:47:52,948 - INFO - P1 (Round 5) - Epoch 10/10 | Loss: 0.0245 | Acc: 0.9931 | Val Loss: 0.0246 | Val Acc: 0.9935 | Time: 11.74s
2025-04-18 20:48:05,498 - INFO - P2 (Round 5) - Epoch 1/10 | Loss: 0.3991 | Acc: 0.8139 | Val Loss: 0.3822 | Val Acc: 0.8257 | Time: 12.55s
2025-04-18 20:48:15,753 - INFO - P2 (Round 5) - Epoch 2/10 | Loss: 0.3770 | Acc: 0.8253 | Val Loss: 0.3766 | Val Acc: 0.8250 | Time: 10.25s
2025-04-18 20:48:25,858 - INFO - P2 (Round 5) - Epoch 3/10 | Loss: 0.3742 | Acc: 0.8266 | Val Loss: 0.3755 | Val Acc: 0.8246 | Time: 10.11s
2025-04-18 20:48:35,602 - INFO - P2 (Round 5) - Epoch 4/10 | Loss: 0.3708 | Acc: 0.8272 | Val Loss: 0.3705 | Val Acc: 0.8301 | Time: 9.74s
2025-04-18 20:48:45,394 - INFO - P2 (Round 5) - Epoch 5/10 | Loss: 0.3684 | Acc: 0.8279 | Val Loss: 0.3700 | Val Acc: 0.8263 | Time: 9.79s
2025-04-18 20:48:55,223 - INFO - P2 (Round 5) - Epoch 6/10 | Loss: 0.3663 | Acc: 0.8291 | Val Loss: 0.3672 | Val Acc: 0.8302 | Time: 9.83s
2025-04-18 20:49:05,088 - INFO - P2 (Round 5) - Epoch 7/10 | Loss: 0.3650 | Acc: 0.8300 | Val Loss: 0.3635 | Val Acc: 0.8323 | Time: 9.86s
2025-04-18 20:49:16,584 - INFO - P2 (Round 5) - Epoch 8/10 | Loss: 0.3640 | Acc: 0.8304 | Val Loss: 0.3636 | Val Acc: 0.8307 | Time: 11.50s
2025-04-18 20:49:26,423 - INFO - P2 (Round 5) - Epoch 9/10 | Loss: 0.3635 | Acc: 0.8311 | Val Loss: 0.3637 | Val Acc: 0.8321 | Time: 9.84s
2025-04-18 20:49:36,160 - INFO - P2 (Round 5) - Epoch 10/10 | Loss: 0.3629 | Acc: 0.8317 | Val Loss: 0.3641 | Val Acc: 0.8319 | Time: 9.74s
2025-04-18 20:49:38,570 - INFO - Round 5 completed in 226.94s
2025-04-18 20:49:38,570 - INFO - Global Model - P1 Test: Loss = 3.2949, Accuracy = 0.5151
2025-04-18 20:49:38,570 - INFO - Global Model - P2 Test: Loss = 2.4543, Accuracy = 0.6618
2025-04-18 20:49:48,496 - INFO - P1 (Round 6) - Epoch 1/10 | Loss: 0.0561 | Acc: 0.9871 | Val Loss: 0.0293 | Val Acc: 0.9924 | Time: 9.93s
2025-04-18 20:49:58,480 - INFO - P1 (Round 6) - Epoch 2/10 | Loss: 0.0282 | Acc: 0.9923 | Val Loss: 0.0273 | Val Acc: 0.9929 | Time: 9.98s
2025-04-18 20:50:08,645 - INFO - P1 (Round 6) - Epoch 3/10 | Loss: 0.0268 | Acc: 0.9928 | Val Loss: 0.0263 | Val Acc: 0.9929 | Time: 10.16s
2025-04-18 20:50:18,630 - INFO - P1 (Round 6) - Epoch 4/10 | Loss: 0.0256 | Acc: 0.9930 | Val Loss: 0.0256 | Val Acc: 0.9934 | Time: 9.99s
2025-04-18 20:50:30,383 - INFO - P1 (Round 6) - Epoch 5/10 | Loss: 0.0250 | Acc: 0.9932 | Val Loss: 0.0271 | Val Acc: 0.9917 | Time: 11.75s
2025-04-18 20:50:40,244 - INFO - P1 (Round 6) - Epoch 6/10 | Loss: 0.0245 | Acc: 0.9933 | Val Loss: 0.0253 | Val Acc: 0.9925 | Time: 9.86s
2025-04-18 20:50:50,084 - INFO - P1 (Round 6) - Epoch 7/10 | Loss: 0.0237 | Acc: 0.9934 | Val Loss: 0.0243 | Val Acc: 0.9935 | Time: 9.84s
2025-04-18 20:51:00,437 - INFO - P1 (Round 6) - Epoch 8/10 | Loss: 0.0234 | Acc: 0.9935 | Val Loss: 0.0246 | Val Acc: 0.9934 | Time: 10.35s
2025-04-18 20:51:10,438 - INFO - P1 (Round 6) - Epoch 9/10 | Loss: 0.0235 | Acc: 0.9936 | Val Loss: 0.0228 | Val Acc: 0.9939 | Time: 10.00s
2025-04-18 20:51:20,247 - INFO - P1 (Round 6) - Epoch 10/10 | Loss: 0.0227 | Acc: 0.9936 | Val Loss: 0.0238 | Val Acc: 0.9938 | Time: 9.81s
2025-04-18 20:51:29,898 - INFO - P2 (Round 6) - Epoch 1/10 | Loss: 0.4201 | Acc: 0.8028 | Val Loss: 0.3935 | Val Acc: 0.8154 | Time: 9.65s
2025-04-18 20:51:41,451 - INFO - P2 (Round 6) - Epoch 2/10 | Loss: 0.3870 | Acc: 0.8190 | Val Loss: 0.3824 | Val Acc: 0.8232 | Time: 11.55s
2025-04-18 20:51:51,478 - INFO - P2 (Round 6) - Epoch 3/10 | Loss: 0.3810 | Acc: 0.8224 | Val Loss: 0.3799 | Val Acc: 0.8232 | Time: 10.03s
2025-04-18 20:52:01,266 - INFO - P2 (Round 6) - Epoch 4/10 | Loss: 0.3775 | Acc: 0.8244 | Val Loss: 0.3743 | Val Acc: 0.8265 | Time: 9.79s
2025-04-18 20:52:11,128 - INFO - P2 (Round 6) - Epoch 5/10 | Loss: 0.3733 | Acc: 0.8270 | Val Loss: 0.3712 | Val Acc: 0.8313 | Time: 9.86s
2025-04-18 20:52:20,858 - INFO - P2 (Round 6) - Epoch 6/10 | Loss: 0.3705 | Acc: 0.8297 | Val Loss: 0.3700 | Val Acc: 0.8314 | Time: 9.73s
2025-04-18 20:52:30,665 - INFO - P2 (Round 6) - Epoch 7/10 | Loss: 0.3691 | Acc: 0.8303 | Val Loss: 0.3701 | Val Acc: 0.8302 | Time: 9.81s
2025-04-18 20:52:40,600 - INFO - P2 (Round 6) - Epoch 8/10 | Loss: 0.3679 | Acc: 0.8310 | Val Loss: 0.3665 | Val Acc: 0.8324 | Time: 9.94s
2025-04-18 20:52:52,205 - INFO - P2 (Round 6) - Epoch 9/10 | Loss: 0.3671 | Acc: 0.8314 | Val Loss: 0.3667 | Val Acc: 0.8310 | Time: 11.60s
2025-04-18 20:53:02,018 - INFO - P2 (Round 6) - Epoch 10/10 | Loss: 0.3664 | Acc: 0.8318 | Val Loss: 0.3661 | Val Acc: 0.8330 | Time: 9.81s
2025-04-18 20:53:04,385 - INFO - Round 6 completed in 205.81s
2025-04-18 20:53:04,385 - INFO - Global Model - P1 Test: Loss = 3.4511, Accuracy = 0.3848
2025-04-18 20:53:04,385 - INFO - Global Model - P2 Test: Loss = 2.7177, Accuracy = 0.5005
2025-04-18 20:53:14,436 - INFO - P1 (Round 7) - Epoch 1/10 | Loss: 0.0580 | Acc: 0.9867 | Val Loss: 0.0310 | Val Acc: 0.9914 | Time: 10.05s
2025-04-18 20:53:24,397 - INFO - P1 (Round 7) - Epoch 2/10 | Loss: 0.0266 | Acc: 0.9925 | Val Loss: 0.0264 | Val Acc: 0.9929 | Time: 9.96s
2025-04-18 20:53:34,365 - INFO - P1 (Round 7) - Epoch 3/10 | Loss: 0.0248 | Acc: 0.9930 | Val Loss: 0.0259 | Val Acc: 0.9931 | Time: 9.97s
2025-04-18 20:53:44,565 - INFO - P1 (Round 7) - Epoch 4/10 | Loss: 0.0236 | Acc: 0.9933 | Val Loss: 0.0240 | Val Acc: 0.9934 | Time: 10.20s
2025-04-18 20:53:55,174 - INFO - P1 (Round 7) - Epoch 5/10 | Loss: 0.0231 | Acc: 0.9935 | Val Loss: 0.0341 | Val Acc: 0.9895 | Time: 10.61s
2025-04-18 20:54:06,407 - INFO - P1 (Round 7) - Epoch 6/10 | Loss: 0.0228 | Acc: 0.9936 | Val Loss: 0.0243 | Val Acc: 0.9936 | Time: 11.23s
2025-04-18 20:54:16,296 - INFO - P1 (Round 7) - Epoch 7/10 | Loss: 0.0219 | Acc: 0.9938 | Val Loss: 0.0225 | Val Acc: 0.9941 | Time: 9.89s
2025-04-18 20:54:26,458 - INFO - P1 (Round 7) - Epoch 8/10 | Loss: 0.0216 | Acc: 0.9939 | Val Loss: 0.0230 | Val Acc: 0.9937 | Time: 10.16s
2025-04-18 20:54:36,266 - INFO - P1 (Round 7) - Epoch 9/10 | Loss: 0.0214 | Acc: 0.9940 | Val Loss: 0.0245 | Val Acc: 0.9929 | Time: 9.81s
2025-04-18 20:54:46,351 - INFO - P1 (Round 7) - Epoch 10/10 | Loss: 0.0213 | Acc: 0.9941 | Val Loss: 0.0223 | Val Acc: 0.9945 | Time: 10.09s
2025-04-18 20:54:56,226 - INFO - P2 (Round 7) - Epoch 1/10 | Loss: 0.4123 | Acc: 0.8086 | Val Loss: 0.3904 | Val Acc: 0.8209 | Time: 9.87s
2025-04-18 20:55:06,285 - INFO - P2 (Round 7) - Epoch 2/10 | Loss: 0.3850 | Acc: 0.8193 | Val Loss: 0.3851 | Val Acc: 0.8225 | Time: 10.06s
2025-04-18 20:55:17,517 - INFO - P2 (Round 7) - Epoch 3/10 | Loss: 0.3798 | Acc: 0.8218 | Val Loss: 0.3786 | Val Acc: 0.8217 | Time: 11.23s
2025-04-18 20:55:27,256 - INFO - P2 (Round 7) - Epoch 4/10 | Loss: 0.3768 | Acc: 0.8240 | Val Loss: 0.3763 | Val Acc: 0.8228 | Time: 9.74s
2025-04-18 20:55:36,910 - INFO - P2 (Round 7) - Epoch 5/10 | Loss: 0.3742 | Acc: 0.8251 | Val Loss: 0.3718 | Val Acc: 0.8278 | Time: 9.65s
2025-04-18 20:55:46,805 - INFO - P2 (Round 7) - Epoch 6/10 | Loss: 0.3721 | Acc: 0.8260 | Val Loss: 0.3750 | Val Acc: 0.8245 | Time: 9.89s
2025-04-18 20:55:56,534 - INFO - P2 (Round 7) - Epoch 7/10 | Loss: 0.3706 | Acc: 0.8268 | Val Loss: 0.3709 | Val Acc: 0.8264 | Time: 9.73s
2025-04-18 20:56:06,480 - INFO - P2 (Round 7) - Epoch 8/10 | Loss: 0.3694 | Acc: 0.8273 | Val Loss: 0.3754 | Val Acc: 0.8263 | Time: 9.95s
2025-04-18 20:56:16,436 - INFO - P2 (Round 7) - Epoch 9/10 | Loss: 0.3684 | Acc: 0.8277 | Val Loss: 0.3691 | Val Acc: 0.8316 | Time: 9.96s
2025-04-18 20:56:27,830 - INFO - P2 (Round 7) - Epoch 10/10 | Loss: 0.3675 | Acc: 0.8280 | Val Loss: 0.3684 | Val Acc: 0.8266 | Time: 11.39s
2025-04-18 20:56:30,193 - INFO - Round 7 completed in 205.81s
2025-04-18 20:56:30,193 - INFO - Global Model - P1 Test: Loss = 2.1523, Accuracy = 0.5494
2025-04-18 20:56:30,193 - INFO - Global Model - P2 Test: Loss = 2.1270, Accuracy = 0.5753
2025-04-18 20:56:40,926 - INFO - P1 (Round 8) - Epoch 1/10 | Loss: 0.0486 | Acc: 0.9874 | Val Loss: 0.0289 | Val Acc: 0.9924 | Time: 10.73s
2025-04-18 20:56:50,897 - INFO - P1 (Round 8) - Epoch 2/10 | Loss: 0.0271 | Acc: 0.9925 | Val Loss: 0.0286 | Val Acc: 0.9917 | Time: 9.97s
2025-04-18 20:57:01,353 - INFO - P1 (Round 8) - Epoch 3/10 | Loss: 0.0253 | Acc: 0.9930 | Val Loss: 0.0265 | Val Acc: 0.9933 | Time: 10.46s
2025-04-18 20:57:13,306 - INFO - P1 (Round 8) - Epoch 4/10 | Loss: 0.0247 | Acc: 0.9932 | Val Loss: 0.0250 | Val Acc: 0.9932 | Time: 11.95s
2025-04-18 20:57:29,889 - INFO - P1 (Round 8) - Epoch 5/10 | Loss: 0.0239 | Acc: 0.9933 | Val Loss: 0.0257 | Val Acc: 0.9933 | Time: 16.58s
2025-04-18 20:57:43,922 - INFO - P1 (Round 8) - Epoch 6/10 | Loss: 0.0239 | Acc: 0.9934 | Val Loss: 0.0245 | Val Acc: 0.9936 | Time: 14.03s
2025-04-18 20:57:55,049 - INFO - P1 (Round 8) - Epoch 7/10 | Loss: 0.0234 | Acc: 0.9935 | Val Loss: 0.0266 | Val Acc: 0.9926 | Time: 11.13s
2025-04-18 20:58:05,194 - INFO - P1 (Round 8) - Epoch 8/10 | Loss: 0.0230 | Acc: 0.9936 | Val Loss: 0.0245 | Val Acc: 0.9934 | Time: 10.14s
2025-04-18 20:58:15,198 - INFO - P1 (Round 8) - Epoch 9/10 | Loss: 0.0227 | Acc: 0.9936 | Val Loss: 0.0267 | Val Acc: 0.9928 | Time: 10.00s
2025-04-18 20:58:25,293 - INFO - P1 (Round 8) - Epoch 10/10 | Loss: 0.0223 | Acc: 0.9937 | Val Loss: 0.0241 | Val Acc: 0.9937 | Time: 10.09s
2025-04-18 20:58:35,110 - INFO - P2 (Round 8) - Epoch 1/10 | Loss: 0.3971 | Acc: 0.8120 | Val Loss: 0.3808 | Val Acc: 0.8214 | Time: 9.82s
2025-04-18 20:58:46,626 - INFO - P2 (Round 8) - Epoch 2/10 | Loss: 0.3776 | Acc: 0.8222 | Val Loss: 0.3748 | Val Acc: 0.8251 | Time: 11.52s
2025-04-18 20:58:56,224 - INFO - P2 (Round 8) - Epoch 3/10 | Loss: 0.3738 | Acc: 0.8253 | Val Loss: 0.3708 | Val Acc: 0.8277 | Time: 9.60s
2025-04-18 20:59:06,265 - INFO - P2 (Round 8) - Epoch 4/10 | Loss: 0.3709 | Acc: 0.8265 | Val Loss: 0.3690 | Val Acc: 0.8290 | Time: 10.04s
2025-04-18 20:59:16,281 - INFO - P2 (Round 8) - Epoch 5/10 | Loss: 0.3687 | Acc: 0.8276 | Val Loss: 0.3663 | Val Acc: 0.8300 | Time: 10.02s
2025-04-18 20:59:28,131 - INFO - P2 (Round 8) - Epoch 6/10 | Loss: 0.3678 | Acc: 0.8286 | Val Loss: 0.3709 | Val Acc: 0.8300 | Time: 11.85s
2025-04-18 20:59:40,009 - INFO - P2 (Round 8) - Epoch 7/10 | Loss: 0.3668 | Acc: 0.8295 | Val Loss: 0.3654 | Val Acc: 0.8323 | Time: 11.88s
2025-04-18 20:59:51,960 - INFO - P2 (Round 8) - Epoch 8/10 | Loss: 0.3660 | Acc: 0.8300 | Val Loss: 0.3682 | Val Acc: 0.8317 | Time: 11.95s
2025-04-18 21:00:04,562 - INFO - P2 (Round 8) - Epoch 9/10 | Loss: 0.3654 | Acc: 0.8305 | Val Loss: 0.3641 | Val Acc: 0.8311 | Time: 12.60s
2025-04-18 21:00:16,311 - INFO - P2 (Round 8) - Epoch 10/10 | Loss: 0.3646 | Acc: 0.8310 | Val Loss: 0.3645 | Val Acc: 0.8324 | Time: 11.75s
2025-04-18 21:00:18,800 - INFO - Round 8 completed in 228.61s
2025-04-18 21:00:18,800 - INFO - Global Model - P1 Test: Loss = 2.2519, Accuracy = 0.5410
2025-04-18 21:00:18,800 - INFO - Global Model - P2 Test: Loss = 1.5760, Accuracy = 0.5862
2025-04-18 21:00:31,044 - INFO - P1 (Round 9) - Epoch 1/10 | Loss: 0.0571 | Acc: 0.9846 | Val Loss: 0.0348 | Val Acc: 0.9892 | Time: 12.24s
2025-04-18 21:00:43,264 - INFO - P1 (Round 9) - Epoch 2/10 | Loss: 0.0291 | Acc: 0.9915 | Val Loss: 0.0272 | Val Acc: 0.9927 | Time: 12.22s
2025-04-18 21:00:55,536 - INFO - P1 (Round 9) - Epoch 3/10 | Loss: 0.0253 | Acc: 0.9930 | Val Loss: 0.0253 | Val Acc: 0.9935 | Time: 12.27s
2025-04-18 21:01:08,492 - INFO - P1 (Round 9) - Epoch 4/10 | Loss: 0.0243 | Acc: 0.9932 | Val Loss: 0.0251 | Val Acc: 0.9933 | Time: 12.96s
2025-04-18 21:01:20,724 - INFO - P1 (Round 9) - Epoch 5/10 | Loss: 0.0240 | Acc: 0.9932 | Val Loss: 0.0250 | Val Acc: 0.9935 | Time: 12.23s
2025-04-18 21:01:32,801 - INFO - P1 (Round 9) - Epoch 6/10 | Loss: 0.0233 | Acc: 0.9934 | Val Loss: 0.0243 | Val Acc: 0.9937 | Time: 12.08s
2025-04-18 21:01:45,176 - INFO - P1 (Round 9) - Epoch 7/10 | Loss: 0.0230 | Acc: 0.9935 | Val Loss: 0.0240 | Val Acc: 0.9934 | Time: 12.37s
2025-04-18 21:01:57,428 - INFO - P1 (Round 9) - Epoch 8/10 | Loss: 0.0228 | Acc: 0.9935 | Val Loss: 0.0237 | Val Acc: 0.9936 | Time: 12.25s
2025-04-18 21:02:09,788 - INFO - P1 (Round 9) - Epoch 9/10 | Loss: 0.0226 | Acc: 0.9936 | Val Loss: 0.0236 | Val Acc: 0.9942 | Time: 12.36s
2025-04-18 21:02:22,746 - INFO - P1 (Round 9) - Epoch 10/10 | Loss: 0.0223 | Acc: 0.9937 | Val Loss: 0.0258 | Val Acc: 0.9930 | Time: 12.96s
2025-04-18 21:02:34,326 - INFO - P2 (Round 9) - Epoch 1/10 | Loss: 0.4030 | Acc: 0.8063 | Val Loss: 0.3894 | Val Acc: 0.8117 | Time: 11.58s
2025-04-18 21:02:45,962 - INFO - P2 (Round 9) - Epoch 2/10 | Loss: 0.3862 | Acc: 0.8159 | Val Loss: 0.3847 | Val Acc: 0.8190 | Time: 11.64s
2025-04-18 21:02:57,928 - INFO - P2 (Round 9) - Epoch 3/10 | Loss: 0.3820 | Acc: 0.8184 | Val Loss: 0.3816 | Val Acc: 0.8166 | Time: 11.97s
2025-04-18 21:03:10,012 - INFO - P2 (Round 9) - Epoch 4/10 | Loss: 0.3792 | Acc: 0.8203 | Val Loss: 0.3789 | Val Acc: 0.8157 | Time: 12.08s
2025-04-18 21:03:21,843 - INFO - P2 (Round 9) - Epoch 5/10 | Loss: 0.3757 | Acc: 0.8232 | Val Loss: 0.3729 | Val Acc: 0.8268 | Time: 11.83s
2025-04-18 21:03:34,571 - INFO - P2 (Round 9) - Epoch 6/10 | Loss: 0.3733 | Acc: 0.8251 | Val Loss: 0.3731 | Val Acc: 0.8284 | Time: 12.73s
2025-04-18 21:03:45,548 - INFO - P2 (Round 9) - Epoch 7/10 | Loss: 0.3713 | Acc: 0.8263 | Val Loss: 0.3707 | Val Acc: 0.8275 | Time: 10.98s
2025-04-18 21:03:55,105 - INFO - P2 (Round 9) - Epoch 8/10 | Loss: 0.3700 | Acc: 0.8269 | Val Loss: 0.3703 | Val Acc: 0.8309 | Time: 9.56s
2025-04-18 21:04:04,782 - INFO - P2 (Round 9) - Epoch 9/10 | Loss: 0.3694 | Acc: 0.8276 | Val Loss: 0.3772 | Val Acc: 0.8179 | Time: 9.68s
2025-04-18 21:04:14,676 - INFO - P2 (Round 9) - Epoch 10/10 | Loss: 0.3688 | Acc: 0.8277 | Val Loss: 0.3688 | Val Acc: 0.8245 | Time: 9.89s
2025-04-18 21:04:16,927 - INFO - Round 9 completed in 238.13s
2025-04-18 21:04:16,927 - INFO - Global Model - P1 Test: Loss = 1.7727, Accuracy = 0.6151
2025-04-18 21:04:16,927 - INFO - Global Model - P2 Test: Loss = 1.5389, Accuracy = 0.6157
2025-04-18 21:04:26,912 - INFO - P1 (Round 10) - Epoch 1/10 | Loss: 0.0496 | Acc: 0.9864 | Val Loss: 0.0341 | Val Acc: 0.9896 | Time: 9.98s
2025-04-18 21:04:38,237 - INFO - P1 (Round 10) - Epoch 2/10 | Loss: 0.0309 | Acc: 0.9905 | Val Loss: 0.0311 | Val Acc: 0.9914 | Time: 11.33s
2025-04-18 21:04:49,437 - INFO - P1 (Round 10) - Epoch 3/10 | Loss: 0.0295 | Acc: 0.9913 | Val Loss: 0.0305 | Val Acc: 0.9926 | Time: 11.20s
2025-04-18 21:04:59,563 - INFO - P1 (Round 10) - Epoch 4/10 | Loss: 0.0284 | Acc: 0.9917 | Val Loss: 0.0303 | Val Acc: 0.9916 | Time: 10.12s
2025-04-18 21:05:09,465 - INFO - P1 (Round 10) - Epoch 5/10 | Loss: 0.0278 | Acc: 0.9920 | Val Loss: 0.0303 | Val Acc: 0.9916 | Time: 9.90s
2025-04-18 21:05:21,126 - INFO - P1 (Round 10) - Epoch 6/10 | Loss: 0.0273 | Acc: 0.9922 | Val Loss: 0.0288 | Val Acc: 0.9925 | Time: 11.66s
2025-04-18 21:05:32,978 - INFO - P1 (Round 10) - Epoch 7/10 | Loss: 0.0267 | Acc: 0.9924 | Val Loss: 0.0283 | Val Acc: 0.9925 | Time: 11.85s
2025-04-18 21:05:44,649 - INFO - P1 (Round 10) - Epoch 8/10 | Loss: 0.0258 | Acc: 0.9928 | Val Loss: 0.0266 | Val Acc: 0.9934 | Time: 11.67s
2025-04-18 21:05:57,589 - INFO - P1 (Round 10) - Epoch 9/10 | Loss: 0.0249 | Acc: 0.9932 | Val Loss: 0.0255 | Val Acc: 0.9938 | Time: 12.94s
2025-04-18 21:06:09,407 - INFO - P1 (Round 10) - Epoch 10/10 | Loss: 0.0243 | Acc: 0.9934 | Val Loss: 0.0254 | Val Acc: 0.9935 | Time: 11.82s
2025-04-18 21:06:21,147 - INFO - P2 (Round 10) - Epoch 1/10 | Loss: 0.3990 | Acc: 0.8147 | Val Loss: 0.3865 | Val Acc: 0.8220 | Time: 11.74s
2025-04-18 21:06:32,638 - INFO - P2 (Round 10) - Epoch 2/10 | Loss: 0.3833 | Acc: 0.8200 | Val Loss: 0.3845 | Val Acc: 0.8226 | Time: 11.49s
2025-04-18 21:06:44,275 - INFO - P2 (Round 10) - Epoch 3/10 | Loss: 0.3815 | Acc: 0.8211 | Val Loss: 0.3794 | Val Acc: 0.8269 | Time: 11.64s
2025-04-18 21:06:55,939 - INFO - P2 (Round 10) - Epoch 4/10 | Loss: 0.3805 | Acc: 0.8215 | Val Loss: 0.3814 | Val Acc: 0.8243 | Time: 11.66s
2025-04-18 21:07:08,657 - INFO - P2 (Round 10) - Epoch 5/10 | Loss: 0.3797 | Acc: 0.8220 | Val Loss: 0.3818 | Val Acc: 0.8252 | Time: 12.72s
2025-04-18 21:07:20,505 - INFO - P2 (Round 10) - Epoch 6/10 | Loss: 0.3791 | Acc: 0.8226 | Val Loss: 0.3775 | Val Acc: 0.8251 | Time: 11.85s
2025-04-18 21:07:32,422 - INFO - P2 (Round 10) - Epoch 7/10 | Loss: 0.3785 | Acc: 0.8229 | Val Loss: 0.3777 | Val Acc: 0.8245 | Time: 11.92s
2025-04-18 21:07:44,019 - INFO - P2 (Round 10) - Epoch 8/10 | Loss: 0.3781 | Acc: 0.8233 | Val Loss: 0.3778 | Val Acc: 0.8241 | Time: 11.60s
2025-04-18 21:07:55,570 - INFO - P2 (Round 10) - Epoch 9/10 | Loss: 0.3760 | Acc: 0.8233 | Val Loss: 0.3696 | Val Acc: 0.8257 | Time: 11.55s
2025-04-18 21:08:07,211 - INFO - P2 (Round 10) - Epoch 10/10 | Loss: 0.3684 | Acc: 0.8270 | Val Loss: 0.3652 | Val Acc: 0.8325 | Time: 11.64s
2025-04-18 21:08:09,901 - INFO - Round 10 completed in 232.97s
2025-04-18 21:08:09,901 - INFO - Global Model - P1 Test: Loss = 2.2419, Accuracy = 0.5286
2025-04-18 21:08:09,901 - INFO - Global Model - P2 Test: Loss = 1.3795, Accuracy = 0.6168
2025-04-18 21:08:12,700 - INFO - Final Results after 10 rounds:
2025-04-18 21:08:12,700 - INFO - Global Model - P1 Test: Loss = 2.2419, Accuracy = 0.5286
2025-04-18 21:08:12,700 - INFO - Global Model - P2 Test: Loss = 1.3795, Accuracy = 0.6168
2025-04-18 21:08:12,707 - INFO - Experiment 137 results saved to results/suppression_experiments/exp_137_p1f5_p2f4.json
