2025-04-18 14:45:07,644 - INFO - Starting Suppression Experiment 8
2025-04-18 14:45:07,644 - INFO - P1 Features (14/14): ['protocol', 'bidirectional_min_ps', 'bidirectional_mean_ps', 'bidirectional_stddev_ps', 'bidirectional_max_ps', 'src2dst_stddev_ps', 'src2dst_max_ps', 'dst2src_min_ps', 'dst2src_mean_ps', 'dst2src_stddev_ps', 'dst2src_max_ps', 'bidirectional_stddev_piat_ms', 'bidirectional_max_piat_ms', 'bidirectional_rst_packets']
2025-04-18 14:45:07,644 - INFO - P2 Features (7/14): ['protocol', 'bidirectional_min_ps', 'bidirectional_mean_ps', 'bidirectional_stddev_ps', 'bidirectional_max_ps', 'src2dst_stddev_ps', 'src2dst_max_ps']
2025-04-18 14:45:19,703 - INFO - P1 (Round 1) - Epoch 1/10 | Loss: 0.1177 | Acc: 0.9639 | Val Loss: 0.0282 | Val Acc: 0.9925 | Time: 11.92s
2025-04-18 14:45:31,743 - INFO - P1 (Round 1) - Epoch 2/10 | Loss: 0.0232 | Acc: 0.9937 | Val Loss: 0.0205 | Val Acc: 0.9941 | Time: 12.04s
2025-04-18 14:45:43,931 - INFO - P1 (Round 1) - Epoch 3/10 | Loss: 0.0186 | Acc: 0.9947 | Val Loss: 0.0173 | Val Acc: 0.9947 | Time: 12.19s
2025-04-18 14:45:55,933 - INFO - P1 (Round 1) - Epoch 4/10 | Loss: 0.0167 | Acc: 0.9952 | Val Loss: 0.0158 | Val Acc: 0.9953 | Time: 12.00s
2025-04-18 14:46:08,912 - INFO - P1 (Round 1) - Epoch 5/10 | Loss: 0.0156 | Acc: 0.9955 | Val Loss: 0.0153 | Val Acc: 0.9960 | Time: 12.98s
2025-04-18 14:46:21,069 - INFO - P1 (Round 1) - Epoch 6/10 | Loss: 0.0148 | Acc: 0.9958 | Val Loss: 0.0144 | Val Acc: 0.9960 | Time: 12.16s
2025-04-18 14:46:36,825 - INFO - P1 (Round 1) - Epoch 7/10 | Loss: 0.0139 | Acc: 0.9962 | Val Loss: 0.0135 | Val Acc: 0.9964 | Time: 15.76s
2025-04-18 14:46:49,730 - INFO - P1 (Round 1) - Epoch 8/10 | Loss: 0.0133 | Acc: 0.9963 | Val Loss: 0.0149 | Val Acc: 0.9961 | Time: 12.91s
2025-04-18 14:47:02,642 - INFO - P1 (Round 1) - Epoch 9/10 | Loss: 0.0129 | Acc: 0.9965 | Val Loss: 0.0138 | Val Acc: 0.9962 | Time: 12.91s
2025-04-18 14:47:15,905 - INFO - P1 (Round 1) - Epoch 10/10 | Loss: 0.0126 | Acc: 0.9966 | Val Loss: 0.0125 | Val Acc: 0.9967 | Time: 13.26s
2025-04-18 14:47:25,939 - INFO - P2 (Round 1) - Epoch 1/10 | Loss: 0.3944 | Acc: 0.8388 | Val Loss: 0.2869 | Val Acc: 0.8830 | Time: 10.03s
2025-04-18 14:47:36,044 - INFO - P2 (Round 1) - Epoch 2/10 | Loss: 0.2710 | Acc: 0.8888 | Val Loss: 0.2598 | Val Acc: 0.8934 | Time: 10.11s
2025-04-18 14:47:46,048 - INFO - P2 (Round 1) - Epoch 3/10 | Loss: 0.2290 | Acc: 0.9077 | Val Loss: 0.1616 | Val Acc: 0.9451 | Time: 10.00s
2025-04-18 14:47:55,898 - INFO - P2 (Round 1) - Epoch 4/10 | Loss: 0.1372 | Acc: 0.9527 | Val Loss: 0.1249 | Val Acc: 0.9569 | Time: 9.85s
2025-04-18 14:48:05,900 - INFO - P2 (Round 1) - Epoch 5/10 | Loss: 0.1202 | Acc: 0.9571 | Val Loss: 0.1153 | Val Acc: 0.9591 | Time: 10.00s
2025-04-18 14:48:17,972 - INFO - P2 (Round 1) - Epoch 6/10 | Loss: 0.1130 | Acc: 0.9586 | Val Loss: 0.1081 | Val Acc: 0.9599 | Time: 12.07s
2025-04-18 14:48:30,654 - INFO - P2 (Round 1) - Epoch 7/10 | Loss: 0.1078 | Acc: 0.9599 | Val Loss: 0.1041 | Val Acc: 0.9624 | Time: 12.68s
2025-04-18 14:48:42,386 - INFO - P2 (Round 1) - Epoch 8/10 | Loss: 0.1038 | Acc: 0.9617 | Val Loss: 0.0997 | Val Acc: 0.9639 | Time: 11.73s
2025-04-18 14:48:54,380 - INFO - P2 (Round 1) - Epoch 9/10 | Loss: 0.0991 | Acc: 0.9641 | Val Loss: 0.0953 | Val Acc: 0.9654 | Time: 11.99s
2025-04-18 14:49:05,910 - INFO - P2 (Round 1) - Epoch 10/10 | Loss: 0.0915 | Acc: 0.9678 | Val Loss: 0.0851 | Val Acc: 0.9707 | Time: 11.53s
2025-04-18 14:49:08,378 - INFO - Round 1 completed in 240.59s
2025-04-18 14:49:08,378 - INFO - Global Model - P1 Test: Loss = 4.9055, Accuracy = 0.4951
2025-04-18 14:49:08,378 - INFO - Global Model - P2 Test: Loss = 4.9435, Accuracy = 0.1207
2025-04-18 14:49:20,328 - INFO - P1 (Round 2) - Epoch 1/10 | Loss: 0.0838 | Acc: 0.9814 | Val Loss: 0.0244 | Val Acc: 0.9939 | Time: 11.95s
2025-04-18 14:49:32,976 - INFO - P1 (Round 2) - Epoch 2/10 | Loss: 0.0210 | Acc: 0.9944 | Val Loss: 0.0180 | Val Acc: 0.9952 | Time: 12.65s
2025-04-18 14:49:45,469 - INFO - P1 (Round 2) - Epoch 3/10 | Loss: 0.0176 | Acc: 0.9952 | Val Loss: 0.0161 | Val Acc: 0.9956 | Time: 12.49s
2025-04-18 14:49:57,428 - INFO - P1 (Round 2) - Epoch 4/10 | Loss: 0.0161 | Acc: 0.9956 | Val Loss: 0.0165 | Val Acc: 0.9958 | Time: 11.96s
2025-04-18 14:50:09,828 - INFO - P1 (Round 2) - Epoch 5/10 | Loss: 0.0151 | Acc: 0.9958 | Val Loss: 0.0142 | Val Acc: 0.9960 | Time: 12.40s
2025-04-18 14:50:21,939 - INFO - P1 (Round 2) - Epoch 6/10 | Loss: 0.0145 | Acc: 0.9960 | Val Loss: 0.0137 | Val Acc: 0.9961 | Time: 12.11s
2025-04-18 14:50:34,096 - INFO - P1 (Round 2) - Epoch 7/10 | Loss: 0.0139 | Acc: 0.9961 | Val Loss: 0.0130 | Val Acc: 0.9964 | Time: 12.16s
2025-04-18 14:50:47,114 - INFO - P1 (Round 2) - Epoch 8/10 | Loss: 0.0134 | Acc: 0.9962 | Val Loss: 0.0131 | Val Acc: 0.9962 | Time: 13.02s
2025-04-18 14:50:58,952 - INFO - P1 (Round 2) - Epoch 9/10 | Loss: 0.0130 | Acc: 0.9964 | Val Loss: 0.0126 | Val Acc: 0.9964 | Time: 11.84s
2025-04-18 14:51:10,892 - INFO - P1 (Round 2) - Epoch 10/10 | Loss: 0.0126 | Acc: 0.9965 | Val Loss: 0.0121 | Val Acc: 0.9968 | Time: 11.94s
2025-04-18 14:51:22,756 - INFO - P2 (Round 2) - Epoch 1/10 | Loss: 0.3954 | Acc: 0.8482 | Val Loss: 0.2835 | Val Acc: 0.8834 | Time: 11.86s
2025-04-18 14:51:34,739 - INFO - P2 (Round 2) - Epoch 2/10 | Loss: 0.2581 | Acc: 0.8926 | Val Loss: 0.2325 | Val Acc: 0.9021 | Time: 11.98s
2025-04-18 14:51:46,546 - INFO - P2 (Round 2) - Epoch 3/10 | Loss: 0.1919 | Acc: 0.9238 | Val Loss: 0.1539 | Val Acc: 0.9463 | Time: 11.81s
2025-04-18 14:51:59,295 - INFO - P2 (Round 2) - Epoch 4/10 | Loss: 0.1422 | Acc: 0.9496 | Val Loss: 0.1337 | Val Acc: 0.9544 | Time: 12.75s
2025-04-18 14:52:11,036 - INFO - P2 (Round 2) - Epoch 5/10 | Loss: 0.1299 | Acc: 0.9551 | Val Loss: 0.1256 | Val Acc: 0.9578 | Time: 11.74s
2025-04-18 14:52:23,009 - INFO - P2 (Round 2) - Epoch 6/10 | Loss: 0.1212 | Acc: 0.9581 | Val Loss: 0.1185 | Val Acc: 0.9599 | Time: 11.97s
2025-04-18 14:52:34,933 - INFO - P2 (Round 2) - Epoch 7/10 | Loss: 0.1135 | Acc: 0.9613 | Val Loss: 0.1095 | Val Acc: 0.9633 | Time: 11.92s
2025-04-18 14:52:46,759 - INFO - P2 (Round 2) - Epoch 8/10 | Loss: 0.1074 | Acc: 0.9633 | Val Loss: 0.1043 | Val Acc: 0.9646 | Time: 11.83s
2025-04-18 14:52:58,795 - INFO - P2 (Round 2) - Epoch 9/10 | Loss: 0.1022 | Acc: 0.9646 | Val Loss: 0.0999 | Val Acc: 0.9650 | Time: 12.04s
2025-04-18 14:53:11,702 - INFO - P2 (Round 2) - Epoch 10/10 | Loss: 0.0972 | Acc: 0.9660 | Val Loss: 0.0950 | Val Acc: 0.9665 | Time: 12.91s
2025-04-18 14:53:14,213 - INFO - Round 2 completed in 245.83s
2025-04-18 14:53:14,213 - INFO - Global Model - P1 Test: Loss = 1.5169, Accuracy = 0.7968
2025-04-18 14:53:14,213 - INFO - Global Model - P2 Test: Loss = 2.4026, Accuracy = 0.3654
2025-04-18 14:53:26,136 - INFO - P1 (Round 3) - Epoch 1/10 | Loss: 0.0409 | Acc: 0.9905 | Val Loss: 0.0198 | Val Acc: 0.9944 | Time: 11.92s
2025-04-18 14:53:37,965 - INFO - P1 (Round 3) - Epoch 2/10 | Loss: 0.0168 | Acc: 0.9953 | Val Loss: 0.0152 | Val Acc: 0.9958 | Time: 11.83s
2025-04-18 14:53:50,133 - INFO - P1 (Round 3) - Epoch 3/10 | Loss: 0.0149 | Acc: 0.9958 | Val Loss: 0.0142 | Val Acc: 0.9961 | Time: 12.17s
2025-04-18 14:54:02,589 - INFO - P1 (Round 3) - Epoch 4/10 | Loss: 0.0137 | Acc: 0.9962 | Val Loss: 0.0130 | Val Acc: 0.9964 | Time: 12.46s
2025-04-18 14:54:14,917 - INFO - P1 (Round 3) - Epoch 5/10 | Loss: 0.0130 | Acc: 0.9964 | Val Loss: 0.0125 | Val Acc: 0.9966 | Time: 12.33s
2025-04-18 14:54:27,684 - INFO - P1 (Round 3) - Epoch 6/10 | Loss: 0.0125 | Acc: 0.9965 | Val Loss: 0.0122 | Val Acc: 0.9967 | Time: 12.77s
2025-04-18 14:54:39,749 - INFO - P1 (Round 3) - Epoch 7/10 | Loss: 0.0121 | Acc: 0.9967 | Val Loss: 0.0114 | Val Acc: 0.9967 | Time: 12.07s
2025-04-18 14:54:51,904 - INFO - P1 (Round 3) - Epoch 8/10 | Loss: 0.0118 | Acc: 0.9969 | Val Loss: 0.0132 | Val Acc: 0.9964 | Time: 12.15s
2025-04-18 14:55:04,101 - INFO - P1 (Round 3) - Epoch 9/10 | Loss: 0.0116 | Acc: 0.9969 | Val Loss: 0.0115 | Val Acc: 0.9968 | Time: 12.20s
2025-04-18 14:55:16,118 - INFO - P1 (Round 3) - Epoch 10/10 | Loss: 0.0115 | Acc: 0.9969 | Val Loss: 0.0138 | Val Acc: 0.9962 | Time: 12.02s
2025-04-18 14:55:28,592 - INFO - P2 (Round 3) - Epoch 1/10 | Loss: 0.1981 | Acc: 0.9263 | Val Loss: 0.1352 | Val Acc: 0.9524 | Time: 12.47s
2025-04-18 14:55:40,784 - INFO - P2 (Round 3) - Epoch 2/10 | Loss: 0.1275 | Acc: 0.9544 | Val Loss: 0.1184 | Val Acc: 0.9574 | Time: 12.19s
2025-04-18 14:55:52,402 - INFO - P2 (Round 3) - Epoch 3/10 | Loss: 0.1119 | Acc: 0.9597 | Val Loss: 0.1067 | Val Acc: 0.9606 | Time: 11.62s
2025-04-18 14:56:04,198 - INFO - P2 (Round 3) - Epoch 4/10 | Loss: 0.1023 | Acc: 0.9630 | Val Loss: 0.0981 | Val Acc: 0.9646 | Time: 11.80s
2025-04-18 14:56:15,965 - INFO - P2 (Round 3) - Epoch 5/10 | Loss: 0.0954 | Acc: 0.9657 | Val Loss: 0.0945 | Val Acc: 0.9659 | Time: 11.77s
2025-04-18 14:56:28,051 - INFO - P2 (Round 3) - Epoch 6/10 | Loss: 0.0912 | Acc: 0.9675 | Val Loss: 0.0907 | Val Acc: 0.9660 | Time: 12.09s
2025-04-18 14:56:40,715 - INFO - P2 (Round 3) - Epoch 7/10 | Loss: 0.0886 | Acc: 0.9681 | Val Loss: 0.0873 | Val Acc: 0.9691 | Time: 12.66s
2025-04-18 14:56:53,182 - INFO - P2 (Round 3) - Epoch 8/10 | Loss: 0.0868 | Acc: 0.9689 | Val Loss: 0.0858 | Val Acc: 0.9691 | Time: 12.47s
2025-04-18 14:57:05,130 - INFO - P2 (Round 3) - Epoch 9/10 | Loss: 0.0855 | Acc: 0.9694 | Val Loss: 0.0845 | Val Acc: 0.9704 | Time: 11.95s
2025-04-18 14:57:17,261 - INFO - P2 (Round 3) - Epoch 10/10 | Loss: 0.0842 | Acc: 0.9700 | Val Loss: 0.0839 | Val Acc: 0.9696 | Time: 12.13s
2025-04-18 14:57:19,906 - INFO - Round 3 completed in 245.69s
2025-04-18 14:57:19,906 - INFO - Global Model - P1 Test: Loss = 1.7108, Accuracy = 0.5819
2025-04-18 14:57:19,906 - INFO - Global Model - P2 Test: Loss = 1.7392, Accuracy = 0.6136
2025-04-18 14:57:31,994 - INFO - P1 (Round 4) - Epoch 1/10 | Loss: 0.0360 | Acc: 0.9920 | Val Loss: 0.0169 | Val Acc: 0.9958 | Time: 12.09s
2025-04-18 14:57:43,795 - INFO - P1 (Round 4) - Epoch 2/10 | Loss: 0.0149 | Acc: 0.9961 | Val Loss: 0.0136 | Val Acc: 0.9963 | Time: 11.80s
2025-04-18 14:57:56,884 - INFO - P1 (Round 4) - Epoch 3/10 | Loss: 0.0132 | Acc: 0.9965 | Val Loss: 0.0121 | Val Acc: 0.9968 | Time: 13.09s
2025-04-18 14:58:09,063 - INFO - P1 (Round 4) - Epoch 4/10 | Loss: 0.0124 | Acc: 0.9967 | Val Loss: 0.0120 | Val Acc: 0.9969 | Time: 12.18s
2025-04-18 14:58:21,109 - INFO - P1 (Round 4) - Epoch 5/10 | Loss: 0.0118 | Acc: 0.9968 | Val Loss: 0.0117 | Val Acc: 0.9970 | Time: 12.05s
2025-04-18 14:58:33,172 - INFO - P1 (Round 4) - Epoch 6/10 | Loss: 0.0116 | Acc: 0.9969 | Val Loss: 0.0114 | Val Acc: 0.9971 | Time: 12.06s
2025-04-18 14:58:45,409 - INFO - P1 (Round 4) - Epoch 7/10 | Loss: 0.0113 | Acc: 0.9970 | Val Loss: 0.0112 | Val Acc: 0.9972 | Time: 12.24s
2025-04-18 14:58:57,445 - INFO - P1 (Round 4) - Epoch 8/10 | Loss: 0.0110 | Acc: 0.9971 | Val Loss: 0.0120 | Val Acc: 0.9969 | Time: 12.04s
2025-04-18 14:59:10,535 - INFO - P1 (Round 4) - Epoch 9/10 | Loss: 0.0109 | Acc: 0.9971 | Val Loss: 0.0116 | Val Acc: 0.9969 | Time: 13.09s
2025-04-18 14:59:22,552 - INFO - P1 (Round 4) - Epoch 10/10 | Loss: 0.0107 | Acc: 0.9971 | Val Loss: 0.0113 | Val Acc: 0.9970 | Time: 12.02s
2025-04-18 14:59:34,175 - INFO - P2 (Round 4) - Epoch 1/10 | Loss: 0.2591 | Acc: 0.9046 | Val Loss: 0.1547 | Val Acc: 0.9471 | Time: 11.62s
2025-04-18 14:59:45,899 - INFO - P2 (Round 4) - Epoch 2/10 | Loss: 0.1320 | Acc: 0.9556 | Val Loss: 0.1237 | Val Acc: 0.9579 | Time: 11.72s
2025-04-18 14:59:57,634 - INFO - P2 (Round 4) - Epoch 3/10 | Loss: 0.1116 | Acc: 0.9625 | Val Loss: 0.1017 | Val Acc: 0.9649 | Time: 11.74s
2025-04-18 15:00:09,660 - INFO - P2 (Round 4) - Epoch 4/10 | Loss: 0.0957 | Acc: 0.9669 | Val Loss: 0.0940 | Val Acc: 0.9680 | Time: 12.03s
2025-04-18 15:00:22,361 - INFO - P2 (Round 4) - Epoch 5/10 | Loss: 0.0911 | Acc: 0.9686 | Val Loss: 0.0901 | Val Acc: 0.9688 | Time: 12.70s
2025-04-18 15:00:34,421 - INFO - P2 (Round 4) - Epoch 6/10 | Loss: 0.0893 | Acc: 0.9692 | Val Loss: 0.0892 | Val Acc: 0.9685 | Time: 12.06s
2025-04-18 15:00:46,431 - INFO - P2 (Round 4) - Epoch 7/10 | Loss: 0.0878 | Acc: 0.9698 | Val Loss: 0.0890 | Val Acc: 0.9697 | Time: 12.01s
2025-04-18 15:00:58,361 - INFO - P2 (Round 4) - Epoch 8/10 | Loss: 0.0868 | Acc: 0.9700 | Val Loss: 0.0862 | Val Acc: 0.9708 | Time: 11.93s
2025-04-18 15:01:10,173 - INFO - P2 (Round 4) - Epoch 9/10 | Loss: 0.0858 | Acc: 0.9702 | Val Loss: 0.0887 | Val Acc: 0.9684 | Time: 11.81s
2025-04-18 15:01:22,111 - INFO - P2 (Round 4) - Epoch 10/10 | Loss: 0.0852 | Acc: 0.9704 | Val Loss: 0.0859 | Val Acc: 0.9701 | Time: 11.94s
2025-04-18 15:01:24,832 - INFO - Round 4 completed in 244.93s
2025-04-18 15:01:24,832 - INFO - Global Model - P1 Test: Loss = 1.8264, Accuracy = 0.6634
2025-04-18 15:01:24,832 - INFO - Global Model - P2 Test: Loss = 2.2809, Accuracy = 0.4006
2025-04-18 15:01:37,382 - INFO - P1 (Round 5) - Epoch 1/10 | Loss: 0.0446 | Acc: 0.9904 | Val Loss: 0.0170 | Val Acc: 0.9957 | Time: 12.55s
2025-04-18 15:01:49,084 - INFO - P1 (Round 5) - Epoch 2/10 | Loss: 0.0147 | Acc: 0.9962 | Val Loss: 0.0139 | Val Acc: 0.9966 | Time: 11.70s
2025-04-18 15:02:01,029 - INFO - P1 (Round 5) - Epoch 3/10 | Loss: 0.0129 | Acc: 0.9966 | Val Loss: 0.0126 | Val Acc: 0.9968 | Time: 11.94s
2025-04-18 15:02:13,164 - INFO - P1 (Round 5) - Epoch 4/10 | Loss: 0.0120 | Acc: 0.9968 | Val Loss: 0.0128 | Val Acc: 0.9967 | Time: 12.14s
2025-04-18 15:02:25,285 - INFO - P1 (Round 5) - Epoch 5/10 | Loss: 0.0115 | Acc: 0.9969 | Val Loss: 0.0120 | Val Acc: 0.9971 | Time: 12.12s
2025-04-18 15:02:38,202 - INFO - P1 (Round 5) - Epoch 6/10 | Loss: 0.0111 | Acc: 0.9971 | Val Loss: 0.0112 | Val Acc: 0.9972 | Time: 12.92s
2025-04-18 15:02:50,492 - INFO - P1 (Round 5) - Epoch 7/10 | Loss: 0.0108 | Acc: 0.9972 | Val Loss: 0.0105 | Val Acc: 0.9974 | Time: 12.29s
2025-04-18 15:03:02,797 - INFO - P1 (Round 5) - Epoch 8/10 | Loss: 0.0105 | Acc: 0.9973 | Val Loss: 0.0106 | Val Acc: 0.9974 | Time: 12.30s
2025-04-18 15:03:14,918 - INFO - P1 (Round 5) - Epoch 9/10 | Loss: 0.0103 | Acc: 0.9973 | Val Loss: 0.0106 | Val Acc: 0.9972 | Time: 12.12s
2025-04-18 15:03:27,094 - INFO - P1 (Round 5) - Epoch 10/10 | Loss: 0.0101 | Acc: 0.9973 | Val Loss: 0.0107 | Val Acc: 0.9973 | Time: 12.18s
2025-04-18 15:03:38,952 - INFO - P2 (Round 5) - Epoch 1/10 | Loss: 0.1936 | Acc: 0.9269 | Val Loss: 0.1366 | Val Acc: 0.9516 | Time: 11.86s
2025-04-18 15:03:51,522 - INFO - P2 (Round 5) - Epoch 2/10 | Loss: 0.1191 | Acc: 0.9570 | Val Loss: 0.1116 | Val Acc: 0.9600 | Time: 12.57s
2025-04-18 15:04:03,831 - INFO - P2 (Round 5) - Epoch 3/10 | Loss: 0.1089 | Acc: 0.9604 | Val Loss: 0.1071 | Val Acc: 0.9619 | Time: 12.31s
2025-04-18 15:04:15,598 - INFO - P2 (Round 5) - Epoch 4/10 | Loss: 0.1059 | Acc: 0.9616 | Val Loss: 0.1063 | Val Acc: 0.9605 | Time: 11.77s
2025-04-18 15:04:27,378 - INFO - P2 (Round 5) - Epoch 5/10 | Loss: 0.1041 | Acc: 0.9626 | Val Loss: 0.1058 | Val Acc: 0.9611 | Time: 11.78s
2025-04-18 15:04:38,951 - INFO - P2 (Round 5) - Epoch 6/10 | Loss: 0.1027 | Acc: 0.9633 | Val Loss: 0.1035 | Val Acc: 0.9618 | Time: 11.57s
2025-04-18 15:04:50,942 - INFO - P2 (Round 5) - Epoch 7/10 | Loss: 0.1016 | Acc: 0.9640 | Val Loss: 0.1010 | Val Acc: 0.9637 | Time: 11.99s
2025-04-18 15:05:04,018 - INFO - P2 (Round 5) - Epoch 8/10 | Loss: 0.1004 | Acc: 0.9644 | Val Loss: 0.0992 | Val Acc: 0.9648 | Time: 13.08s
2025-04-18 15:05:15,967 - INFO - P2 (Round 5) - Epoch 9/10 | Loss: 0.0994 | Acc: 0.9649 | Val Loss: 0.1006 | Val Acc: 0.9647 | Time: 11.95s
2025-04-18 15:05:27,834 - INFO - P2 (Round 5) - Epoch 10/10 | Loss: 0.0985 | Acc: 0.9653 | Val Loss: 0.1004 | Val Acc: 0.9650 | Time: 11.87s
2025-04-18 15:05:30,266 - INFO - Round 5 completed in 245.43s
2025-04-18 15:05:30,266 - INFO - Global Model - P1 Test: Loss = 1.7355, Accuracy = 0.7246
2025-04-18 15:05:30,266 - INFO - Global Model - P2 Test: Loss = 2.1733, Accuracy = 0.5995
2025-04-18 15:05:42,477 - INFO - P1 (Round 6) - Epoch 1/10 | Loss: 0.0404 | Acc: 0.9924 | Val Loss: 0.0177 | Val Acc: 0.9958 | Time: 12.21s
2025-04-18 15:05:54,344 - INFO - P1 (Round 6) - Epoch 2/10 | Loss: 0.0137 | Acc: 0.9965 | Val Loss: 0.0132 | Val Acc: 0.9967 | Time: 11.87s
2025-04-18 15:06:06,411 - INFO - P1 (Round 6) - Epoch 3/10 | Loss: 0.0124 | Acc: 0.9968 | Val Loss: 0.0134 | Val Acc: 0.9965 | Time: 12.07s
2025-04-18 15:06:19,544 - INFO - P1 (Round 6) - Epoch 4/10 | Loss: 0.0119 | Acc: 0.9970 | Val Loss: 0.0116 | Val Acc: 0.9970 | Time: 13.13s
2025-04-18 15:06:31,323 - INFO - P1 (Round 6) - Epoch 5/10 | Loss: 0.0111 | Acc: 0.9971 | Val Loss: 0.0110 | Val Acc: 0.9972 | Time: 11.78s
2025-04-18 15:06:43,059 - INFO - P1 (Round 6) - Epoch 6/10 | Loss: 0.0107 | Acc: 0.9972 | Val Loss: 0.0107 | Val Acc: 0.9973 | Time: 11.74s
2025-04-18 15:06:54,985 - INFO - P1 (Round 6) - Epoch 7/10 | Loss: 0.0103 | Acc: 0.9973 | Val Loss: 0.0106 | Val Acc: 0.9971 | Time: 11.93s
2025-04-18 15:07:07,356 - INFO - P1 (Round 6) - Epoch 8/10 | Loss: 0.0101 | Acc: 0.9974 | Val Loss: 0.0104 | Val Acc: 0.9974 | Time: 12.37s
2025-04-18 15:07:19,839 - INFO - P1 (Round 6) - Epoch 9/10 | Loss: 0.0100 | Acc: 0.9974 | Val Loss: 0.0106 | Val Acc: 0.9970 | Time: 12.48s
2025-04-18 15:07:32,585 - INFO - P1 (Round 6) - Epoch 10/10 | Loss: 0.0097 | Acc: 0.9974 | Val Loss: 0.0108 | Val Acc: 0.9972 | Time: 12.75s
2025-04-18 15:07:44,077 - INFO - P2 (Round 6) - Epoch 1/10 | Loss: 0.2666 | Acc: 0.8920 | Val Loss: 0.1588 | Val Acc: 0.9406 | Time: 11.49s
2025-04-18 15:07:54,968 - INFO - P2 (Round 6) - Epoch 2/10 | Loss: 0.1225 | Acc: 0.9542 | Val Loss: 0.1059 | Val Acc: 0.9608 | Time: 10.89s
2025-04-18 15:08:05,033 - INFO - P2 (Round 6) - Epoch 3/10 | Loss: 0.1034 | Acc: 0.9623 | Val Loss: 0.1023 | Val Acc: 0.9623 | Time: 10.06s
2025-04-18 15:08:15,194 - INFO - P2 (Round 6) - Epoch 4/10 | Loss: 0.0990 | Acc: 0.9647 | Val Loss: 0.0962 | Val Acc: 0.9661 | Time: 10.16s
2025-04-18 15:08:25,712 - INFO - P2 (Round 6) - Epoch 5/10 | Loss: 0.0944 | Acc: 0.9669 | Val Loss: 0.0946 | Val Acc: 0.9670 | Time: 10.52s
2025-04-18 15:08:37,649 - INFO - P2 (Round 6) - Epoch 6/10 | Loss: 0.0917 | Acc: 0.9678 | Val Loss: 0.0925 | Val Acc: 0.9670 | Time: 11.94s
2025-04-18 15:08:47,552 - INFO - P2 (Round 6) - Epoch 7/10 | Loss: 0.0901 | Acc: 0.9685 | Val Loss: 0.0903 | Val Acc: 0.9684 | Time: 9.90s
2025-04-18 15:08:57,425 - INFO - P2 (Round 6) - Epoch 8/10 | Loss: 0.0884 | Acc: 0.9692 | Val Loss: 0.0877 | Val Acc: 0.9695 | Time: 9.87s
2025-04-18 15:09:07,317 - INFO - P2 (Round 6) - Epoch 9/10 | Loss: 0.0871 | Acc: 0.9696 | Val Loss: 0.0880 | Val Acc: 0.9695 | Time: 9.89s
2025-04-18 15:09:17,301 - INFO - P2 (Round 6) - Epoch 10/10 | Loss: 0.0862 | Acc: 0.9699 | Val Loss: 0.0870 | Val Acc: 0.9700 | Time: 9.98s
2025-04-18 15:09:19,643 - INFO - Round 6 completed in 229.38s
2025-04-18 15:09:19,643 - INFO - Global Model - P1 Test: Loss = 1.6455, Accuracy = 0.8128
2025-04-18 15:09:19,643 - INFO - Global Model - P2 Test: Loss = 2.2371, Accuracy = 0.6631
2025-04-18 15:09:29,850 - INFO - P1 (Round 7) - Epoch 1/10 | Loss: 0.0334 | Acc: 0.9933 | Val Loss: 0.0147 | Val Acc: 0.9962 | Time: 10.21s
2025-04-18 15:09:40,078 - INFO - P1 (Round 7) - Epoch 2/10 | Loss: 0.0129 | Acc: 0.9967 | Val Loss: 0.0121 | Val Acc: 0.9969 | Time: 10.23s
2025-04-18 15:09:51,885 - INFO - P1 (Round 7) - Epoch 3/10 | Loss: 0.0113 | Acc: 0.9971 | Val Loss: 0.0116 | Val Acc: 0.9970 | Time: 11.81s
2025-04-18 15:10:02,246 - INFO - P1 (Round 7) - Epoch 4/10 | Loss: 0.0107 | Acc: 0.9972 | Val Loss: 0.0103 | Val Acc: 0.9976 | Time: 10.36s
2025-04-18 15:10:12,432 - INFO - P1 (Round 7) - Epoch 5/10 | Loss: 0.0102 | Acc: 0.9973 | Val Loss: 0.0117 | Val Acc: 0.9969 | Time: 10.19s
2025-04-18 15:10:22,577 - INFO - P1 (Round 7) - Epoch 6/10 | Loss: 0.0099 | Acc: 0.9974 | Val Loss: 0.0111 | Val Acc: 0.9971 | Time: 10.14s
2025-04-18 15:10:32,822 - INFO - P1 (Round 7) - Epoch 7/10 | Loss: 0.0095 | Acc: 0.9975 | Val Loss: 0.0106 | Val Acc: 0.9974 | Time: 10.25s
2025-04-18 15:10:43,102 - INFO - P1 (Round 7) - Epoch 8/10 | Loss: 0.0092 | Acc: 0.9976 | Val Loss: 0.0094 | Val Acc: 0.9976 | Time: 10.28s
2025-04-18 15:10:53,769 - INFO - P1 (Round 7) - Epoch 9/10 | Loss: 0.0088 | Acc: 0.9977 | Val Loss: 0.0091 | Val Acc: 0.9977 | Time: 10.67s
2025-04-18 15:11:05,110 - INFO - P1 (Round 7) - Epoch 10/10 | Loss: 0.0084 | Acc: 0.9978 | Val Loss: 0.0081 | Val Acc: 0.9981 | Time: 11.34s
2025-04-18 15:11:15,433 - INFO - P2 (Round 7) - Epoch 1/10 | Loss: 0.2607 | Acc: 0.8933 | Val Loss: 0.1864 | Val Acc: 0.9301 | Time: 10.32s
2025-04-18 15:11:25,338 - INFO - P2 (Round 7) - Epoch 2/10 | Loss: 0.1605 | Acc: 0.9350 | Val Loss: 0.1452 | Val Acc: 0.9383 | Time: 9.91s
2025-04-18 15:11:35,303 - INFO - P2 (Round 7) - Epoch 3/10 | Loss: 0.1304 | Acc: 0.9508 | Val Loss: 0.1176 | Val Acc: 0.9576 | Time: 9.96s
2025-04-18 15:11:45,369 - INFO - P2 (Round 7) - Epoch 4/10 | Loss: 0.1107 | Acc: 0.9604 | Val Loss: 0.1057 | Val Acc: 0.9627 | Time: 10.07s
2025-04-18 15:11:55,221 - INFO - P2 (Round 7) - Epoch 5/10 | Loss: 0.1001 | Acc: 0.9642 | Val Loss: 0.0961 | Val Acc: 0.9654 | Time: 9.85s
2025-04-18 15:12:06,147 - INFO - P2 (Round 7) - Epoch 6/10 | Loss: 0.0942 | Acc: 0.9666 | Val Loss: 0.0938 | Val Acc: 0.9679 | Time: 10.93s
2025-04-18 15:12:16,955 - INFO - P2 (Round 7) - Epoch 7/10 | Loss: 0.0909 | Acc: 0.9680 | Val Loss: 0.0922 | Val Acc: 0.9687 | Time: 10.81s
2025-04-18 15:12:26,890 - INFO - P2 (Round 7) - Epoch 8/10 | Loss: 0.0891 | Acc: 0.9688 | Val Loss: 0.0889 | Val Acc: 0.9691 | Time: 9.94s
2025-04-18 15:12:36,849 - INFO - P2 (Round 7) - Epoch 9/10 | Loss: 0.0878 | Acc: 0.9693 | Val Loss: 0.0872 | Val Acc: 0.9699 | Time: 9.96s
2025-04-18 15:12:46,762 - INFO - P2 (Round 7) - Epoch 10/10 | Loss: 0.0868 | Acc: 0.9699 | Val Loss: 0.0871 | Val Acc: 0.9708 | Time: 9.91s
2025-04-18 15:12:49,033 - INFO - Round 7 completed in 209.39s
2025-04-18 15:12:49,033 - INFO - Global Model - P1 Test: Loss = 3.0593, Accuracy = 0.6638
2025-04-18 15:12:49,033 - INFO - Global Model - P2 Test: Loss = 3.7726, Accuracy = 0.6375
2025-04-18 15:12:59,805 - INFO - P1 (Round 8) - Epoch 1/10 | Loss: 0.0672 | Acc: 0.9913 | Val Loss: 0.0152 | Val Acc: 0.9962 | Time: 10.77s
2025-04-18 15:13:10,030 - INFO - P1 (Round 8) - Epoch 2/10 | Loss: 0.0121 | Acc: 0.9967 | Val Loss: 0.0115 | Val Acc: 0.9971 | Time: 10.22s
2025-04-18 15:13:21,715 - INFO - P1 (Round 8) - Epoch 3/10 | Loss: 0.0105 | Acc: 0.9971 | Val Loss: 0.0105 | Val Acc: 0.9972 | Time: 11.69s
2025-04-18 15:13:31,943 - INFO - P1 (Round 8) - Epoch 4/10 | Loss: 0.0097 | Acc: 0.9973 | Val Loss: 0.0098 | Val Acc: 0.9975 | Time: 10.23s
2025-04-18 15:13:41,909 - INFO - P1 (Round 8) - Epoch 5/10 | Loss: 0.0089 | Acc: 0.9975 | Val Loss: 0.0093 | Val Acc: 0.9978 | Time: 9.97s
2025-04-18 15:13:51,785 - INFO - P1 (Round 8) - Epoch 6/10 | Loss: 0.0082 | Acc: 0.9977 | Val Loss: 0.0081 | Val Acc: 0.9980 | Time: 9.88s
2025-04-18 15:14:01,793 - INFO - P1 (Round 8) - Epoch 7/10 | Loss: 0.0074 | Acc: 0.9979 | Val Loss: 0.0071 | Val Acc: 0.9983 | Time: 10.01s
2025-04-18 15:14:11,921 - INFO - P1 (Round 8) - Epoch 8/10 | Loss: 0.0067 | Acc: 0.9982 | Val Loss: 0.0071 | Val Acc: 0.9981 | Time: 10.13s
2025-04-18 15:14:22,223 - INFO - P1 (Round 8) - Epoch 9/10 | Loss: 0.0061 | Acc: 0.9983 | Val Loss: 0.0059 | Val Acc: 0.9984 | Time: 10.30s
2025-04-18 15:14:35,626 - INFO - P1 (Round 8) - Epoch 10/10 | Loss: 0.0055 | Acc: 0.9985 | Val Loss: 0.0059 | Val Acc: 0.9986 | Time: 13.40s
2025-04-18 15:14:49,174 - INFO - P2 (Round 8) - Epoch 1/10 | Loss: 0.3051 | Acc: 0.8786 | Val Loss: 0.2470 | Val Acc: 0.8904 | Time: 13.55s
2025-04-18 15:15:00,383 - INFO - P2 (Round 8) - Epoch 2/10 | Loss: 0.2375 | Acc: 0.8966 | Val Loss: 0.2303 | Val Acc: 0.9031 | Time: 11.21s
2025-04-18 15:15:10,430 - INFO - P2 (Round 8) - Epoch 3/10 | Loss: 0.2248 | Acc: 0.9044 | Val Loss: 0.2206 | Val Acc: 0.9076 | Time: 10.05s
2025-04-18 15:15:20,214 - INFO - P2 (Round 8) - Epoch 4/10 | Loss: 0.1890 | Acc: 0.9240 | Val Loss: 0.1439 | Val Acc: 0.9508 | Time: 9.78s
2025-04-18 15:15:30,480 - INFO - P2 (Round 8) - Epoch 5/10 | Loss: 0.1315 | Acc: 0.9536 | Val Loss: 0.1224 | Val Acc: 0.9574 | Time: 10.27s
2025-04-18 15:15:42,036 - INFO - P2 (Round 8) - Epoch 6/10 | Loss: 0.1187 | Acc: 0.9573 | Val Loss: 0.1149 | Val Acc: 0.9576 | Time: 11.56s
2025-04-18 15:15:52,458 - INFO - P2 (Round 8) - Epoch 7/10 | Loss: 0.1128 | Acc: 0.9593 | Val Loss: 0.1101 | Val Acc: 0.9606 | Time: 10.42s
2025-04-18 15:16:02,783 - INFO - P2 (Round 8) - Epoch 8/10 | Loss: 0.1095 | Acc: 0.9607 | Val Loss: 0.1070 | Val Acc: 0.9615 | Time: 10.32s
2025-04-18 15:16:12,973 - INFO - P2 (Round 8) - Epoch 9/10 | Loss: 0.1076 | Acc: 0.9616 | Val Loss: 0.1093 | Val Acc: 0.9630 | Time: 10.19s
2025-04-18 15:16:22,948 - INFO - P2 (Round 8) - Epoch 10/10 | Loss: 0.1062 | Acc: 0.9623 | Val Loss: 0.1049 | Val Acc: 0.9627 | Time: 9.97s
2025-04-18 15:16:25,284 - INFO - Round 8 completed in 216.25s
2025-04-18 15:16:25,284 - INFO - Global Model - P1 Test: Loss = 2.0227, Accuracy = 0.6546
2025-04-18 15:16:25,284 - INFO - Global Model - P2 Test: Loss = 2.0165, Accuracy = 0.5603
2025-04-18 15:16:35,329 - INFO - P1 (Round 9) - Epoch 1/10 | Loss: 0.0464 | Acc: 0.9926 | Val Loss: 0.0133 | Val Acc: 0.9966 | Time: 10.04s
2025-04-18 15:16:45,302 - INFO - P1 (Round 9) - Epoch 2/10 | Loss: 0.0103 | Acc: 0.9973 | Val Loss: 0.0088 | Val Acc: 0.9977 | Time: 9.97s
2025-04-18 15:16:57,517 - INFO - P1 (Round 9) - Epoch 3/10 | Loss: 0.0081 | Acc: 0.9978 | Val Loss: 0.0069 | Val Acc: 0.9981 | Time: 12.21s
2025-04-18 15:17:07,473 - INFO - P1 (Round 9) - Epoch 4/10 | Loss: 0.0067 | Acc: 0.9982 | Val Loss: 0.0066 | Val Acc: 0.9982 | Time: 9.96s
2025-04-18 15:17:17,466 - INFO - P1 (Round 9) - Epoch 5/10 | Loss: 0.0059 | Acc: 0.9984 | Val Loss: 0.0057 | Val Acc: 0.9985 | Time: 9.99s
2025-04-18 15:17:27,777 - INFO - P1 (Round 9) - Epoch 6/10 | Loss: 0.0054 | Acc: 0.9986 | Val Loss: 0.0047 | Val Acc: 0.9989 | Time: 10.31s
2025-04-18 15:17:38,006 - INFO - P1 (Round 9) - Epoch 7/10 | Loss: 0.0049 | Acc: 0.9988 | Val Loss: 0.0047 | Val Acc: 0.9991 | Time: 10.23s
2025-04-18 15:17:48,728 - INFO - P1 (Round 9) - Epoch 8/10 | Loss: 0.0045 | Acc: 0.9989 | Val Loss: 0.0043 | Val Acc: 0.9991 | Time: 10.72s
2025-04-18 15:18:01,006 - INFO - P1 (Round 9) - Epoch 9/10 | Loss: 0.0042 | Acc: 0.9991 | Val Loss: 0.0044 | Val Acc: 0.9988 | Time: 12.28s
2025-04-18 15:18:13,874 - INFO - P1 (Round 9) - Epoch 10/10 | Loss: 0.0039 | Acc: 0.9991 | Val Loss: 0.0038 | Val Acc: 0.9993 | Time: 12.87s
2025-04-18 15:18:25,377 - INFO - P2 (Round 9) - Epoch 1/10 | Loss: 0.1926 | Acc: 0.9310 | Val Loss: 0.1234 | Val Acc: 0.9565 | Time: 11.50s
2025-04-18 15:18:37,142 - INFO - P2 (Round 9) - Epoch 2/10 | Loss: 0.1175 | Acc: 0.9571 | Val Loss: 0.1122 | Val Acc: 0.9592 | Time: 11.77s
2025-04-18 15:18:48,709 - INFO - P2 (Round 9) - Epoch 3/10 | Loss: 0.1115 | Acc: 0.9594 | Val Loss: 0.1081 | Val Acc: 0.9613 | Time: 11.57s
2025-04-18 15:19:00,518 - INFO - P2 (Round 9) - Epoch 4/10 | Loss: 0.1076 | Acc: 0.9612 | Val Loss: 0.1033 | Val Acc: 0.9632 | Time: 11.81s
2025-04-18 15:19:12,789 - INFO - P2 (Round 9) - Epoch 5/10 | Loss: 0.0996 | Acc: 0.9648 | Val Loss: 0.0954 | Val Acc: 0.9669 | Time: 12.27s
2025-04-18 15:19:25,289 - INFO - P2 (Round 9) - Epoch 6/10 | Loss: 0.0928 | Acc: 0.9675 | Val Loss: 0.0898 | Val Acc: 0.9690 | Time: 12.50s
2025-04-18 15:19:37,050 - INFO - P2 (Round 9) - Epoch 7/10 | Loss: 0.0892 | Acc: 0.9692 | Val Loss: 0.0871 | Val Acc: 0.9706 | Time: 11.76s
2025-04-18 15:19:48,831 - INFO - P2 (Round 9) - Epoch 8/10 | Loss: 0.0867 | Acc: 0.9704 | Val Loss: 0.0856 | Val Acc: 0.9709 | Time: 11.78s
2025-04-18 15:20:00,882 - INFO - P2 (Round 9) - Epoch 9/10 | Loss: 0.0853 | Acc: 0.9706 | Val Loss: 0.0840 | Val Acc: 0.9713 | Time: 12.05s
2025-04-18 15:20:13,677 - INFO - P2 (Round 9) - Epoch 10/10 | Loss: 0.0841 | Acc: 0.9709 | Val Loss: 0.0841 | Val Acc: 0.9704 | Time: 12.79s
2025-04-18 15:20:16,161 - INFO - Round 9 completed in 230.88s
2025-04-18 15:20:16,161 - INFO - Global Model - P1 Test: Loss = 1.5988, Accuracy = 0.6763
2025-04-18 15:20:16,161 - INFO - Global Model - P2 Test: Loss = 1.7927, Accuracy = 0.5986
2025-04-18 15:20:28,715 - INFO - P1 (Round 10) - Epoch 1/10 | Loss: 0.0242 | Acc: 0.9950 | Val Loss: 0.0086 | Val Acc: 0.9981 | Time: 12.55s
2025-04-18 15:20:41,224 - INFO - P1 (Round 10) - Epoch 2/10 | Loss: 0.0061 | Acc: 0.9985 | Val Loss: 0.0052 | Val Acc: 0.9987 | Time: 12.51s
2025-04-18 15:20:53,512 - INFO - P1 (Round 10) - Epoch 3/10 | Loss: 0.0051 | Acc: 0.9988 | Val Loss: 0.0051 | Val Acc: 0.9989 | Time: 12.29s
2025-04-18 15:21:05,993 - INFO - P1 (Round 10) - Epoch 4/10 | Loss: 0.0045 | Acc: 0.9990 | Val Loss: 0.0044 | Val Acc: 0.9990 | Time: 12.48s
2025-04-18 15:21:18,059 - INFO - P1 (Round 10) - Epoch 5/10 | Loss: 0.0040 | Acc: 0.9991 | Val Loss: 0.0044 | Val Acc: 0.9993 | Time: 12.07s
2025-04-18 15:21:30,193 - INFO - P1 (Round 10) - Epoch 6/10 | Loss: 0.0037 | Acc: 0.9992 | Val Loss: 0.0052 | Val Acc: 0.9988 | Time: 12.13s
2025-04-18 15:21:43,232 - INFO - P1 (Round 10) - Epoch 7/10 | Loss: 0.0036 | Acc: 0.9992 | Val Loss: 0.0034 | Val Acc: 0.9994 | Time: 13.04s
2025-04-18 15:21:55,670 - INFO - P1 (Round 10) - Epoch 8/10 | Loss: 0.0034 | Acc: 0.9993 | Val Loss: 0.0036 | Val Acc: 0.9994 | Time: 12.44s
2025-04-18 15:22:07,918 - INFO - P1 (Round 10) - Epoch 9/10 | Loss: 0.0032 | Acc: 0.9993 | Val Loss: 0.0037 | Val Acc: 0.9994 | Time: 12.25s
2025-04-18 15:22:20,080 - INFO - P1 (Round 10) - Epoch 10/10 | Loss: 0.0032 | Acc: 0.9994 | Val Loss: 0.0049 | Val Acc: 0.9988 | Time: 12.16s
2025-04-18 15:22:32,597 - INFO - P2 (Round 10) - Epoch 1/10 | Loss: 0.2370 | Acc: 0.9067 | Val Loss: 0.1878 | Val Acc: 0.9286 | Time: 12.52s
2025-04-18 15:22:44,312 - INFO - P2 (Round 10) - Epoch 2/10 | Loss: 0.1826 | Acc: 0.9306 | Val Loss: 0.1759 | Val Acc: 0.9340 | Time: 11.71s
2025-04-18 15:22:59,006 - INFO - P2 (Round 10) - Epoch 3/10 | Loss: 0.1751 | Acc: 0.9329 | Val Loss: 0.1713 | Val Acc: 0.9334 | Time: 14.69s
2025-04-18 15:23:11,024 - INFO - P2 (Round 10) - Epoch 4/10 | Loss: 0.1718 | Acc: 0.9338 | Val Loss: 0.1683 | Val Acc: 0.9365 | Time: 12.02s
2025-04-18 15:23:23,027 - INFO - P2 (Round 10) - Epoch 5/10 | Loss: 0.1693 | Acc: 0.9349 | Val Loss: 0.1654 | Val Acc: 0.9373 | Time: 12.00s
2025-04-18 15:23:34,865 - INFO - P2 (Round 10) - Epoch 6/10 | Loss: 0.1557 | Acc: 0.9400 | Val Loss: 0.1154 | Val Acc: 0.9566 | Time: 11.84s
2025-04-18 15:23:46,749 - INFO - P2 (Round 10) - Epoch 7/10 | Loss: 0.1120 | Acc: 0.9586 | Val Loss: 0.1074 | Val Acc: 0.9604 | Time: 11.88s
2025-04-18 15:23:58,919 - INFO - P2 (Round 10) - Epoch 8/10 | Loss: 0.1084 | Acc: 0.9597 | Val Loss: 0.1060 | Val Acc: 0.9603 | Time: 12.17s
2025-04-18 15:24:11,741 - INFO - P2 (Round 10) - Epoch 9/10 | Loss: 0.1071 | Acc: 0.9600 | Val Loss: 0.1054 | Val Acc: 0.9603 | Time: 12.82s
2025-04-18 15:24:23,726 - INFO - P2 (Round 10) - Epoch 10/10 | Loss: 0.1061 | Acc: 0.9604 | Val Loss: 0.1046 | Val Acc: 0.9618 | Time: 11.98s
2025-04-18 15:24:26,420 - INFO - Round 10 completed in 250.26s
2025-04-18 15:24:26,420 - INFO - Global Model - P1 Test: Loss = 3.3020, Accuracy = 0.5976
2025-04-18 15:24:26,420 - INFO - Global Model - P2 Test: Loss = 2.0820, Accuracy = 0.5415
2025-04-18 15:24:28,972 - INFO - Final Results after 10 rounds:
2025-04-18 15:24:28,972 - INFO - Global Model - P1 Test: Loss = 3.3020, Accuracy = 0.5976
2025-04-18 15:24:28,972 - INFO - Global Model - P2 Test: Loss = 2.0820, Accuracy = 0.5415
2025-04-18 15:24:28,983 - INFO - Experiment 8 results saved to results/suppression_experiments/exp_8_p1f14_p2f7.json
