2025-04-18 22:26:26,741 - INFO - Starting Suppression Experiment 125
2025-04-18 22:26:26,741 - INFO - P1 Features (6/14): ['protocol', 'bidirectional_min_ps', 'bidirectional_mean_ps', 'bidirectional_stddev_ps', 'bidirectional_max_ps', 'src2dst_stddev_ps']
2025-04-18 22:26:26,741 - INFO - P2 Features (2/14): ['protocol', 'bidirectional_min_ps']
2025-04-18 22:26:39,445 - INFO - P1 (Round 1) - Epoch 1/10 | Loss: 0.1752 | Acc: 0.9488 | Val Loss: 0.0585 | Val Acc: 0.9824 | Time: 12.62s
2025-04-18 22:26:51,979 - INFO - P1 (Round 1) - Epoch 2/10 | Loss: 0.0468 | Acc: 0.9864 | Val Loss: 0.0416 | Val Acc: 0.9886 | Time: 12.53s
2025-04-18 22:27:04,083 - INFO - P1 (Round 1) - Epoch 3/10 | Loss: 0.0380 | Acc: 0.9892 | Val Loss: 0.0360 | Val Acc: 0.9894 | Time: 12.10s
2025-04-18 22:27:16,097 - INFO - P1 (Round 1) - Epoch 4/10 | Loss: 0.0344 | Acc: 0.9903 | Val Loss: 0.0333 | Val Acc: 0.9907 | Time: 12.01s
2025-04-18 22:27:28,038 - INFO - P1 (Round 1) - Epoch 5/10 | Loss: 0.0323 | Acc: 0.9910 | Val Loss: 0.0315 | Val Acc: 0.9917 | Time: 11.94s
2025-04-18 22:27:39,932 - INFO - P1 (Round 1) - Epoch 6/10 | Loss: 0.0307 | Acc: 0.9914 | Val Loss: 0.0303 | Val Acc: 0.9916 | Time: 11.89s
2025-04-18 22:27:52,105 - INFO - P1 (Round 1) - Epoch 7/10 | Loss: 0.0296 | Acc: 0.9917 | Val Loss: 0.0298 | Val Acc: 0.9914 | Time: 12.17s
2025-04-18 22:28:04,800 - INFO - P1 (Round 1) - Epoch 8/10 | Loss: 0.0286 | Acc: 0.9919 | Val Loss: 0.0289 | Val Acc: 0.9914 | Time: 12.69s
2025-04-18 22:28:16,658 - INFO - P1 (Round 1) - Epoch 9/10 | Loss: 0.0280 | Acc: 0.9920 | Val Loss: 0.0281 | Val Acc: 0.9916 | Time: 11.86s
2025-04-18 22:28:28,497 - INFO - P1 (Round 1) - Epoch 10/10 | Loss: 0.0274 | Acc: 0.9922 | Val Loss: 0.0275 | Val Acc: 0.9922 | Time: 11.84s
2025-04-18 22:28:40,497 - INFO - P2 (Round 1) - Epoch 1/10 | Loss: 0.8742 | Acc: 0.6661 | Val Loss: 0.8297 | Val Acc: 0.6785 | Time: 12.00s
2025-04-18 22:28:52,485 - INFO - P2 (Round 1) - Epoch 2/10 | Loss: 0.8296 | Acc: 0.6785 | Val Loss: 0.8300 | Val Acc: 0.6785 | Time: 11.99s
2025-04-18 22:29:04,919 - INFO - P2 (Round 1) - Epoch 3/10 | Loss: 0.8295 | Acc: 0.6785 | Val Loss: 0.8295 | Val Acc: 0.6785 | Time: 12.43s
2025-04-18 22:29:16,887 - INFO - P2 (Round 1) - Epoch 4/10 | Loss: 0.8294 | Acc: 0.6785 | Val Loss: 0.8296 | Val Acc: 0.6785 | Time: 11.97s
2025-04-18 22:29:28,637 - INFO - P2 (Round 1) - Epoch 5/10 | Loss: 0.8293 | Acc: 0.6785 | Val Loss: 0.8292 | Val Acc: 0.6785 | Time: 11.75s
2025-04-18 22:29:40,407 - INFO - P2 (Round 1) - Epoch 6/10 | Loss: 0.8292 | Acc: 0.6785 | Val Loss: 0.8293 | Val Acc: 0.6785 | Time: 11.77s
2025-04-18 22:29:52,151 - INFO - P2 (Round 1) - Epoch 7/10 | Loss: 0.8291 | Acc: 0.6785 | Val Loss: 0.8288 | Val Acc: 0.6785 | Time: 11.74s
2025-04-18 22:30:03,829 - INFO - P2 (Round 1) - Epoch 8/10 | Loss: 0.8290 | Acc: 0.6785 | Val Loss: 0.8294 | Val Acc: 0.6785 | Time: 11.68s
2025-04-18 22:30:16,271 - INFO - P2 (Round 1) - Epoch 9/10 | Loss: 0.8290 | Acc: 0.6785 | Val Loss: 0.8287 | Val Acc: 0.6785 | Time: 12.44s
2025-04-18 22:30:28,879 - INFO - P2 (Round 1) - Epoch 10/10 | Loss: 0.8290 | Acc: 0.6785 | Val Loss: 0.8288 | Val Acc: 0.6785 | Time: 12.61s
2025-04-18 22:30:31,481 - INFO - Round 1 completed in 244.66s
2025-04-18 22:30:31,482 - INFO - Global Model - P1 Test: Loss = 2.9835, Accuracy = 0.6745
2025-04-18 22:30:31,482 - INFO - Global Model - P2 Test: Loss = 1.3391, Accuracy = 0.5801
2025-04-18 22:30:43,526 - INFO - P1 (Round 2) - Epoch 1/10 | Loss: 0.0740 | Acc: 0.9834 | Val Loss: 0.0358 | Val Acc: 0.9898 | Time: 12.04s
2025-04-18 22:30:55,578 - INFO - P1 (Round 2) - Epoch 2/10 | Loss: 0.0328 | Acc: 0.9906 | Val Loss: 0.0310 | Val Acc: 0.9909 | Time: 12.05s
2025-04-18 22:31:07,647 - INFO - P1 (Round 2) - Epoch 3/10 | Loss: 0.0303 | Acc: 0.9914 | Val Loss: 0.0299 | Val Acc: 0.9912 | Time: 12.07s
2025-04-18 22:31:19,620 - INFO - P1 (Round 2) - Epoch 4/10 | Loss: 0.0289 | Acc: 0.9917 | Val Loss: 0.0286 | Val Acc: 0.9919 | Time: 11.97s
2025-04-18 22:31:32,689 - INFO - P1 (Round 2) - Epoch 5/10 | Loss: 0.0278 | Acc: 0.9920 | Val Loss: 0.0273 | Val Acc: 0.9921 | Time: 13.07s
2025-04-18 22:31:45,023 - INFO - P1 (Round 2) - Epoch 6/10 | Loss: 0.0268 | Acc: 0.9922 | Val Loss: 0.0266 | Val Acc: 0.9921 | Time: 12.33s
2025-04-18 22:31:57,179 - INFO - P1 (Round 2) - Epoch 7/10 | Loss: 0.0258 | Acc: 0.9925 | Val Loss: 0.0252 | Val Acc: 0.9931 | Time: 12.16s
2025-04-18 22:32:09,140 - INFO - P1 (Round 2) - Epoch 8/10 | Loss: 0.0250 | Acc: 0.9928 | Val Loss: 0.0255 | Val Acc: 0.9924 | Time: 11.96s
2025-04-18 22:32:21,024 - INFO - P1 (Round 2) - Epoch 9/10 | Loss: 0.0244 | Acc: 0.9930 | Val Loss: 0.0252 | Val Acc: 0.9926 | Time: 11.88s
2025-04-18 22:32:32,926 - INFO - P1 (Round 2) - Epoch 10/10 | Loss: 0.0239 | Acc: 0.9931 | Val Loss: 0.0240 | Val Acc: 0.9930 | Time: 11.90s
2025-04-18 22:32:45,888 - INFO - P2 (Round 2) - Epoch 1/10 | Loss: 0.8353 | Acc: 0.6776 | Val Loss: 0.8295 | Val Acc: 0.6785 | Time: 12.96s
2025-04-18 22:32:55,915 - INFO - P2 (Round 2) - Epoch 2/10 | Loss: 0.8295 | Acc: 0.6785 | Val Loss: 0.8297 | Val Acc: 0.6785 | Time: 10.03s
2025-04-18 22:33:05,912 - INFO - P2 (Round 2) - Epoch 3/10 | Loss: 0.8294 | Acc: 0.6785 | Val Loss: 0.8292 | Val Acc: 0.6785 | Time: 10.00s
2025-04-18 22:33:15,825 - INFO - P2 (Round 2) - Epoch 4/10 | Loss: 0.8293 | Acc: 0.6785 | Val Loss: 0.8299 | Val Acc: 0.6785 | Time: 9.91s
2025-04-18 22:33:25,675 - INFO - P2 (Round 2) - Epoch 5/10 | Loss: 0.8293 | Acc: 0.6785 | Val Loss: 0.8288 | Val Acc: 0.6785 | Time: 9.85s
2025-04-18 22:33:35,913 - INFO - P2 (Round 2) - Epoch 6/10 | Loss: 0.8292 | Acc: 0.6785 | Val Loss: 0.8292 | Val Acc: 0.6785 | Time: 10.24s
2025-04-18 22:33:46,081 - INFO - P2 (Round 2) - Epoch 7/10 | Loss: 0.8290 | Acc: 0.6785 | Val Loss: 0.8289 | Val Acc: 0.6785 | Time: 10.17s
2025-04-18 22:33:57,451 - INFO - P2 (Round 2) - Epoch 8/10 | Loss: 0.8290 | Acc: 0.6785 | Val Loss: 0.8288 | Val Acc: 0.6785 | Time: 11.37s
2025-04-18 22:34:07,218 - INFO - P2 (Round 2) - Epoch 9/10 | Loss: 0.8289 | Acc: 0.6785 | Val Loss: 0.8288 | Val Acc: 0.6785 | Time: 9.77s
2025-04-18 22:34:17,025 - INFO - P2 (Round 2) - Epoch 10/10 | Loss: 0.8289 | Acc: 0.6785 | Val Loss: 0.8288 | Val Acc: 0.6785 | Time: 9.81s
2025-04-18 22:34:19,428 - INFO - Round 2 completed in 227.95s
2025-04-18 22:34:19,428 - INFO - Global Model - P1 Test: Loss = 2.9809, Accuracy = 0.5673
2025-04-18 22:34:19,428 - INFO - Global Model - P2 Test: Loss = 1.2066, Accuracy = 0.6347
2025-04-18 22:34:29,463 - INFO - P1 (Round 3) - Epoch 1/10 | Loss: 0.0536 | Acc: 0.9876 | Val Loss: 0.0285 | Val Acc: 0.9925 | Time: 10.03s
2025-04-18 22:34:39,379 - INFO - P1 (Round 3) - Epoch 2/10 | Loss: 0.0281 | Acc: 0.9922 | Val Loss: 0.0269 | Val Acc: 0.9926 | Time: 9.92s
2025-04-18 22:34:49,453 - INFO - P1 (Round 3) - Epoch 3/10 | Loss: 0.0265 | Acc: 0.9925 | Val Loss: 0.0253 | Val Acc: 0.9930 | Time: 10.07s
2025-04-18 22:35:00,519 - INFO - P1 (Round 3) - Epoch 4/10 | Loss: 0.0248 | Acc: 0.9928 | Val Loss: 0.0239 | Val Acc: 0.9931 | Time: 11.07s
2025-04-18 22:35:11,500 - INFO - P1 (Round 3) - Epoch 5/10 | Loss: 0.0237 | Acc: 0.9932 | Val Loss: 0.0235 | Val Acc: 0.9930 | Time: 10.98s
2025-04-18 22:35:21,136 - INFO - P1 (Round 3) - Epoch 6/10 | Loss: 0.0226 | Acc: 0.9935 | Val Loss: 0.0224 | Val Acc: 0.9935 | Time: 9.64s
2025-04-18 22:35:31,158 - INFO - P1 (Round 3) - Epoch 7/10 | Loss: 0.0220 | Acc: 0.9937 | Val Loss: 0.0222 | Val Acc: 0.9936 | Time: 10.02s
2025-04-18 22:35:41,294 - INFO - P1 (Round 3) - Epoch 8/10 | Loss: 0.0210 | Acc: 0.9941 | Val Loss: 0.0213 | Val Acc: 0.9940 | Time: 10.14s
2025-04-18 22:35:51,743 - INFO - P1 (Round 3) - Epoch 9/10 | Loss: 0.0205 | Acc: 0.9942 | Val Loss: 0.0201 | Val Acc: 0.9943 | Time: 10.45s
2025-04-18 22:36:01,902 - INFO - P1 (Round 3) - Epoch 10/10 | Loss: 0.0202 | Acc: 0.9943 | Val Loss: 0.0195 | Val Acc: 0.9944 | Time: 10.16s
2025-04-18 22:36:12,946 - INFO - P2 (Round 3) - Epoch 1/10 | Loss: 0.8314 | Acc: 0.6781 | Val Loss: 0.8290 | Val Acc: 0.6785 | Time: 11.04s
2025-04-18 22:36:23,622 - INFO - P2 (Round 3) - Epoch 2/10 | Loss: 0.8291 | Acc: 0.6785 | Val Loss: 0.8297 | Val Acc: 0.6785 | Time: 10.68s
2025-04-18 22:36:33,425 - INFO - P2 (Round 3) - Epoch 3/10 | Loss: 0.8291 | Acc: 0.6785 | Val Loss: 0.8290 | Val Acc: 0.6785 | Time: 9.80s
2025-04-18 22:36:43,207 - INFO - P2 (Round 3) - Epoch 4/10 | Loss: 0.8290 | Acc: 0.6785 | Val Loss: 0.8301 | Val Acc: 0.6783 | Time: 9.78s
2025-04-18 22:36:53,119 - INFO - P2 (Round 3) - Epoch 5/10 | Loss: 0.8289 | Acc: 0.6785 | Val Loss: 0.8296 | Val Acc: 0.6785 | Time: 9.91s
2025-04-18 22:37:03,182 - INFO - P2 (Round 3) - Epoch 6/10 | Loss: 0.8288 | Acc: 0.6785 | Val Loss: 0.8288 | Val Acc: 0.6785 | Time: 10.06s
2025-04-18 22:37:12,957 - INFO - P2 (Round 3) - Epoch 7/10 | Loss: 0.8288 | Acc: 0.6785 | Val Loss: 0.8289 | Val Acc: 0.6785 | Time: 9.78s
2025-04-18 22:37:23,838 - INFO - P2 (Round 3) - Epoch 8/10 | Loss: 0.8288 | Acc: 0.6785 | Val Loss: 0.8292 | Val Acc: 0.6785 | Time: 10.88s
2025-04-18 22:37:34,439 - INFO - P2 (Round 3) - Epoch 9/10 | Loss: 0.8287 | Acc: 0.6785 | Val Loss: 0.8287 | Val Acc: 0.6785 | Time: 10.60s
2025-04-18 22:37:44,179 - INFO - P2 (Round 3) - Epoch 10/10 | Loss: 0.8287 | Acc: 0.6785 | Val Loss: 0.8287 | Val Acc: 0.6785 | Time: 9.74s
2025-04-18 22:37:46,464 - INFO - Round 3 completed in 207.04s
2025-04-18 22:37:46,464 - INFO - Global Model - P1 Test: Loss = 2.7125, Accuracy = 0.5350
2025-04-18 22:37:46,464 - INFO - Global Model - P2 Test: Loss = 1.0602, Accuracy = 0.6482
2025-04-18 22:37:56,594 - INFO - P1 (Round 4) - Epoch 1/10 | Loss: 0.0507 | Acc: 0.9883 | Val Loss: 0.0261 | Val Acc: 0.9923 | Time: 10.13s
2025-04-18 22:38:06,650 - INFO - P1 (Round 4) - Epoch 2/10 | Loss: 0.0247 | Acc: 0.9930 | Val Loss: 0.0253 | Val Acc: 0.9926 | Time: 10.06s
2025-04-18 22:38:16,758 - INFO - P1 (Round 4) - Epoch 3/10 | Loss: 0.0234 | Acc: 0.9933 | Val Loss: 0.0226 | Val Acc: 0.9937 | Time: 10.11s
2025-04-18 22:38:26,831 - INFO - P1 (Round 4) - Epoch 4/10 | Loss: 0.0229 | Acc: 0.9935 | Val Loss: 0.0258 | Val Acc: 0.9934 | Time: 10.07s
2025-04-18 22:38:38,404 - INFO - P1 (Round 4) - Epoch 5/10 | Loss: 0.0223 | Acc: 0.9937 | Val Loss: 0.0233 | Val Acc: 0.9937 | Time: 11.57s
2025-04-18 22:38:48,679 - INFO - P1 (Round 4) - Epoch 6/10 | Loss: 0.0218 | Acc: 0.9938 | Val Loss: 0.0215 | Val Acc: 0.9938 | Time: 10.28s
2025-04-18 22:38:58,732 - INFO - P1 (Round 4) - Epoch 7/10 | Loss: 0.0217 | Acc: 0.9938 | Val Loss: 0.0218 | Val Acc: 0.9938 | Time: 10.05s
2025-04-18 22:39:08,823 - INFO - P1 (Round 4) - Epoch 8/10 | Loss: 0.0213 | Acc: 0.9940 | Val Loss: 0.0208 | Val Acc: 0.9942 | Time: 10.09s
2025-04-18 22:39:18,844 - INFO - P1 (Round 4) - Epoch 9/10 | Loss: 0.0210 | Acc: 0.9940 | Val Loss: 0.0218 | Val Acc: 0.9933 | Time: 10.02s
2025-04-18 22:39:28,743 - INFO - P1 (Round 4) - Epoch 10/10 | Loss: 0.0206 | Acc: 0.9941 | Val Loss: 0.0208 | Val Acc: 0.9943 | Time: 9.90s
2025-04-18 22:39:38,703 - INFO - P2 (Round 4) - Epoch 1/10 | Loss: 0.8302 | Acc: 0.6784 | Val Loss: 0.8290 | Val Acc: 0.6785 | Time: 9.96s
2025-04-18 22:39:50,128 - INFO - P2 (Round 4) - Epoch 2/10 | Loss: 0.8293 | Acc: 0.6785 | Val Loss: 0.8291 | Val Acc: 0.6785 | Time: 11.43s
2025-04-18 22:39:59,877 - INFO - P2 (Round 4) - Epoch 3/10 | Loss: 0.8292 | Acc: 0.6785 | Val Loss: 0.8299 | Val Acc: 0.6785 | Time: 9.75s
2025-04-18 22:40:09,623 - INFO - P2 (Round 4) - Epoch 4/10 | Loss: 0.8291 | Acc: 0.6785 | Val Loss: 0.8290 | Val Acc: 0.6785 | Time: 9.75s
2025-04-18 22:40:19,524 - INFO - P2 (Round 4) - Epoch 5/10 | Loss: 0.8291 | Acc: 0.6785 | Val Loss: 0.8289 | Val Acc: 0.6785 | Time: 9.90s
2025-04-18 22:40:29,353 - INFO - P2 (Round 4) - Epoch 6/10 | Loss: 0.8290 | Acc: 0.6785 | Val Loss: 0.8288 | Val Acc: 0.6785 | Time: 9.83s
2025-04-18 22:40:39,063 - INFO - P2 (Round 4) - Epoch 7/10 | Loss: 0.8289 | Acc: 0.6785 | Val Loss: 0.8288 | Val Acc: 0.6785 | Time: 9.71s
2025-04-18 22:40:48,919 - INFO - P2 (Round 4) - Epoch 8/10 | Loss: 0.8289 | Acc: 0.6785 | Val Loss: 0.8289 | Val Acc: 0.6785 | Time: 9.86s
2025-04-18 22:41:00,024 - INFO - P2 (Round 4) - Epoch 9/10 | Loss: 0.8288 | Acc: 0.6785 | Val Loss: 0.8288 | Val Acc: 0.6785 | Time: 11.11s
2025-04-18 22:41:10,282 - INFO - P2 (Round 4) - Epoch 10/10 | Loss: 0.8288 | Acc: 0.6785 | Val Loss: 0.8295 | Val Acc: 0.6785 | Time: 10.26s
2025-04-18 22:41:12,534 - INFO - Round 4 completed in 206.07s
2025-04-18 22:41:12,534 - INFO - Global Model - P1 Test: Loss = 2.7740, Accuracy = 0.5937
2025-04-18 22:41:12,534 - INFO - Global Model - P2 Test: Loss = 1.0447, Accuracy = 0.6529
2025-04-18 22:41:22,631 - INFO - P1 (Round 5) - Epoch 1/10 | Loss: 0.0536 | Acc: 0.9883 | Val Loss: 0.0268 | Val Acc: 0.9920 | Time: 10.10s
2025-04-18 22:41:32,685 - INFO - P1 (Round 5) - Epoch 2/10 | Loss: 0.0229 | Acc: 0.9935 | Val Loss: 0.0221 | Val Acc: 0.9939 | Time: 10.05s
2025-04-18 22:41:42,688 - INFO - P1 (Round 5) - Epoch 3/10 | Loss: 0.0219 | Acc: 0.9938 | Val Loss: 0.0213 | Val Acc: 0.9940 | Time: 10.00s
2025-04-18 22:41:52,840 - INFO - P1 (Round 5) - Epoch 4/10 | Loss: 0.0215 | Acc: 0.9939 | Val Loss: 0.0212 | Val Acc: 0.9940 | Time: 10.15s
2025-04-18 22:42:02,817 - INFO - P1 (Round 5) - Epoch 5/10 | Loss: 0.0211 | Acc: 0.9940 | Val Loss: 0.0228 | Val Acc: 0.9931 | Time: 9.98s
2025-04-18 22:42:14,611 - INFO - P1 (Round 5) - Epoch 6/10 | Loss: 0.0206 | Acc: 0.9941 | Val Loss: 0.0229 | Val Acc: 0.9927 | Time: 11.79s
2025-04-18 22:42:24,691 - INFO - P1 (Round 5) - Epoch 7/10 | Loss: 0.0201 | Acc: 0.9943 | Val Loss: 0.0198 | Val Acc: 0.9943 | Time: 10.08s
2025-04-18 22:42:35,019 - INFO - P1 (Round 5) - Epoch 8/10 | Loss: 0.0201 | Acc: 0.9944 | Val Loss: 0.0199 | Val Acc: 0.9947 | Time: 10.33s
2025-04-18 22:42:45,037 - INFO - P1 (Round 5) - Epoch 9/10 | Loss: 0.0197 | Acc: 0.9944 | Val Loss: 0.0211 | Val Acc: 0.9935 | Time: 10.02s
2025-04-18 22:42:54,668 - INFO - P1 (Round 5) - Epoch 10/10 | Loss: 0.0195 | Acc: 0.9944 | Val Loss: 0.0203 | Val Acc: 0.9944 | Time: 9.63s
2025-04-18 22:43:04,348 - INFO - P2 (Round 5) - Epoch 1/10 | Loss: 0.8300 | Acc: 0.6784 | Val Loss: 0.8287 | Val Acc: 0.6785 | Time: 9.68s
2025-04-18 22:43:14,245 - INFO - P2 (Round 5) - Epoch 2/10 | Loss: 0.8291 | Acc: 0.6785 | Val Loss: 0.8289 | Val Acc: 0.6785 | Time: 9.90s
2025-04-18 22:43:27,356 - INFO - P2 (Round 5) - Epoch 3/10 | Loss: 0.8290 | Acc: 0.6785 | Val Loss: 0.8287 | Val Acc: 0.6785 | Time: 13.11s
2025-04-18 22:43:41,157 - INFO - P2 (Round 5) - Epoch 4/10 | Loss: 0.8290 | Acc: 0.6785 | Val Loss: 0.8289 | Val Acc: 0.6785 | Time: 13.80s
2025-04-18 22:43:53,152 - INFO - P2 (Round 5) - Epoch 5/10 | Loss: 0.8289 | Acc: 0.6785 | Val Loss: 0.8290 | Val Acc: 0.6785 | Time: 11.99s
2025-04-18 22:44:03,765 - INFO - P2 (Round 5) - Epoch 6/10 | Loss: 0.8288 | Acc: 0.6785 | Val Loss: 0.8292 | Val Acc: 0.6785 | Time: 10.61s
2025-04-18 22:44:17,677 - INFO - P2 (Round 5) - Epoch 7/10 | Loss: 0.8288 | Acc: 0.6785 | Val Loss: 0.8288 | Val Acc: 0.6785 | Time: 13.91s
2025-04-18 22:44:30,834 - INFO - P2 (Round 5) - Epoch 8/10 | Loss: 0.8288 | Acc: 0.6785 | Val Loss: 0.8287 | Val Acc: 0.6785 | Time: 13.16s
2025-04-18 22:44:44,250 - INFO - P2 (Round 5) - Epoch 9/10 | Loss: 0.8287 | Acc: 0.6785 | Val Loss: 0.8290 | Val Acc: 0.6783 | Time: 13.41s
2025-04-18 22:44:58,462 - INFO - P2 (Round 5) - Epoch 10/10 | Loss: 0.8288 | Acc: 0.6785 | Val Loss: 0.8291 | Val Acc: 0.6785 | Time: 14.21s
2025-04-18 22:45:01,062 - INFO - Round 5 completed in 228.53s
2025-04-18 22:45:01,062 - INFO - Global Model - P1 Test: Loss = 3.2285, Accuracy = 0.6112
2025-04-18 22:45:01,062 - INFO - Global Model - P2 Test: Loss = 2.4609, Accuracy = 0.3421
2025-04-18 22:45:14,265 - INFO - P1 (Round 6) - Epoch 1/10 | Loss: 0.0548 | Acc: 0.9885 | Val Loss: 0.0241 | Val Acc: 0.9939 | Time: 13.20s
2025-04-18 22:45:28,888 - INFO - P1 (Round 6) - Epoch 2/10 | Loss: 0.0234 | Acc: 0.9935 | Val Loss: 0.0231 | Val Acc: 0.9940 | Time: 14.62s
2025-04-18 22:45:45,587 - INFO - P1 (Round 6) - Epoch 3/10 | Loss: 0.0226 | Acc: 0.9937 | Val Loss: 0.0239 | Val Acc: 0.9935 | Time: 16.70s
2025-04-18 22:45:59,925 - INFO - P1 (Round 6) - Epoch 4/10 | Loss: 0.0216 | Acc: 0.9939 | Val Loss: 0.0209 | Val Acc: 0.9939 | Time: 14.34s
2025-04-18 22:46:12,183 - INFO - P1 (Round 6) - Epoch 5/10 | Loss: 0.0211 | Acc: 0.9940 | Val Loss: 0.0214 | Val Acc: 0.9936 | Time: 12.26s
2025-04-18 22:46:25,489 - INFO - P1 (Round 6) - Epoch 6/10 | Loss: 0.0208 | Acc: 0.9942 | Val Loss: 0.0211 | Val Acc: 0.9937 | Time: 13.31s
2025-04-18 22:46:38,899 - INFO - P1 (Round 6) - Epoch 7/10 | Loss: 0.0204 | Acc: 0.9943 | Val Loss: 0.0205 | Val Acc: 0.9940 | Time: 13.41s
2025-04-18 22:46:53,617 - INFO - P1 (Round 6) - Epoch 8/10 | Loss: 0.0199 | Acc: 0.9944 | Val Loss: 0.0193 | Val Acc: 0.9944 | Time: 14.72s
2025-04-18 22:47:05,696 - INFO - P1 (Round 6) - Epoch 9/10 | Loss: 0.0192 | Acc: 0.9946 | Val Loss: 0.0187 | Val Acc: 0.9945 | Time: 12.08s
2025-04-18 22:47:17,992 - INFO - P1 (Round 6) - Epoch 10/10 | Loss: 0.0188 | Acc: 0.9948 | Val Loss: 0.0207 | Val Acc: 0.9948 | Time: 12.29s
2025-04-18 22:47:30,154 - INFO - P2 (Round 6) - Epoch 1/10 | Loss: 0.8367 | Acc: 0.6761 | Val Loss: 0.8304 | Val Acc: 0.6785 | Time: 12.16s
2025-04-18 22:47:42,484 - INFO - P2 (Round 6) - Epoch 2/10 | Loss: 0.8291 | Acc: 0.6785 | Val Loss: 0.8290 | Val Acc: 0.6785 | Time: 12.33s
2025-04-18 22:47:55,067 - INFO - P2 (Round 6) - Epoch 3/10 | Loss: 0.8290 | Acc: 0.6785 | Val Loss: 0.8290 | Val Acc: 0.6785 | Time: 12.58s
2025-04-18 22:48:07,385 - INFO - P2 (Round 6) - Epoch 4/10 | Loss: 0.8290 | Acc: 0.6785 | Val Loss: 0.8295 | Val Acc: 0.6785 | Time: 12.32s
2025-04-18 22:48:19,188 - INFO - P2 (Round 6) - Epoch 5/10 | Loss: 0.8289 | Acc: 0.6785 | Val Loss: 0.8288 | Val Acc: 0.6785 | Time: 11.80s
2025-04-18 22:48:31,228 - INFO - P2 (Round 6) - Epoch 6/10 | Loss: 0.8289 | Acc: 0.6785 | Val Loss: 0.8291 | Val Acc: 0.6785 | Time: 12.04s
2025-04-18 22:48:43,391 - INFO - P2 (Round 6) - Epoch 7/10 | Loss: 0.8289 | Acc: 0.6785 | Val Loss: 0.8295 | Val Acc: 0.6785 | Time: 12.16s
2025-04-18 22:48:55,050 - INFO - P2 (Round 6) - Epoch 8/10 | Loss: 0.8289 | Acc: 0.6785 | Val Loss: 0.8287 | Val Acc: 0.6785 | Time: 11.66s
2025-04-18 22:49:07,941 - INFO - P2 (Round 6) - Epoch 9/10 | Loss: 0.8288 | Acc: 0.6785 | Val Loss: 0.8290 | Val Acc: 0.6785 | Time: 12.89s
2025-04-18 22:49:20,183 - INFO - P2 (Round 6) - Epoch 10/10 | Loss: 0.8288 | Acc: 0.6785 | Val Loss: 0.8288 | Val Acc: 0.6785 | Time: 12.24s
2025-04-18 22:49:22,671 - INFO - Round 6 completed in 261.61s
2025-04-18 22:49:22,671 - INFO - Global Model - P1 Test: Loss = 4.2651, Accuracy = 0.6170
2025-04-18 22:49:22,671 - INFO - Global Model - P2 Test: Loss = 1.2383, Accuracy = 0.3510
2025-04-18 22:49:34,618 - INFO - P1 (Round 7) - Epoch 1/10 | Loss: 0.0663 | Acc: 0.9873 | Val Loss: 0.0251 | Val Acc: 0.9938 | Time: 11.95s
2025-04-18 22:49:47,135 - INFO - P1 (Round 7) - Epoch 2/10 | Loss: 0.0229 | Acc: 0.9938 | Val Loss: 0.0214 | Val Acc: 0.9946 | Time: 12.52s
2025-04-18 22:49:59,053 - INFO - P1 (Round 7) - Epoch 3/10 | Loss: 0.0211 | Acc: 0.9942 | Val Loss: 0.0206 | Val Acc: 0.9943 | Time: 11.92s
2025-04-18 22:50:11,035 - INFO - P1 (Round 7) - Epoch 4/10 | Loss: 0.0205 | Acc: 0.9944 | Val Loss: 0.0199 | Val Acc: 0.9950 | Time: 11.98s
2025-04-18 22:50:23,345 - INFO - P1 (Round 7) - Epoch 5/10 | Loss: 0.0193 | Acc: 0.9947 | Val Loss: 0.0206 | Val Acc: 0.9934 | Time: 12.31s
2025-04-18 22:50:35,694 - INFO - P1 (Round 7) - Epoch 6/10 | Loss: 0.0186 | Acc: 0.9949 | Val Loss: 0.0205 | Val Acc: 0.9939 | Time: 12.35s
2025-04-18 22:50:48,041 - INFO - P1 (Round 7) - Epoch 7/10 | Loss: 0.0187 | Acc: 0.9949 | Val Loss: 0.0180 | Val Acc: 0.9953 | Time: 12.35s
2025-04-18 22:51:00,405 - INFO - P1 (Round 7) - Epoch 8/10 | Loss: 0.0181 | Acc: 0.9950 | Val Loss: 0.0188 | Val Acc: 0.9951 | Time: 12.36s
2025-04-18 22:51:12,656 - INFO - P1 (Round 7) - Epoch 9/10 | Loss: 0.0186 | Acc: 0.9951 | Val Loss: 0.0188 | Val Acc: 0.9948 | Time: 12.25s
2025-04-18 22:51:24,658 - INFO - P1 (Round 7) - Epoch 10/10 | Loss: 0.0179 | Acc: 0.9951 | Val Loss: 0.0179 | Val Acc: 0.9951 | Time: 12.00s
2025-04-18 22:51:37,418 - INFO - P2 (Round 7) - Epoch 1/10 | Loss: 0.8306 | Acc: 0.6782 | Val Loss: 0.8303 | Val Acc: 0.6785 | Time: 12.76s
2025-04-18 22:51:49,266 - INFO - P2 (Round 7) - Epoch 2/10 | Loss: 0.8293 | Acc: 0.6785 | Val Loss: 0.8288 | Val Acc: 0.6785 | Time: 11.85s
2025-04-18 22:52:01,349 - INFO - P2 (Round 7) - Epoch 3/10 | Loss: 0.8290 | Acc: 0.6785 | Val Loss: 0.8287 | Val Acc: 0.6785 | Time: 12.08s
2025-04-18 22:52:13,371 - INFO - P2 (Round 7) - Epoch 4/10 | Loss: 0.8290 | Acc: 0.6785 | Val Loss: 0.8293 | Val Acc: 0.6785 | Time: 12.02s
2025-04-18 22:52:25,626 - INFO - P2 (Round 7) - Epoch 5/10 | Loss: 0.8290 | Acc: 0.6785 | Val Loss: 0.8297 | Val Acc: 0.6785 | Time: 12.25s
2025-04-18 22:52:37,927 - INFO - P2 (Round 7) - Epoch 6/10 | Loss: 0.8289 | Acc: 0.6785 | Val Loss: 0.8289 | Val Acc: 0.6785 | Time: 12.30s
2025-04-18 22:52:51,289 - INFO - P2 (Round 7) - Epoch 7/10 | Loss: 0.8289 | Acc: 0.6785 | Val Loss: 0.8287 | Val Acc: 0.6785 | Time: 13.36s
2025-04-18 22:53:02,915 - INFO - P2 (Round 7) - Epoch 8/10 | Loss: 0.8289 | Acc: 0.6785 | Val Loss: 0.8288 | Val Acc: 0.6785 | Time: 11.63s
2025-04-18 22:53:14,589 - INFO - P2 (Round 7) - Epoch 9/10 | Loss: 0.8288 | Acc: 0.6785 | Val Loss: 0.8289 | Val Acc: 0.6785 | Time: 11.67s
2025-04-18 22:53:26,360 - INFO - P2 (Round 7) - Epoch 10/10 | Loss: 0.8288 | Acc: 0.6785 | Val Loss: 0.8287 | Val Acc: 0.6785 | Time: 11.77s
2025-04-18 22:53:28,790 - INFO - Round 7 completed in 246.12s
2025-04-18 22:53:28,791 - INFO - Global Model - P1 Test: Loss = 4.3004, Accuracy = 0.5807
2025-04-18 22:53:28,791 - INFO - Global Model - P2 Test: Loss = 1.0760, Accuracy = 0.6063
2025-04-18 22:53:40,699 - INFO - P1 (Round 8) - Epoch 1/10 | Loss: 0.0571 | Acc: 0.9884 | Val Loss: 0.0227 | Val Acc: 0.9935 | Time: 11.91s
2025-04-18 22:53:53,041 - INFO - P1 (Round 8) - Epoch 2/10 | Loss: 0.0216 | Acc: 0.9939 | Val Loss: 0.0218 | Val Acc: 0.9939 | Time: 12.34s
2025-04-18 22:54:05,692 - INFO - P1 (Round 8) - Epoch 3/10 | Loss: 0.0210 | Acc: 0.9942 | Val Loss: 0.0232 | Val Acc: 0.9933 | Time: 12.65s
2025-04-18 22:54:17,502 - INFO - P1 (Round 8) - Epoch 4/10 | Loss: 0.0200 | Acc: 0.9944 | Val Loss: 0.0203 | Val Acc: 0.9942 | Time: 11.81s
2025-04-18 22:54:29,320 - INFO - P1 (Round 8) - Epoch 5/10 | Loss: 0.0202 | Acc: 0.9945 | Val Loss: 0.0218 | Val Acc: 0.9938 | Time: 11.82s
2025-04-18 22:54:41,284 - INFO - P1 (Round 8) - Epoch 6/10 | Loss: 0.0194 | Acc: 0.9946 | Val Loss: 0.0194 | Val Acc: 0.9950 | Time: 11.96s
2025-04-18 22:54:53,249 - INFO - P1 (Round 8) - Epoch 7/10 | Loss: 0.0191 | Acc: 0.9946 | Val Loss: 0.0192 | Val Acc: 0.9950 | Time: 11.96s
2025-04-18 22:55:05,833 - INFO - P1 (Round 8) - Epoch 8/10 | Loss: 0.0191 | Acc: 0.9948 | Val Loss: 0.0192 | Val Acc: 0.9945 | Time: 12.58s
2025-04-18 22:55:18,220 - INFO - P1 (Round 8) - Epoch 9/10 | Loss: 0.0188 | Acc: 0.9948 | Val Loss: 0.0194 | Val Acc: 0.9945 | Time: 12.39s
2025-04-18 22:55:30,075 - INFO - P1 (Round 8) - Epoch 10/10 | Loss: 0.0184 | Acc: 0.9949 | Val Loss: 0.0185 | Val Acc: 0.9953 | Time: 11.85s
2025-04-18 22:55:42,102 - INFO - P2 (Round 8) - Epoch 1/10 | Loss: 0.8302 | Acc: 0.6783 | Val Loss: 0.8288 | Val Acc: 0.6785 | Time: 12.03s
2025-04-18 22:55:53,829 - INFO - P2 (Round 8) - Epoch 2/10 | Loss: 0.8294 | Acc: 0.6785 | Val Loss: 0.8292 | Val Acc: 0.6785 | Time: 11.73s
2025-04-18 22:56:05,728 - INFO - P2 (Round 8) - Epoch 3/10 | Loss: 0.8292 | Acc: 0.6785 | Val Loss: 0.8286 | Val Acc: 0.6785 | Time: 11.90s
2025-04-18 22:56:18,014 - INFO - P2 (Round 8) - Epoch 4/10 | Loss: 0.8292 | Acc: 0.6785 | Val Loss: 0.8291 | Val Acc: 0.6785 | Time: 12.29s
2025-04-18 22:56:30,035 - INFO - P2 (Round 8) - Epoch 5/10 | Loss: 0.8290 | Acc: 0.6785 | Val Loss: 0.8288 | Val Acc: 0.6785 | Time: 12.02s
2025-04-18 22:56:41,655 - INFO - P2 (Round 8) - Epoch 6/10 | Loss: 0.8290 | Acc: 0.6785 | Val Loss: 0.8289 | Val Acc: 0.6785 | Time: 11.62s
2025-04-18 22:56:53,648 - INFO - P2 (Round 8) - Epoch 7/10 | Loss: 0.8289 | Acc: 0.6785 | Val Loss: 0.8288 | Val Acc: 0.6785 | Time: 11.99s
2025-04-18 22:57:05,182 - INFO - P2 (Round 8) - Epoch 8/10 | Loss: 0.8289 | Acc: 0.6785 | Val Loss: 0.8291 | Val Acc: 0.6785 | Time: 11.53s
2025-04-18 22:57:16,959 - INFO - P2 (Round 8) - Epoch 9/10 | Loss: 0.8289 | Acc: 0.6785 | Val Loss: 0.8292 | Val Acc: 0.6785 | Time: 11.78s
2025-04-18 22:57:29,064 - INFO - P2 (Round 8) - Epoch 10/10 | Loss: 0.8289 | Acc: 0.6785 | Val Loss: 0.8290 | Val Acc: 0.6785 | Time: 12.11s
2025-04-18 22:57:31,847 - INFO - Round 8 completed in 243.06s
2025-04-18 22:57:31,847 - INFO - Global Model - P1 Test: Loss = 3.2697, Accuracy = 0.6361
2025-04-18 22:57:31,847 - INFO - Global Model - P2 Test: Loss = 1.4777, Accuracy = 0.3827
2025-04-18 22:57:43,971 - INFO - P1 (Round 9) - Epoch 1/10 | Loss: 0.0486 | Acc: 0.9901 | Val Loss: 0.0215 | Val Acc: 0.9946 | Time: 12.12s
2025-04-18 22:57:56,173 - INFO - P1 (Round 9) - Epoch 2/10 | Loss: 0.0207 | Acc: 0.9942 | Val Loss: 0.0199 | Val Acc: 0.9944 | Time: 12.20s
2025-04-18 22:58:08,048 - INFO - P1 (Round 9) - Epoch 3/10 | Loss: 0.0194 | Acc: 0.9946 | Val Loss: 0.0193 | Val Acc: 0.9946 | Time: 11.88s
2025-04-18 22:58:20,092 - INFO - P1 (Round 9) - Epoch 4/10 | Loss: 0.0191 | Acc: 0.9947 | Val Loss: 0.0191 | Val Acc: 0.9948 | Time: 12.04s
2025-04-18 22:58:32,162 - INFO - P1 (Round 9) - Epoch 5/10 | Loss: 0.0188 | Acc: 0.9948 | Val Loss: 0.0187 | Val Acc: 0.9951 | Time: 12.07s
2025-04-18 22:58:45,313 - INFO - P1 (Round 9) - Epoch 6/10 | Loss: 0.0193 | Acc: 0.9948 | Val Loss: 0.0197 | Val Acc: 0.9946 | Time: 13.15s
2025-04-18 22:58:57,635 - INFO - P1 (Round 9) - Epoch 7/10 | Loss: 0.0184 | Acc: 0.9949 | Val Loss: 0.0182 | Val Acc: 0.9953 | Time: 12.32s
2025-04-18 22:59:12,486 - INFO - P1 (Round 9) - Epoch 8/10 | Loss: 0.0183 | Acc: 0.9949 | Val Loss: 0.0179 | Val Acc: 0.9953 | Time: 14.85s
2025-04-18 22:59:26,157 - INFO - P1 (Round 9) - Epoch 9/10 | Loss: 0.0187 | Acc: 0.9950 | Val Loss: 0.0177 | Val Acc: 0.9951 | Time: 13.67s
2025-04-18 22:59:38,835 - INFO - P1 (Round 9) - Epoch 10/10 | Loss: 0.0179 | Acc: 0.9951 | Val Loss: 0.0187 | Val Acc: 0.9945 | Time: 12.68s
2025-04-18 22:59:51,891 - INFO - P2 (Round 9) - Epoch 1/10 | Loss: 0.8310 | Acc: 0.6779 | Val Loss: 0.8298 | Val Acc: 0.6785 | Time: 13.06s
2025-04-18 23:00:03,126 - INFO - P2 (Round 9) - Epoch 2/10 | Loss: 0.8292 | Acc: 0.6785 | Val Loss: 0.8291 | Val Acc: 0.6785 | Time: 11.23s
2025-04-18 23:00:12,861 - INFO - P2 (Round 9) - Epoch 3/10 | Loss: 0.8293 | Acc: 0.6785 | Val Loss: 0.8291 | Val Acc: 0.6785 | Time: 9.73s
2025-04-18 23:00:22,812 - INFO - P2 (Round 9) - Epoch 4/10 | Loss: 0.8292 | Acc: 0.6785 | Val Loss: 0.8295 | Val Acc: 0.6785 | Time: 9.95s
2025-04-18 23:00:32,694 - INFO - P2 (Round 9) - Epoch 5/10 | Loss: 0.8292 | Acc: 0.6785 | Val Loss: 0.8293 | Val Acc: 0.6785 | Time: 9.88s
2025-04-18 23:00:42,564 - INFO - P2 (Round 9) - Epoch 6/10 | Loss: 0.8291 | Acc: 0.6785 | Val Loss: 0.8300 | Val Acc: 0.6785 | Time: 9.87s
2025-04-18 23:00:52,474 - INFO - P2 (Round 9) - Epoch 7/10 | Loss: 0.8292 | Acc: 0.6785 | Val Loss: 0.8296 | Val Acc: 0.6785 | Time: 9.91s
2025-04-18 23:01:04,240 - INFO - P2 (Round 9) - Epoch 8/10 | Loss: 0.8291 | Acc: 0.6785 | Val Loss: 0.8293 | Val Acc: 0.6785 | Time: 11.77s
2025-04-18 23:01:13,675 - INFO - P2 (Round 9) - Epoch 9/10 | Loss: 0.8291 | Acc: 0.6785 | Val Loss: 0.8290 | Val Acc: 0.6785 | Time: 9.44s
2025-04-18 23:01:23,364 - INFO - P2 (Round 9) - Epoch 10/10 | Loss: 0.8291 | Acc: 0.6785 | Val Loss: 0.8290 | Val Acc: 0.6785 | Time: 9.69s
2025-04-18 23:01:25,624 - INFO - Round 9 completed in 233.78s
2025-04-18 23:01:25,624 - INFO - Global Model - P1 Test: Loss = 3.1386, Accuracy = 0.7621
2025-04-18 23:01:25,624 - INFO - Global Model - P2 Test: Loss = 1.1696, Accuracy = 0.6193
2025-04-18 23:01:37,128 - INFO - P1 (Round 10) - Epoch 1/10 | Loss: 0.0400 | Acc: 0.9916 | Val Loss: 0.0207 | Val Acc: 0.9945 | Time: 11.50s
2025-04-18 23:01:49,090 - INFO - P1 (Round 10) - Epoch 2/10 | Loss: 0.0196 | Acc: 0.9947 | Val Loss: 0.0185 | Val Acc: 0.9949 | Time: 11.96s
2025-04-18 23:02:00,791 - INFO - P1 (Round 10) - Epoch 3/10 | Loss: 0.0194 | Acc: 0.9949 | Val Loss: 0.0185 | Val Acc: 0.9952 | Time: 11.70s
2025-04-18 23:02:13,390 - INFO - P1 (Round 10) - Epoch 4/10 | Loss: 0.0184 | Acc: 0.9949 | Val Loss: 0.0184 | Val Acc: 0.9949 | Time: 12.60s
2025-04-18 23:02:25,643 - INFO - P1 (Round 10) - Epoch 5/10 | Loss: 0.0184 | Acc: 0.9950 | Val Loss: 0.0202 | Val Acc: 0.9951 | Time: 12.25s
2025-04-18 23:02:37,801 - INFO - P1 (Round 10) - Epoch 6/10 | Loss: 0.0180 | Acc: 0.9951 | Val Loss: 0.0188 | Val Acc: 0.9951 | Time: 12.16s
2025-04-18 23:02:49,880 - INFO - P1 (Round 10) - Epoch 7/10 | Loss: 0.0182 | Acc: 0.9951 | Val Loss: 0.0183 | Val Acc: 0.9949 | Time: 12.08s
2025-04-18 23:03:02,016 - INFO - P1 (Round 10) - Epoch 8/10 | Loss: 0.0177 | Acc: 0.9952 | Val Loss: 0.0176 | Val Acc: 0.9956 | Time: 12.14s
2025-04-18 23:03:13,918 - INFO - P1 (Round 10) - Epoch 9/10 | Loss: 0.0175 | Acc: 0.9953 | Val Loss: 0.0167 | Val Acc: 0.9957 | Time: 11.90s
2025-04-18 23:03:26,490 - INFO - P1 (Round 10) - Epoch 10/10 | Loss: 0.0172 | Acc: 0.9954 | Val Loss: 0.0174 | Val Acc: 0.9957 | Time: 12.57s
2025-04-18 23:03:38,540 - INFO - P2 (Round 10) - Epoch 1/10 | Loss: 0.8312 | Acc: 0.6781 | Val Loss: 0.8322 | Val Acc: 0.6785 | Time: 12.05s
2025-04-18 23:03:50,204 - INFO - P2 (Round 10) - Epoch 2/10 | Loss: 0.8294 | Acc: 0.6785 | Val Loss: 0.8294 | Val Acc: 0.6785 | Time: 11.66s
2025-04-18 23:04:01,828 - INFO - P2 (Round 10) - Epoch 3/10 | Loss: 0.8293 | Acc: 0.6785 | Val Loss: 0.8298 | Val Acc: 0.6783 | Time: 11.62s
2025-04-18 23:04:13,490 - INFO - P2 (Round 10) - Epoch 4/10 | Loss: 0.8292 | Acc: 0.6785 | Val Loss: 0.8289 | Val Acc: 0.6785 | Time: 11.66s
2025-04-18 23:04:25,220 - INFO - P2 (Round 10) - Epoch 5/10 | Loss: 0.8292 | Acc: 0.6785 | Val Loss: 0.8289 | Val Acc: 0.6785 | Time: 11.73s
2025-04-18 23:04:37,618 - INFO - P2 (Round 10) - Epoch 6/10 | Loss: 0.8291 | Acc: 0.6785 | Val Loss: 0.8289 | Val Acc: 0.6785 | Time: 12.40s
2025-04-18 23:04:49,685 - INFO - P2 (Round 10) - Epoch 7/10 | Loss: 0.8291 | Acc: 0.6785 | Val Loss: 0.8292 | Val Acc: 0.6785 | Time: 12.07s
2025-04-18 23:05:01,551 - INFO - P2 (Round 10) - Epoch 8/10 | Loss: 0.8292 | Acc: 0.6785 | Val Loss: 0.8293 | Val Acc: 0.6785 | Time: 11.87s
2025-04-18 23:05:13,464 - INFO - P2 (Round 10) - Epoch 9/10 | Loss: 0.8292 | Acc: 0.6785 | Val Loss: 0.8289 | Val Acc: 0.6785 | Time: 11.91s
2025-04-18 23:05:25,149 - INFO - P2 (Round 10) - Epoch 10/10 | Loss: 0.8291 | Acc: 0.6785 | Val Loss: 0.8304 | Val Acc: 0.6785 | Time: 11.69s
2025-04-18 23:05:27,586 - INFO - Round 10 completed in 241.96s
2025-04-18 23:05:27,586 - INFO - Global Model - P1 Test: Loss = 2.9754, Accuracy = 0.6297
2025-04-18 23:05:27,586 - INFO - Global Model - P2 Test: Loss = 1.2555, Accuracy = 0.6062
2025-04-18 23:05:30,016 - INFO - Final Results after 10 rounds:
2025-04-18 23:05:30,017 - INFO - Global Model - P1 Test: Loss = 2.9754, Accuracy = 0.6297
2025-04-18 23:05:30,017 - INFO - Global Model - P2 Test: Loss = 1.2555, Accuracy = 0.6062
2025-04-18 23:05:30,023 - INFO - Experiment 125 results saved to results/suppression_experiments/exp_125_p1f6_p2f2.json
