2025-04-18 13:27:09,268 - INFO - Starting Suppression Experiment 31
2025-04-18 13:27:09,268 - INFO - P1 Features (12/14): ['protocol', 'bidirectional_min_ps', 'bidirectional_mean_ps', 'bidirectional_stddev_ps', 'bidirectional_max_ps', 'src2dst_stddev_ps', 'src2dst_max_ps', 'dst2src_min_ps', 'dst2src_mean_ps', 'dst2src_stddev_ps', 'dst2src_max_ps', 'bidirectional_stddev_piat_ms']
2025-04-18 13:27:09,268 - INFO - P2 Features (12/14): ['protocol', 'bidirectional_min_ps', 'bidirectional_mean_ps', 'bidirectional_stddev_ps', 'bidirectional_max_ps', 'src2dst_stddev_ps', 'src2dst_max_ps', 'dst2src_min_ps', 'dst2src_mean_ps', 'dst2src_stddev_ps', 'dst2src_max_ps', 'bidirectional_stddev_piat_ms']
2025-04-18 13:27:23,115 - INFO - P1 (Round 1) - Epoch 1/10 | Loss: 0.1264 | Acc: 0.9622 | Val Loss: 0.0349 | Val Acc: 0.9908 | Time: 12.55s
2025-04-18 13:27:35,307 - INFO - P1 (Round 1) - Epoch 2/10 | Loss: 0.0278 | Acc: 0.9929 | Val Loss: 0.0242 | Val Acc: 0.9936 | Time: 12.19s
2025-04-18 13:27:47,442 - INFO - P1 (Round 1) - Epoch 3/10 | Loss: 0.0210 | Acc: 0.9944 | Val Loss: 0.0194 | Val Acc: 0.9944 | Time: 12.13s
2025-04-18 13:27:59,596 - INFO - P1 (Round 1) - Epoch 4/10 | Loss: 0.0183 | Acc: 0.9950 | Val Loss: 0.0172 | Val Acc: 0.9954 | Time: 12.15s
2025-04-18 13:28:12,758 - INFO - P1 (Round 1) - Epoch 5/10 | Loss: 0.0164 | Acc: 0.9955 | Val Loss: 0.0158 | Val Acc: 0.9956 | Time: 13.16s
2025-04-18 13:28:24,862 - INFO - P1 (Round 1) - Epoch 6/10 | Loss: 0.0153 | Acc: 0.9958 | Val Loss: 0.0150 | Val Acc: 0.9959 | Time: 12.10s
2025-04-18 13:28:36,736 - INFO - P1 (Round 1) - Epoch 7/10 | Loss: 0.0145 | Acc: 0.9960 | Val Loss: 0.0137 | Val Acc: 0.9961 | Time: 11.87s
2025-04-18 13:28:49,084 - INFO - P1 (Round 1) - Epoch 8/10 | Loss: 0.0138 | Acc: 0.9961 | Val Loss: 0.0150 | Val Acc: 0.9960 | Time: 12.35s
2025-04-18 13:29:01,542 - INFO - P1 (Round 1) - Epoch 9/10 | Loss: 0.0133 | Acc: 0.9962 | Val Loss: 0.0135 | Val Acc: 0.9962 | Time: 12.46s
2025-04-18 13:29:14,469 - INFO - P1 (Round 1) - Epoch 10/10 | Loss: 0.0130 | Acc: 0.9963 | Val Loss: 0.0120 | Val Acc: 0.9966 | Time: 12.93s
2025-04-18 13:29:26,498 - INFO - P2 (Round 1) - Epoch 1/10 | Loss: 0.2991 | Acc: 0.8812 | Val Loss: 0.1336 | Val Acc: 0.9547 | Time: 12.03s
2025-04-18 13:29:38,669 - INFO - P2 (Round 1) - Epoch 2/10 | Loss: 0.1111 | Acc: 0.9602 | Val Loss: 0.1002 | Val Acc: 0.9627 | Time: 12.17s
2025-04-18 13:29:50,717 - INFO - P2 (Round 1) - Epoch 3/10 | Loss: 0.0960 | Acc: 0.9650 | Val Loss: 0.0913 | Val Acc: 0.9678 | Time: 12.05s
2025-04-18 13:30:02,670 - INFO - P2 (Round 1) - Epoch 4/10 | Loss: 0.0900 | Acc: 0.9676 | Val Loss: 0.0873 | Val Acc: 0.9676 | Time: 11.95s
2025-04-18 13:30:14,335 - INFO - P2 (Round 1) - Epoch 5/10 | Loss: 0.0863 | Acc: 0.9688 | Val Loss: 0.0831 | Val Acc: 0.9697 | Time: 11.66s
2025-04-18 13:30:27,014 - INFO - P2 (Round 1) - Epoch 6/10 | Loss: 0.0835 | Acc: 0.9697 | Val Loss: 0.0801 | Val Acc: 0.9717 | Time: 12.68s
2025-04-18 13:30:38,686 - INFO - P2 (Round 1) - Epoch 7/10 | Loss: 0.0808 | Acc: 0.9708 | Val Loss: 0.0790 | Val Acc: 0.9716 | Time: 11.67s
2025-04-18 13:30:50,299 - INFO - P2 (Round 1) - Epoch 8/10 | Loss: 0.0786 | Acc: 0.9718 | Val Loss: 0.0757 | Val Acc: 0.9735 | Time: 11.61s
2025-04-18 13:31:02,275 - INFO - P2 (Round 1) - Epoch 9/10 | Loss: 0.0770 | Acc: 0.9726 | Val Loss: 0.0759 | Val Acc: 0.9717 | Time: 11.98s
2025-04-18 13:31:13,959 - INFO - P2 (Round 1) - Epoch 10/10 | Loss: 0.0758 | Acc: 0.9731 | Val Loss: 0.0739 | Val Acc: 0.9744 | Time: 11.68s
2025-04-18 13:31:16,515 - INFO - Round 1 completed in 247.06s
2025-04-18 13:31:16,515 - INFO - Global Model - P1 Test: Loss = 7.8180, Accuracy = 0.2373
2025-04-18 13:31:16,515 - INFO - Global Model - P2 Test: Loss = 9.2755, Accuracy = 0.2389
2025-04-18 13:31:28,982 - INFO - P1 (Round 2) - Epoch 1/10 | Loss: 0.1188 | Acc: 0.9775 | Val Loss: 0.0285 | Val Acc: 0.9927 | Time: 12.47s
2025-04-18 13:31:41,350 - INFO - P1 (Round 2) - Epoch 2/10 | Loss: 0.0245 | Acc: 0.9934 | Val Loss: 0.0216 | Val Acc: 0.9938 | Time: 12.37s
2025-04-18 13:31:53,191 - INFO - P1 (Round 2) - Epoch 3/10 | Loss: 0.0205 | Acc: 0.9943 | Val Loss: 0.0198 | Val Acc: 0.9945 | Time: 11.84s
2025-04-18 13:32:05,108 - INFO - P1 (Round 2) - Epoch 4/10 | Loss: 0.0187 | Acc: 0.9948 | Val Loss: 0.0188 | Val Acc: 0.9950 | Time: 11.92s
2025-04-18 13:32:16,903 - INFO - P1 (Round 2) - Epoch 5/10 | Loss: 0.0170 | Acc: 0.9953 | Val Loss: 0.0165 | Val Acc: 0.9956 | Time: 11.79s
2025-04-18 13:32:28,842 - INFO - P1 (Round 2) - Epoch 6/10 | Loss: 0.0157 | Acc: 0.9957 | Val Loss: 0.0154 | Val Acc: 0.9960 | Time: 11.94s
2025-04-18 13:32:41,649 - INFO - P1 (Round 2) - Epoch 7/10 | Loss: 0.0148 | Acc: 0.9960 | Val Loss: 0.0142 | Val Acc: 0.9960 | Time: 12.81s
2025-04-18 13:32:53,601 - INFO - P1 (Round 2) - Epoch 8/10 | Loss: 0.0140 | Acc: 0.9962 | Val Loss: 0.0136 | Val Acc: 0.9960 | Time: 11.95s
2025-04-18 13:33:05,432 - INFO - P1 (Round 2) - Epoch 9/10 | Loss: 0.0133 | Acc: 0.9963 | Val Loss: 0.0137 | Val Acc: 0.9962 | Time: 11.83s
2025-04-18 13:33:17,250 - INFO - P1 (Round 2) - Epoch 10/10 | Loss: 0.0128 | Acc: 0.9965 | Val Loss: 0.0124 | Val Acc: 0.9967 | Time: 11.82s
2025-04-18 13:33:29,131 - INFO - P2 (Round 2) - Epoch 1/10 | Loss: 0.2801 | Acc: 0.9061 | Val Loss: 0.1240 | Val Acc: 0.9543 | Time: 11.88s
2025-04-18 13:33:41,418 - INFO - P2 (Round 2) - Epoch 2/10 | Loss: 0.1093 | Acc: 0.9601 | Val Loss: 0.0984 | Val Acc: 0.9644 | Time: 12.29s
2025-04-18 13:33:54,167 - INFO - P2 (Round 2) - Epoch 3/10 | Loss: 0.0913 | Acc: 0.9658 | Val Loss: 0.0842 | Val Acc: 0.9690 | Time: 12.75s
2025-04-18 13:34:06,173 - INFO - P2 (Round 2) - Epoch 4/10 | Loss: 0.0828 | Acc: 0.9695 | Val Loss: 0.0776 | Val Acc: 0.9719 | Time: 12.01s
2025-04-18 13:34:18,339 - INFO - P2 (Round 2) - Epoch 5/10 | Loss: 0.0772 | Acc: 0.9724 | Val Loss: 0.0748 | Val Acc: 0.9742 | Time: 12.17s
2025-04-18 13:34:30,395 - INFO - P2 (Round 2) - Epoch 6/10 | Loss: 0.0728 | Acc: 0.9743 | Val Loss: 0.0693 | Val Acc: 0.9750 | Time: 12.06s
2025-04-18 13:34:42,421 - INFO - P2 (Round 2) - Epoch 7/10 | Loss: 0.0695 | Acc: 0.9757 | Val Loss: 0.0675 | Val Acc: 0.9767 | Time: 12.03s
2025-04-18 13:34:54,917 - INFO - P2 (Round 2) - Epoch 8/10 | Loss: 0.0670 | Acc: 0.9765 | Val Loss: 0.0646 | Val Acc: 0.9772 | Time: 12.50s
2025-04-18 13:35:08,462 - INFO - P2 (Round 2) - Epoch 9/10 | Loss: 0.0649 | Acc: 0.9772 | Val Loss: 0.0629 | Val Acc: 0.9781 | Time: 13.54s
2025-04-18 13:35:20,498 - INFO - P2 (Round 2) - Epoch 10/10 | Loss: 0.0635 | Acc: 0.9776 | Val Loss: 0.0614 | Val Acc: 0.9783 | Time: 12.04s
2025-04-18 13:35:23,097 - INFO - Round 2 completed in 246.58s
2025-04-18 13:35:23,097 - INFO - Global Model - P1 Test: Loss = 4.3450, Accuracy = 0.2229
2025-04-18 13:35:23,097 - INFO - Global Model - P2 Test: Loss = 4.3811, Accuracy = 0.3371
2025-04-18 13:35:35,179 - INFO - P1 (Round 3) - Epoch 1/10 | Loss: 0.0535 | Acc: 0.9873 | Val Loss: 0.0227 | Val Acc: 0.9937 | Time: 12.08s
2025-04-18 13:35:46,684 - INFO - P1 (Round 3) - Epoch 2/10 | Loss: 0.0194 | Acc: 0.9948 | Val Loss: 0.0177 | Val Acc: 0.9951 | Time: 11.50s
2025-04-18 13:35:58,565 - INFO - P1 (Round 3) - Epoch 3/10 | Loss: 0.0165 | Acc: 0.9956 | Val Loss: 0.0153 | Val Acc: 0.9959 | Time: 11.88s
2025-04-18 13:36:10,903 - INFO - P1 (Round 3) - Epoch 4/10 | Loss: 0.0149 | Acc: 0.9960 | Val Loss: 0.0142 | Val Acc: 0.9962 | Time: 12.34s
2025-04-18 13:36:20,924 - INFO - P1 (Round 3) - Epoch 5/10 | Loss: 0.0139 | Acc: 0.9963 | Val Loss: 0.0137 | Val Acc: 0.9964 | Time: 10.02s
2025-04-18 13:36:30,747 - INFO - P1 (Round 3) - Epoch 6/10 | Loss: 0.0132 | Acc: 0.9964 | Val Loss: 0.0127 | Val Acc: 0.9964 | Time: 9.82s
2025-04-18 13:36:40,602 - INFO - P1 (Round 3) - Epoch 7/10 | Loss: 0.0127 | Acc: 0.9966 | Val Loss: 0.0127 | Val Acc: 0.9966 | Time: 9.85s
2025-04-18 13:36:50,625 - INFO - P1 (Round 3) - Epoch 8/10 | Loss: 0.0123 | Acc: 0.9967 | Val Loss: 0.0126 | Val Acc: 0.9966 | Time: 10.02s
2025-04-18 13:37:01,343 - INFO - P1 (Round 3) - Epoch 9/10 | Loss: 0.0121 | Acc: 0.9967 | Val Loss: 0.0118 | Val Acc: 0.9967 | Time: 10.72s
2025-04-18 13:37:11,846 - INFO - P1 (Round 3) - Epoch 10/10 | Loss: 0.0117 | Acc: 0.9968 | Val Loss: 0.0117 | Val Acc: 0.9968 | Time: 10.50s
2025-04-18 13:37:23,081 - INFO - P2 (Round 3) - Epoch 1/10 | Loss: 0.1796 | Acc: 0.9349 | Val Loss: 0.0986 | Val Acc: 0.9642 | Time: 11.24s
2025-04-18 13:37:32,946 - INFO - P2 (Round 3) - Epoch 2/10 | Loss: 0.0939 | Acc: 0.9657 | Val Loss: 0.0888 | Val Acc: 0.9676 | Time: 9.86s
2025-04-18 13:37:42,759 - INFO - P2 (Round 3) - Epoch 3/10 | Loss: 0.0869 | Acc: 0.9686 | Val Loss: 0.0831 | Val Acc: 0.9702 | Time: 9.81s
2025-04-18 13:37:52,210 - INFO - P2 (Round 3) - Epoch 4/10 | Loss: 0.0822 | Acc: 0.9709 | Val Loss: 0.0789 | Val Acc: 0.9722 | Time: 9.45s
2025-04-18 13:38:02,238 - INFO - P2 (Round 3) - Epoch 5/10 | Loss: 0.0760 | Acc: 0.9738 | Val Loss: 0.0719 | Val Acc: 0.9756 | Time: 10.03s
2025-04-18 13:38:11,975 - INFO - P2 (Round 3) - Epoch 6/10 | Loss: 0.0703 | Acc: 0.9761 | Val Loss: 0.0681 | Val Acc: 0.9767 | Time: 9.74s
2025-04-18 13:38:21,984 - INFO - P2 (Round 3) - Epoch 7/10 | Loss: 0.0661 | Acc: 0.9777 | Val Loss: 0.0633 | Val Acc: 0.9789 | Time: 10.01s
2025-04-18 13:38:33,249 - INFO - P2 (Round 3) - Epoch 8/10 | Loss: 0.0634 | Acc: 0.9784 | Val Loss: 0.0619 | Val Acc: 0.9794 | Time: 11.26s
2025-04-18 13:38:42,888 - INFO - P2 (Round 3) - Epoch 9/10 | Loss: 0.0615 | Acc: 0.9790 | Val Loss: 0.0598 | Val Acc: 0.9794 | Time: 9.64s
2025-04-18 13:38:52,434 - INFO - P2 (Round 3) - Epoch 10/10 | Loss: 0.0599 | Acc: 0.9794 | Val Loss: 0.0582 | Val Acc: 0.9799 | Time: 9.55s
2025-04-18 13:38:54,749 - INFO - Round 3 completed in 211.65s
2025-04-18 13:38:54,749 - INFO - Global Model - P1 Test: Loss = 2.0840, Accuracy = 0.6283
2025-04-18 13:38:54,749 - INFO - Global Model - P2 Test: Loss = 2.4255, Accuracy = 0.4739
2025-04-18 13:39:04,359 - INFO - P1 (Round 4) - Epoch 1/10 | Loss: 0.0507 | Acc: 0.9896 | Val Loss: 0.0198 | Val Acc: 0.9944 | Time: 9.61s
2025-04-18 13:39:14,140 - INFO - P1 (Round 4) - Epoch 2/10 | Loss: 0.0171 | Acc: 0.9953 | Val Loss: 0.0154 | Val Acc: 0.9953 | Time: 9.78s
2025-04-18 13:39:24,341 - INFO - P1 (Round 4) - Epoch 3/10 | Loss: 0.0145 | Acc: 0.9959 | Val Loss: 0.0141 | Val Acc: 0.9961 | Time: 10.20s
2025-04-18 13:39:34,498 - INFO - P1 (Round 4) - Epoch 4/10 | Loss: 0.0134 | Acc: 0.9963 | Val Loss: 0.0132 | Val Acc: 0.9962 | Time: 10.16s
2025-04-18 13:39:46,018 - INFO - P1 (Round 4) - Epoch 5/10 | Loss: 0.0127 | Acc: 0.9965 | Val Loss: 0.0136 | Val Acc: 0.9963 | Time: 11.52s
2025-04-18 13:39:56,117 - INFO - P1 (Round 4) - Epoch 6/10 | Loss: 0.0121 | Acc: 0.9966 | Val Loss: 0.0120 | Val Acc: 0.9967 | Time: 10.10s
2025-04-18 13:40:06,576 - INFO - P1 (Round 4) - Epoch 7/10 | Loss: 0.0118 | Acc: 0.9967 | Val Loss: 0.0122 | Val Acc: 0.9967 | Time: 10.46s
2025-04-18 13:40:17,619 - INFO - P1 (Round 4) - Epoch 8/10 | Loss: 0.0114 | Acc: 0.9969 | Val Loss: 0.0117 | Val Acc: 0.9969 | Time: 11.04s
2025-04-18 13:40:28,314 - INFO - P1 (Round 4) - Epoch 9/10 | Loss: 0.0110 | Acc: 0.9970 | Val Loss: 0.0109 | Val Acc: 0.9970 | Time: 10.69s
2025-04-18 13:40:38,928 - INFO - P1 (Round 4) - Epoch 10/10 | Loss: 0.0106 | Acc: 0.9971 | Val Loss: 0.0117 | Val Acc: 0.9969 | Time: 10.61s
2025-04-18 13:40:50,043 - INFO - P2 (Round 4) - Epoch 1/10 | Loss: 0.1282 | Acc: 0.9546 | Val Loss: 0.0893 | Val Acc: 0.9689 | Time: 11.11s
2025-04-18 13:41:01,590 - INFO - P2 (Round 4) - Epoch 2/10 | Loss: 0.0869 | Acc: 0.9694 | Val Loss: 0.0847 | Val Acc: 0.9696 | Time: 11.55s
2025-04-18 13:41:12,419 - INFO - P2 (Round 4) - Epoch 3/10 | Loss: 0.0828 | Acc: 0.9708 | Val Loss: 0.0788 | Val Acc: 0.9723 | Time: 10.83s
2025-04-18 13:41:24,365 - INFO - P2 (Round 4) - Epoch 4/10 | Loss: 0.0791 | Acc: 0.9727 | Val Loss: 0.0777 | Val Acc: 0.9719 | Time: 11.94s
2025-04-18 13:41:36,811 - INFO - P2 (Round 4) - Epoch 5/10 | Loss: 0.0730 | Acc: 0.9750 | Val Loss: 0.0684 | Val Acc: 0.9767 | Time: 12.45s
2025-04-18 13:41:47,469 - INFO - P2 (Round 4) - Epoch 6/10 | Loss: 0.0680 | Acc: 0.9765 | Val Loss: 0.0662 | Val Acc: 0.9778 | Time: 10.66s
2025-04-18 13:41:58,806 - INFO - P2 (Round 4) - Epoch 7/10 | Loss: 0.0655 | Acc: 0.9773 | Val Loss: 0.0641 | Val Acc: 0.9774 | Time: 11.34s
2025-04-18 13:42:16,187 - INFO - P2 (Round 4) - Epoch 8/10 | Loss: 0.0641 | Acc: 0.9777 | Val Loss: 0.0616 | Val Acc: 0.9788 | Time: 17.38s
2025-04-18 13:42:30,967 - INFO - P2 (Round 4) - Epoch 9/10 | Loss: 0.0631 | Acc: 0.9780 | Val Loss: 0.0615 | Val Acc: 0.9788 | Time: 14.78s
2025-04-18 13:42:41,865 - INFO - P2 (Round 4) - Epoch 10/10 | Loss: 0.0625 | Acc: 0.9782 | Val Loss: 0.0611 | Val Acc: 0.9783 | Time: 10.90s
2025-04-18 13:42:44,124 - INFO - Round 4 completed in 229.37s
2025-04-18 13:42:44,124 - INFO - Global Model - P1 Test: Loss = 1.2195, Accuracy = 0.8619
2025-04-18 13:42:44,124 - INFO - Global Model - P2 Test: Loss = 1.1409, Accuracy = 0.7265
2025-04-18 13:42:53,994 - INFO - P1 (Round 5) - Epoch 1/10 | Loss: 0.0471 | Acc: 0.9927 | Val Loss: 0.0165 | Val Acc: 0.9956 | Time: 9.87s
2025-04-18 13:43:04,249 - INFO - P1 (Round 5) - Epoch 2/10 | Loss: 0.0153 | Acc: 0.9958 | Val Loss: 0.0143 | Val Acc: 0.9960 | Time: 10.25s
2025-04-18 13:43:15,934 - INFO - P1 (Round 5) - Epoch 3/10 | Loss: 0.0139 | Acc: 0.9961 | Val Loss: 0.0134 | Val Acc: 0.9965 | Time: 11.68s
2025-04-18 13:43:25,939 - INFO - P1 (Round 5) - Epoch 4/10 | Loss: 0.0128 | Acc: 0.9966 | Val Loss: 0.0120 | Val Acc: 0.9967 | Time: 10.00s
2025-04-18 13:43:35,914 - INFO - P1 (Round 5) - Epoch 5/10 | Loss: 0.0120 | Acc: 0.9967 | Val Loss: 0.0118 | Val Acc: 0.9966 | Time: 9.98s
2025-04-18 13:43:45,795 - INFO - P1 (Round 5) - Epoch 6/10 | Loss: 0.0110 | Acc: 0.9970 | Val Loss: 0.0113 | Val Acc: 0.9966 | Time: 9.88s
2025-04-18 13:43:55,762 - INFO - P1 (Round 5) - Epoch 7/10 | Loss: 0.0103 | Acc: 0.9973 | Val Loss: 0.0104 | Val Acc: 0.9971 | Time: 9.97s
2025-04-18 13:44:05,733 - INFO - P1 (Round 5) - Epoch 8/10 | Loss: 0.0095 | Acc: 0.9974 | Val Loss: 0.0128 | Val Acc: 0.9969 | Time: 9.97s
2025-04-18 13:44:15,548 - INFO - P1 (Round 5) - Epoch 9/10 | Loss: 0.0088 | Acc: 0.9976 | Val Loss: 0.0092 | Val Acc: 0.9972 | Time: 9.82s
2025-04-18 13:44:27,145 - INFO - P1 (Round 5) - Epoch 10/10 | Loss: 0.0080 | Acc: 0.9979 | Val Loss: 0.0085 | Val Acc: 0.9979 | Time: 11.60s
2025-04-18 13:44:36,985 - INFO - P2 (Round 5) - Epoch 1/10 | Loss: 0.1199 | Acc: 0.9562 | Val Loss: 0.0849 | Val Acc: 0.9696 | Time: 9.84s
2025-04-18 13:44:47,070 - INFO - P2 (Round 5) - Epoch 2/10 | Loss: 0.0806 | Acc: 0.9713 | Val Loss: 0.0693 | Val Acc: 0.9759 | Time: 10.08s
2025-04-18 13:44:58,770 - INFO - P2 (Round 5) - Epoch 3/10 | Loss: 0.0678 | Acc: 0.9766 | Val Loss: 0.0652 | Val Acc: 0.9771 | Time: 11.70s
2025-04-18 13:45:10,674 - INFO - P2 (Round 5) - Epoch 4/10 | Loss: 0.0656 | Acc: 0.9771 | Val Loss: 0.0627 | Val Acc: 0.9786 | Time: 11.90s
2025-04-18 13:45:22,386 - INFO - P2 (Round 5) - Epoch 5/10 | Loss: 0.0643 | Acc: 0.9775 | Val Loss: 0.0645 | Val Acc: 0.9768 | Time: 11.71s
2025-04-18 13:45:34,870 - INFO - P2 (Round 5) - Epoch 6/10 | Loss: 0.0634 | Acc: 0.9778 | Val Loss: 0.0629 | Val Acc: 0.9785 | Time: 12.48s
2025-04-18 13:45:46,910 - INFO - P2 (Round 5) - Epoch 7/10 | Loss: 0.0624 | Acc: 0.9781 | Val Loss: 0.0606 | Val Acc: 0.9791 | Time: 12.04s
2025-04-18 13:45:58,623 - INFO - P2 (Round 5) - Epoch 8/10 | Loss: 0.0616 | Acc: 0.9783 | Val Loss: 0.0629 | Val Acc: 0.9784 | Time: 11.71s
2025-04-18 13:46:10,158 - INFO - P2 (Round 5) - Epoch 9/10 | Loss: 0.0611 | Acc: 0.9785 | Val Loss: 0.0597 | Val Acc: 0.9793 | Time: 11.53s
2025-04-18 13:46:21,878 - INFO - P2 (Round 5) - Epoch 10/10 | Loss: 0.0605 | Acc: 0.9787 | Val Loss: 0.0610 | Val Acc: 0.9785 | Time: 11.72s
2025-04-18 13:46:24,311 - INFO - Round 5 completed in 220.19s
2025-04-18 13:46:24,311 - INFO - Global Model - P1 Test: Loss = 1.4247, Accuracy = 0.8120
2025-04-18 13:46:24,311 - INFO - Global Model - P2 Test: Loss = 0.6792, Accuracy = 0.7868
2025-04-18 13:46:36,407 - INFO - P1 (Round 6) - Epoch 1/10 | Loss: 0.0400 | Acc: 0.9925 | Val Loss: 0.0166 | Val Acc: 0.9957 | Time: 12.10s
2025-04-18 13:46:49,107 - INFO - P1 (Round 6) - Epoch 2/10 | Loss: 0.0137 | Acc: 0.9961 | Val Loss: 0.0131 | Val Acc: 0.9964 | Time: 12.70s
2025-04-18 13:47:01,095 - INFO - P1 (Round 6) - Epoch 3/10 | Loss: 0.0122 | Acc: 0.9965 | Val Loss: 0.0121 | Val Acc: 0.9966 | Time: 11.99s
2025-04-18 13:47:13,256 - INFO - P1 (Round 6) - Epoch 4/10 | Loss: 0.0107 | Acc: 0.9970 | Val Loss: 0.0105 | Val Acc: 0.9972 | Time: 12.16s
2025-04-18 13:47:25,241 - INFO - P1 (Round 6) - Epoch 5/10 | Loss: 0.0098 | Acc: 0.9973 | Val Loss: 0.0094 | Val Acc: 0.9974 | Time: 11.99s
2025-04-18 13:47:37,450 - INFO - P1 (Round 6) - Epoch 6/10 | Loss: 0.0090 | Acc: 0.9976 | Val Loss: 0.0092 | Val Acc: 0.9974 | Time: 12.21s
2025-04-18 13:47:50,421 - INFO - P1 (Round 6) - Epoch 7/10 | Loss: 0.0082 | Acc: 0.9978 | Val Loss: 0.0077 | Val Acc: 0.9978 | Time: 12.97s
2025-04-18 13:48:02,543 - INFO - P1 (Round 6) - Epoch 8/10 | Loss: 0.0070 | Acc: 0.9982 | Val Loss: 0.0072 | Val Acc: 0.9982 | Time: 12.12s
2025-04-18 13:48:14,468 - INFO - P1 (Round 6) - Epoch 9/10 | Loss: 0.0061 | Acc: 0.9985 | Val Loss: 0.0061 | Val Acc: 0.9983 | Time: 11.92s
2025-04-18 13:48:26,481 - INFO - P1 (Round 6) - Epoch 10/10 | Loss: 0.0052 | Acc: 0.9987 | Val Loss: 0.0047 | Val Acc: 0.9990 | Time: 12.01s
2025-04-18 13:48:37,998 - INFO - P2 (Round 6) - Epoch 1/10 | Loss: 0.1069 | Acc: 0.9623 | Val Loss: 0.0877 | Val Acc: 0.9695 | Time: 11.52s
2025-04-18 13:48:49,871 - INFO - P2 (Round 6) - Epoch 2/10 | Loss: 0.0876 | Acc: 0.9684 | Val Loss: 0.0842 | Val Acc: 0.9693 | Time: 11.87s
2025-04-18 13:49:02,809 - INFO - P2 (Round 6) - Epoch 3/10 | Loss: 0.0846 | Acc: 0.9693 | Val Loss: 0.0842 | Val Acc: 0.9688 | Time: 12.94s
2025-04-18 13:49:14,410 - INFO - P2 (Round 6) - Epoch 4/10 | Loss: 0.0810 | Acc: 0.9702 | Val Loss: 0.0771 | Val Acc: 0.9718 | Time: 11.60s
2025-04-18 13:49:26,051 - INFO - P2 (Round 6) - Epoch 5/10 | Loss: 0.0733 | Acc: 0.9736 | Val Loss: 0.0654 | Val Acc: 0.9769 | Time: 11.64s
2025-04-18 13:49:38,121 - INFO - P2 (Round 6) - Epoch 6/10 | Loss: 0.0643 | Acc: 0.9775 | Val Loss: 0.0691 | Val Acc: 0.9749 | Time: 12.07s
2025-04-18 13:49:50,059 - INFO - P2 (Round 6) - Epoch 7/10 | Loss: 0.0622 | Acc: 0.9780 | Val Loss: 0.0597 | Val Acc: 0.9790 | Time: 11.94s
2025-04-18 13:50:01,946 - INFO - P2 (Round 6) - Epoch 8/10 | Loss: 0.0605 | Acc: 0.9787 | Val Loss: 0.0588 | Val Acc: 0.9787 | Time: 11.89s
2025-04-18 13:50:14,949 - INFO - P2 (Round 6) - Epoch 9/10 | Loss: 0.0595 | Acc: 0.9790 | Val Loss: 0.0570 | Val Acc: 0.9800 | Time: 13.00s
2025-04-18 13:50:25,029 - INFO - P2 (Round 6) - Epoch 10/10 | Loss: 0.0586 | Acc: 0.9793 | Val Loss: 0.0580 | Val Acc: 0.9795 | Time: 10.08s
2025-04-18 13:50:27,276 - INFO - Round 6 completed in 242.96s
2025-04-18 13:50:27,276 - INFO - Global Model - P1 Test: Loss = 0.9438, Accuracy = 0.8357
2025-04-18 13:50:27,276 - INFO - Global Model - P2 Test: Loss = 0.7990, Accuracy = 0.7354
2025-04-18 13:50:37,153 - INFO - P1 (Round 7) - Epoch 1/10 | Loss: 0.0322 | Acc: 0.9929 | Val Loss: 0.0158 | Val Acc: 0.9959 | Time: 9.88s
2025-04-18 13:50:46,982 - INFO - P1 (Round 7) - Epoch 2/10 | Loss: 0.0121 | Acc: 0.9967 | Val Loss: 0.0122 | Val Acc: 0.9965 | Time: 9.83s
2025-04-18 13:50:57,026 - INFO - P1 (Round 7) - Epoch 3/10 | Loss: 0.0098 | Acc: 0.9975 | Val Loss: 0.0096 | Val Acc: 0.9978 | Time: 10.04s
2025-04-18 13:51:06,964 - INFO - P1 (Round 7) - Epoch 4/10 | Loss: 0.0086 | Acc: 0.9978 | Val Loss: 0.0092 | Val Acc: 0.9976 | Time: 9.94s
2025-04-18 13:51:18,496 - INFO - P1 (Round 7) - Epoch 5/10 | Loss: 0.0075 | Acc: 0.9981 | Val Loss: 0.0074 | Val Acc: 0.9980 | Time: 11.53s
2025-04-18 13:51:28,678 - INFO - P1 (Round 7) - Epoch 6/10 | Loss: 0.0061 | Acc: 0.9985 | Val Loss: 0.0064 | Val Acc: 0.9981 | Time: 10.18s
2025-04-18 13:51:38,563 - INFO - P1 (Round 7) - Epoch 7/10 | Loss: 0.0051 | Acc: 0.9987 | Val Loss: 0.0051 | Val Acc: 0.9988 | Time: 9.88s
2025-04-18 13:51:48,365 - INFO - P1 (Round 7) - Epoch 8/10 | Loss: 0.0043 | Acc: 0.9990 | Val Loss: 0.0046 | Val Acc: 0.9990 | Time: 9.80s
2025-04-18 13:51:58,368 - INFO - P1 (Round 7) - Epoch 9/10 | Loss: 0.0038 | Acc: 0.9991 | Val Loss: 0.0033 | Val Acc: 0.9994 | Time: 10.00s
2025-04-18 13:52:08,294 - INFO - P1 (Round 7) - Epoch 10/10 | Loss: 0.0034 | Acc: 0.9993 | Val Loss: 0.0029 | Val Acc: 0.9992 | Time: 9.93s
2025-04-18 13:52:18,257 - INFO - P2 (Round 7) - Epoch 1/10 | Loss: 0.1013 | Acc: 0.9634 | Val Loss: 0.0828 | Val Acc: 0.9701 | Time: 9.96s
2025-04-18 13:52:29,517 - INFO - P2 (Round 7) - Epoch 2/10 | Loss: 0.0827 | Acc: 0.9693 | Val Loss: 0.0818 | Val Acc: 0.9696 | Time: 11.26s
2025-04-18 13:52:39,436 - INFO - P2 (Round 7) - Epoch 3/10 | Loss: 0.0802 | Acc: 0.9701 | Val Loss: 0.0778 | Val Acc: 0.9713 | Time: 9.92s
2025-04-18 13:52:49,004 - INFO - P2 (Round 7) - Epoch 4/10 | Loss: 0.0788 | Acc: 0.9706 | Val Loss: 0.0762 | Val Acc: 0.9716 | Time: 9.57s
2025-04-18 13:52:58,700 - INFO - P2 (Round 7) - Epoch 5/10 | Loss: 0.0779 | Acc: 0.9709 | Val Loss: 0.0757 | Val Acc: 0.9724 | Time: 9.69s
2025-04-18 13:53:08,537 - INFO - P2 (Round 7) - Epoch 6/10 | Loss: 0.0770 | Acc: 0.9712 | Val Loss: 0.0776 | Val Acc: 0.9700 | Time: 9.84s
2025-04-18 13:53:19,115 - INFO - P2 (Round 7) - Epoch 7/10 | Loss: 0.0763 | Acc: 0.9716 | Val Loss: 0.0739 | Val Acc: 0.9726 | Time: 10.58s
2025-04-18 13:53:29,094 - INFO - P2 (Round 7) - Epoch 8/10 | Loss: 0.0757 | Acc: 0.9718 | Val Loss: 0.0753 | Val Acc: 0.9709 | Time: 9.98s
2025-04-18 13:53:40,215 - INFO - P2 (Round 7) - Epoch 9/10 | Loss: 0.0750 | Acc: 0.9720 | Val Loss: 0.0736 | Val Acc: 0.9723 | Time: 11.12s
2025-04-18 13:53:50,520 - INFO - P2 (Round 7) - Epoch 10/10 | Loss: 0.0743 | Acc: 0.9723 | Val Loss: 0.0778 | Val Acc: 0.9728 | Time: 10.30s
2025-04-18 13:53:52,721 - INFO - Round 7 completed in 205.45s
2025-04-18 13:53:52,721 - INFO - Global Model - P1 Test: Loss = 0.9121, Accuracy = 0.8474
2025-04-18 13:53:52,721 - INFO - Global Model - P2 Test: Loss = 1.2437, Accuracy = 0.6700
2025-04-18 13:54:02,851 - INFO - P1 (Round 8) - Epoch 1/10 | Loss: 0.0285 | Acc: 0.9932 | Val Loss: 0.0148 | Val Acc: 0.9959 | Time: 10.13s
2025-04-18 13:54:12,723 - INFO - P1 (Round 8) - Epoch 2/10 | Loss: 0.0123 | Acc: 0.9964 | Val Loss: 0.0116 | Val Acc: 0.9970 | Time: 9.87s
2025-04-18 13:54:22,478 - INFO - P1 (Round 8) - Epoch 3/10 | Loss: 0.0095 | Acc: 0.9974 | Val Loss: 0.0082 | Val Acc: 0.9980 | Time: 9.76s
2025-04-18 13:54:32,385 - INFO - P1 (Round 8) - Epoch 4/10 | Loss: 0.0072 | Acc: 0.9982 | Val Loss: 0.0058 | Val Acc: 0.9986 | Time: 9.91s
2025-04-18 13:54:42,397 - INFO - P1 (Round 8) - Epoch 5/10 | Loss: 0.0049 | Acc: 0.9988 | Val Loss: 0.0040 | Val Acc: 0.9989 | Time: 10.01s
2025-04-18 13:54:54,241 - INFO - P1 (Round 8) - Epoch 6/10 | Loss: 0.0039 | Acc: 0.9991 | Val Loss: 0.0037 | Val Acc: 0.9989 | Time: 11.84s
2025-04-18 13:55:04,499 - INFO - P1 (Round 8) - Epoch 7/10 | Loss: 0.0034 | Acc: 0.9993 | Val Loss: 0.0030 | Val Acc: 0.9994 | Time: 10.26s
2025-04-18 13:55:15,447 - INFO - P1 (Round 8) - Epoch 8/10 | Loss: 0.0031 | Acc: 0.9993 | Val Loss: 0.0043 | Val Acc: 0.9992 | Time: 10.95s
2025-04-18 13:55:27,685 - INFO - P1 (Round 8) - Epoch 9/10 | Loss: 0.0029 | Acc: 0.9994 | Val Loss: 0.0025 | Val Acc: 0.9994 | Time: 12.24s
2025-04-18 13:55:39,278 - INFO - P1 (Round 8) - Epoch 10/10 | Loss: 0.0027 | Acc: 0.9994 | Val Loss: 0.0027 | Val Acc: 0.9994 | Time: 11.59s
2025-04-18 13:55:50,572 - INFO - P2 (Round 8) - Epoch 1/10 | Loss: 0.0979 | Acc: 0.9656 | Val Loss: 0.0737 | Val Acc: 0.9733 | Time: 11.29s
2025-04-18 13:56:02,618 - INFO - P2 (Round 8) - Epoch 2/10 | Loss: 0.0702 | Acc: 0.9756 | Val Loss: 0.0660 | Val Acc: 0.9776 | Time: 12.05s
2025-04-18 13:56:14,754 - INFO - P2 (Round 8) - Epoch 3/10 | Loss: 0.0653 | Acc: 0.9772 | Val Loss: 0.0634 | Val Acc: 0.9774 | Time: 12.14s
2025-04-18 13:56:26,477 - INFO - P2 (Round 8) - Epoch 4/10 | Loss: 0.0623 | Acc: 0.9781 | Val Loss: 0.0608 | Val Acc: 0.9787 | Time: 11.72s
2025-04-18 13:56:37,825 - INFO - P2 (Round 8) - Epoch 5/10 | Loss: 0.0602 | Acc: 0.9786 | Val Loss: 0.0579 | Val Acc: 0.9797 | Time: 11.35s
2025-04-18 13:56:49,306 - INFO - P2 (Round 8) - Epoch 6/10 | Loss: 0.0593 | Acc: 0.9789 | Val Loss: 0.0581 | Val Acc: 0.9788 | Time: 11.48s
2025-04-18 13:57:00,854 - INFO - P2 (Round 8) - Epoch 7/10 | Loss: 0.0585 | Acc: 0.9790 | Val Loss: 0.0571 | Val Acc: 0.9798 | Time: 11.55s
2025-04-18 13:57:13,106 - INFO - P2 (Round 8) - Epoch 8/10 | Loss: 0.0578 | Acc: 0.9793 | Val Loss: 0.0567 | Val Acc: 0.9794 | Time: 12.25s
2025-04-18 13:57:24,072 - INFO - P2 (Round 8) - Epoch 9/10 | Loss: 0.0573 | Acc: 0.9794 | Val Loss: 0.0575 | Val Acc: 0.9794 | Time: 10.97s
2025-04-18 13:57:33,753 - INFO - P2 (Round 8) - Epoch 10/10 | Loss: 0.0569 | Acc: 0.9795 | Val Loss: 0.0560 | Val Acc: 0.9805 | Time: 9.68s
2025-04-18 13:57:35,996 - INFO - Round 8 completed in 223.27s
2025-04-18 13:57:35,996 - INFO - Global Model - P1 Test: Loss = 1.1717, Accuracy = 0.8470
2025-04-18 13:57:35,996 - INFO - Global Model - P2 Test: Loss = 1.4516, Accuracy = 0.5568
2025-04-18 13:57:46,185 - INFO - P1 (Round 9) - Epoch 1/10 | Loss: 0.0318 | Acc: 0.9937 | Val Loss: 0.0152 | Val Acc: 0.9957 | Time: 10.19s
2025-04-18 13:57:56,172 - INFO - P1 (Round 9) - Epoch 2/10 | Loss: 0.0135 | Acc: 0.9962 | Val Loss: 0.0125 | Val Acc: 0.9964 | Time: 9.99s
2025-04-18 13:58:06,266 - INFO - P1 (Round 9) - Epoch 3/10 | Loss: 0.0114 | Acc: 0.9968 | Val Loss: 0.0102 | Val Acc: 0.9972 | Time: 10.09s
2025-04-18 13:58:15,952 - INFO - P1 (Round 9) - Epoch 4/10 | Loss: 0.0087 | Acc: 0.9978 | Val Loss: 0.0077 | Val Acc: 0.9981 | Time: 9.69s
2025-04-18 13:58:27,698 - INFO - P1 (Round 9) - Epoch 5/10 | Loss: 0.0063 | Acc: 0.9985 | Val Loss: 0.0056 | Val Acc: 0.9988 | Time: 11.75s
2025-04-18 13:58:37,493 - INFO - P1 (Round 9) - Epoch 6/10 | Loss: 0.0043 | Acc: 0.9990 | Val Loss: 0.0029 | Val Acc: 0.9993 | Time: 9.79s
2025-04-18 13:58:47,458 - INFO - P1 (Round 9) - Epoch 7/10 | Loss: 0.0033 | Acc: 0.9993 | Val Loss: 0.0029 | Val Acc: 0.9995 | Time: 9.96s
2025-04-18 13:58:57,534 - INFO - P1 (Round 9) - Epoch 8/10 | Loss: 0.0030 | Acc: 0.9993 | Val Loss: 0.0025 | Val Acc: 0.9994 | Time: 10.08s
2025-04-18 13:59:07,560 - INFO - P1 (Round 9) - Epoch 9/10 | Loss: 0.0028 | Acc: 0.9994 | Val Loss: 0.0023 | Val Acc: 0.9994 | Time: 10.03s
2025-04-18 13:59:17,359 - INFO - P1 (Round 9) - Epoch 10/10 | Loss: 0.0027 | Acc: 0.9994 | Val Loss: 0.0023 | Val Acc: 0.9995 | Time: 9.80s
2025-04-18 13:59:27,595 - INFO - P2 (Round 9) - Epoch 1/10 | Loss: 0.0906 | Acc: 0.9691 | Val Loss: 0.0678 | Val Acc: 0.9763 | Time: 10.24s
2025-04-18 13:59:39,138 - INFO - P2 (Round 9) - Epoch 2/10 | Loss: 0.0629 | Acc: 0.9778 | Val Loss: 0.0598 | Val Acc: 0.9790 | Time: 11.54s
2025-04-18 13:59:48,848 - INFO - P2 (Round 9) - Epoch 3/10 | Loss: 0.0601 | Acc: 0.9787 | Val Loss: 0.0571 | Val Acc: 0.9800 | Time: 9.71s
2025-04-18 13:59:58,598 - INFO - P2 (Round 9) - Epoch 4/10 | Loss: 0.0588 | Acc: 0.9793 | Val Loss: 0.0565 | Val Acc: 0.9800 | Time: 9.75s
2025-04-18 14:00:08,746 - INFO - P2 (Round 9) - Epoch 5/10 | Loss: 0.0578 | Acc: 0.9797 | Val Loss: 0.0567 | Val Acc: 0.9801 | Time: 10.15s
2025-04-18 14:00:18,759 - INFO - P2 (Round 9) - Epoch 6/10 | Loss: 0.0570 | Acc: 0.9800 | Val Loss: 0.0557 | Val Acc: 0.9808 | Time: 10.01s
2025-04-18 14:00:28,467 - INFO - P2 (Round 9) - Epoch 7/10 | Loss: 0.0565 | Acc: 0.9801 | Val Loss: 0.0546 | Val Acc: 0.9806 | Time: 9.71s
2025-04-18 14:00:38,383 - INFO - P2 (Round 9) - Epoch 8/10 | Loss: 0.0559 | Acc: 0.9804 | Val Loss: 0.0561 | Val Acc: 0.9803 | Time: 9.92s
2025-04-18 14:00:50,392 - INFO - P2 (Round 9) - Epoch 9/10 | Loss: 0.0553 | Acc: 0.9806 | Val Loss: 0.0547 | Val Acc: 0.9812 | Time: 12.01s
2025-04-18 14:01:00,073 - INFO - P2 (Round 9) - Epoch 10/10 | Loss: 0.0549 | Acc: 0.9808 | Val Loss: 0.0544 | Val Acc: 0.9813 | Time: 9.68s
2025-04-18 14:01:02,413 - INFO - Round 9 completed in 206.42s
2025-04-18 14:01:02,413 - INFO - Global Model - P1 Test: Loss = 1.2651, Accuracy = 0.8642
2025-04-18 14:01:02,413 - INFO - Global Model - P2 Test: Loss = 0.8678, Accuracy = 0.7306
2025-04-18 14:01:12,477 - INFO - P1 (Round 10) - Epoch 1/10 | Loss: 0.0337 | Acc: 0.9938 | Val Loss: 0.0139 | Val Acc: 0.9961 | Time: 10.06s
2025-04-18 14:01:22,322 - INFO - P1 (Round 10) - Epoch 2/10 | Loss: 0.0134 | Acc: 0.9964 | Val Loss: 0.0116 | Val Acc: 0.9968 | Time: 9.84s
2025-04-18 14:01:32,126 - INFO - P1 (Round 10) - Epoch 3/10 | Loss: 0.0111 | Acc: 0.9970 | Val Loss: 0.0098 | Val Acc: 0.9973 | Time: 9.80s
2025-04-18 14:01:41,850 - INFO - P1 (Round 10) - Epoch 4/10 | Loss: 0.0087 | Acc: 0.9977 | Val Loss: 0.0067 | Val Acc: 0.9984 | Time: 9.72s
2025-04-18 14:01:51,935 - INFO - P1 (Round 10) - Epoch 5/10 | Loss: 0.0067 | Acc: 0.9984 | Val Loss: 0.0074 | Val Acc: 0.9981 | Time: 10.09s
2025-04-18 14:02:04,415 - INFO - P1 (Round 10) - Epoch 6/10 | Loss: 0.0058 | Acc: 0.9987 | Val Loss: 0.0053 | Val Acc: 0.9988 | Time: 12.48s
2025-04-18 14:02:16,135 - INFO - P1 (Round 10) - Epoch 7/10 | Loss: 0.0050 | Acc: 0.9989 | Val Loss: 0.0037 | Val Acc: 0.9990 | Time: 11.72s
2025-04-18 14:02:27,950 - INFO - P1 (Round 10) - Epoch 8/10 | Loss: 0.0032 | Acc: 0.9993 | Val Loss: 0.0029 | Val Acc: 0.9994 | Time: 11.82s
2025-04-18 14:02:39,985 - INFO - P1 (Round 10) - Epoch 9/10 | Loss: 0.0028 | Acc: 0.9994 | Val Loss: 0.0023 | Val Acc: 0.9994 | Time: 12.03s
2025-04-18 14:02:52,149 - INFO - P1 (Round 10) - Epoch 10/10 | Loss: 0.0027 | Acc: 0.9994 | Val Loss: 0.0025 | Val Acc: 0.9994 | Time: 12.16s
2025-04-18 14:03:03,798 - INFO - P2 (Round 10) - Epoch 1/10 | Loss: 0.0837 | Acc: 0.9721 | Val Loss: 0.0596 | Val Acc: 0.9793 | Time: 11.65s
2025-04-18 14:03:16,801 - INFO - P2 (Round 10) - Epoch 2/10 | Loss: 0.0590 | Acc: 0.9793 | Val Loss: 0.0578 | Val Acc: 0.9795 | Time: 13.00s
2025-04-18 14:03:26,791 - INFO - P2 (Round 10) - Epoch 3/10 | Loss: 0.0567 | Acc: 0.9800 | Val Loss: 0.0568 | Val Acc: 0.9796 | Time: 9.99s
2025-04-18 14:03:38,520 - INFO - P2 (Round 10) - Epoch 4/10 | Loss: 0.0556 | Acc: 0.9804 | Val Loss: 0.0589 | Val Acc: 0.9787 | Time: 11.73s
2025-04-18 14:03:50,557 - INFO - P2 (Round 10) - Epoch 5/10 | Loss: 0.0550 | Acc: 0.9805 | Val Loss: 0.0537 | Val Acc: 0.9810 | Time: 12.04s
2025-04-18 14:04:02,125 - INFO - P2 (Round 10) - Epoch 6/10 | Loss: 0.0543 | Acc: 0.9809 | Val Loss: 0.0527 | Val Acc: 0.9818 | Time: 11.57s
2025-04-18 14:04:13,620 - INFO - P2 (Round 10) - Epoch 7/10 | Loss: 0.0539 | Acc: 0.9810 | Val Loss: 0.0552 | Val Acc: 0.9794 | Time: 11.50s
2025-04-18 14:04:26,417 - INFO - P2 (Round 10) - Epoch 8/10 | Loss: 0.0535 | Acc: 0.9811 | Val Loss: 0.0537 | Val Acc: 0.9811 | Time: 12.80s
2025-04-18 14:04:38,112 - INFO - P2 (Round 10) - Epoch 9/10 | Loss: 0.0531 | Acc: 0.9814 | Val Loss: 0.0513 | Val Acc: 0.9819 | Time: 11.69s
2025-04-18 14:04:49,831 - INFO - P2 (Round 10) - Epoch 10/10 | Loss: 0.0526 | Acc: 0.9815 | Val Loss: 0.0527 | Val Acc: 0.9816 | Time: 11.72s
2025-04-18 14:04:52,242 - INFO - Round 10 completed in 229.83s
2025-04-18 14:04:52,242 - INFO - Global Model - P1 Test: Loss = 1.2486, Accuracy = 0.8699
2025-04-18 14:04:52,243 - INFO - Global Model - P2 Test: Loss = 0.7163, Accuracy = 0.7905
2025-04-18 14:04:54,721 - INFO - Final Results after 10 rounds:
2025-04-18 14:04:54,721 - INFO - Global Model - P1 Test: Loss = 1.2486, Accuracy = 0.8699
2025-04-18 14:04:54,721 - INFO - Global Model - P2 Test: Loss = 0.7163, Accuracy = 0.7905
2025-04-18 14:04:54,734 - INFO - Experiment 31 results saved to results/suppression_experiments/exp_31_p1f12_p2f12.json
