2025-04-18 23:43:48,012 - INFO - Starting Suppression Experiment 182
2025-04-18 23:43:48,012 - INFO - P1 Features (2/14): ['protocol', 'bidirectional_min_ps']
2025-04-18 23:43:48,012 - INFO - P2 Features (1/14): ['protocol']
2025-04-18 23:44:01,217 - INFO - P1 (Round 1) - Epoch 1/10 | Loss: 0.2657 | Acc: 0.9303 | Val Loss: 0.0893 | Val Acc: 0.9812 | Time: 13.16s
2025-04-18 23:44:13,180 - INFO - P1 (Round 1) - Epoch 2/10 | Loss: 0.0813 | Acc: 0.9812 | Val Loss: 0.0761 | Val Acc: 0.9818 | Time: 11.96s
2025-04-18 23:44:25,055 - INFO - P1 (Round 1) - Epoch 3/10 | Loss: 0.0733 | Acc: 0.9826 | Val Loss: 0.0720 | Val Acc: 0.9828 | Time: 11.88s
2025-04-18 23:44:36,811 - INFO - P1 (Round 1) - Epoch 4/10 | Loss: 0.0714 | Acc: 0.9828 | Val Loss: 0.0711 | Val Acc: 0.9828 | Time: 11.76s
2025-04-18 23:44:48,871 - INFO - P1 (Round 1) - Epoch 5/10 | Loss: 0.0701 | Acc: 0.9828 | Val Loss: 0.0691 | Val Acc: 0.9828 | Time: 12.06s
2025-04-18 23:45:00,817 - INFO - P1 (Round 1) - Epoch 6/10 | Loss: 0.0681 | Acc: 0.9828 | Val Loss: 0.0673 | Val Acc: 0.9826 | Time: 11.94s
2025-04-18 23:45:13,818 - INFO - P1 (Round 1) - Epoch 7/10 | Loss: 0.0663 | Acc: 0.9828 | Val Loss: 0.0660 | Val Acc: 0.9828 | Time: 13.00s
2025-04-18 23:45:25,778 - INFO - P1 (Round 1) - Epoch 8/10 | Loss: 0.0654 | Acc: 0.9830 | Val Loss: 0.0656 | Val Acc: 0.9818 | Time: 11.96s
2025-04-18 23:45:37,702 - INFO - P1 (Round 1) - Epoch 9/10 | Loss: 0.0650 | Acc: 0.9835 | Val Loss: 0.0652 | Val Acc: 0.9846 | Time: 11.92s
2025-04-18 23:45:49,352 - INFO - P1 (Round 1) - Epoch 10/10 | Loss: 0.0648 | Acc: 0.9840 | Val Loss: 0.0646 | Val Acc: 0.9843 | Time: 11.65s
2025-04-18 23:46:01,396 - INFO - P2 (Round 1) - Epoch 1/10 | Loss: 0.9161 | Acc: 0.6653 | Val Loss: 0.8779 | Val Acc: 0.6785 | Time: 12.04s
2025-04-18 23:46:13,126 - INFO - P2 (Round 1) - Epoch 2/10 | Loss: 0.8781 | Acc: 0.6785 | Val Loss: 0.8782 | Val Acc: 0.6785 | Time: 11.73s
2025-04-18 23:46:26,031 - INFO - P2 (Round 1) - Epoch 3/10 | Loss: 0.8780 | Acc: 0.6785 | Val Loss: 0.8780 | Val Acc: 0.6785 | Time: 12.91s
2025-04-18 23:46:37,885 - INFO - P2 (Round 1) - Epoch 4/10 | Loss: 0.8780 | Acc: 0.6785 | Val Loss: 0.8781 | Val Acc: 0.6785 | Time: 11.85s
2025-04-18 23:46:49,758 - INFO - P2 (Round 1) - Epoch 5/10 | Loss: 0.8780 | Acc: 0.6785 | Val Loss: 0.8779 | Val Acc: 0.6785 | Time: 11.87s
2025-04-18 23:47:01,778 - INFO - P2 (Round 1) - Epoch 6/10 | Loss: 0.8780 | Acc: 0.6785 | Val Loss: 0.8778 | Val Acc: 0.6785 | Time: 12.02s
2025-04-18 23:47:13,865 - INFO - P2 (Round 1) - Epoch 7/10 | Loss: 0.8779 | Acc: 0.6785 | Val Loss: 0.8777 | Val Acc: 0.6785 | Time: 12.09s
2025-04-18 23:47:25,617 - INFO - P2 (Round 1) - Epoch 8/10 | Loss: 0.8779 | Acc: 0.6785 | Val Loss: 0.8781 | Val Acc: 0.6785 | Time: 11.75s
2025-04-18 23:47:36,983 - INFO - P2 (Round 1) - Epoch 9/10 | Loss: 0.8779 | Acc: 0.6785 | Val Loss: 0.8777 | Val Acc: 0.6785 | Time: 11.37s
2025-04-18 23:47:47,473 - INFO - P2 (Round 1) - Epoch 10/10 | Loss: 0.8780 | Acc: 0.6785 | Val Loss: 0.8777 | Val Acc: 0.6785 | Time: 10.49s
2025-04-18 23:47:49,755 - INFO - Round 1 completed in 241.70s
2025-04-18 23:47:49,755 - INFO - Global Model - P1 Test: Loss = 3.8156, Accuracy = 0.0483
2025-04-18 23:47:49,755 - INFO - Global Model - P2 Test: Loss = 1.2137, Accuracy = 0.5801
2025-04-18 23:48:00,449 - INFO - P1 (Round 2) - Epoch 1/10 | Loss: 0.1585 | Acc: 0.9699 | Val Loss: 0.0719 | Val Acc: 0.9818 | Time: 10.69s
2025-04-18 23:48:11,223 - INFO - P1 (Round 2) - Epoch 2/10 | Loss: 0.0687 | Acc: 0.9821 | Val Loss: 0.0674 | Val Acc: 0.9815 | Time: 10.77s
2025-04-18 23:48:22,131 - INFO - P1 (Round 2) - Epoch 3/10 | Loss: 0.0661 | Acc: 0.9830 | Val Loss: 0.0660 | Val Acc: 0.9828 | Time: 10.91s
2025-04-18 23:48:32,999 - INFO - P1 (Round 2) - Epoch 4/10 | Loss: 0.0653 | Acc: 0.9838 | Val Loss: 0.0654 | Val Acc: 0.9835 | Time: 10.87s
2025-04-18 23:48:44,827 - INFO - P1 (Round 2) - Epoch 5/10 | Loss: 0.0645 | Acc: 0.9844 | Val Loss: 0.0644 | Val Acc: 0.9846 | Time: 11.83s
2025-04-18 23:48:55,688 - INFO - P1 (Round 2) - Epoch 6/10 | Loss: 0.0634 | Acc: 0.9847 | Val Loss: 0.0631 | Val Acc: 0.9850 | Time: 10.86s
2025-04-18 23:49:06,267 - INFO - P1 (Round 2) - Epoch 7/10 | Loss: 0.0626 | Acc: 0.9848 | Val Loss: 0.0634 | Val Acc: 0.9843 | Time: 10.58s
2025-04-18 23:49:16,803 - INFO - P1 (Round 2) - Epoch 8/10 | Loss: 0.0621 | Acc: 0.9849 | Val Loss: 0.0618 | Val Acc: 0.9846 | Time: 10.54s
2025-04-18 23:49:27,385 - INFO - P1 (Round 2) - Epoch 9/10 | Loss: 0.0616 | Acc: 0.9850 | Val Loss: 0.0614 | Val Acc: 0.9846 | Time: 10.58s
2025-04-18 23:49:38,130 - INFO - P1 (Round 2) - Epoch 10/10 | Loss: 0.0613 | Acc: 0.9850 | Val Loss: 0.0619 | Val Acc: 0.9850 | Time: 10.74s
2025-04-18 23:49:48,654 - INFO - P2 (Round 2) - Epoch 1/10 | Loss: 0.8806 | Acc: 0.6776 | Val Loss: 0.8781 | Val Acc: 0.6785 | Time: 10.52s
2025-04-18 23:50:00,097 - INFO - P2 (Round 2) - Epoch 2/10 | Loss: 0.8780 | Acc: 0.6785 | Val Loss: 0.8781 | Val Acc: 0.6785 | Time: 11.44s
2025-04-18 23:50:10,395 - INFO - P2 (Round 2) - Epoch 3/10 | Loss: 0.8780 | Acc: 0.6785 | Val Loss: 0.8778 | Val Acc: 0.6785 | Time: 10.30s
2025-04-18 23:50:20,823 - INFO - P2 (Round 2) - Epoch 4/10 | Loss: 0.8780 | Acc: 0.6785 | Val Loss: 0.8779 | Val Acc: 0.6785 | Time: 10.43s
2025-04-18 23:50:31,073 - INFO - P2 (Round 2) - Epoch 5/10 | Loss: 0.8780 | Acc: 0.6785 | Val Loss: 0.8777 | Val Acc: 0.6785 | Time: 10.25s
2025-04-18 23:50:41,699 - INFO - P2 (Round 2) - Epoch 6/10 | Loss: 0.8779 | Acc: 0.6785 | Val Loss: 0.8777 | Val Acc: 0.6785 | Time: 10.63s
2025-04-18 23:50:52,194 - INFO - P2 (Round 2) - Epoch 7/10 | Loss: 0.8779 | Acc: 0.6785 | Val Loss: 0.8778 | Val Acc: 0.6785 | Time: 10.50s
2025-04-18 23:51:03,194 - INFO - P2 (Round 2) - Epoch 8/10 | Loss: 0.8779 | Acc: 0.6785 | Val Loss: 0.8777 | Val Acc: 0.6785 | Time: 11.00s
2025-04-18 23:51:14,505 - INFO - P2 (Round 2) - Epoch 9/10 | Loss: 0.8779 | Acc: 0.6785 | Val Loss: 0.8778 | Val Acc: 0.6785 | Time: 11.31s
2025-04-18 23:51:24,563 - INFO - P2 (Round 2) - Epoch 10/10 | Loss: 0.8779 | Acc: 0.6785 | Val Loss: 0.8780 | Val Acc: 0.6785 | Time: 10.06s
2025-04-18 23:51:27,153 - INFO - Round 2 completed in 217.40s
2025-04-18 23:51:27,153 - INFO - Global Model - P1 Test: Loss = 4.0334, Accuracy = 0.3849
2025-04-18 23:51:27,153 - INFO - Global Model - P2 Test: Loss = 1.1275, Accuracy = 0.5801
2025-04-18 23:51:38,089 - INFO - P1 (Round 3) - Epoch 1/10 | Loss: 0.1121 | Acc: 0.9748 | Val Loss: 0.0654 | Val Acc: 0.9843 | Time: 10.93s
2025-04-18 23:51:49,086 - INFO - P1 (Round 3) - Epoch 2/10 | Loss: 0.0642 | Acc: 0.9845 | Val Loss: 0.0642 | Val Acc: 0.9846 | Time: 11.00s
2025-04-18 23:51:59,895 - INFO - P1 (Round 3) - Epoch 3/10 | Loss: 0.0631 | Acc: 0.9848 | Val Loss: 0.0628 | Val Acc: 0.9843 | Time: 10.81s
2025-04-18 23:52:10,485 - INFO - P1 (Round 3) - Epoch 4/10 | Loss: 0.0624 | Acc: 0.9848 | Val Loss: 0.0630 | Val Acc: 0.9845 | Time: 10.59s
2025-04-18 23:52:22,187 - INFO - P1 (Round 3) - Epoch 5/10 | Loss: 0.0618 | Acc: 0.9849 | Val Loss: 0.0621 | Val Acc: 0.9850 | Time: 11.70s
2025-04-18 23:52:32,838 - INFO - P1 (Round 3) - Epoch 6/10 | Loss: 0.0615 | Acc: 0.9850 | Val Loss: 0.0613 | Val Acc: 0.9846 | Time: 10.65s
2025-04-18 23:52:43,450 - INFO - P1 (Round 3) - Epoch 7/10 | Loss: 0.0614 | Acc: 0.9850 | Val Loss: 0.0615 | Val Acc: 0.9850 | Time: 10.61s
2025-04-18 23:52:53,807 - INFO - P1 (Round 3) - Epoch 8/10 | Loss: 0.0612 | Acc: 0.9851 | Val Loss: 0.0625 | Val Acc: 0.9847 | Time: 10.36s
2025-04-18 23:53:04,501 - INFO - P1 (Round 3) - Epoch 9/10 | Loss: 0.0610 | Acc: 0.9851 | Val Loss: 0.0610 | Val Acc: 0.9846 | Time: 10.69s
2025-04-18 23:53:15,357 - INFO - P1 (Round 3) - Epoch 10/10 | Loss: 0.0608 | Acc: 0.9851 | Val Loss: 0.0614 | Val Acc: 0.9850 | Time: 10.86s
2025-04-18 23:53:26,423 - INFO - P2 (Round 3) - Epoch 1/10 | Loss: 0.8791 | Acc: 0.6782 | Val Loss: 0.8777 | Val Acc: 0.6785 | Time: 11.06s
2025-04-18 23:53:37,727 - INFO - P2 (Round 3) - Epoch 2/10 | Loss: 0.8780 | Acc: 0.6785 | Val Loss: 0.8782 | Val Acc: 0.6785 | Time: 11.30s
2025-04-18 23:53:48,276 - INFO - P2 (Round 3) - Epoch 3/10 | Loss: 0.8780 | Acc: 0.6785 | Val Loss: 0.8777 | Val Acc: 0.6785 | Time: 10.55s
2025-04-18 23:53:58,873 - INFO - P2 (Round 3) - Epoch 4/10 | Loss: 0.8779 | Acc: 0.6785 | Val Loss: 0.8778 | Val Acc: 0.6785 | Time: 10.60s
2025-04-18 23:54:09,249 - INFO - P2 (Round 3) - Epoch 5/10 | Loss: 0.8779 | Acc: 0.6785 | Val Loss: 0.8778 | Val Acc: 0.6785 | Time: 10.38s
2025-04-18 23:54:19,684 - INFO - P2 (Round 3) - Epoch 6/10 | Loss: 0.8779 | Acc: 0.6785 | Val Loss: 0.8779 | Val Acc: 0.6785 | Time: 10.44s
2025-04-18 23:54:30,269 - INFO - P2 (Round 3) - Epoch 7/10 | Loss: 0.8779 | Acc: 0.6785 | Val Loss: 0.8778 | Val Acc: 0.6785 | Time: 10.58s
2025-04-18 23:54:41,498 - INFO - P2 (Round 3) - Epoch 8/10 | Loss: 0.8779 | Acc: 0.6785 | Val Loss: 0.8780 | Val Acc: 0.6785 | Time: 11.23s
2025-04-18 23:54:52,033 - INFO - P2 (Round 3) - Epoch 9/10 | Loss: 0.8779 | Acc: 0.6785 | Val Loss: 0.8778 | Val Acc: 0.6785 | Time: 10.53s
2025-04-18 23:55:02,734 - INFO - P2 (Round 3) - Epoch 10/10 | Loss: 0.8779 | Acc: 0.6785 | Val Loss: 0.8777 | Val Acc: 0.6785 | Time: 10.70s
2025-04-18 23:55:05,107 - INFO - Round 3 completed in 217.95s
2025-04-18 23:55:05,107 - INFO - Global Model - P1 Test: Loss = 4.3493, Accuracy = 0.3684
2025-04-18 23:55:05,107 - INFO - Global Model - P2 Test: Loss = 1.0896, Accuracy = 0.5801
2025-04-18 23:55:15,758 - INFO - P1 (Round 4) - Epoch 1/10 | Loss: 0.1034 | Acc: 0.9779 | Val Loss: 0.0633 | Val Acc: 0.9850 | Time: 10.65s
2025-04-18 23:55:26,198 - INFO - P1 (Round 4) - Epoch 2/10 | Loss: 0.0620 | Acc: 0.9849 | Val Loss: 0.0619 | Val Acc: 0.9845 | Time: 10.44s
2025-04-18 23:55:36,935 - INFO - P1 (Round 4) - Epoch 3/10 | Loss: 0.0616 | Acc: 0.9850 | Val Loss: 0.0613 | Val Acc: 0.9846 | Time: 10.74s
2025-04-18 23:55:48,142 - INFO - P1 (Round 4) - Epoch 4/10 | Loss: 0.0612 | Acc: 0.9850 | Val Loss: 0.0611 | Val Acc: 0.9843 | Time: 11.21s
2025-04-18 23:55:59,558 - INFO - P1 (Round 4) - Epoch 5/10 | Loss: 0.0611 | Acc: 0.9851 | Val Loss: 0.0616 | Val Acc: 0.9837 | Time: 11.42s
2025-04-18 23:56:10,222 - INFO - P1 (Round 4) - Epoch 6/10 | Loss: 0.0609 | Acc: 0.9851 | Val Loss: 0.0610 | Val Acc: 0.9843 | Time: 10.66s
2025-04-18 23:56:21,311 - INFO - P1 (Round 4) - Epoch 7/10 | Loss: 0.0608 | Acc: 0.9851 | Val Loss: 0.0609 | Val Acc: 0.9850 | Time: 11.09s
2025-04-18 23:56:32,222 - INFO - P1 (Round 4) - Epoch 8/10 | Loss: 0.0605 | Acc: 0.9851 | Val Loss: 0.0614 | Val Acc: 0.9850 | Time: 10.91s
2025-04-18 23:56:42,787 - INFO - P1 (Round 4) - Epoch 9/10 | Loss: 0.0604 | Acc: 0.9851 | Val Loss: 0.0607 | Val Acc: 0.9850 | Time: 10.56s
2025-04-18 23:56:53,675 - INFO - P1 (Round 4) - Epoch 10/10 | Loss: 0.0604 | Acc: 0.9852 | Val Loss: 0.0605 | Val Acc: 0.9850 | Time: 10.89s
2025-04-18 23:57:06,084 - INFO - P2 (Round 4) - Epoch 1/10 | Loss: 0.8786 | Acc: 0.6785 | Val Loss: 0.8778 | Val Acc: 0.6785 | Time: 12.41s
2025-04-18 23:57:18,106 - INFO - P2 (Round 4) - Epoch 2/10 | Loss: 0.8779 | Acc: 0.6785 | Val Loss: 0.8780 | Val Acc: 0.6785 | Time: 12.02s
2025-04-18 23:57:29,198 - INFO - P2 (Round 4) - Epoch 3/10 | Loss: 0.8779 | Acc: 0.6785 | Val Loss: 0.8783 | Val Acc: 0.6785 | Time: 11.09s
2025-04-18 23:57:39,626 - INFO - P2 (Round 4) - Epoch 4/10 | Loss: 0.8779 | Acc: 0.6785 | Val Loss: 0.8780 | Val Acc: 0.6785 | Time: 10.43s
2025-04-18 23:57:50,062 - INFO - P2 (Round 4) - Epoch 5/10 | Loss: 0.8779 | Acc: 0.6785 | Val Loss: 0.8778 | Val Acc: 0.6785 | Time: 10.44s
2025-04-18 23:58:00,459 - INFO - P2 (Round 4) - Epoch 6/10 | Loss: 0.8779 | Acc: 0.6785 | Val Loss: 0.8778 | Val Acc: 0.6785 | Time: 10.40s
2025-04-18 23:58:10,916 - INFO - P2 (Round 4) - Epoch 7/10 | Loss: 0.8779 | Acc: 0.6785 | Val Loss: 0.8778 | Val Acc: 0.6785 | Time: 10.46s
2025-04-18 23:58:22,194 - INFO - P2 (Round 4) - Epoch 8/10 | Loss: 0.8779 | Acc: 0.6785 | Val Loss: 0.8780 | Val Acc: 0.6785 | Time: 11.28s
2025-04-18 23:58:33,026 - INFO - P2 (Round 4) - Epoch 9/10 | Loss: 0.8779 | Acc: 0.6785 | Val Loss: 0.8778 | Val Acc: 0.6785 | Time: 10.83s
2025-04-18 23:58:43,594 - INFO - P2 (Round 4) - Epoch 10/10 | Loss: 0.8779 | Acc: 0.6785 | Val Loss: 0.8777 | Val Acc: 0.6785 | Time: 10.57s
2025-04-18 23:58:45,828 - INFO - Round 4 completed in 220.72s
2025-04-18 23:58:45,828 - INFO - Global Model - P1 Test: Loss = 3.4960, Accuracy = 0.3275
2025-04-18 23:58:45,828 - INFO - Global Model - P2 Test: Loss = 1.3052, Accuracy = 0.6785
2025-04-18 23:58:56,678 - INFO - P1 (Round 5) - Epoch 1/10 | Loss: 0.0878 | Acc: 0.9795 | Val Loss: 0.0620 | Val Acc: 0.9850 | Time: 10.85s
2025-04-18 23:59:07,384 - INFO - P1 (Round 5) - Epoch 2/10 | Loss: 0.0612 | Acc: 0.9850 | Val Loss: 0.0614 | Val Acc: 0.9846 | Time: 10.71s
2025-04-18 23:59:18,148 - INFO - P1 (Round 5) - Epoch 3/10 | Loss: 0.0608 | Acc: 0.9851 | Val Loss: 0.0607 | Val Acc: 0.9850 | Time: 10.76s
2025-04-18 23:59:29,839 - INFO - P1 (Round 5) - Epoch 4/10 | Loss: 0.0607 | Acc: 0.9851 | Val Loss: 0.0610 | Val Acc: 0.9846 | Time: 11.69s
2025-04-18 23:59:40,707 - INFO - P1 (Round 5) - Epoch 5/10 | Loss: 0.0606 | Acc: 0.9851 | Val Loss: 0.0608 | Val Acc: 0.9850 | Time: 10.87s
2025-04-18 23:59:51,578 - INFO - P1 (Round 5) - Epoch 6/10 | Loss: 0.0605 | Acc: 0.9851 | Val Loss: 0.0614 | Val Acc: 0.9850 | Time: 10.87s
2025-04-19 00:00:02,443 - INFO - P1 (Round 5) - Epoch 7/10 | Loss: 0.0605 | Acc: 0.9852 | Val Loss: 0.0606 | Val Acc: 0.9850 | Time: 10.86s
2025-04-19 00:00:13,244 - INFO - P1 (Round 5) - Epoch 8/10 | Loss: 0.0603 | Acc: 0.9852 | Val Loss: 0.0604 | Val Acc: 0.9850 | Time: 10.80s
2025-04-19 00:00:23,854 - INFO - P1 (Round 5) - Epoch 9/10 | Loss: 0.0602 | Acc: 0.9852 | Val Loss: 0.0602 | Val Acc: 0.9857 | Time: 10.61s
2025-04-19 00:00:35,370 - INFO - P1 (Round 5) - Epoch 10/10 | Loss: 0.0600 | Acc: 0.9852 | Val Loss: 0.0599 | Val Acc: 0.9850 | Time: 11.52s
2025-04-19 00:00:46,728 - INFO - P2 (Round 5) - Epoch 1/10 | Loss: 0.8797 | Acc: 0.6785 | Val Loss: 0.8779 | Val Acc: 0.6785 | Time: 11.36s
2025-04-19 00:00:57,332 - INFO - P2 (Round 5) - Epoch 2/10 | Loss: 0.8779 | Acc: 0.6785 | Val Loss: 0.8780 | Val Acc: 0.6785 | Time: 10.60s
2025-04-19 00:01:07,697 - INFO - P2 (Round 5) - Epoch 3/10 | Loss: 0.8779 | Acc: 0.6785 | Val Loss: 0.8778 | Val Acc: 0.6785 | Time: 10.37s
2025-04-19 00:01:18,331 - INFO - P2 (Round 5) - Epoch 4/10 | Loss: 0.8779 | Acc: 0.6785 | Val Loss: 0.8777 | Val Acc: 0.6785 | Time: 10.63s
2025-04-19 00:01:29,148 - INFO - P2 (Round 5) - Epoch 5/10 | Loss: 0.8779 | Acc: 0.6785 | Val Loss: 0.8779 | Val Acc: 0.6785 | Time: 10.82s
2025-04-19 00:01:39,639 - INFO - P2 (Round 5) - Epoch 6/10 | Loss: 0.8779 | Acc: 0.6785 | Val Loss: 0.8779 | Val Acc: 0.6785 | Time: 10.49s
2025-04-19 00:01:50,933 - INFO - P2 (Round 5) - Epoch 7/10 | Loss: 0.8779 | Acc: 0.6785 | Val Loss: 0.8778 | Val Acc: 0.6785 | Time: 11.29s
2025-04-19 00:02:01,720 - INFO - P2 (Round 5) - Epoch 8/10 | Loss: 0.8779 | Acc: 0.6785 | Val Loss: 0.8777 | Val Acc: 0.6785 | Time: 10.79s
2025-04-19 00:02:12,016 - INFO - P2 (Round 5) - Epoch 9/10 | Loss: 0.8779 | Acc: 0.6785 | Val Loss: 0.8779 | Val Acc: 0.6785 | Time: 10.30s
2025-04-19 00:02:22,399 - INFO - P2 (Round 5) - Epoch 10/10 | Loss: 0.8779 | Acc: 0.6785 | Val Loss: 0.8777 | Val Acc: 0.6785 | Time: 10.38s
2025-04-19 00:02:24,644 - INFO - Round 5 completed in 218.82s
2025-04-19 00:02:24,644 - INFO - Global Model - P1 Test: Loss = 2.8507, Accuracy = 0.3633
2025-04-19 00:02:24,644 - INFO - Global Model - P2 Test: Loss = 1.6286, Accuracy = 0.5801
2025-04-19 00:02:35,202 - INFO - P1 (Round 6) - Epoch 1/10 | Loss: 0.0814 | Acc: 0.9804 | Val Loss: 0.0608 | Val Acc: 0.9850 | Time: 10.56s
2025-04-19 00:02:47,552 - INFO - P1 (Round 6) - Epoch 2/10 | Loss: 0.0605 | Acc: 0.9851 | Val Loss: 0.0603 | Val Acc: 0.9850 | Time: 12.35s
2025-04-19 00:03:00,591 - INFO - P1 (Round 6) - Epoch 3/10 | Loss: 0.0604 | Acc: 0.9851 | Val Loss: 0.0611 | Val Acc: 0.9847 | Time: 13.04s
2025-04-19 00:03:12,839 - INFO - P1 (Round 6) - Epoch 4/10 | Loss: 0.0605 | Acc: 0.9852 | Val Loss: 0.0613 | Val Acc: 0.9849 | Time: 12.25s
2025-04-19 00:03:24,424 - INFO - P1 (Round 6) - Epoch 5/10 | Loss: 0.0601 | Acc: 0.9852 | Val Loss: 0.0610 | Val Acc: 0.9850 | Time: 11.58s
2025-04-19 00:03:34,852 - INFO - P1 (Round 6) - Epoch 6/10 | Loss: 0.0601 | Acc: 0.9852 | Val Loss: 0.0600 | Val Acc: 0.9850 | Time: 10.43s
2025-04-19 00:03:45,604 - INFO - P1 (Round 6) - Epoch 7/10 | Loss: 0.0601 | Acc: 0.9852 | Val Loss: 0.0617 | Val Acc: 0.9857 | Time: 10.75s
2025-04-19 00:03:56,099 - INFO - P1 (Round 6) - Epoch 8/10 | Loss: 0.0601 | Acc: 0.9852 | Val Loss: 0.0599 | Val Acc: 0.9846 | Time: 10.50s
2025-04-19 00:04:07,070 - INFO - P1 (Round 6) - Epoch 9/10 | Loss: 0.0599 | Acc: 0.9852 | Val Loss: 0.0600 | Val Acc: 0.9847 | Time: 10.97s
2025-04-19 00:04:18,545 - INFO - P1 (Round 6) - Epoch 10/10 | Loss: 0.0600 | Acc: 0.9853 | Val Loss: 0.0596 | Val Acc: 0.9850 | Time: 11.48s
2025-04-19 00:04:29,024 - INFO - P2 (Round 6) - Epoch 1/10 | Loss: 0.8852 | Acc: 0.6782 | Val Loss: 0.8782 | Val Acc: 0.6785 | Time: 10.48s
2025-04-19 00:04:39,450 - INFO - P2 (Round 6) - Epoch 2/10 | Loss: 0.8781 | Acc: 0.6785 | Val Loss: 0.8782 | Val Acc: 0.6785 | Time: 10.43s
2025-04-19 00:04:50,149 - INFO - P2 (Round 6) - Epoch 3/10 | Loss: 0.8780 | Acc: 0.6785 | Val Loss: 0.8780 | Val Acc: 0.6785 | Time: 10.70s
2025-04-19 00:05:00,582 - INFO - P2 (Round 6) - Epoch 4/10 | Loss: 0.8780 | Acc: 0.6785 | Val Loss: 0.8781 | Val Acc: 0.6785 | Time: 10.43s
2025-04-19 00:05:11,105 - INFO - P2 (Round 6) - Epoch 5/10 | Loss: 0.8780 | Acc: 0.6785 | Val Loss: 0.8779 | Val Acc: 0.6785 | Time: 10.52s
2025-04-19 00:05:22,248 - INFO - P2 (Round 6) - Epoch 6/10 | Loss: 0.8780 | Acc: 0.6785 | Val Loss: 0.8778 | Val Acc: 0.6785 | Time: 11.14s
2025-04-19 00:05:33,140 - INFO - P2 (Round 6) - Epoch 7/10 | Loss: 0.8780 | Acc: 0.6785 | Val Loss: 0.8782 | Val Acc: 0.6785 | Time: 10.89s
2025-04-19 00:05:43,642 - INFO - P2 (Round 6) - Epoch 8/10 | Loss: 0.8780 | Acc: 0.6785 | Val Loss: 0.8778 | Val Acc: 0.6785 | Time: 10.50s
2025-04-19 00:05:54,127 - INFO - P2 (Round 6) - Epoch 9/10 | Loss: 0.8780 | Acc: 0.6785 | Val Loss: 0.8779 | Val Acc: 0.6785 | Time: 10.48s
2025-04-19 00:06:04,580 - INFO - P2 (Round 6) - Epoch 10/10 | Loss: 0.8780 | Acc: 0.6785 | Val Loss: 0.8778 | Val Acc: 0.6785 | Time: 10.45s
2025-04-19 00:06:06,889 - INFO - Round 6 completed in 222.25s
2025-04-19 00:06:06,889 - INFO - Global Model - P1 Test: Loss = 3.3812, Accuracy = 0.3629
2025-04-19 00:06:06,889 - INFO - Global Model - P2 Test: Loss = 1.3529, Accuracy = 0.5801
2025-04-19 00:06:17,379 - INFO - P1 (Round 7) - Epoch 1/10 | Loss: 0.0846 | Acc: 0.9791 | Val Loss: 0.0603 | Val Acc: 0.9850 | Time: 10.49s
2025-04-19 00:06:28,520 - INFO - P1 (Round 7) - Epoch 2/10 | Loss: 0.0604 | Acc: 0.9852 | Val Loss: 0.0608 | Val Acc: 0.9857 | Time: 11.14s
2025-04-19 00:06:40,164 - INFO - P1 (Round 7) - Epoch 3/10 | Loss: 0.0602 | Acc: 0.9852 | Val Loss: 0.0606 | Val Acc: 0.9850 | Time: 11.64s
2025-04-19 00:06:51,265 - INFO - P1 (Round 7) - Epoch 4/10 | Loss: 0.0601 | Acc: 0.9852 | Val Loss: 0.0597 | Val Acc: 0.9850 | Time: 11.10s
2025-04-19 00:07:01,977 - INFO - P1 (Round 7) - Epoch 5/10 | Loss: 0.0598 | Acc: 0.9852 | Val Loss: 0.0605 | Val Acc: 0.9850 | Time: 10.71s
2025-04-19 00:07:12,826 - INFO - P1 (Round 7) - Epoch 6/10 | Loss: 0.0600 | Acc: 0.9852 | Val Loss: 0.0607 | Val Acc: 0.9857 | Time: 10.85s
2025-04-19 00:07:23,472 - INFO - P1 (Round 7) - Epoch 7/10 | Loss: 0.0596 | Acc: 0.9852 | Val Loss: 0.0597 | Val Acc: 0.9848 | Time: 10.65s
2025-04-19 00:07:34,216 - INFO - P1 (Round 7) - Epoch 8/10 | Loss: 0.0597 | Acc: 0.9853 | Val Loss: 0.0596 | Val Acc: 0.9850 | Time: 10.74s
2025-04-19 00:07:45,877 - INFO - P1 (Round 7) - Epoch 9/10 | Loss: 0.0600 | Acc: 0.9853 | Val Loss: 0.0595 | Val Acc: 0.9855 | Time: 11.66s
2025-04-19 00:07:57,121 - INFO - P1 (Round 7) - Epoch 10/10 | Loss: 0.0595 | Acc: 0.9853 | Val Loss: 0.0597 | Val Acc: 0.9850 | Time: 11.24s
2025-04-19 00:08:07,654 - INFO - P2 (Round 7) - Epoch 1/10 | Loss: 0.8808 | Acc: 0.6784 | Val Loss: 0.8788 | Val Acc: 0.6785 | Time: 10.53s
2025-04-19 00:08:18,150 - INFO - P2 (Round 7) - Epoch 2/10 | Loss: 0.8781 | Acc: 0.6785 | Val Loss: 0.8779 | Val Acc: 0.6785 | Time: 10.50s
2025-04-19 00:08:28,817 - INFO - P2 (Round 7) - Epoch 3/10 | Loss: 0.8780 | Acc: 0.6785 | Val Loss: 0.8777 | Val Acc: 0.6785 | Time: 10.67s
2025-04-19 00:08:39,482 - INFO - P2 (Round 7) - Epoch 4/10 | Loss: 0.8781 | Acc: 0.6785 | Val Loss: 0.8779 | Val Acc: 0.6785 | Time: 10.66s
2025-04-19 00:08:49,887 - INFO - P2 (Round 7) - Epoch 5/10 | Loss: 0.8781 | Acc: 0.6785 | Val Loss: 0.8795 | Val Acc: 0.6785 | Time: 10.41s
2025-04-19 00:09:01,252 - INFO - P2 (Round 7) - Epoch 6/10 | Loss: 0.8780 | Acc: 0.6785 | Val Loss: 0.8780 | Val Acc: 0.6785 | Time: 11.36s
2025-04-19 00:09:11,666 - INFO - P2 (Round 7) - Epoch 7/10 | Loss: 0.8780 | Acc: 0.6785 | Val Loss: 0.8779 | Val Acc: 0.6785 | Time: 10.41s
2025-04-19 00:09:22,167 - INFO - P2 (Round 7) - Epoch 8/10 | Loss: 0.8780 | Acc: 0.6785 | Val Loss: 0.8782 | Val Acc: 0.6785 | Time: 10.50s
2025-04-19 00:09:32,741 - INFO - P2 (Round 7) - Epoch 9/10 | Loss: 0.8779 | Acc: 0.6785 | Val Loss: 0.8781 | Val Acc: 0.6785 | Time: 10.57s
2025-04-19 00:09:43,394 - INFO - P2 (Round 7) - Epoch 10/10 | Loss: 0.8779 | Acc: 0.6785 | Val Loss: 0.8778 | Val Acc: 0.6785 | Time: 10.65s
2025-04-19 00:09:45,797 - INFO - Round 7 completed in 218.91s
2025-04-19 00:09:45,797 - INFO - Global Model - P1 Test: Loss = 3.2682, Accuracy = 0.3636
2025-04-19 00:09:45,797 - INFO - Global Model - P2 Test: Loss = 1.3165, Accuracy = 0.5801
2025-04-19 00:09:56,436 - INFO - P1 (Round 8) - Epoch 1/10 | Loss: 0.0802 | Acc: 0.9800 | Val Loss: 0.0613 | Val Acc: 0.9844 | Time: 10.64s
2025-04-19 00:10:08,093 - INFO - P1 (Round 8) - Epoch 2/10 | Loss: 0.0600 | Acc: 0.9852 | Val Loss: 0.0597 | Val Acc: 0.9850 | Time: 11.66s
2025-04-19 00:10:19,455 - INFO - P1 (Round 8) - Epoch 3/10 | Loss: 0.0596 | Acc: 0.9852 | Val Loss: 0.0603 | Val Acc: 0.9850 | Time: 11.36s
2025-04-19 00:10:30,270 - INFO - P1 (Round 8) - Epoch 4/10 | Loss: 0.0598 | Acc: 0.9852 | Val Loss: 0.0595 | Val Acc: 0.9848 | Time: 10.81s
2025-04-19 00:10:40,872 - INFO - P1 (Round 8) - Epoch 5/10 | Loss: 0.0598 | Acc: 0.9852 | Val Loss: 0.0605 | Val Acc: 0.9855 | Time: 10.60s
2025-04-19 00:10:51,528 - INFO - P1 (Round 8) - Epoch 6/10 | Loss: 0.0593 | Acc: 0.9853 | Val Loss: 0.0596 | Val Acc: 0.9849 | Time: 10.66s
2025-04-19 00:11:02,192 - INFO - P1 (Round 8) - Epoch 7/10 | Loss: 0.0593 | Acc: 0.9853 | Val Loss: 0.0595 | Val Acc: 0.9848 | Time: 10.66s
2025-04-19 00:11:13,015 - INFO - P1 (Round 8) - Epoch 8/10 | Loss: 0.0591 | Acc: 0.9853 | Val Loss: 0.0594 | Val Acc: 0.9850 | Time: 10.82s
2025-04-19 00:11:24,805 - INFO - P1 (Round 8) - Epoch 9/10 | Loss: 0.0592 | Acc: 0.9853 | Val Loss: 0.0594 | Val Acc: 0.9850 | Time: 11.79s
2025-04-19 00:11:35,568 - INFO - P1 (Round 8) - Epoch 10/10 | Loss: 0.0592 | Acc: 0.9853 | Val Loss: 0.0593 | Val Acc: 0.9850 | Time: 10.76s
2025-04-19 00:11:45,853 - INFO - P2 (Round 8) - Epoch 1/10 | Loss: 0.8805 | Acc: 0.6784 | Val Loss: 0.8780 | Val Acc: 0.6785 | Time: 10.28s
2025-04-19 00:11:56,172 - INFO - P2 (Round 8) - Epoch 2/10 | Loss: 0.8781 | Acc: 0.6785 | Val Loss: 0.8780 | Val Acc: 0.6785 | Time: 10.32s
2025-04-19 00:12:06,619 - INFO - P2 (Round 8) - Epoch 3/10 | Loss: 0.8780 | Acc: 0.6785 | Val Loss: 0.8781 | Val Acc: 0.6785 | Time: 10.45s
2025-04-19 00:12:17,305 - INFO - P2 (Round 8) - Epoch 4/10 | Loss: 0.8780 | Acc: 0.6785 | Val Loss: 0.8779 | Val Acc: 0.6785 | Time: 10.69s
2025-04-19 00:12:28,182 - INFO - P2 (Round 8) - Epoch 5/10 | Loss: 0.8780 | Acc: 0.6785 | Val Loss: 0.8782 | Val Acc: 0.6785 | Time: 10.88s
2025-04-19 00:12:39,317 - INFO - P2 (Round 8) - Epoch 6/10 | Loss: 0.8780 | Acc: 0.6785 | Val Loss: 0.8790 | Val Acc: 0.6785 | Time: 11.13s
2025-04-19 00:12:49,658 - INFO - P2 (Round 8) - Epoch 7/10 | Loss: 0.8780 | Acc: 0.6785 | Val Loss: 0.8778 | Val Acc: 0.6785 | Time: 10.34s
2025-04-19 00:13:00,061 - INFO - P2 (Round 8) - Epoch 8/10 | Loss: 0.8780 | Acc: 0.6785 | Val Loss: 0.8781 | Val Acc: 0.6785 | Time: 10.40s
2025-04-19 00:13:10,609 - INFO - P2 (Round 8) - Epoch 9/10 | Loss: 0.8779 | Acc: 0.6785 | Val Loss: 0.8783 | Val Acc: 0.6785 | Time: 10.55s
2025-04-19 00:13:20,902 - INFO - P2 (Round 8) - Epoch 10/10 | Loss: 0.8780 | Acc: 0.6785 | Val Loss: 0.8779 | Val Acc: 0.6785 | Time: 10.29s
2025-04-19 00:13:23,226 - INFO - Round 8 completed in 217.43s
2025-04-19 00:13:23,226 - INFO - Global Model - P1 Test: Loss = 3.0986, Accuracy = 0.3638
2025-04-19 00:13:23,226 - INFO - Global Model - P2 Test: Loss = 1.3746, Accuracy = 0.5801
2025-04-19 00:13:33,667 - INFO - P1 (Round 9) - Epoch 1/10 | Loss: 0.0799 | Acc: 0.9808 | Val Loss: 0.0594 | Val Acc: 0.9848 | Time: 10.44s
2025-04-19 00:13:45,635 - INFO - P1 (Round 9) - Epoch 2/10 | Loss: 0.0593 | Acc: 0.9852 | Val Loss: 0.0594 | Val Acc: 0.9850 | Time: 11.97s
2025-04-19 00:13:56,188 - INFO - P1 (Round 9) - Epoch 3/10 | Loss: 0.0594 | Acc: 0.9852 | Val Loss: 0.0595 | Val Acc: 0.9851 | Time: 10.55s
2025-04-19 00:14:07,093 - INFO - P1 (Round 9) - Epoch 4/10 | Loss: 0.0592 | Acc: 0.9853 | Val Loss: 0.0596 | Val Acc: 0.9847 | Time: 10.91s
2025-04-19 00:14:17,535 - INFO - P1 (Round 9) - Epoch 5/10 | Loss: 0.0593 | Acc: 0.9853 | Val Loss: 0.0595 | Val Acc: 0.9849 | Time: 10.44s
2025-04-19 00:14:28,378 - INFO - P1 (Round 9) - Epoch 6/10 | Loss: 0.0591 | Acc: 0.9853 | Val Loss: 0.0595 | Val Acc: 0.9849 | Time: 10.84s
2025-04-19 00:14:39,866 - INFO - P1 (Round 9) - Epoch 7/10 | Loss: 0.0592 | Acc: 0.9853 | Val Loss: 0.0587 | Val Acc: 0.9850 | Time: 11.49s
2025-04-19 00:14:51,887 - INFO - P1 (Round 9) - Epoch 8/10 | Loss: 0.0588 | Acc: 0.9853 | Val Loss: 0.0592 | Val Acc: 0.9850 | Time: 12.02s
2025-04-19 00:15:03,191 - INFO - P1 (Round 9) - Epoch 9/10 | Loss: 0.0588 | Acc: 0.9853 | Val Loss: 0.0591 | Val Acc: 0.9849 | Time: 11.30s
2025-04-19 00:15:14,066 - INFO - P1 (Round 9) - Epoch 10/10 | Loss: 0.0588 | Acc: 0.9853 | Val Loss: 0.0596 | Val Acc: 0.9857 | Time: 10.87s
2025-04-19 00:15:24,681 - INFO - P2 (Round 9) - Epoch 1/10 | Loss: 0.8814 | Acc: 0.6784 | Val Loss: 0.8787 | Val Acc: 0.6785 | Time: 10.61s
2025-04-19 00:15:35,456 - INFO - P2 (Round 9) - Epoch 2/10 | Loss: 0.8781 | Acc: 0.6785 | Val Loss: 0.8788 | Val Acc: 0.6785 | Time: 10.77s
2025-04-19 00:15:46,070 - INFO - P2 (Round 9) - Epoch 3/10 | Loss: 0.8780 | Acc: 0.6785 | Val Loss: 0.8777 | Val Acc: 0.6785 | Time: 10.61s
2025-04-19 00:15:56,536 - INFO - P2 (Round 9) - Epoch 4/10 | Loss: 0.8780 | Acc: 0.6785 | Val Loss: 0.8784 | Val Acc: 0.6785 | Time: 10.47s
2025-04-19 00:16:08,010 - INFO - P2 (Round 9) - Epoch 5/10 | Loss: 0.8780 | Acc: 0.6785 | Val Loss: 0.8778 | Val Acc: 0.6785 | Time: 11.47s
2025-04-19 00:16:18,385 - INFO - P2 (Round 9) - Epoch 6/10 | Loss: 0.8780 | Acc: 0.6785 | Val Loss: 0.8779 | Val Acc: 0.6785 | Time: 10.38s
2025-04-19 00:16:28,998 - INFO - P2 (Round 9) - Epoch 7/10 | Loss: 0.8780 | Acc: 0.6785 | Val Loss: 0.8786 | Val Acc: 0.6785 | Time: 10.61s
2025-04-19 00:16:39,508 - INFO - P2 (Round 9) - Epoch 8/10 | Loss: 0.8780 | Acc: 0.6785 | Val Loss: 0.8778 | Val Acc: 0.6785 | Time: 10.51s
2025-04-19 00:16:50,095 - INFO - P2 (Round 9) - Epoch 9/10 | Loss: 0.8780 | Acc: 0.6785 | Val Loss: 0.8779 | Val Acc: 0.6785 | Time: 10.59s
2025-04-19 00:17:00,675 - INFO - P2 (Round 9) - Epoch 10/10 | Loss: 0.8780 | Acc: 0.6785 | Val Loss: 0.8778 | Val Acc: 0.6785 | Time: 10.58s
2025-04-19 00:17:02,975 - INFO - Round 9 completed in 219.75s
2025-04-19 00:17:02,975 - INFO - Global Model - P1 Test: Loss = 3.1658, Accuracy = 0.3643
2025-04-19 00:17:02,975 - INFO - Global Model - P2 Test: Loss = 1.3747, Accuracy = 0.5801
2025-04-19 00:17:14,259 - INFO - P1 (Round 10) - Epoch 1/10 | Loss: 0.0771 | Acc: 0.9813 | Val Loss: 0.0594 | Val Acc: 0.9851 | Time: 11.28s
2025-04-19 00:17:25,549 - INFO - P1 (Round 10) - Epoch 2/10 | Loss: 0.0590 | Acc: 0.9852 | Val Loss: 0.0592 | Val Acc: 0.9850 | Time: 11.29s
2025-04-19 00:17:36,406 - INFO - P1 (Round 10) - Epoch 3/10 | Loss: 0.0592 | Acc: 0.9853 | Val Loss: 0.0590 | Val Acc: 0.9850 | Time: 10.86s
2025-04-19 00:17:47,383 - INFO - P1 (Round 10) - Epoch 4/10 | Loss: 0.0591 | Acc: 0.9853 | Val Loss: 0.0589 | Val Acc: 0.9855 | Time: 10.98s
2025-04-19 00:17:58,514 - INFO - P1 (Round 10) - Epoch 5/10 | Loss: 0.0588 | Acc: 0.9853 | Val Loss: 0.0595 | Val Acc: 0.9852 | Time: 11.13s
2025-04-19 00:18:09,320 - INFO - P1 (Round 10) - Epoch 6/10 | Loss: 0.0588 | Acc: 0.9853 | Val Loss: 0.0589 | Val Acc: 0.9858 | Time: 10.81s
2025-04-19 00:18:20,108 - INFO - P1 (Round 10) - Epoch 7/10 | Loss: 0.0587 | Acc: 0.9854 | Val Loss: 0.0586 | Val Acc: 0.9851 | Time: 10.79s
2025-04-19 00:18:31,920 - INFO - P1 (Round 10) - Epoch 8/10 | Loss: 0.0589 | Acc: 0.9854 | Val Loss: 0.0592 | Val Acc: 0.9855 | Time: 11.81s
2025-04-19 00:18:42,554 - INFO - P1 (Round 10) - Epoch 9/10 | Loss: 0.0587 | Acc: 0.9854 | Val Loss: 0.0590 | Val Acc: 0.9849 | Time: 10.63s
2025-04-19 00:18:53,355 - INFO - P1 (Round 10) - Epoch 10/10 | Loss: 0.0589 | Acc: 0.9854 | Val Loss: 0.0595 | Val Acc: 0.9855 | Time: 10.80s
2025-04-19 00:19:03,759 - INFO - P2 (Round 10) - Epoch 1/10 | Loss: 0.8813 | Acc: 0.6784 | Val Loss: 0.8778 | Val Acc: 0.6785 | Time: 10.40s
2025-04-19 00:19:14,242 - INFO - P2 (Round 10) - Epoch 2/10 | Loss: 0.8781 | Acc: 0.6785 | Val Loss: 0.8780 | Val Acc: 0.6785 | Time: 10.48s
2025-04-19 00:19:24,685 - INFO - P2 (Round 10) - Epoch 3/10 | Loss: 0.8781 | Acc: 0.6785 | Val Loss: 0.8778 | Val Acc: 0.6785 | Time: 10.44s
2025-04-19 00:19:35,650 - INFO - P2 (Round 10) - Epoch 4/10 | Loss: 0.8780 | Acc: 0.6785 | Val Loss: 0.8781 | Val Acc: 0.6785 | Time: 10.96s
2025-04-19 00:19:46,669 - INFO - P2 (Round 10) - Epoch 5/10 | Loss: 0.8780 | Acc: 0.6785 | Val Loss: 0.8778 | Val Acc: 0.6785 | Time: 11.02s
2025-04-19 00:19:57,106 - INFO - P2 (Round 10) - Epoch 6/10 | Loss: 0.8780 | Acc: 0.6785 | Val Loss: 0.8782 | Val Acc: 0.6785 | Time: 10.44s
2025-04-19 00:20:07,768 - INFO - P2 (Round 10) - Epoch 7/10 | Loss: 0.8780 | Acc: 0.6785 | Val Loss: 0.8779 | Val Acc: 0.6785 | Time: 10.66s
2025-04-19 00:20:18,318 - INFO - P2 (Round 10) - Epoch 8/10 | Loss: 0.8780 | Acc: 0.6785 | Val Loss: 0.8777 | Val Acc: 0.6785 | Time: 10.55s
2025-04-19 00:20:29,544 - INFO - P2 (Round 10) - Epoch 9/10 | Loss: 0.8780 | Acc: 0.6785 | Val Loss: 0.8778 | Val Acc: 0.6785 | Time: 11.23s
2025-04-19 00:20:39,946 - INFO - P2 (Round 10) - Epoch 10/10 | Loss: 0.8780 | Acc: 0.6785 | Val Loss: 0.8779 | Val Acc: 0.6785 | Time: 10.40s
2025-04-19 00:20:42,260 - INFO - Round 10 completed in 219.28s
2025-04-19 00:20:42,260 - INFO - Global Model - P1 Test: Loss = 2.8919, Accuracy = 0.3642
2025-04-19 00:20:42,260 - INFO - Global Model - P2 Test: Loss = 1.4445, Accuracy = 0.5801
2025-04-19 00:20:44,619 - INFO - Final Results after 10 rounds:
2025-04-19 00:20:44,619 - INFO - Global Model - P1 Test: Loss = 2.8919, Accuracy = 0.3642
2025-04-19 00:20:44,619 - INFO - Global Model - P2 Test: Loss = 1.4445, Accuracy = 0.5801
2025-04-19 00:20:44,624 - INFO - Experiment 182 results saved to results/suppression_experiments/exp_182_p1f2_p2f1.json
