2025-04-19 00:59:30,679 - INFO - Starting Suppression Experiment 194
2025-04-19 00:59:30,679 - INFO - P1 Features (1/14): ['protocol']
2025-04-19 00:59:30,679 - INFO - P2 Features (3/14): ['protocol', 'bidirectional_min_ps', 'bidirectional_mean_ps']
2025-04-19 00:59:41,506 - INFO - P1 (Round 1) - Epoch 1/10 | Loss: 1.0186 | Acc: 0.5837 | Val Loss: 0.9694 | Val Acc: 0.5974 | Time: 10.79s
2025-04-19 00:59:52,048 - INFO - P1 (Round 1) - Epoch 2/10 | Loss: 0.9694 | Acc: 0.5974 | Val Loss: 0.9696 | Val Acc: 0.5974 | Time: 10.54s
2025-04-19 01:00:02,785 - INFO - P1 (Round 1) - Epoch 3/10 | Loss: 0.9694 | Acc: 0.5974 | Val Loss: 0.9691 | Val Acc: 0.5974 | Time: 10.74s
2025-04-19 01:00:14,598 - INFO - P1 (Round 1) - Epoch 4/10 | Loss: 0.9693 | Acc: 0.5974 | Val Loss: 0.9692 | Val Acc: 0.5974 | Time: 11.81s
2025-04-19 01:00:25,458 - INFO - P1 (Round 1) - Epoch 5/10 | Loss: 0.9693 | Acc: 0.5974 | Val Loss: 0.9692 | Val Acc: 0.5974 | Time: 10.86s
2025-04-19 01:00:36,188 - INFO - P1 (Round 1) - Epoch 6/10 | Loss: 0.9693 | Acc: 0.5974 | Val Loss: 0.9692 | Val Acc: 0.5974 | Time: 10.73s
2025-04-19 01:00:46,535 - INFO - P1 (Round 1) - Epoch 7/10 | Loss: 0.9693 | Acc: 0.5974 | Val Loss: 0.9696 | Val Acc: 0.5974 | Time: 10.35s
2025-04-19 01:00:57,265 - INFO - P1 (Round 1) - Epoch 8/10 | Loss: 0.9692 | Acc: 0.5974 | Val Loss: 0.9691 | Val Acc: 0.5974 | Time: 10.73s
2025-04-19 01:01:07,742 - INFO - P1 (Round 1) - Epoch 9/10 | Loss: 0.9692 | Acc: 0.5974 | Val Loss: 0.9692 | Val Acc: 0.5974 | Time: 10.48s
2025-04-19 01:01:19,112 - INFO - P1 (Round 1) - Epoch 10/10 | Loss: 0.9692 | Acc: 0.5974 | Val Loss: 0.9694 | Val Acc: 0.5974 | Time: 11.37s
2025-04-19 01:01:30,195 - INFO - P2 (Round 1) - Epoch 1/10 | Loss: 0.6918 | Acc: 0.6949 | Val Loss: 0.6102 | Val Acc: 0.7198 | Time: 11.08s
2025-04-19 01:01:40,752 - INFO - P2 (Round 1) - Epoch 2/10 | Loss: 0.5954 | Acc: 0.7206 | Val Loss: 0.5880 | Val Acc: 0.7233 | Time: 10.56s
2025-04-19 01:01:51,152 - INFO - P2 (Round 1) - Epoch 3/10 | Loss: 0.5807 | Acc: 0.7272 | Val Loss: 0.5773 | Val Acc: 0.7337 | Time: 10.40s
2025-04-19 01:02:01,574 - INFO - P2 (Round 1) - Epoch 4/10 | Loss: 0.5741 | Acc: 0.7320 | Val Loss: 0.5740 | Val Acc: 0.7320 | Time: 10.42s
2025-04-19 01:02:11,977 - INFO - P2 (Round 1) - Epoch 5/10 | Loss: 0.5713 | Acc: 0.7353 | Val Loss: 0.5697 | Val Acc: 0.7383 | Time: 10.40s
2025-04-19 01:02:22,265 - INFO - P2 (Round 1) - Epoch 6/10 | Loss: 0.5697 | Acc: 0.7365 | Val Loss: 0.5698 | Val Acc: 0.7376 | Time: 10.29s
2025-04-19 01:02:33,681 - INFO - P2 (Round 1) - Epoch 7/10 | Loss: 0.5687 | Acc: 0.7369 | Val Loss: 0.5702 | Val Acc: 0.7390 | Time: 11.42s
2025-04-19 01:02:44,011 - INFO - P2 (Round 1) - Epoch 8/10 | Loss: 0.5681 | Acc: 0.7369 | Val Loss: 0.5702 | Val Acc: 0.7375 | Time: 10.33s
2025-04-19 01:02:54,465 - INFO - P2 (Round 1) - Epoch 9/10 | Loss: 0.5676 | Acc: 0.7377 | Val Loss: 0.5685 | Val Acc: 0.7342 | Time: 10.45s
2025-04-19 01:03:04,912 - INFO - P2 (Round 1) - Epoch 10/10 | Loss: 0.5673 | Acc: 0.7377 | Val Loss: 0.5678 | Val Acc: 0.7403 | Time: 10.45s
2025-04-19 01:03:07,001 - INFO - Round 1 completed in 216.28s
2025-04-19 01:03:07,002 - INFO - Global Model - P1 Test: Loss = 1.7002, Accuracy = 0.4073
2025-04-19 01:03:07,002 - INFO - Global Model - P2 Test: Loss = 1.2671, Accuracy = 0.4833
2025-04-19 01:03:17,540 - INFO - P1 (Round 2) - Epoch 1/10 | Loss: 0.9766 | Acc: 0.5971 | Val Loss: 0.9693 | Val Acc: 0.5974 | Time: 10.54s
2025-04-19 01:03:28,293 - INFO - P1 (Round 2) - Epoch 2/10 | Loss: 0.9695 | Acc: 0.5974 | Val Loss: 0.9699 | Val Acc: 0.5974 | Time: 10.75s
2025-04-19 01:03:39,402 - INFO - P1 (Round 2) - Epoch 3/10 | Loss: 0.9694 | Acc: 0.5974 | Val Loss: 0.9692 | Val Acc: 0.5974 | Time: 11.11s
2025-04-19 01:03:51,158 - INFO - P1 (Round 2) - Epoch 4/10 | Loss: 0.9694 | Acc: 0.5974 | Val Loss: 0.9695 | Val Acc: 0.5974 | Time: 11.76s
2025-04-19 01:04:01,980 - INFO - P1 (Round 2) - Epoch 5/10 | Loss: 0.9693 | Acc: 0.5974 | Val Loss: 0.9695 | Val Acc: 0.5974 | Time: 10.82s
2025-04-19 01:04:12,673 - INFO - P1 (Round 2) - Epoch 6/10 | Loss: 0.9693 | Acc: 0.5974 | Val Loss: 0.9693 | Val Acc: 0.5974 | Time: 10.69s
2025-04-19 01:04:23,187 - INFO - P1 (Round 2) - Epoch 7/10 | Loss: 0.9693 | Acc: 0.5974 | Val Loss: 0.9691 | Val Acc: 0.5974 | Time: 10.51s
2025-04-19 01:04:33,859 - INFO - P1 (Round 2) - Epoch 8/10 | Loss: 0.9693 | Acc: 0.5974 | Val Loss: 0.9693 | Val Acc: 0.5974 | Time: 10.67s
2025-04-19 01:04:44,683 - INFO - P1 (Round 2) - Epoch 9/10 | Loss: 0.9693 | Acc: 0.5974 | Val Loss: 0.9692 | Val Acc: 0.5974 | Time: 10.82s
2025-04-19 01:04:56,292 - INFO - P1 (Round 2) - Epoch 10/10 | Loss: 0.9693 | Acc: 0.5974 | Val Loss: 0.9691 | Val Acc: 0.5974 | Time: 11.61s
2025-04-19 01:05:07,203 - INFO - P2 (Round 2) - Epoch 1/10 | Loss: 0.6000 | Acc: 0.7208 | Val Loss: 0.5733 | Val Acc: 0.7317 | Time: 10.91s
2025-04-19 01:05:17,665 - INFO - P2 (Round 2) - Epoch 2/10 | Loss: 0.5711 | Acc: 0.7316 | Val Loss: 0.5690 | Val Acc: 0.7326 | Time: 10.46s
2025-04-19 01:05:29,568 - INFO - P2 (Round 2) - Epoch 3/10 | Loss: 0.5687 | Acc: 0.7332 | Val Loss: 0.5693 | Val Acc: 0.7338 | Time: 11.90s
2025-04-19 01:05:41,871 - INFO - P2 (Round 2) - Epoch 4/10 | Loss: 0.5665 | Acc: 0.7356 | Val Loss: 0.5647 | Val Acc: 0.7389 | Time: 12.30s
2025-04-19 01:05:53,181 - INFO - P2 (Round 2) - Epoch 5/10 | Loss: 0.5650 | Acc: 0.7375 | Val Loss: 0.5673 | Val Acc: 0.7363 | Time: 11.31s
2025-04-19 01:06:04,953 - INFO - P2 (Round 2) - Epoch 6/10 | Loss: 0.5640 | Acc: 0.7390 | Val Loss: 0.5646 | Val Acc: 0.7417 | Time: 11.77s
2025-04-19 01:06:15,988 - INFO - P2 (Round 2) - Epoch 7/10 | Loss: 0.5632 | Acc: 0.7397 | Val Loss: 0.5646 | Val Acc: 0.7386 | Time: 11.03s
2025-04-19 01:06:26,665 - INFO - P2 (Round 2) - Epoch 8/10 | Loss: 0.5627 | Acc: 0.7400 | Val Loss: 0.5627 | Val Acc: 0.7415 | Time: 10.68s
2025-04-19 01:06:37,141 - INFO - P2 (Round 2) - Epoch 9/10 | Loss: 0.5620 | Acc: 0.7407 | Val Loss: 0.5624 | Val Acc: 0.7410 | Time: 10.48s
2025-04-19 01:06:47,564 - INFO - P2 (Round 2) - Epoch 10/10 | Loss: 0.5617 | Acc: 0.7411 | Val Loss: 0.5617 | Val Acc: 0.7415 | Time: 10.42s
2025-04-19 01:06:49,805 - INFO - Round 2 completed in 222.80s
2025-04-19 01:06:49,805 - INFO - Global Model - P1 Test: Loss = 1.6850, Accuracy = 0.4073
2025-04-19 01:06:49,805 - INFO - Global Model - P2 Test: Loss = 1.5739, Accuracy = 0.3880
2025-04-19 01:07:00,643 - INFO - P1 (Round 3) - Epoch 1/10 | Loss: 0.9744 | Acc: 0.5960 | Val Loss: 0.9693 | Val Acc: 0.5974 | Time: 10.84s
2025-04-19 01:07:11,767 - INFO - P1 (Round 3) - Epoch 2/10 | Loss: 0.9695 | Acc: 0.5974 | Val Loss: 0.9694 | Val Acc: 0.5974 | Time: 11.12s
2025-04-19 01:07:23,521 - INFO - P1 (Round 3) - Epoch 3/10 | Loss: 0.9694 | Acc: 0.5974 | Val Loss: 0.9693 | Val Acc: 0.5974 | Time: 11.75s
2025-04-19 01:07:34,380 - INFO - P1 (Round 3) - Epoch 4/10 | Loss: 0.9694 | Acc: 0.5974 | Val Loss: 0.9693 | Val Acc: 0.5974 | Time: 10.86s
2025-04-19 01:07:45,164 - INFO - P1 (Round 3) - Epoch 5/10 | Loss: 0.9694 | Acc: 0.5974 | Val Loss: 0.9696 | Val Acc: 0.5974 | Time: 10.78s
2025-04-19 01:07:55,710 - INFO - P1 (Round 3) - Epoch 6/10 | Loss: 0.9693 | Acc: 0.5974 | Val Loss: 0.9691 | Val Acc: 0.5974 | Time: 10.55s
2025-04-19 01:08:06,156 - INFO - P1 (Round 3) - Epoch 7/10 | Loss: 0.9693 | Acc: 0.5974 | Val Loss: 0.9693 | Val Acc: 0.5974 | Time: 10.45s
2025-04-19 01:08:16,993 - INFO - P1 (Round 3) - Epoch 8/10 | Loss: 0.9693 | Acc: 0.5974 | Val Loss: 0.9692 | Val Acc: 0.5974 | Time: 10.84s
2025-04-19 01:08:28,374 - INFO - P1 (Round 3) - Epoch 9/10 | Loss: 0.9693 | Acc: 0.5974 | Val Loss: 0.9691 | Val Acc: 0.5974 | Time: 11.38s
2025-04-19 01:08:39,197 - INFO - P1 (Round 3) - Epoch 10/10 | Loss: 0.9693 | Acc: 0.5974 | Val Loss: 0.9691 | Val Acc: 0.5974 | Time: 10.82s
2025-04-19 01:08:49,644 - INFO - P2 (Round 3) - Epoch 1/10 | Loss: 0.5814 | Acc: 0.7319 | Val Loss: 0.5682 | Val Acc: 0.7373 | Time: 10.45s
2025-04-19 01:09:00,189 - INFO - P2 (Round 3) - Epoch 2/10 | Loss: 0.5674 | Acc: 0.7375 | Val Loss: 0.5650 | Val Acc: 0.7400 | Time: 10.54s
2025-04-19 01:09:10,714 - INFO - P2 (Round 3) - Epoch 3/10 | Loss: 0.5642 | Acc: 0.7389 | Val Loss: 0.5671 | Val Acc: 0.7369 | Time: 10.53s
2025-04-19 01:09:21,316 - INFO - P2 (Round 3) - Epoch 4/10 | Loss: 0.5630 | Acc: 0.7392 | Val Loss: 0.5630 | Val Acc: 0.7386 | Time: 10.60s
2025-04-19 01:09:31,796 - INFO - P2 (Round 3) - Epoch 5/10 | Loss: 0.5623 | Acc: 0.7396 | Val Loss: 0.5628 | Val Acc: 0.7405 | Time: 10.48s
2025-04-19 01:09:43,394 - INFO - P2 (Round 3) - Epoch 6/10 | Loss: 0.5619 | Acc: 0.7398 | Val Loss: 0.5611 | Val Acc: 0.7394 | Time: 11.60s
2025-04-19 01:09:53,782 - INFO - P2 (Round 3) - Epoch 7/10 | Loss: 0.5616 | Acc: 0.7404 | Val Loss: 0.5615 | Val Acc: 0.7421 | Time: 10.39s
2025-04-19 01:10:04,450 - INFO - P2 (Round 3) - Epoch 8/10 | Loss: 0.5614 | Acc: 0.7405 | Val Loss: 0.5623 | Val Acc: 0.7427 | Time: 10.67s
2025-04-19 01:10:14,886 - INFO - P2 (Round 3) - Epoch 9/10 | Loss: 0.5611 | Acc: 0.7407 | Val Loss: 0.5615 | Val Acc: 0.7366 | Time: 10.44s
2025-04-19 01:10:25,446 - INFO - P2 (Round 3) - Epoch 10/10 | Loss: 0.5608 | Acc: 0.7411 | Val Loss: 0.5604 | Val Acc: 0.7401 | Time: 10.56s
2025-04-19 01:10:27,795 - INFO - Round 3 completed in 217.99s
2025-04-19 01:10:27,795 - INFO - Global Model - P1 Test: Loss = 1.8570, Accuracy = 0.4073
2025-04-19 01:10:27,795 - INFO - Global Model - P2 Test: Loss = 2.4362, Accuracy = 0.2460
2025-04-19 01:10:38,279 - INFO - P1 (Round 4) - Epoch 1/10 | Loss: 0.9746 | Acc: 0.5970 | Val Loss: 0.9702 | Val Acc: 0.5974 | Time: 10.48s
2025-04-19 01:10:49,433 - INFO - P1 (Round 4) - Epoch 2/10 | Loss: 0.9696 | Acc: 0.5974 | Val Loss: 0.9691 | Val Acc: 0.5974 | Time: 11.15s
2025-04-19 01:11:00,673 - INFO - P1 (Round 4) - Epoch 3/10 | Loss: 0.9695 | Acc: 0.5974 | Val Loss: 0.9693 | Val Acc: 0.5974 | Time: 11.24s
2025-04-19 01:11:11,279 - INFO - P1 (Round 4) - Epoch 4/10 | Loss: 0.9695 | Acc: 0.5974 | Val Loss: 0.9692 | Val Acc: 0.5974 | Time: 10.61s
2025-04-19 01:11:22,313 - INFO - P1 (Round 4) - Epoch 5/10 | Loss: 0.9694 | Acc: 0.5974 | Val Loss: 0.9693 | Val Acc: 0.5974 | Time: 11.03s
2025-04-19 01:11:33,337 - INFO - P1 (Round 4) - Epoch 6/10 | Loss: 0.9694 | Acc: 0.5974 | Val Loss: 0.9711 | Val Acc: 0.5974 | Time: 11.02s
2025-04-19 01:11:43,883 - INFO - P1 (Round 4) - Epoch 7/10 | Loss: 0.9693 | Acc: 0.5974 | Val Loss: 0.9693 | Val Acc: 0.5974 | Time: 10.55s
2025-04-19 01:11:54,672 - INFO - P1 (Round 4) - Epoch 8/10 | Loss: 0.9693 | Acc: 0.5974 | Val Loss: 0.9693 | Val Acc: 0.5974 | Time: 10.79s
2025-04-19 01:12:06,597 - INFO - P1 (Round 4) - Epoch 9/10 | Loss: 0.9693 | Acc: 0.5974 | Val Loss: 0.9698 | Val Acc: 0.5974 | Time: 11.92s
2025-04-19 01:12:17,380 - INFO - P1 (Round 4) - Epoch 10/10 | Loss: 0.9693 | Acc: 0.5974 | Val Loss: 0.9692 | Val Acc: 0.5974 | Time: 10.78s
2025-04-19 01:12:27,894 - INFO - P2 (Round 4) - Epoch 1/10 | Loss: 0.5768 | Acc: 0.7354 | Val Loss: 0.5635 | Val Acc: 0.7395 | Time: 10.51s
2025-04-19 01:12:38,282 - INFO - P2 (Round 4) - Epoch 2/10 | Loss: 0.5621 | Acc: 0.7400 | Val Loss: 0.5617 | Val Acc: 0.7428 | Time: 10.39s
2025-04-19 01:12:48,757 - INFO - P2 (Round 4) - Epoch 3/10 | Loss: 0.5615 | Acc: 0.7406 | Val Loss: 0.5606 | Val Acc: 0.7417 | Time: 10.48s
2025-04-19 01:12:59,030 - INFO - P2 (Round 4) - Epoch 4/10 | Loss: 0.5611 | Acc: 0.7409 | Val Loss: 0.5656 | Val Acc: 0.7408 | Time: 10.27s
2025-04-19 01:13:09,317 - INFO - P2 (Round 4) - Epoch 5/10 | Loss: 0.5609 | Acc: 0.7410 | Val Loss: 0.5614 | Val Acc: 0.7408 | Time: 10.29s
2025-04-19 01:13:19,799 - INFO - P2 (Round 4) - Epoch 6/10 | Loss: 0.5606 | Acc: 0.7412 | Val Loss: 0.5604 | Val Acc: 0.7408 | Time: 10.48s
2025-04-19 01:13:30,568 - INFO - P2 (Round 4) - Epoch 7/10 | Loss: 0.5603 | Acc: 0.7414 | Val Loss: 0.5605 | Val Acc: 0.7414 | Time: 10.77s
2025-04-19 01:13:40,901 - INFO - P2 (Round 4) - Epoch 8/10 | Loss: 0.5599 | Acc: 0.7416 | Val Loss: 0.5598 | Val Acc: 0.7420 | Time: 10.33s
2025-04-19 01:13:51,372 - INFO - P2 (Round 4) - Epoch 9/10 | Loss: 0.5598 | Acc: 0.7413 | Val Loss: 0.5597 | Val Acc: 0.7396 | Time: 10.47s
2025-04-19 01:14:01,516 - INFO - P2 (Round 4) - Epoch 10/10 | Loss: 0.5595 | Acc: 0.7415 | Val Loss: 0.5588 | Val Acc: 0.7425 | Time: 10.14s
2025-04-19 01:14:03,849 - INFO - Round 4 completed in 216.05s
2025-04-19 01:14:03,850 - INFO - Global Model - P1 Test: Loss = 2.0193, Accuracy = 0.4073
2025-04-19 01:14:03,850 - INFO - Global Model - P2 Test: Loss = 2.2428, Accuracy = 0.2877
2025-04-19 01:14:14,610 - INFO - P1 (Round 5) - Epoch 1/10 | Loss: 0.9761 | Acc: 0.5970 | Val Loss: 0.9693 | Val Acc: 0.5974 | Time: 10.76s
2025-04-19 01:14:25,250 - INFO - P1 (Round 5) - Epoch 2/10 | Loss: 0.9694 | Acc: 0.5974 | Val Loss: 0.9692 | Val Acc: 0.5974 | Time: 10.64s
2025-04-19 01:14:36,985 - INFO - P1 (Round 5) - Epoch 3/10 | Loss: 0.9694 | Acc: 0.5974 | Val Loss: 0.9705 | Val Acc: 0.5974 | Time: 11.73s
2025-04-19 01:14:48,149 - INFO - P1 (Round 5) - Epoch 4/10 | Loss: 0.9693 | Acc: 0.5974 | Val Loss: 0.9694 | Val Acc: 0.5974 | Time: 11.16s
2025-04-19 01:14:58,909 - INFO - P1 (Round 5) - Epoch 5/10 | Loss: 0.9693 | Acc: 0.5974 | Val Loss: 0.9692 | Val Acc: 0.5974 | Time: 10.76s
2025-04-19 01:15:09,651 - INFO - P1 (Round 5) - Epoch 6/10 | Loss: 0.9693 | Acc: 0.5974 | Val Loss: 0.9691 | Val Acc: 0.5974 | Time: 10.74s
2025-04-19 01:15:20,281 - INFO - P1 (Round 5) - Epoch 7/10 | Loss: 0.9693 | Acc: 0.5974 | Val Loss: 0.9692 | Val Acc: 0.5974 | Time: 10.63s
2025-04-19 01:15:32,008 - INFO - P1 (Round 5) - Epoch 8/10 | Loss: 0.9693 | Acc: 0.5974 | Val Loss: 0.9695 | Val Acc: 0.5974 | Time: 11.73s
2025-04-19 01:15:42,864 - INFO - P1 (Round 5) - Epoch 9/10 | Loss: 0.9692 | Acc: 0.5974 | Val Loss: 0.9695 | Val Acc: 0.5974 | Time: 10.86s
2025-04-19 01:15:53,082 - INFO - P1 (Round 5) - Epoch 10/10 | Loss: 0.9692 | Acc: 0.5974 | Val Loss: 0.9691 | Val Acc: 0.5974 | Time: 10.22s
2025-04-19 01:16:03,335 - INFO - P2 (Round 5) - Epoch 1/10 | Loss: 0.5700 | Acc: 0.7384 | Val Loss: 0.5609 | Val Acc: 0.7404 | Time: 10.25s
2025-04-19 01:16:13,754 - INFO - P2 (Round 5) - Epoch 2/10 | Loss: 0.5610 | Acc: 0.7412 | Val Loss: 0.5606 | Val Acc: 0.7416 | Time: 10.42s
2025-04-19 01:16:24,323 - INFO - P2 (Round 5) - Epoch 3/10 | Loss: 0.5603 | Acc: 0.7415 | Val Loss: 0.5607 | Val Acc: 0.7384 | Time: 10.57s
2025-04-19 01:16:35,113 - INFO - P2 (Round 5) - Epoch 4/10 | Loss: 0.5601 | Acc: 0.7415 | Val Loss: 0.5595 | Val Acc: 0.7420 | Time: 10.79s
2025-04-19 01:16:46,643 - INFO - P2 (Round 5) - Epoch 5/10 | Loss: 0.5597 | Acc: 0.7418 | Val Loss: 0.5623 | Val Acc: 0.7422 | Time: 11.53s
2025-04-19 01:16:57,157 - INFO - P2 (Round 5) - Epoch 6/10 | Loss: 0.5593 | Acc: 0.7418 | Val Loss: 0.5615 | Val Acc: 0.7388 | Time: 10.51s
2025-04-19 01:17:07,472 - INFO - P2 (Round 5) - Epoch 7/10 | Loss: 0.5592 | Acc: 0.7417 | Val Loss: 0.5619 | Val Acc: 0.7378 | Time: 10.32s
2025-04-19 01:17:17,752 - INFO - P2 (Round 5) - Epoch 8/10 | Loss: 0.5583 | Acc: 0.7421 | Val Loss: 0.5568 | Val Acc: 0.7427 | Time: 10.28s
2025-04-19 01:17:28,436 - INFO - P2 (Round 5) - Epoch 9/10 | Loss: 0.5576 | Acc: 0.7423 | Val Loss: 0.5590 | Val Acc: 0.7440 | Time: 10.68s
2025-04-19 01:17:38,951 - INFO - P2 (Round 5) - Epoch 10/10 | Loss: 0.5569 | Acc: 0.7432 | Val Loss: 0.5580 | Val Acc: 0.7464 | Time: 10.52s
2025-04-19 01:17:41,157 - INFO - Round 5 completed in 217.31s
2025-04-19 01:17:41,158 - INFO - Global Model - P1 Test: Loss = 1.3874, Accuracy = 0.4073
2025-04-19 01:17:41,158 - INFO - Global Model - P2 Test: Loss = 4.9391, Accuracy = 0.2396
2025-04-19 01:17:52,619 - INFO - P1 (Round 6) - Epoch 1/10 | Loss: 0.9716 | Acc: 0.5974 | Val Loss: 0.9698 | Val Acc: 0.5974 | Time: 11.46s
2025-04-19 01:18:03,661 - INFO - P1 (Round 6) - Epoch 2/10 | Loss: 0.9693 | Acc: 0.5974 | Val Loss: 0.9715 | Val Acc: 0.5974 | Time: 11.04s
2025-04-19 01:18:14,215 - INFO - P1 (Round 6) - Epoch 3/10 | Loss: 0.9693 | Acc: 0.5974 | Val Loss: 0.9694 | Val Acc: 0.5974 | Time: 10.55s
2025-04-19 01:18:24,864 - INFO - P1 (Round 6) - Epoch 4/10 | Loss: 0.9693 | Acc: 0.5974 | Val Loss: 0.9694 | Val Acc: 0.5974 | Time: 10.65s
2025-04-19 01:18:35,520 - INFO - P1 (Round 6) - Epoch 5/10 | Loss: 0.9693 | Acc: 0.5974 | Val Loss: 0.9691 | Val Acc: 0.5974 | Time: 10.66s
2025-04-19 01:18:46,213 - INFO - P1 (Round 6) - Epoch 6/10 | Loss: 0.9693 | Acc: 0.5974 | Val Loss: 0.9692 | Val Acc: 0.5974 | Time: 10.69s
2025-04-19 01:18:56,567 - INFO - P1 (Round 6) - Epoch 7/10 | Loss: 0.9693 | Acc: 0.5974 | Val Loss: 0.9693 | Val Acc: 0.5974 | Time: 10.35s
2025-04-19 01:19:08,424 - INFO - P1 (Round 6) - Epoch 8/10 | Loss: 0.9692 | Acc: 0.5974 | Val Loss: 0.9691 | Val Acc: 0.5974 | Time: 11.86s
2025-04-19 01:19:19,033 - INFO - P1 (Round 6) - Epoch 9/10 | Loss: 0.9692 | Acc: 0.5974 | Val Loss: 0.9692 | Val Acc: 0.5974 | Time: 10.61s
2025-04-19 01:19:29,913 - INFO - P1 (Round 6) - Epoch 10/10 | Loss: 0.9692 | Acc: 0.5974 | Val Loss: 0.9693 | Val Acc: 0.5974 | Time: 10.88s
2025-04-19 01:19:40,642 - INFO - P2 (Round 6) - Epoch 1/10 | Loss: 0.6031 | Acc: 0.7296 | Val Loss: 0.5632 | Val Acc: 0.7407 | Time: 10.73s
2025-04-19 01:19:50,889 - INFO - P2 (Round 6) - Epoch 2/10 | Loss: 0.5618 | Acc: 0.7398 | Val Loss: 0.5641 | Val Acc: 0.7377 | Time: 10.25s
2025-04-19 01:20:01,387 - INFO - P2 (Round 6) - Epoch 3/10 | Loss: 0.5608 | Acc: 0.7409 | Val Loss: 0.5606 | Val Acc: 0.7416 | Time: 10.50s
2025-04-19 01:20:12,709 - INFO - P2 (Round 6) - Epoch 4/10 | Loss: 0.5601 | Acc: 0.7413 | Val Loss: 0.5601 | Val Acc: 0.7412 | Time: 11.32s
2025-04-19 01:20:24,063 - INFO - P2 (Round 6) - Epoch 5/10 | Loss: 0.5596 | Acc: 0.7418 | Val Loss: 0.5589 | Val Acc: 0.7452 | Time: 11.35s
2025-04-19 01:20:35,448 - INFO - P2 (Round 6) - Epoch 6/10 | Loss: 0.5589 | Acc: 0.7427 | Val Loss: 0.5590 | Val Acc: 0.7432 | Time: 11.38s
2025-04-19 01:20:45,700 - INFO - P2 (Round 6) - Epoch 7/10 | Loss: 0.5584 | Acc: 0.7428 | Val Loss: 0.5586 | Val Acc: 0.7408 | Time: 10.25s
2025-04-19 01:20:56,161 - INFO - P2 (Round 6) - Epoch 8/10 | Loss: 0.5580 | Acc: 0.7432 | Val Loss: 0.5581 | Val Acc: 0.7451 | Time: 10.46s
2025-04-19 01:21:06,659 - INFO - P2 (Round 6) - Epoch 9/10 | Loss: 0.5574 | Acc: 0.7434 | Val Loss: 0.5569 | Val Acc: 0.7423 | Time: 10.50s
2025-04-19 01:21:16,982 - INFO - P2 (Round 6) - Epoch 10/10 | Loss: 0.5569 | Acc: 0.7441 | Val Loss: 0.5570 | Val Acc: 0.7428 | Time: 10.32s
2025-04-19 01:21:19,249 - INFO - Round 6 completed in 218.09s
2025-04-19 01:21:19,249 - INFO - Global Model - P1 Test: Loss = 1.6059, Accuracy = 0.5974
2025-04-19 01:21:19,249 - INFO - Global Model - P2 Test: Loss = 4.4609, Accuracy = 0.1834
2025-04-19 01:21:31,291 - INFO - P1 (Round 7) - Epoch 1/10 | Loss: 0.9748 | Acc: 0.5974 | Val Loss: 0.9692 | Val Acc: 0.5974 | Time: 12.04s
2025-04-19 01:21:42,100 - INFO - P1 (Round 7) - Epoch 2/10 | Loss: 0.9696 | Acc: 0.5974 | Val Loss: 0.9694 | Val Acc: 0.5974 | Time: 10.81s
2025-04-19 01:21:52,928 - INFO - P1 (Round 7) - Epoch 3/10 | Loss: 0.9695 | Acc: 0.5974 | Val Loss: 0.9693 | Val Acc: 0.5974 | Time: 10.83s
2025-04-19 01:22:03,642 - INFO - P1 (Round 7) - Epoch 4/10 | Loss: 0.9695 | Acc: 0.5974 | Val Loss: 0.9695 | Val Acc: 0.5974 | Time: 10.71s
2025-04-19 01:22:14,456 - INFO - P1 (Round 7) - Epoch 5/10 | Loss: 0.9695 | Acc: 0.5974 | Val Loss: 0.9695 | Val Acc: 0.5974 | Time: 10.81s
2025-04-19 01:22:24,963 - INFO - P1 (Round 7) - Epoch 6/10 | Loss: 0.9695 | Acc: 0.5974 | Val Loss: 0.9692 | Val Acc: 0.5974 | Time: 10.51s
2025-04-19 01:22:36,286 - INFO - P1 (Round 7) - Epoch 7/10 | Loss: 0.9694 | Acc: 0.5974 | Val Loss: 0.9694 | Val Acc: 0.5974 | Time: 11.32s
2025-04-19 01:22:47,634 - INFO - P1 (Round 7) - Epoch 8/10 | Loss: 0.9694 | Acc: 0.5974 | Val Loss: 0.9699 | Val Acc: 0.5974 | Time: 11.35s
2025-04-19 01:22:58,444 - INFO - P1 (Round 7) - Epoch 9/10 | Loss: 0.9694 | Acc: 0.5974 | Val Loss: 0.9694 | Val Acc: 0.5974 | Time: 10.81s
2025-04-19 01:23:08,912 - INFO - P1 (Round 7) - Epoch 10/10 | Loss: 0.9693 | Acc: 0.5974 | Val Loss: 0.9693 | Val Acc: 0.5974 | Time: 10.47s
2025-04-19 01:23:19,189 - INFO - P2 (Round 7) - Epoch 1/10 | Loss: 0.5873 | Acc: 0.7331 | Val Loss: 0.5605 | Val Acc: 0.7418 | Time: 10.28s
2025-04-19 01:23:29,791 - INFO - P2 (Round 7) - Epoch 2/10 | Loss: 0.5599 | Acc: 0.7410 | Val Loss: 0.5639 | Val Acc: 0.7378 | Time: 10.60s
2025-04-19 01:23:40,436 - INFO - P2 (Round 7) - Epoch 3/10 | Loss: 0.5591 | Acc: 0.7415 | Val Loss: 0.5607 | Val Acc: 0.7402 | Time: 10.64s
2025-04-19 01:23:52,023 - INFO - P2 (Round 7) - Epoch 4/10 | Loss: 0.5586 | Acc: 0.7419 | Val Loss: 0.5588 | Val Acc: 0.7453 | Time: 11.59s
2025-04-19 01:24:02,765 - INFO - P2 (Round 7) - Epoch 5/10 | Loss: 0.5581 | Acc: 0.7427 | Val Loss: 0.5583 | Val Acc: 0.7431 | Time: 10.74s
2025-04-19 01:24:13,236 - INFO - P2 (Round 7) - Epoch 6/10 | Loss: 0.5576 | Acc: 0.7430 | Val Loss: 0.5597 | Val Acc: 0.7383 | Time: 10.47s
2025-04-19 01:24:23,363 - INFO - P2 (Round 7) - Epoch 7/10 | Loss: 0.5570 | Acc: 0.7435 | Val Loss: 0.5596 | Val Acc: 0.7416 | Time: 10.13s
2025-04-19 01:24:33,583 - INFO - P2 (Round 7) - Epoch 8/10 | Loss: 0.5565 | Acc: 0.7439 | Val Loss: 0.5577 | Val Acc: 0.7443 | Time: 10.22s
2025-04-19 01:24:44,065 - INFO - P2 (Round 7) - Epoch 9/10 | Loss: 0.5560 | Acc: 0.7441 | Val Loss: 0.5580 | Val Acc: 0.7446 | Time: 10.48s
2025-04-19 01:24:54,887 - INFO - P2 (Round 7) - Epoch 10/10 | Loss: 0.5555 | Acc: 0.7443 | Val Loss: 0.5559 | Val Acc: 0.7443 | Time: 10.82s
2025-04-19 01:24:57,392 - INFO - Round 7 completed in 218.14s
2025-04-19 01:24:57,392 - INFO - Global Model - P1 Test: Loss = 1.4863, Accuracy = 0.5974
2025-04-19 01:24:57,392 - INFO - Global Model - P2 Test: Loss = 5.6092, Accuracy = 0.1877
2025-04-19 01:25:08,678 - INFO - P1 (Round 8) - Epoch 1/10 | Loss: 0.9722 | Acc: 0.5974 | Val Loss: 0.9692 | Val Acc: 0.5974 | Time: 11.29s
2025-04-19 01:25:19,404 - INFO - P1 (Round 8) - Epoch 2/10 | Loss: 0.9696 | Acc: 0.5974 | Val Loss: 0.9700 | Val Acc: 0.5974 | Time: 10.73s
2025-04-19 01:25:30,140 - INFO - P1 (Round 8) - Epoch 3/10 | Loss: 0.9696 | Acc: 0.5974 | Val Loss: 0.9695 | Val Acc: 0.5974 | Time: 10.74s
2025-04-19 01:25:41,706 - INFO - P1 (Round 8) - Epoch 4/10 | Loss: 0.9695 | Acc: 0.5974 | Val Loss: 0.9694 | Val Acc: 0.5974 | Time: 11.57s
2025-04-19 01:25:52,368 - INFO - P1 (Round 8) - Epoch 5/10 | Loss: 0.9695 | Acc: 0.5974 | Val Loss: 0.9691 | Val Acc: 0.5974 | Time: 10.66s
2025-04-19 01:26:03,176 - INFO - P1 (Round 8) - Epoch 6/10 | Loss: 0.9695 | Acc: 0.5974 | Val Loss: 0.9695 | Val Acc: 0.5974 | Time: 10.81s
2025-04-19 01:26:15,019 - INFO - P1 (Round 8) - Epoch 7/10 | Loss: 0.9694 | Acc: 0.5974 | Val Loss: 0.9696 | Val Acc: 0.5974 | Time: 11.84s
2025-04-19 01:26:25,692 - INFO - P1 (Round 8) - Epoch 8/10 | Loss: 0.9695 | Acc: 0.5974 | Val Loss: 0.9693 | Val Acc: 0.5974 | Time: 10.67s
2025-04-19 01:26:36,456 - INFO - P1 (Round 8) - Epoch 9/10 | Loss: 0.9694 | Acc: 0.5974 | Val Loss: 0.9696 | Val Acc: 0.5974 | Time: 10.76s
2025-04-19 01:26:46,963 - INFO - P1 (Round 8) - Epoch 10/10 | Loss: 0.9694 | Acc: 0.5974 | Val Loss: 0.9696 | Val Acc: 0.5974 | Time: 10.51s
2025-04-19 01:26:57,595 - INFO - P2 (Round 8) - Epoch 1/10 | Loss: 0.6006 | Acc: 0.7339 | Val Loss: 0.5592 | Val Acc: 0.7417 | Time: 10.63s
2025-04-19 01:27:07,990 - INFO - P2 (Round 8) - Epoch 2/10 | Loss: 0.5584 | Acc: 0.7417 | Val Loss: 0.5582 | Val Acc: 0.7407 | Time: 10.39s
2025-04-19 01:27:18,853 - INFO - P2 (Round 8) - Epoch 3/10 | Loss: 0.5577 | Acc: 0.7422 | Val Loss: 0.5581 | Val Acc: 0.7415 | Time: 10.86s
2025-04-19 01:27:30,366 - INFO - P2 (Round 8) - Epoch 4/10 | Loss: 0.5571 | Acc: 0.7427 | Val Loss: 0.5561 | Val Acc: 0.7462 | Time: 11.51s
2025-04-19 01:27:40,856 - INFO - P2 (Round 8) - Epoch 5/10 | Loss: 0.5566 | Acc: 0.7432 | Val Loss: 0.5578 | Val Acc: 0.7467 | Time: 10.49s
2025-04-19 01:27:50,999 - INFO - P2 (Round 8) - Epoch 6/10 | Loss: 0.5564 | Acc: 0.7434 | Val Loss: 0.5586 | Val Acc: 0.7434 | Time: 10.14s
2025-04-19 01:28:01,299 - INFO - P2 (Round 8) - Epoch 7/10 | Loss: 0.5558 | Acc: 0.7438 | Val Loss: 0.5575 | Val Acc: 0.7441 | Time: 10.30s
2025-04-19 01:28:11,986 - INFO - P2 (Round 8) - Epoch 8/10 | Loss: 0.5554 | Acc: 0.7441 | Val Loss: 0.5623 | Val Acc: 0.7400 | Time: 10.69s
2025-04-19 01:28:22,561 - INFO - P2 (Round 8) - Epoch 9/10 | Loss: 0.5547 | Acc: 0.7446 | Val Loss: 0.5568 | Val Acc: 0.7480 | Time: 10.57s
2025-04-19 01:28:33,752 - INFO - P2 (Round 8) - Epoch 10/10 | Loss: 0.5543 | Acc: 0.7450 | Val Loss: 0.5544 | Val Acc: 0.7436 | Time: 11.19s
2025-04-19 01:28:36,204 - INFO - Round 8 completed in 218.81s
2025-04-19 01:28:36,204 - INFO - Global Model - P1 Test: Loss = 1.2152, Accuracy = 0.5974
2025-04-19 01:28:36,204 - INFO - Global Model - P2 Test: Loss = 6.7655, Accuracy = 0.1782
2025-04-19 01:28:47,064 - INFO - P1 (Round 9) - Epoch 1/10 | Loss: 0.9706 | Acc: 0.5974 | Val Loss: 0.9694 | Val Acc: 0.5974 | Time: 10.86s
2025-04-19 01:28:57,644 - INFO - P1 (Round 9) - Epoch 2/10 | Loss: 0.9695 | Acc: 0.5974 | Val Loss: 0.9692 | Val Acc: 0.5974 | Time: 10.58s
2025-04-19 01:29:08,205 - INFO - P1 (Round 9) - Epoch 3/10 | Loss: 0.9694 | Acc: 0.5974 | Val Loss: 0.9692 | Val Acc: 0.5974 | Time: 10.56s
2025-04-19 01:29:18,896 - INFO - P1 (Round 9) - Epoch 4/10 | Loss: 0.9694 | Acc: 0.5974 | Val Loss: 0.9694 | Val Acc: 0.5974 | Time: 10.69s
2025-04-19 01:29:29,551 - INFO - P1 (Round 9) - Epoch 5/10 | Loss: 0.9694 | Acc: 0.5974 | Val Loss: 0.9691 | Val Acc: 0.5974 | Time: 10.65s
2025-04-19 01:29:40,473 - INFO - P1 (Round 9) - Epoch 6/10 | Loss: 0.9693 | Acc: 0.5974 | Val Loss: 0.9698 | Val Acc: 0.5974 | Time: 10.92s
2025-04-19 01:29:52,019 - INFO - P1 (Round 9) - Epoch 7/10 | Loss: 0.9694 | Acc: 0.5974 | Val Loss: 0.9693 | Val Acc: 0.5974 | Time: 11.55s
2025-04-19 01:30:02,970 - INFO - P1 (Round 9) - Epoch 8/10 | Loss: 0.9693 | Acc: 0.5974 | Val Loss: 0.9693 | Val Acc: 0.5974 | Time: 10.95s
2025-04-19 01:30:13,889 - INFO - P1 (Round 9) - Epoch 9/10 | Loss: 0.9693 | Acc: 0.5974 | Val Loss: 0.9692 | Val Acc: 0.5974 | Time: 10.92s
2025-04-19 01:30:24,691 - INFO - P1 (Round 9) - Epoch 10/10 | Loss: 0.9693 | Acc: 0.5974 | Val Loss: 0.9692 | Val Acc: 0.5974 | Time: 10.80s
2025-04-19 01:30:35,422 - INFO - P2 (Round 9) - Epoch 1/10 | Loss: 0.6214 | Acc: 0.7325 | Val Loss: 0.5603 | Val Acc: 0.7418 | Time: 10.73s
2025-04-19 01:30:45,787 - INFO - P2 (Round 9) - Epoch 2/10 | Loss: 0.5598 | Acc: 0.7404 | Val Loss: 0.5596 | Val Acc: 0.7415 | Time: 10.36s
2025-04-19 01:30:56,932 - INFO - P2 (Round 9) - Epoch 3/10 | Loss: 0.5587 | Acc: 0.7409 | Val Loss: 0.5586 | Val Acc: 0.7406 | Time: 11.15s
2025-04-19 01:31:07,719 - INFO - P2 (Round 9) - Epoch 4/10 | Loss: 0.5574 | Acc: 0.7416 | Val Loss: 0.5581 | Val Acc: 0.7415 | Time: 10.79s
2025-04-19 01:31:18,206 - INFO - P2 (Round 9) - Epoch 5/10 | Loss: 0.5564 | Acc: 0.7422 | Val Loss: 0.5560 | Val Acc: 0.7423 | Time: 10.49s
2025-04-19 01:31:28,785 - INFO - P2 (Round 9) - Epoch 6/10 | Loss: 0.5560 | Acc: 0.7428 | Val Loss: 0.5604 | Val Acc: 0.7411 | Time: 10.58s
2025-04-19 01:31:39,270 - INFO - P2 (Round 9) - Epoch 7/10 | Loss: 0.5551 | Acc: 0.7437 | Val Loss: 0.5565 | Val Acc: 0.7460 | Time: 10.49s
2025-04-19 01:31:50,065 - INFO - P2 (Round 9) - Epoch 8/10 | Loss: 0.5538 | Acc: 0.7447 | Val Loss: 0.5540 | Val Acc: 0.7449 | Time: 10.79s
2025-04-19 01:32:01,049 - INFO - P2 (Round 9) - Epoch 9/10 | Loss: 0.5533 | Acc: 0.7453 | Val Loss: 0.5537 | Val Acc: 0.7416 | Time: 10.98s
2025-04-19 01:32:12,824 - INFO - P2 (Round 9) - Epoch 10/10 | Loss: 0.5528 | Acc: 0.7456 | Val Loss: 0.5539 | Val Acc: 0.7465 | Time: 11.78s
2025-04-19 01:32:15,141 - INFO - Round 9 completed in 218.94s
2025-04-19 01:32:15,141 - INFO - Global Model - P1 Test: Loss = 2.8664, Accuracy = 0.5974
2025-04-19 01:32:15,141 - INFO - Global Model - P2 Test: Loss = 6.8679, Accuracy = 0.2028
2025-04-19 01:32:25,821 - INFO - P1 (Round 10) - Epoch 1/10 | Loss: 0.9763 | Acc: 0.5971 | Val Loss: 0.9694 | Val Acc: 0.5974 | Time: 10.68s
2025-04-19 01:32:36,307 - INFO - P1 (Round 10) - Epoch 2/10 | Loss: 0.9699 | Acc: 0.5974 | Val Loss: 0.9704 | Val Acc: 0.5974 | Time: 10.49s
2025-04-19 01:32:47,234 - INFO - P1 (Round 10) - Epoch 3/10 | Loss: 0.9698 | Acc: 0.5974 | Val Loss: 0.9711 | Val Acc: 0.5974 | Time: 10.93s
2025-04-19 01:32:57,767 - INFO - P1 (Round 10) - Epoch 4/10 | Loss: 0.9697 | Acc: 0.5974 | Val Loss: 0.9700 | Val Acc: 0.5974 | Time: 10.53s
2025-04-19 01:33:08,507 - INFO - P1 (Round 10) - Epoch 5/10 | Loss: 0.9696 | Acc: 0.5974 | Val Loss: 0.9693 | Val Acc: 0.5974 | Time: 10.74s
2025-04-19 01:33:19,798 - INFO - P1 (Round 10) - Epoch 6/10 | Loss: 0.9696 | Acc: 0.5974 | Val Loss: 0.9695 | Val Acc: 0.5974 | Time: 11.29s
2025-04-19 01:33:30,857 - INFO - P1 (Round 10) - Epoch 7/10 | Loss: 0.9696 | Acc: 0.5974 | Val Loss: 0.9708 | Val Acc: 0.5974 | Time: 11.06s
2025-04-19 01:33:41,701 - INFO - P1 (Round 10) - Epoch 8/10 | Loss: 0.9696 | Acc: 0.5974 | Val Loss: 0.9693 | Val Acc: 0.5974 | Time: 10.84s
2025-04-19 01:33:52,258 - INFO - P1 (Round 10) - Epoch 9/10 | Loss: 0.9696 | Acc: 0.5974 | Val Loss: 0.9700 | Val Acc: 0.5974 | Time: 10.56s
2025-04-19 01:34:03,048 - INFO - P1 (Round 10) - Epoch 10/10 | Loss: 0.9695 | Acc: 0.5974 | Val Loss: 0.9692 | Val Acc: 0.5974 | Time: 10.79s
2025-04-19 01:34:13,269 - INFO - P2 (Round 10) - Epoch 1/10 | Loss: 0.6337 | Acc: 0.7358 | Val Loss: 0.5632 | Val Acc: 0.7407 | Time: 10.22s
2025-04-19 01:34:23,659 - INFO - P2 (Round 10) - Epoch 2/10 | Loss: 0.5561 | Acc: 0.7430 | Val Loss: 0.5569 | Val Acc: 0.7459 | Time: 10.39s
2025-04-19 01:34:35,225 - INFO - P2 (Round 10) - Epoch 3/10 | Loss: 0.5549 | Acc: 0.7441 | Val Loss: 0.5542 | Val Acc: 0.7461 | Time: 11.56s
2025-04-19 01:34:45,448 - INFO - P2 (Round 10) - Epoch 4/10 | Loss: 0.5535 | Acc: 0.7454 | Val Loss: 0.5538 | Val Acc: 0.7472 | Time: 10.22s
2025-04-19 01:34:55,860 - INFO - P2 (Round 10) - Epoch 5/10 | Loss: 0.5528 | Acc: 0.7460 | Val Loss: 0.5543 | Val Acc: 0.7466 | Time: 10.41s
2025-04-19 01:35:06,145 - INFO - P2 (Round 10) - Epoch 6/10 | Loss: 0.5524 | Acc: 0.7463 | Val Loss: 0.5512 | Val Acc: 0.7456 | Time: 10.28s
2025-04-19 01:35:16,695 - INFO - P2 (Round 10) - Epoch 7/10 | Loss: 0.5517 | Acc: 0.7466 | Val Loss: 0.5515 | Val Acc: 0.7477 | Time: 10.55s
2025-04-19 01:35:27,103 - INFO - P2 (Round 10) - Epoch 8/10 | Loss: 0.5512 | Acc: 0.7471 | Val Loss: 0.5525 | Val Acc: 0.7465 | Time: 10.41s
2025-04-19 01:35:37,897 - INFO - P2 (Round 10) - Epoch 9/10 | Loss: 0.5509 | Acc: 0.7471 | Val Loss: 0.5514 | Val Acc: 0.7503 | Time: 10.79s
2025-04-19 01:35:49,060 - INFO - P2 (Round 10) - Epoch 10/10 | Loss: 0.5505 | Acc: 0.7476 | Val Loss: 0.5541 | Val Acc: 0.7487 | Time: 11.16s
2025-04-19 01:35:51,318 - INFO - Round 10 completed in 216.18s
2025-04-19 01:35:51,318 - INFO - Global Model - P1 Test: Loss = 3.2038, Accuracy = 0.5974
2025-04-19 01:35:51,318 - INFO - Global Model - P2 Test: Loss = 5.7336, Accuracy = 0.2042
2025-04-19 01:35:53,503 - INFO - Final Results after 10 rounds:
2025-04-19 01:35:53,503 - INFO - Global Model - P1 Test: Loss = 3.2038, Accuracy = 0.5974
2025-04-19 01:35:53,503 - INFO - Global Model - P2 Test: Loss = 5.7336, Accuracy = 0.2042
2025-04-19 01:35:53,511 - INFO - Experiment 194 results saved to results/suppression_experiments/exp_194_p1f1_p2f3.json
