2025-04-18 19:52:00,230 - INFO - Starting Suppression Experiment 116
2025-04-18 19:52:00,230 - INFO - P1 Features (6/14): ['protocol', 'bidirectional_min_ps', 'bidirectional_mean_ps', 'bidirectional_stddev_ps', 'bidirectional_max_ps', 'src2dst_stddev_ps']
2025-04-18 19:52:00,230 - INFO - P2 Features (11/14): ['protocol', 'bidirectional_min_ps', 'bidirectional_mean_ps', 'bidirectional_stddev_ps', 'bidirectional_max_ps', 'src2dst_stddev_ps', 'src2dst_max_ps', 'dst2src_min_ps', 'dst2src_mean_ps', 'dst2src_stddev_ps', 'dst2src_max_ps']
2025-04-18 19:52:10,538 - INFO - P1 (Round 1) - Epoch 1/10 | Loss: 0.1752 | Acc: 0.9488 | Val Loss: 0.0585 | Val Acc: 0.9824 | Time: 10.20s
2025-04-18 19:52:20,601 - INFO - P1 (Round 1) - Epoch 2/10 | Loss: 0.0468 | Acc: 0.9864 | Val Loss: 0.0416 | Val Acc: 0.9886 | Time: 10.06s
2025-04-18 19:52:32,159 - INFO - P1 (Round 1) - Epoch 3/10 | Loss: 0.0380 | Acc: 0.9892 | Val Loss: 0.0360 | Val Acc: 0.9894 | Time: 11.56s
2025-04-18 19:52:42,074 - INFO - P1 (Round 1) - Epoch 4/10 | Loss: 0.0344 | Acc: 0.9903 | Val Loss: 0.0333 | Val Acc: 0.9907 | Time: 9.92s
2025-04-18 19:52:52,112 - INFO - P1 (Round 1) - Epoch 5/10 | Loss: 0.0323 | Acc: 0.9910 | Val Loss: 0.0315 | Val Acc: 0.9917 | Time: 10.04s
2025-04-18 19:53:02,332 - INFO - P1 (Round 1) - Epoch 6/10 | Loss: 0.0307 | Acc: 0.9914 | Val Loss: 0.0303 | Val Acc: 0.9916 | Time: 10.22s
2025-04-18 19:53:12,441 - INFO - P1 (Round 1) - Epoch 7/10 | Loss: 0.0296 | Acc: 0.9917 | Val Loss: 0.0298 | Val Acc: 0.9914 | Time: 10.11s
2025-04-18 19:53:22,700 - INFO - P1 (Round 1) - Epoch 8/10 | Loss: 0.0286 | Acc: 0.9919 | Val Loss: 0.0289 | Val Acc: 0.9914 | Time: 10.26s
2025-04-18 19:53:33,394 - INFO - P1 (Round 1) - Epoch 9/10 | Loss: 0.0280 | Acc: 0.9920 | Val Loss: 0.0281 | Val Acc: 0.9916 | Time: 10.69s
2025-04-18 19:53:44,774 - INFO - P1 (Round 1) - Epoch 10/10 | Loss: 0.0274 | Acc: 0.9922 | Val Loss: 0.0275 | Val Acc: 0.9922 | Time: 11.38s
2025-04-18 19:53:54,215 - INFO - P2 (Round 1) - Epoch 1/10 | Loss: 0.3237 | Acc: 0.8651 | Val Loss: 0.1724 | Val Acc: 0.9380 | Time: 9.44s
2025-04-18 19:54:04,033 - INFO - P2 (Round 1) - Epoch 2/10 | Loss: 0.1319 | Acc: 0.9550 | Val Loss: 0.1122 | Val Acc: 0.9600 | Time: 9.82s
2025-04-18 19:54:13,750 - INFO - P2 (Round 1) - Epoch 3/10 | Loss: 0.1075 | Acc: 0.9620 | Val Loss: 0.1014 | Val Acc: 0.9634 | Time: 9.72s
2025-04-18 19:54:23,547 - INFO - P2 (Round 1) - Epoch 4/10 | Loss: 0.1002 | Acc: 0.9642 | Val Loss: 0.0997 | Val Acc: 0.9623 | Time: 9.80s
2025-04-18 19:54:33,634 - INFO - P2 (Round 1) - Epoch 5/10 | Loss: 0.0956 | Acc: 0.9659 | Val Loss: 0.0920 | Val Acc: 0.9683 | Time: 10.09s
2025-04-18 19:54:44,121 - INFO - P2 (Round 1) - Epoch 6/10 | Loss: 0.0916 | Acc: 0.9678 | Val Loss: 0.0875 | Val Acc: 0.9702 | Time: 10.49s
2025-04-18 19:54:55,105 - INFO - P2 (Round 1) - Epoch 7/10 | Loss: 0.0882 | Acc: 0.9692 | Val Loss: 0.0900 | Val Acc: 0.9705 | Time: 10.98s
2025-04-18 19:55:04,833 - INFO - P2 (Round 1) - Epoch 8/10 | Loss: 0.0855 | Acc: 0.9701 | Val Loss: 0.0850 | Val Acc: 0.9712 | Time: 9.73s
2025-04-18 19:55:14,609 - INFO - P2 (Round 1) - Epoch 9/10 | Loss: 0.0830 | Acc: 0.9709 | Val Loss: 0.0810 | Val Acc: 0.9714 | Time: 9.78s
2025-04-18 19:55:24,494 - INFO - P2 (Round 1) - Epoch 10/10 | Loss: 0.0812 | Acc: 0.9715 | Val Loss: 0.0808 | Val Acc: 0.9724 | Time: 9.88s
2025-04-18 19:55:26,686 - INFO - Round 1 completed in 206.35s
2025-04-18 19:55:26,686 - INFO - Global Model - P1 Test: Loss = 7.4420, Accuracy = 0.2160
2025-04-18 19:55:26,686 - INFO - Global Model - P2 Test: Loss = 4.1129, Accuracy = 0.2643
2025-04-18 19:55:36,650 - INFO - P1 (Round 2) - Epoch 1/10 | Loss: 0.1386 | Acc: 0.9671 | Val Loss: 0.0433 | Val Acc: 0.9871 | Time: 9.96s
2025-04-18 19:55:46,632 - INFO - P1 (Round 2) - Epoch 2/10 | Loss: 0.0370 | Acc: 0.9891 | Val Loss: 0.0327 | Val Acc: 0.9906 | Time: 9.98s
2025-04-18 19:55:57,288 - INFO - P1 (Round 2) - Epoch 3/10 | Loss: 0.0313 | Acc: 0.9911 | Val Loss: 0.0300 | Val Acc: 0.9916 | Time: 10.66s
2025-04-18 19:56:08,266 - INFO - P1 (Round 2) - Epoch 4/10 | Loss: 0.0291 | Acc: 0.9920 | Val Loss: 0.0288 | Val Acc: 0.9922 | Time: 10.98s
2025-04-18 19:56:18,337 - INFO - P1 (Round 2) - Epoch 5/10 | Loss: 0.0277 | Acc: 0.9924 | Val Loss: 0.0270 | Val Acc: 0.9925 | Time: 10.07s
2025-04-18 19:56:28,494 - INFO - P1 (Round 2) - Epoch 6/10 | Loss: 0.0267 | Acc: 0.9927 | Val Loss: 0.0267 | Val Acc: 0.9931 | Time: 10.16s
2025-04-18 19:56:39,017 - INFO - P1 (Round 2) - Epoch 7/10 | Loss: 0.0260 | Acc: 0.9931 | Val Loss: 0.0252 | Val Acc: 0.9934 | Time: 10.52s
2025-04-18 19:56:54,669 - INFO - P1 (Round 2) - Epoch 8/10 | Loss: 0.0253 | Acc: 0.9931 | Val Loss: 0.0255 | Val Acc: 0.9932 | Time: 15.65s
2025-04-18 19:57:08,653 - INFO - P1 (Round 2) - Epoch 9/10 | Loss: 0.0245 | Acc: 0.9933 | Val Loss: 0.0246 | Val Acc: 0.9934 | Time: 13.98s
2025-04-18 19:57:22,038 - INFO - P1 (Round 2) - Epoch 10/10 | Loss: 0.0240 | Acc: 0.9934 | Val Loss: 0.0239 | Val Acc: 0.9938 | Time: 13.38s
2025-04-18 19:57:33,662 - INFO - P2 (Round 2) - Epoch 1/10 | Loss: 0.2264 | Acc: 0.9167 | Val Loss: 0.1146 | Val Acc: 0.9578 | Time: 11.62s
2025-04-18 19:57:43,395 - INFO - P2 (Round 2) - Epoch 2/10 | Loss: 0.0999 | Acc: 0.9646 | Val Loss: 0.0896 | Val Acc: 0.9684 | Time: 9.73s
2025-04-18 19:57:53,013 - INFO - P2 (Round 2) - Epoch 3/10 | Loss: 0.0873 | Acc: 0.9689 | Val Loss: 0.0825 | Val Acc: 0.9709 | Time: 9.62s
2025-04-18 19:58:02,839 - INFO - P2 (Round 2) - Epoch 4/10 | Loss: 0.0818 | Acc: 0.9708 | Val Loss: 0.0781 | Val Acc: 0.9712 | Time: 9.83s
2025-04-18 19:58:12,662 - INFO - P2 (Round 2) - Epoch 5/10 | Loss: 0.0785 | Acc: 0.9719 | Val Loss: 0.0776 | Val Acc: 0.9742 | Time: 9.82s
2025-04-18 19:58:24,157 - INFO - P2 (Round 2) - Epoch 6/10 | Loss: 0.0766 | Acc: 0.9725 | Val Loss: 0.0748 | Val Acc: 0.9720 | Time: 11.49s
2025-04-18 19:58:34,122 - INFO - P2 (Round 2) - Epoch 7/10 | Loss: 0.0750 | Acc: 0.9731 | Val Loss: 0.0742 | Val Acc: 0.9749 | Time: 9.97s
2025-04-18 19:58:44,225 - INFO - P2 (Round 2) - Epoch 8/10 | Loss: 0.0737 | Acc: 0.9734 | Val Loss: 0.0746 | Val Acc: 0.9709 | Time: 10.10s
2025-04-18 19:58:54,083 - INFO - P2 (Round 2) - Epoch 9/10 | Loss: 0.0727 | Acc: 0.9738 | Val Loss: 0.0712 | Val Acc: 0.9746 | Time: 9.86s
2025-04-18 19:59:03,636 - INFO - P2 (Round 2) - Epoch 10/10 | Loss: 0.0712 | Acc: 0.9743 | Val Loss: 0.0679 | Val Acc: 0.9756 | Time: 9.55s
2025-04-18 19:59:06,068 - INFO - Round 2 completed in 219.38s
2025-04-18 19:59:06,068 - INFO - Global Model - P1 Test: Loss = 2.6215, Accuracy = 0.6778
2025-04-18 19:59:06,068 - INFO - Global Model - P2 Test: Loss = 6.5017, Accuracy = 0.3575
2025-04-18 19:59:16,129 - INFO - P1 (Round 3) - Epoch 1/10 | Loss: 0.0803 | Acc: 0.9813 | Val Loss: 0.0364 | Val Acc: 0.9894 | Time: 10.06s
2025-04-18 19:59:26,458 - INFO - P1 (Round 3) - Epoch 2/10 | Loss: 0.0341 | Acc: 0.9902 | Val Loss: 0.0323 | Val Acc: 0.9908 | Time: 10.33s
2025-04-18 19:59:38,254 - INFO - P1 (Round 3) - Epoch 3/10 | Loss: 0.0313 | Acc: 0.9914 | Val Loss: 0.0307 | Val Acc: 0.9916 | Time: 11.80s
2025-04-18 19:59:48,256 - INFO - P1 (Round 3) - Epoch 4/10 | Loss: 0.0299 | Acc: 0.9919 | Val Loss: 0.0299 | Val Acc: 0.9923 | Time: 10.00s
2025-04-18 19:59:58,198 - INFO - P1 (Round 3) - Epoch 5/10 | Loss: 0.0289 | Acc: 0.9923 | Val Loss: 0.0294 | Val Acc: 0.9918 | Time: 9.94s
2025-04-18 20:00:07,998 - INFO - P1 (Round 3) - Epoch 6/10 | Loss: 0.0281 | Acc: 0.9925 | Val Loss: 0.0275 | Val Acc: 0.9927 | Time: 9.80s
2025-04-18 20:00:18,201 - INFO - P1 (Round 3) - Epoch 7/10 | Loss: 0.0268 | Acc: 0.9928 | Val Loss: 0.0272 | Val Acc: 0.9925 | Time: 10.20s
2025-04-18 20:00:28,067 - INFO - P1 (Round 3) - Epoch 8/10 | Loss: 0.0257 | Acc: 0.9931 | Val Loss: 0.0253 | Val Acc: 0.9934 | Time: 9.87s
2025-04-18 20:00:38,992 - INFO - P1 (Round 3) - Epoch 9/10 | Loss: 0.0249 | Acc: 0.9933 | Val Loss: 0.0246 | Val Acc: 0.9933 | Time: 10.93s
2025-04-18 20:00:52,057 - INFO - P1 (Round 3) - Epoch 10/10 | Loss: 0.0243 | Acc: 0.9935 | Val Loss: 0.0237 | Val Acc: 0.9939 | Time: 13.06s
2025-04-18 20:01:04,121 - INFO - P2 (Round 3) - Epoch 1/10 | Loss: 0.1748 | Acc: 0.9491 | Val Loss: 0.0951 | Val Acc: 0.9642 | Time: 12.06s
2025-04-18 20:01:15,731 - INFO - P2 (Round 3) - Epoch 2/10 | Loss: 0.0894 | Acc: 0.9678 | Val Loss: 0.0824 | Val Acc: 0.9706 | Time: 11.61s
2025-04-18 20:01:27,200 - INFO - P2 (Round 3) - Epoch 3/10 | Loss: 0.0803 | Acc: 0.9711 | Val Loss: 0.0775 | Val Acc: 0.9717 | Time: 11.47s
2025-04-18 20:01:38,719 - INFO - P2 (Round 3) - Epoch 4/10 | Loss: 0.0765 | Acc: 0.9725 | Val Loss: 0.0738 | Val Acc: 0.9731 | Time: 11.52s
2025-04-18 20:01:50,459 - INFO - P2 (Round 3) - Epoch 5/10 | Loss: 0.0740 | Acc: 0.9734 | Val Loss: 0.0726 | Val Acc: 0.9751 | Time: 11.74s
2025-04-18 20:02:03,354 - INFO - P2 (Round 3) - Epoch 6/10 | Loss: 0.0710 | Acc: 0.9745 | Val Loss: 0.0689 | Val Acc: 0.9758 | Time: 12.90s
2025-04-18 20:02:13,526 - INFO - P2 (Round 3) - Epoch 7/10 | Loss: 0.0637 | Acc: 0.9775 | Val Loss: 0.0597 | Val Acc: 0.9793 | Time: 10.17s
2025-04-18 20:02:23,220 - INFO - P2 (Round 3) - Epoch 8/10 | Loss: 0.0602 | Acc: 0.9786 | Val Loss: 0.0598 | Val Acc: 0.9791 | Time: 9.69s
2025-04-18 20:02:32,977 - INFO - P2 (Round 3) - Epoch 9/10 | Loss: 0.0588 | Acc: 0.9790 | Val Loss: 0.0567 | Val Acc: 0.9800 | Time: 9.76s
2025-04-18 20:02:42,786 - INFO - P2 (Round 3) - Epoch 10/10 | Loss: 0.0575 | Acc: 0.9795 | Val Loss: 0.0571 | Val Acc: 0.9801 | Time: 9.81s
2025-04-18 20:02:45,118 - INFO - Round 3 completed in 219.05s
2025-04-18 20:02:45,118 - INFO - Global Model - P1 Test: Loss = 2.5948, Accuracy = 0.5368
2025-04-18 20:02:45,118 - INFO - Global Model - P2 Test: Loss = 5.2223, Accuracy = 0.2570
2025-04-18 20:02:55,205 - INFO - P1 (Round 4) - Epoch 1/10 | Loss: 0.0622 | Acc: 0.9841 | Val Loss: 0.0348 | Val Acc: 0.9906 | Time: 10.09s
2025-04-18 20:03:06,341 - INFO - P1 (Round 4) - Epoch 2/10 | Loss: 0.0309 | Acc: 0.9916 | Val Loss: 0.0304 | Val Acc: 0.9917 | Time: 11.14s
2025-04-18 20:03:17,069 - INFO - P1 (Round 4) - Epoch 3/10 | Loss: 0.0285 | Acc: 0.9923 | Val Loss: 0.0283 | Val Acc: 0.9924 | Time: 10.73s
2025-04-18 20:03:27,198 - INFO - P1 (Round 4) - Epoch 4/10 | Loss: 0.0267 | Acc: 0.9927 | Val Loss: 0.0285 | Val Acc: 0.9930 | Time: 10.13s
2025-04-18 20:03:37,194 - INFO - P1 (Round 4) - Epoch 5/10 | Loss: 0.0255 | Acc: 0.9931 | Val Loss: 0.0260 | Val Acc: 0.9934 | Time: 10.00s
2025-04-18 20:03:47,258 - INFO - P1 (Round 4) - Epoch 6/10 | Loss: 0.0247 | Acc: 0.9934 | Val Loss: 0.0249 | Val Acc: 0.9933 | Time: 10.06s
2025-04-18 20:03:57,533 - INFO - P1 (Round 4) - Epoch 7/10 | Loss: 0.0242 | Acc: 0.9935 | Val Loss: 0.0242 | Val Acc: 0.9939 | Time: 10.27s
2025-04-18 20:04:07,656 - INFO - P1 (Round 4) - Epoch 8/10 | Loss: 0.0236 | Acc: 0.9937 | Val Loss: 0.0236 | Val Acc: 0.9940 | Time: 10.12s
2025-04-18 20:04:18,906 - INFO - P1 (Round 4) - Epoch 9/10 | Loss: 0.0232 | Acc: 0.9938 | Val Loss: 0.0241 | Val Acc: 0.9929 | Time: 11.25s
2025-04-18 20:04:29,264 - INFO - P1 (Round 4) - Epoch 10/10 | Loss: 0.0229 | Acc: 0.9939 | Val Loss: 0.0242 | Val Acc: 0.9941 | Time: 10.36s
2025-04-18 20:04:39,008 - INFO - P2 (Round 4) - Epoch 1/10 | Loss: 0.1982 | Acc: 0.9299 | Val Loss: 0.0956 | Val Acc: 0.9665 | Time: 9.74s
2025-04-18 20:04:48,750 - INFO - P2 (Round 4) - Epoch 2/10 | Loss: 0.0856 | Acc: 0.9695 | Val Loss: 0.0786 | Val Acc: 0.9724 | Time: 9.74s
2025-04-18 20:04:58,489 - INFO - P2 (Round 4) - Epoch 3/10 | Loss: 0.0774 | Acc: 0.9725 | Val Loss: 0.0749 | Val Acc: 0.9740 | Time: 9.74s
2025-04-18 20:05:08,813 - INFO - P2 (Round 4) - Epoch 4/10 | Loss: 0.0747 | Acc: 0.9735 | Val Loss: 0.0734 | Val Acc: 0.9741 | Time: 10.32s
2025-04-18 20:05:18,421 - INFO - P2 (Round 4) - Epoch 5/10 | Loss: 0.0722 | Acc: 0.9748 | Val Loss: 0.0693 | Val Acc: 0.9765 | Time: 9.61s
2025-04-18 20:05:29,699 - INFO - P2 (Round 4) - Epoch 6/10 | Loss: 0.0702 | Acc: 0.9754 | Val Loss: 0.0697 | Val Acc: 0.9760 | Time: 11.28s
2025-04-18 20:05:39,850 - INFO - P2 (Round 4) - Epoch 7/10 | Loss: 0.0690 | Acc: 0.9759 | Val Loss: 0.0672 | Val Acc: 0.9764 | Time: 10.15s
2025-04-18 20:05:49,538 - INFO - P2 (Round 4) - Epoch 8/10 | Loss: 0.0680 | Acc: 0.9762 | Val Loss: 0.0658 | Val Acc: 0.9778 | Time: 9.69s
2025-04-18 20:05:59,392 - INFO - P2 (Round 4) - Epoch 9/10 | Loss: 0.0673 | Acc: 0.9765 | Val Loss: 0.0653 | Val Acc: 0.9780 | Time: 9.85s
2025-04-18 20:06:09,214 - INFO - P2 (Round 4) - Epoch 10/10 | Loss: 0.0668 | Acc: 0.9768 | Val Loss: 0.0662 | Val Acc: 0.9773 | Time: 9.82s
2025-04-18 20:06:11,515 - INFO - Round 4 completed in 206.40s
2025-04-18 20:06:11,515 - INFO - Global Model - P1 Test: Loss = 2.9329, Accuracy = 0.6039
2025-04-18 20:06:11,515 - INFO - Global Model - P2 Test: Loss = 2.5522, Accuracy = 0.4983
2025-04-18 20:06:21,646 - INFO - P1 (Round 5) - Epoch 1/10 | Loss: 0.0568 | Acc: 0.9863 | Val Loss: 0.0324 | Val Acc: 0.9906 | Time: 10.13s
2025-04-18 20:06:31,625 - INFO - P1 (Round 5) - Epoch 2/10 | Loss: 0.0284 | Acc: 0.9921 | Val Loss: 0.0279 | Val Acc: 0.9922 | Time: 9.98s
2025-04-18 20:06:43,369 - INFO - P1 (Round 5) - Epoch 3/10 | Loss: 0.0264 | Acc: 0.9925 | Val Loss: 0.0258 | Val Acc: 0.9928 | Time: 11.74s
2025-04-18 20:06:53,558 - INFO - P1 (Round 5) - Epoch 4/10 | Loss: 0.0245 | Acc: 0.9931 | Val Loss: 0.0243 | Val Acc: 0.9934 | Time: 10.19s
2025-04-18 20:07:03,576 - INFO - P1 (Round 5) - Epoch 5/10 | Loss: 0.0233 | Acc: 0.9935 | Val Loss: 0.0250 | Val Acc: 0.9925 | Time: 10.02s
2025-04-18 20:07:13,500 - INFO - P1 (Round 5) - Epoch 6/10 | Loss: 0.0222 | Acc: 0.9938 | Val Loss: 0.0242 | Val Acc: 0.9927 | Time: 9.92s
2025-04-18 20:07:23,893 - INFO - P1 (Round 5) - Epoch 7/10 | Loss: 0.0212 | Acc: 0.9941 | Val Loss: 0.0214 | Val Acc: 0.9938 | Time: 10.39s
2025-04-18 20:07:34,399 - INFO - P1 (Round 5) - Epoch 8/10 | Loss: 0.0205 | Acc: 0.9944 | Val Loss: 0.0206 | Val Acc: 0.9946 | Time: 10.51s
2025-04-18 20:07:46,748 - INFO - P1 (Round 5) - Epoch 9/10 | Loss: 0.0200 | Acc: 0.9945 | Val Loss: 0.0203 | Val Acc: 0.9942 | Time: 12.35s
2025-04-18 20:07:59,530 - INFO - P1 (Round 5) - Epoch 10/10 | Loss: 0.0195 | Acc: 0.9946 | Val Loss: 0.0202 | Val Acc: 0.9947 | Time: 12.78s
2025-04-18 20:08:11,034 - INFO - P2 (Round 5) - Epoch 1/10 | Loss: 0.1235 | Acc: 0.9569 | Val Loss: 0.0753 | Val Acc: 0.9742 | Time: 11.50s
2025-04-18 20:08:22,499 - INFO - P2 (Round 5) - Epoch 2/10 | Loss: 0.0668 | Acc: 0.9775 | Val Loss: 0.0607 | Val Acc: 0.9796 | Time: 11.46s
2025-04-18 20:08:34,046 - INFO - P2 (Round 5) - Epoch 3/10 | Loss: 0.0590 | Acc: 0.9798 | Val Loss: 0.0576 | Val Acc: 0.9804 | Time: 11.55s
2025-04-18 20:08:45,494 - INFO - P2 (Round 5) - Epoch 4/10 | Loss: 0.0570 | Acc: 0.9804 | Val Loss: 0.0553 | Val Acc: 0.9809 | Time: 11.45s
2025-04-18 20:08:57,295 - INFO - P2 (Round 5) - Epoch 5/10 | Loss: 0.0560 | Acc: 0.9807 | Val Loss: 0.0548 | Val Acc: 0.9813 | Time: 11.80s
2025-04-18 20:09:10,198 - INFO - P2 (Round 5) - Epoch 6/10 | Loss: 0.0549 | Acc: 0.9809 | Val Loss: 0.0554 | Val Acc: 0.9804 | Time: 12.90s
2025-04-18 20:09:22,162 - INFO - P2 (Round 5) - Epoch 7/10 | Loss: 0.0544 | Acc: 0.9812 | Val Loss: 0.0528 | Val Acc: 0.9818 | Time: 11.96s
2025-04-18 20:09:33,825 - INFO - P2 (Round 5) - Epoch 8/10 | Loss: 0.0537 | Acc: 0.9812 | Val Loss: 0.0540 | Val Acc: 0.9804 | Time: 11.66s
2025-04-18 20:09:45,519 - INFO - P2 (Round 5) - Epoch 9/10 | Loss: 0.0533 | Acc: 0.9814 | Val Loss: 0.0516 | Val Acc: 0.9816 | Time: 11.69s
2025-04-18 20:09:57,252 - INFO - P2 (Round 5) - Epoch 10/10 | Loss: 0.0529 | Acc: 0.9815 | Val Loss: 0.0519 | Val Acc: 0.9819 | Time: 11.73s
2025-04-18 20:09:59,719 - INFO - Round 5 completed in 228.20s
2025-04-18 20:09:59,719 - INFO - Global Model - P1 Test: Loss = 4.2706, Accuracy = 0.4223
2025-04-18 20:09:59,719 - INFO - Global Model - P2 Test: Loss = 4.5537, Accuracy = 0.4334
2025-04-18 20:10:11,666 - INFO - P1 (Round 6) - Epoch 1/10 | Loss: 0.0667 | Acc: 0.9840 | Val Loss: 0.0305 | Val Acc: 0.9918 | Time: 11.95s
2025-04-18 20:10:24,340 - INFO - P1 (Round 6) - Epoch 2/10 | Loss: 0.0276 | Acc: 0.9920 | Val Loss: 0.0273 | Val Acc: 0.9926 | Time: 12.67s
2025-04-18 20:10:36,069 - INFO - P1 (Round 6) - Epoch 3/10 | Loss: 0.0259 | Acc: 0.9926 | Val Loss: 0.0256 | Val Acc: 0.9932 | Time: 11.73s
2025-04-18 20:10:47,778 - INFO - P1 (Round 6) - Epoch 4/10 | Loss: 0.0249 | Acc: 0.9929 | Val Loss: 0.0256 | Val Acc: 0.9927 | Time: 11.71s
2025-04-18 20:10:59,525 - INFO - P1 (Round 6) - Epoch 5/10 | Loss: 0.0242 | Acc: 0.9931 | Val Loss: 0.0239 | Val Acc: 0.9931 | Time: 11.75s
2025-04-18 20:11:11,274 - INFO - P1 (Round 6) - Epoch 6/10 | Loss: 0.0234 | Acc: 0.9933 | Val Loss: 0.0235 | Val Acc: 0.9933 | Time: 11.75s
2025-04-18 20:11:23,313 - INFO - P1 (Round 6) - Epoch 7/10 | Loss: 0.0227 | Acc: 0.9935 | Val Loss: 0.0234 | Val Acc: 0.9930 | Time: 12.04s
2025-04-18 20:11:35,870 - INFO - P1 (Round 6) - Epoch 8/10 | Loss: 0.0221 | Acc: 0.9937 | Val Loss: 0.0218 | Val Acc: 0.9938 | Time: 12.56s
2025-04-18 20:11:47,822 - INFO - P1 (Round 6) - Epoch 9/10 | Loss: 0.0216 | Acc: 0.9939 | Val Loss: 0.0217 | Val Acc: 0.9936 | Time: 11.95s
2025-04-18 20:11:59,887 - INFO - P1 (Round 6) - Epoch 10/10 | Loss: 0.0212 | Acc: 0.9939 | Val Loss: 0.0212 | Val Acc: 0.9945 | Time: 12.06s
2025-04-18 20:12:11,416 - INFO - P2 (Round 6) - Epoch 1/10 | Loss: 0.1221 | Acc: 0.9609 | Val Loss: 0.0751 | Val Acc: 0.9746 | Time: 11.53s
2025-04-18 20:12:23,667 - INFO - P2 (Round 6) - Epoch 2/10 | Loss: 0.0735 | Acc: 0.9743 | Val Loss: 0.0693 | Val Acc: 0.9750 | Time: 12.25s
2025-04-18 20:12:35,672 - INFO - P2 (Round 6) - Epoch 3/10 | Loss: 0.0699 | Acc: 0.9758 | Val Loss: 0.0664 | Val Acc: 0.9761 | Time: 12.01s
2025-04-18 20:12:48,077 - INFO - P2 (Round 6) - Epoch 4/10 | Loss: 0.0681 | Acc: 0.9764 | Val Loss: 0.0657 | Val Acc: 0.9774 | Time: 12.40s
2025-04-18 20:12:59,429 - INFO - P2 (Round 6) - Epoch 5/10 | Loss: 0.0672 | Acc: 0.9768 | Val Loss: 0.0670 | Val Acc: 0.9766 | Time: 11.35s
2025-04-18 20:13:11,248 - INFO - P2 (Round 6) - Epoch 6/10 | Loss: 0.0663 | Acc: 0.9770 | Val Loss: 0.0662 | Val Acc: 0.9752 | Time: 11.82s
2025-04-18 20:13:22,728 - INFO - P2 (Round 6) - Epoch 7/10 | Loss: 0.0656 | Acc: 0.9772 | Val Loss: 0.0635 | Val Acc: 0.9783 | Time: 11.48s
2025-04-18 20:13:34,175 - INFO - P2 (Round 6) - Epoch 8/10 | Loss: 0.0651 | Acc: 0.9775 | Val Loss: 0.0638 | Val Acc: 0.9781 | Time: 11.45s
2025-04-18 20:13:45,945 - INFO - P2 (Round 6) - Epoch 9/10 | Loss: 0.0641 | Acc: 0.9780 | Val Loss: 0.0619 | Val Acc: 0.9787 | Time: 11.77s
2025-04-18 20:13:58,307 - INFO - P2 (Round 6) - Epoch 10/10 | Loss: 0.0636 | Acc: 0.9782 | Val Loss: 0.0634 | Val Acc: 0.9788 | Time: 12.36s
2025-04-18 20:14:00,707 - INFO - Round 6 completed in 240.99s
2025-04-18 20:14:00,707 - INFO - Global Model - P1 Test: Loss = 3.4856, Accuracy = 0.3335
2025-04-18 20:14:00,707 - INFO - Global Model - P2 Test: Loss = 2.0485, Accuracy = 0.6235
2025-04-18 20:14:12,876 - INFO - P1 (Round 7) - Epoch 1/10 | Loss: 0.0579 | Acc: 0.9861 | Val Loss: 0.0260 | Val Acc: 0.9922 | Time: 12.17s
2025-04-18 20:14:25,094 - INFO - P1 (Round 7) - Epoch 2/10 | Loss: 0.0250 | Acc: 0.9929 | Val Loss: 0.0248 | Val Acc: 0.9931 | Time: 12.22s
2025-04-18 20:14:38,177 - INFO - P1 (Round 7) - Epoch 3/10 | Loss: 0.0237 | Acc: 0.9932 | Val Loss: 0.0239 | Val Acc: 0.9933 | Time: 13.08s
2025-04-18 20:14:48,314 - INFO - P1 (Round 7) - Epoch 4/10 | Loss: 0.0227 | Acc: 0.9935 | Val Loss: 0.0221 | Val Acc: 0.9942 | Time: 10.14s
2025-04-18 20:14:59,675 - INFO - P1 (Round 7) - Epoch 5/10 | Loss: 0.0218 | Acc: 0.9938 | Val Loss: 0.0253 | Val Acc: 0.9922 | Time: 11.36s
2025-04-18 20:15:10,183 - INFO - P1 (Round 7) - Epoch 6/10 | Loss: 0.0211 | Acc: 0.9940 | Val Loss: 0.0222 | Val Acc: 0.9937 | Time: 10.51s
2025-04-18 20:15:20,195 - INFO - P1 (Round 7) - Epoch 7/10 | Loss: 0.0205 | Acc: 0.9942 | Val Loss: 0.0207 | Val Acc: 0.9943 | Time: 10.01s
2025-04-18 20:15:30,092 - INFO - P1 (Round 7) - Epoch 8/10 | Loss: 0.0200 | Acc: 0.9944 | Val Loss: 0.0208 | Val Acc: 0.9946 | Time: 9.90s
2025-04-18 20:15:40,590 - INFO - P1 (Round 7) - Epoch 9/10 | Loss: 0.0196 | Acc: 0.9945 | Val Loss: 0.0195 | Val Acc: 0.9948 | Time: 10.50s
2025-04-18 20:15:51,121 - INFO - P1 (Round 7) - Epoch 10/10 | Loss: 0.0193 | Acc: 0.9946 | Val Loss: 0.0192 | Val Acc: 0.9949 | Time: 10.53s
2025-04-18 20:16:00,886 - INFO - P2 (Round 7) - Epoch 1/10 | Loss: 0.0918 | Acc: 0.9687 | Val Loss: 0.0708 | Val Acc: 0.9754 | Time: 9.76s
2025-04-18 20:16:12,109 - INFO - P2 (Round 7) - Epoch 2/10 | Loss: 0.0697 | Acc: 0.9758 | Val Loss: 0.0664 | Val Acc: 0.9765 | Time: 11.22s
2025-04-18 20:16:22,351 - INFO - P2 (Round 7) - Epoch 3/10 | Loss: 0.0670 | Acc: 0.9770 | Val Loss: 0.0637 | Val Acc: 0.9782 | Time: 10.24s
2025-04-18 20:16:32,047 - INFO - P2 (Round 7) - Epoch 4/10 | Loss: 0.0657 | Acc: 0.9775 | Val Loss: 0.0641 | Val Acc: 0.9787 | Time: 9.70s
2025-04-18 20:16:41,971 - INFO - P2 (Round 7) - Epoch 5/10 | Loss: 0.0647 | Acc: 0.9780 | Val Loss: 0.0618 | Val Acc: 0.9797 | Time: 9.92s
2025-04-18 20:16:51,981 - INFO - P2 (Round 7) - Epoch 6/10 | Loss: 0.0634 | Acc: 0.9785 | Val Loss: 0.0623 | Val Acc: 0.9777 | Time: 10.01s
2025-04-18 20:17:01,416 - INFO - P2 (Round 7) - Epoch 7/10 | Loss: 0.0625 | Acc: 0.9789 | Val Loss: 0.0618 | Val Acc: 0.9787 | Time: 9.44s
2025-04-18 20:17:10,928 - INFO - P2 (Round 7) - Epoch 8/10 | Loss: 0.0617 | Acc: 0.9793 | Val Loss: 0.0609 | Val Acc: 0.9793 | Time: 9.51s
2025-04-18 20:17:21,600 - INFO - P2 (Round 7) - Epoch 9/10 | Loss: 0.0609 | Acc: 0.9795 | Val Loss: 0.0621 | Val Acc: 0.9786 | Time: 10.67s
2025-04-18 20:17:31,914 - INFO - P2 (Round 7) - Epoch 10/10 | Loss: 0.0604 | Acc: 0.9797 | Val Loss: 0.0607 | Val Acc: 0.9808 | Time: 10.31s
2025-04-18 20:17:34,217 - INFO - Round 7 completed in 213.51s
2025-04-18 20:17:34,217 - INFO - Global Model - P1 Test: Loss = 4.1368, Accuracy = 0.2553
2025-04-18 20:17:34,218 - INFO - Global Model - P2 Test: Loss = 3.1176, Accuracy = 0.5484
2025-04-18 20:17:44,411 - INFO - P1 (Round 8) - Epoch 1/10 | Loss: 0.0580 | Acc: 0.9864 | Val Loss: 0.0259 | Val Acc: 0.9925 | Time: 10.19s
2025-04-18 20:17:54,521 - INFO - P1 (Round 8) - Epoch 2/10 | Loss: 0.0236 | Acc: 0.9934 | Val Loss: 0.0219 | Val Acc: 0.9939 | Time: 10.11s
2025-04-18 20:18:04,547 - INFO - P1 (Round 8) - Epoch 3/10 | Loss: 0.0217 | Acc: 0.9939 | Val Loss: 0.0228 | Val Acc: 0.9931 | Time: 10.03s
2025-04-18 20:18:14,337 - INFO - P1 (Round 8) - Epoch 4/10 | Loss: 0.0209 | Acc: 0.9942 | Val Loss: 0.0222 | Val Acc: 0.9941 | Time: 9.79s
2025-04-18 20:18:24,049 - INFO - P1 (Round 8) - Epoch 5/10 | Loss: 0.0204 | Acc: 0.9944 | Val Loss: 0.0226 | Val Acc: 0.9936 | Time: 9.71s
2025-04-18 20:18:35,642 - INFO - P1 (Round 8) - Epoch 6/10 | Loss: 0.0201 | Acc: 0.9946 | Val Loss: 0.0191 | Val Acc: 0.9951 | Time: 11.59s
2025-04-18 20:18:45,642 - INFO - P1 (Round 8) - Epoch 7/10 | Loss: 0.0196 | Acc: 0.9946 | Val Loss: 0.0214 | Val Acc: 0.9946 | Time: 10.00s
2025-04-18 20:18:55,752 - INFO - P1 (Round 8) - Epoch 8/10 | Loss: 0.0192 | Acc: 0.9948 | Val Loss: 0.0201 | Val Acc: 0.9945 | Time: 10.11s
2025-04-18 20:19:05,386 - INFO - P1 (Round 8) - Epoch 9/10 | Loss: 0.0189 | Acc: 0.9949 | Val Loss: 0.0193 | Val Acc: 0.9949 | Time: 9.63s
2025-04-18 20:19:15,738 - INFO - P1 (Round 8) - Epoch 10/10 | Loss: 0.0185 | Acc: 0.9950 | Val Loss: 0.0202 | Val Acc: 0.9950 | Time: 10.35s
2025-04-18 20:19:25,709 - INFO - P2 (Round 8) - Epoch 1/10 | Loss: 0.0961 | Acc: 0.9677 | Val Loss: 0.0692 | Val Acc: 0.9749 | Time: 9.97s
2025-04-18 20:19:35,444 - INFO - P2 (Round 8) - Epoch 2/10 | Loss: 0.0685 | Acc: 0.9764 | Val Loss: 0.0650 | Val Acc: 0.9781 | Time: 9.73s
2025-04-18 20:19:46,631 - INFO - P2 (Round 8) - Epoch 3/10 | Loss: 0.0653 | Acc: 0.9778 | Val Loss: 0.0631 | Val Acc: 0.9776 | Time: 11.19s
2025-04-18 20:19:56,818 - INFO - P2 (Round 8) - Epoch 4/10 | Loss: 0.0634 | Acc: 0.9785 | Val Loss: 0.0624 | Val Acc: 0.9783 | Time: 10.19s
2025-04-18 20:20:06,574 - INFO - P2 (Round 8) - Epoch 5/10 | Loss: 0.0621 | Acc: 0.9789 | Val Loss: 0.0596 | Val Acc: 0.9800 | Time: 9.76s
2025-04-18 20:20:16,255 - INFO - P2 (Round 8) - Epoch 6/10 | Loss: 0.0613 | Acc: 0.9794 | Val Loss: 0.0622 | Val Acc: 0.9783 | Time: 9.68s
2025-04-18 20:20:27,853 - INFO - P2 (Round 8) - Epoch 7/10 | Loss: 0.0604 | Acc: 0.9796 | Val Loss: 0.0587 | Val Acc: 0.9799 | Time: 11.60s
2025-04-18 20:20:39,424 - INFO - P2 (Round 8) - Epoch 8/10 | Loss: 0.0596 | Acc: 0.9799 | Val Loss: 0.0574 | Val Acc: 0.9808 | Time: 11.57s
2025-04-18 20:20:51,221 - INFO - P2 (Round 8) - Epoch 9/10 | Loss: 0.0591 | Acc: 0.9801 | Val Loss: 0.0600 | Val Acc: 0.9806 | Time: 11.80s
2025-04-18 20:21:04,145 - INFO - P2 (Round 8) - Epoch 10/10 | Loss: 0.0587 | Acc: 0.9802 | Val Loss: 0.0571 | Val Acc: 0.9803 | Time: 12.92s
2025-04-18 20:21:06,513 - INFO - Round 8 completed in 212.30s
2025-04-18 20:21:06,513 - INFO - Global Model - P1 Test: Loss = 4.5105, Accuracy = 0.2818
2025-04-18 20:21:06,513 - INFO - Global Model - P2 Test: Loss = 2.4507, Accuracy = 0.6380
2025-04-18 20:21:18,605 - INFO - P1 (Round 9) - Epoch 1/10 | Loss: 0.0637 | Acc: 0.9860 | Val Loss: 0.0235 | Val Acc: 0.9940 | Time: 12.09s
2025-04-18 20:21:30,697 - INFO - P1 (Round 9) - Epoch 2/10 | Loss: 0.0225 | Acc: 0.9938 | Val Loss: 0.0236 | Val Acc: 0.9937 | Time: 12.09s
2025-04-18 20:21:42,317 - INFO - P1 (Round 9) - Epoch 3/10 | Loss: 0.0209 | Acc: 0.9943 | Val Loss: 0.0210 | Val Acc: 0.9943 | Time: 11.62s
2025-04-18 20:21:54,367 - INFO - P1 (Round 9) - Epoch 4/10 | Loss: 0.0200 | Acc: 0.9946 | Val Loss: 0.0200 | Val Acc: 0.9946 | Time: 12.05s
2025-04-18 20:22:06,945 - INFO - P1 (Round 9) - Epoch 5/10 | Loss: 0.0196 | Acc: 0.9947 | Val Loss: 0.0195 | Val Acc: 0.9952 | Time: 12.58s
2025-04-18 20:22:19,241 - INFO - P1 (Round 9) - Epoch 6/10 | Loss: 0.0193 | Acc: 0.9948 | Val Loss: 0.0195 | Val Acc: 0.9945 | Time: 12.30s
2025-04-18 20:22:31,004 - INFO - P1 (Round 9) - Epoch 7/10 | Loss: 0.0190 | Acc: 0.9948 | Val Loss: 0.0182 | Val Acc: 0.9952 | Time: 11.76s
2025-04-18 20:22:42,703 - INFO - P1 (Round 9) - Epoch 8/10 | Loss: 0.0187 | Acc: 0.9950 | Val Loss: 0.0182 | Val Acc: 0.9954 | Time: 11.70s
2025-04-18 20:22:54,812 - INFO - P1 (Round 9) - Epoch 9/10 | Loss: 0.0185 | Acc: 0.9950 | Val Loss: 0.0185 | Val Acc: 0.9952 | Time: 12.11s
2025-04-18 20:23:06,545 - INFO - P1 (Round 9) - Epoch 10/10 | Loss: 0.0182 | Acc: 0.9951 | Val Loss: 0.0182 | Val Acc: 0.9954 | Time: 11.73s
2025-04-18 20:23:18,647 - INFO - P2 (Round 9) - Epoch 1/10 | Loss: 0.0869 | Acc: 0.9721 | Val Loss: 0.0656 | Val Acc: 0.9780 | Time: 12.10s
2025-04-18 20:23:31,095 - INFO - P2 (Round 9) - Epoch 2/10 | Loss: 0.0648 | Acc: 0.9780 | Val Loss: 0.0622 | Val Acc: 0.9797 | Time: 12.45s
2025-04-18 20:23:42,893 - INFO - P2 (Round 9) - Epoch 3/10 | Loss: 0.0622 | Acc: 0.9788 | Val Loss: 0.0615 | Val Acc: 0.9792 | Time: 11.80s
2025-04-18 20:23:54,860 - INFO - P2 (Round 9) - Epoch 4/10 | Loss: 0.0607 | Acc: 0.9794 | Val Loss: 0.0580 | Val Acc: 0.9804 | Time: 11.97s
2025-04-18 20:24:06,514 - INFO - P2 (Round 9) - Epoch 5/10 | Loss: 0.0597 | Acc: 0.9797 | Val Loss: 0.0594 | Val Acc: 0.9799 | Time: 11.65s
2025-04-18 20:24:18,819 - INFO - P2 (Round 9) - Epoch 6/10 | Loss: 0.0587 | Acc: 0.9799 | Val Loss: 0.0594 | Val Acc: 0.9803 | Time: 12.30s
2025-04-18 20:24:31,049 - INFO - P2 (Round 9) - Epoch 7/10 | Loss: 0.0579 | Acc: 0.9801 | Val Loss: 0.0571 | Val Acc: 0.9807 | Time: 12.23s
2025-04-18 20:24:43,175 - INFO - P2 (Round 9) - Epoch 8/10 | Loss: 0.0570 | Acc: 0.9804 | Val Loss: 0.0554 | Val Acc: 0.9818 | Time: 12.13s
2025-04-18 20:24:54,536 - INFO - P2 (Round 9) - Epoch 9/10 | Loss: 0.0561 | Acc: 0.9806 | Val Loss: 0.0554 | Val Acc: 0.9811 | Time: 11.36s
2025-04-18 20:25:06,131 - INFO - P2 (Round 9) - Epoch 10/10 | Loss: 0.0556 | Acc: 0.9808 | Val Loss: 0.0550 | Val Acc: 0.9808 | Time: 11.59s
2025-04-18 20:25:08,636 - INFO - Round 9 completed in 242.12s
2025-04-18 20:25:08,636 - INFO - Global Model - P1 Test: Loss = 4.7165, Accuracy = 0.2699
2025-04-18 20:25:08,636 - INFO - Global Model - P2 Test: Loss = 2.0866, Accuracy = 0.6379
2025-04-18 20:25:20,871 - INFO - P1 (Round 10) - Epoch 1/10 | Loss: 0.0671 | Acc: 0.9859 | Val Loss: 0.0261 | Val Acc: 0.9927 | Time: 12.23s
2025-04-18 20:25:32,901 - INFO - P1 (Round 10) - Epoch 2/10 | Loss: 0.0223 | Acc: 0.9938 | Val Loss: 0.0209 | Val Acc: 0.9947 | Time: 12.03s
2025-04-18 20:25:45,288 - INFO - P1 (Round 10) - Epoch 3/10 | Loss: 0.0203 | Acc: 0.9945 | Val Loss: 0.0205 | Val Acc: 0.9948 | Time: 12.39s
2025-04-18 20:25:57,301 - INFO - P1 (Round 10) - Epoch 4/10 | Loss: 0.0195 | Acc: 0.9947 | Val Loss: 0.0208 | Val Acc: 0.9939 | Time: 12.01s
2025-04-18 20:26:08,642 - INFO - P1 (Round 10) - Epoch 5/10 | Loss: 0.0190 | Acc: 0.9948 | Val Loss: 0.0196 | Val Acc: 0.9950 | Time: 11.34s
2025-04-18 20:26:18,600 - INFO - P1 (Round 10) - Epoch 6/10 | Loss: 0.0186 | Acc: 0.9950 | Val Loss: 0.0196 | Val Acc: 0.9951 | Time: 9.96s
2025-04-18 20:26:29,069 - INFO - P1 (Round 10) - Epoch 7/10 | Loss: 0.0185 | Acc: 0.9951 | Val Loss: 0.0197 | Val Acc: 0.9943 | Time: 10.47s
2025-04-18 20:26:38,970 - INFO - P1 (Round 10) - Epoch 8/10 | Loss: 0.0182 | Acc: 0.9951 | Val Loss: 0.0177 | Val Acc: 0.9953 | Time: 9.90s
2025-04-18 20:26:48,863 - INFO - P1 (Round 10) - Epoch 9/10 | Loss: 0.0180 | Acc: 0.9952 | Val Loss: 0.0176 | Val Acc: 0.9955 | Time: 9.89s
2025-04-18 20:26:59,091 - INFO - P1 (Round 10) - Epoch 10/10 | Loss: 0.0178 | Acc: 0.9953 | Val Loss: 0.0177 | Val Acc: 0.9955 | Time: 10.23s
2025-04-18 20:27:08,766 - INFO - P2 (Round 10) - Epoch 1/10 | Loss: 0.0807 | Acc: 0.9747 | Val Loss: 0.0623 | Val Acc: 0.9794 | Time: 9.67s
2025-04-18 20:27:18,396 - INFO - P2 (Round 10) - Epoch 2/10 | Loss: 0.0623 | Acc: 0.9789 | Val Loss: 0.0594 | Val Acc: 0.9802 | Time: 9.63s
2025-04-18 20:27:28,171 - INFO - P2 (Round 10) - Epoch 3/10 | Loss: 0.0601 | Acc: 0.9796 | Val Loss: 0.0654 | Val Acc: 0.9790 | Time: 9.77s
2025-04-18 20:27:37,858 - INFO - P2 (Round 10) - Epoch 4/10 | Loss: 0.0588 | Acc: 0.9798 | Val Loss: 0.0601 | Val Acc: 0.9800 | Time: 9.69s
2025-04-18 20:27:47,605 - INFO - P2 (Round 10) - Epoch 5/10 | Loss: 0.0578 | Acc: 0.9802 | Val Loss: 0.0572 | Val Acc: 0.9799 | Time: 9.75s
2025-04-18 20:27:57,197 - INFO - P2 (Round 10) - Epoch 6/10 | Loss: 0.0571 | Acc: 0.9804 | Val Loss: 0.0588 | Val Acc: 0.9795 | Time: 9.59s
2025-04-18 20:28:06,897 - INFO - P2 (Round 10) - Epoch 7/10 | Loss: 0.0565 | Acc: 0.9805 | Val Loss: 0.0573 | Val Acc: 0.9791 | Time: 9.70s
2025-04-18 20:28:16,549 - INFO - P2 (Round 10) - Epoch 8/10 | Loss: 0.0558 | Acc: 0.9806 | Val Loss: 0.0563 | Val Acc: 0.9802 | Time: 9.65s
2025-04-18 20:28:26,053 - INFO - P2 (Round 10) - Epoch 9/10 | Loss: 0.0556 | Acc: 0.9806 | Val Loss: 0.0561 | Val Acc: 0.9808 | Time: 9.50s
2025-04-18 20:28:36,639 - INFO - P2 (Round 10) - Epoch 10/10 | Loss: 0.0552 | Acc: 0.9807 | Val Loss: 0.0584 | Val Acc: 0.9803 | Time: 10.59s
2025-04-18 20:28:39,029 - INFO - Round 10 completed in 210.39s
2025-04-18 20:28:39,029 - INFO - Global Model - P1 Test: Loss = 6.1596, Accuracy = 0.2086
2025-04-18 20:28:39,029 - INFO - Global Model - P2 Test: Loss = 1.9647, Accuracy = 0.7387
2025-04-18 20:28:41,208 - INFO - Final Results after 10 rounds:
2025-04-18 20:28:41,208 - INFO - Global Model - P1 Test: Loss = 6.1596, Accuracy = 0.2086
2025-04-18 20:28:41,208 - INFO - Global Model - P2 Test: Loss = 1.9647, Accuracy = 0.7387
2025-04-18 20:28:41,225 - INFO - Experiment 116 results saved to results/suppression_experiments/exp_116_p1f6_p2f11.json
