2025-04-19 00:17:47,211 - INFO - Starting Suppression Experiment 168
2025-04-19 00:17:47,211 - INFO - P1 Features (3/14): ['protocol', 'bidirectional_min_ps', 'bidirectional_mean_ps']
2025-04-19 00:17:47,211 - INFO - P2 Features (1/14): ['protocol']
2025-04-19 00:17:58,159 - INFO - P1 (Round 1) - Epoch 1/10 | Loss: 0.2422 | Acc: 0.9390 | Val Loss: 0.0862 | Val Acc: 0.9790 | Time: 10.91s
2025-04-19 00:18:08,638 - INFO - P1 (Round 1) - Epoch 2/10 | Loss: 0.0715 | Acc: 0.9816 | Val Loss: 0.0663 | Val Acc: 0.9825 | Time: 10.48s
2025-04-19 00:18:19,203 - INFO - P1 (Round 1) - Epoch 3/10 | Loss: 0.0633 | Acc: 0.9824 | Val Loss: 0.0626 | Val Acc: 0.9823 | Time: 10.57s
2025-04-19 00:18:30,871 - INFO - P1 (Round 1) - Epoch 4/10 | Loss: 0.0609 | Acc: 0.9826 | Val Loss: 0.0601 | Val Acc: 0.9824 | Time: 11.67s
2025-04-19 00:18:41,500 - INFO - P1 (Round 1) - Epoch 5/10 | Loss: 0.0591 | Acc: 0.9829 | Val Loss: 0.0583 | Val Acc: 0.9825 | Time: 10.63s
2025-04-19 00:18:52,267 - INFO - P1 (Round 1) - Epoch 6/10 | Loss: 0.0566 | Acc: 0.9832 | Val Loss: 0.0554 | Val Acc: 0.9832 | Time: 10.77s
2025-04-19 00:19:03,129 - INFO - P1 (Round 1) - Epoch 7/10 | Loss: 0.0540 | Acc: 0.9848 | Val Loss: 0.0530 | Val Acc: 0.9852 | Time: 10.86s
2025-04-19 00:19:13,511 - INFO - P1 (Round 1) - Epoch 8/10 | Loss: 0.0519 | Acc: 0.9858 | Val Loss: 0.0513 | Val Acc: 0.9865 | Time: 10.38s
2025-04-19 00:19:24,100 - INFO - P1 (Round 1) - Epoch 9/10 | Loss: 0.0504 | Acc: 0.9866 | Val Loss: 0.0501 | Val Acc: 0.9864 | Time: 10.59s
2025-04-19 00:19:35,002 - INFO - P1 (Round 1) - Epoch 10/10 | Loss: 0.0495 | Acc: 0.9868 | Val Loss: 0.0495 | Val Acc: 0.9870 | Time: 10.90s
2025-04-19 00:19:46,165 - INFO - P2 (Round 1) - Epoch 1/10 | Loss: 0.9161 | Acc: 0.6653 | Val Loss: 0.8779 | Val Acc: 0.6785 | Time: 11.16s
2025-04-19 00:19:56,783 - INFO - P2 (Round 1) - Epoch 2/10 | Loss: 0.8781 | Acc: 0.6785 | Val Loss: 0.8782 | Val Acc: 0.6785 | Time: 10.62s
2025-04-19 00:20:06,996 - INFO - P2 (Round 1) - Epoch 3/10 | Loss: 0.8780 | Acc: 0.6785 | Val Loss: 0.8780 | Val Acc: 0.6785 | Time: 10.21s
2025-04-19 00:20:17,464 - INFO - P2 (Round 1) - Epoch 4/10 | Loss: 0.8780 | Acc: 0.6785 | Val Loss: 0.8781 | Val Acc: 0.6785 | Time: 10.47s
2025-04-19 00:20:28,803 - INFO - P2 (Round 1) - Epoch 5/10 | Loss: 0.8780 | Acc: 0.6785 | Val Loss: 0.8779 | Val Acc: 0.6785 | Time: 11.34s
2025-04-19 00:20:39,163 - INFO - P2 (Round 1) - Epoch 6/10 | Loss: 0.8780 | Acc: 0.6785 | Val Loss: 0.8778 | Val Acc: 0.6785 | Time: 10.36s
2025-04-19 00:20:50,148 - INFO - P2 (Round 1) - Epoch 7/10 | Loss: 0.8779 | Acc: 0.6785 | Val Loss: 0.8777 | Val Acc: 0.6785 | Time: 10.98s
2025-04-19 00:21:01,042 - INFO - P2 (Round 1) - Epoch 8/10 | Loss: 0.8779 | Acc: 0.6785 | Val Loss: 0.8781 | Val Acc: 0.6785 | Time: 10.89s
2025-04-19 00:21:11,100 - INFO - P2 (Round 1) - Epoch 9/10 | Loss: 0.8779 | Acc: 0.6785 | Val Loss: 0.8777 | Val Acc: 0.6785 | Time: 10.06s
2025-04-19 00:21:21,392 - INFO - P2 (Round 1) - Epoch 10/10 | Loss: 0.8780 | Acc: 0.6785 | Val Loss: 0.8777 | Val Acc: 0.6785 | Time: 10.29s
2025-04-19 00:21:23,561 - INFO - Round 1 completed in 216.31s
2025-04-19 00:21:23,561 - INFO - Global Model - P1 Test: Loss = 2.2121, Accuracy = 0.3371
2025-04-19 00:21:23,561 - INFO - Global Model - P2 Test: Loss = 1.2785, Accuracy = 0.5800
2025-04-19 00:21:34,223 - INFO - P1 (Round 2) - Epoch 1/10 | Loss: 0.0889 | Acc: 0.9759 | Val Loss: 0.0561 | Val Acc: 0.9842 | Time: 10.66s
2025-04-19 00:21:44,740 - INFO - P1 (Round 2) - Epoch 2/10 | Loss: 0.0534 | Acc: 0.9853 | Val Loss: 0.0522 | Val Acc: 0.9860 | Time: 10.52s
2025-04-19 00:21:55,618 - INFO - P1 (Round 2) - Epoch 3/10 | Loss: 0.0509 | Acc: 0.9864 | Val Loss: 0.0501 | Val Acc: 0.9864 | Time: 10.88s
2025-04-19 00:22:07,174 - INFO - P1 (Round 2) - Epoch 4/10 | Loss: 0.0495 | Acc: 0.9868 | Val Loss: 0.0491 | Val Acc: 0.9869 | Time: 11.56s
2025-04-19 00:22:17,604 - INFO - P1 (Round 2) - Epoch 5/10 | Loss: 0.0483 | Acc: 0.9871 | Val Loss: 0.0480 | Val Acc: 0.9871 | Time: 10.43s
2025-04-19 00:22:28,109 - INFO - P1 (Round 2) - Epoch 6/10 | Loss: 0.0475 | Acc: 0.9873 | Val Loss: 0.0472 | Val Acc: 0.9872 | Time: 10.51s
2025-04-19 00:22:38,803 - INFO - P1 (Round 2) - Epoch 7/10 | Loss: 0.0470 | Acc: 0.9875 | Val Loss: 0.0467 | Val Acc: 0.9870 | Time: 10.69s
2025-04-19 00:22:49,534 - INFO - P1 (Round 2) - Epoch 8/10 | Loss: 0.0465 | Acc: 0.9876 | Val Loss: 0.0462 | Val Acc: 0.9875 | Time: 10.73s
2025-04-19 00:23:00,281 - INFO - P1 (Round 2) - Epoch 9/10 | Loss: 0.0462 | Acc: 0.9877 | Val Loss: 0.0460 | Val Acc: 0.9874 | Time: 10.75s
2025-04-19 00:23:11,433 - INFO - P1 (Round 2) - Epoch 10/10 | Loss: 0.0459 | Acc: 0.9877 | Val Loss: 0.0461 | Val Acc: 0.9879 | Time: 11.15s
2025-04-19 00:23:22,272 - INFO - P2 (Round 2) - Epoch 1/10 | Loss: 0.8818 | Acc: 0.6775 | Val Loss: 0.8781 | Val Acc: 0.6785 | Time: 10.84s
2025-04-19 00:23:32,758 - INFO - P2 (Round 2) - Epoch 2/10 | Loss: 0.8781 | Acc: 0.6785 | Val Loss: 0.8781 | Val Acc: 0.6785 | Time: 10.49s
2025-04-19 00:23:42,681 - INFO - P2 (Round 2) - Epoch 3/10 | Loss: 0.8781 | Acc: 0.6785 | Val Loss: 0.8778 | Val Acc: 0.6785 | Time: 9.92s
2025-04-19 00:23:53,167 - INFO - P2 (Round 2) - Epoch 4/10 | Loss: 0.8780 | Acc: 0.6785 | Val Loss: 0.8778 | Val Acc: 0.6785 | Time: 10.49s
2025-04-19 00:24:03,604 - INFO - P2 (Round 2) - Epoch 5/10 | Loss: 0.8780 | Acc: 0.6785 | Val Loss: 0.8777 | Val Acc: 0.6785 | Time: 10.44s
2025-04-19 00:24:14,300 - INFO - P2 (Round 2) - Epoch 6/10 | Loss: 0.8780 | Acc: 0.6785 | Val Loss: 0.8777 | Val Acc: 0.6785 | Time: 10.70s
2025-04-19 00:24:25,435 - INFO - P2 (Round 2) - Epoch 7/10 | Loss: 0.8779 | Acc: 0.6785 | Val Loss: 0.8778 | Val Acc: 0.6785 | Time: 11.13s
2025-04-19 00:24:36,185 - INFO - P2 (Round 2) - Epoch 8/10 | Loss: 0.8780 | Acc: 0.6785 | Val Loss: 0.8777 | Val Acc: 0.6785 | Time: 10.75s
2025-04-19 00:24:46,499 - INFO - P2 (Round 2) - Epoch 9/10 | Loss: 0.8779 | Acc: 0.6785 | Val Loss: 0.8778 | Val Acc: 0.6785 | Time: 10.31s
2025-04-19 00:24:56,652 - INFO - P2 (Round 2) - Epoch 10/10 | Loss: 0.8779 | Acc: 0.6785 | Val Loss: 0.8780 | Val Acc: 0.6785 | Time: 10.15s
2025-04-19 00:24:58,932 - INFO - Round 2 completed in 215.37s
2025-04-19 00:24:58,932 - INFO - Global Model - P1 Test: Loss = 2.9476, Accuracy = 0.3272
2025-04-19 00:24:58,932 - INFO - Global Model - P2 Test: Loss = 0.9516, Accuracy = 0.6785
2025-04-19 00:25:09,572 - INFO - P1 (Round 3) - Epoch 1/10 | Loss: 0.0855 | Acc: 0.9806 | Val Loss: 0.0493 | Val Acc: 0.9871 | Time: 10.64s
2025-04-19 00:25:20,643 - INFO - P1 (Round 3) - Epoch 2/10 | Loss: 0.0484 | Acc: 0.9872 | Val Loss: 0.0477 | Val Acc: 0.9871 | Time: 11.07s
2025-04-19 00:25:31,884 - INFO - P1 (Round 3) - Epoch 3/10 | Loss: 0.0473 | Acc: 0.9874 | Val Loss: 0.0473 | Val Acc: 0.9869 | Time: 11.24s
2025-04-19 00:25:43,294 - INFO - P1 (Round 3) - Epoch 4/10 | Loss: 0.0468 | Acc: 0.9875 | Val Loss: 0.0468 | Val Acc: 0.9870 | Time: 11.41s
2025-04-19 00:25:53,829 - INFO - P1 (Round 3) - Epoch 5/10 | Loss: 0.0464 | Acc: 0.9876 | Val Loss: 0.0466 | Val Acc: 0.9877 | Time: 10.54s
2025-04-19 00:26:04,446 - INFO - P1 (Round 3) - Epoch 6/10 | Loss: 0.0462 | Acc: 0.9876 | Val Loss: 0.0458 | Val Acc: 0.9874 | Time: 10.62s
2025-04-19 00:26:15,222 - INFO - P1 (Round 3) - Epoch 7/10 | Loss: 0.0460 | Acc: 0.9876 | Val Loss: 0.0458 | Val Acc: 0.9875 | Time: 10.78s
2025-04-19 00:26:25,812 - INFO - P1 (Round 3) - Epoch 8/10 | Loss: 0.0458 | Acc: 0.9877 | Val Loss: 0.0462 | Val Acc: 0.9875 | Time: 10.59s
2025-04-19 00:26:36,469 - INFO - P1 (Round 3) - Epoch 9/10 | Loss: 0.0457 | Acc: 0.9877 | Val Loss: 0.0462 | Val Acc: 0.9877 | Time: 10.66s
2025-04-19 00:26:47,705 - INFO - P1 (Round 3) - Epoch 10/10 | Loss: 0.0456 | Acc: 0.9877 | Val Loss: 0.0468 | Val Acc: 0.9874 | Time: 11.24s
2025-04-19 00:26:58,536 - INFO - P2 (Round 3) - Epoch 1/10 | Loss: 0.8784 | Acc: 0.6785 | Val Loss: 0.8778 | Val Acc: 0.6785 | Time: 10.83s
2025-04-19 00:27:08,950 - INFO - P2 (Round 3) - Epoch 2/10 | Loss: 0.8780 | Acc: 0.6785 | Val Loss: 0.8785 | Val Acc: 0.6785 | Time: 10.41s
2025-04-19 00:27:19,780 - INFO - P2 (Round 3) - Epoch 3/10 | Loss: 0.8780 | Acc: 0.6785 | Val Loss: 0.8777 | Val Acc: 0.6785 | Time: 10.83s
2025-04-19 00:27:30,151 - INFO - P2 (Round 3) - Epoch 4/10 | Loss: 0.8780 | Acc: 0.6785 | Val Loss: 0.8779 | Val Acc: 0.6785 | Time: 10.37s
2025-04-19 00:27:40,545 - INFO - P2 (Round 3) - Epoch 5/10 | Loss: 0.8780 | Acc: 0.6785 | Val Loss: 0.8779 | Val Acc: 0.6785 | Time: 10.39s
2025-04-19 00:27:51,052 - INFO - P2 (Round 3) - Epoch 6/10 | Loss: 0.8779 | Acc: 0.6785 | Val Loss: 0.8779 | Val Acc: 0.6785 | Time: 10.51s
2025-04-19 00:28:02,615 - INFO - P2 (Round 3) - Epoch 7/10 | Loss: 0.8779 | Acc: 0.6785 | Val Loss: 0.8778 | Val Acc: 0.6785 | Time: 11.56s
2025-04-19 00:28:13,007 - INFO - P2 (Round 3) - Epoch 8/10 | Loss: 0.8779 | Acc: 0.6785 | Val Loss: 0.8781 | Val Acc: 0.6785 | Time: 10.39s
2025-04-19 00:28:23,427 - INFO - P2 (Round 3) - Epoch 9/10 | Loss: 0.8779 | Acc: 0.6785 | Val Loss: 0.8778 | Val Acc: 0.6785 | Time: 10.42s
2025-04-19 00:28:33,625 - INFO - P2 (Round 3) - Epoch 10/10 | Loss: 0.8779 | Acc: 0.6785 | Val Loss: 0.8778 | Val Acc: 0.6785 | Time: 10.20s
2025-04-19 00:28:35,863 - INFO - Round 3 completed in 216.93s
2025-04-19 00:28:35,864 - INFO - Global Model - P1 Test: Loss = 2.8268, Accuracy = 0.4731
2025-04-19 00:28:35,864 - INFO - Global Model - P2 Test: Loss = 2.0386, Accuracy = 0.5801
2025-04-19 00:28:46,221 - INFO - P1 (Round 4) - Epoch 1/10 | Loss: 0.0796 | Acc: 0.9823 | Val Loss: 0.0486 | Val Acc: 0.9877 | Time: 10.36s
2025-04-19 00:28:57,347 - INFO - P1 (Round 4) - Epoch 2/10 | Loss: 0.0467 | Acc: 0.9876 | Val Loss: 0.0463 | Val Acc: 0.9874 | Time: 11.13s
2025-04-19 00:29:08,624 - INFO - P1 (Round 4) - Epoch 3/10 | Loss: 0.0461 | Acc: 0.9876 | Val Loss: 0.0457 | Val Acc: 0.9873 | Time: 11.28s
2025-04-19 00:29:19,736 - INFO - P1 (Round 4) - Epoch 4/10 | Loss: 0.0458 | Acc: 0.9877 | Val Loss: 0.0456 | Val Acc: 0.9876 | Time: 11.11s
2025-04-19 00:29:30,376 - INFO - P1 (Round 4) - Epoch 5/10 | Loss: 0.0455 | Acc: 0.9877 | Val Loss: 0.0454 | Val Acc: 0.9874 | Time: 10.64s
2025-04-19 00:29:40,874 - INFO - P1 (Round 4) - Epoch 6/10 | Loss: 0.0453 | Acc: 0.9877 | Val Loss: 0.0452 | Val Acc: 0.9875 | Time: 10.50s
2025-04-19 00:29:51,328 - INFO - P1 (Round 4) - Epoch 7/10 | Loss: 0.0452 | Acc: 0.9878 | Val Loss: 0.0448 | Val Acc: 0.9878 | Time: 10.45s
2025-04-19 00:30:02,022 - INFO - P1 (Round 4) - Epoch 8/10 | Loss: 0.0450 | Acc: 0.9878 | Val Loss: 0.0463 | Val Acc: 0.9872 | Time: 10.69s
2025-04-19 00:30:12,428 - INFO - P1 (Round 4) - Epoch 9/10 | Loss: 0.0449 | Acc: 0.9878 | Val Loss: 0.0453 | Val Acc: 0.9876 | Time: 10.41s
2025-04-19 00:30:24,155 - INFO - P1 (Round 4) - Epoch 10/10 | Loss: 0.0448 | Acc: 0.9878 | Val Loss: 0.0448 | Val Acc: 0.9875 | Time: 11.73s
2025-04-19 00:30:34,742 - INFO - P2 (Round 4) - Epoch 1/10 | Loss: 0.8857 | Acc: 0.6783 | Val Loss: 0.8787 | Val Acc: 0.6785 | Time: 10.59s
2025-04-19 00:30:45,242 - INFO - P2 (Round 4) - Epoch 2/10 | Loss: 0.8787 | Acc: 0.6785 | Val Loss: 0.8790 | Val Acc: 0.6785 | Time: 10.50s
2025-04-19 00:30:55,710 - INFO - P2 (Round 4) - Epoch 3/10 | Loss: 0.8787 | Acc: 0.6785 | Val Loss: 0.8784 | Val Acc: 0.6785 | Time: 10.47s
2025-04-19 00:31:06,177 - INFO - P2 (Round 4) - Epoch 4/10 | Loss: 0.8787 | Acc: 0.6785 | Val Loss: 0.8802 | Val Acc: 0.6785 | Time: 10.47s
2025-04-19 00:31:16,358 - INFO - P2 (Round 4) - Epoch 5/10 | Loss: 0.8786 | Acc: 0.6785 | Val Loss: 0.8783 | Val Acc: 0.6785 | Time: 10.18s
2025-04-19 00:31:26,544 - INFO - P2 (Round 4) - Epoch 6/10 | Loss: 0.8786 | Acc: 0.6785 | Val Loss: 0.8779 | Val Acc: 0.6785 | Time: 10.19s
2025-04-19 00:31:38,006 - INFO - P2 (Round 4) - Epoch 7/10 | Loss: 0.8785 | Acc: 0.6785 | Val Loss: 0.8786 | Val Acc: 0.6785 | Time: 11.46s
2025-04-19 00:31:48,549 - INFO - P2 (Round 4) - Epoch 8/10 | Loss: 0.8785 | Acc: 0.6785 | Val Loss: 0.8778 | Val Acc: 0.6785 | Time: 10.54s
2025-04-19 00:31:58,977 - INFO - P2 (Round 4) - Epoch 9/10 | Loss: 0.8784 | Acc: 0.6785 | Val Loss: 0.8784 | Val Acc: 0.6785 | Time: 10.43s
2025-04-19 00:32:09,370 - INFO - P2 (Round 4) - Epoch 10/10 | Loss: 0.8785 | Acc: 0.6785 | Val Loss: 0.8793 | Val Acc: 0.6785 | Time: 10.39s
2025-04-19 00:32:11,630 - INFO - Round 4 completed in 215.77s
2025-04-19 00:32:11,630 - INFO - Global Model - P1 Test: Loss = 4.0500, Accuracy = 0.4501
2025-04-19 00:32:11,630 - INFO - Global Model - P2 Test: Loss = 1.5999, Accuracy = 0.5801
2025-04-19 00:32:22,144 - INFO - P1 (Round 5) - Epoch 1/10 | Loss: 0.0938 | Acc: 0.9801 | Val Loss: 0.0465 | Val Acc: 0.9875 | Time: 10.51s
2025-04-19 00:32:32,610 - INFO - P1 (Round 5) - Epoch 2/10 | Loss: 0.0461 | Acc: 0.9877 | Val Loss: 0.0455 | Val Acc: 0.9877 | Time: 10.47s
2025-04-19 00:32:44,007 - INFO - P1 (Round 5) - Epoch 3/10 | Loss: 0.0455 | Acc: 0.9878 | Val Loss: 0.0450 | Val Acc: 0.9877 | Time: 11.40s
2025-04-19 00:32:55,132 - INFO - P1 (Round 5) - Epoch 4/10 | Loss: 0.0452 | Acc: 0.9879 | Val Loss: 0.0456 | Val Acc: 0.9874 | Time: 11.12s
2025-04-19 00:33:05,664 - INFO - P1 (Round 5) - Epoch 5/10 | Loss: 0.0450 | Acc: 0.9879 | Val Loss: 0.0453 | Val Acc: 0.9878 | Time: 10.53s
2025-04-19 00:33:16,475 - INFO - P1 (Round 5) - Epoch 6/10 | Loss: 0.0449 | Acc: 0.9879 | Val Loss: 0.0449 | Val Acc: 0.9877 | Time: 10.81s
2025-04-19 00:33:27,237 - INFO - P1 (Round 5) - Epoch 7/10 | Loss: 0.0448 | Acc: 0.9879 | Val Loss: 0.0445 | Val Acc: 0.9878 | Time: 10.76s
2025-04-19 00:33:37,761 - INFO - P1 (Round 5) - Epoch 8/10 | Loss: 0.0446 | Acc: 0.9879 | Val Loss: 0.0447 | Val Acc: 0.9878 | Time: 10.52s
2025-04-19 00:33:48,458 - INFO - P1 (Round 5) - Epoch 9/10 | Loss: 0.0446 | Acc: 0.9879 | Val Loss: 0.0458 | Val Acc: 0.9880 | Time: 10.70s
2025-04-19 00:34:00,147 - INFO - P1 (Round 5) - Epoch 10/10 | Loss: 0.0445 | Acc: 0.9879 | Val Loss: 0.0444 | Val Acc: 0.9879 | Time: 11.69s
2025-04-19 00:34:10,564 - INFO - P2 (Round 5) - Epoch 1/10 | Loss: 0.8806 | Acc: 0.6781 | Val Loss: 0.8778 | Val Acc: 0.6785 | Time: 10.42s
2025-04-19 00:34:20,998 - INFO - P2 (Round 5) - Epoch 2/10 | Loss: 0.8785 | Acc: 0.6785 | Val Loss: 0.8781 | Val Acc: 0.6785 | Time: 10.43s
2025-04-19 00:34:31,392 - INFO - P2 (Round 5) - Epoch 3/10 | Loss: 0.8784 | Acc: 0.6785 | Val Loss: 0.8777 | Val Acc: 0.6785 | Time: 10.39s
2025-04-19 00:34:41,910 - INFO - P2 (Round 5) - Epoch 4/10 | Loss: 0.8784 | Acc: 0.6785 | Val Loss: 0.8783 | Val Acc: 0.6785 | Time: 10.52s
2025-04-19 00:34:52,439 - INFO - P2 (Round 5) - Epoch 5/10 | Loss: 0.8784 | Acc: 0.6785 | Val Loss: 0.8788 | Val Acc: 0.6785 | Time: 10.53s
2025-04-19 00:35:02,977 - INFO - P2 (Round 5) - Epoch 6/10 | Loss: 0.8783 | Acc: 0.6785 | Val Loss: 0.8778 | Val Acc: 0.6785 | Time: 10.54s
2025-04-19 00:35:14,115 - INFO - P2 (Round 5) - Epoch 7/10 | Loss: 0.8783 | Acc: 0.6785 | Val Loss: 0.8780 | Val Acc: 0.6785 | Time: 11.14s
2025-04-19 00:35:24,302 - INFO - P2 (Round 5) - Epoch 8/10 | Loss: 0.8782 | Acc: 0.6785 | Val Loss: 0.8787 | Val Acc: 0.6785 | Time: 10.19s
2025-04-19 00:35:34,713 - INFO - P2 (Round 5) - Epoch 9/10 | Loss: 0.8783 | Acc: 0.6785 | Val Loss: 0.8781 | Val Acc: 0.6785 | Time: 10.41s
2025-04-19 00:35:45,134 - INFO - P2 (Round 5) - Epoch 10/10 | Loss: 0.8782 | Acc: 0.6785 | Val Loss: 0.8807 | Val Acc: 0.6785 | Time: 10.42s
2025-04-19 00:35:47,476 - INFO - Round 5 completed in 215.85s
2025-04-19 00:35:47,476 - INFO - Global Model - P1 Test: Loss = 3.4758, Accuracy = 0.4478
2025-04-19 00:35:47,476 - INFO - Global Model - P2 Test: Loss = 1.6972, Accuracy = 0.5801
2025-04-19 00:35:57,889 - INFO - P1 (Round 6) - Epoch 1/10 | Loss: 0.0860 | Acc: 0.9817 | Val Loss: 0.0462 | Val Acc: 0.9873 | Time: 10.41s
2025-04-19 00:36:08,345 - INFO - P1 (Round 6) - Epoch 2/10 | Loss: 0.0458 | Acc: 0.9877 | Val Loss: 0.0452 | Val Acc: 0.9877 | Time: 10.46s
2025-04-19 00:36:19,902 - INFO - P1 (Round 6) - Epoch 3/10 | Loss: 0.0451 | Acc: 0.9878 | Val Loss: 0.0455 | Val Acc: 0.9878 | Time: 11.56s
2025-04-19 00:36:30,793 - INFO - P1 (Round 6) - Epoch 4/10 | Loss: 0.0448 | Acc: 0.9878 | Val Loss: 0.0453 | Val Acc: 0.9880 | Time: 10.89s
2025-04-19 00:36:41,488 - INFO - P1 (Round 6) - Epoch 5/10 | Loss: 0.0446 | Acc: 0.9878 | Val Loss: 0.0448 | Val Acc: 0.9874 | Time: 10.69s
2025-04-19 00:36:52,128 - INFO - P1 (Round 6) - Epoch 6/10 | Loss: 0.0445 | Acc: 0.9878 | Val Loss: 0.0444 | Val Acc: 0.9874 | Time: 10.64s
2025-04-19 00:37:02,866 - INFO - P1 (Round 6) - Epoch 7/10 | Loss: 0.0442 | Acc: 0.9879 | Val Loss: 0.0454 | Val Acc: 0.9880 | Time: 10.74s
2025-04-19 00:37:13,436 - INFO - P1 (Round 6) - Epoch 8/10 | Loss: 0.0438 | Acc: 0.9880 | Val Loss: 0.0436 | Val Acc: 0.9878 | Time: 10.57s
2025-04-19 00:37:24,107 - INFO - P1 (Round 6) - Epoch 9/10 | Loss: 0.0436 | Acc: 0.9880 | Val Loss: 0.0432 | Val Acc: 0.9878 | Time: 10.67s
2025-04-19 00:37:35,684 - INFO - P1 (Round 6) - Epoch 10/10 | Loss: 0.0434 | Acc: 0.9880 | Val Loss: 0.0431 | Val Acc: 0.9880 | Time: 11.58s
2025-04-19 00:37:46,037 - INFO - P2 (Round 6) - Epoch 1/10 | Loss: 0.8813 | Acc: 0.6780 | Val Loss: 0.8778 | Val Acc: 0.6785 | Time: 10.35s
2025-04-19 00:37:56,492 - INFO - P2 (Round 6) - Epoch 2/10 | Loss: 0.8785 | Acc: 0.6785 | Val Loss: 0.8781 | Val Acc: 0.6785 | Time: 10.45s
2025-04-19 00:38:06,789 - INFO - P2 (Round 6) - Epoch 3/10 | Loss: 0.8784 | Acc: 0.6785 | Val Loss: 0.8784 | Val Acc: 0.6785 | Time: 10.30s
2025-04-19 00:38:17,410 - INFO - P2 (Round 6) - Epoch 4/10 | Loss: 0.8784 | Acc: 0.6785 | Val Loss: 0.8794 | Val Acc: 0.6785 | Time: 10.62s
2025-04-19 00:38:27,935 - INFO - P2 (Round 6) - Epoch 5/10 | Loss: 0.8783 | Acc: 0.6785 | Val Loss: 0.8777 | Val Acc: 0.6785 | Time: 10.52s
2025-04-19 00:38:38,744 - INFO - P2 (Round 6) - Epoch 6/10 | Loss: 0.8783 | Acc: 0.6785 | Val Loss: 0.8784 | Val Acc: 0.6785 | Time: 10.81s
2025-04-19 00:38:49,786 - INFO - P2 (Round 6) - Epoch 7/10 | Loss: 0.8783 | Acc: 0.6785 | Val Loss: 0.8781 | Val Acc: 0.6785 | Time: 11.04s
2025-04-19 00:39:00,330 - INFO - P2 (Round 6) - Epoch 8/10 | Loss: 0.8783 | Acc: 0.6785 | Val Loss: 0.8778 | Val Acc: 0.6785 | Time: 10.54s
2025-04-19 00:39:11,052 - INFO - P2 (Round 6) - Epoch 9/10 | Loss: 0.8783 | Acc: 0.6785 | Val Loss: 0.8783 | Val Acc: 0.6785 | Time: 10.72s
2025-04-19 00:39:21,506 - INFO - P2 (Round 6) - Epoch 10/10 | Loss: 0.8783 | Acc: 0.6785 | Val Loss: 0.8789 | Val Acc: 0.6785 | Time: 10.45s
2025-04-19 00:39:23,715 - INFO - Round 6 completed in 216.24s
2025-04-19 00:39:23,715 - INFO - Global Model - P1 Test: Loss = 3.3553, Accuracy = 0.5197
2025-04-19 00:39:23,715 - INFO - Global Model - P2 Test: Loss = 1.7581, Accuracy = 0.5801
2025-04-19 00:39:34,443 - INFO - P1 (Round 7) - Epoch 1/10 | Loss: 0.0733 | Acc: 0.9821 | Val Loss: 0.0453 | Val Acc: 0.9874 | Time: 10.73s
2025-04-19 00:39:45,376 - INFO - P1 (Round 7) - Epoch 2/10 | Loss: 0.0450 | Acc: 0.9878 | Val Loss: 0.0456 | Val Acc: 0.9877 | Time: 10.93s
2025-04-19 00:39:57,352 - INFO - P1 (Round 7) - Epoch 3/10 | Loss: 0.0446 | Acc: 0.9878 | Val Loss: 0.0449 | Val Acc: 0.9875 | Time: 11.98s
2025-04-19 00:40:08,076 - INFO - P1 (Round 7) - Epoch 4/10 | Loss: 0.0445 | Acc: 0.9879 | Val Loss: 0.0441 | Val Acc: 0.9879 | Time: 10.72s
2025-04-19 00:40:18,653 - INFO - P1 (Round 7) - Epoch 5/10 | Loss: 0.0442 | Acc: 0.9879 | Val Loss: 0.0449 | Val Acc: 0.9880 | Time: 10.58s
2025-04-19 00:40:29,404 - INFO - P1 (Round 7) - Epoch 6/10 | Loss: 0.0441 | Acc: 0.9879 | Val Loss: 0.0460 | Val Acc: 0.9878 | Time: 10.75s
2025-04-19 00:40:39,983 - INFO - P1 (Round 7) - Epoch 7/10 | Loss: 0.0440 | Acc: 0.9880 | Val Loss: 0.0439 | Val Acc: 0.9877 | Time: 10.58s
2025-04-19 00:40:50,920 - INFO - P1 (Round 7) - Epoch 8/10 | Loss: 0.0440 | Acc: 0.9880 | Val Loss: 0.0445 | Val Acc: 0.9878 | Time: 10.94s
2025-04-19 00:41:01,897 - INFO - P1 (Round 7) - Epoch 9/10 | Loss: 0.0439 | Acc: 0.9880 | Val Loss: 0.0438 | Val Acc: 0.9878 | Time: 10.98s
2025-04-19 00:41:13,400 - INFO - P1 (Round 7) - Epoch 10/10 | Loss: 0.0438 | Acc: 0.9880 | Val Loss: 0.0440 | Val Acc: 0.9880 | Time: 11.50s
2025-04-19 00:41:23,733 - INFO - P2 (Round 7) - Epoch 1/10 | Loss: 0.8822 | Acc: 0.6779 | Val Loss: 0.8790 | Val Acc: 0.6785 | Time: 10.33s
2025-04-19 00:41:34,139 - INFO - P2 (Round 7) - Epoch 2/10 | Loss: 0.8784 | Acc: 0.6785 | Val Loss: 0.8782 | Val Acc: 0.6785 | Time: 10.41s
2025-04-19 00:41:44,504 - INFO - P2 (Round 7) - Epoch 3/10 | Loss: 0.8784 | Acc: 0.6785 | Val Loss: 0.8777 | Val Acc: 0.6785 | Time: 10.37s
2025-04-19 00:41:54,928 - INFO - P2 (Round 7) - Epoch 4/10 | Loss: 0.8784 | Acc: 0.6785 | Val Loss: 0.8780 | Val Acc: 0.6785 | Time: 10.42s
2025-04-19 00:42:05,324 - INFO - P2 (Round 7) - Epoch 5/10 | Loss: 0.8784 | Acc: 0.6785 | Val Loss: 0.8791 | Val Acc: 0.6785 | Time: 10.40s
2025-04-19 00:42:16,631 - INFO - P2 (Round 7) - Epoch 6/10 | Loss: 0.8784 | Acc: 0.6785 | Val Loss: 0.8782 | Val Acc: 0.6785 | Time: 11.31s
2025-04-19 00:42:27,275 - INFO - P2 (Round 7) - Epoch 7/10 | Loss: 0.8783 | Acc: 0.6785 | Val Loss: 0.8777 | Val Acc: 0.6785 | Time: 10.64s
2025-04-19 00:42:37,727 - INFO - P2 (Round 7) - Epoch 8/10 | Loss: 0.8783 | Acc: 0.6785 | Val Loss: 0.8778 | Val Acc: 0.6785 | Time: 10.45s
2025-04-19 00:42:48,268 - INFO - P2 (Round 7) - Epoch 9/10 | Loss: 0.8783 | Acc: 0.6785 | Val Loss: 0.8785 | Val Acc: 0.6785 | Time: 10.54s
2025-04-19 00:42:58,509 - INFO - P2 (Round 7) - Epoch 10/10 | Loss: 0.8782 | Acc: 0.6785 | Val Loss: 0.8782 | Val Acc: 0.6785 | Time: 10.24s
2025-04-19 00:43:00,865 - INFO - Round 7 completed in 217.15s
2025-04-19 00:43:00,865 - INFO - Global Model - P1 Test: Loss = 3.2092, Accuracy = 0.5194
2025-04-19 00:43:00,865 - INFO - Global Model - P2 Test: Loss = 1.9427, Accuracy = 0.5801
2025-04-19 00:43:11,308 - INFO - P1 (Round 8) - Epoch 1/10 | Loss: 0.0694 | Acc: 0.9822 | Val Loss: 0.0472 | Val Acc: 0.9877 | Time: 10.44s
2025-04-19 00:43:22,126 - INFO - P1 (Round 8) - Epoch 2/10 | Loss: 0.0445 | Acc: 0.9878 | Val Loss: 0.0446 | Val Acc: 0.9877 | Time: 10.82s
2025-04-19 00:43:33,801 - INFO - P1 (Round 8) - Epoch 3/10 | Loss: 0.0441 | Acc: 0.9879 | Val Loss: 0.0453 | Val Acc: 0.9878 | Time: 11.67s
2025-04-19 00:43:44,417 - INFO - P1 (Round 8) - Epoch 4/10 | Loss: 0.0440 | Acc: 0.9879 | Val Loss: 0.0438 | Val Acc: 0.9879 | Time: 10.62s
2025-04-19 00:43:54,914 - INFO - P1 (Round 8) - Epoch 5/10 | Loss: 0.0438 | Acc: 0.9880 | Val Loss: 0.0453 | Val Acc: 0.9878 | Time: 10.50s
2025-04-19 00:44:05,442 - INFO - P1 (Round 8) - Epoch 6/10 | Loss: 0.0438 | Acc: 0.9879 | Val Loss: 0.0438 | Val Acc: 0.9879 | Time: 10.53s
2025-04-19 00:44:16,040 - INFO - P1 (Round 8) - Epoch 7/10 | Loss: 0.0436 | Acc: 0.9880 | Val Loss: 0.0442 | Val Acc: 0.9880 | Time: 10.60s
2025-04-19 00:44:26,700 - INFO - P1 (Round 8) - Epoch 8/10 | Loss: 0.0437 | Acc: 0.9880 | Val Loss: 0.0437 | Val Acc: 0.9880 | Time: 10.66s
2025-04-19 00:44:37,639 - INFO - P1 (Round 8) - Epoch 9/10 | Loss: 0.0436 | Acc: 0.9880 | Val Loss: 0.0448 | Val Acc: 0.9880 | Time: 10.94s
2025-04-19 00:44:48,805 - INFO - P1 (Round 8) - Epoch 10/10 | Loss: 0.0435 | Acc: 0.9880 | Val Loss: 0.0441 | Val Acc: 0.9874 | Time: 11.17s
2025-04-19 00:44:59,104 - INFO - P2 (Round 8) - Epoch 1/10 | Loss: 0.8824 | Acc: 0.6779 | Val Loss: 0.8778 | Val Acc: 0.6785 | Time: 10.30s
2025-04-19 00:45:09,442 - INFO - P2 (Round 8) - Epoch 2/10 | Loss: 0.8785 | Acc: 0.6785 | Val Loss: 0.8780 | Val Acc: 0.6785 | Time: 10.34s
2025-04-19 00:45:19,720 - INFO - P2 (Round 8) - Epoch 3/10 | Loss: 0.8784 | Acc: 0.6785 | Val Loss: 0.8777 | Val Acc: 0.6785 | Time: 10.28s
2025-04-19 00:45:30,085 - INFO - P2 (Round 8) - Epoch 4/10 | Loss: 0.8784 | Acc: 0.6785 | Val Loss: 0.8781 | Val Acc: 0.6785 | Time: 10.36s
2025-04-19 00:45:40,589 - INFO - P2 (Round 8) - Epoch 5/10 | Loss: 0.8784 | Acc: 0.6785 | Val Loss: 0.8780 | Val Acc: 0.6785 | Time: 10.50s
2025-04-19 00:45:51,725 - INFO - P2 (Round 8) - Epoch 6/10 | Loss: 0.8784 | Acc: 0.6785 | Val Loss: 0.8779 | Val Acc: 0.6785 | Time: 11.14s
2025-04-19 00:46:02,685 - INFO - P2 (Round 8) - Epoch 7/10 | Loss: 0.8783 | Acc: 0.6785 | Val Loss: 0.8795 | Val Acc: 0.6785 | Time: 10.96s
2025-04-19 00:46:13,182 - INFO - P2 (Round 8) - Epoch 8/10 | Loss: 0.8783 | Acc: 0.6785 | Val Loss: 0.8784 | Val Acc: 0.6785 | Time: 10.50s
2025-04-19 00:46:23,421 - INFO - P2 (Round 8) - Epoch 9/10 | Loss: 0.8783 | Acc: 0.6785 | Val Loss: 0.8781 | Val Acc: 0.6785 | Time: 10.24s
2025-04-19 00:46:33,754 - INFO - P2 (Round 8) - Epoch 10/10 | Loss: 0.8783 | Acc: 0.6785 | Val Loss: 0.8781 | Val Acc: 0.6785 | Time: 10.33s
2025-04-19 00:46:36,031 - INFO - Round 8 completed in 215.17s
2025-04-19 00:46:36,031 - INFO - Global Model - P1 Test: Loss = 3.1043, Accuracy = 0.5182
2025-04-19 00:46:36,031 - INFO - Global Model - P2 Test: Loss = 2.1288, Accuracy = 0.5801
2025-04-19 00:46:46,847 - INFO - P1 (Round 9) - Epoch 1/10 | Loss: 0.0610 | Acc: 0.9848 | Val Loss: 0.0449 | Val Acc: 0.9879 | Time: 10.81s
2025-04-19 00:46:57,656 - INFO - P1 (Round 9) - Epoch 2/10 | Loss: 0.0442 | Acc: 0.9879 | Val Loss: 0.0447 | Val Acc: 0.9880 | Time: 10.81s
2025-04-19 00:47:09,201 - INFO - P1 (Round 9) - Epoch 3/10 | Loss: 0.0440 | Acc: 0.9879 | Val Loss: 0.0441 | Val Acc: 0.9878 | Time: 11.55s
2025-04-19 00:47:19,956 - INFO - P1 (Round 9) - Epoch 4/10 | Loss: 0.0437 | Acc: 0.9879 | Val Loss: 0.0443 | Val Acc: 0.9876 | Time: 10.75s
2025-04-19 00:47:30,744 - INFO - P1 (Round 9) - Epoch 5/10 | Loss: 0.0436 | Acc: 0.9880 | Val Loss: 0.0446 | Val Acc: 0.9874 | Time: 10.79s
2025-04-19 00:47:41,272 - INFO - P1 (Round 9) - Epoch 6/10 | Loss: 0.0435 | Acc: 0.9879 | Val Loss: 0.0441 | Val Acc: 0.9874 | Time: 10.53s
2025-04-19 00:47:51,914 - INFO - P1 (Round 9) - Epoch 7/10 | Loss: 0.0435 | Acc: 0.9880 | Val Loss: 0.0431 | Val Acc: 0.9880 | Time: 10.64s
2025-04-19 00:48:02,536 - INFO - P1 (Round 9) - Epoch 8/10 | Loss: 0.0435 | Acc: 0.9880 | Val Loss: 0.0437 | Val Acc: 0.9880 | Time: 10.62s
2025-04-19 00:48:13,769 - INFO - P1 (Round 9) - Epoch 9/10 | Loss: 0.0435 | Acc: 0.9880 | Val Loss: 0.0439 | Val Acc: 0.9875 | Time: 11.23s
2025-04-19 00:48:25,208 - INFO - P1 (Round 9) - Epoch 10/10 | Loss: 0.0435 | Acc: 0.9880 | Val Loss: 0.0438 | Val Acc: 0.9880 | Time: 11.44s
2025-04-19 00:48:35,584 - INFO - P2 (Round 9) - Epoch 1/10 | Loss: 0.8841 | Acc: 0.6777 | Val Loss: 0.8787 | Val Acc: 0.6785 | Time: 10.38s
2025-04-19 00:48:45,966 - INFO - P2 (Round 9) - Epoch 2/10 | Loss: 0.8784 | Acc: 0.6785 | Val Loss: 0.8783 | Val Acc: 0.6785 | Time: 10.38s
2025-04-19 00:48:56,311 - INFO - P2 (Round 9) - Epoch 3/10 | Loss: 0.8784 | Acc: 0.6785 | Val Loss: 0.8783 | Val Acc: 0.6785 | Time: 10.35s
2025-04-19 00:49:06,617 - INFO - P2 (Round 9) - Epoch 4/10 | Loss: 0.8783 | Acc: 0.6785 | Val Loss: 0.8779 | Val Acc: 0.6785 | Time: 10.31s
2025-04-19 00:49:17,008 - INFO - P2 (Round 9) - Epoch 5/10 | Loss: 0.8783 | Acc: 0.6785 | Val Loss: 0.8784 | Val Acc: 0.6785 | Time: 10.39s
2025-04-19 00:49:28,373 - INFO - P2 (Round 9) - Epoch 6/10 | Loss: 0.8783 | Acc: 0.6785 | Val Loss: 0.8788 | Val Acc: 0.6785 | Time: 11.36s
2025-04-19 00:49:38,829 - INFO - P2 (Round 9) - Epoch 7/10 | Loss: 0.8783 | Acc: 0.6785 | Val Loss: 0.8781 | Val Acc: 0.6785 | Time: 10.46s
2025-04-19 00:49:49,285 - INFO - P2 (Round 9) - Epoch 8/10 | Loss: 0.8783 | Acc: 0.6785 | Val Loss: 0.8779 | Val Acc: 0.6785 | Time: 10.46s
2025-04-19 00:49:59,720 - INFO - P2 (Round 9) - Epoch 9/10 | Loss: 0.8783 | Acc: 0.6785 | Val Loss: 0.8780 | Val Acc: 0.6785 | Time: 10.43s
2025-04-19 00:50:09,923 - INFO - P2 (Round 9) - Epoch 10/10 | Loss: 0.8783 | Acc: 0.6785 | Val Loss: 0.8782 | Val Acc: 0.6785 | Time: 10.20s
2025-04-19 00:50:12,156 - INFO - Round 9 completed in 216.12s
2025-04-19 00:50:12,156 - INFO - Global Model - P1 Test: Loss = 2.6018, Accuracy = 0.5215
2025-04-19 00:50:12,156 - INFO - Global Model - P2 Test: Loss = 2.4403, Accuracy = 0.5801
2025-04-19 00:50:22,940 - INFO - P1 (Round 10) - Epoch 1/10 | Loss: 0.0554 | Acc: 0.9855 | Val Loss: 0.0443 | Val Acc: 0.9879 | Time: 10.78s
2025-04-19 00:50:34,068 - INFO - P1 (Round 10) - Epoch 2/10 | Loss: 0.0440 | Acc: 0.9879 | Val Loss: 0.0444 | Val Acc: 0.9879 | Time: 11.13s
2025-04-19 00:50:45,965 - INFO - P1 (Round 10) - Epoch 3/10 | Loss: 0.0436 | Acc: 0.9880 | Val Loss: 0.0444 | Val Acc: 0.9874 | Time: 11.90s
2025-04-19 00:50:56,754 - INFO - P1 (Round 10) - Epoch 4/10 | Loss: 0.0435 | Acc: 0.9880 | Val Loss: 0.0439 | Val Acc: 0.9877 | Time: 10.79s
2025-04-19 00:51:07,294 - INFO - P1 (Round 10) - Epoch 5/10 | Loss: 0.0434 | Acc: 0.9880 | Val Loss: 0.0439 | Val Acc: 0.9879 | Time: 10.54s
2025-04-19 00:51:17,859 - INFO - P1 (Round 10) - Epoch 6/10 | Loss: 0.0434 | Acc: 0.9880 | Val Loss: 0.0438 | Val Acc: 0.9876 | Time: 10.56s
2025-04-19 00:51:28,534 - INFO - P1 (Round 10) - Epoch 7/10 | Loss: 0.0434 | Acc: 0.9880 | Val Loss: 0.0433 | Val Acc: 0.9877 | Time: 10.68s
2025-04-19 00:51:39,268 - INFO - P1 (Round 10) - Epoch 8/10 | Loss: 0.0433 | Acc: 0.9880 | Val Loss: 0.0441 | Val Acc: 0.9878 | Time: 10.73s
2025-04-19 00:51:50,984 - INFO - P1 (Round 10) - Epoch 9/10 | Loss: 0.0433 | Acc: 0.9881 | Val Loss: 0.0434 | Val Acc: 0.9875 | Time: 11.72s
2025-04-19 00:52:01,823 - INFO - P1 (Round 10) - Epoch 10/10 | Loss: 0.0432 | Acc: 0.9880 | Val Loss: 0.0433 | Val Acc: 0.9880 | Time: 10.84s
2025-04-19 00:52:12,118 - INFO - P2 (Round 10) - Epoch 1/10 | Loss: 0.8868 | Acc: 0.6774 | Val Loss: 0.8791 | Val Acc: 0.6785 | Time: 10.30s
2025-04-19 00:52:22,343 - INFO - P2 (Round 10) - Epoch 2/10 | Loss: 0.8784 | Acc: 0.6785 | Val Loss: 0.8786 | Val Acc: 0.6785 | Time: 10.22s
2025-04-19 00:52:32,630 - INFO - P2 (Round 10) - Epoch 3/10 | Loss: 0.8784 | Acc: 0.6785 | Val Loss: 0.8781 | Val Acc: 0.6785 | Time: 10.29s
2025-04-19 00:52:42,786 - INFO - P2 (Round 10) - Epoch 4/10 | Loss: 0.8783 | Acc: 0.6785 | Val Loss: 0.8778 | Val Acc: 0.6785 | Time: 10.16s
2025-04-19 00:52:53,160 - INFO - P2 (Round 10) - Epoch 5/10 | Loss: 0.8783 | Acc: 0.6785 | Val Loss: 0.8779 | Val Acc: 0.6785 | Time: 10.37s
2025-04-19 00:53:04,678 - INFO - P2 (Round 10) - Epoch 6/10 | Loss: 0.8783 | Acc: 0.6785 | Val Loss: 0.8787 | Val Acc: 0.6785 | Time: 11.52s
2025-04-19 00:53:14,984 - INFO - P2 (Round 10) - Epoch 7/10 | Loss: 0.8783 | Acc: 0.6785 | Val Loss: 0.8781 | Val Acc: 0.6785 | Time: 10.31s
2025-04-19 00:53:25,427 - INFO - P2 (Round 10) - Epoch 8/10 | Loss: 0.8783 | Acc: 0.6785 | Val Loss: 0.8778 | Val Acc: 0.6785 | Time: 10.44s
2025-04-19 00:53:35,820 - INFO - P2 (Round 10) - Epoch 9/10 | Loss: 0.8782 | Acc: 0.6785 | Val Loss: 0.8780 | Val Acc: 0.6785 | Time: 10.39s
2025-04-19 00:53:46,362 - INFO - P2 (Round 10) - Epoch 10/10 | Loss: 0.8782 | Acc: 0.6785 | Val Loss: 0.8783 | Val Acc: 0.6785 | Time: 10.54s
2025-04-19 00:53:48,704 - INFO - Round 10 completed in 216.55s
2025-04-19 00:53:48,704 - INFO - Global Model - P1 Test: Loss = 2.8502, Accuracy = 0.5340
2025-04-19 00:53:48,704 - INFO - Global Model - P2 Test: Loss = 2.8216, Accuracy = 0.5801
2025-04-19 00:53:50,993 - INFO - Final Results after 10 rounds:
2025-04-19 00:53:50,993 - INFO - Global Model - P1 Test: Loss = 2.8502, Accuracy = 0.5340
2025-04-19 00:53:50,993 - INFO - Global Model - P2 Test: Loss = 2.8216, Accuracy = 0.5801
2025-04-19 00:53:50,999 - INFO - Experiment 168 results saved to results/suppression_experiments/exp_168_p1f3_p2f1.json
