2025-04-18 23:40:03,037 - INFO - Starting Suppression Experiment 157
2025-04-18 23:40:03,037 - INFO - P1 Features (3/14): ['protocol', 'bidirectional_min_ps', 'bidirectional_mean_ps']
2025-04-18 23:40:03,037 - INFO - P2 Features (12/14): ['protocol', 'bidirectional_min_ps', 'bidirectional_mean_ps', 'bidirectional_stddev_ps', 'bidirectional_max_ps', 'src2dst_stddev_ps', 'src2dst_max_ps', 'dst2src_min_ps', 'dst2src_mean_ps', 'dst2src_stddev_ps', 'dst2src_max_ps', 'bidirectional_stddev_piat_ms']
2025-04-18 23:40:12,997 - INFO - P1 (Round 1) - Epoch 1/10 | Loss: 0.2422 | Acc: 0.9390 | Val Loss: 0.0862 | Val Acc: 0.9790 | Time: 9.86s
2025-04-18 23:40:25,191 - INFO - P1 (Round 1) - Epoch 2/10 | Loss: 0.0715 | Acc: 0.9816 | Val Loss: 0.0663 | Val Acc: 0.9825 | Time: 12.19s
2025-04-18 23:40:35,067 - INFO - P1 (Round 1) - Epoch 3/10 | Loss: 0.0633 | Acc: 0.9824 | Val Loss: 0.0626 | Val Acc: 0.9823 | Time: 9.88s
2025-04-18 23:40:44,989 - INFO - P1 (Round 1) - Epoch 4/10 | Loss: 0.0609 | Acc: 0.9826 | Val Loss: 0.0601 | Val Acc: 0.9824 | Time: 9.92s
2025-04-18 23:40:56,136 - INFO - P1 (Round 1) - Epoch 5/10 | Loss: 0.0591 | Acc: 0.9829 | Val Loss: 0.0583 | Val Acc: 0.9825 | Time: 11.15s
2025-04-18 23:41:08,086 - INFO - P1 (Round 1) - Epoch 6/10 | Loss: 0.0566 | Acc: 0.9832 | Val Loss: 0.0554 | Val Acc: 0.9832 | Time: 11.95s
2025-04-18 23:41:19,941 - INFO - P1 (Round 1) - Epoch 7/10 | Loss: 0.0540 | Acc: 0.9848 | Val Loss: 0.0530 | Val Acc: 0.9852 | Time: 11.86s
2025-04-18 23:41:32,561 - INFO - P1 (Round 1) - Epoch 8/10 | Loss: 0.0519 | Acc: 0.9858 | Val Loss: 0.0513 | Val Acc: 0.9865 | Time: 12.62s
2025-04-18 23:41:45,191 - INFO - P1 (Round 1) - Epoch 9/10 | Loss: 0.0504 | Acc: 0.9866 | Val Loss: 0.0501 | Val Acc: 0.9864 | Time: 12.63s
2025-04-18 23:41:57,179 - INFO - P1 (Round 1) - Epoch 10/10 | Loss: 0.0495 | Acc: 0.9868 | Val Loss: 0.0495 | Val Acc: 0.9870 | Time: 11.99s
2025-04-18 23:42:08,632 - INFO - P2 (Round 1) - Epoch 1/10 | Loss: 0.2991 | Acc: 0.8812 | Val Loss: 0.1336 | Val Acc: 0.9547 | Time: 11.45s
2025-04-18 23:42:20,218 - INFO - P2 (Round 1) - Epoch 2/10 | Loss: 0.1111 | Acc: 0.9602 | Val Loss: 0.1002 | Val Acc: 0.9627 | Time: 11.59s
2025-04-18 23:42:31,927 - INFO - P2 (Round 1) - Epoch 3/10 | Loss: 0.0960 | Acc: 0.9650 | Val Loss: 0.0913 | Val Acc: 0.9678 | Time: 11.71s
2025-04-18 23:42:44,177 - INFO - P2 (Round 1) - Epoch 4/10 | Loss: 0.0900 | Acc: 0.9676 | Val Loss: 0.0873 | Val Acc: 0.9676 | Time: 12.25s
2025-04-18 23:42:56,202 - INFO - P2 (Round 1) - Epoch 5/10 | Loss: 0.0863 | Acc: 0.9688 | Val Loss: 0.0831 | Val Acc: 0.9697 | Time: 12.03s
2025-04-18 23:43:08,019 - INFO - P2 (Round 1) - Epoch 6/10 | Loss: 0.0835 | Acc: 0.9697 | Val Loss: 0.0801 | Val Acc: 0.9717 | Time: 11.82s
2025-04-18 23:43:19,499 - INFO - P2 (Round 1) - Epoch 7/10 | Loss: 0.0808 | Acc: 0.9708 | Val Loss: 0.0790 | Val Acc: 0.9716 | Time: 11.48s
2025-04-18 23:43:31,229 - INFO - P2 (Round 1) - Epoch 8/10 | Loss: 0.0786 | Acc: 0.9718 | Val Loss: 0.0757 | Val Acc: 0.9735 | Time: 11.73s
2025-04-18 23:43:43,045 - INFO - P2 (Round 1) - Epoch 9/10 | Loss: 0.0770 | Acc: 0.9726 | Val Loss: 0.0759 | Val Acc: 0.9717 | Time: 11.82s
2025-04-18 23:43:55,449 - INFO - P2 (Round 1) - Epoch 10/10 | Loss: 0.0758 | Acc: 0.9731 | Val Loss: 0.0739 | Val Acc: 0.9744 | Time: 12.40s
2025-04-18 23:43:58,167 - INFO - Round 1 completed in 235.03s
2025-04-18 23:43:58,168 - INFO - Global Model - P1 Test: Loss = 1.7822, Accuracy = 0.6027
2025-04-18 23:43:58,168 - INFO - Global Model - P2 Test: Loss = 5.3503, Accuracy = 0.0669
2025-04-18 23:44:10,419 - INFO - P1 (Round 2) - Epoch 1/10 | Loss: 0.0989 | Acc: 0.9763 | Val Loss: 0.0564 | Val Acc: 0.9841 | Time: 12.25s
2025-04-18 23:44:22,302 - INFO - P1 (Round 2) - Epoch 2/10 | Loss: 0.0535 | Acc: 0.9855 | Val Loss: 0.0524 | Val Acc: 0.9864 | Time: 11.88s
2025-04-18 23:44:34,338 - INFO - P1 (Round 2) - Epoch 3/10 | Loss: 0.0506 | Acc: 0.9863 | Val Loss: 0.0501 | Val Acc: 0.9862 | Time: 12.04s
2025-04-18 23:44:46,288 - INFO - P1 (Round 2) - Epoch 4/10 | Loss: 0.0494 | Acc: 0.9866 | Val Loss: 0.0497 | Val Acc: 0.9866 | Time: 11.95s
2025-04-18 23:44:58,039 - INFO - P1 (Round 2) - Epoch 5/10 | Loss: 0.0486 | Acc: 0.9868 | Val Loss: 0.0487 | Val Acc: 0.9866 | Time: 11.75s
2025-04-18 23:45:10,967 - INFO - P1 (Round 2) - Epoch 6/10 | Loss: 0.0478 | Acc: 0.9870 | Val Loss: 0.0474 | Val Acc: 0.9870 | Time: 12.93s
2025-04-18 23:45:23,104 - INFO - P1 (Round 2) - Epoch 7/10 | Loss: 0.0469 | Acc: 0.9873 | Val Loss: 0.0473 | Val Acc: 0.9871 | Time: 12.14s
2025-04-18 23:45:34,987 - INFO - P1 (Round 2) - Epoch 8/10 | Loss: 0.0464 | Acc: 0.9875 | Val Loss: 0.0459 | Val Acc: 0.9871 | Time: 11.88s
2025-04-18 23:45:46,858 - INFO - P1 (Round 2) - Epoch 9/10 | Loss: 0.0460 | Acc: 0.9876 | Val Loss: 0.0459 | Val Acc: 0.9874 | Time: 11.87s
2025-04-18 23:45:58,794 - INFO - P1 (Round 2) - Epoch 10/10 | Loss: 0.0456 | Acc: 0.9877 | Val Loss: 0.0464 | Val Acc: 0.9877 | Time: 11.94s
2025-04-18 23:46:10,526 - INFO - P2 (Round 2) - Epoch 1/10 | Loss: 0.2145 | Acc: 0.9276 | Val Loss: 0.1054 | Val Acc: 0.9621 | Time: 11.73s
2025-04-18 23:46:23,519 - INFO - P2 (Round 2) - Epoch 2/10 | Loss: 0.0987 | Acc: 0.9640 | Val Loss: 0.0924 | Val Acc: 0.9667 | Time: 12.99s
2025-04-18 23:46:35,423 - INFO - P2 (Round 2) - Epoch 3/10 | Loss: 0.0901 | Acc: 0.9672 | Val Loss: 0.0858 | Val Acc: 0.9693 | Time: 11.90s
2025-04-18 23:46:47,187 - INFO - P2 (Round 2) - Epoch 4/10 | Loss: 0.0845 | Acc: 0.9700 | Val Loss: 0.0810 | Val Acc: 0.9718 | Time: 11.76s
2025-04-18 23:46:58,956 - INFO - P2 (Round 2) - Epoch 5/10 | Loss: 0.0804 | Acc: 0.9719 | Val Loss: 0.0800 | Val Acc: 0.9730 | Time: 11.77s
2025-04-18 23:47:10,773 - INFO - P2 (Round 2) - Epoch 6/10 | Loss: 0.0774 | Acc: 0.9729 | Val Loss: 0.0753 | Val Acc: 0.9738 | Time: 11.82s
2025-04-18 23:47:22,566 - INFO - P2 (Round 2) - Epoch 7/10 | Loss: 0.0751 | Acc: 0.9736 | Val Loss: 0.0773 | Val Acc: 0.9726 | Time: 11.79s
2025-04-18 23:47:34,016 - INFO - P2 (Round 2) - Epoch 8/10 | Loss: 0.0726 | Acc: 0.9742 | Val Loss: 0.0726 | Val Acc: 0.9730 | Time: 11.45s
2025-04-18 23:47:44,557 - INFO - P2 (Round 2) - Epoch 9/10 | Loss: 0.0694 | Acc: 0.9753 | Val Loss: 0.0679 | Val Acc: 0.9763 | Time: 10.54s
2025-04-18 23:47:54,750 - INFO - P2 (Round 2) - Epoch 10/10 | Loss: 0.0654 | Acc: 0.9768 | Val Loss: 0.0627 | Val Acc: 0.9778 | Time: 10.19s
2025-04-18 23:47:56,980 - INFO - Round 2 completed in 238.81s
2025-04-18 23:47:56,980 - INFO - Global Model - P1 Test: Loss = 3.4586, Accuracy = 0.5610
2025-04-18 23:47:56,980 - INFO - Global Model - P2 Test: Loss = 4.9208, Accuracy = 0.4531
2025-04-18 23:48:07,422 - INFO - P1 (Round 3) - Epoch 1/10 | Loss: 0.0861 | Acc: 0.9788 | Val Loss: 0.0521 | Val Acc: 0.9857 | Time: 10.44s
2025-04-18 23:48:17,937 - INFO - P1 (Round 3) - Epoch 2/10 | Loss: 0.0503 | Acc: 0.9863 | Val Loss: 0.0492 | Val Acc: 0.9860 | Time: 10.51s
2025-04-18 23:48:28,579 - INFO - P1 (Round 3) - Epoch 3/10 | Loss: 0.0484 | Acc: 0.9868 | Val Loss: 0.0479 | Val Acc: 0.9866 | Time: 10.64s
2025-04-18 23:48:39,625 - INFO - P1 (Round 3) - Epoch 4/10 | Loss: 0.0472 | Acc: 0.9871 | Val Loss: 0.0472 | Val Acc: 0.9868 | Time: 11.05s
2025-04-18 23:48:50,867 - INFO - P1 (Round 3) - Epoch 5/10 | Loss: 0.0465 | Acc: 0.9873 | Val Loss: 0.0470 | Val Acc: 0.9873 | Time: 11.24s
2025-04-18 23:49:01,567 - INFO - P1 (Round 3) - Epoch 6/10 | Loss: 0.0461 | Acc: 0.9875 | Val Loss: 0.0456 | Val Acc: 0.9872 | Time: 10.70s
2025-04-18 23:49:11,859 - INFO - P1 (Round 3) - Epoch 7/10 | Loss: 0.0457 | Acc: 0.9876 | Val Loss: 0.0454 | Val Acc: 0.9878 | Time: 10.29s
2025-04-18 23:49:22,459 - INFO - P1 (Round 3) - Epoch 8/10 | Loss: 0.0454 | Acc: 0.9876 | Val Loss: 0.0456 | Val Acc: 0.9876 | Time: 10.60s
2025-04-18 23:49:33,142 - INFO - P1 (Round 3) - Epoch 9/10 | Loss: 0.0453 | Acc: 0.9877 | Val Loss: 0.0458 | Val Acc: 0.9877 | Time: 10.68s
2025-04-18 23:49:43,548 - INFO - P1 (Round 3) - Epoch 10/10 | Loss: 0.0451 | Acc: 0.9878 | Val Loss: 0.0468 | Val Acc: 0.9873 | Time: 10.41s
2025-04-18 23:49:54,710 - INFO - P2 (Round 3) - Epoch 1/10 | Loss: 0.1608 | Acc: 0.9496 | Val Loss: 0.0928 | Val Acc: 0.9687 | Time: 11.16s
2025-04-18 23:50:05,254 - INFO - P2 (Round 3) - Epoch 2/10 | Loss: 0.0889 | Acc: 0.9696 | Val Loss: 0.0829 | Val Acc: 0.9718 | Time: 10.54s
2025-04-18 23:50:15,495 - INFO - P2 (Round 3) - Epoch 3/10 | Loss: 0.0819 | Acc: 0.9715 | Val Loss: 0.0788 | Val Acc: 0.9724 | Time: 10.24s
2025-04-18 23:50:25,520 - INFO - P2 (Round 3) - Epoch 4/10 | Loss: 0.0784 | Acc: 0.9726 | Val Loss: 0.0789 | Val Acc: 0.9728 | Time: 10.03s
2025-04-18 23:50:35,566 - INFO - P2 (Round 3) - Epoch 5/10 | Loss: 0.0764 | Acc: 0.9733 | Val Loss: 0.0767 | Val Acc: 0.9731 | Time: 10.05s
2025-04-18 23:50:46,054 - INFO - P2 (Round 3) - Epoch 6/10 | Loss: 0.0748 | Acc: 0.9741 | Val Loss: 0.0753 | Val Acc: 0.9733 | Time: 10.49s
2025-04-18 23:50:56,301 - INFO - P2 (Round 3) - Epoch 7/10 | Loss: 0.0734 | Acc: 0.9745 | Val Loss: 0.0714 | Val Acc: 0.9754 | Time: 10.25s
2025-04-18 23:51:07,574 - INFO - P2 (Round 3) - Epoch 8/10 | Loss: 0.0723 | Acc: 0.9748 | Val Loss: 0.0715 | Val Acc: 0.9756 | Time: 11.27s
2025-04-18 23:51:17,952 - INFO - P2 (Round 3) - Epoch 9/10 | Loss: 0.0715 | Acc: 0.9750 | Val Loss: 0.0702 | Val Acc: 0.9752 | Time: 10.38s
2025-04-18 23:51:28,596 - INFO - P2 (Round 3) - Epoch 10/10 | Loss: 0.0706 | Acc: 0.9753 | Val Loss: 0.0690 | Val Acc: 0.9758 | Time: 10.64s
2025-04-18 23:51:30,774 - INFO - Round 3 completed in 213.79s
2025-04-18 23:51:30,774 - INFO - Global Model - P1 Test: Loss = 5.0213, Accuracy = 0.4262
2025-04-18 23:51:30,774 - INFO - Global Model - P2 Test: Loss = 6.2694, Accuracy = 0.5262
2025-04-18 23:51:41,374 - INFO - P1 (Round 4) - Epoch 1/10 | Loss: 0.0941 | Acc: 0.9797 | Val Loss: 0.0522 | Val Acc: 0.9867 | Time: 10.60s
2025-04-18 23:51:51,978 - INFO - P1 (Round 4) - Epoch 2/10 | Loss: 0.0499 | Acc: 0.9871 | Val Loss: 0.0490 | Val Acc: 0.9872 | Time: 10.60s
2025-04-18 23:52:02,427 - INFO - P1 (Round 4) - Epoch 3/10 | Loss: 0.0486 | Acc: 0.9873 | Val Loss: 0.0478 | Val Acc: 0.9871 | Time: 10.45s
2025-04-18 23:52:13,483 - INFO - P1 (Round 4) - Epoch 4/10 | Loss: 0.0477 | Acc: 0.9873 | Val Loss: 0.0481 | Val Acc: 0.9864 | Time: 11.06s
2025-04-18 23:52:24,840 - INFO - P1 (Round 4) - Epoch 5/10 | Loss: 0.0472 | Acc: 0.9874 | Val Loss: 0.0469 | Val Acc: 0.9874 | Time: 11.36s
2025-04-18 23:52:35,299 - INFO - P1 (Round 4) - Epoch 6/10 | Loss: 0.0466 | Acc: 0.9874 | Val Loss: 0.0465 | Val Acc: 0.9868 | Time: 10.46s
2025-04-18 23:52:46,056 - INFO - P1 (Round 4) - Epoch 7/10 | Loss: 0.0463 | Acc: 0.9875 | Val Loss: 0.0457 | Val Acc: 0.9874 | Time: 10.76s
2025-04-18 23:52:56,379 - INFO - P1 (Round 4) - Epoch 8/10 | Loss: 0.0460 | Acc: 0.9875 | Val Loss: 0.0471 | Val Acc: 0.9872 | Time: 10.32s
2025-04-18 23:53:07,212 - INFO - P1 (Round 4) - Epoch 9/10 | Loss: 0.0457 | Acc: 0.9875 | Val Loss: 0.0462 | Val Acc: 0.9876 | Time: 10.83s
2025-04-18 23:53:17,822 - INFO - P1 (Round 4) - Epoch 10/10 | Loss: 0.0456 | Acc: 0.9876 | Val Loss: 0.0455 | Val Acc: 0.9870 | Time: 10.61s
2025-04-18 23:53:28,898 - INFO - P2 (Round 4) - Epoch 1/10 | Loss: 0.1294 | Acc: 0.9607 | Val Loss: 0.0819 | Val Acc: 0.9719 | Time: 11.08s
2025-04-18 23:53:39,819 - INFO - P2 (Round 4) - Epoch 2/10 | Loss: 0.0801 | Acc: 0.9721 | Val Loss: 0.0779 | Val Acc: 0.9726 | Time: 10.92s
2025-04-18 23:53:50,213 - INFO - P2 (Round 4) - Epoch 3/10 | Loss: 0.0762 | Acc: 0.9734 | Val Loss: 0.0747 | Val Acc: 0.9735 | Time: 10.39s
2025-04-18 23:54:00,635 - INFO - P2 (Round 4) - Epoch 4/10 | Loss: 0.0741 | Acc: 0.9741 | Val Loss: 0.0756 | Val Acc: 0.9742 | Time: 10.42s
2025-04-18 23:54:11,180 - INFO - P2 (Round 4) - Epoch 5/10 | Loss: 0.0727 | Acc: 0.9745 | Val Loss: 0.0707 | Val Acc: 0.9756 | Time: 10.54s
2025-04-18 23:54:21,796 - INFO - P2 (Round 4) - Epoch 6/10 | Loss: 0.0717 | Acc: 0.9748 | Val Loss: 0.0712 | Val Acc: 0.9753 | Time: 10.62s
2025-04-18 23:54:32,182 - INFO - P2 (Round 4) - Epoch 7/10 | Loss: 0.0707 | Acc: 0.9752 | Val Loss: 0.0700 | Val Acc: 0.9750 | Time: 10.39s
2025-04-18 23:54:43,570 - INFO - P2 (Round 4) - Epoch 8/10 | Loss: 0.0700 | Acc: 0.9754 | Val Loss: 0.0687 | Val Acc: 0.9766 | Time: 11.39s
2025-04-18 23:54:53,856 - INFO - P2 (Round 4) - Epoch 9/10 | Loss: 0.0692 | Acc: 0.9756 | Val Loss: 0.0679 | Val Acc: 0.9767 | Time: 10.29s
2025-04-18 23:55:04,293 - INFO - P2 (Round 4) - Epoch 10/10 | Loss: 0.0690 | Acc: 0.9757 | Val Loss: 0.0682 | Val Acc: 0.9758 | Time: 10.44s
2025-04-18 23:55:06,611 - INFO - Round 4 completed in 215.84s
2025-04-18 23:55:06,611 - INFO - Global Model - P1 Test: Loss = 2.4268, Accuracy = 0.6496
2025-04-18 23:55:06,611 - INFO - Global Model - P2 Test: Loss = 6.4000, Accuracy = 0.5049
2025-04-18 23:55:17,253 - INFO - P1 (Round 5) - Epoch 1/10 | Loss: 0.0741 | Acc: 0.9813 | Val Loss: 0.0520 | Val Acc: 0.9871 | Time: 10.64s
2025-04-18 23:55:27,307 - INFO - P1 (Round 5) - Epoch 2/10 | Loss: 0.0503 | Acc: 0.9870 | Val Loss: 0.0490 | Val Acc: 0.9868 | Time: 10.05s
2025-04-18 23:55:37,931 - INFO - P1 (Round 5) - Epoch 3/10 | Loss: 0.0485 | Acc: 0.9873 | Val Loss: 0.0480 | Val Acc: 0.9871 | Time: 10.62s
2025-04-18 23:55:49,029 - INFO - P1 (Round 5) - Epoch 4/10 | Loss: 0.0477 | Acc: 0.9873 | Val Loss: 0.0477 | Val Acc: 0.9869 | Time: 11.10s
2025-04-18 23:56:00,266 - INFO - P1 (Round 5) - Epoch 5/10 | Loss: 0.0472 | Acc: 0.9874 | Val Loss: 0.0480 | Val Acc: 0.9873 | Time: 11.24s
2025-04-18 23:56:10,679 - INFO - P1 (Round 5) - Epoch 6/10 | Loss: 0.0470 | Acc: 0.9874 | Val Loss: 0.0473 | Val Acc: 0.9875 | Time: 10.41s
2025-04-18 23:56:21,184 - INFO - P1 (Round 5) - Epoch 7/10 | Loss: 0.0468 | Acc: 0.9875 | Val Loss: 0.0469 | Val Acc: 0.9873 | Time: 10.50s
2025-04-18 23:56:31,781 - INFO - P1 (Round 5) - Epoch 8/10 | Loss: 0.0465 | Acc: 0.9875 | Val Loss: 0.0468 | Val Acc: 0.9876 | Time: 10.60s
2025-04-18 23:56:42,415 - INFO - P1 (Round 5) - Epoch 9/10 | Loss: 0.0463 | Acc: 0.9876 | Val Loss: 0.0473 | Val Acc: 0.9875 | Time: 10.63s
2025-04-18 23:56:53,253 - INFO - P1 (Round 5) - Epoch 10/10 | Loss: 0.0462 | Acc: 0.9876 | Val Loss: 0.0463 | Val Acc: 0.9872 | Time: 10.84s
2025-04-18 23:57:05,572 - INFO - P2 (Round 5) - Epoch 1/10 | Loss: 0.1124 | Acc: 0.9669 | Val Loss: 0.0786 | Val Acc: 0.9730 | Time: 12.32s
2025-04-18 23:57:17,491 - INFO - P2 (Round 5) - Epoch 2/10 | Loss: 0.0758 | Acc: 0.9738 | Val Loss: 0.0733 | Val Acc: 0.9747 | Time: 11.92s
2025-04-18 23:57:28,891 - INFO - P2 (Round 5) - Epoch 3/10 | Loss: 0.0726 | Acc: 0.9747 | Val Loss: 0.0709 | Val Acc: 0.9752 | Time: 11.40s
2025-04-18 23:57:39,353 - INFO - P2 (Round 5) - Epoch 4/10 | Loss: 0.0711 | Acc: 0.9751 | Val Loss: 0.0695 | Val Acc: 0.9763 | Time: 10.46s
2025-04-18 23:57:49,793 - INFO - P2 (Round 5) - Epoch 5/10 | Loss: 0.0703 | Acc: 0.9753 | Val Loss: 0.0693 | Val Acc: 0.9752 | Time: 10.44s
2025-04-18 23:58:00,027 - INFO - P2 (Round 5) - Epoch 6/10 | Loss: 0.0695 | Acc: 0.9755 | Val Loss: 0.0715 | Val Acc: 0.9750 | Time: 10.23s
2025-04-18 23:58:10,270 - INFO - P2 (Round 5) - Epoch 7/10 | Loss: 0.0690 | Acc: 0.9758 | Val Loss: 0.0674 | Val Acc: 0.9768 | Time: 10.24s
2025-04-18 23:58:21,676 - INFO - P2 (Round 5) - Epoch 8/10 | Loss: 0.0684 | Acc: 0.9760 | Val Loss: 0.0671 | Val Acc: 0.9766 | Time: 11.41s
2025-04-18 23:58:32,302 - INFO - P2 (Round 5) - Epoch 9/10 | Loss: 0.0679 | Acc: 0.9761 | Val Loss: 0.0668 | Val Acc: 0.9765 | Time: 10.63s
2025-04-18 23:58:42,464 - INFO - P2 (Round 5) - Epoch 10/10 | Loss: 0.0675 | Acc: 0.9762 | Val Loss: 0.0676 | Val Acc: 0.9764 | Time: 10.16s
2025-04-18 23:58:44,716 - INFO - Round 5 completed in 218.11s
2025-04-18 23:58:44,717 - INFO - Global Model - P1 Test: Loss = 3.2480, Accuracy = 0.5738
2025-04-18 23:58:44,717 - INFO - Global Model - P2 Test: Loss = 5.3238, Accuracy = 0.5600
2025-04-18 23:58:55,462 - INFO - P1 (Round 6) - Epoch 1/10 | Loss: 0.0743 | Acc: 0.9817 | Val Loss: 0.0495 | Val Acc: 0.9869 | Time: 10.75s
2025-04-18 23:59:06,080 - INFO - P1 (Round 6) - Epoch 2/10 | Loss: 0.0485 | Acc: 0.9872 | Val Loss: 0.0475 | Val Acc: 0.9873 | Time: 10.62s
2025-04-18 23:59:16,574 - INFO - P1 (Round 6) - Epoch 3/10 | Loss: 0.0471 | Acc: 0.9874 | Val Loss: 0.0473 | Val Acc: 0.9874 | Time: 10.49s
2025-04-18 23:59:28,023 - INFO - P1 (Round 6) - Epoch 4/10 | Loss: 0.0465 | Acc: 0.9876 | Val Loss: 0.0466 | Val Acc: 0.9876 | Time: 11.45s
2025-04-18 23:59:38,958 - INFO - P1 (Round 6) - Epoch 5/10 | Loss: 0.0462 | Acc: 0.9876 | Val Loss: 0.0465 | Val Acc: 0.9875 | Time: 10.94s
2025-04-18 23:59:49,380 - INFO - P1 (Round 6) - Epoch 6/10 | Loss: 0.0459 | Acc: 0.9876 | Val Loss: 0.0461 | Val Acc: 0.9875 | Time: 10.42s
2025-04-19 00:00:00,159 - INFO - P1 (Round 6) - Epoch 7/10 | Loss: 0.0457 | Acc: 0.9877 | Val Loss: 0.0477 | Val Acc: 0.9878 | Time: 10.78s
2025-04-19 00:00:10,730 - INFO - P1 (Round 6) - Epoch 8/10 | Loss: 0.0455 | Acc: 0.9877 | Val Loss: 0.0454 | Val Acc: 0.9872 | Time: 10.57s
2025-04-19 00:00:21,390 - INFO - P1 (Round 6) - Epoch 9/10 | Loss: 0.0453 | Acc: 0.9877 | Val Loss: 0.0455 | Val Acc: 0.9873 | Time: 10.66s
2025-04-19 00:00:32,644 - INFO - P1 (Round 6) - Epoch 10/10 | Loss: 0.0452 | Acc: 0.9877 | Val Loss: 0.0454 | Val Acc: 0.9876 | Time: 11.25s
2025-04-19 00:00:44,159 - INFO - P2 (Round 6) - Epoch 1/10 | Loss: 0.1024 | Acc: 0.9690 | Val Loss: 0.0721 | Val Acc: 0.9756 | Time: 11.51s
2025-04-19 00:00:54,626 - INFO - P2 (Round 6) - Epoch 2/10 | Loss: 0.0716 | Acc: 0.9749 | Val Loss: 0.0693 | Val Acc: 0.9759 | Time: 10.47s
2025-04-19 00:01:04,913 - INFO - P2 (Round 6) - Epoch 3/10 | Loss: 0.0700 | Acc: 0.9754 | Val Loss: 0.0687 | Val Acc: 0.9758 | Time: 10.29s
2025-04-19 00:01:15,447 - INFO - P2 (Round 6) - Epoch 4/10 | Loss: 0.0689 | Acc: 0.9757 | Val Loss: 0.0683 | Val Acc: 0.9759 | Time: 10.53s
2025-04-19 00:01:26,192 - INFO - P2 (Round 6) - Epoch 5/10 | Loss: 0.0685 | Acc: 0.9758 | Val Loss: 0.0669 | Val Acc: 0.9759 | Time: 10.75s
2025-04-19 00:01:36,447 - INFO - P2 (Round 6) - Epoch 6/10 | Loss: 0.0678 | Acc: 0.9760 | Val Loss: 0.0682 | Val Acc: 0.9755 | Time: 10.25s
2025-04-19 00:01:47,637 - INFO - P2 (Round 6) - Epoch 7/10 | Loss: 0.0675 | Acc: 0.9762 | Val Loss: 0.0673 | Val Acc: 0.9763 | Time: 11.19s
2025-04-19 00:01:58,517 - INFO - P2 (Round 6) - Epoch 8/10 | Loss: 0.0670 | Acc: 0.9763 | Val Loss: 0.0655 | Val Acc: 0.9771 | Time: 10.88s
2025-04-19 00:02:08,913 - INFO - P2 (Round 6) - Epoch 9/10 | Loss: 0.0668 | Acc: 0.9763 | Val Loss: 0.0645 | Val Acc: 0.9770 | Time: 10.40s
2025-04-19 00:02:19,350 - INFO - P2 (Round 6) - Epoch 10/10 | Loss: 0.0665 | Acc: 0.9764 | Val Loss: 0.0651 | Val Acc: 0.9771 | Time: 10.44s
2025-04-19 00:02:21,729 - INFO - Round 6 completed in 217.01s
2025-04-19 00:02:21,729 - INFO - Global Model - P1 Test: Loss = 4.3515, Accuracy = 0.4362
2025-04-19 00:02:21,729 - INFO - Global Model - P2 Test: Loss = 4.2044, Accuracy = 0.5377
2025-04-19 00:02:32,278 - INFO - P1 (Round 7) - Epoch 1/10 | Loss: 0.0759 | Acc: 0.9825 | Val Loss: 0.0478 | Val Acc: 0.9872 | Time: 10.55s
2025-04-19 00:02:43,823 - INFO - P1 (Round 7) - Epoch 2/10 | Loss: 0.0470 | Acc: 0.9874 | Val Loss: 0.0474 | Val Acc: 0.9874 | Time: 11.54s
2025-04-19 00:02:56,592 - INFO - P1 (Round 7) - Epoch 3/10 | Loss: 0.0462 | Acc: 0.9876 | Val Loss: 0.0461 | Val Acc: 0.9873 | Time: 12.77s
2025-04-19 00:03:08,628 - INFO - P1 (Round 7) - Epoch 4/10 | Loss: 0.0458 | Acc: 0.9877 | Val Loss: 0.0456 | Val Acc: 0.9875 | Time: 12.04s
2025-04-19 00:03:20,510 - INFO - P1 (Round 7) - Epoch 5/10 | Loss: 0.0455 | Acc: 0.9877 | Val Loss: 0.0458 | Val Acc: 0.9876 | Time: 11.88s
2025-04-19 00:03:31,230 - INFO - P1 (Round 7) - Epoch 6/10 | Loss: 0.0452 | Acc: 0.9877 | Val Loss: 0.0458 | Val Acc: 0.9877 | Time: 10.72s
2025-04-19 00:03:41,647 - INFO - P1 (Round 7) - Epoch 7/10 | Loss: 0.0448 | Acc: 0.9878 | Val Loss: 0.0450 | Val Acc: 0.9877 | Time: 10.42s
2025-04-19 00:03:51,868 - INFO - P1 (Round 7) - Epoch 8/10 | Loss: 0.0447 | Acc: 0.9878 | Val Loss: 0.0454 | Val Acc: 0.9876 | Time: 10.22s
2025-04-19 00:04:02,146 - INFO - P1 (Round 7) - Epoch 9/10 | Loss: 0.0446 | Acc: 0.9879 | Val Loss: 0.0447 | Val Acc: 0.9877 | Time: 10.28s
2025-04-19 00:04:13,882 - INFO - P1 (Round 7) - Epoch 10/10 | Loss: 0.0444 | Acc: 0.9879 | Val Loss: 0.0442 | Val Acc: 0.9878 | Time: 11.74s
2025-04-19 00:04:24,199 - INFO - P2 (Round 7) - Epoch 1/10 | Loss: 0.0928 | Acc: 0.9705 | Val Loss: 0.0718 | Val Acc: 0.9750 | Time: 10.32s
2025-04-19 00:04:34,462 - INFO - P2 (Round 7) - Epoch 2/10 | Loss: 0.0703 | Acc: 0.9751 | Val Loss: 0.0674 | Val Acc: 0.9760 | Time: 10.26s
2025-04-19 00:04:45,078 - INFO - P2 (Round 7) - Epoch 3/10 | Loss: 0.0686 | Acc: 0.9756 | Val Loss: 0.0663 | Val Acc: 0.9766 | Time: 10.62s
2025-04-19 00:04:55,680 - INFO - P2 (Round 7) - Epoch 4/10 | Loss: 0.0680 | Acc: 0.9758 | Val Loss: 0.0664 | Val Acc: 0.9765 | Time: 10.60s
2025-04-19 00:05:05,971 - INFO - P2 (Round 7) - Epoch 5/10 | Loss: 0.0675 | Acc: 0.9759 | Val Loss: 0.0668 | Val Acc: 0.9769 | Time: 10.29s
2025-04-19 00:05:16,283 - INFO - P2 (Round 7) - Epoch 6/10 | Loss: 0.0672 | Acc: 0.9761 | Val Loss: 0.0674 | Val Acc: 0.9756 | Time: 10.31s
2025-04-19 00:05:27,687 - INFO - P2 (Round 7) - Epoch 7/10 | Loss: 0.0666 | Acc: 0.9762 | Val Loss: 0.0660 | Val Acc: 0.9764 | Time: 11.40s
2025-04-19 00:05:37,933 - INFO - P2 (Round 7) - Epoch 8/10 | Loss: 0.0663 | Acc: 0.9763 | Val Loss: 0.0666 | Val Acc: 0.9758 | Time: 10.25s
2025-04-19 00:05:48,185 - INFO - P2 (Round 7) - Epoch 9/10 | Loss: 0.0661 | Acc: 0.9764 | Val Loss: 0.0659 | Val Acc: 0.9764 | Time: 10.25s
2025-04-19 00:05:58,606 - INFO - P2 (Round 7) - Epoch 10/10 | Loss: 0.0659 | Acc: 0.9765 | Val Loss: 0.0650 | Val Acc: 0.9772 | Time: 10.42s
2025-04-19 00:06:00,811 - INFO - Round 7 completed in 219.08s
2025-04-19 00:06:00,811 - INFO - Global Model - P1 Test: Loss = 4.7104, Accuracy = 0.4301
2025-04-19 00:06:00,811 - INFO - Global Model - P2 Test: Loss = 4.5315, Accuracy = 0.4473
2025-04-19 00:06:11,404 - INFO - P1 (Round 8) - Epoch 1/10 | Loss: 0.0843 | Acc: 0.9808 | Val Loss: 0.0526 | Val Acc: 0.9862 | Time: 10.59s
2025-04-19 00:06:22,152 - INFO - P1 (Round 8) - Epoch 2/10 | Loss: 0.0494 | Acc: 0.9868 | Val Loss: 0.0486 | Val Acc: 0.9871 | Time: 10.75s
2025-04-19 00:06:33,394 - INFO - P1 (Round 8) - Epoch 3/10 | Loss: 0.0475 | Acc: 0.9872 | Val Loss: 0.0484 | Val Acc: 0.9873 | Time: 11.24s
2025-04-19 00:06:44,600 - INFO - P1 (Round 8) - Epoch 4/10 | Loss: 0.0468 | Acc: 0.9873 | Val Loss: 0.0475 | Val Acc: 0.9869 | Time: 11.21s
2025-04-19 00:06:55,446 - INFO - P1 (Round 8) - Epoch 5/10 | Loss: 0.0463 | Acc: 0.9875 | Val Loss: 0.0477 | Val Acc: 0.9875 | Time: 10.85s
2025-04-19 00:07:06,116 - INFO - P1 (Round 8) - Epoch 6/10 | Loss: 0.0460 | Acc: 0.9876 | Val Loss: 0.0459 | Val Acc: 0.9873 | Time: 10.67s
2025-04-19 00:07:17,023 - INFO - P1 (Round 8) - Epoch 7/10 | Loss: 0.0456 | Acc: 0.9876 | Val Loss: 0.0457 | Val Acc: 0.9877 | Time: 10.91s
2025-04-19 00:07:27,319 - INFO - P1 (Round 8) - Epoch 8/10 | Loss: 0.0454 | Acc: 0.9876 | Val Loss: 0.0460 | Val Acc: 0.9876 | Time: 10.30s
2025-04-19 00:07:37,952 - INFO - P1 (Round 8) - Epoch 9/10 | Loss: 0.0452 | Acc: 0.9877 | Val Loss: 0.0462 | Val Acc: 0.9876 | Time: 10.63s
2025-04-19 00:07:49,809 - INFO - P1 (Round 8) - Epoch 10/10 | Loss: 0.0450 | Acc: 0.9878 | Val Loss: 0.0452 | Val Acc: 0.9874 | Time: 11.86s
2025-04-19 00:08:00,175 - INFO - P2 (Round 8) - Epoch 1/10 | Loss: 0.0981 | Acc: 0.9687 | Val Loss: 0.0710 | Val Acc: 0.9750 | Time: 10.37s
2025-04-19 00:08:10,886 - INFO - P2 (Round 8) - Epoch 2/10 | Loss: 0.0704 | Acc: 0.9750 | Val Loss: 0.0678 | Val Acc: 0.9764 | Time: 10.71s
2025-04-19 00:08:21,381 - INFO - P2 (Round 8) - Epoch 3/10 | Loss: 0.0685 | Acc: 0.9757 | Val Loss: 0.0662 | Val Acc: 0.9764 | Time: 10.49s
2025-04-19 00:08:31,708 - INFO - P2 (Round 8) - Epoch 4/10 | Loss: 0.0669 | Acc: 0.9761 | Val Loss: 0.0670 | Val Acc: 0.9768 | Time: 10.33s
2025-04-19 00:08:42,272 - INFO - P2 (Round 8) - Epoch 5/10 | Loss: 0.0662 | Acc: 0.9764 | Val Loss: 0.0647 | Val Acc: 0.9774 | Time: 10.56s
2025-04-19 00:08:53,008 - INFO - P2 (Round 8) - Epoch 6/10 | Loss: 0.0653 | Acc: 0.9767 | Val Loss: 0.0644 | Val Acc: 0.9774 | Time: 10.74s
2025-04-19 00:09:04,090 - INFO - P2 (Round 8) - Epoch 7/10 | Loss: 0.0646 | Acc: 0.9771 | Val Loss: 0.0638 | Val Acc: 0.9773 | Time: 11.08s
2025-04-19 00:09:14,446 - INFO - P2 (Round 8) - Epoch 8/10 | Loss: 0.0641 | Acc: 0.9773 | Val Loss: 0.0625 | Val Acc: 0.9776 | Time: 10.36s
2025-04-19 00:09:24,859 - INFO - P2 (Round 8) - Epoch 9/10 | Loss: 0.0634 | Acc: 0.9775 | Val Loss: 0.0652 | Val Acc: 0.9775 | Time: 10.41s
2025-04-19 00:09:35,401 - INFO - P2 (Round 8) - Epoch 10/10 | Loss: 0.0632 | Acc: 0.9777 | Val Loss: 0.0621 | Val Acc: 0.9784 | Time: 10.54s
2025-04-19 00:09:37,579 - INFO - Round 8 completed in 216.77s
2025-04-19 00:09:37,579 - INFO - Global Model - P1 Test: Loss = 3.4312, Accuracy = 0.5076
2025-04-19 00:09:37,579 - INFO - Global Model - P2 Test: Loss = 5.8479, Accuracy = 0.4222
2025-04-19 00:09:48,211 - INFO - P1 (Round 9) - Epoch 1/10 | Loss: 0.0703 | Acc: 0.9833 | Val Loss: 0.0487 | Val Acc: 0.9873 | Time: 10.63s
2025-04-19 00:09:58,935 - INFO - P1 (Round 9) - Epoch 2/10 | Loss: 0.0471 | Acc: 0.9873 | Val Loss: 0.0466 | Val Acc: 0.9876 | Time: 10.72s
2025-04-19 00:10:10,796 - INFO - P1 (Round 9) - Epoch 3/10 | Loss: 0.0463 | Acc: 0.9875 | Val Loss: 0.0462 | Val Acc: 0.9873 | Time: 11.86s
2025-04-19 00:10:21,631 - INFO - P1 (Round 9) - Epoch 4/10 | Loss: 0.0459 | Acc: 0.9876 | Val Loss: 0.0464 | Val Acc: 0.9872 | Time: 10.84s
2025-04-19 00:10:32,152 - INFO - P1 (Round 9) - Epoch 5/10 | Loss: 0.0456 | Acc: 0.9877 | Val Loss: 0.0466 | Val Acc: 0.9873 | Time: 10.52s
2025-04-19 00:10:42,705 - INFO - P1 (Round 9) - Epoch 6/10 | Loss: 0.0455 | Acc: 0.9877 | Val Loss: 0.0464 | Val Acc: 0.9870 | Time: 10.55s
2025-04-19 00:10:53,473 - INFO - P1 (Round 9) - Epoch 7/10 | Loss: 0.0452 | Acc: 0.9878 | Val Loss: 0.0453 | Val Acc: 0.9875 | Time: 10.77s
2025-04-19 00:11:03,907 - INFO - P1 (Round 9) - Epoch 8/10 | Loss: 0.0451 | Acc: 0.9878 | Val Loss: 0.0451 | Val Acc: 0.9878 | Time: 10.43s
2025-04-19 00:11:14,811 - INFO - P1 (Round 9) - Epoch 9/10 | Loss: 0.0448 | Acc: 0.9878 | Val Loss: 0.0453 | Val Acc: 0.9877 | Time: 10.90s
2025-04-19 00:11:26,324 - INFO - P1 (Round 9) - Epoch 10/10 | Loss: 0.0448 | Acc: 0.9879 | Val Loss: 0.0449 | Val Acc: 0.9876 | Time: 11.51s
2025-04-19 00:11:36,657 - INFO - P2 (Round 9) - Epoch 1/10 | Loss: 0.0924 | Acc: 0.9706 | Val Loss: 0.0677 | Val Acc: 0.9763 | Time: 10.33s
2025-04-19 00:11:47,051 - INFO - P2 (Round 9) - Epoch 2/10 | Loss: 0.0669 | Acc: 0.9764 | Val Loss: 0.0647 | Val Acc: 0.9767 | Time: 10.39s
2025-04-19 00:11:57,453 - INFO - P2 (Round 9) - Epoch 3/10 | Loss: 0.0646 | Acc: 0.9774 | Val Loss: 0.0621 | Val Acc: 0.9784 | Time: 10.40s
2025-04-19 00:12:07,766 - INFO - P2 (Round 9) - Epoch 4/10 | Loss: 0.0635 | Acc: 0.9778 | Val Loss: 0.0625 | Val Acc: 0.9776 | Time: 10.31s
2025-04-19 00:12:18,118 - INFO - P2 (Round 9) - Epoch 5/10 | Loss: 0.0627 | Acc: 0.9779 | Val Loss: 0.0617 | Val Acc: 0.9780 | Time: 10.35s
2025-04-19 00:12:28,857 - INFO - P2 (Round 9) - Epoch 6/10 | Loss: 0.0619 | Acc: 0.9782 | Val Loss: 0.0606 | Val Acc: 0.9792 | Time: 10.74s
2025-04-19 00:12:39,815 - INFO - P2 (Round 9) - Epoch 7/10 | Loss: 0.0615 | Acc: 0.9783 | Val Loss: 0.0610 | Val Acc: 0.9786 | Time: 10.96s
2025-04-19 00:12:49,988 - INFO - P2 (Round 9) - Epoch 8/10 | Loss: 0.0610 | Acc: 0.9785 | Val Loss: 0.0623 | Val Acc: 0.9779 | Time: 10.17s
2025-04-19 00:13:00,242 - INFO - P2 (Round 9) - Epoch 9/10 | Loss: 0.0605 | Acc: 0.9787 | Val Loss: 0.0615 | Val Acc: 0.9782 | Time: 10.25s
2025-04-19 00:13:10,379 - INFO - P2 (Round 9) - Epoch 10/10 | Loss: 0.0603 | Acc: 0.9787 | Val Loss: 0.0600 | Val Acc: 0.9790 | Time: 10.14s
2025-04-19 00:13:12,821 - INFO - Round 9 completed in 215.24s
2025-04-19 00:13:12,821 - INFO - Global Model - P1 Test: Loss = 3.6068, Accuracy = 0.6135
2025-04-19 00:13:12,821 - INFO - Global Model - P2 Test: Loss = 4.9830, Accuracy = 0.5197
2025-04-19 00:13:23,343 - INFO - P1 (Round 10) - Epoch 1/10 | Loss: 0.0723 | Acc: 0.9830 | Val Loss: 0.0483 | Val Acc: 0.9873 | Time: 10.52s
2025-04-19 00:13:33,623 - INFO - P1 (Round 10) - Epoch 2/10 | Loss: 0.0468 | Acc: 0.9874 | Val Loss: 0.0463 | Val Acc: 0.9872 | Time: 10.28s
2025-04-19 00:13:45,407 - INFO - P1 (Round 10) - Epoch 3/10 | Loss: 0.0458 | Acc: 0.9876 | Val Loss: 0.0464 | Val Acc: 0.9871 | Time: 11.78s
2025-04-19 00:13:56,129 - INFO - P1 (Round 10) - Epoch 4/10 | Loss: 0.0454 | Acc: 0.9877 | Val Loss: 0.0460 | Val Acc: 0.9876 | Time: 10.72s
2025-04-19 00:14:06,532 - INFO - P1 (Round 10) - Epoch 5/10 | Loss: 0.0451 | Acc: 0.9878 | Val Loss: 0.0456 | Val Acc: 0.9877 | Time: 10.40s
2025-04-19 00:14:16,912 - INFO - P1 (Round 10) - Epoch 6/10 | Loss: 0.0449 | Acc: 0.9878 | Val Loss: 0.0454 | Val Acc: 0.9875 | Time: 10.38s
2025-04-19 00:14:27,697 - INFO - P1 (Round 10) - Epoch 7/10 | Loss: 0.0448 | Acc: 0.9879 | Val Loss: 0.0449 | Val Acc: 0.9876 | Time: 10.78s
2025-04-19 00:14:38,815 - INFO - P1 (Round 10) - Epoch 8/10 | Loss: 0.0446 | Acc: 0.9879 | Val Loss: 0.0460 | Val Acc: 0.9878 | Time: 11.12s
2025-04-19 00:14:50,821 - INFO - P1 (Round 10) - Epoch 9/10 | Loss: 0.0444 | Acc: 0.9880 | Val Loss: 0.0445 | Val Acc: 0.9878 | Time: 12.01s
2025-04-19 00:15:01,897 - INFO - P1 (Round 10) - Epoch 10/10 | Loss: 0.0442 | Acc: 0.9880 | Val Loss: 0.0456 | Val Acc: 0.9878 | Time: 11.08s
2025-04-19 00:15:12,643 - INFO - P2 (Round 10) - Epoch 1/10 | Loss: 0.0900 | Acc: 0.9715 | Val Loss: 0.0667 | Val Acc: 0.9773 | Time: 10.75s
2025-04-19 00:15:23,198 - INFO - P2 (Round 10) - Epoch 2/10 | Loss: 0.0662 | Acc: 0.9771 | Val Loss: 0.0643 | Val Acc: 0.9774 | Time: 10.55s
2025-04-19 00:15:33,579 - INFO - P2 (Round 10) - Epoch 3/10 | Loss: 0.0639 | Acc: 0.9778 | Val Loss: 0.0692 | Val Acc: 0.9756 | Time: 10.38s
2025-04-19 00:15:43,981 - INFO - P2 (Round 10) - Epoch 4/10 | Loss: 0.0626 | Acc: 0.9781 | Val Loss: 0.0622 | Val Acc: 0.9781 | Time: 10.40s
2025-04-19 00:15:54,036 - INFO - P2 (Round 10) - Epoch 5/10 | Loss: 0.0619 | Acc: 0.9783 | Val Loss: 0.0611 | Val Acc: 0.9788 | Time: 10.05s
2025-04-19 00:16:05,028 - INFO - P2 (Round 10) - Epoch 6/10 | Loss: 0.0612 | Acc: 0.9786 | Val Loss: 0.0597 | Val Acc: 0.9784 | Time: 10.99s
2025-04-19 00:16:15,437 - INFO - P2 (Round 10) - Epoch 7/10 | Loss: 0.0607 | Acc: 0.9787 | Val Loss: 0.0620 | Val Acc: 0.9769 | Time: 10.41s
2025-04-19 00:16:25,740 - INFO - P2 (Round 10) - Epoch 8/10 | Loss: 0.0602 | Acc: 0.9788 | Val Loss: 0.0592 | Val Acc: 0.9793 | Time: 10.30s
2025-04-19 00:16:36,210 - INFO - P2 (Round 10) - Epoch 9/10 | Loss: 0.0597 | Acc: 0.9790 | Val Loss: 0.0589 | Val Acc: 0.9789 | Time: 10.47s
2025-04-19 00:16:46,672 - INFO - P2 (Round 10) - Epoch 10/10 | Loss: 0.0594 | Acc: 0.9790 | Val Loss: 0.0595 | Val Acc: 0.9789 | Time: 10.46s
2025-04-19 00:16:48,907 - INFO - Round 10 completed in 216.09s
2025-04-19 00:16:48,908 - INFO - Global Model - P1 Test: Loss = 3.6411, Accuracy = 0.5684
2025-04-19 00:16:48,908 - INFO - Global Model - P2 Test: Loss = 5.0614, Accuracy = 0.4449
2025-04-19 00:16:51,164 - INFO - Final Results after 10 rounds:
2025-04-19 00:16:51,164 - INFO - Global Model - P1 Test: Loss = 3.6411, Accuracy = 0.5684
2025-04-19 00:16:51,164 - INFO - Global Model - P2 Test: Loss = 5.0614, Accuracy = 0.4449
2025-04-19 00:16:51,172 - INFO - Experiment 157 results saved to results/suppression_experiments/exp_157_p1f3_p2f12.json
