2025-04-18 21:44:27,789 - INFO - Starting Suppression Experiment 114
2025-04-18 21:44:27,789 - INFO - P1 Features (6/14): ['protocol', 'bidirectional_min_ps', 'bidirectional_mean_ps', 'bidirectional_stddev_ps', 'bidirectional_max_ps', 'src2dst_stddev_ps']
2025-04-18 21:44:27,789 - INFO - P2 Features (13/14): ['protocol', 'bidirectional_min_ps', 'bidirectional_mean_ps', 'bidirectional_stddev_ps', 'bidirectional_max_ps', 'src2dst_stddev_ps', 'src2dst_max_ps', 'dst2src_min_ps', 'dst2src_mean_ps', 'dst2src_stddev_ps', 'dst2src_max_ps', 'bidirectional_stddev_piat_ms', 'bidirectional_max_piat_ms']
2025-04-18 21:44:40,039 - INFO - P1 (Round 1) - Epoch 1/10 | Loss: 0.1752 | Acc: 0.9488 | Val Loss: 0.0585 | Val Acc: 0.9824 | Time: 12.12s
2025-04-18 21:44:52,254 - INFO - P1 (Round 1) - Epoch 2/10 | Loss: 0.0468 | Acc: 0.9864 | Val Loss: 0.0416 | Val Acc: 0.9886 | Time: 12.21s
2025-04-18 21:45:04,603 - INFO - P1 (Round 1) - Epoch 3/10 | Loss: 0.0380 | Acc: 0.9892 | Val Loss: 0.0360 | Val Acc: 0.9894 | Time: 12.35s
2025-04-18 21:45:17,586 - INFO - P1 (Round 1) - Epoch 4/10 | Loss: 0.0344 | Acc: 0.9903 | Val Loss: 0.0333 | Val Acc: 0.9907 | Time: 12.98s
2025-04-18 21:45:28,534 - INFO - P1 (Round 1) - Epoch 5/10 | Loss: 0.0323 | Acc: 0.9910 | Val Loss: 0.0315 | Val Acc: 0.9917 | Time: 10.95s
2025-04-18 21:45:38,751 - INFO - P1 (Round 1) - Epoch 6/10 | Loss: 0.0307 | Acc: 0.9914 | Val Loss: 0.0303 | Val Acc: 0.9916 | Time: 10.22s
2025-04-18 21:45:48,870 - INFO - P1 (Round 1) - Epoch 7/10 | Loss: 0.0296 | Acc: 0.9917 | Val Loss: 0.0298 | Val Acc: 0.9914 | Time: 10.12s
2025-04-18 21:45:58,698 - INFO - P1 (Round 1) - Epoch 8/10 | Loss: 0.0286 | Acc: 0.9919 | Val Loss: 0.0289 | Val Acc: 0.9914 | Time: 9.83s
2025-04-18 21:46:08,715 - INFO - P1 (Round 1) - Epoch 9/10 | Loss: 0.0280 | Acc: 0.9920 | Val Loss: 0.0281 | Val Acc: 0.9916 | Time: 10.02s
2025-04-18 21:46:20,641 - INFO - P1 (Round 1) - Epoch 10/10 | Loss: 0.0274 | Acc: 0.9922 | Val Loss: 0.0275 | Val Acc: 0.9922 | Time: 11.93s
2025-04-18 21:46:30,438 - INFO - P2 (Round 1) - Epoch 1/10 | Loss: 0.3181 | Acc: 0.8715 | Val Loss: 0.2072 | Val Acc: 0.9198 | Time: 9.80s
2025-04-18 21:46:40,224 - INFO - P2 (Round 1) - Epoch 2/10 | Loss: 0.1829 | Acc: 0.9288 | Val Loss: 0.1599 | Val Acc: 0.9387 | Time: 9.78s
2025-04-18 21:46:50,053 - INFO - P2 (Round 1) - Epoch 3/10 | Loss: 0.1432 | Acc: 0.9474 | Val Loss: 0.1225 | Val Acc: 0.9581 | Time: 9.83s
2025-04-18 21:46:59,826 - INFO - P2 (Round 1) - Epoch 4/10 | Loss: 0.1132 | Acc: 0.9610 | Val Loss: 0.1056 | Val Acc: 0.9630 | Time: 9.77s
2025-04-18 21:47:09,888 - INFO - P2 (Round 1) - Epoch 5/10 | Loss: 0.0992 | Acc: 0.9661 | Val Loss: 0.0922 | Val Acc: 0.9684 | Time: 10.06s
2025-04-18 21:47:21,804 - INFO - P2 (Round 1) - Epoch 6/10 | Loss: 0.0924 | Acc: 0.9682 | Val Loss: 0.0871 | Val Acc: 0.9700 | Time: 11.92s
2025-04-18 21:47:34,688 - INFO - P2 (Round 1) - Epoch 7/10 | Loss: 0.0879 | Acc: 0.9696 | Val Loss: 0.0861 | Val Acc: 0.9720 | Time: 12.88s
2025-04-18 21:47:46,394 - INFO - P2 (Round 1) - Epoch 8/10 | Loss: 0.0846 | Acc: 0.9706 | Val Loss: 0.0814 | Val Acc: 0.9725 | Time: 11.71s
2025-04-18 21:47:58,039 - INFO - P2 (Round 1) - Epoch 9/10 | Loss: 0.0822 | Acc: 0.9714 | Val Loss: 0.0792 | Val Acc: 0.9727 | Time: 11.64s
2025-04-18 21:48:09,740 - INFO - P2 (Round 1) - Epoch 10/10 | Loss: 0.0808 | Acc: 0.9718 | Val Loss: 0.0813 | Val Acc: 0.9725 | Time: 11.70s
2025-04-18 21:48:12,192 - INFO - Round 1 completed in 224.28s
2025-04-18 21:48:12,192 - INFO - Global Model - P1 Test: Loss = 3.8582, Accuracy = 0.3640
2025-04-18 21:48:12,192 - INFO - Global Model - P2 Test: Loss = 4.5385, Accuracy = 0.3052
2025-04-18 21:48:24,387 - INFO - P1 (Round 2) - Epoch 1/10 | Loss: 0.1002 | Acc: 0.9743 | Val Loss: 0.0418 | Val Acc: 0.9883 | Time: 12.19s
2025-04-18 21:48:36,434 - INFO - P1 (Round 2) - Epoch 2/10 | Loss: 0.0363 | Acc: 0.9895 | Val Loss: 0.0333 | Val Acc: 0.9903 | Time: 12.05s
2025-04-18 21:48:49,297 - INFO - P1 (Round 2) - Epoch 3/10 | Loss: 0.0319 | Acc: 0.9910 | Val Loss: 0.0311 | Val Acc: 0.9915 | Time: 12.86s
2025-04-18 21:49:01,207 - INFO - P1 (Round 2) - Epoch 4/10 | Loss: 0.0301 | Acc: 0.9916 | Val Loss: 0.0298 | Val Acc: 0.9918 | Time: 11.91s
2025-04-18 21:49:12,978 - INFO - P1 (Round 2) - Epoch 5/10 | Loss: 0.0290 | Acc: 0.9919 | Val Loss: 0.0288 | Val Acc: 0.9922 | Time: 11.77s
2025-04-18 21:49:24,784 - INFO - P1 (Round 2) - Epoch 6/10 | Loss: 0.0280 | Acc: 0.9922 | Val Loss: 0.0278 | Val Acc: 0.9923 | Time: 11.81s
2025-04-18 21:49:36,581 - INFO - P1 (Round 2) - Epoch 7/10 | Loss: 0.0273 | Acc: 0.9924 | Val Loss: 0.0271 | Val Acc: 0.9926 | Time: 11.80s
2025-04-18 21:49:48,753 - INFO - P1 (Round 2) - Epoch 8/10 | Loss: 0.0265 | Acc: 0.9926 | Val Loss: 0.0274 | Val Acc: 0.9924 | Time: 12.17s
2025-04-18 21:50:01,351 - INFO - P1 (Round 2) - Epoch 9/10 | Loss: 0.0258 | Acc: 0.9927 | Val Loss: 0.0260 | Val Acc: 0.9927 | Time: 12.60s
2025-04-18 21:50:13,134 - INFO - P1 (Round 2) - Epoch 10/10 | Loss: 0.0254 | Acc: 0.9929 | Val Loss: 0.0255 | Val Acc: 0.9930 | Time: 11.78s
2025-04-18 21:50:24,759 - INFO - P2 (Round 2) - Epoch 1/10 | Loss: 0.2410 | Acc: 0.9176 | Val Loss: 0.1360 | Val Acc: 0.9528 | Time: 11.62s
2025-04-18 21:50:36,228 - INFO - P2 (Round 2) - Epoch 2/10 | Loss: 0.1166 | Acc: 0.9585 | Val Loss: 0.1024 | Val Acc: 0.9643 | Time: 11.47s
2025-04-18 21:50:47,921 - INFO - P2 (Round 2) - Epoch 3/10 | Loss: 0.0980 | Acc: 0.9652 | Val Loss: 0.0920 | Val Acc: 0.9688 | Time: 11.69s
2025-04-18 21:50:59,823 - INFO - P2 (Round 2) - Epoch 4/10 | Loss: 0.0894 | Acc: 0.9685 | Val Loss: 0.0864 | Val Acc: 0.9707 | Time: 11.90s
2025-04-18 21:51:12,258 - INFO - P2 (Round 2) - Epoch 5/10 | Loss: 0.0841 | Acc: 0.9707 | Val Loss: 0.0841 | Val Acc: 0.9725 | Time: 12.43s
2025-04-18 21:51:23,776 - INFO - P2 (Round 2) - Epoch 6/10 | Loss: 0.0805 | Acc: 0.9720 | Val Loss: 0.0810 | Val Acc: 0.9738 | Time: 11.52s
2025-04-18 21:51:35,330 - INFO - P2 (Round 2) - Epoch 7/10 | Loss: 0.0785 | Acc: 0.9727 | Val Loss: 0.0775 | Val Acc: 0.9744 | Time: 11.55s
2025-04-18 21:51:46,936 - INFO - P2 (Round 2) - Epoch 8/10 | Loss: 0.0771 | Acc: 0.9730 | Val Loss: 0.0761 | Val Acc: 0.9717 | Time: 11.61s
2025-04-18 21:51:58,664 - INFO - P2 (Round 2) - Epoch 9/10 | Loss: 0.0758 | Acc: 0.9734 | Val Loss: 0.0766 | Val Acc: 0.9731 | Time: 11.73s
2025-04-18 21:52:10,526 - INFO - P2 (Round 2) - Epoch 10/10 | Loss: 0.0743 | Acc: 0.9740 | Val Loss: 0.0705 | Val Acc: 0.9757 | Time: 11.86s
2025-04-18 21:52:13,272 - INFO - Round 2 completed in 241.08s
2025-04-18 21:52:13,272 - INFO - Global Model - P1 Test: Loss = 2.9046, Accuracy = 0.3364
2025-04-18 21:52:13,272 - INFO - Global Model - P2 Test: Loss = 6.3769, Accuracy = 0.1768
2025-04-18 21:52:25,800 - INFO - P1 (Round 3) - Epoch 1/10 | Loss: 0.0923 | Acc: 0.9734 | Val Loss: 0.0425 | Val Acc: 0.9875 | Time: 12.53s
2025-04-18 21:52:37,732 - INFO - P1 (Round 3) - Epoch 2/10 | Loss: 0.0368 | Acc: 0.9892 | Val Loss: 0.0325 | Val Acc: 0.9904 | Time: 11.93s
2025-04-18 21:52:49,758 - INFO - P1 (Round 3) - Epoch 3/10 | Loss: 0.0311 | Acc: 0.9908 | Val Loss: 0.0295 | Val Acc: 0.9912 | Time: 12.03s
2025-04-18 21:53:02,103 - INFO - P1 (Round 3) - Epoch 4/10 | Loss: 0.0283 | Acc: 0.9915 | Val Loss: 0.0281 | Val Acc: 0.9916 | Time: 12.34s
2025-04-18 21:53:13,901 - INFO - P1 (Round 3) - Epoch 5/10 | Loss: 0.0265 | Acc: 0.9921 | Val Loss: 0.0261 | Val Acc: 0.9921 | Time: 11.80s
2025-04-18 21:53:26,316 - INFO - P1 (Round 3) - Epoch 6/10 | Loss: 0.0252 | Acc: 0.9925 | Val Loss: 0.0248 | Val Acc: 0.9929 | Time: 12.41s
2025-04-18 21:53:38,658 - INFO - P1 (Round 3) - Epoch 7/10 | Loss: 0.0242 | Acc: 0.9929 | Val Loss: 0.0249 | Val Acc: 0.9924 | Time: 12.34s
2025-04-18 21:53:50,616 - INFO - P1 (Round 3) - Epoch 8/10 | Loss: 0.0235 | Acc: 0.9932 | Val Loss: 0.0235 | Val Acc: 0.9931 | Time: 11.96s
2025-04-18 21:54:02,549 - INFO - P1 (Round 3) - Epoch 9/10 | Loss: 0.0231 | Acc: 0.9934 | Val Loss: 0.0229 | Val Acc: 0.9930 | Time: 11.93s
2025-04-18 21:54:14,466 - INFO - P1 (Round 3) - Epoch 10/10 | Loss: 0.0227 | Acc: 0.9935 | Val Loss: 0.0228 | Val Acc: 0.9940 | Time: 11.92s
2025-04-18 21:54:25,966 - INFO - P2 (Round 3) - Epoch 1/10 | Loss: 0.1786 | Acc: 0.9397 | Val Loss: 0.0951 | Val Acc: 0.9652 | Time: 11.50s
2025-04-18 21:54:38,206 - INFO - P2 (Round 3) - Epoch 2/10 | Loss: 0.0852 | Acc: 0.9701 | Val Loss: 0.0762 | Val Acc: 0.9748 | Time: 12.24s
2025-04-18 21:54:50,314 - INFO - P2 (Round 3) - Epoch 3/10 | Loss: 0.0740 | Acc: 0.9750 | Val Loss: 0.0722 | Val Acc: 0.9756 | Time: 12.11s
2025-04-18 21:55:02,420 - INFO - P2 (Round 3) - Epoch 4/10 | Loss: 0.0686 | Acc: 0.9770 | Val Loss: 0.0653 | Val Acc: 0.9782 | Time: 12.11s
2025-04-18 21:55:14,022 - INFO - P2 (Round 3) - Epoch 5/10 | Loss: 0.0647 | Acc: 0.9781 | Val Loss: 0.0627 | Val Acc: 0.9793 | Time: 11.60s
2025-04-18 21:55:25,574 - INFO - P2 (Round 3) - Epoch 6/10 | Loss: 0.0626 | Acc: 0.9789 | Val Loss: 0.0618 | Val Acc: 0.9789 | Time: 11.55s
2025-04-18 21:55:37,482 - INFO - P2 (Round 3) - Epoch 7/10 | Loss: 0.0611 | Acc: 0.9793 | Val Loss: 0.0598 | Val Acc: 0.9801 | Time: 11.91s
2025-04-18 21:55:49,841 - INFO - P2 (Round 3) - Epoch 8/10 | Loss: 0.0602 | Acc: 0.9795 | Val Loss: 0.0591 | Val Acc: 0.9808 | Time: 12.36s
2025-04-18 21:56:01,872 - INFO - P2 (Round 3) - Epoch 9/10 | Loss: 0.0590 | Acc: 0.9800 | Val Loss: 0.0577 | Val Acc: 0.9798 | Time: 12.03s
2025-04-18 21:56:13,945 - INFO - P2 (Round 3) - Epoch 10/10 | Loss: 0.0579 | Acc: 0.9801 | Val Loss: 0.0568 | Val Acc: 0.9814 | Time: 12.07s
2025-04-18 21:56:16,566 - INFO - Round 3 completed in 243.29s
2025-04-18 21:56:16,566 - INFO - Global Model - P1 Test: Loss = 4.4546, Accuracy = 0.4475
2025-04-18 21:56:16,566 - INFO - Global Model - P2 Test: Loss = 5.1347, Accuracy = 0.3142
2025-04-18 21:56:28,832 - INFO - P1 (Round 4) - Epoch 1/10 | Loss: 0.0881 | Acc: 0.9779 | Val Loss: 0.0449 | Val Acc: 0.9865 | Time: 12.26s
2025-04-18 21:56:40,658 - INFO - P1 (Round 4) - Epoch 2/10 | Loss: 0.0402 | Acc: 0.9879 | Val Loss: 0.0364 | Val Acc: 0.9889 | Time: 11.83s
2025-04-18 21:56:52,772 - INFO - P1 (Round 4) - Epoch 3/10 | Loss: 0.0350 | Acc: 0.9894 | Val Loss: 0.0331 | Val Acc: 0.9902 | Time: 12.11s
2025-04-18 21:57:05,751 - INFO - P1 (Round 4) - Epoch 4/10 | Loss: 0.0321 | Acc: 0.9904 | Val Loss: 0.0314 | Val Acc: 0.9910 | Time: 12.98s
2025-04-18 21:57:17,605 - INFO - P1 (Round 4) - Epoch 5/10 | Loss: 0.0302 | Acc: 0.9911 | Val Loss: 0.0294 | Val Acc: 0.9918 | Time: 11.85s
2025-04-18 21:57:29,359 - INFO - P1 (Round 4) - Epoch 6/10 | Loss: 0.0289 | Acc: 0.9916 | Val Loss: 0.0277 | Val Acc: 0.9919 | Time: 11.75s
2025-04-18 21:57:41,157 - INFO - P1 (Round 4) - Epoch 7/10 | Loss: 0.0281 | Acc: 0.9919 | Val Loss: 0.0275 | Val Acc: 0.9925 | Time: 11.80s
2025-04-18 21:57:52,978 - INFO - P1 (Round 4) - Epoch 8/10 | Loss: 0.0272 | Acc: 0.9921 | Val Loss: 0.0267 | Val Acc: 0.9928 | Time: 11.82s
2025-04-18 21:58:05,313 - INFO - P1 (Round 4) - Epoch 9/10 | Loss: 0.0267 | Acc: 0.9923 | Val Loss: 0.0282 | Val Acc: 0.9913 | Time: 12.33s
2025-04-18 21:58:16,996 - INFO - P1 (Round 4) - Epoch 10/10 | Loss: 0.0262 | Acc: 0.9924 | Val Loss: 0.0260 | Val Acc: 0.9927 | Time: 11.68s
2025-04-18 21:58:26,840 - INFO - P2 (Round 4) - Epoch 1/10 | Loss: 0.1455 | Acc: 0.9520 | Val Loss: 0.0763 | Val Acc: 0.9729 | Time: 9.84s
2025-04-18 21:58:36,447 - INFO - P2 (Round 4) - Epoch 2/10 | Loss: 0.0704 | Acc: 0.9754 | Val Loss: 0.0674 | Val Acc: 0.9768 | Time: 9.61s
2025-04-18 21:58:47,033 - INFO - P2 (Round 4) - Epoch 3/10 | Loss: 0.0633 | Acc: 0.9782 | Val Loss: 0.0626 | Val Acc: 0.9785 | Time: 10.59s
2025-04-18 21:59:02,083 - INFO - P2 (Round 4) - Epoch 4/10 | Loss: 0.0598 | Acc: 0.9793 | Val Loss: 0.0580 | Val Acc: 0.9801 | Time: 15.05s
2025-04-18 21:59:15,085 - INFO - P2 (Round 4) - Epoch 5/10 | Loss: 0.0558 | Acc: 0.9808 | Val Loss: 0.0534 | Val Acc: 0.9822 | Time: 13.00s
2025-04-18 21:59:28,951 - INFO - P2 (Round 4) - Epoch 6/10 | Loss: 0.0538 | Acc: 0.9815 | Val Loss: 0.0571 | Val Acc: 0.9807 | Time: 13.87s
2025-04-18 21:59:39,680 - INFO - P2 (Round 4) - Epoch 7/10 | Loss: 0.0527 | Acc: 0.9817 | Val Loss: 0.0518 | Val Acc: 0.9818 | Time: 10.73s
2025-04-18 21:59:49,378 - INFO - P2 (Round 4) - Epoch 8/10 | Loss: 0.0518 | Acc: 0.9820 | Val Loss: 0.0520 | Val Acc: 0.9816 | Time: 9.70s
2025-04-18 21:59:59,187 - INFO - P2 (Round 4) - Epoch 9/10 | Loss: 0.0511 | Acc: 0.9824 | Val Loss: 0.0497 | Val Acc: 0.9833 | Time: 9.81s
2025-04-18 22:00:09,051 - INFO - P2 (Round 4) - Epoch 10/10 | Loss: 0.0506 | Acc: 0.9826 | Val Loss: 0.0491 | Val Acc: 0.9833 | Time: 9.86s
2025-04-18 22:00:11,424 - INFO - Round 4 completed in 234.86s
2025-04-18 22:00:11,425 - INFO - Global Model - P1 Test: Loss = 4.9337, Accuracy = 0.5062
2025-04-18 22:00:11,425 - INFO - Global Model - P2 Test: Loss = 1.8437, Accuracy = 0.6265
2025-04-18 22:00:21,300 - INFO - P1 (Round 5) - Epoch 1/10 | Loss: 0.0711 | Acc: 0.9815 | Val Loss: 0.0387 | Val Acc: 0.9879 | Time: 9.87s
2025-04-18 22:00:32,544 - INFO - P1 (Round 5) - Epoch 2/10 | Loss: 0.0339 | Acc: 0.9894 | Val Loss: 0.0316 | Val Acc: 0.9905 | Time: 11.24s
2025-04-18 22:00:43,346 - INFO - P1 (Round 5) - Epoch 3/10 | Loss: 0.0306 | Acc: 0.9906 | Val Loss: 0.0294 | Val Acc: 0.9915 | Time: 10.80s
2025-04-18 22:00:53,340 - INFO - P1 (Round 5) - Epoch 4/10 | Loss: 0.0280 | Acc: 0.9915 | Val Loss: 0.0277 | Val Acc: 0.9929 | Time: 9.99s
2025-04-18 22:01:03,297 - INFO - P1 (Round 5) - Epoch 5/10 | Loss: 0.0270 | Acc: 0.9920 | Val Loss: 0.0272 | Val Acc: 0.9921 | Time: 9.96s
2025-04-18 22:01:13,512 - INFO - P1 (Round 5) - Epoch 6/10 | Loss: 0.0262 | Acc: 0.9923 | Val Loss: 0.0266 | Val Acc: 0.9918 | Time: 10.22s
2025-04-18 22:01:23,515 - INFO - P1 (Round 5) - Epoch 7/10 | Loss: 0.0257 | Acc: 0.9925 | Val Loss: 0.0247 | Val Acc: 0.9929 | Time: 10.00s
2025-04-18 22:01:33,542 - INFO - P1 (Round 5) - Epoch 8/10 | Loss: 0.0253 | Acc: 0.9927 | Val Loss: 0.0247 | Val Acc: 0.9932 | Time: 10.03s
2025-04-18 22:01:44,833 - INFO - P1 (Round 5) - Epoch 9/10 | Loss: 0.0246 | Acc: 0.9930 | Val Loss: 0.0264 | Val Acc: 0.9919 | Time: 11.29s
2025-04-18 22:01:54,994 - INFO - P1 (Round 5) - Epoch 10/10 | Loss: 0.0243 | Acc: 0.9931 | Val Loss: 0.0243 | Val Acc: 0.9935 | Time: 10.16s
2025-04-18 22:02:04,850 - INFO - P2 (Round 5) - Epoch 1/10 | Loss: 0.1450 | Acc: 0.9525 | Val Loss: 0.1013 | Val Acc: 0.9666 | Time: 9.86s
2025-04-18 22:02:14,664 - INFO - P2 (Round 5) - Epoch 2/10 | Loss: 0.0929 | Acc: 0.9685 | Val Loss: 0.0965 | Val Acc: 0.9636 | Time: 9.81s
2025-04-18 22:02:24,554 - INFO - P2 (Round 5) - Epoch 3/10 | Loss: 0.0831 | Acc: 0.9708 | Val Loss: 0.0804 | Val Acc: 0.9726 | Time: 9.89s
2025-04-18 22:02:34,465 - INFO - P2 (Round 5) - Epoch 4/10 | Loss: 0.0794 | Acc: 0.9720 | Val Loss: 0.0753 | Val Acc: 0.9733 | Time: 9.91s
2025-04-18 22:02:44,316 - INFO - P2 (Round 5) - Epoch 5/10 | Loss: 0.0768 | Acc: 0.9728 | Val Loss: 0.0734 | Val Acc: 0.9736 | Time: 9.85s
2025-04-18 22:02:55,214 - INFO - P2 (Round 5) - Epoch 6/10 | Loss: 0.0749 | Acc: 0.9736 | Val Loss: 0.0765 | Val Acc: 0.9746 | Time: 10.90s
2025-04-18 22:03:05,500 - INFO - P2 (Round 5) - Epoch 7/10 | Loss: 0.0735 | Acc: 0.9741 | Val Loss: 0.0718 | Val Acc: 0.9745 | Time: 10.29s
2025-04-18 22:03:15,424 - INFO - P2 (Round 5) - Epoch 8/10 | Loss: 0.0724 | Acc: 0.9744 | Val Loss: 0.0705 | Val Acc: 0.9756 | Time: 9.92s
2025-04-18 22:03:25,371 - INFO - P2 (Round 5) - Epoch 9/10 | Loss: 0.0711 | Acc: 0.9750 | Val Loss: 0.0672 | Val Acc: 0.9764 | Time: 9.95s
2025-04-18 22:03:35,258 - INFO - P2 (Round 5) - Epoch 10/10 | Loss: 0.0699 | Acc: 0.9754 | Val Loss: 0.0701 | Val Acc: 0.9757 | Time: 9.89s
2025-04-18 22:03:37,815 - INFO - Round 5 completed in 206.39s
2025-04-18 22:03:37,815 - INFO - Global Model - P1 Test: Loss = 4.2697, Accuracy = 0.4631
2025-04-18 22:03:37,815 - INFO - Global Model - P2 Test: Loss = 3.8567, Accuracy = 0.5351
2025-04-18 22:03:49,681 - INFO - P1 (Round 6) - Epoch 1/10 | Loss: 0.0579 | Acc: 0.9848 | Val Loss: 0.0308 | Val Acc: 0.9909 | Time: 11.86s
2025-04-18 22:04:01,548 - INFO - P1 (Round 6) - Epoch 2/10 | Loss: 0.0294 | Acc: 0.9911 | Val Loss: 0.0282 | Val Acc: 0.9915 | Time: 11.87s
2025-04-18 22:04:14,549 - INFO - P1 (Round 6) - Epoch 3/10 | Loss: 0.0279 | Acc: 0.9917 | Val Loss: 0.0282 | Val Acc: 0.9915 | Time: 13.00s
2025-04-18 22:04:26,523 - INFO - P1 (Round 6) - Epoch 4/10 | Loss: 0.0270 | Acc: 0.9921 | Val Loss: 0.0269 | Val Acc: 0.9919 | Time: 11.97s
2025-04-18 22:04:38,465 - INFO - P1 (Round 6) - Epoch 5/10 | Loss: 0.0263 | Acc: 0.9924 | Val Loss: 0.0253 | Val Acc: 0.9931 | Time: 11.94s
2025-04-18 22:04:50,125 - INFO - P1 (Round 6) - Epoch 6/10 | Loss: 0.0255 | Acc: 0.9927 | Val Loss: 0.0251 | Val Acc: 0.9931 | Time: 11.66s
2025-04-18 22:05:02,008 - INFO - P1 (Round 6) - Epoch 7/10 | Loss: 0.0250 | Acc: 0.9929 | Val Loss: 0.0242 | Val Acc: 0.9929 | Time: 11.88s
2025-04-18 22:05:14,187 - INFO - P1 (Round 6) - Epoch 8/10 | Loss: 0.0245 | Acc: 0.9931 | Val Loss: 0.0249 | Val Acc: 0.9922 | Time: 12.18s
2025-04-18 22:05:26,871 - INFO - P1 (Round 6) - Epoch 9/10 | Loss: 0.0242 | Acc: 0.9932 | Val Loss: 0.0242 | Val Acc: 0.9932 | Time: 12.68s
2025-04-18 22:05:39,158 - INFO - P1 (Round 6) - Epoch 10/10 | Loss: 0.0240 | Acc: 0.9933 | Val Loss: 0.0246 | Val Acc: 0.9939 | Time: 12.29s
2025-04-18 22:05:51,350 - INFO - P2 (Round 6) - Epoch 1/10 | Loss: 0.1212 | Acc: 0.9621 | Val Loss: 0.0846 | Val Acc: 0.9725 | Time: 12.19s
2025-04-18 22:06:03,315 - INFO - P2 (Round 6) - Epoch 2/10 | Loss: 0.0828 | Acc: 0.9717 | Val Loss: 0.0795 | Val Acc: 0.9712 | Time: 11.96s
2025-04-18 22:06:15,668 - INFO - P2 (Round 6) - Epoch 3/10 | Loss: 0.0753 | Acc: 0.9745 | Val Loss: 0.0693 | Val Acc: 0.9766 | Time: 12.35s
2025-04-18 22:06:28,056 - INFO - P2 (Round 6) - Epoch 4/10 | Loss: 0.0651 | Acc: 0.9783 | Val Loss: 0.0665 | Val Acc: 0.9790 | Time: 12.39s
2025-04-18 22:06:40,094 - INFO - P2 (Round 6) - Epoch 5/10 | Loss: 0.0612 | Acc: 0.9792 | Val Loss: 0.0600 | Val Acc: 0.9793 | Time: 12.04s
2025-04-18 22:06:51,474 - INFO - P2 (Round 6) - Epoch 6/10 | Loss: 0.0592 | Acc: 0.9797 | Val Loss: 0.0593 | Val Acc: 0.9793 | Time: 11.38s
2025-04-18 22:07:03,156 - INFO - P2 (Round 6) - Epoch 7/10 | Loss: 0.0579 | Acc: 0.9802 | Val Loss: 0.0583 | Val Acc: 0.9801 | Time: 11.68s
2025-04-18 22:07:15,035 - INFO - P2 (Round 6) - Epoch 8/10 | Loss: 0.0567 | Acc: 0.9805 | Val Loss: 0.0568 | Val Acc: 0.9808 | Time: 11.88s
2025-04-18 22:07:27,085 - INFO - P2 (Round 6) - Epoch 9/10 | Loss: 0.0559 | Acc: 0.9807 | Val Loss: 0.0535 | Val Acc: 0.9819 | Time: 12.05s
2025-04-18 22:07:39,619 - INFO - P2 (Round 6) - Epoch 10/10 | Loss: 0.0553 | Acc: 0.9809 | Val Loss: 0.0557 | Val Acc: 0.9805 | Time: 12.53s
2025-04-18 22:07:42,384 - INFO - Round 6 completed in 244.57s
2025-04-18 22:07:42,384 - INFO - Global Model - P1 Test: Loss = 2.8274, Accuracy = 0.5443
2025-04-18 22:07:42,384 - INFO - Global Model - P2 Test: Loss = 6.3162, Accuracy = 0.5098
2025-04-18 22:07:54,708 - INFO - P1 (Round 7) - Epoch 1/10 | Loss: 0.0524 | Acc: 0.9861 | Val Loss: 0.0319 | Val Acc: 0.9906 | Time: 12.32s
2025-04-18 22:08:06,555 - INFO - P1 (Round 7) - Epoch 2/10 | Loss: 0.0302 | Acc: 0.9909 | Val Loss: 0.0292 | Val Acc: 0.9916 | Time: 11.85s
2025-04-18 22:08:18,204 - INFO - P1 (Round 7) - Epoch 3/10 | Loss: 0.0283 | Acc: 0.9916 | Val Loss: 0.0271 | Val Acc: 0.9919 | Time: 11.65s
2025-04-18 22:08:28,051 - INFO - P1 (Round 7) - Epoch 4/10 | Loss: 0.0264 | Acc: 0.9921 | Val Loss: 0.0261 | Val Acc: 0.9929 | Time: 9.85s
2025-04-18 22:08:38,049 - INFO - P1 (Round 7) - Epoch 5/10 | Loss: 0.0254 | Acc: 0.9924 | Val Loss: 0.0270 | Val Acc: 0.9916 | Time: 10.00s
2025-04-18 22:08:48,908 - INFO - P1 (Round 7) - Epoch 6/10 | Loss: 0.0248 | Acc: 0.9926 | Val Loss: 0.0261 | Val Acc: 0.9919 | Time: 10.86s
2025-04-18 22:09:00,390 - INFO - P1 (Round 7) - Epoch 7/10 | Loss: 0.0242 | Acc: 0.9927 | Val Loss: 0.0237 | Val Acc: 0.9930 | Time: 11.48s
2025-04-18 22:09:10,444 - INFO - P1 (Round 7) - Epoch 8/10 | Loss: 0.0240 | Acc: 0.9928 | Val Loss: 0.0236 | Val Acc: 0.9930 | Time: 10.05s
2025-04-18 22:09:21,328 - INFO - P1 (Round 7) - Epoch 9/10 | Loss: 0.0237 | Acc: 0.9929 | Val Loss: 0.0237 | Val Acc: 0.9931 | Time: 10.88s
2025-04-18 22:09:33,215 - INFO - P1 (Round 7) - Epoch 10/10 | Loss: 0.0233 | Acc: 0.9930 | Val Loss: 0.0234 | Val Acc: 0.9927 | Time: 11.89s
2025-04-18 22:09:44,938 - INFO - P2 (Round 7) - Epoch 1/10 | Loss: 0.1111 | Acc: 0.9695 | Val Loss: 0.0637 | Val Acc: 0.9785 | Time: 11.72s
2025-04-18 22:09:56,565 - INFO - P2 (Round 7) - Epoch 2/10 | Loss: 0.0620 | Acc: 0.9791 | Val Loss: 0.0610 | Val Acc: 0.9787 | Time: 11.63s
2025-04-18 22:10:09,346 - INFO - P2 (Round 7) - Epoch 3/10 | Loss: 0.0587 | Acc: 0.9798 | Val Loss: 0.0570 | Val Acc: 0.9811 | Time: 12.78s
2025-04-18 22:10:20,962 - INFO - P2 (Round 7) - Epoch 4/10 | Loss: 0.0572 | Acc: 0.9803 | Val Loss: 0.0550 | Val Acc: 0.9811 | Time: 11.62s
2025-04-18 22:10:32,809 - INFO - P2 (Round 7) - Epoch 5/10 | Loss: 0.0561 | Acc: 0.9807 | Val Loss: 0.0562 | Val Acc: 0.9812 | Time: 11.85s
2025-04-18 22:10:44,839 - INFO - P2 (Round 7) - Epoch 6/10 | Loss: 0.0551 | Acc: 0.9809 | Val Loss: 0.0532 | Val Acc: 0.9811 | Time: 12.03s
2025-04-18 22:10:56,269 - INFO - P2 (Round 7) - Epoch 7/10 | Loss: 0.0544 | Acc: 0.9810 | Val Loss: 0.0527 | Val Acc: 0.9815 | Time: 11.43s
2025-04-18 22:11:08,210 - INFO - P2 (Round 7) - Epoch 8/10 | Loss: 0.0537 | Acc: 0.9812 | Val Loss: 0.0543 | Val Acc: 0.9807 | Time: 11.94s
2025-04-18 22:11:20,910 - INFO - P2 (Round 7) - Epoch 9/10 | Loss: 0.0532 | Acc: 0.9813 | Val Loss: 0.0523 | Val Acc: 0.9815 | Time: 12.70s
2025-04-18 22:11:32,672 - INFO - P2 (Round 7) - Epoch 10/10 | Loss: 0.0529 | Acc: 0.9814 | Val Loss: 0.0597 | Val Acc: 0.9799 | Time: 11.76s
2025-04-18 22:11:35,188 - INFO - Round 7 completed in 232.80s
2025-04-18 22:11:35,188 - INFO - Global Model - P1 Test: Loss = 4.2422, Accuracy = 0.5363
2025-04-18 22:11:35,188 - INFO - Global Model - P2 Test: Loss = 1.5074, Accuracy = 0.8061
2025-04-18 22:11:46,792 - INFO - P1 (Round 8) - Epoch 1/10 | Loss: 0.0567 | Acc: 0.9855 | Val Loss: 0.0328 | Val Acc: 0.9897 | Time: 11.60s
2025-04-18 22:11:58,863 - INFO - P1 (Round 8) - Epoch 2/10 | Loss: 0.0275 | Acc: 0.9914 | Val Loss: 0.0266 | Val Acc: 0.9922 | Time: 12.07s
2025-04-18 22:12:10,840 - INFO - P1 (Round 8) - Epoch 3/10 | Loss: 0.0252 | Acc: 0.9922 | Val Loss: 0.0273 | Val Acc: 0.9913 | Time: 11.98s
2025-04-18 22:12:22,849 - INFO - P1 (Round 8) - Epoch 4/10 | Loss: 0.0244 | Acc: 0.9925 | Val Loss: 0.0246 | Val Acc: 0.9934 | Time: 12.01s
2025-04-18 22:12:35,699 - INFO - P1 (Round 8) - Epoch 5/10 | Loss: 0.0238 | Acc: 0.9927 | Val Loss: 0.0243 | Val Acc: 0.9918 | Time: 12.85s
2025-04-18 22:12:47,781 - INFO - P1 (Round 8) - Epoch 6/10 | Loss: 0.0235 | Acc: 0.9929 | Val Loss: 0.0234 | Val Acc: 0.9930 | Time: 12.08s
2025-04-18 22:12:59,919 - INFO - P1 (Round 8) - Epoch 7/10 | Loss: 0.0230 | Acc: 0.9931 | Val Loss: 0.0231 | Val Acc: 0.9934 | Time: 12.14s
2025-04-18 22:13:12,079 - INFO - P1 (Round 8) - Epoch 8/10 | Loss: 0.0226 | Acc: 0.9933 | Val Loss: 0.0228 | Val Acc: 0.9932 | Time: 12.16s
2025-04-18 22:13:24,076 - INFO - P1 (Round 8) - Epoch 9/10 | Loss: 0.0223 | Acc: 0.9935 | Val Loss: 0.0229 | Val Acc: 0.9932 | Time: 12.00s
2025-04-18 22:13:36,417 - INFO - P1 (Round 8) - Epoch 10/10 | Loss: 0.0219 | Acc: 0.9936 | Val Loss: 0.0235 | Val Acc: 0.9939 | Time: 12.34s
2025-04-18 22:13:48,762 - INFO - P2 (Round 8) - Epoch 1/10 | Loss: 0.0757 | Acc: 0.9764 | Val Loss: 0.0589 | Val Acc: 0.9805 | Time: 12.35s
2025-04-18 22:14:00,462 - INFO - P2 (Round 8) - Epoch 2/10 | Loss: 0.0585 | Acc: 0.9800 | Val Loss: 0.0594 | Val Acc: 0.9792 | Time: 11.70s
2025-04-18 22:14:12,333 - INFO - P2 (Round 8) - Epoch 3/10 | Loss: 0.0562 | Acc: 0.9806 | Val Loss: 0.0578 | Val Acc: 0.9799 | Time: 11.87s
2025-04-18 22:14:24,329 - INFO - P2 (Round 8) - Epoch 4/10 | Loss: 0.0549 | Acc: 0.9809 | Val Loss: 0.0548 | Val Acc: 0.9816 | Time: 12.00s
2025-04-18 22:14:37,900 - INFO - P2 (Round 8) - Epoch 5/10 | Loss: 0.0536 | Acc: 0.9812 | Val Loss: 0.0538 | Val Acc: 0.9815 | Time: 13.57s
2025-04-18 22:14:51,195 - INFO - P2 (Round 8) - Epoch 6/10 | Loss: 0.0532 | Acc: 0.9814 | Val Loss: 0.0532 | Val Acc: 0.9814 | Time: 13.29s
2025-04-18 22:15:03,269 - INFO - P2 (Round 8) - Epoch 7/10 | Loss: 0.0528 | Acc: 0.9816 | Val Loss: 0.0522 | Val Acc: 0.9823 | Time: 12.07s
2025-04-18 22:15:15,234 - INFO - P2 (Round 8) - Epoch 8/10 | Loss: 0.0524 | Acc: 0.9816 | Val Loss: 0.0510 | Val Acc: 0.9824 | Time: 11.97s
2025-04-18 22:15:27,374 - INFO - P2 (Round 8) - Epoch 9/10 | Loss: 0.0520 | Acc: 0.9816 | Val Loss: 0.0529 | Val Acc: 0.9815 | Time: 12.14s
2025-04-18 22:15:39,205 - INFO - P2 (Round 8) - Epoch 10/10 | Loss: 0.0518 | Acc: 0.9818 | Val Loss: 0.0512 | Val Acc: 0.9825 | Time: 11.83s
2025-04-18 22:15:41,808 - INFO - Round 8 completed in 246.62s
2025-04-18 22:15:41,808 - INFO - Global Model - P1 Test: Loss = 2.5429, Accuracy = 0.5392
2025-04-18 22:15:41,808 - INFO - Global Model - P2 Test: Loss = 2.5556, Accuracy = 0.7135
2025-04-18 22:15:54,086 - INFO - P1 (Round 9) - Epoch 1/10 | Loss: 0.0486 | Acc: 0.9872 | Val Loss: 0.0310 | Val Acc: 0.9910 | Time: 12.28s
2025-04-18 22:16:06,922 - INFO - P1 (Round 9) - Epoch 2/10 | Loss: 0.0269 | Acc: 0.9921 | Val Loss: 0.0253 | Val Acc: 0.9919 | Time: 12.84s
2025-04-18 22:16:18,683 - INFO - P1 (Round 9) - Epoch 3/10 | Loss: 0.0236 | Acc: 0.9931 | Val Loss: 0.0237 | Val Acc: 0.9929 | Time: 11.76s
2025-04-18 22:16:30,819 - INFO - P1 (Round 9) - Epoch 4/10 | Loss: 0.0227 | Acc: 0.9933 | Val Loss: 0.0235 | Val Acc: 0.9928 | Time: 12.14s
2025-04-18 22:16:42,938 - INFO - P1 (Round 9) - Epoch 5/10 | Loss: 0.0222 | Acc: 0.9935 | Val Loss: 0.0223 | Val Acc: 0.9940 | Time: 12.12s
2025-04-18 22:16:55,023 - INFO - P1 (Round 9) - Epoch 6/10 | Loss: 0.0218 | Acc: 0.9936 | Val Loss: 0.0217 | Val Acc: 0.9937 | Time: 12.09s
2025-04-18 22:17:07,415 - INFO - P1 (Round 9) - Epoch 7/10 | Loss: 0.0214 | Acc: 0.9938 | Val Loss: 0.0214 | Val Acc: 0.9939 | Time: 12.39s
2025-04-18 22:17:20,187 - INFO - P1 (Round 9) - Epoch 8/10 | Loss: 0.0211 | Acc: 0.9938 | Val Loss: 0.0208 | Val Acc: 0.9941 | Time: 12.77s
2025-04-18 22:17:31,980 - INFO - P1 (Round 9) - Epoch 9/10 | Loss: 0.0209 | Acc: 0.9940 | Val Loss: 0.0214 | Val Acc: 0.9940 | Time: 11.79s
2025-04-18 22:17:43,751 - INFO - P1 (Round 9) - Epoch 10/10 | Loss: 0.0207 | Acc: 0.9940 | Val Loss: 0.0214 | Val Acc: 0.9935 | Time: 11.77s
2025-04-18 22:17:55,311 - INFO - P2 (Round 9) - Epoch 1/10 | Loss: 0.0773 | Acc: 0.9766 | Val Loss: 0.0571 | Val Acc: 0.9804 | Time: 11.56s
2025-04-18 22:18:07,214 - INFO - P2 (Round 9) - Epoch 2/10 | Loss: 0.0569 | Acc: 0.9803 | Val Loss: 0.0553 | Val Acc: 0.9809 | Time: 11.90s
2025-04-18 22:18:19,486 - INFO - P2 (Round 9) - Epoch 3/10 | Loss: 0.0545 | Acc: 0.9809 | Val Loss: 0.0520 | Val Acc: 0.9822 | Time: 12.27s
2025-04-18 22:18:32,008 - INFO - P2 (Round 9) - Epoch 4/10 | Loss: 0.0534 | Acc: 0.9813 | Val Loss: 0.0519 | Val Acc: 0.9816 | Time: 12.52s
2025-04-18 22:18:43,990 - INFO - P2 (Round 9) - Epoch 5/10 | Loss: 0.0527 | Acc: 0.9814 | Val Loss: 0.0513 | Val Acc: 0.9818 | Time: 11.98s
2025-04-18 22:18:55,828 - INFO - P2 (Round 9) - Epoch 6/10 | Loss: 0.0523 | Acc: 0.9815 | Val Loss: 0.0527 | Val Acc: 0.9816 | Time: 11.84s
2025-04-18 22:19:07,601 - INFO - P2 (Round 9) - Epoch 7/10 | Loss: 0.0520 | Acc: 0.9817 | Val Loss: 0.0502 | Val Acc: 0.9827 | Time: 11.77s
2025-04-18 22:19:19,252 - INFO - P2 (Round 9) - Epoch 8/10 | Loss: 0.0517 | Acc: 0.9818 | Val Loss: 0.0544 | Val Acc: 0.9815 | Time: 11.65s
2025-04-18 22:19:31,231 - INFO - P2 (Round 9) - Epoch 9/10 | Loss: 0.0514 | Acc: 0.9817 | Val Loss: 0.0505 | Val Acc: 0.9822 | Time: 11.98s
2025-04-18 22:19:43,425 - INFO - P2 (Round 9) - Epoch 10/10 | Loss: 0.0511 | Acc: 0.9819 | Val Loss: 0.0499 | Val Acc: 0.9830 | Time: 12.19s
2025-04-18 22:19:45,885 - INFO - Round 9 completed in 244.08s
2025-04-18 22:19:45,885 - INFO - Global Model - P1 Test: Loss = 2.1327, Accuracy = 0.5563
2025-04-18 22:19:45,885 - INFO - Global Model - P2 Test: Loss = 3.0515, Accuracy = 0.7002
2025-04-18 22:19:57,681 - INFO - P1 (Round 10) - Epoch 1/10 | Loss: 0.0453 | Acc: 0.9883 | Val Loss: 0.0279 | Val Acc: 0.9916 | Time: 11.80s
2025-04-18 22:20:09,538 - INFO - P1 (Round 10) - Epoch 2/10 | Loss: 0.0264 | Acc: 0.9924 | Val Loss: 0.0250 | Val Acc: 0.9929 | Time: 11.86s
2025-04-18 22:20:21,076 - INFO - P1 (Round 10) - Epoch 3/10 | Loss: 0.0248 | Acc: 0.9929 | Val Loss: 0.0252 | Val Acc: 0.9927 | Time: 11.54s
2025-04-18 22:20:32,947 - INFO - P1 (Round 10) - Epoch 4/10 | Loss: 0.0240 | Acc: 0.9931 | Val Loss: 0.0232 | Val Acc: 0.9933 | Time: 11.87s
2025-04-18 22:20:45,464 - INFO - P1 (Round 10) - Epoch 5/10 | Loss: 0.0236 | Acc: 0.9933 | Val Loss: 0.0231 | Val Acc: 0.9937 | Time: 12.52s
2025-04-18 22:20:57,717 - INFO - P1 (Round 10) - Epoch 6/10 | Loss: 0.0233 | Acc: 0.9934 | Val Loss: 0.0231 | Val Acc: 0.9931 | Time: 12.25s
2025-04-18 22:21:09,599 - INFO - P1 (Round 10) - Epoch 7/10 | Loss: 0.0230 | Acc: 0.9936 | Val Loss: 0.0227 | Val Acc: 0.9935 | Time: 11.88s
2025-04-18 22:21:21,772 - INFO - P1 (Round 10) - Epoch 8/10 | Loss: 0.0227 | Acc: 0.9936 | Val Loss: 0.0233 | Val Acc: 0.9938 | Time: 12.17s
2025-04-18 22:21:33,833 - INFO - P1 (Round 10) - Epoch 9/10 | Loss: 0.0226 | Acc: 0.9936 | Val Loss: 0.0230 | Val Acc: 0.9940 | Time: 12.06s
2025-04-18 22:21:46,274 - INFO - P1 (Round 10) - Epoch 10/10 | Loss: 0.0224 | Acc: 0.9937 | Val Loss: 0.0234 | Val Acc: 0.9937 | Time: 12.44s
2025-04-18 22:21:59,152 - INFO - P2 (Round 10) - Epoch 1/10 | Loss: 0.0753 | Acc: 0.9770 | Val Loss: 0.0546 | Val Acc: 0.9816 | Time: 12.88s
2025-04-18 22:22:11,265 - INFO - P2 (Round 10) - Epoch 2/10 | Loss: 0.0547 | Acc: 0.9809 | Val Loss: 0.0539 | Val Acc: 0.9811 | Time: 12.11s
2025-04-18 22:22:23,366 - INFO - P2 (Round 10) - Epoch 3/10 | Loss: 0.0529 | Acc: 0.9813 | Val Loss: 0.0561 | Val Acc: 0.9803 | Time: 12.10s
2025-04-18 22:22:35,186 - INFO - P2 (Round 10) - Epoch 4/10 | Loss: 0.0523 | Acc: 0.9814 | Val Loss: 0.0521 | Val Acc: 0.9816 | Time: 11.82s
2025-04-18 22:22:46,926 - INFO - P2 (Round 10) - Epoch 5/10 | Loss: 0.0518 | Acc: 0.9816 | Val Loss: 0.0510 | Val Acc: 0.9815 | Time: 11.74s
2025-04-18 22:22:58,465 - INFO - P2 (Round 10) - Epoch 6/10 | Loss: 0.0513 | Acc: 0.9819 | Val Loss: 0.0498 | Val Acc: 0.9823 | Time: 11.54s
2025-04-18 22:23:10,837 - INFO - P2 (Round 10) - Epoch 7/10 | Loss: 0.0510 | Acc: 0.9819 | Val Loss: 0.0495 | Val Acc: 0.9819 | Time: 12.37s
2025-04-18 22:23:23,462 - INFO - P2 (Round 10) - Epoch 8/10 | Loss: 0.0508 | Acc: 0.9820 | Val Loss: 0.0502 | Val Acc: 0.9828 | Time: 12.63s
2025-04-18 22:23:35,399 - INFO - P2 (Round 10) - Epoch 9/10 | Loss: 0.0506 | Acc: 0.9820 | Val Loss: 0.0514 | Val Acc: 0.9815 | Time: 11.94s
2025-04-18 22:23:47,141 - INFO - P2 (Round 10) - Epoch 10/10 | Loss: 0.0504 | Acc: 0.9821 | Val Loss: 0.0498 | Val Acc: 0.9822 | Time: 11.74s
2025-04-18 22:23:49,787 - INFO - Round 10 completed in 243.90s
2025-04-18 22:23:49,787 - INFO - Global Model - P1 Test: Loss = 1.4969, Accuracy = 0.6622
2025-04-18 22:23:49,787 - INFO - Global Model - P2 Test: Loss = 4.1697, Accuracy = 0.5939
2025-04-18 22:23:52,500 - INFO - Final Results after 10 rounds:
2025-04-18 22:23:52,500 - INFO - Global Model - P1 Test: Loss = 1.4969, Accuracy = 0.6622
2025-04-18 22:23:52,500 - INFO - Global Model - P2 Test: Loss = 4.1697, Accuracy = 0.5939
2025-04-18 22:23:52,511 - INFO - Experiment 114 results saved to results/suppression_experiments/exp_114_p1f6_p2f13.json
