2025-04-19 00:19:55,937 - INFO - Starting Suppression Experiment 178
2025-04-19 00:19:55,937 - INFO - P1 Features (2/14): ['protocol', 'bidirectional_min_ps']
2025-04-19 00:19:55,937 - INFO - P2 Features (5/14): ['protocol', 'bidirectional_min_ps', 'bidirectional_mean_ps', 'bidirectional_stddev_ps', 'bidirectional_max_ps']
2025-04-19 00:20:06,562 - INFO - P1 (Round 1) - Epoch 1/10 | Loss: 0.2657 | Acc: 0.9303 | Val Loss: 0.0893 | Val Acc: 0.9812 | Time: 10.56s
2025-04-19 00:20:17,155 - INFO - P1 (Round 1) - Epoch 2/10 | Loss: 0.0813 | Acc: 0.9812 | Val Loss: 0.0761 | Val Acc: 0.9818 | Time: 10.59s
2025-04-19 00:20:28,615 - INFO - P1 (Round 1) - Epoch 3/10 | Loss: 0.0733 | Acc: 0.9826 | Val Loss: 0.0720 | Val Acc: 0.9828 | Time: 11.46s
2025-04-19 00:20:39,279 - INFO - P1 (Round 1) - Epoch 4/10 | Loss: 0.0714 | Acc: 0.9828 | Val Loss: 0.0711 | Val Acc: 0.9828 | Time: 10.66s
2025-04-19 00:20:50,709 - INFO - P1 (Round 1) - Epoch 5/10 | Loss: 0.0701 | Acc: 0.9828 | Val Loss: 0.0691 | Val Acc: 0.9828 | Time: 11.43s
2025-04-19 00:21:01,878 - INFO - P1 (Round 1) - Epoch 6/10 | Loss: 0.0681 | Acc: 0.9828 | Val Loss: 0.0673 | Val Acc: 0.9826 | Time: 11.17s
2025-04-19 00:21:12,449 - INFO - P1 (Round 1) - Epoch 7/10 | Loss: 0.0663 | Acc: 0.9828 | Val Loss: 0.0660 | Val Acc: 0.9828 | Time: 10.57s
2025-04-19 00:21:23,063 - INFO - P1 (Round 1) - Epoch 8/10 | Loss: 0.0654 | Acc: 0.9830 | Val Loss: 0.0656 | Val Acc: 0.9818 | Time: 10.61s
2025-04-19 00:21:33,699 - INFO - P1 (Round 1) - Epoch 9/10 | Loss: 0.0650 | Acc: 0.9835 | Val Loss: 0.0652 | Val Acc: 0.9846 | Time: 10.64s
2025-04-19 00:21:44,141 - INFO - P1 (Round 1) - Epoch 10/10 | Loss: 0.0648 | Acc: 0.9840 | Val Loss: 0.0646 | Val Acc: 0.9843 | Time: 10.44s
2025-04-19 00:21:54,474 - INFO - P2 (Round 1) - Epoch 1/10 | Loss: 0.3997 | Acc: 0.8241 | Val Loss: 0.2086 | Val Acc: 0.9177 | Time: 10.33s
2025-04-19 00:22:06,072 - INFO - P2 (Round 1) - Epoch 2/10 | Loss: 0.1869 | Acc: 0.9281 | Val Loss: 0.1773 | Val Acc: 0.9313 | Time: 11.60s
2025-04-19 00:22:16,463 - INFO - P2 (Round 1) - Epoch 3/10 | Loss: 0.1660 | Acc: 0.9359 | Val Loss: 0.1583 | Val Acc: 0.9426 | Time: 10.39s
2025-04-19 00:22:26,835 - INFO - P2 (Round 1) - Epoch 4/10 | Loss: 0.1507 | Acc: 0.9433 | Val Loss: 0.1452 | Val Acc: 0.9445 | Time: 10.37s
2025-04-19 00:22:37,022 - INFO - P2 (Round 1) - Epoch 5/10 | Loss: 0.1362 | Acc: 0.9499 | Val Loss: 0.1305 | Val Acc: 0.9520 | Time: 10.19s
2025-04-19 00:22:47,337 - INFO - P2 (Round 1) - Epoch 6/10 | Loss: 0.1261 | Acc: 0.9523 | Val Loss: 0.1226 | Val Acc: 0.9526 | Time: 10.31s
2025-04-19 00:22:57,760 - INFO - P2 (Round 1) - Epoch 7/10 | Loss: 0.1206 | Acc: 0.9532 | Val Loss: 0.1196 | Val Acc: 0.9532 | Time: 10.42s
2025-04-19 00:23:08,606 - INFO - P2 (Round 1) - Epoch 8/10 | Loss: 0.1176 | Acc: 0.9548 | Val Loss: 0.1175 | Val Acc: 0.9546 | Time: 10.85s
2025-04-19 00:23:20,045 - INFO - P2 (Round 1) - Epoch 9/10 | Loss: 0.1158 | Acc: 0.9556 | Val Loss: 0.1160 | Val Acc: 0.9537 | Time: 11.44s
2025-04-19 00:23:30,343 - INFO - P2 (Round 1) - Epoch 10/10 | Loss: 0.1145 | Acc: 0.9562 | Val Loss: 0.1138 | Val Acc: 0.9569 | Time: 10.30s
2025-04-19 00:23:32,642 - INFO - Round 1 completed in 216.64s
2025-04-19 00:23:32,642 - INFO - Global Model - P1 Test: Loss = 3.2849, Accuracy = 0.2539
2025-04-19 00:23:32,642 - INFO - Global Model - P2 Test: Loss = 5.1703, Accuracy = 0.2513
2025-04-19 00:23:43,473 - INFO - P1 (Round 2) - Epoch 1/10 | Loss: 0.1691 | Acc: 0.9702 | Val Loss: 0.0819 | Val Acc: 0.9812 | Time: 10.83s
2025-04-19 00:23:54,168 - INFO - P1 (Round 2) - Epoch 2/10 | Loss: 0.0776 | Acc: 0.9813 | Val Loss: 0.0744 | Val Acc: 0.9812 | Time: 10.69s
2025-04-19 00:24:04,881 - INFO - P1 (Round 2) - Epoch 3/10 | Loss: 0.0711 | Acc: 0.9825 | Val Loss: 0.0694 | Val Acc: 0.9828 | Time: 10.71s
2025-04-19 00:24:15,578 - INFO - P1 (Round 2) - Epoch 4/10 | Loss: 0.0680 | Acc: 0.9838 | Val Loss: 0.0676 | Val Acc: 0.9835 | Time: 10.70s
2025-04-19 00:24:27,035 - INFO - P1 (Round 2) - Epoch 5/10 | Loss: 0.0661 | Acc: 0.9844 | Val Loss: 0.0657 | Val Acc: 0.9846 | Time: 11.46s
2025-04-19 00:24:37,596 - INFO - P1 (Round 2) - Epoch 6/10 | Loss: 0.0647 | Acc: 0.9844 | Val Loss: 0.0651 | Val Acc: 0.9850 | Time: 10.56s
2025-04-19 00:24:48,288 - INFO - P1 (Round 2) - Epoch 7/10 | Loss: 0.0645 | Acc: 0.9844 | Val Loss: 0.0651 | Val Acc: 0.9828 | Time: 10.69s
2025-04-19 00:24:58,826 - INFO - P1 (Round 2) - Epoch 8/10 | Loss: 0.0643 | Acc: 0.9844 | Val Loss: 0.0643 | Val Acc: 0.9843 | Time: 10.54s
2025-04-19 00:25:09,372 - INFO - P1 (Round 2) - Epoch 9/10 | Loss: 0.0641 | Acc: 0.9845 | Val Loss: 0.0642 | Val Acc: 0.9846 | Time: 10.55s
2025-04-19 00:25:20,647 - INFO - P1 (Round 2) - Epoch 10/10 | Loss: 0.0640 | Acc: 0.9844 | Val Loss: 0.0652 | Val Acc: 0.9857 | Time: 11.28s
2025-04-19 00:25:31,668 - INFO - P2 (Round 2) - Epoch 1/10 | Loss: 0.3041 | Acc: 0.8846 | Val Loss: 0.1863 | Val Acc: 0.9288 | Time: 11.02s
2025-04-19 00:25:42,951 - INFO - P2 (Round 2) - Epoch 2/10 | Loss: 0.1693 | Acc: 0.9345 | Val Loss: 0.1589 | Val Acc: 0.9405 | Time: 11.28s
2025-04-19 00:25:53,279 - INFO - P2 (Round 2) - Epoch 3/10 | Loss: 0.1467 | Acc: 0.9424 | Val Loss: 0.1331 | Val Acc: 0.9529 | Time: 10.33s
2025-04-19 00:26:03,605 - INFO - P2 (Round 2) - Epoch 4/10 | Loss: 0.1243 | Acc: 0.9544 | Val Loss: 0.1205 | Val Acc: 0.9559 | Time: 10.33s
2025-04-19 00:26:13,934 - INFO - P2 (Round 2) - Epoch 5/10 | Loss: 0.1173 | Acc: 0.9557 | Val Loss: 0.1163 | Val Acc: 0.9562 | Time: 10.33s
2025-04-19 00:26:24,188 - INFO - P2 (Round 2) - Epoch 6/10 | Loss: 0.1141 | Acc: 0.9566 | Val Loss: 0.1131 | Val Acc: 0.9581 | Time: 10.25s
2025-04-19 00:26:34,428 - INFO - P2 (Round 2) - Epoch 7/10 | Loss: 0.1116 | Acc: 0.9577 | Val Loss: 0.1118 | Val Acc: 0.9578 | Time: 10.24s
2025-04-19 00:26:45,358 - INFO - P2 (Round 2) - Epoch 8/10 | Loss: 0.1102 | Acc: 0.9582 | Val Loss: 0.1115 | Val Acc: 0.9586 | Time: 10.93s
2025-04-19 00:26:56,440 - INFO - P2 (Round 2) - Epoch 9/10 | Loss: 0.1093 | Acc: 0.9585 | Val Loss: 0.1088 | Val Acc: 0.9591 | Time: 11.08s
2025-04-19 00:27:06,717 - INFO - P2 (Round 2) - Epoch 10/10 | Loss: 0.1085 | Acc: 0.9586 | Val Loss: 0.1088 | Val Acc: 0.9579 | Time: 10.28s
2025-04-19 00:27:08,997 - INFO - Round 2 completed in 216.35s
2025-04-19 00:27:08,997 - INFO - Global Model - P1 Test: Loss = 5.3622, Accuracy = 0.1877
2025-04-19 00:27:08,997 - INFO - Global Model - P2 Test: Loss = 4.8738, Accuracy = 0.3201
2025-04-19 00:27:19,989 - INFO - P1 (Round 3) - Epoch 1/10 | Loss: 0.1375 | Acc: 0.9732 | Val Loss: 0.0732 | Val Acc: 0.9817 | Time: 10.99s
2025-04-19 00:27:30,607 - INFO - P1 (Round 3) - Epoch 2/10 | Loss: 0.0696 | Acc: 0.9821 | Val Loss: 0.0673 | Val Acc: 0.9826 | Time: 10.62s
2025-04-19 00:27:41,151 - INFO - P1 (Round 3) - Epoch 3/10 | Loss: 0.0661 | Acc: 0.9832 | Val Loss: 0.0655 | Val Acc: 0.9826 | Time: 10.54s
2025-04-19 00:27:52,041 - INFO - P1 (Round 3) - Epoch 4/10 | Loss: 0.0647 | Acc: 0.9841 | Val Loss: 0.0656 | Val Acc: 0.9825 | Time: 10.89s
2025-04-19 00:28:03,979 - INFO - P1 (Round 3) - Epoch 5/10 | Loss: 0.0639 | Acc: 0.9846 | Val Loss: 0.0650 | Val Acc: 0.9837 | Time: 11.94s
2025-04-19 00:28:14,605 - INFO - P1 (Round 3) - Epoch 6/10 | Loss: 0.0635 | Acc: 0.9848 | Val Loss: 0.0637 | Val Acc: 0.9846 | Time: 10.63s
2025-04-19 00:28:25,392 - INFO - P1 (Round 3) - Epoch 7/10 | Loss: 0.0631 | Acc: 0.9849 | Val Loss: 0.0636 | Val Acc: 0.9850 | Time: 10.79s
2025-04-19 00:28:35,885 - INFO - P1 (Round 3) - Epoch 8/10 | Loss: 0.0628 | Acc: 0.9849 | Val Loss: 0.0641 | Val Acc: 0.9853 | Time: 10.49s
2025-04-19 00:28:46,241 - INFO - P1 (Round 3) - Epoch 9/10 | Loss: 0.0625 | Acc: 0.9850 | Val Loss: 0.0631 | Val Acc: 0.9845 | Time: 10.36s
2025-04-19 00:28:56,928 - INFO - P1 (Round 3) - Epoch 10/10 | Loss: 0.0625 | Acc: 0.9851 | Val Loss: 0.0630 | Val Acc: 0.9845 | Time: 10.69s
2025-04-19 00:29:07,715 - INFO - P2 (Round 3) - Epoch 1/10 | Loss: 0.2252 | Acc: 0.9239 | Val Loss: 0.1510 | Val Acc: 0.9449 | Time: 10.79s
2025-04-19 00:29:18,613 - INFO - P2 (Round 3) - Epoch 2/10 | Loss: 0.1392 | Acc: 0.9492 | Val Loss: 0.1309 | Val Acc: 0.9524 | Time: 10.90s
2025-04-19 00:29:29,098 - INFO - P2 (Round 3) - Epoch 3/10 | Loss: 0.1252 | Acc: 0.9535 | Val Loss: 0.1228 | Val Acc: 0.9545 | Time: 10.49s
2025-04-19 00:29:39,551 - INFO - P2 (Round 3) - Epoch 4/10 | Loss: 0.1198 | Acc: 0.9550 | Val Loss: 0.1189 | Val Acc: 0.9556 | Time: 10.45s
2025-04-19 00:29:50,056 - INFO - P2 (Round 3) - Epoch 5/10 | Loss: 0.1175 | Acc: 0.9556 | Val Loss: 0.1183 | Val Acc: 0.9540 | Time: 10.50s
2025-04-19 00:30:00,507 - INFO - P2 (Round 3) - Epoch 6/10 | Loss: 0.1162 | Acc: 0.9561 | Val Loss: 0.1167 | Val Acc: 0.9555 | Time: 10.45s
2025-04-19 00:30:10,962 - INFO - P2 (Round 3) - Epoch 7/10 | Loss: 0.1154 | Acc: 0.9564 | Val Loss: 0.1152 | Val Acc: 0.9563 | Time: 10.45s
2025-04-19 00:30:22,203 - INFO - P2 (Round 3) - Epoch 8/10 | Loss: 0.1148 | Acc: 0.9565 | Val Loss: 0.1168 | Val Acc: 0.9554 | Time: 11.24s
2025-04-19 00:30:33,041 - INFO - P2 (Round 3) - Epoch 9/10 | Loss: 0.1141 | Acc: 0.9568 | Val Loss: 0.1132 | Val Acc: 0.9568 | Time: 10.84s
2025-04-19 00:30:43,566 - INFO - P2 (Round 3) - Epoch 10/10 | Loss: 0.1135 | Acc: 0.9571 | Val Loss: 0.1150 | Val Acc: 0.9565 | Time: 10.53s
2025-04-19 00:30:45,760 - INFO - Round 3 completed in 216.76s
2025-04-19 00:30:45,760 - INFO - Global Model - P1 Test: Loss = 1.5661, Accuracy = 0.7470
2025-04-19 00:30:45,760 - INFO - Global Model - P2 Test: Loss = 2.5142, Accuracy = 0.4254
2025-04-19 00:30:56,347 - INFO - P1 (Round 4) - Epoch 1/10 | Loss: 0.0856 | Acc: 0.9818 | Val Loss: 0.0672 | Val Acc: 0.9845 | Time: 10.59s
2025-04-19 00:31:06,896 - INFO - P1 (Round 4) - Epoch 2/10 | Loss: 0.0646 | Acc: 0.9844 | Val Loss: 0.0642 | Val Acc: 0.9845 | Time: 10.55s
2025-04-19 00:31:17,609 - INFO - P1 (Round 4) - Epoch 3/10 | Loss: 0.0638 | Acc: 0.9848 | Val Loss: 0.0639 | Val Acc: 0.9845 | Time: 10.71s
2025-04-19 00:31:28,171 - INFO - P1 (Round 4) - Epoch 4/10 | Loss: 0.0632 | Acc: 0.9848 | Val Loss: 0.0635 | Val Acc: 0.9843 | Time: 10.56s
2025-04-19 00:31:39,965 - INFO - P1 (Round 4) - Epoch 5/10 | Loss: 0.0626 | Acc: 0.9849 | Val Loss: 0.0635 | Val Acc: 0.9837 | Time: 11.79s
2025-04-19 00:31:50,548 - INFO - P1 (Round 4) - Epoch 6/10 | Loss: 0.0622 | Acc: 0.9849 | Val Loss: 0.0624 | Val Acc: 0.9843 | Time: 10.58s
2025-04-19 00:32:01,140 - INFO - P1 (Round 4) - Epoch 7/10 | Loss: 0.0620 | Acc: 0.9849 | Val Loss: 0.0626 | Val Acc: 0.9850 | Time: 10.59s
2025-04-19 00:32:11,806 - INFO - P1 (Round 4) - Epoch 8/10 | Loss: 0.0615 | Acc: 0.9850 | Val Loss: 0.0646 | Val Acc: 0.9850 | Time: 10.67s
2025-04-19 00:32:22,238 - INFO - P1 (Round 4) - Epoch 9/10 | Loss: 0.0613 | Acc: 0.9850 | Val Loss: 0.0616 | Val Acc: 0.9850 | Time: 10.43s
2025-04-19 00:32:32,904 - INFO - P1 (Round 4) - Epoch 10/10 | Loss: 0.0611 | Acc: 0.9850 | Val Loss: 0.0616 | Val Acc: 0.9850 | Time: 10.67s
2025-04-19 00:32:43,874 - INFO - P2 (Round 4) - Epoch 1/10 | Loss: 0.1416 | Acc: 0.9498 | Val Loss: 0.1237 | Val Acc: 0.9523 | Time: 10.97s
2025-04-19 00:32:54,913 - INFO - P2 (Round 4) - Epoch 2/10 | Loss: 0.1190 | Acc: 0.9554 | Val Loss: 0.1190 | Val Acc: 0.9540 | Time: 11.04s
2025-04-19 00:33:05,234 - INFO - P2 (Round 4) - Epoch 3/10 | Loss: 0.1162 | Acc: 0.9561 | Val Loss: 0.1159 | Val Acc: 0.9566 | Time: 10.32s
2025-04-19 00:33:15,722 - INFO - P2 (Round 4) - Epoch 4/10 | Loss: 0.1151 | Acc: 0.9564 | Val Loss: 0.1151 | Val Acc: 0.9554 | Time: 10.49s
2025-04-19 00:33:26,080 - INFO - P2 (Round 4) - Epoch 5/10 | Loss: 0.1143 | Acc: 0.9567 | Val Loss: 0.1136 | Val Acc: 0.9572 | Time: 10.36s
2025-04-19 00:33:36,414 - INFO - P2 (Round 4) - Epoch 6/10 | Loss: 0.1139 | Acc: 0.9569 | Val Loss: 0.1138 | Val Acc: 0.9570 | Time: 10.33s
2025-04-19 00:33:46,942 - INFO - P2 (Round 4) - Epoch 7/10 | Loss: 0.1133 | Acc: 0.9571 | Val Loss: 0.1130 | Val Acc: 0.9573 | Time: 10.53s
2025-04-19 00:33:58,255 - INFO - P2 (Round 4) - Epoch 8/10 | Loss: 0.1130 | Acc: 0.9573 | Val Loss: 0.1136 | Val Acc: 0.9574 | Time: 11.31s
2025-04-19 00:34:08,990 - INFO - P2 (Round 4) - Epoch 9/10 | Loss: 0.1126 | Acc: 0.9575 | Val Loss: 0.1159 | Val Acc: 0.9561 | Time: 10.74s
2025-04-19 00:34:19,433 - INFO - P2 (Round 4) - Epoch 10/10 | Loss: 0.1122 | Acc: 0.9577 | Val Loss: 0.1117 | Val Acc: 0.9573 | Time: 10.44s
2025-04-19 00:34:21,661 - INFO - Round 4 completed in 215.90s
2025-04-19 00:34:21,661 - INFO - Global Model - P1 Test: Loss = 3.4575, Accuracy = 0.8407
2025-04-19 00:34:21,661 - INFO - Global Model - P2 Test: Loss = 2.6277, Accuracy = 0.4496
2025-04-19 00:34:32,265 - INFO - P1 (Round 5) - Epoch 1/10 | Loss: 0.1137 | Acc: 0.9810 | Val Loss: 0.0662 | Val Acc: 0.9829 | Time: 10.60s
2025-04-19 00:34:42,865 - INFO - P1 (Round 5) - Epoch 2/10 | Loss: 0.0655 | Acc: 0.9836 | Val Loss: 0.0653 | Val Acc: 0.9828 | Time: 10.60s
2025-04-19 00:34:53,521 - INFO - P1 (Round 5) - Epoch 3/10 | Loss: 0.0649 | Acc: 0.9841 | Val Loss: 0.0649 | Val Acc: 0.9826 | Time: 10.66s
2025-04-19 00:35:04,472 - INFO - P1 (Round 5) - Epoch 4/10 | Loss: 0.0644 | Acc: 0.9844 | Val Loss: 0.0646 | Val Acc: 0.9846 | Time: 10.95s
2025-04-19 00:35:15,785 - INFO - P1 (Round 5) - Epoch 5/10 | Loss: 0.0641 | Acc: 0.9843 | Val Loss: 0.0657 | Val Acc: 0.9850 | Time: 11.31s
2025-04-19 00:35:26,498 - INFO - P1 (Round 5) - Epoch 6/10 | Loss: 0.0637 | Acc: 0.9843 | Val Loss: 0.0646 | Val Acc: 0.9851 | Time: 10.71s
2025-04-19 00:35:37,242 - INFO - P1 (Round 5) - Epoch 7/10 | Loss: 0.0636 | Acc: 0.9843 | Val Loss: 0.0648 | Val Acc: 0.9846 | Time: 10.74s
2025-04-19 00:35:47,593 - INFO - P1 (Round 5) - Epoch 8/10 | Loss: 0.0635 | Acc: 0.9842 | Val Loss: 0.0638 | Val Acc: 0.9846 | Time: 10.35s
2025-04-19 00:35:57,848 - INFO - P1 (Round 5) - Epoch 9/10 | Loss: 0.0633 | Acc: 0.9843 | Val Loss: 0.0633 | Val Acc: 0.9846 | Time: 10.25s
2025-04-19 00:36:08,636 - INFO - P1 (Round 5) - Epoch 10/10 | Loss: 0.0631 | Acc: 0.9842 | Val Loss: 0.0631 | Val Acc: 0.9846 | Time: 10.79s
2025-04-19 00:36:19,865 - INFO - P2 (Round 5) - Epoch 1/10 | Loss: 0.1346 | Acc: 0.9521 | Val Loss: 0.1154 | Val Acc: 0.9569 | Time: 11.23s
2025-04-19 00:36:30,739 - INFO - P2 (Round 5) - Epoch 2/10 | Loss: 0.1142 | Acc: 0.9572 | Val Loss: 0.1138 | Val Acc: 0.9573 | Time: 10.87s
2025-04-19 00:36:41,021 - INFO - P2 (Round 5) - Epoch 3/10 | Loss: 0.1129 | Acc: 0.9577 | Val Loss: 0.1137 | Val Acc: 0.9578 | Time: 10.28s
2025-04-19 00:36:51,235 - INFO - P2 (Round 5) - Epoch 4/10 | Loss: 0.1120 | Acc: 0.9580 | Val Loss: 0.1191 | Val Acc: 0.9582 | Time: 10.21s
2025-04-19 00:37:01,526 - INFO - P2 (Round 5) - Epoch 5/10 | Loss: 0.1115 | Acc: 0.9581 | Val Loss: 0.1175 | Val Acc: 0.9555 | Time: 10.29s
2025-04-19 00:37:11,868 - INFO - P2 (Round 5) - Epoch 6/10 | Loss: 0.1111 | Acc: 0.9582 | Val Loss: 0.1124 | Val Acc: 0.9568 | Time: 10.34s
2025-04-19 00:37:22,088 - INFO - P2 (Round 5) - Epoch 7/10 | Loss: 0.1107 | Acc: 0.9584 | Val Loss: 0.1114 | Val Acc: 0.9572 | Time: 10.22s
2025-04-19 00:37:33,748 - INFO - P2 (Round 5) - Epoch 8/10 | Loss: 0.1103 | Acc: 0.9583 | Val Loss: 0.1123 | Val Acc: 0.9575 | Time: 11.66s
2025-04-19 00:37:44,209 - INFO - P2 (Round 5) - Epoch 9/10 | Loss: 0.1101 | Acc: 0.9584 | Val Loss: 0.1115 | Val Acc: 0.9586 | Time: 10.46s
2025-04-19 00:37:54,672 - INFO - P2 (Round 5) - Epoch 10/10 | Loss: 0.1099 | Acc: 0.9584 | Val Loss: 0.1107 | Val Acc: 0.9582 | Time: 10.46s
2025-04-19 00:37:57,130 - INFO - Round 5 completed in 215.47s
2025-04-19 00:37:57,130 - INFO - Global Model - P1 Test: Loss = 5.4715, Accuracy = 0.3381
2025-04-19 00:37:57,130 - INFO - Global Model - P2 Test: Loss = 4.5694, Accuracy = 0.4750
2025-04-19 00:38:07,588 - INFO - P1 (Round 6) - Epoch 1/10 | Loss: 0.1326 | Acc: 0.9756 | Val Loss: 0.0704 | Val Acc: 0.9828 | Time: 10.46s
2025-04-19 00:38:18,054 - INFO - P1 (Round 6) - Epoch 2/10 | Loss: 0.0663 | Acc: 0.9845 | Val Loss: 0.0660 | Val Acc: 0.9830 | Time: 10.47s
2025-04-19 00:38:28,664 - INFO - P1 (Round 6) - Epoch 3/10 | Loss: 0.0637 | Acc: 0.9847 | Val Loss: 0.0631 | Val Acc: 0.9846 | Time: 10.61s
2025-04-19 00:38:39,950 - INFO - P1 (Round 6) - Epoch 4/10 | Loss: 0.0621 | Acc: 0.9849 | Val Loss: 0.0621 | Val Acc: 0.9850 | Time: 11.29s
2025-04-19 00:38:51,030 - INFO - P1 (Round 6) - Epoch 5/10 | Loss: 0.0613 | Acc: 0.9850 | Val Loss: 0.0626 | Val Acc: 0.9843 | Time: 11.08s
2025-04-19 00:39:01,807 - INFO - P1 (Round 6) - Epoch 6/10 | Loss: 0.0607 | Acc: 0.9851 | Val Loss: 0.0616 | Val Acc: 0.9850 | Time: 10.78s
2025-04-19 00:39:12,351 - INFO - P1 (Round 6) - Epoch 7/10 | Loss: 0.0603 | Acc: 0.9852 | Val Loss: 0.0615 | Val Acc: 0.9857 | Time: 10.54s
2025-04-19 00:39:23,087 - INFO - P1 (Round 6) - Epoch 8/10 | Loss: 0.0599 | Acc: 0.9852 | Val Loss: 0.0602 | Val Acc: 0.9843 | Time: 10.74s
2025-04-19 00:39:33,782 - INFO - P1 (Round 6) - Epoch 9/10 | Loss: 0.0598 | Acc: 0.9853 | Val Loss: 0.0597 | Val Acc: 0.9851 | Time: 10.69s
2025-04-19 00:39:44,574 - INFO - P1 (Round 6) - Epoch 10/10 | Loss: 0.0595 | Acc: 0.9853 | Val Loss: 0.0604 | Val Acc: 0.9847 | Time: 10.79s
2025-04-19 00:39:56,131 - INFO - P2 (Round 6) - Epoch 1/10 | Loss: 0.1363 | Acc: 0.9528 | Val Loss: 0.1132 | Val Acc: 0.9573 | Time: 11.56s
2025-04-19 00:40:06,566 - INFO - P2 (Round 6) - Epoch 2/10 | Loss: 0.1116 | Acc: 0.9581 | Val Loss: 0.1110 | Val Acc: 0.9585 | Time: 10.44s
2025-04-19 00:40:17,291 - INFO - P2 (Round 6) - Epoch 3/10 | Loss: 0.1108 | Acc: 0.9584 | Val Loss: 0.1115 | Val Acc: 0.9586 | Time: 10.73s
2025-04-19 00:40:27,655 - INFO - P2 (Round 6) - Epoch 4/10 | Loss: 0.1104 | Acc: 0.9585 | Val Loss: 0.1109 | Val Acc: 0.9580 | Time: 10.36s
2025-04-19 00:40:37,929 - INFO - P2 (Round 6) - Epoch 5/10 | Loss: 0.1102 | Acc: 0.9586 | Val Loss: 0.1097 | Val Acc: 0.9585 | Time: 10.27s
2025-04-19 00:40:48,890 - INFO - P2 (Round 6) - Epoch 6/10 | Loss: 0.1098 | Acc: 0.9586 | Val Loss: 0.1093 | Val Acc: 0.9588 | Time: 10.96s
2025-04-19 00:40:59,492 - INFO - P2 (Round 6) - Epoch 7/10 | Loss: 0.1097 | Acc: 0.9587 | Val Loss: 0.1099 | Val Acc: 0.9587 | Time: 10.60s
2025-04-19 00:41:11,083 - INFO - P2 (Round 6) - Epoch 8/10 | Loss: 0.1094 | Acc: 0.9587 | Val Loss: 0.1101 | Val Acc: 0.9588 | Time: 11.59s
2025-04-19 00:41:21,548 - INFO - P2 (Round 6) - Epoch 9/10 | Loss: 0.1092 | Acc: 0.9588 | Val Loss: 0.1087 | Val Acc: 0.9584 | Time: 10.46s
2025-04-19 00:41:31,775 - INFO - P2 (Round 6) - Epoch 10/10 | Loss: 0.1092 | Acc: 0.9588 | Val Loss: 0.1100 | Val Acc: 0.9590 | Time: 10.23s
2025-04-19 00:41:34,026 - INFO - Round 6 completed in 216.90s
2025-04-19 00:41:34,027 - INFO - Global Model - P1 Test: Loss = 8.7299, Accuracy = 0.3516
2025-04-19 00:41:34,027 - INFO - Global Model - P2 Test: Loss = 4.8736, Accuracy = 0.5659
2025-04-19 00:41:44,765 - INFO - P1 (Round 7) - Epoch 1/10 | Loss: 0.1451 | Acc: 0.9747 | Val Loss: 0.0658 | Val Acc: 0.9829 | Time: 10.74s
2025-04-19 00:41:55,559 - INFO - P1 (Round 7) - Epoch 2/10 | Loss: 0.0626 | Acc: 0.9845 | Val Loss: 0.0624 | Val Acc: 0.9847 | Time: 10.79s
2025-04-19 00:42:06,212 - INFO - P1 (Round 7) - Epoch 3/10 | Loss: 0.0610 | Acc: 0.9849 | Val Loss: 0.0610 | Val Acc: 0.9854 | Time: 10.65s
2025-04-19 00:42:17,731 - INFO - P1 (Round 7) - Epoch 4/10 | Loss: 0.0603 | Acc: 0.9852 | Val Loss: 0.0601 | Val Acc: 0.9848 | Time: 11.52s
2025-04-19 00:42:28,393 - INFO - P1 (Round 7) - Epoch 5/10 | Loss: 0.0599 | Acc: 0.9853 | Val Loss: 0.0608 | Val Acc: 0.9847 | Time: 10.66s
2025-04-19 00:42:38,964 - INFO - P1 (Round 7) - Epoch 6/10 | Loss: 0.0598 | Acc: 0.9853 | Val Loss: 0.0612 | Val Acc: 0.9854 | Time: 10.57s
2025-04-19 00:42:49,806 - INFO - P1 (Round 7) - Epoch 7/10 | Loss: 0.0596 | Acc: 0.9854 | Val Loss: 0.0598 | Val Acc: 0.9847 | Time: 10.84s
2025-04-19 00:43:00,465 - INFO - P1 (Round 7) - Epoch 8/10 | Loss: 0.0596 | Acc: 0.9854 | Val Loss: 0.0594 | Val Acc: 0.9846 | Time: 10.66s
2025-04-19 00:43:11,193 - INFO - P1 (Round 7) - Epoch 9/10 | Loss: 0.0596 | Acc: 0.9855 | Val Loss: 0.0598 | Val Acc: 0.9857 | Time: 10.73s
2025-04-19 00:43:22,023 - INFO - P1 (Round 7) - Epoch 10/10 | Loss: 0.0594 | Acc: 0.9855 | Val Loss: 0.0598 | Val Acc: 0.9850 | Time: 10.83s
2025-04-19 00:43:33,531 - INFO - P2 (Round 7) - Epoch 1/10 | Loss: 0.1645 | Acc: 0.9494 | Val Loss: 0.1146 | Val Acc: 0.9572 | Time: 11.51s
2025-04-19 00:43:43,710 - INFO - P2 (Round 7) - Epoch 2/10 | Loss: 0.1125 | Acc: 0.9576 | Val Loss: 0.1118 | Val Acc: 0.9576 | Time: 10.18s
2025-04-19 00:43:54,059 - INFO - P2 (Round 7) - Epoch 3/10 | Loss: 0.1111 | Acc: 0.9580 | Val Loss: 0.1116 | Val Acc: 0.9579 | Time: 10.35s
2025-04-19 00:44:04,246 - INFO - P2 (Round 7) - Epoch 4/10 | Loss: 0.1105 | Acc: 0.9582 | Val Loss: 0.1109 | Val Acc: 0.9588 | Time: 10.19s
2025-04-19 00:44:14,610 - INFO - P2 (Round 7) - Epoch 5/10 | Loss: 0.1098 | Acc: 0.9583 | Val Loss: 0.1141 | Val Acc: 0.9538 | Time: 10.36s
2025-04-19 00:44:24,809 - INFO - P2 (Round 7) - Epoch 6/10 | Loss: 0.1094 | Acc: 0.9585 | Val Loss: 0.1094 | Val Acc: 0.9583 | Time: 10.20s
2025-04-19 00:44:35,671 - INFO - P2 (Round 7) - Epoch 7/10 | Loss: 0.1090 | Acc: 0.9586 | Val Loss: 0.1086 | Val Acc: 0.9588 | Time: 10.86s
2025-04-19 00:44:46,779 - INFO - P2 (Round 7) - Epoch 8/10 | Loss: 0.1088 | Acc: 0.9586 | Val Loss: 0.1110 | Val Acc: 0.9580 | Time: 11.11s
2025-04-19 00:44:57,339 - INFO - P2 (Round 7) - Epoch 9/10 | Loss: 0.1085 | Acc: 0.9587 | Val Loss: 0.1086 | Val Acc: 0.9592 | Time: 10.56s
2025-04-19 00:45:07,701 - INFO - P2 (Round 7) - Epoch 10/10 | Loss: 0.1084 | Acc: 0.9587 | Val Loss: 0.1087 | Val Acc: 0.9582 | Time: 10.36s
2025-04-19 00:45:09,935 - INFO - Round 7 completed in 215.91s
2025-04-19 00:45:09,935 - INFO - Global Model - P1 Test: Loss = 12.7771, Accuracy = 0.2920
2025-04-19 00:45:09,935 - INFO - Global Model - P2 Test: Loss = 2.9855, Accuracy = 0.5930
2025-04-19 00:45:20,688 - INFO - P1 (Round 8) - Epoch 1/10 | Loss: 0.1817 | Acc: 0.9757 | Val Loss: 0.0660 | Val Acc: 0.9857 | Time: 10.75s
2025-04-19 00:45:31,245 - INFO - P1 (Round 8) - Epoch 2/10 | Loss: 0.0614 | Acc: 0.9853 | Val Loss: 0.0602 | Val Acc: 0.9850 | Time: 10.56s
2025-04-19 00:45:41,784 - INFO - P1 (Round 8) - Epoch 3/10 | Loss: 0.0598 | Acc: 0.9854 | Val Loss: 0.0604 | Val Acc: 0.9851 | Time: 10.54s
2025-04-19 00:45:53,371 - INFO - P1 (Round 8) - Epoch 4/10 | Loss: 0.0597 | Acc: 0.9854 | Val Loss: 0.0596 | Val Acc: 0.9851 | Time: 11.59s
2025-04-19 00:46:04,118 - INFO - P1 (Round 8) - Epoch 5/10 | Loss: 0.0596 | Acc: 0.9855 | Val Loss: 0.0606 | Val Acc: 0.9857 | Time: 10.75s
2025-04-19 00:46:14,785 - INFO - P1 (Round 8) - Epoch 6/10 | Loss: 0.0595 | Acc: 0.9855 | Val Loss: 0.0596 | Val Acc: 0.9850 | Time: 10.67s
2025-04-19 00:46:25,364 - INFO - P1 (Round 8) - Epoch 7/10 | Loss: 0.0594 | Acc: 0.9855 | Val Loss: 0.0602 | Val Acc: 0.9857 | Time: 10.58s
2025-04-19 00:46:36,190 - INFO - P1 (Round 8) - Epoch 8/10 | Loss: 0.0593 | Acc: 0.9856 | Val Loss: 0.0599 | Val Acc: 0.9857 | Time: 10.83s
2025-04-19 00:46:46,964 - INFO - P1 (Round 8) - Epoch 9/10 | Loss: 0.0593 | Acc: 0.9855 | Val Loss: 0.0608 | Val Acc: 0.9849 | Time: 10.77s
2025-04-19 00:46:57,803 - INFO - P1 (Round 8) - Epoch 10/10 | Loss: 0.0593 | Acc: 0.9855 | Val Loss: 0.0603 | Val Acc: 0.9850 | Time: 10.84s
2025-04-19 00:47:09,061 - INFO - P2 (Round 8) - Epoch 1/10 | Loss: 0.1343 | Acc: 0.9541 | Val Loss: 0.1107 | Val Acc: 0.9576 | Time: 11.26s
2025-04-19 00:47:19,567 - INFO - P2 (Round 8) - Epoch 2/10 | Loss: 0.1102 | Acc: 0.9580 | Val Loss: 0.1111 | Val Acc: 0.9582 | Time: 10.51s
2025-04-19 00:47:30,200 - INFO - P2 (Round 8) - Epoch 3/10 | Loss: 0.1093 | Acc: 0.9582 | Val Loss: 0.1096 | Val Acc: 0.9582 | Time: 10.63s
2025-04-19 00:47:40,619 - INFO - P2 (Round 8) - Epoch 4/10 | Loss: 0.1089 | Acc: 0.9583 | Val Loss: 0.1101 | Val Acc: 0.9582 | Time: 10.42s
2025-04-19 00:47:50,785 - INFO - P2 (Round 8) - Epoch 5/10 | Loss: 0.1084 | Acc: 0.9584 | Val Loss: 0.1072 | Val Acc: 0.9582 | Time: 10.17s
2025-04-19 00:48:01,152 - INFO - P2 (Round 8) - Epoch 6/10 | Loss: 0.1082 | Acc: 0.9584 | Val Loss: 0.1089 | Val Acc: 0.9578 | Time: 10.37s
2025-04-19 00:48:12,054 - INFO - P2 (Round 8) - Epoch 7/10 | Loss: 0.1080 | Acc: 0.9584 | Val Loss: 0.1099 | Val Acc: 0.9580 | Time: 10.90s
2025-04-19 00:48:23,256 - INFO - P2 (Round 8) - Epoch 8/10 | Loss: 0.1078 | Acc: 0.9585 | Val Loss: 0.1093 | Val Acc: 0.9571 | Time: 11.20s
2025-04-19 00:48:33,474 - INFO - P2 (Round 8) - Epoch 9/10 | Loss: 0.1077 | Acc: 0.9585 | Val Loss: 0.1118 | Val Acc: 0.9580 | Time: 10.22s
2025-04-19 00:48:43,876 - INFO - P2 (Round 8) - Epoch 10/10 | Loss: 0.1075 | Acc: 0.9585 | Val Loss: 0.1078 | Val Acc: 0.9579 | Time: 10.40s
2025-04-19 00:48:46,223 - INFO - Round 8 completed in 216.29s
2025-04-19 00:48:46,223 - INFO - Global Model - P1 Test: Loss = 15.6330, Accuracy = 0.2777
2025-04-19 00:48:46,223 - INFO - Global Model - P2 Test: Loss = 2.5074, Accuracy = 0.5930
2025-04-19 00:48:56,950 - INFO - P1 (Round 9) - Epoch 1/10 | Loss: 0.2114 | Acc: 0.9743 | Val Loss: 0.0624 | Val Acc: 0.9850 | Time: 10.73s
2025-04-19 00:49:07,467 - INFO - P1 (Round 9) - Epoch 2/10 | Loss: 0.0612 | Acc: 0.9851 | Val Loss: 0.0616 | Val Acc: 0.9847 | Time: 10.52s
2025-04-19 00:49:18,023 - INFO - P1 (Round 9) - Epoch 3/10 | Loss: 0.0605 | Acc: 0.9851 | Val Loss: 0.0610 | Val Acc: 0.9847 | Time: 10.56s
2025-04-19 00:49:29,591 - INFO - P1 (Round 9) - Epoch 4/10 | Loss: 0.0598 | Acc: 0.9853 | Val Loss: 0.0605 | Val Acc: 0.9850 | Time: 11.57s
2025-04-19 00:49:40,181 - INFO - P1 (Round 9) - Epoch 5/10 | Loss: 0.0598 | Acc: 0.9854 | Val Loss: 0.0605 | Val Acc: 0.9847 | Time: 10.59s
2025-04-19 00:49:50,613 - INFO - P1 (Round 9) - Epoch 6/10 | Loss: 0.0595 | Acc: 0.9855 | Val Loss: 0.0619 | Val Acc: 0.9838 | Time: 10.43s
2025-04-19 00:50:01,061 - INFO - P1 (Round 9) - Epoch 7/10 | Loss: 0.0594 | Acc: 0.9855 | Val Loss: 0.0596 | Val Acc: 0.9854 | Time: 10.45s
2025-04-19 00:50:11,742 - INFO - P1 (Round 9) - Epoch 8/10 | Loss: 0.0594 | Acc: 0.9855 | Val Loss: 0.0600 | Val Acc: 0.9857 | Time: 10.68s
2025-04-19 00:50:22,284 - INFO - P1 (Round 9) - Epoch 9/10 | Loss: 0.0594 | Acc: 0.9856 | Val Loss: 0.0601 | Val Acc: 0.9857 | Time: 10.54s
2025-04-19 00:50:33,089 - INFO - P1 (Round 9) - Epoch 10/10 | Loss: 0.0592 | Acc: 0.9856 | Val Loss: 0.0600 | Val Acc: 0.9857 | Time: 10.81s
2025-04-19 00:50:44,804 - INFO - P2 (Round 9) - Epoch 1/10 | Loss: 0.1246 | Acc: 0.9551 | Val Loss: 0.1094 | Val Acc: 0.9580 | Time: 11.71s
2025-04-19 00:50:55,232 - INFO - P2 (Round 9) - Epoch 2/10 | Loss: 0.1091 | Acc: 0.9584 | Val Loss: 0.1087 | Val Acc: 0.9589 | Time: 10.43s
2025-04-19 00:51:05,610 - INFO - P2 (Round 9) - Epoch 3/10 | Loss: 0.1088 | Acc: 0.9583 | Val Loss: 0.1110 | Val Acc: 0.9586 | Time: 10.38s
2025-04-19 00:51:15,949 - INFO - P2 (Round 9) - Epoch 4/10 | Loss: 0.1085 | Acc: 0.9585 | Val Loss: 0.1085 | Val Acc: 0.9583 | Time: 10.34s
2025-04-19 00:51:26,370 - INFO - P2 (Round 9) - Epoch 5/10 | Loss: 0.1083 | Acc: 0.9584 | Val Loss: 0.1095 | Val Acc: 0.9589 | Time: 10.42s
2025-04-19 00:51:36,916 - INFO - P2 (Round 9) - Epoch 6/10 | Loss: 0.1082 | Acc: 0.9584 | Val Loss: 0.1076 | Val Acc: 0.9588 | Time: 10.55s
2025-04-19 00:51:48,256 - INFO - P2 (Round 9) - Epoch 7/10 | Loss: 0.1081 | Acc: 0.9584 | Val Loss: 0.1074 | Val Acc: 0.9593 | Time: 11.34s
2025-04-19 00:51:59,074 - INFO - P2 (Round 9) - Epoch 8/10 | Loss: 0.1078 | Acc: 0.9585 | Val Loss: 0.1088 | Val Acc: 0.9583 | Time: 10.82s
2025-04-19 00:52:09,594 - INFO - P2 (Round 9) - Epoch 9/10 | Loss: 0.1078 | Acc: 0.9586 | Val Loss: 0.1112 | Val Acc: 0.9583 | Time: 10.52s
2025-04-19 00:52:20,114 - INFO - P2 (Round 9) - Epoch 10/10 | Loss: 0.1077 | Acc: 0.9586 | Val Loss: 0.1076 | Val Acc: 0.9581 | Time: 10.52s
2025-04-19 00:52:22,357 - INFO - Round 9 completed in 216.13s
2025-04-19 00:52:22,357 - INFO - Global Model - P1 Test: Loss = 17.3689, Accuracy = 0.2915
2025-04-19 00:52:22,357 - INFO - Global Model - P2 Test: Loss = 3.6220, Accuracy = 0.5646
2025-04-19 00:52:33,051 - INFO - P1 (Round 10) - Epoch 1/10 | Loss: 0.2217 | Acc: 0.9743 | Val Loss: 0.0623 | Val Acc: 0.9847 | Time: 10.69s
2025-04-19 00:52:43,619 - INFO - P1 (Round 10) - Epoch 2/10 | Loss: 0.0612 | Acc: 0.9851 | Val Loss: 0.0613 | Val Acc: 0.9847 | Time: 10.57s
2025-04-19 00:52:54,448 - INFO - P1 (Round 10) - Epoch 3/10 | Loss: 0.0605 | Acc: 0.9852 | Val Loss: 0.0614 | Val Acc: 0.9847 | Time: 10.83s
2025-04-19 00:53:06,115 - INFO - P1 (Round 10) - Epoch 4/10 | Loss: 0.0599 | Acc: 0.9853 | Val Loss: 0.0604 | Val Acc: 0.9857 | Time: 11.67s
2025-04-19 00:53:16,759 - INFO - P1 (Round 10) - Epoch 5/10 | Loss: 0.0599 | Acc: 0.9854 | Val Loss: 0.0625 | Val Acc: 0.9847 | Time: 10.64s
2025-04-19 00:53:27,268 - INFO - P1 (Round 10) - Epoch 6/10 | Loss: 0.0598 | Acc: 0.9854 | Val Loss: 0.0601 | Val Acc: 0.9854 | Time: 10.51s
2025-04-19 00:53:37,861 - INFO - P1 (Round 10) - Epoch 7/10 | Loss: 0.0596 | Acc: 0.9854 | Val Loss: 0.0598 | Val Acc: 0.9854 | Time: 10.59s
2025-04-19 00:53:48,521 - INFO - P1 (Round 10) - Epoch 8/10 | Loss: 0.0595 | Acc: 0.9855 | Val Loss: 0.0611 | Val Acc: 0.9854 | Time: 10.66s
2025-04-19 00:53:59,219 - INFO - P1 (Round 10) - Epoch 9/10 | Loss: 0.0594 | Acc: 0.9855 | Val Loss: 0.0598 | Val Acc: 0.9848 | Time: 10.70s
2025-04-19 00:54:10,399 - INFO - P1 (Round 10) - Epoch 10/10 | Loss: 0.0594 | Acc: 0.9855 | Val Loss: 0.0596 | Val Acc: 0.9854 | Time: 11.18s
2025-04-19 00:54:21,466 - INFO - P2 (Round 10) - Epoch 1/10 | Loss: 0.1351 | Acc: 0.9553 | Val Loss: 0.1091 | Val Acc: 0.9583 | Time: 11.07s
2025-04-19 00:54:31,799 - INFO - P2 (Round 10) - Epoch 2/10 | Loss: 0.1085 | Acc: 0.9587 | Val Loss: 0.1096 | Val Acc: 0.9587 | Time: 10.33s
2025-04-19 00:54:42,216 - INFO - P2 (Round 10) - Epoch 3/10 | Loss: 0.1081 | Acc: 0.9588 | Val Loss: 0.1070 | Val Acc: 0.9591 | Time: 10.42s
2025-04-19 00:54:52,633 - INFO - P2 (Round 10) - Epoch 4/10 | Loss: 0.1079 | Acc: 0.9586 | Val Loss: 0.1070 | Val Acc: 0.9594 | Time: 10.42s
2025-04-19 00:55:02,901 - INFO - P2 (Round 10) - Epoch 5/10 | Loss: 0.1076 | Acc: 0.9587 | Val Loss: 0.1068 | Val Acc: 0.9595 | Time: 10.27s
2025-04-19 00:55:13,371 - INFO - P2 (Round 10) - Epoch 6/10 | Loss: 0.1074 | Acc: 0.9586 | Val Loss: 0.1067 | Val Acc: 0.9590 | Time: 10.47s
2025-04-19 00:55:24,734 - INFO - P2 (Round 10) - Epoch 7/10 | Loss: 0.1072 | Acc: 0.9588 | Val Loss: 0.1084 | Val Acc: 0.9587 | Time: 11.36s
2025-04-19 00:55:35,434 - INFO - P2 (Round 10) - Epoch 8/10 | Loss: 0.1071 | Acc: 0.9588 | Val Loss: 0.1065 | Val Acc: 0.9594 | Time: 10.70s
2025-04-19 00:55:46,060 - INFO - P2 (Round 10) - Epoch 9/10 | Loss: 0.1070 | Acc: 0.9587 | Val Loss: 0.1061 | Val Acc: 0.9584 | Time: 10.63s
2025-04-19 00:55:56,570 - INFO - P2 (Round 10) - Epoch 10/10 | Loss: 0.1069 | Acc: 0.9589 | Val Loss: 0.1086 | Val Acc: 0.9581 | Time: 10.51s
2025-04-19 00:55:58,750 - INFO - Round 10 completed in 216.39s
2025-04-19 00:55:58,750 - INFO - Global Model - P1 Test: Loss = 16.6815, Accuracy = 0.2772
2025-04-19 00:55:58,750 - INFO - Global Model - P2 Test: Loss = 5.7746, Accuracy = 0.5542
2025-04-19 00:56:01,000 - INFO - Final Results after 10 rounds:
2025-04-19 00:56:01,000 - INFO - Global Model - P1 Test: Loss = 16.6815, Accuracy = 0.2772
2025-04-19 00:56:01,000 - INFO - Global Model - P2 Test: Loss = 5.7746, Accuracy = 0.5542
2025-04-19 00:56:01,006 - INFO - Experiment 178 results saved to results/suppression_experiments/exp_178_p1f2_p2f5.json
