2025-04-18 20:28:27,976 - INFO - Starting Suppression Experiment 112
2025-04-18 20:28:27,976 - INFO - P1 Features (7/14): ['protocol', 'bidirectional_min_ps', 'bidirectional_mean_ps', 'bidirectional_stddev_ps', 'bidirectional_max_ps', 'src2dst_stddev_ps', 'src2dst_max_ps']
2025-04-18 20:28:27,977 - INFO - P2 Features (1/14): ['protocol']
2025-04-18 20:28:39,044 - INFO - P1 (Round 1) - Epoch 1/10 | Loss: 0.1646 | Acc: 0.9497 | Val Loss: 0.0497 | Val Acc: 0.9865 | Time: 10.94s
2025-04-18 20:28:49,023 - INFO - P1 (Round 1) - Epoch 2/10 | Loss: 0.0419 | Acc: 0.9880 | Val Loss: 0.0379 | Val Acc: 0.9891 | Time: 9.98s
2025-04-18 20:29:00,682 - INFO - P1 (Round 1) - Epoch 3/10 | Loss: 0.0355 | Acc: 0.9899 | Val Loss: 0.0343 | Val Acc: 0.9894 | Time: 11.66s
2025-04-18 20:29:10,713 - INFO - P1 (Round 1) - Epoch 4/10 | Loss: 0.0323 | Acc: 0.9909 | Val Loss: 0.0322 | Val Acc: 0.9908 | Time: 10.03s
2025-04-18 20:29:20,890 - INFO - P1 (Round 1) - Epoch 5/10 | Loss: 0.0304 | Acc: 0.9915 | Val Loss: 0.0313 | Val Acc: 0.9915 | Time: 10.18s
2025-04-18 20:29:30,862 - INFO - P1 (Round 1) - Epoch 6/10 | Loss: 0.0291 | Acc: 0.9919 | Val Loss: 0.0293 | Val Acc: 0.9920 | Time: 9.97s
2025-04-18 20:29:40,677 - INFO - P1 (Round 1) - Epoch 7/10 | Loss: 0.0281 | Acc: 0.9922 | Val Loss: 0.0302 | Val Acc: 0.9922 | Time: 9.81s
2025-04-18 20:29:50,775 - INFO - P1 (Round 1) - Epoch 8/10 | Loss: 0.0271 | Acc: 0.9926 | Val Loss: 0.0282 | Val Acc: 0.9922 | Time: 10.10s
2025-04-18 20:30:00,756 - INFO - P1 (Round 1) - Epoch 9/10 | Loss: 0.0263 | Acc: 0.9927 | Val Loss: 0.0276 | Val Acc: 0.9928 | Time: 9.98s
2025-04-18 20:30:12,631 - INFO - P1 (Round 1) - Epoch 10/10 | Loss: 0.0256 | Acc: 0.9929 | Val Loss: 0.0258 | Val Acc: 0.9927 | Time: 11.88s
2025-04-18 20:30:22,645 - INFO - P2 (Round 1) - Epoch 1/10 | Loss: 0.9161 | Acc: 0.6653 | Val Loss: 0.8779 | Val Acc: 0.6785 | Time: 10.01s
2025-04-18 20:30:32,545 - INFO - P2 (Round 1) - Epoch 2/10 | Loss: 0.8781 | Acc: 0.6785 | Val Loss: 0.8782 | Val Acc: 0.6785 | Time: 9.90s
2025-04-18 20:30:42,638 - INFO - P2 (Round 1) - Epoch 3/10 | Loss: 0.8780 | Acc: 0.6785 | Val Loss: 0.8780 | Val Acc: 0.6785 | Time: 10.09s
2025-04-18 20:30:52,332 - INFO - P2 (Round 1) - Epoch 4/10 | Loss: 0.8780 | Acc: 0.6785 | Val Loss: 0.8781 | Val Acc: 0.6785 | Time: 9.69s
2025-04-18 20:31:02,333 - INFO - P2 (Round 1) - Epoch 5/10 | Loss: 0.8780 | Acc: 0.6785 | Val Loss: 0.8779 | Val Acc: 0.6785 | Time: 10.00s
2025-04-18 20:31:12,022 - INFO - P2 (Round 1) - Epoch 6/10 | Loss: 0.8780 | Acc: 0.6785 | Val Loss: 0.8778 | Val Acc: 0.6785 | Time: 9.69s
2025-04-18 20:31:23,969 - INFO - P2 (Round 1) - Epoch 7/10 | Loss: 0.8779 | Acc: 0.6785 | Val Loss: 0.8777 | Val Acc: 0.6785 | Time: 11.95s
2025-04-18 20:31:35,659 - INFO - P2 (Round 1) - Epoch 8/10 | Loss: 0.8779 | Acc: 0.6785 | Val Loss: 0.8781 | Val Acc: 0.6785 | Time: 11.69s
2025-04-18 20:31:47,347 - INFO - P2 (Round 1) - Epoch 9/10 | Loss: 0.8779 | Acc: 0.6785 | Val Loss: 0.8777 | Val Acc: 0.6785 | Time: 11.69s
2025-04-18 20:31:58,997 - INFO - P2 (Round 1) - Epoch 10/10 | Loss: 0.8780 | Acc: 0.6785 | Val Loss: 0.8777 | Val Acc: 0.6785 | Time: 11.65s
2025-04-18 20:32:01,460 - INFO - Round 1 completed in 213.36s
2025-04-18 20:32:01,460 - INFO - Global Model - P1 Test: Loss = 3.8281, Accuracy = 0.0228
2025-04-18 20:32:01,460 - INFO - Global Model - P2 Test: Loss = 1.2243, Accuracy = 0.6785
2025-04-18 20:32:13,430 - INFO - P1 (Round 2) - Epoch 1/10 | Loss: 0.0722 | Acc: 0.9817 | Val Loss: 0.0358 | Val Acc: 0.9899 | Time: 11.97s
2025-04-18 20:32:25,463 - INFO - P1 (Round 2) - Epoch 2/10 | Loss: 0.0326 | Acc: 0.9906 | Val Loss: 0.0310 | Val Acc: 0.9911 | Time: 12.03s
2025-04-18 20:32:38,404 - INFO - P1 (Round 2) - Epoch 3/10 | Loss: 0.0294 | Acc: 0.9917 | Val Loss: 0.0284 | Val Acc: 0.9919 | Time: 12.94s
2025-04-18 20:32:50,555 - INFO - P1 (Round 2) - Epoch 4/10 | Loss: 0.0277 | Acc: 0.9921 | Val Loss: 0.0277 | Val Acc: 0.9922 | Time: 12.15s
2025-04-18 20:33:02,666 - INFO - P1 (Round 2) - Epoch 5/10 | Loss: 0.0268 | Acc: 0.9923 | Val Loss: 0.0265 | Val Acc: 0.9927 | Time: 12.11s
2025-04-18 20:33:14,360 - INFO - P1 (Round 2) - Epoch 6/10 | Loss: 0.0261 | Acc: 0.9925 | Val Loss: 0.0259 | Val Acc: 0.9927 | Time: 11.69s
2025-04-18 20:33:26,205 - INFO - P1 (Round 2) - Epoch 7/10 | Loss: 0.0257 | Acc: 0.9926 | Val Loss: 0.0255 | Val Acc: 0.9928 | Time: 11.85s
2025-04-18 20:33:38,173 - INFO - P1 (Round 2) - Epoch 8/10 | Loss: 0.0251 | Acc: 0.9928 | Val Loss: 0.0261 | Val Acc: 0.9923 | Time: 11.97s
2025-04-18 20:33:50,932 - INFO - P1 (Round 2) - Epoch 9/10 | Loss: 0.0248 | Acc: 0.9928 | Val Loss: 0.0250 | Val Acc: 0.9929 | Time: 12.76s
2025-04-18 20:34:03,095 - INFO - P1 (Round 2) - Epoch 10/10 | Loss: 0.0244 | Acc: 0.9930 | Val Loss: 0.0249 | Val Acc: 0.9929 | Time: 12.16s
2025-04-18 20:34:14,456 - INFO - P2 (Round 2) - Epoch 1/10 | Loss: 0.8806 | Acc: 0.6785 | Val Loss: 0.8781 | Val Acc: 0.6785 | Time: 11.36s
2025-04-18 20:34:26,022 - INFO - P2 (Round 2) - Epoch 2/10 | Loss: 0.8780 | Acc: 0.6785 | Val Loss: 0.8781 | Val Acc: 0.6785 | Time: 11.57s
2025-04-18 20:34:37,585 - INFO - P2 (Round 2) - Epoch 3/10 | Loss: 0.8780 | Acc: 0.6785 | Val Loss: 0.8778 | Val Acc: 0.6785 | Time: 11.56s
2025-04-18 20:34:49,616 - INFO - P2 (Round 2) - Epoch 4/10 | Loss: 0.8779 | Acc: 0.6785 | Val Loss: 0.8780 | Val Acc: 0.6785 | Time: 12.03s
2025-04-18 20:35:02,297 - INFO - P2 (Round 2) - Epoch 5/10 | Loss: 0.8779 | Acc: 0.6785 | Val Loss: 0.8777 | Val Acc: 0.6785 | Time: 12.68s
2025-04-18 20:35:14,378 - INFO - P2 (Round 2) - Epoch 6/10 | Loss: 0.8779 | Acc: 0.6785 | Val Loss: 0.8777 | Val Acc: 0.6785 | Time: 12.08s
2025-04-18 20:35:26,239 - INFO - P2 (Round 2) - Epoch 7/10 | Loss: 0.8779 | Acc: 0.6785 | Val Loss: 0.8778 | Val Acc: 0.6785 | Time: 11.86s
2025-04-18 20:35:37,683 - INFO - P2 (Round 2) - Epoch 8/10 | Loss: 0.8779 | Acc: 0.6785 | Val Loss: 0.8777 | Val Acc: 0.6785 | Time: 11.44s
2025-04-18 20:35:49,241 - INFO - P2 (Round 2) - Epoch 9/10 | Loss: 0.8779 | Acc: 0.6785 | Val Loss: 0.8778 | Val Acc: 0.6785 | Time: 11.56s
2025-04-18 20:36:00,970 - INFO - P2 (Round 2) - Epoch 10/10 | Loss: 0.8779 | Acc: 0.6785 | Val Loss: 0.8780 | Val Acc: 0.6785 | Time: 11.73s
2025-04-18 20:36:03,738 - INFO - Round 2 completed in 242.28s
2025-04-18 20:36:03,738 - INFO - Global Model - P1 Test: Loss = 3.2116, Accuracy = 0.4459
2025-04-18 20:36:03,738 - INFO - Global Model - P2 Test: Loss = 0.9102, Accuracy = 0.6785
2025-04-18 20:36:16,437 - INFO - P1 (Round 3) - Epoch 1/10 | Loss: 0.0452 | Acc: 0.9878 | Val Loss: 0.0278 | Val Acc: 0.9917 | Time: 12.70s
2025-04-18 20:36:28,286 - INFO - P1 (Round 3) - Epoch 2/10 | Loss: 0.0269 | Acc: 0.9923 | Val Loss: 0.0260 | Val Acc: 0.9927 | Time: 11.85s
2025-04-18 20:36:40,170 - INFO - P1 (Round 3) - Epoch 3/10 | Loss: 0.0256 | Acc: 0.9927 | Val Loss: 0.0253 | Val Acc: 0.9930 | Time: 11.88s
2025-04-18 20:36:52,348 - INFO - P1 (Round 3) - Epoch 4/10 | Loss: 0.0248 | Acc: 0.9928 | Val Loss: 0.0255 | Val Acc: 0.9925 | Time: 12.18s
2025-04-18 20:37:04,761 - INFO - P1 (Round 3) - Epoch 5/10 | Loss: 0.0244 | Acc: 0.9930 | Val Loss: 0.0249 | Val Acc: 0.9930 | Time: 12.41s
2025-04-18 20:37:17,297 - INFO - P1 (Round 3) - Epoch 6/10 | Loss: 0.0240 | Acc: 0.9931 | Val Loss: 0.0240 | Val Acc: 0.9933 | Time: 12.54s
2025-04-18 20:37:29,623 - INFO - P1 (Round 3) - Epoch 7/10 | Loss: 0.0236 | Acc: 0.9933 | Val Loss: 0.0240 | Val Acc: 0.9931 | Time: 12.33s
2025-04-18 20:37:41,347 - INFO - P1 (Round 3) - Epoch 8/10 | Loss: 0.0231 | Acc: 0.9934 | Val Loss: 0.0241 | Val Acc: 0.9935 | Time: 11.72s
2025-04-18 20:37:53,196 - INFO - P1 (Round 3) - Epoch 9/10 | Loss: 0.0229 | Acc: 0.9935 | Val Loss: 0.0234 | Val Acc: 0.9934 | Time: 11.85s
2025-04-18 20:38:04,857 - INFO - P1 (Round 3) - Epoch 10/10 | Loss: 0.0225 | Acc: 0.9937 | Val Loss: 0.0226 | Val Acc: 0.9939 | Time: 11.66s
2025-04-18 20:38:16,416 - INFO - P2 (Round 3) - Epoch 1/10 | Loss: 0.8781 | Acc: 0.6785 | Val Loss: 0.8777 | Val Acc: 0.6785 | Time: 11.56s
2025-04-18 20:38:27,473 - INFO - P2 (Round 3) - Epoch 2/10 | Loss: 0.8779 | Acc: 0.6785 | Val Loss: 0.8781 | Val Acc: 0.6785 | Time: 11.06s
2025-04-18 20:38:37,892 - INFO - P2 (Round 3) - Epoch 3/10 | Loss: 0.8779 | Acc: 0.6785 | Val Loss: 0.8777 | Val Acc: 0.6785 | Time: 10.42s
2025-04-18 20:38:47,425 - INFO - P2 (Round 3) - Epoch 4/10 | Loss: 0.8779 | Acc: 0.6785 | Val Loss: 0.8778 | Val Acc: 0.6785 | Time: 9.53s
2025-04-18 20:38:57,276 - INFO - P2 (Round 3) - Epoch 5/10 | Loss: 0.8779 | Acc: 0.6785 | Val Loss: 0.8778 | Val Acc: 0.6785 | Time: 9.85s
2025-04-18 20:39:07,095 - INFO - P2 (Round 3) - Epoch 6/10 | Loss: 0.8779 | Acc: 0.6785 | Val Loss: 0.8779 | Val Acc: 0.6785 | Time: 9.82s
2025-04-18 20:39:16,803 - INFO - P2 (Round 3) - Epoch 7/10 | Loss: 0.8779 | Acc: 0.6785 | Val Loss: 0.8778 | Val Acc: 0.6785 | Time: 9.71s
2025-04-18 20:39:26,697 - INFO - P2 (Round 3) - Epoch 8/10 | Loss: 0.8779 | Acc: 0.6785 | Val Loss: 0.8779 | Val Acc: 0.6785 | Time: 9.89s
2025-04-18 20:39:37,492 - INFO - P2 (Round 3) - Epoch 9/10 | Loss: 0.8779 | Acc: 0.6785 | Val Loss: 0.8778 | Val Acc: 0.6785 | Time: 10.80s
2025-04-18 20:39:48,334 - INFO - P2 (Round 3) - Epoch 10/10 | Loss: 0.8779 | Acc: 0.6785 | Val Loss: 0.8777 | Val Acc: 0.6785 | Time: 10.84s
2025-04-18 20:39:50,650 - INFO - Round 3 completed in 226.91s
2025-04-18 20:39:50,651 - INFO - Global Model - P1 Test: Loss = 4.0396, Accuracy = 0.4330
2025-04-18 20:39:50,651 - INFO - Global Model - P2 Test: Loss = 0.8901, Accuracy = 0.6785
2025-04-18 20:40:00,487 - INFO - P1 (Round 4) - Epoch 1/10 | Loss: 0.0470 | Acc: 0.9880 | Val Loss: 0.0266 | Val Acc: 0.9922 | Time: 9.83s
2025-04-18 20:40:10,390 - INFO - P1 (Round 4) - Epoch 2/10 | Loss: 0.0244 | Acc: 0.9931 | Val Loss: 0.0247 | Val Acc: 0.9929 | Time: 9.90s
2025-04-18 20:40:20,170 - INFO - P1 (Round 4) - Epoch 3/10 | Loss: 0.0234 | Acc: 0.9935 | Val Loss: 0.0231 | Val Acc: 0.9937 | Time: 9.78s
2025-04-18 20:40:30,156 - INFO - P1 (Round 4) - Epoch 4/10 | Loss: 0.0229 | Acc: 0.9936 | Val Loss: 0.0266 | Val Acc: 0.9931 | Time: 9.99s
2025-04-18 20:40:40,153 - INFO - P1 (Round 4) - Epoch 5/10 | Loss: 0.0225 | Acc: 0.9937 | Val Loss: 0.0227 | Val Acc: 0.9941 | Time: 10.00s
2025-04-18 20:40:51,343 - INFO - P1 (Round 4) - Epoch 6/10 | Loss: 0.0221 | Acc: 0.9938 | Val Loss: 0.0222 | Val Acc: 0.9938 | Time: 11.19s
2025-04-18 20:41:02,335 - INFO - P1 (Round 4) - Epoch 7/10 | Loss: 0.0214 | Acc: 0.9940 | Val Loss: 0.0216 | Val Acc: 0.9944 | Time: 10.99s
2025-04-18 20:41:11,997 - INFO - P1 (Round 4) - Epoch 8/10 | Loss: 0.0207 | Acc: 0.9943 | Val Loss: 0.0212 | Val Acc: 0.9945 | Time: 9.66s
2025-04-18 20:41:21,992 - INFO - P1 (Round 4) - Epoch 9/10 | Loss: 0.0204 | Acc: 0.9944 | Val Loss: 0.0210 | Val Acc: 0.9941 | Time: 10.00s
2025-04-18 20:41:31,860 - INFO - P1 (Round 4) - Epoch 10/10 | Loss: 0.0200 | Acc: 0.9945 | Val Loss: 0.0206 | Val Acc: 0.9948 | Time: 9.87s
2025-04-18 20:41:41,629 - INFO - P2 (Round 4) - Epoch 1/10 | Loss: 0.8780 | Acc: 0.6785 | Val Loss: 0.8778 | Val Acc: 0.6785 | Time: 9.77s
2025-04-18 20:41:51,357 - INFO - P2 (Round 4) - Epoch 2/10 | Loss: 0.8779 | Acc: 0.6785 | Val Loss: 0.8779 | Val Acc: 0.6785 | Time: 9.73s
2025-04-18 20:42:01,937 - INFO - P2 (Round 4) - Epoch 3/10 | Loss: 0.8779 | Acc: 0.6785 | Val Loss: 0.8782 | Val Acc: 0.6785 | Time: 10.58s
2025-04-18 20:42:12,415 - INFO - P2 (Round 4) - Epoch 4/10 | Loss: 0.8779 | Acc: 0.6785 | Val Loss: 0.8778 | Val Acc: 0.6785 | Time: 10.48s
2025-04-18 20:42:22,399 - INFO - P2 (Round 4) - Epoch 5/10 | Loss: 0.8779 | Acc: 0.6785 | Val Loss: 0.8777 | Val Acc: 0.6785 | Time: 9.98s
2025-04-18 20:42:32,079 - INFO - P2 (Round 4) - Epoch 6/10 | Loss: 0.8779 | Acc: 0.6785 | Val Loss: 0.8778 | Val Acc: 0.6785 | Time: 9.68s
2025-04-18 20:42:41,876 - INFO - P2 (Round 4) - Epoch 7/10 | Loss: 0.8779 | Acc: 0.6785 | Val Loss: 0.8777 | Val Acc: 0.6785 | Time: 9.80s
2025-04-18 20:42:51,822 - INFO - P2 (Round 4) - Epoch 8/10 | Loss: 0.8779 | Acc: 0.6785 | Val Loss: 0.8780 | Val Acc: 0.6785 | Time: 9.95s
2025-04-18 20:43:01,556 - INFO - P2 (Round 4) - Epoch 9/10 | Loss: 0.8779 | Acc: 0.6785 | Val Loss: 0.8777 | Val Acc: 0.6785 | Time: 9.73s
2025-04-18 20:43:12,118 - INFO - P2 (Round 4) - Epoch 10/10 | Loss: 0.8778 | Acc: 0.6785 | Val Loss: 0.8777 | Val Acc: 0.6785 | Time: 10.56s
2025-04-18 20:43:14,966 - INFO - Round 4 completed in 204.32s
2025-04-18 20:43:14,967 - INFO - Global Model - P1 Test: Loss = 4.3592, Accuracy = 0.2852
2025-04-18 20:43:14,967 - INFO - Global Model - P2 Test: Loss = 0.8806, Accuracy = 0.6785
2025-04-18 20:43:25,622 - INFO - P1 (Round 5) - Epoch 1/10 | Loss: 0.0472 | Acc: 0.9883 | Val Loss: 0.0256 | Val Acc: 0.9926 | Time: 10.65s
2025-04-18 20:43:35,708 - INFO - P1 (Round 5) - Epoch 2/10 | Loss: 0.0218 | Acc: 0.9941 | Val Loss: 0.0213 | Val Acc: 0.9943 | Time: 10.09s
2025-04-18 20:43:45,552 - INFO - P1 (Round 5) - Epoch 3/10 | Loss: 0.0209 | Acc: 0.9943 | Val Loss: 0.0211 | Val Acc: 0.9945 | Time: 9.84s
2025-04-18 20:43:55,447 - INFO - P1 (Round 5) - Epoch 4/10 | Loss: 0.0205 | Acc: 0.9944 | Val Loss: 0.0246 | Val Acc: 0.9938 | Time: 9.89s
2025-04-18 20:44:05,391 - INFO - P1 (Round 5) - Epoch 5/10 | Loss: 0.0201 | Acc: 0.9945 | Val Loss: 0.0213 | Val Acc: 0.9945 | Time: 9.94s
2025-04-18 20:44:15,377 - INFO - P1 (Round 5) - Epoch 6/10 | Loss: 0.0199 | Acc: 0.9946 | Val Loss: 0.0218 | Val Acc: 0.9942 | Time: 9.99s
2025-04-18 20:44:26,831 - INFO - P1 (Round 5) - Epoch 7/10 | Loss: 0.0197 | Acc: 0.9947 | Val Loss: 0.0209 | Val Acc: 0.9942 | Time: 11.45s
2025-04-18 20:44:38,719 - INFO - P1 (Round 5) - Epoch 8/10 | Loss: 0.0196 | Acc: 0.9947 | Val Loss: 0.0194 | Val Acc: 0.9948 | Time: 11.89s
2025-04-18 20:44:50,621 - INFO - P1 (Round 5) - Epoch 9/10 | Loss: 0.0194 | Acc: 0.9947 | Val Loss: 0.0193 | Val Acc: 0.9948 | Time: 11.90s
2025-04-18 20:45:02,916 - INFO - P1 (Round 5) - Epoch 10/10 | Loss: 0.0192 | Acc: 0.9948 | Val Loss: 0.0194 | Val Acc: 0.9949 | Time: 12.29s
2025-04-18 20:45:14,900 - INFO - P2 (Round 5) - Epoch 1/10 | Loss: 0.8780 | Acc: 0.6785 | Val Loss: 0.8779 | Val Acc: 0.6785 | Time: 11.98s
2025-04-18 20:45:26,661 - INFO - P2 (Round 5) - Epoch 2/10 | Loss: 0.8779 | Acc: 0.6785 | Val Loss: 0.8779 | Val Acc: 0.6785 | Time: 11.76s
2025-04-18 20:45:39,129 - INFO - P2 (Round 5) - Epoch 3/10 | Loss: 0.8779 | Acc: 0.6785 | Val Loss: 0.8778 | Val Acc: 0.6785 | Time: 12.47s
2025-04-18 20:45:51,176 - INFO - P2 (Round 5) - Epoch 4/10 | Loss: 0.8779 | Acc: 0.6785 | Val Loss: 0.8777 | Val Acc: 0.6785 | Time: 12.05s
2025-04-18 20:46:02,782 - INFO - P2 (Round 5) - Epoch 5/10 | Loss: 0.8779 | Acc: 0.6785 | Val Loss: 0.8778 | Val Acc: 0.6785 | Time: 11.61s
2025-04-18 20:46:14,843 - INFO - P2 (Round 5) - Epoch 6/10 | Loss: 0.8779 | Acc: 0.6785 | Val Loss: 0.8778 | Val Acc: 0.6785 | Time: 12.06s
2025-04-18 20:46:26,973 - INFO - P2 (Round 5) - Epoch 7/10 | Loss: 0.8779 | Acc: 0.6785 | Val Loss: 0.8778 | Val Acc: 0.6785 | Time: 12.13s
2025-04-18 20:46:38,907 - INFO - P2 (Round 5) - Epoch 8/10 | Loss: 0.8778 | Acc: 0.6785 | Val Loss: 0.8778 | Val Acc: 0.6785 | Time: 11.93s
2025-04-18 20:46:51,379 - INFO - P2 (Round 5) - Epoch 9/10 | Loss: 0.8778 | Acc: 0.6785 | Val Loss: 0.8779 | Val Acc: 0.6785 | Time: 12.47s
2025-04-18 20:47:03,246 - INFO - P2 (Round 5) - Epoch 10/10 | Loss: 0.8779 | Acc: 0.6785 | Val Loss: 0.8777 | Val Acc: 0.6785 | Time: 11.87s
2025-04-18 20:47:05,884 - INFO - Round 5 completed in 230.92s
2025-04-18 20:47:05,884 - INFO - Global Model - P1 Test: Loss = 4.5937, Accuracy = 0.2345
2025-04-18 20:47:05,884 - INFO - Global Model - P2 Test: Loss = 1.1375, Accuracy = 0.6785
2025-04-18 20:47:17,686 - INFO - P1 (Round 6) - Epoch 1/10 | Loss: 0.0474 | Acc: 0.9879 | Val Loss: 0.0251 | Val Acc: 0.9934 | Time: 11.80s
2025-04-18 20:47:29,442 - INFO - P1 (Round 6) - Epoch 2/10 | Loss: 0.0218 | Acc: 0.9939 | Val Loss: 0.0230 | Val Acc: 0.9943 | Time: 11.76s
2025-04-18 20:47:41,090 - INFO - P1 (Round 6) - Epoch 3/10 | Loss: 0.0200 | Acc: 0.9945 | Val Loss: 0.0207 | Val Acc: 0.9947 | Time: 11.65s
2025-04-18 20:47:53,077 - INFO - P1 (Round 6) - Epoch 4/10 | Loss: 0.0196 | Acc: 0.9946 | Val Loss: 0.0202 | Val Acc: 0.9947 | Time: 11.99s
2025-04-18 20:48:06,126 - INFO - P1 (Round 6) - Epoch 5/10 | Loss: 0.0195 | Acc: 0.9947 | Val Loss: 0.0204 | Val Acc: 0.9948 | Time: 13.05s
2025-04-18 20:48:16,224 - INFO - P1 (Round 6) - Epoch 6/10 | Loss: 0.0193 | Acc: 0.9947 | Val Loss: 0.0192 | Val Acc: 0.9950 | Time: 10.10s
2025-04-18 20:48:26,442 - INFO - P1 (Round 6) - Epoch 7/10 | Loss: 0.0191 | Acc: 0.9947 | Val Loss: 0.0212 | Val Acc: 0.9945 | Time: 10.22s
2025-04-18 20:48:36,392 - INFO - P1 (Round 6) - Epoch 8/10 | Loss: 0.0189 | Acc: 0.9948 | Val Loss: 0.0188 | Val Acc: 0.9949 | Time: 9.95s
2025-04-18 20:48:46,317 - INFO - P1 (Round 6) - Epoch 9/10 | Loss: 0.0188 | Acc: 0.9949 | Val Loss: 0.0204 | Val Acc: 0.9943 | Time: 9.92s
2025-04-18 20:48:56,168 - INFO - P1 (Round 6) - Epoch 10/10 | Loss: 0.0188 | Acc: 0.9949 | Val Loss: 0.0189 | Val Acc: 0.9951 | Time: 9.85s
2025-04-18 20:49:05,820 - INFO - P2 (Round 6) - Epoch 1/10 | Loss: 0.8795 | Acc: 0.6785 | Val Loss: 0.8781 | Val Acc: 0.6785 | Time: 9.65s
2025-04-18 20:49:17,328 - INFO - P2 (Round 6) - Epoch 2/10 | Loss: 0.8790 | Acc: 0.6785 | Val Loss: 0.8782 | Val Acc: 0.6785 | Time: 11.51s
2025-04-18 20:49:27,172 - INFO - P2 (Round 6) - Epoch 3/10 | Loss: 0.8789 | Acc: 0.6785 | Val Loss: 0.8791 | Val Acc: 0.6785 | Time: 9.84s
2025-04-18 20:49:36,810 - INFO - P2 (Round 6) - Epoch 4/10 | Loss: 0.8788 | Acc: 0.6785 | Val Loss: 0.8791 | Val Acc: 0.6785 | Time: 9.64s
2025-04-18 20:49:46,233 - INFO - P2 (Round 6) - Epoch 5/10 | Loss: 0.8788 | Acc: 0.6785 | Val Loss: 0.8797 | Val Acc: 0.6785 | Time: 9.42s
2025-04-18 20:49:55,826 - INFO - P2 (Round 6) - Epoch 6/10 | Loss: 0.8788 | Acc: 0.6785 | Val Loss: 0.8782 | Val Acc: 0.6785 | Time: 9.59s
2025-04-18 20:50:05,581 - INFO - P2 (Round 6) - Epoch 7/10 | Loss: 0.8787 | Acc: 0.6785 | Val Loss: 0.8789 | Val Acc: 0.6785 | Time: 9.75s
2025-04-18 20:50:15,465 - INFO - P2 (Round 6) - Epoch 8/10 | Loss: 0.8786 | Acc: 0.6785 | Val Loss: 0.8782 | Val Acc: 0.6785 | Time: 9.88s
2025-04-18 20:50:26,968 - INFO - P2 (Round 6) - Epoch 9/10 | Loss: 0.8786 | Acc: 0.6785 | Val Loss: 0.8777 | Val Acc: 0.6785 | Time: 11.50s
2025-04-18 20:50:36,942 - INFO - P2 (Round 6) - Epoch 10/10 | Loss: 0.8785 | Acc: 0.6785 | Val Loss: 0.8793 | Val Acc: 0.6785 | Time: 9.97s
2025-04-18 20:50:39,151 - INFO - Round 6 completed in 213.27s
2025-04-18 20:50:39,151 - INFO - Global Model - P1 Test: Loss = 6.1078, Accuracy = 0.1599
2025-04-18 20:50:39,151 - INFO - Global Model - P2 Test: Loss = 1.4182, Accuracy = 0.5801
2025-04-18 20:50:49,035 - INFO - P1 (Round 7) - Epoch 1/10 | Loss: 0.0503 | Acc: 0.9887 | Val Loss: 0.0202 | Val Acc: 0.9946 | Time: 9.88s
2025-04-18 20:50:59,389 - INFO - P1 (Round 7) - Epoch 2/10 | Loss: 0.0194 | Acc: 0.9948 | Val Loss: 0.0198 | Val Acc: 0.9947 | Time: 10.35s
2025-04-18 20:51:09,154 - INFO - P1 (Round 7) - Epoch 3/10 | Loss: 0.0191 | Acc: 0.9948 | Val Loss: 0.0198 | Val Acc: 0.9948 | Time: 9.76s
2025-04-18 20:51:19,035 - INFO - P1 (Round 7) - Epoch 4/10 | Loss: 0.0190 | Acc: 0.9948 | Val Loss: 0.0187 | Val Acc: 0.9952 | Time: 9.88s
2025-04-18 20:51:28,886 - INFO - P1 (Round 7) - Epoch 5/10 | Loss: 0.0187 | Acc: 0.9949 | Val Loss: 0.0217 | Val Acc: 0.9937 | Time: 9.85s
2025-04-18 20:51:40,502 - INFO - P1 (Round 7) - Epoch 6/10 | Loss: 0.0186 | Acc: 0.9949 | Val Loss: 0.0186 | Val Acc: 0.9950 | Time: 11.62s
2025-04-18 20:51:50,726 - INFO - P1 (Round 7) - Epoch 7/10 | Loss: 0.0184 | Acc: 0.9950 | Val Loss: 0.0188 | Val Acc: 0.9951 | Time: 10.22s
2025-04-18 20:52:00,625 - INFO - P1 (Round 7) - Epoch 8/10 | Loss: 0.0184 | Acc: 0.9950 | Val Loss: 0.0189 | Val Acc: 0.9951 | Time: 9.90s
2025-04-18 20:52:10,629 - INFO - P1 (Round 7) - Epoch 9/10 | Loss: 0.0183 | Acc: 0.9950 | Val Loss: 0.0191 | Val Acc: 0.9950 | Time: 10.00s
2025-04-18 20:52:20,487 - INFO - P1 (Round 7) - Epoch 10/10 | Loss: 0.0182 | Acc: 0.9950 | Val Loss: 0.0186 | Val Acc: 0.9949 | Time: 9.86s
2025-04-18 20:52:30,120 - INFO - P2 (Round 7) - Epoch 1/10 | Loss: 0.8801 | Acc: 0.6783 | Val Loss: 0.8793 | Val Acc: 0.6785 | Time: 9.63s
2025-04-18 20:52:39,960 - INFO - P2 (Round 7) - Epoch 2/10 | Loss: 0.8788 | Acc: 0.6785 | Val Loss: 0.8782 | Val Acc: 0.6785 | Time: 9.84s
2025-04-18 20:52:51,335 - INFO - P2 (Round 7) - Epoch 3/10 | Loss: 0.8788 | Acc: 0.6785 | Val Loss: 0.8788 | Val Acc: 0.6785 | Time: 11.37s
2025-04-18 20:53:01,075 - INFO - P2 (Round 7) - Epoch 4/10 | Loss: 0.8787 | Acc: 0.6785 | Val Loss: 0.8781 | Val Acc: 0.6785 | Time: 9.74s
2025-04-18 20:53:10,680 - INFO - P2 (Round 7) - Epoch 5/10 | Loss: 0.8788 | Acc: 0.6785 | Val Loss: 0.8797 | Val Acc: 0.6785 | Time: 9.60s
2025-04-18 20:53:20,557 - INFO - P2 (Round 7) - Epoch 6/10 | Loss: 0.8787 | Acc: 0.6785 | Val Loss: 0.8790 | Val Acc: 0.6785 | Time: 9.88s
2025-04-18 20:53:30,215 - INFO - P2 (Round 7) - Epoch 7/10 | Loss: 0.8786 | Acc: 0.6785 | Val Loss: 0.8778 | Val Acc: 0.6785 | Time: 9.66s
2025-04-18 20:53:40,239 - INFO - P2 (Round 7) - Epoch 8/10 | Loss: 0.8785 | Acc: 0.6785 | Val Loss: 0.8780 | Val Acc: 0.6785 | Time: 10.02s
2025-04-18 20:53:50,203 - INFO - P2 (Round 7) - Epoch 9/10 | Loss: 0.8785 | Acc: 0.6785 | Val Loss: 0.8781 | Val Acc: 0.6785 | Time: 9.96s
2025-04-18 20:54:01,549 - INFO - P2 (Round 7) - Epoch 10/10 | Loss: 0.8784 | Acc: 0.6785 | Val Loss: 0.8787 | Val Acc: 0.6785 | Time: 11.35s
2025-04-18 20:54:03,982 - INFO - Round 7 completed in 204.83s
2025-04-18 20:54:03,982 - INFO - Global Model - P1 Test: Loss = 4.7036, Accuracy = 0.1909
2025-04-18 20:54:03,982 - INFO - Global Model - P2 Test: Loss = 1.2156, Accuracy = 0.6785
2025-04-18 20:54:13,912 - INFO - P1 (Round 8) - Epoch 1/10 | Loss: 0.0397 | Acc: 0.9904 | Val Loss: 0.0194 | Val Acc: 0.9949 | Time: 9.93s
2025-04-18 20:54:23,952 - INFO - P1 (Round 8) - Epoch 2/10 | Loss: 0.0188 | Acc: 0.9949 | Val Loss: 0.0200 | Val Acc: 0.9947 | Time: 10.04s
2025-04-18 20:54:33,963 - INFO - P1 (Round 8) - Epoch 3/10 | Loss: 0.0185 | Acc: 0.9950 | Val Loss: 0.0204 | Val Acc: 0.9942 | Time: 10.01s
2025-04-18 20:54:44,047 - INFO - P1 (Round 8) - Epoch 4/10 | Loss: 0.0183 | Acc: 0.9950 | Val Loss: 0.0194 | Val Acc: 0.9950 | Time: 10.08s
2025-04-18 20:54:53,963 - INFO - P1 (Round 8) - Epoch 5/10 | Loss: 0.0181 | Acc: 0.9951 | Val Loss: 0.0195 | Val Acc: 0.9949 | Time: 9.92s
2025-04-18 20:55:03,756 - INFO - P1 (Round 8) - Epoch 6/10 | Loss: 0.0180 | Acc: 0.9951 | Val Loss: 0.0182 | Val Acc: 0.9952 | Time: 9.79s
2025-04-18 20:55:15,402 - INFO - P1 (Round 8) - Epoch 7/10 | Loss: 0.0179 | Acc: 0.9951 | Val Loss: 0.0183 | Val Acc: 0.9951 | Time: 11.65s
2025-04-18 20:55:25,324 - INFO - P1 (Round 8) - Epoch 8/10 | Loss: 0.0177 | Acc: 0.9951 | Val Loss: 0.0178 | Val Acc: 0.9954 | Time: 9.92s
2025-04-18 20:55:35,229 - INFO - P1 (Round 8) - Epoch 9/10 | Loss: 0.0176 | Acc: 0.9951 | Val Loss: 0.0183 | Val Acc: 0.9954 | Time: 9.91s
2025-04-18 20:55:45,105 - INFO - P1 (Round 8) - Epoch 10/10 | Loss: 0.0175 | Acc: 0.9952 | Val Loss: 0.0177 | Val Acc: 0.9953 | Time: 9.88s
2025-04-18 20:55:54,768 - INFO - P2 (Round 8) - Epoch 1/10 | Loss: 0.8793 | Acc: 0.6785 | Val Loss: 0.8778 | Val Acc: 0.6785 | Time: 9.66s
2025-04-18 20:56:04,684 - INFO - P2 (Round 8) - Epoch 2/10 | Loss: 0.8787 | Acc: 0.6785 | Val Loss: 0.8782 | Val Acc: 0.6785 | Time: 9.92s
2025-04-18 20:56:14,216 - INFO - P2 (Round 8) - Epoch 3/10 | Loss: 0.8786 | Acc: 0.6785 | Val Loss: 0.8777 | Val Acc: 0.6785 | Time: 9.53s
2025-04-18 20:56:25,662 - INFO - P2 (Round 8) - Epoch 4/10 | Loss: 0.8786 | Acc: 0.6785 | Val Loss: 0.8783 | Val Acc: 0.6785 | Time: 11.45s
2025-04-18 20:56:35,453 - INFO - P2 (Round 8) - Epoch 5/10 | Loss: 0.8786 | Acc: 0.6785 | Val Loss: 0.8781 | Val Acc: 0.6785 | Time: 9.79s
2025-04-18 20:56:45,679 - INFO - P2 (Round 8) - Epoch 6/10 | Loss: 0.8785 | Acc: 0.6785 | Val Loss: 0.8783 | Val Acc: 0.6785 | Time: 10.23s
2025-04-18 20:56:55,627 - INFO - P2 (Round 8) - Epoch 7/10 | Loss: 0.8784 | Acc: 0.6785 | Val Loss: 0.8806 | Val Acc: 0.6785 | Time: 9.95s
2025-04-18 20:57:05,479 - INFO - P2 (Round 8) - Epoch 8/10 | Loss: 0.8784 | Acc: 0.6785 | Val Loss: 0.8783 | Val Acc: 0.6785 | Time: 9.85s
2025-04-18 20:57:18,760 - INFO - P2 (Round 8) - Epoch 9/10 | Loss: 0.8784 | Acc: 0.6785 | Val Loss: 0.8781 | Val Acc: 0.6785 | Time: 13.28s
2025-04-18 20:57:33,573 - INFO - P2 (Round 8) - Epoch 10/10 | Loss: 0.8785 | Acc: 0.6785 | Val Loss: 0.8782 | Val Acc: 0.6785 | Time: 14.81s
2025-04-18 20:57:36,621 - INFO - Round 8 completed in 212.64s
2025-04-18 20:57:36,621 - INFO - Global Model - P1 Test: Loss = 5.4734, Accuracy = 0.1917
2025-04-18 20:57:36,621 - INFO - Global Model - P2 Test: Loss = 1.3278, Accuracy = 0.6785
2025-04-18 20:57:49,320 - INFO - P1 (Round 9) - Epoch 1/10 | Loss: 0.0410 | Acc: 0.9902 | Val Loss: 0.0191 | Val Acc: 0.9948 | Time: 12.70s
2025-04-18 20:57:59,478 - INFO - P1 (Round 9) - Epoch 2/10 | Loss: 0.0182 | Acc: 0.9950 | Val Loss: 0.0187 | Val Acc: 0.9950 | Time: 10.16s
2025-04-18 20:58:09,438 - INFO - P1 (Round 9) - Epoch 3/10 | Loss: 0.0180 | Acc: 0.9950 | Val Loss: 0.0176 | Val Acc: 0.9954 | Time: 9.96s
2025-04-18 20:58:19,443 - INFO - P1 (Round 9) - Epoch 4/10 | Loss: 0.0177 | Acc: 0.9951 | Val Loss: 0.0189 | Val Acc: 0.9949 | Time: 10.00s
2025-04-18 20:58:29,405 - INFO - P1 (Round 9) - Epoch 5/10 | Loss: 0.0176 | Acc: 0.9951 | Val Loss: 0.0175 | Val Acc: 0.9955 | Time: 9.96s
2025-04-18 20:58:39,489 - INFO - P1 (Round 9) - Epoch 6/10 | Loss: 0.0174 | Acc: 0.9951 | Val Loss: 0.0183 | Val Acc: 0.9951 | Time: 10.08s
2025-04-18 20:58:50,765 - INFO - P1 (Round 9) - Epoch 7/10 | Loss: 0.0174 | Acc: 0.9952 | Val Loss: 0.0175 | Val Acc: 0.9952 | Time: 11.28s
2025-04-18 20:59:00,528 - INFO - P1 (Round 9) - Epoch 8/10 | Loss: 0.0172 | Acc: 0.9953 | Val Loss: 0.0177 | Val Acc: 0.9952 | Time: 9.76s
2025-04-18 20:59:10,351 - INFO - P1 (Round 9) - Epoch 9/10 | Loss: 0.0170 | Acc: 0.9953 | Val Loss: 0.0178 | Val Acc: 0.9953 | Time: 9.82s
2025-04-18 20:59:20,661 - INFO - P1 (Round 9) - Epoch 10/10 | Loss: 0.0170 | Acc: 0.9953 | Val Loss: 0.0177 | Val Acc: 0.9953 | Time: 10.31s
2025-04-18 20:59:32,183 - INFO - P2 (Round 9) - Epoch 1/10 | Loss: 0.8798 | Acc: 0.6785 | Val Loss: 0.8794 | Val Acc: 0.6785 | Time: 11.52s
2025-04-18 20:59:43,783 - INFO - P2 (Round 9) - Epoch 2/10 | Loss: 0.8785 | Acc: 0.6785 | Val Loss: 0.8780 | Val Acc: 0.6785 | Time: 11.60s
2025-04-18 20:59:56,301 - INFO - P2 (Round 9) - Epoch 3/10 | Loss: 0.8786 | Acc: 0.6785 | Val Loss: 0.8798 | Val Acc: 0.6785 | Time: 12.52s
2025-04-18 21:00:08,297 - INFO - P2 (Round 9) - Epoch 4/10 | Loss: 0.8785 | Acc: 0.6785 | Val Loss: 0.8781 | Val Acc: 0.6785 | Time: 12.00s
2025-04-18 21:00:19,786 - INFO - P2 (Round 9) - Epoch 5/10 | Loss: 0.8785 | Acc: 0.6785 | Val Loss: 0.8787 | Val Acc: 0.6785 | Time: 11.49s
2025-04-18 21:00:31,632 - INFO - P2 (Round 9) - Epoch 6/10 | Loss: 0.8785 | Acc: 0.6785 | Val Loss: 0.8794 | Val Acc: 0.6785 | Time: 11.85s
2025-04-18 21:00:43,502 - INFO - P2 (Round 9) - Epoch 7/10 | Loss: 0.8784 | Acc: 0.6785 | Val Loss: 0.8788 | Val Acc: 0.6785 | Time: 11.87s
2025-04-18 21:00:55,268 - INFO - P2 (Round 9) - Epoch 8/10 | Loss: 0.8784 | Acc: 0.6785 | Val Loss: 0.8787 | Val Acc: 0.6785 | Time: 11.77s
2025-04-18 21:01:07,943 - INFO - P2 (Round 9) - Epoch 9/10 | Loss: 0.8784 | Acc: 0.6785 | Val Loss: 0.8780 | Val Acc: 0.6785 | Time: 12.67s
2025-04-18 21:01:19,723 - INFO - P2 (Round 9) - Epoch 10/10 | Loss: 0.8784 | Acc: 0.6785 | Val Loss: 0.8780 | Val Acc: 0.6785 | Time: 11.78s
2025-04-18 21:01:22,083 - INFO - Round 9 completed in 225.46s
2025-04-18 21:01:22,083 - INFO - Global Model - P1 Test: Loss = 5.7308, Accuracy = 0.1792
2025-04-18 21:01:22,083 - INFO - Global Model - P2 Test: Loss = 1.5184, Accuracy = 0.5800
2025-04-18 21:01:34,167 - INFO - P1 (Round 10) - Epoch 1/10 | Loss: 0.0432 | Acc: 0.9895 | Val Loss: 0.0186 | Val Acc: 0.9952 | Time: 12.08s
2025-04-18 21:01:46,371 - INFO - P1 (Round 10) - Epoch 2/10 | Loss: 0.0177 | Acc: 0.9951 | Val Loss: 0.0174 | Val Acc: 0.9954 | Time: 12.20s
2025-04-18 21:01:58,570 - INFO - P1 (Round 10) - Epoch 3/10 | Loss: 0.0174 | Acc: 0.9952 | Val Loss: 0.0177 | Val Acc: 0.9953 | Time: 12.20s
2025-04-18 21:02:10,540 - INFO - P1 (Round 10) - Epoch 4/10 | Loss: 0.0172 | Acc: 0.9953 | Val Loss: 0.0171 | Val Acc: 0.9954 | Time: 11.97s
2025-04-18 21:02:23,488 - INFO - P1 (Round 10) - Epoch 5/10 | Loss: 0.0171 | Acc: 0.9953 | Val Loss: 0.0179 | Val Acc: 0.9953 | Time: 12.95s
2025-04-18 21:02:35,342 - INFO - P1 (Round 10) - Epoch 6/10 | Loss: 0.0169 | Acc: 0.9953 | Val Loss: 0.0190 | Val Acc: 0.9948 | Time: 11.85s
2025-04-18 21:02:47,002 - INFO - P1 (Round 10) - Epoch 7/10 | Loss: 0.0169 | Acc: 0.9953 | Val Loss: 0.0174 | Val Acc: 0.9952 | Time: 11.66s
2025-04-18 21:02:59,158 - INFO - P1 (Round 10) - Epoch 8/10 | Loss: 0.0168 | Acc: 0.9954 | Val Loss: 0.0166 | Val Acc: 0.9957 | Time: 12.16s
2025-04-18 21:03:11,219 - INFO - P1 (Round 10) - Epoch 9/10 | Loss: 0.0167 | Acc: 0.9954 | Val Loss: 0.0168 | Val Acc: 0.9956 | Time: 12.06s
2025-04-18 21:03:23,200 - INFO - P1 (Round 10) - Epoch 10/10 | Loss: 0.0167 | Acc: 0.9954 | Val Loss: 0.0176 | Val Acc: 0.9955 | Time: 11.98s
2025-04-18 21:03:36,034 - INFO - P2 (Round 10) - Epoch 1/10 | Loss: 0.8804 | Acc: 0.6783 | Val Loss: 0.8808 | Val Acc: 0.6785 | Time: 12.83s
2025-04-18 21:03:46,696 - INFO - P2 (Round 10) - Epoch 2/10 | Loss: 0.8786 | Acc: 0.6785 | Val Loss: 0.8789 | Val Acc: 0.6785 | Time: 10.66s
2025-04-18 21:03:56,368 - INFO - P2 (Round 10) - Epoch 3/10 | Loss: 0.8785 | Acc: 0.6785 | Val Loss: 0.8784 | Val Acc: 0.6785 | Time: 9.67s
2025-04-18 21:04:05,927 - INFO - P2 (Round 10) - Epoch 4/10 | Loss: 0.8784 | Acc: 0.6785 | Val Loss: 0.8779 | Val Acc: 0.6785 | Time: 9.56s
2025-04-18 21:04:15,672 - INFO - P2 (Round 10) - Epoch 5/10 | Loss: 0.8784 | Acc: 0.6785 | Val Loss: 0.8780 | Val Acc: 0.6785 | Time: 9.75s
2025-04-18 21:04:25,459 - INFO - P2 (Round 10) - Epoch 6/10 | Loss: 0.8784 | Acc: 0.6785 | Val Loss: 0.8784 | Val Acc: 0.6785 | Time: 9.79s
2025-04-18 21:04:35,829 - INFO - P2 (Round 10) - Epoch 7/10 | Loss: 0.8784 | Acc: 0.6785 | Val Loss: 0.8781 | Val Acc: 0.6785 | Time: 10.37s
2025-04-18 21:04:47,062 - INFO - P2 (Round 10) - Epoch 8/10 | Loss: 0.8784 | Acc: 0.6785 | Val Loss: 0.8779 | Val Acc: 0.6785 | Time: 11.23s
2025-04-18 21:04:56,912 - INFO - P2 (Round 10) - Epoch 9/10 | Loss: 0.8783 | Acc: 0.6785 | Val Loss: 0.8778 | Val Acc: 0.6785 | Time: 9.85s
2025-04-18 21:05:06,613 - INFO - P2 (Round 10) - Epoch 10/10 | Loss: 0.8784 | Acc: 0.6785 | Val Loss: 0.8788 | Val Acc: 0.6785 | Time: 9.70s
2025-04-18 21:05:08,947 - INFO - Round 10 completed in 226.86s
2025-04-18 21:05:08,947 - INFO - Global Model - P1 Test: Loss = 5.0554, Accuracy = 0.2609
2025-04-18 21:05:08,947 - INFO - Global Model - P2 Test: Loss = 1.8045, Accuracy = 0.5800
2025-04-18 21:05:11,283 - INFO - Final Results after 10 rounds:
2025-04-18 21:05:11,283 - INFO - Global Model - P1 Test: Loss = 5.0554, Accuracy = 0.2609
2025-04-18 21:05:11,283 - INFO - Global Model - P2 Test: Loss = 1.8045, Accuracy = 0.5800
2025-04-18 21:05:11,294 - INFO - Experiment 112 results saved to results/suppression_experiments/exp_112_p1f7_p2f1.json
