2025-04-18 22:23:52,817 - INFO - Starting Suppression Experiment 120
2025-04-18 22:23:52,817 - INFO - P1 Features (6/14): ['protocol', 'bidirectional_min_ps', 'bidirectional_mean_ps', 'bidirectional_stddev_ps', 'bidirectional_max_ps', 'src2dst_stddev_ps']
2025-04-18 22:23:52,817 - INFO - P2 Features (7/14): ['protocol', 'bidirectional_min_ps', 'bidirectional_mean_ps', 'bidirectional_stddev_ps', 'bidirectional_max_ps', 'src2dst_stddev_ps', 'src2dst_max_ps']
2025-04-18 22:24:04,807 - INFO - P1 (Round 1) - Epoch 1/10 | Loss: 0.1752 | Acc: 0.9488 | Val Loss: 0.0585 | Val Acc: 0.9824 | Time: 11.87s
2025-04-18 22:24:17,145 - INFO - P1 (Round 1) - Epoch 2/10 | Loss: 0.0468 | Acc: 0.9864 | Val Loss: 0.0416 | Val Acc: 0.9886 | Time: 12.34s
2025-04-18 22:24:29,588 - INFO - P1 (Round 1) - Epoch 3/10 | Loss: 0.0380 | Acc: 0.9892 | Val Loss: 0.0360 | Val Acc: 0.9894 | Time: 12.44s
2025-04-18 22:24:41,480 - INFO - P1 (Round 1) - Epoch 4/10 | Loss: 0.0344 | Acc: 0.9903 | Val Loss: 0.0333 | Val Acc: 0.9907 | Time: 11.89s
2025-04-18 22:24:54,014 - INFO - P1 (Round 1) - Epoch 5/10 | Loss: 0.0323 | Acc: 0.9910 | Val Loss: 0.0315 | Val Acc: 0.9917 | Time: 12.53s
2025-04-18 22:25:05,939 - INFO - P1 (Round 1) - Epoch 6/10 | Loss: 0.0307 | Acc: 0.9914 | Val Loss: 0.0303 | Val Acc: 0.9916 | Time: 11.92s
2025-04-18 22:25:17,657 - INFO - P1 (Round 1) - Epoch 7/10 | Loss: 0.0296 | Acc: 0.9917 | Val Loss: 0.0298 | Val Acc: 0.9914 | Time: 11.72s
2025-04-18 22:25:30,398 - INFO - P1 (Round 1) - Epoch 8/10 | Loss: 0.0286 | Acc: 0.9919 | Val Loss: 0.0289 | Val Acc: 0.9914 | Time: 12.74s
2025-04-18 22:25:42,780 - INFO - P1 (Round 1) - Epoch 9/10 | Loss: 0.0280 | Acc: 0.9920 | Val Loss: 0.0281 | Val Acc: 0.9916 | Time: 12.38s
2025-04-18 22:25:54,659 - INFO - P1 (Round 1) - Epoch 10/10 | Loss: 0.0274 | Acc: 0.9922 | Val Loss: 0.0275 | Val Acc: 0.9922 | Time: 11.88s
2025-04-18 22:26:06,283 - INFO - P2 (Round 1) - Epoch 1/10 | Loss: 0.3944 | Acc: 0.8388 | Val Loss: 0.2869 | Val Acc: 0.8830 | Time: 11.62s
2025-04-18 22:26:17,697 - INFO - P2 (Round 1) - Epoch 2/10 | Loss: 0.2710 | Acc: 0.8888 | Val Loss: 0.2598 | Val Acc: 0.8934 | Time: 11.41s
2025-04-18 22:26:29,202 - INFO - P2 (Round 1) - Epoch 3/10 | Loss: 0.2290 | Acc: 0.9077 | Val Loss: 0.1616 | Val Acc: 0.9451 | Time: 11.51s
2025-04-18 22:26:41,645 - INFO - P2 (Round 1) - Epoch 4/10 | Loss: 0.1372 | Acc: 0.9527 | Val Loss: 0.1249 | Val Acc: 0.9569 | Time: 12.44s
2025-04-18 22:26:53,469 - INFO - P2 (Round 1) - Epoch 5/10 | Loss: 0.1202 | Acc: 0.9571 | Val Loss: 0.1153 | Val Acc: 0.9591 | Time: 11.82s
2025-04-18 22:27:05,216 - INFO - P2 (Round 1) - Epoch 6/10 | Loss: 0.1130 | Acc: 0.9586 | Val Loss: 0.1081 | Val Acc: 0.9599 | Time: 11.75s
2025-04-18 22:27:16,715 - INFO - P2 (Round 1) - Epoch 7/10 | Loss: 0.1078 | Acc: 0.9599 | Val Loss: 0.1041 | Val Acc: 0.9624 | Time: 11.50s
2025-04-18 22:27:28,221 - INFO - P2 (Round 1) - Epoch 8/10 | Loss: 0.1038 | Acc: 0.9617 | Val Loss: 0.0997 | Val Acc: 0.9639 | Time: 11.51s
2025-04-18 22:27:39,595 - INFO - P2 (Round 1) - Epoch 9/10 | Loss: 0.0991 | Acc: 0.9641 | Val Loss: 0.0953 | Val Acc: 0.9654 | Time: 11.37s
2025-04-18 22:27:51,795 - INFO - P2 (Round 1) - Epoch 10/10 | Loss: 0.0915 | Acc: 0.9678 | Val Loss: 0.0851 | Val Acc: 0.9707 | Time: 12.20s
2025-04-18 22:27:54,513 - INFO - Round 1 completed in 241.58s
2025-04-18 22:27:54,513 - INFO - Global Model - P1 Test: Loss = 8.0553, Accuracy = 0.1050
2025-04-18 22:27:54,513 - INFO - Global Model - P2 Test: Loss = 6.4017, Accuracy = 0.5499
2025-04-18 22:28:06,809 - INFO - P1 (Round 2) - Epoch 1/10 | Loss: 0.2029 | Acc: 0.9569 | Val Loss: 0.0599 | Val Acc: 0.9831 | Time: 12.29s
2025-04-18 22:28:18,563 - INFO - P1 (Round 2) - Epoch 2/10 | Loss: 0.0460 | Acc: 0.9866 | Val Loss: 0.0379 | Val Acc: 0.9880 | Time: 11.75s
2025-04-18 22:28:30,310 - INFO - P1 (Round 2) - Epoch 3/10 | Loss: 0.0349 | Acc: 0.9899 | Val Loss: 0.0329 | Val Acc: 0.9907 | Time: 11.75s
2025-04-18 22:28:42,541 - INFO - P1 (Round 2) - Epoch 4/10 | Loss: 0.0317 | Acc: 0.9910 | Val Loss: 0.0309 | Val Acc: 0.9915 | Time: 12.23s
2025-04-18 22:28:54,734 - INFO - P1 (Round 2) - Epoch 5/10 | Loss: 0.0299 | Acc: 0.9916 | Val Loss: 0.0294 | Val Acc: 0.9921 | Time: 12.19s
2025-04-18 22:29:07,457 - INFO - P1 (Round 2) - Epoch 6/10 | Loss: 0.0288 | Acc: 0.9919 | Val Loss: 0.0284 | Val Acc: 0.9917 | Time: 12.72s
2025-04-18 22:29:19,557 - INFO - P1 (Round 2) - Epoch 7/10 | Loss: 0.0280 | Acc: 0.9920 | Val Loss: 0.0275 | Val Acc: 0.9921 | Time: 12.10s
2025-04-18 22:29:31,404 - INFO - P1 (Round 2) - Epoch 8/10 | Loss: 0.0272 | Acc: 0.9922 | Val Loss: 0.0275 | Val Acc: 0.9919 | Time: 11.85s
2025-04-18 22:29:43,061 - INFO - P1 (Round 2) - Epoch 9/10 | Loss: 0.0266 | Acc: 0.9924 | Val Loss: 0.0262 | Val Acc: 0.9927 | Time: 11.66s
2025-04-18 22:29:54,732 - INFO - P1 (Round 2) - Epoch 10/10 | Loss: 0.0261 | Acc: 0.9925 | Val Loss: 0.0260 | Val Acc: 0.9925 | Time: 11.67s
2025-04-18 22:30:06,398 - INFO - P2 (Round 2) - Epoch 1/10 | Loss: 0.3342 | Acc: 0.8878 | Val Loss: 0.2165 | Val Acc: 0.9179 | Time: 11.67s
2025-04-18 22:30:19,026 - INFO - P2 (Round 2) - Epoch 2/10 | Loss: 0.1899 | Acc: 0.9283 | Val Loss: 0.1730 | Val Acc: 0.9336 | Time: 12.63s
2025-04-18 22:30:31,491 - INFO - P2 (Round 2) - Epoch 3/10 | Loss: 0.1610 | Acc: 0.9388 | Val Loss: 0.1498 | Val Acc: 0.9441 | Time: 12.47s
2025-04-18 22:30:43,381 - INFO - P2 (Round 2) - Epoch 4/10 | Loss: 0.1446 | Acc: 0.9454 | Val Loss: 0.1377 | Val Acc: 0.9479 | Time: 11.89s
2025-04-18 22:30:54,723 - INFO - P2 (Round 2) - Epoch 5/10 | Loss: 0.1352 | Acc: 0.9486 | Val Loss: 0.1306 | Val Acc: 0.9499 | Time: 11.34s
2025-04-18 22:31:06,404 - INFO - P2 (Round 2) - Epoch 6/10 | Loss: 0.1284 | Acc: 0.9511 | Val Loss: 0.1226 | Val Acc: 0.9545 | Time: 11.68s
2025-04-18 22:31:17,782 - INFO - P2 (Round 2) - Epoch 7/10 | Loss: 0.1162 | Acc: 0.9578 | Val Loss: 0.1077 | Val Acc: 0.9624 | Time: 11.38s
2025-04-18 22:31:30,336 - INFO - P2 (Round 2) - Epoch 8/10 | Loss: 0.1037 | Acc: 0.9631 | Val Loss: 0.1002 | Val Acc: 0.9639 | Time: 12.55s
2025-04-18 22:31:42,690 - INFO - P2 (Round 2) - Epoch 9/10 | Loss: 0.0988 | Acc: 0.9648 | Val Loss: 0.0956 | Val Acc: 0.9661 | Time: 12.35s
2025-04-18 22:31:54,552 - INFO - P2 (Round 2) - Epoch 10/10 | Loss: 0.0962 | Acc: 0.9657 | Val Loss: 0.0939 | Val Acc: 0.9660 | Time: 11.86s
2025-04-18 22:31:57,033 - INFO - Round 2 completed in 242.52s
2025-04-18 22:31:57,033 - INFO - Global Model - P1 Test: Loss = 6.7504, Accuracy = 0.0807
2025-04-18 22:31:57,033 - INFO - Global Model - P2 Test: Loss = 4.0324, Accuracy = 0.3961
2025-04-18 22:32:08,757 - INFO - P1 (Round 3) - Epoch 1/10 | Loss: 0.1266 | Acc: 0.9677 | Val Loss: 0.0494 | Val Acc: 0.9851 | Time: 11.72s
2025-04-18 22:32:20,774 - INFO - P1 (Round 3) - Epoch 2/10 | Loss: 0.0434 | Acc: 0.9869 | Val Loss: 0.0382 | Val Acc: 0.9887 | Time: 12.02s
2025-04-18 22:32:32,661 - INFO - P1 (Round 3) - Epoch 3/10 | Loss: 0.0366 | Acc: 0.9889 | Val Loss: 0.0346 | Val Acc: 0.9894 | Time: 11.89s
2025-04-18 22:32:45,636 - INFO - P1 (Round 3) - Epoch 4/10 | Loss: 0.0344 | Acc: 0.9895 | Val Loss: 0.0342 | Val Acc: 0.9895 | Time: 12.97s
2025-04-18 22:32:56,127 - INFO - P1 (Round 3) - Epoch 5/10 | Loss: 0.0328 | Acc: 0.9901 | Val Loss: 0.0313 | Val Acc: 0.9900 | Time: 10.49s
2025-04-18 22:33:05,880 - INFO - P1 (Round 3) - Epoch 6/10 | Loss: 0.0314 | Acc: 0.9905 | Val Loss: 0.0301 | Val Acc: 0.9911 | Time: 9.75s
2025-04-18 22:33:15,838 - INFO - P1 (Round 3) - Epoch 7/10 | Loss: 0.0302 | Acc: 0.9910 | Val Loss: 0.0289 | Val Acc: 0.9916 | Time: 9.96s
2025-04-18 22:33:25,579 - INFO - P1 (Round 3) - Epoch 8/10 | Loss: 0.0288 | Acc: 0.9917 | Val Loss: 0.0282 | Val Acc: 0.9922 | Time: 9.74s
2025-04-18 22:33:35,900 - INFO - P1 (Round 3) - Epoch 9/10 | Loss: 0.0280 | Acc: 0.9919 | Val Loss: 0.0279 | Val Acc: 0.9912 | Time: 10.32s
2025-04-18 22:33:46,218 - INFO - P1 (Round 3) - Epoch 10/10 | Loss: 0.0273 | Acc: 0.9922 | Val Loss: 0.0280 | Val Acc: 0.9922 | Time: 10.32s
2025-04-18 22:33:57,451 - INFO - P2 (Round 3) - Epoch 1/10 | Loss: 0.1930 | Acc: 0.9315 | Val Loss: 0.1225 | Val Acc: 0.9550 | Time: 11.23s
2025-04-18 22:34:07,152 - INFO - P2 (Round 3) - Epoch 2/10 | Loss: 0.1146 | Acc: 0.9571 | Val Loss: 0.1091 | Val Acc: 0.9582 | Time: 9.70s
2025-04-18 22:34:16,779 - INFO - P2 (Round 3) - Epoch 3/10 | Loss: 0.1058 | Acc: 0.9608 | Val Loss: 0.1031 | Val Acc: 0.9627 | Time: 9.63s
2025-04-18 22:34:26,471 - INFO - P2 (Round 3) - Epoch 4/10 | Loss: 0.1004 | Acc: 0.9636 | Val Loss: 0.0981 | Val Acc: 0.9648 | Time: 9.69s
2025-04-18 22:34:36,260 - INFO - P2 (Round 3) - Epoch 5/10 | Loss: 0.0963 | Acc: 0.9659 | Val Loss: 0.0981 | Val Acc: 0.9657 | Time: 9.79s
2025-04-18 22:34:46,033 - INFO - P2 (Round 3) - Epoch 6/10 | Loss: 0.0923 | Acc: 0.9680 | Val Loss: 0.0908 | Val Acc: 0.9681 | Time: 9.77s
2025-04-18 22:34:55,685 - INFO - P2 (Round 3) - Epoch 7/10 | Loss: 0.0891 | Acc: 0.9693 | Val Loss: 0.0890 | Val Acc: 0.9687 | Time: 9.65s
2025-04-18 22:35:07,324 - INFO - P2 (Round 3) - Epoch 8/10 | Loss: 0.0872 | Acc: 0.9700 | Val Loss: 0.0882 | Val Acc: 0.9698 | Time: 11.64s
2025-04-18 22:35:17,032 - INFO - P2 (Round 3) - Epoch 9/10 | Loss: 0.0857 | Acc: 0.9705 | Val Loss: 0.0845 | Val Acc: 0.9716 | Time: 9.71s
2025-04-18 22:35:26,700 - INFO - P2 (Round 3) - Epoch 10/10 | Loss: 0.0844 | Acc: 0.9708 | Val Loss: 0.0841 | Val Acc: 0.9708 | Time: 9.67s
2025-04-18 22:35:29,033 - INFO - Round 3 completed in 212.00s
2025-04-18 22:35:29,034 - INFO - Global Model - P1 Test: Loss = 3.4681, Accuracy = 0.3598
2025-04-18 22:35:29,034 - INFO - Global Model - P2 Test: Loss = 1.3087, Accuracy = 0.5708
2025-04-18 22:35:39,119 - INFO - P1 (Round 4) - Epoch 1/10 | Loss: 0.0721 | Acc: 0.9802 | Val Loss: 0.0403 | Val Acc: 0.9874 | Time: 10.09s
2025-04-18 22:35:49,074 - INFO - P1 (Round 4) - Epoch 2/10 | Loss: 0.0373 | Acc: 0.9887 | Val Loss: 0.0337 | Val Acc: 0.9899 | Time: 9.95s
2025-04-18 22:35:58,759 - INFO - P1 (Round 4) - Epoch 3/10 | Loss: 0.0322 | Acc: 0.9904 | Val Loss: 0.0302 | Val Acc: 0.9912 | Time: 9.68s
2025-04-18 22:36:08,836 - INFO - P1 (Round 4) - Epoch 4/10 | Loss: 0.0297 | Acc: 0.9913 | Val Loss: 0.0291 | Val Acc: 0.9923 | Time: 10.08s
2025-04-18 22:36:20,396 - INFO - P1 (Round 4) - Epoch 5/10 | Loss: 0.0279 | Acc: 0.9920 | Val Loss: 0.0273 | Val Acc: 0.9926 | Time: 11.56s
2025-04-18 22:36:30,268 - INFO - P1 (Round 4) - Epoch 6/10 | Loss: 0.0267 | Acc: 0.9924 | Val Loss: 0.0257 | Val Acc: 0.9929 | Time: 9.87s
2025-04-18 22:36:40,308 - INFO - P1 (Round 4) - Epoch 7/10 | Loss: 0.0259 | Acc: 0.9928 | Val Loss: 0.0248 | Val Acc: 0.9934 | Time: 10.04s
2025-04-18 22:36:50,264 - INFO - P1 (Round 4) - Epoch 8/10 | Loss: 0.0249 | Acc: 0.9930 | Val Loss: 0.0247 | Val Acc: 0.9935 | Time: 9.96s
2025-04-18 22:37:00,499 - INFO - P1 (Round 4) - Epoch 9/10 | Loss: 0.0243 | Acc: 0.9933 | Val Loss: 0.0248 | Val Acc: 0.9929 | Time: 10.23s
2025-04-18 22:37:10,687 - INFO - P1 (Round 4) - Epoch 10/10 | Loss: 0.0237 | Acc: 0.9935 | Val Loss: 0.0234 | Val Acc: 0.9942 | Time: 10.19s
2025-04-18 22:37:20,680 - INFO - P2 (Round 4) - Epoch 1/10 | Loss: 0.1602 | Acc: 0.9400 | Val Loss: 0.1262 | Val Acc: 0.9540 | Time: 9.99s
2025-04-18 22:37:31,802 - INFO - P2 (Round 4) - Epoch 2/10 | Loss: 0.1204 | Acc: 0.9562 | Val Loss: 0.1131 | Val Acc: 0.9596 | Time: 11.12s
2025-04-18 22:37:41,735 - INFO - P2 (Round 4) - Epoch 3/10 | Loss: 0.1097 | Acc: 0.9604 | Val Loss: 0.1066 | Val Acc: 0.9624 | Time: 9.93s
2025-04-18 22:37:51,592 - INFO - P2 (Round 4) - Epoch 4/10 | Loss: 0.1042 | Acc: 0.9625 | Val Loss: 0.1017 | Val Acc: 0.9635 | Time: 9.86s
2025-04-18 22:38:01,405 - INFO - P2 (Round 4) - Epoch 5/10 | Loss: 0.0999 | Acc: 0.9646 | Val Loss: 0.0954 | Val Acc: 0.9666 | Time: 9.81s
2025-04-18 22:38:11,459 - INFO - P2 (Round 4) - Epoch 6/10 | Loss: 0.0942 | Acc: 0.9669 | Val Loss: 0.0914 | Val Acc: 0.9682 | Time: 10.05s
2025-04-18 22:38:21,122 - INFO - P2 (Round 4) - Epoch 7/10 | Loss: 0.0899 | Acc: 0.9688 | Val Loss: 0.0863 | Val Acc: 0.9713 | Time: 9.66s
2025-04-18 22:38:30,923 - INFO - P2 (Round 4) - Epoch 8/10 | Loss: 0.0862 | Acc: 0.9706 | Val Loss: 0.0846 | Val Acc: 0.9719 | Time: 9.80s
2025-04-18 22:38:42,222 - INFO - P2 (Round 4) - Epoch 9/10 | Loss: 0.0842 | Acc: 0.9712 | Val Loss: 0.0834 | Val Acc: 0.9707 | Time: 11.30s
2025-04-18 22:38:52,183 - INFO - P2 (Round 4) - Epoch 10/10 | Loss: 0.0826 | Acc: 0.9713 | Val Loss: 0.0830 | Val Acc: 0.9697 | Time: 9.96s
2025-04-18 22:38:54,421 - INFO - Round 4 completed in 205.39s
2025-04-18 22:38:54,422 - INFO - Global Model - P1 Test: Loss = 2.2005, Accuracy = 0.5040
2025-04-18 22:38:54,422 - INFO - Global Model - P2 Test: Loss = 0.7593, Accuracy = 0.7709
2025-04-18 22:39:04,326 - INFO - P1 (Round 5) - Epoch 1/10 | Loss: 0.0639 | Acc: 0.9826 | Val Loss: 0.0368 | Val Acc: 0.9886 | Time: 9.90s
2025-04-18 22:39:14,171 - INFO - P1 (Round 5) - Epoch 2/10 | Loss: 0.0335 | Acc: 0.9900 | Val Loss: 0.0306 | Val Acc: 0.9910 | Time: 9.85s
2025-04-18 22:39:24,018 - INFO - P1 (Round 5) - Epoch 3/10 | Loss: 0.0308 | Acc: 0.9909 | Val Loss: 0.0286 | Val Acc: 0.9913 | Time: 9.85s
2025-04-18 22:39:33,886 - INFO - P1 (Round 5) - Epoch 4/10 | Loss: 0.0282 | Acc: 0.9919 | Val Loss: 0.0268 | Val Acc: 0.9927 | Time: 9.87s
2025-04-18 22:39:44,380 - INFO - P1 (Round 5) - Epoch 5/10 | Loss: 0.0264 | Acc: 0.9926 | Val Loss: 0.0270 | Val Acc: 0.9919 | Time: 10.49s
2025-04-18 22:39:55,684 - INFO - P1 (Round 5) - Epoch 6/10 | Loss: 0.0254 | Acc: 0.9929 | Val Loss: 0.0249 | Val Acc: 0.9928 | Time: 11.30s
2025-04-18 22:40:05,812 - INFO - P1 (Round 5) - Epoch 7/10 | Loss: 0.0247 | Acc: 0.9933 | Val Loss: 0.0243 | Val Acc: 0.9934 | Time: 10.13s
2025-04-18 22:40:15,550 - INFO - P1 (Round 5) - Epoch 8/10 | Loss: 0.0241 | Acc: 0.9936 | Val Loss: 0.0239 | Val Acc: 0.9940 | Time: 9.74s
2025-04-18 22:40:25,562 - INFO - P1 (Round 5) - Epoch 9/10 | Loss: 0.0234 | Acc: 0.9938 | Val Loss: 0.0246 | Val Acc: 0.9934 | Time: 10.01s
2025-04-18 22:40:35,445 - INFO - P1 (Round 5) - Epoch 10/10 | Loss: 0.0227 | Acc: 0.9939 | Val Loss: 0.0223 | Val Acc: 0.9944 | Time: 9.88s
2025-04-18 22:40:45,135 - INFO - P2 (Round 5) - Epoch 1/10 | Loss: 0.1417 | Acc: 0.9471 | Val Loss: 0.1105 | Val Acc: 0.9596 | Time: 9.69s
2025-04-18 22:40:55,270 - INFO - P2 (Round 5) - Epoch 2/10 | Loss: 0.1094 | Acc: 0.9602 | Val Loss: 0.1041 | Val Acc: 0.9621 | Time: 10.13s
2025-04-18 22:41:06,430 - INFO - P2 (Round 5) - Epoch 3/10 | Loss: 0.1012 | Acc: 0.9640 | Val Loss: 0.0976 | Val Acc: 0.9672 | Time: 11.16s
2025-04-18 22:41:16,172 - INFO - P2 (Round 5) - Epoch 4/10 | Loss: 0.0958 | Acc: 0.9663 | Val Loss: 0.0928 | Val Acc: 0.9675 | Time: 9.74s
2025-04-18 22:41:25,982 - INFO - P2 (Round 5) - Epoch 5/10 | Loss: 0.0935 | Acc: 0.9669 | Val Loss: 0.0946 | Val Acc: 0.9664 | Time: 9.81s
2025-04-18 22:41:35,672 - INFO - P2 (Round 5) - Epoch 6/10 | Loss: 0.0892 | Acc: 0.9689 | Val Loss: 0.0876 | Val Acc: 0.9692 | Time: 9.69s
2025-04-18 22:41:45,407 - INFO - P2 (Round 5) - Epoch 7/10 | Loss: 0.0851 | Acc: 0.9706 | Val Loss: 0.0832 | Val Acc: 0.9713 | Time: 9.74s
2025-04-18 22:41:55,089 - INFO - P2 (Round 5) - Epoch 8/10 | Loss: 0.0830 | Acc: 0.9711 | Val Loss: 0.0813 | Val Acc: 0.9716 | Time: 9.68s
2025-04-18 22:42:04,868 - INFO - P2 (Round 5) - Epoch 9/10 | Loss: 0.0820 | Acc: 0.9714 | Val Loss: 0.0820 | Val Acc: 0.9724 | Time: 9.78s
2025-04-18 22:42:16,344 - INFO - P2 (Round 5) - Epoch 10/10 | Loss: 0.0813 | Acc: 0.9714 | Val Loss: 0.0825 | Val Acc: 0.9714 | Time: 11.48s
2025-04-18 22:42:18,617 - INFO - Round 5 completed in 204.20s
2025-04-18 22:42:18,617 - INFO - Global Model - P1 Test: Loss = 1.8880, Accuracy = 0.6040
2025-04-18 22:42:18,617 - INFO - Global Model - P2 Test: Loss = 1.0745, Accuracy = 0.6574
2025-04-18 22:42:28,958 - INFO - P1 (Round 6) - Epoch 1/10 | Loss: 0.0502 | Acc: 0.9862 | Val Loss: 0.0342 | Val Acc: 0.9909 | Time: 10.34s
2025-04-18 22:42:39,027 - INFO - P1 (Round 6) - Epoch 2/10 | Loss: 0.0282 | Acc: 0.9919 | Val Loss: 0.0274 | Val Acc: 0.9929 | Time: 10.07s
2025-04-18 22:42:49,059 - INFO - P1 (Round 6) - Epoch 3/10 | Loss: 0.0256 | Acc: 0.9929 | Val Loss: 0.0250 | Val Acc: 0.9932 | Time: 10.03s
2025-04-18 22:42:58,965 - INFO - P1 (Round 6) - Epoch 4/10 | Loss: 0.0248 | Acc: 0.9932 | Val Loss: 0.0247 | Val Acc: 0.9931 | Time: 9.91s
2025-04-18 22:43:09,121 - INFO - P1 (Round 6) - Epoch 5/10 | Loss: 0.0240 | Acc: 0.9934 | Val Loss: 0.0239 | Val Acc: 0.9939 | Time: 10.16s
2025-04-18 22:43:19,725 - INFO - P1 (Round 6) - Epoch 6/10 | Loss: 0.0234 | Acc: 0.9936 | Val Loss: 0.0224 | Val Acc: 0.9941 | Time: 10.60s
2025-04-18 22:43:34,390 - INFO - P1 (Round 6) - Epoch 7/10 | Loss: 0.0225 | Acc: 0.9939 | Val Loss: 0.0230 | Val Acc: 0.9939 | Time: 14.67s
2025-04-18 22:43:47,195 - INFO - P1 (Round 6) - Epoch 8/10 | Loss: 0.0218 | Acc: 0.9941 | Val Loss: 0.0222 | Val Acc: 0.9939 | Time: 12.80s
2025-04-18 22:43:57,813 - INFO - P1 (Round 6) - Epoch 9/10 | Loss: 0.0214 | Acc: 0.9943 | Val Loss: 0.0212 | Val Acc: 0.9946 | Time: 10.62s
2025-04-18 22:44:10,629 - INFO - P1 (Round 6) - Epoch 10/10 | Loss: 0.0211 | Acc: 0.9944 | Val Loss: 0.0212 | Val Acc: 0.9947 | Time: 12.82s
2025-04-18 22:44:22,945 - INFO - P2 (Round 6) - Epoch 1/10 | Loss: 0.1367 | Acc: 0.9487 | Val Loss: 0.1081 | Val Acc: 0.9601 | Time: 12.31s
2025-04-18 22:44:36,559 - INFO - P2 (Round 6) - Epoch 2/10 | Loss: 0.1079 | Acc: 0.9606 | Val Loss: 0.1038 | Val Acc: 0.9620 | Time: 13.61s
2025-04-18 22:44:49,250 - INFO - P2 (Round 6) - Epoch 3/10 | Loss: 0.1040 | Acc: 0.9622 | Val Loss: 0.0990 | Val Acc: 0.9647 | Time: 12.69s
2025-04-18 22:45:03,253 - INFO - P2 (Round 6) - Epoch 4/10 | Loss: 0.0952 | Acc: 0.9663 | Val Loss: 0.0884 | Val Acc: 0.9686 | Time: 14.00s
2025-04-18 22:45:16,290 - INFO - P2 (Round 6) - Epoch 5/10 | Loss: 0.0866 | Acc: 0.9699 | Val Loss: 0.0831 | Val Acc: 0.9712 | Time: 13.04s
2025-04-18 22:45:30,284 - INFO - P2 (Round 6) - Epoch 6/10 | Loss: 0.0828 | Acc: 0.9712 | Val Loss: 0.0806 | Val Acc: 0.9721 | Time: 13.99s
2025-04-18 22:45:46,611 - INFO - P2 (Round 6) - Epoch 7/10 | Loss: 0.0815 | Acc: 0.9715 | Val Loss: 0.0798 | Val Acc: 0.9722 | Time: 16.33s
2025-04-18 22:45:59,216 - INFO - P2 (Round 6) - Epoch 8/10 | Loss: 0.0806 | Acc: 0.9718 | Val Loss: 0.0800 | Val Acc: 0.9712 | Time: 12.60s
2025-04-18 22:46:10,769 - INFO - P2 (Round 6) - Epoch 9/10 | Loss: 0.0798 | Acc: 0.9720 | Val Loss: 0.0786 | Val Acc: 0.9722 | Time: 11.55s
2025-04-18 22:46:23,582 - INFO - P2 (Round 6) - Epoch 10/10 | Loss: 0.0794 | Acc: 0.9719 | Val Loss: 0.0793 | Val Acc: 0.9726 | Time: 12.81s
2025-04-18 22:46:26,509 - INFO - Round 6 completed in 247.89s
2025-04-18 22:46:26,509 - INFO - Global Model - P1 Test: Loss = 2.0565, Accuracy = 0.6370
2025-04-18 22:46:26,509 - INFO - Global Model - P2 Test: Loss = 1.1881, Accuracy = 0.6567
2025-04-18 22:46:40,080 - INFO - P1 (Round 7) - Epoch 1/10 | Loss: 0.0478 | Acc: 0.9879 | Val Loss: 0.0266 | Val Acc: 0.9928 | Time: 13.57s
2025-04-18 22:46:55,126 - INFO - P1 (Round 7) - Epoch 2/10 | Loss: 0.0249 | Acc: 0.9933 | Val Loss: 0.0241 | Val Acc: 0.9932 | Time: 15.05s
2025-04-18 22:47:06,834 - INFO - P1 (Round 7) - Epoch 3/10 | Loss: 0.0232 | Acc: 0.9937 | Val Loss: 0.0226 | Val Acc: 0.9940 | Time: 11.71s
2025-04-18 22:47:18,891 - INFO - P1 (Round 7) - Epoch 4/10 | Loss: 0.0223 | Acc: 0.9940 | Val Loss: 0.0224 | Val Acc: 0.9946 | Time: 12.06s
2025-04-18 22:47:31,157 - INFO - P1 (Round 7) - Epoch 5/10 | Loss: 0.0218 | Acc: 0.9942 | Val Loss: 0.0246 | Val Acc: 0.9924 | Time: 12.26s
2025-04-18 22:47:43,680 - INFO - P1 (Round 7) - Epoch 6/10 | Loss: 0.0212 | Acc: 0.9943 | Val Loss: 0.0224 | Val Acc: 0.9934 | Time: 12.52s
2025-04-18 22:47:56,498 - INFO - P1 (Round 7) - Epoch 7/10 | Loss: 0.0207 | Acc: 0.9944 | Val Loss: 0.0203 | Val Acc: 0.9949 | Time: 12.82s
2025-04-18 22:48:09,017 - INFO - P1 (Round 7) - Epoch 8/10 | Loss: 0.0204 | Acc: 0.9945 | Val Loss: 0.0208 | Val Acc: 0.9946 | Time: 12.52s
2025-04-18 22:48:20,965 - INFO - P1 (Round 7) - Epoch 9/10 | Loss: 0.0202 | Acc: 0.9946 | Val Loss: 0.0203 | Val Acc: 0.9948 | Time: 11.95s
2025-04-18 22:48:33,308 - INFO - P1 (Round 7) - Epoch 10/10 | Loss: 0.0198 | Acc: 0.9947 | Val Loss: 0.0193 | Val Acc: 0.9950 | Time: 12.34s
2025-04-18 22:48:45,531 - INFO - P2 (Round 7) - Epoch 1/10 | Loss: 0.1267 | Acc: 0.9511 | Val Loss: 0.1030 | Val Acc: 0.9613 | Time: 12.22s
2025-04-18 22:48:57,382 - INFO - P2 (Round 7) - Epoch 2/10 | Loss: 0.0931 | Acc: 0.9656 | Val Loss: 0.0863 | Val Acc: 0.9699 | Time: 11.85s
2025-04-18 22:49:10,211 - INFO - P2 (Round 7) - Epoch 3/10 | Loss: 0.0847 | Acc: 0.9695 | Val Loss: 0.0825 | Val Acc: 0.9710 | Time: 12.83s
2025-04-18 22:49:22,070 - INFO - P2 (Round 7) - Epoch 4/10 | Loss: 0.0827 | Acc: 0.9702 | Val Loss: 0.0831 | Val Acc: 0.9703 | Time: 11.86s
2025-04-18 22:49:33,547 - INFO - P2 (Round 7) - Epoch 5/10 | Loss: 0.0815 | Acc: 0.9705 | Val Loss: 0.0801 | Val Acc: 0.9711 | Time: 11.48s
2025-04-18 22:49:45,303 - INFO - P2 (Round 7) - Epoch 6/10 | Loss: 0.0805 | Acc: 0.9708 | Val Loss: 0.0823 | Val Acc: 0.9707 | Time: 11.76s
2025-04-18 22:49:57,118 - INFO - P2 (Round 7) - Epoch 7/10 | Loss: 0.0798 | Acc: 0.9711 | Val Loss: 0.0812 | Val Acc: 0.9715 | Time: 11.82s
2025-04-18 22:50:08,971 - INFO - P2 (Round 7) - Epoch 8/10 | Loss: 0.0792 | Acc: 0.9710 | Val Loss: 0.0799 | Val Acc: 0.9716 | Time: 11.85s
2025-04-18 22:50:20,969 - INFO - P2 (Round 7) - Epoch 9/10 | Loss: 0.0783 | Acc: 0.9715 | Val Loss: 0.0772 | Val Acc: 0.9723 | Time: 12.00s
2025-04-18 22:50:33,107 - INFO - P2 (Round 7) - Epoch 10/10 | Loss: 0.0778 | Acc: 0.9716 | Val Loss: 0.0823 | Val Acc: 0.9690 | Time: 12.14s
2025-04-18 22:50:35,682 - INFO - Round 7 completed in 249.17s
2025-04-18 22:50:35,682 - INFO - Global Model - P1 Test: Loss = 5.3394, Accuracy = 0.4702
2025-04-18 22:50:35,683 - INFO - Global Model - P2 Test: Loss = 2.9936, Accuracy = 0.6926
2025-04-18 22:50:47,961 - INFO - P1 (Round 8) - Epoch 1/10 | Loss: 0.0706 | Acc: 0.9848 | Val Loss: 0.0261 | Val Acc: 0.9926 | Time: 12.28s
2025-04-18 22:51:00,216 - INFO - P1 (Round 8) - Epoch 2/10 | Loss: 0.0242 | Acc: 0.9933 | Val Loss: 0.0225 | Val Acc: 0.9942 | Time: 12.26s
2025-04-18 22:51:12,385 - INFO - P1 (Round 8) - Epoch 3/10 | Loss: 0.0224 | Acc: 0.9940 | Val Loss: 0.0221 | Val Acc: 0.9939 | Time: 12.17s
2025-04-18 22:51:24,103 - INFO - P1 (Round 8) - Epoch 4/10 | Loss: 0.0216 | Acc: 0.9942 | Val Loss: 0.0224 | Val Acc: 0.9943 | Time: 11.72s
2025-04-18 22:51:36,841 - INFO - P1 (Round 8) - Epoch 5/10 | Loss: 0.0211 | Acc: 0.9944 | Val Loss: 0.0213 | Val Acc: 0.9941 | Time: 12.74s
2025-04-18 22:51:48,890 - INFO - P1 (Round 8) - Epoch 6/10 | Loss: 0.0205 | Acc: 0.9945 | Val Loss: 0.0200 | Val Acc: 0.9948 | Time: 12.05s
2025-04-18 22:52:01,003 - INFO - P1 (Round 8) - Epoch 7/10 | Loss: 0.0201 | Acc: 0.9946 | Val Loss: 0.0200 | Val Acc: 0.9948 | Time: 12.11s
2025-04-18 22:52:13,283 - INFO - P1 (Round 8) - Epoch 8/10 | Loss: 0.0199 | Acc: 0.9947 | Val Loss: 0.0204 | Val Acc: 0.9949 | Time: 12.28s
2025-04-18 22:52:25,243 - INFO - P1 (Round 8) - Epoch 9/10 | Loss: 0.0195 | Acc: 0.9948 | Val Loss: 0.0212 | Val Acc: 0.9945 | Time: 11.96s
2025-04-18 22:52:37,708 - INFO - P1 (Round 8) - Epoch 10/10 | Loss: 0.0193 | Acc: 0.9949 | Val Loss: 0.0192 | Val Acc: 0.9950 | Time: 12.46s
2025-04-18 22:52:51,802 - INFO - P2 (Round 8) - Epoch 1/10 | Loss: 0.1057 | Acc: 0.9641 | Val Loss: 0.0843 | Val Acc: 0.9699 | Time: 14.09s
2025-04-18 22:53:03,340 - INFO - P2 (Round 8) - Epoch 2/10 | Loss: 0.0831 | Acc: 0.9705 | Val Loss: 0.0811 | Val Acc: 0.9713 | Time: 11.54s
2025-04-18 22:53:15,049 - INFO - P2 (Round 8) - Epoch 3/10 | Loss: 0.0804 | Acc: 0.9711 | Val Loss: 0.0787 | Val Acc: 0.9717 | Time: 11.71s
2025-04-18 22:53:26,711 - INFO - P2 (Round 8) - Epoch 4/10 | Loss: 0.0790 | Acc: 0.9715 | Val Loss: 0.0783 | Val Acc: 0.9726 | Time: 11.66s
2025-04-18 22:53:38,145 - INFO - P2 (Round 8) - Epoch 5/10 | Loss: 0.0779 | Acc: 0.9717 | Val Loss: 0.0768 | Val Acc: 0.9726 | Time: 11.43s
2025-04-18 22:53:49,774 - INFO - P2 (Round 8) - Epoch 6/10 | Loss: 0.0775 | Acc: 0.9719 | Val Loss: 0.0776 | Val Acc: 0.9717 | Time: 11.63s
2025-04-18 22:54:02,233 - INFO - P2 (Round 8) - Epoch 7/10 | Loss: 0.0768 | Acc: 0.9719 | Val Loss: 0.0763 | Val Acc: 0.9726 | Time: 12.46s
2025-04-18 22:54:13,672 - INFO - P2 (Round 8) - Epoch 8/10 | Loss: 0.0764 | Acc: 0.9721 | Val Loss: 0.0771 | Val Acc: 0.9715 | Time: 11.44s
2025-04-18 22:54:25,025 - INFO - P2 (Round 8) - Epoch 9/10 | Loss: 0.0760 | Acc: 0.9723 | Val Loss: 0.0757 | Val Acc: 0.9725 | Time: 11.35s
2025-04-18 22:54:36,805 - INFO - P2 (Round 8) - Epoch 10/10 | Loss: 0.0756 | Acc: 0.9723 | Val Loss: 0.0765 | Val Acc: 0.9726 | Time: 11.78s
2025-04-18 22:54:39,249 - INFO - Round 8 completed in 243.57s
2025-04-18 22:54:39,249 - INFO - Global Model - P1 Test: Loss = 7.9430, Accuracy = 0.4207
2025-04-18 22:54:39,249 - INFO - Global Model - P2 Test: Loss = 0.5648, Accuracy = 0.8411
2025-04-18 22:54:51,216 - INFO - P1 (Round 9) - Epoch 1/10 | Loss: 0.0856 | Acc: 0.9847 | Val Loss: 0.0277 | Val Acc: 0.9931 | Time: 11.97s
2025-04-18 22:55:03,505 - INFO - P1 (Round 9) - Epoch 2/10 | Loss: 0.0245 | Acc: 0.9933 | Val Loss: 0.0232 | Val Acc: 0.9937 | Time: 12.29s
2025-04-18 22:55:16,046 - INFO - P1 (Round 9) - Epoch 3/10 | Loss: 0.0225 | Acc: 0.9939 | Val Loss: 0.0216 | Val Acc: 0.9941 | Time: 12.54s
2025-04-18 22:55:28,141 - INFO - P1 (Round 9) - Epoch 4/10 | Loss: 0.0214 | Acc: 0.9943 | Val Loss: 0.0220 | Val Acc: 0.9942 | Time: 12.10s
2025-04-18 22:55:40,357 - INFO - P1 (Round 9) - Epoch 5/10 | Loss: 0.0207 | Acc: 0.9946 | Val Loss: 0.0201 | Val Acc: 0.9948 | Time: 12.22s
2025-04-18 22:55:52,081 - INFO - P1 (Round 9) - Epoch 6/10 | Loss: 0.0201 | Acc: 0.9947 | Val Loss: 0.0195 | Val Acc: 0.9950 | Time: 11.72s
2025-04-18 22:56:04,043 - INFO - P1 (Round 9) - Epoch 7/10 | Loss: 0.0196 | Acc: 0.9949 | Val Loss: 0.0197 | Val Acc: 0.9952 | Time: 11.96s
2025-04-18 22:56:16,169 - INFO - P1 (Round 9) - Epoch 8/10 | Loss: 0.0191 | Acc: 0.9950 | Val Loss: 0.0193 | Val Acc: 0.9952 | Time: 12.13s
2025-04-18 22:56:28,664 - INFO - P1 (Round 9) - Epoch 9/10 | Loss: 0.0186 | Acc: 0.9952 | Val Loss: 0.0190 | Val Acc: 0.9952 | Time: 12.50s
2025-04-18 22:56:40,254 - INFO - P1 (Round 9) - Epoch 10/10 | Loss: 0.0183 | Acc: 0.9953 | Val Loss: 0.0185 | Val Acc: 0.9954 | Time: 11.59s
2025-04-18 22:56:52,193 - INFO - P2 (Round 9) - Epoch 1/10 | Loss: 0.0930 | Acc: 0.9666 | Val Loss: 0.0840 | Val Acc: 0.9692 | Time: 11.94s
2025-04-18 22:57:03,607 - INFO - P2 (Round 9) - Epoch 2/10 | Loss: 0.0828 | Acc: 0.9700 | Val Loss: 0.0804 | Val Acc: 0.9695 | Time: 11.41s
2025-04-18 22:57:15,077 - INFO - P2 (Round 9) - Epoch 3/10 | Loss: 0.0787 | Acc: 0.9714 | Val Loss: 0.0766 | Val Acc: 0.9721 | Time: 11.47s
2025-04-18 22:57:27,091 - INFO - P2 (Round 9) - Epoch 4/10 | Loss: 0.0770 | Acc: 0.9720 | Val Loss: 0.0758 | Val Acc: 0.9726 | Time: 12.01s
2025-04-18 22:57:39,278 - INFO - P2 (Round 9) - Epoch 5/10 | Loss: 0.0762 | Acc: 0.9722 | Val Loss: 0.0757 | Val Acc: 0.9730 | Time: 12.19s
2025-04-18 22:57:50,932 - INFO - P2 (Round 9) - Epoch 6/10 | Loss: 0.0757 | Acc: 0.9722 | Val Loss: 0.0756 | Val Acc: 0.9725 | Time: 11.65s
2025-04-18 22:58:02,468 - INFO - P2 (Round 9) - Epoch 7/10 | Loss: 0.0752 | Acc: 0.9725 | Val Loss: 0.0741 | Val Acc: 0.9735 | Time: 11.54s
2025-04-18 22:58:14,310 - INFO - P2 (Round 9) - Epoch 8/10 | Loss: 0.0748 | Acc: 0.9725 | Val Loss: 0.0753 | Val Acc: 0.9713 | Time: 11.84s
2025-04-18 22:58:25,772 - INFO - P2 (Round 9) - Epoch 9/10 | Loss: 0.0745 | Acc: 0.9729 | Val Loss: 0.0737 | Val Acc: 0.9727 | Time: 11.46s
2025-04-18 22:58:37,863 - INFO - P2 (Round 9) - Epoch 10/10 | Loss: 0.0743 | Acc: 0.9727 | Val Loss: 0.0730 | Val Acc: 0.9736 | Time: 12.09s
2025-04-18 22:58:40,616 - INFO - Round 9 completed in 241.37s
2025-04-18 22:58:40,616 - INFO - Global Model - P1 Test: Loss = 5.8664, Accuracy = 0.4540
2025-04-18 22:58:40,616 - INFO - Global Model - P2 Test: Loss = 0.4882, Accuracy = 0.8884
2025-04-18 22:58:52,750 - INFO - P1 (Round 10) - Epoch 1/10 | Loss: 0.0572 | Acc: 0.9879 | Val Loss: 0.0250 | Val Acc: 0.9936 | Time: 12.13s
2025-04-18 22:59:05,735 - INFO - P1 (Round 10) - Epoch 2/10 | Loss: 0.0226 | Acc: 0.9940 | Val Loss: 0.0216 | Val Acc: 0.9945 | Time: 12.98s
2025-04-18 22:59:21,367 - INFO - P1 (Round 10) - Epoch 3/10 | Loss: 0.0214 | Acc: 0.9943 | Val Loss: 0.0206 | Val Acc: 0.9947 | Time: 15.63s
2025-04-18 22:59:33,872 - INFO - P1 (Round 10) - Epoch 4/10 | Loss: 0.0206 | Acc: 0.9945 | Val Loss: 0.0199 | Val Acc: 0.9949 | Time: 12.50s
2025-04-18 22:59:46,589 - INFO - P1 (Round 10) - Epoch 5/10 | Loss: 0.0203 | Acc: 0.9946 | Val Loss: 0.0211 | Val Acc: 0.9949 | Time: 12.72s
2025-04-18 22:59:58,921 - INFO - P1 (Round 10) - Epoch 6/10 | Loss: 0.0200 | Acc: 0.9948 | Val Loss: 0.0200 | Val Acc: 0.9949 | Time: 12.33s
2025-04-18 23:00:08,934 - INFO - P1 (Round 10) - Epoch 7/10 | Loss: 0.0196 | Acc: 0.9948 | Val Loss: 0.0193 | Val Acc: 0.9949 | Time: 10.01s
2025-04-18 23:00:19,181 - INFO - P1 (Round 10) - Epoch 8/10 | Loss: 0.0192 | Acc: 0.9948 | Val Loss: 0.0190 | Val Acc: 0.9950 | Time: 10.25s
2025-04-18 23:00:29,001 - INFO - P1 (Round 10) - Epoch 9/10 | Loss: 0.0188 | Acc: 0.9949 | Val Loss: 0.0187 | Val Acc: 0.9952 | Time: 9.82s
2025-04-18 23:00:38,962 - INFO - P1 (Round 10) - Epoch 10/10 | Loss: 0.0186 | Acc: 0.9949 | Val Loss: 0.0194 | Val Acc: 0.9949 | Time: 9.96s
2025-04-18 23:00:48,601 - INFO - P2 (Round 10) - Epoch 1/10 | Loss: 0.0911 | Acc: 0.9666 | Val Loss: 0.0812 | Val Acc: 0.9695 | Time: 9.64s
2025-04-18 23:00:58,878 - INFO - P2 (Round 10) - Epoch 2/10 | Loss: 0.0814 | Acc: 0.9698 | Val Loss: 0.0831 | Val Acc: 0.9689 | Time: 10.28s
2025-04-18 23:01:09,718 - INFO - P2 (Round 10) - Epoch 3/10 | Loss: 0.0800 | Acc: 0.9704 | Val Loss: 0.0804 | Val Acc: 0.9710 | Time: 10.84s
2025-04-18 23:01:19,373 - INFO - P2 (Round 10) - Epoch 4/10 | Loss: 0.0790 | Acc: 0.9706 | Val Loss: 0.0790 | Val Acc: 0.9706 | Time: 9.66s
2025-04-18 23:01:29,462 - INFO - P2 (Round 10) - Epoch 5/10 | Loss: 0.0784 | Acc: 0.9710 | Val Loss: 0.0777 | Val Acc: 0.9711 | Time: 10.09s
2025-04-18 23:01:40,753 - INFO - P2 (Round 10) - Epoch 6/10 | Loss: 0.0777 | Acc: 0.9711 | Val Loss: 0.0777 | Val Acc: 0.9718 | Time: 11.29s
2025-04-18 23:01:52,264 - INFO - P2 (Round 10) - Epoch 7/10 | Loss: 0.0773 | Acc: 0.9711 | Val Loss: 0.0783 | Val Acc: 0.9713 | Time: 11.51s
2025-04-18 23:02:04,147 - INFO - P2 (Round 10) - Epoch 8/10 | Loss: 0.0768 | Acc: 0.9716 | Val Loss: 0.0767 | Val Acc: 0.9716 | Time: 11.88s
2025-04-18 23:02:16,869 - INFO - P2 (Round 10) - Epoch 9/10 | Loss: 0.0764 | Acc: 0.9717 | Val Loss: 0.0756 | Val Acc: 0.9727 | Time: 12.72s
2025-04-18 23:02:28,545 - INFO - P2 (Round 10) - Epoch 10/10 | Loss: 0.0756 | Acc: 0.9720 | Val Loss: 0.0781 | Val Acc: 0.9710 | Time: 11.68s
2025-04-18 23:02:30,973 - INFO - Round 10 completed in 230.36s
2025-04-18 23:02:30,973 - INFO - Global Model - P1 Test: Loss = 7.9232, Accuracy = 0.3721
2025-04-18 23:02:30,973 - INFO - Global Model - P2 Test: Loss = 0.7805, Accuracy = 0.8145
2025-04-18 23:02:33,468 - INFO - Final Results after 10 rounds:
2025-04-18 23:02:33,468 - INFO - Global Model - P1 Test: Loss = 7.9232, Accuracy = 0.3721
2025-04-18 23:02:33,468 - INFO - Global Model - P2 Test: Loss = 0.7805, Accuracy = 0.8145
2025-04-18 23:02:33,476 - INFO - Experiment 120 results saved to results/suppression_experiments/exp_120_p1f6_p2f7.json
