2025-04-18 16:38:40,246 - INFO - Starting Suppression Experiment 86
2025-04-18 16:38:40,246 - INFO - P1 Features (8/14): ['protocol', 'bidirectional_min_ps', 'bidirectional_mean_ps', 'bidirectional_stddev_ps', 'bidirectional_max_ps', 'src2dst_stddev_ps', 'src2dst_max_ps', 'dst2src_min_ps']
2025-04-18 16:38:40,247 - INFO - P2 Features (13/14): ['protocol', 'bidirectional_min_ps', 'bidirectional_mean_ps', 'bidirectional_stddev_ps', 'bidirectional_max_ps', 'src2dst_stddev_ps', 'src2dst_max_ps', 'dst2src_min_ps', 'dst2src_mean_ps', 'dst2src_stddev_ps', 'dst2src_max_ps', 'bidirectional_stddev_piat_ms', 'bidirectional_max_piat_ms']
2025-04-18 16:38:53,461 - INFO - P1 (Round 1) - Epoch 1/10 | Loss: 0.1526 | Acc: 0.9547 | Val Loss: 0.0398 | Val Acc: 0.9901 | Time: 13.10s
2025-04-18 16:39:05,574 - INFO - P1 (Round 1) - Epoch 2/10 | Loss: 0.0321 | Acc: 0.9915 | Val Loss: 0.0295 | Val Acc: 0.9920 | Time: 12.11s
2025-04-18 16:39:17,847 - INFO - P1 (Round 1) - Epoch 3/10 | Loss: 0.0270 | Acc: 0.9924 | Val Loss: 0.0261 | Val Acc: 0.9925 | Time: 12.27s
2025-04-18 16:39:30,002 - INFO - P1 (Round 1) - Epoch 4/10 | Loss: 0.0248 | Acc: 0.9931 | Val Loss: 0.0245 | Val Acc: 0.9933 | Time: 12.16s
2025-04-18 16:39:41,778 - INFO - P1 (Round 1) - Epoch 5/10 | Loss: 0.0236 | Acc: 0.9935 | Val Loss: 0.0241 | Val Acc: 0.9937 | Time: 11.78s
2025-04-18 16:39:53,864 - INFO - P1 (Round 1) - Epoch 6/10 | Loss: 0.0228 | Acc: 0.9937 | Val Loss: 0.0232 | Val Acc: 0.9935 | Time: 12.09s
2025-04-18 16:40:06,880 - INFO - P1 (Round 1) - Epoch 7/10 | Loss: 0.0221 | Acc: 0.9939 | Val Loss: 0.0239 | Val Acc: 0.9938 | Time: 13.02s
2025-04-18 16:40:18,682 - INFO - P1 (Round 1) - Epoch 8/10 | Loss: 0.0214 | Acc: 0.9941 | Val Loss: 0.0222 | Val Acc: 0.9941 | Time: 11.80s
2025-04-18 16:40:30,518 - INFO - P1 (Round 1) - Epoch 9/10 | Loss: 0.0209 | Acc: 0.9942 | Val Loss: 0.0209 | Val Acc: 0.9942 | Time: 11.84s
2025-04-18 16:40:42,519 - INFO - P1 (Round 1) - Epoch 10/10 | Loss: 0.0204 | Acc: 0.9943 | Val Loss: 0.0208 | Val Acc: 0.9940 | Time: 12.00s
2025-04-18 16:40:54,039 - INFO - P2 (Round 1) - Epoch 1/10 | Loss: 0.3181 | Acc: 0.8715 | Val Loss: 0.2072 | Val Acc: 0.9198 | Time: 11.52s
2025-04-18 16:41:05,779 - INFO - P2 (Round 1) - Epoch 2/10 | Loss: 0.1829 | Acc: 0.9288 | Val Loss: 0.1599 | Val Acc: 0.9387 | Time: 11.74s
2025-04-18 16:41:18,500 - INFO - P2 (Round 1) - Epoch 3/10 | Loss: 0.1432 | Acc: 0.9474 | Val Loss: 0.1225 | Val Acc: 0.9581 | Time: 12.72s
2025-04-18 16:41:30,127 - INFO - P2 (Round 1) - Epoch 4/10 | Loss: 0.1132 | Acc: 0.9610 | Val Loss: 0.1056 | Val Acc: 0.9630 | Time: 11.63s
2025-04-18 16:41:41,748 - INFO - P2 (Round 1) - Epoch 5/10 | Loss: 0.0992 | Acc: 0.9661 | Val Loss: 0.0922 | Val Acc: 0.9684 | Time: 11.62s
2025-04-18 16:41:53,539 - INFO - P2 (Round 1) - Epoch 6/10 | Loss: 0.0924 | Acc: 0.9682 | Val Loss: 0.0871 | Val Acc: 0.9700 | Time: 11.79s
2025-04-18 16:42:05,011 - INFO - P2 (Round 1) - Epoch 7/10 | Loss: 0.0879 | Acc: 0.9696 | Val Loss: 0.0861 | Val Acc: 0.9720 | Time: 11.47s
2025-04-18 16:42:16,408 - INFO - P2 (Round 1) - Epoch 8/10 | Loss: 0.0846 | Acc: 0.9706 | Val Loss: 0.0814 | Val Acc: 0.9725 | Time: 11.40s
2025-04-18 16:42:29,210 - INFO - P2 (Round 1) - Epoch 9/10 | Loss: 0.0822 | Acc: 0.9714 | Val Loss: 0.0792 | Val Acc: 0.9727 | Time: 12.80s
2025-04-18 16:42:40,971 - INFO - P2 (Round 1) - Epoch 10/10 | Loss: 0.0808 | Acc: 0.9718 | Val Loss: 0.0813 | Val Acc: 0.9725 | Time: 11.76s
2025-04-18 16:42:43,481 - INFO - Round 1 completed in 243.12s
2025-04-18 16:42:43,481 - INFO - Global Model - P1 Test: Loss = 6.2671, Accuracy = 0.6341
2025-04-18 16:42:43,481 - INFO - Global Model - P2 Test: Loss = 7.3974, Accuracy = 0.0245
2025-04-18 16:42:55,515 - INFO - P1 (Round 2) - Epoch 1/10 | Loss: 0.1223 | Acc: 0.9781 | Val Loss: 0.0334 | Val Acc: 0.9912 | Time: 12.03s
2025-04-18 16:43:07,577 - INFO - P1 (Round 2) - Epoch 2/10 | Loss: 0.0286 | Acc: 0.9921 | Val Loss: 0.0262 | Val Acc: 0.9922 | Time: 12.06s
2025-04-18 16:43:19,298 - INFO - P1 (Round 2) - Epoch 3/10 | Loss: 0.0247 | Acc: 0.9930 | Val Loss: 0.0243 | Val Acc: 0.9935 | Time: 11.72s
2025-04-18 16:43:31,136 - INFO - P1 (Round 2) - Epoch 4/10 | Loss: 0.0230 | Acc: 0.9935 | Val Loss: 0.0240 | Val Acc: 0.9935 | Time: 11.84s
2025-04-18 16:43:43,981 - INFO - P1 (Round 2) - Epoch 5/10 | Loss: 0.0219 | Acc: 0.9939 | Val Loss: 0.0217 | Val Acc: 0.9944 | Time: 12.84s
2025-04-18 16:43:55,797 - INFO - P1 (Round 2) - Epoch 6/10 | Loss: 0.0209 | Acc: 0.9942 | Val Loss: 0.0209 | Val Acc: 0.9940 | Time: 11.82s
2025-04-18 16:44:08,617 - INFO - P1 (Round 2) - Epoch 7/10 | Loss: 0.0201 | Acc: 0.9945 | Val Loss: 0.0193 | Val Acc: 0.9948 | Time: 12.82s
2025-04-18 16:44:20,373 - INFO - P1 (Round 2) - Epoch 8/10 | Loss: 0.0193 | Acc: 0.9947 | Val Loss: 0.0202 | Val Acc: 0.9940 | Time: 11.76s
2025-04-18 16:44:32,413 - INFO - P1 (Round 2) - Epoch 9/10 | Loss: 0.0188 | Acc: 0.9949 | Val Loss: 0.0196 | Val Acc: 0.9951 | Time: 12.04s
2025-04-18 16:44:44,652 - INFO - P1 (Round 2) - Epoch 10/10 | Loss: 0.0181 | Acc: 0.9952 | Val Loss: 0.0175 | Val Acc: 0.9954 | Time: 12.24s
2025-04-18 16:44:57,136 - INFO - P2 (Round 2) - Epoch 1/10 | Loss: 0.3235 | Acc: 0.8941 | Val Loss: 0.1415 | Val Acc: 0.9525 | Time: 12.48s
2025-04-18 16:45:08,724 - INFO - P2 (Round 2) - Epoch 2/10 | Loss: 0.1108 | Acc: 0.9629 | Val Loss: 0.0980 | Val Acc: 0.9670 | Time: 11.59s
2025-04-18 16:45:20,586 - INFO - P2 (Round 2) - Epoch 3/10 | Loss: 0.0931 | Acc: 0.9675 | Val Loss: 0.0910 | Val Acc: 0.9679 | Time: 11.86s
2025-04-18 16:45:32,561 - INFO - P2 (Round 2) - Epoch 4/10 | Loss: 0.0874 | Acc: 0.9688 | Val Loss: 0.0843 | Val Acc: 0.9702 | Time: 11.98s
2025-04-18 16:45:44,585 - INFO - P2 (Round 2) - Epoch 5/10 | Loss: 0.0837 | Acc: 0.9703 | Val Loss: 0.0819 | Val Acc: 0.9710 | Time: 12.02s
2025-04-18 16:45:56,712 - INFO - P2 (Round 2) - Epoch 6/10 | Loss: 0.0803 | Acc: 0.9716 | Val Loss: 0.0794 | Val Acc: 0.9709 | Time: 12.13s
2025-04-18 16:46:08,962 - INFO - P2 (Round 2) - Epoch 7/10 | Loss: 0.0722 | Acc: 0.9751 | Val Loss: 0.0692 | Val Acc: 0.9769 | Time: 12.25s
2025-04-18 16:46:20,559 - INFO - P2 (Round 2) - Epoch 8/10 | Loss: 0.0653 | Acc: 0.9779 | Val Loss: 0.0636 | Val Acc: 0.9790 | Time: 11.60s
2025-04-18 16:46:32,655 - INFO - P2 (Round 2) - Epoch 9/10 | Loss: 0.0623 | Acc: 0.9792 | Val Loss: 0.0624 | Val Acc: 0.9802 | Time: 12.10s
2025-04-18 16:46:44,419 - INFO - P2 (Round 2) - Epoch 10/10 | Loss: 0.0601 | Acc: 0.9800 | Val Loss: 0.0575 | Val Acc: 0.9814 | Time: 11.76s
2025-04-18 16:46:46,784 - INFO - Round 2 completed in 243.30s
2025-04-18 16:46:46,784 - INFO - Global Model - P1 Test: Loss = 1.5528, Accuracy = 0.6876
2025-04-18 16:46:46,784 - INFO - Global Model - P2 Test: Loss = 6.7143, Accuracy = 0.2548
2025-04-18 16:46:59,002 - INFO - P1 (Round 3) - Epoch 1/10 | Loss: 0.0464 | Acc: 0.9890 | Val Loss: 0.0250 | Val Acc: 0.9929 | Time: 12.22s
2025-04-18 16:47:11,853 - INFO - P1 (Round 3) - Epoch 2/10 | Loss: 0.0226 | Acc: 0.9939 | Val Loss: 0.0218 | Val Acc: 0.9942 | Time: 12.85s
2025-04-18 16:47:24,142 - INFO - P1 (Round 3) - Epoch 3/10 | Loss: 0.0209 | Acc: 0.9944 | Val Loss: 0.0207 | Val Acc: 0.9947 | Time: 12.29s
2025-04-18 16:47:36,303 - INFO - P1 (Round 3) - Epoch 4/10 | Loss: 0.0200 | Acc: 0.9946 | Val Loss: 0.0200 | Val Acc: 0.9952 | Time: 12.16s
2025-04-18 16:47:48,637 - INFO - P1 (Round 3) - Epoch 5/10 | Loss: 0.0195 | Acc: 0.9948 | Val Loss: 0.0206 | Val Acc: 0.9941 | Time: 12.33s
2025-04-18 16:48:01,256 - INFO - P1 (Round 3) - Epoch 6/10 | Loss: 0.0191 | Acc: 0.9949 | Val Loss: 0.0196 | Val Acc: 0.9942 | Time: 12.62s
2025-04-18 16:48:13,440 - INFO - P1 (Round 3) - Epoch 7/10 | Loss: 0.0188 | Acc: 0.9950 | Val Loss: 0.0191 | Val Acc: 0.9950 | Time: 12.18s
2025-04-18 16:48:26,168 - INFO - P1 (Round 3) - Epoch 8/10 | Loss: 0.0184 | Acc: 0.9952 | Val Loss: 0.0185 | Val Acc: 0.9953 | Time: 12.73s
2025-04-18 16:48:38,369 - INFO - P1 (Round 3) - Epoch 9/10 | Loss: 0.0179 | Acc: 0.9953 | Val Loss: 0.0188 | Val Acc: 0.9949 | Time: 12.20s
2025-04-18 16:48:49,978 - INFO - P1 (Round 3) - Epoch 10/10 | Loss: 0.0174 | Acc: 0.9955 | Val Loss: 0.0175 | Val Acc: 0.9956 | Time: 11.61s
2025-04-18 16:49:01,411 - INFO - P2 (Round 3) - Epoch 1/10 | Loss: 0.1841 | Acc: 0.9392 | Val Loss: 0.0963 | Val Acc: 0.9651 | Time: 11.43s
2025-04-18 16:49:12,672 - INFO - P2 (Round 3) - Epoch 2/10 | Loss: 0.0894 | Acc: 0.9679 | Val Loss: 0.0839 | Val Acc: 0.9705 | Time: 11.26s
2025-04-18 16:49:24,105 - INFO - P2 (Round 3) - Epoch 3/10 | Loss: 0.0826 | Acc: 0.9705 | Val Loss: 0.0801 | Val Acc: 0.9706 | Time: 11.43s
2025-04-18 16:49:36,532 - INFO - P2 (Round 3) - Epoch 4/10 | Loss: 0.0795 | Acc: 0.9716 | Val Loss: 0.0784 | Val Acc: 0.9722 | Time: 12.43s
2025-04-18 16:49:48,768 - INFO - P2 (Round 3) - Epoch 5/10 | Loss: 0.0773 | Acc: 0.9725 | Val Loss: 0.0757 | Val Acc: 0.9735 | Time: 12.24s
2025-04-18 16:50:00,326 - INFO - P2 (Round 3) - Epoch 6/10 | Loss: 0.0755 | Acc: 0.9734 | Val Loss: 0.0754 | Val Acc: 0.9729 | Time: 11.56s
2025-04-18 16:50:12,518 - INFO - P2 (Round 3) - Epoch 7/10 | Loss: 0.0741 | Acc: 0.9738 | Val Loss: 0.0722 | Val Acc: 0.9750 | Time: 12.19s
2025-04-18 16:50:24,668 - INFO - P2 (Round 3) - Epoch 8/10 | Loss: 0.0730 | Acc: 0.9742 | Val Loss: 0.0733 | Val Acc: 0.9745 | Time: 12.15s
2025-04-18 16:50:36,493 - INFO - P2 (Round 3) - Epoch 9/10 | Loss: 0.0722 | Acc: 0.9747 | Val Loss: 0.0712 | Val Acc: 0.9754 | Time: 11.83s
2025-04-18 16:50:48,986 - INFO - P2 (Round 3) - Epoch 10/10 | Loss: 0.0713 | Acc: 0.9748 | Val Loss: 0.0706 | Val Acc: 0.9763 | Time: 12.49s
2025-04-18 16:50:51,960 - INFO - Round 3 completed in 245.18s
2025-04-18 16:50:51,960 - INFO - Global Model - P1 Test: Loss = 2.5774, Accuracy = 0.6761
2025-04-18 16:50:51,960 - INFO - Global Model - P2 Test: Loss = 1.8440, Accuracy = 0.6949
2025-04-18 16:51:09,081 - INFO - P1 (Round 4) - Epoch 1/10 | Loss: 0.0551 | Acc: 0.9870 | Val Loss: 0.0262 | Val Acc: 0.9924 | Time: 17.12s
2025-04-18 16:51:22,778 - INFO - P1 (Round 4) - Epoch 2/10 | Loss: 0.0237 | Acc: 0.9934 | Val Loss: 0.0231 | Val Acc: 0.9929 | Time: 13.70s
2025-04-18 16:51:34,999 - INFO - P1 (Round 4) - Epoch 3/10 | Loss: 0.0215 | Acc: 0.9941 | Val Loss: 0.0211 | Val Acc: 0.9945 | Time: 12.22s
2025-04-18 16:51:47,048 - INFO - P1 (Round 4) - Epoch 4/10 | Loss: 0.0204 | Acc: 0.9944 | Val Loss: 0.0198 | Val Acc: 0.9951 | Time: 12.05s
2025-04-18 16:51:59,923 - INFO - P1 (Round 4) - Epoch 5/10 | Loss: 0.0192 | Acc: 0.9949 | Val Loss: 0.0191 | Val Acc: 0.9955 | Time: 12.87s
2025-04-18 16:52:12,250 - INFO - P1 (Round 4) - Epoch 6/10 | Loss: 0.0187 | Acc: 0.9950 | Val Loss: 0.0183 | Val Acc: 0.9947 | Time: 12.33s
2025-04-18 16:52:24,077 - INFO - P1 (Round 4) - Epoch 7/10 | Loss: 0.0182 | Acc: 0.9952 | Val Loss: 0.0177 | Val Acc: 0.9956 | Time: 11.83s
2025-04-18 16:52:35,881 - INFO - P1 (Round 4) - Epoch 8/10 | Loss: 0.0175 | Acc: 0.9954 | Val Loss: 0.0164 | Val Acc: 0.9959 | Time: 11.80s
2025-04-18 16:52:48,134 - INFO - P1 (Round 4) - Epoch 9/10 | Loss: 0.0164 | Acc: 0.9957 | Val Loss: 0.0161 | Val Acc: 0.9957 | Time: 12.25s
2025-04-18 16:53:00,405 - INFO - P1 (Round 4) - Epoch 10/10 | Loss: 0.0159 | Acc: 0.9958 | Val Loss: 0.0152 | Val Acc: 0.9962 | Time: 12.27s
2025-04-18 16:53:13,101 - INFO - P2 (Round 4) - Epoch 1/10 | Loss: 0.1091 | Acc: 0.9628 | Val Loss: 0.0806 | Val Acc: 0.9706 | Time: 12.70s
2025-04-18 16:53:22,789 - INFO - P2 (Round 4) - Epoch 2/10 | Loss: 0.0784 | Acc: 0.9717 | Val Loss: 0.0765 | Val Acc: 0.9720 | Time: 9.69s
2025-04-18 16:53:32,879 - INFO - P2 (Round 4) - Epoch 3/10 | Loss: 0.0741 | Acc: 0.9736 | Val Loss: 0.0717 | Val Acc: 0.9752 | Time: 10.09s
2025-04-18 16:53:42,695 - INFO - P2 (Round 4) - Epoch 4/10 | Loss: 0.0724 | Acc: 0.9743 | Val Loss: 0.0712 | Val Acc: 0.9739 | Time: 9.82s
2025-04-18 16:53:52,918 - INFO - P2 (Round 4) - Epoch 5/10 | Loss: 0.0713 | Acc: 0.9747 | Val Loss: 0.0699 | Val Acc: 0.9760 | Time: 10.22s
2025-04-18 16:54:04,230 - INFO - P2 (Round 4) - Epoch 6/10 | Loss: 0.0705 | Acc: 0.9751 | Val Loss: 0.0713 | Val Acc: 0.9759 | Time: 11.31s
2025-04-18 16:54:16,026 - INFO - P2 (Round 4) - Epoch 7/10 | Loss: 0.0699 | Acc: 0.9752 | Val Loss: 0.0693 | Val Acc: 0.9739 | Time: 11.80s
2025-04-18 16:54:28,692 - INFO - P2 (Round 4) - Epoch 8/10 | Loss: 0.0692 | Acc: 0.9754 | Val Loss: 0.0696 | Val Acc: 0.9764 | Time: 12.67s
2025-04-18 16:54:40,310 - INFO - P2 (Round 4) - Epoch 9/10 | Loss: 0.0687 | Acc: 0.9757 | Val Loss: 0.0672 | Val Acc: 0.9760 | Time: 11.62s
2025-04-18 16:54:52,526 - INFO - P2 (Round 4) - Epoch 10/10 | Loss: 0.0680 | Acc: 0.9761 | Val Loss: 0.0684 | Val Acc: 0.9753 | Time: 12.22s
2025-04-18 16:54:55,128 - INFO - Round 4 completed in 243.17s
2025-04-18 16:54:55,128 - INFO - Global Model - P1 Test: Loss = 3.4499, Accuracy = 0.5980
2025-04-18 16:54:55,128 - INFO - Global Model - P2 Test: Loss = 1.7352, Accuracy = 0.6281
2025-04-18 16:55:07,094 - INFO - P1 (Round 5) - Epoch 1/10 | Loss: 0.0576 | Acc: 0.9874 | Val Loss: 0.0263 | Val Acc: 0.9924 | Time: 11.96s
2025-04-18 16:55:18,686 - INFO - P1 (Round 5) - Epoch 2/10 | Loss: 0.0237 | Acc: 0.9933 | Val Loss: 0.0246 | Val Acc: 0.9931 | Time: 11.59s
2025-04-18 16:55:31,285 - INFO - P1 (Round 5) - Epoch 3/10 | Loss: 0.0213 | Acc: 0.9940 | Val Loss: 0.0208 | Val Acc: 0.9947 | Time: 12.60s
2025-04-18 16:55:43,549 - INFO - P1 (Round 5) - Epoch 4/10 | Loss: 0.0200 | Acc: 0.9943 | Val Loss: 0.0198 | Val Acc: 0.9945 | Time: 12.26s
2025-04-18 16:55:55,195 - INFO - P1 (Round 5) - Epoch 5/10 | Loss: 0.0194 | Acc: 0.9945 | Val Loss: 0.0210 | Val Acc: 0.9934 | Time: 11.65s
2025-04-18 16:56:06,830 - INFO - P1 (Round 5) - Epoch 6/10 | Loss: 0.0188 | Acc: 0.9947 | Val Loss: 0.0202 | Val Acc: 0.9937 | Time: 11.63s
2025-04-18 16:56:18,473 - INFO - P1 (Round 5) - Epoch 7/10 | Loss: 0.0186 | Acc: 0.9948 | Val Loss: 0.0178 | Val Acc: 0.9950 | Time: 11.64s
2025-04-18 16:56:30,408 - INFO - P1 (Round 5) - Epoch 8/10 | Loss: 0.0180 | Acc: 0.9949 | Val Loss: 0.0174 | Val Acc: 0.9953 | Time: 11.94s
2025-04-18 16:56:42,821 - INFO - P1 (Round 5) - Epoch 9/10 | Loss: 0.0177 | Acc: 0.9950 | Val Loss: 0.0193 | Val Acc: 0.9946 | Time: 12.41s
2025-04-18 16:56:55,258 - INFO - P1 (Round 5) - Epoch 10/10 | Loss: 0.0175 | Acc: 0.9950 | Val Loss: 0.0173 | Val Acc: 0.9955 | Time: 12.44s
2025-04-18 16:57:07,274 - INFO - P2 (Round 5) - Epoch 1/10 | Loss: 0.1042 | Acc: 0.9650 | Val Loss: 0.0811 | Val Acc: 0.9708 | Time: 12.02s
2025-04-18 16:57:18,931 - INFO - P2 (Round 5) - Epoch 2/10 | Loss: 0.0783 | Acc: 0.9722 | Val Loss: 0.0731 | Val Acc: 0.9739 | Time: 11.66s
2025-04-18 16:57:30,541 - INFO - P2 (Round 5) - Epoch 3/10 | Loss: 0.0730 | Acc: 0.9737 | Val Loss: 0.0712 | Val Acc: 0.9745 | Time: 11.61s
2025-04-18 16:57:42,029 - INFO - P2 (Round 5) - Epoch 4/10 | Loss: 0.0716 | Acc: 0.9742 | Val Loss: 0.0701 | Val Acc: 0.9740 | Time: 11.49s
2025-04-18 16:57:54,148 - INFO - P2 (Round 5) - Epoch 5/10 | Loss: 0.0706 | Acc: 0.9744 | Val Loss: 0.0709 | Val Acc: 0.9737 | Time: 12.12s
2025-04-18 16:58:06,492 - INFO - P2 (Round 5) - Epoch 6/10 | Loss: 0.0699 | Acc: 0.9748 | Val Loss: 0.0703 | Val Acc: 0.9745 | Time: 12.34s
2025-04-18 16:58:18,028 - INFO - P2 (Round 5) - Epoch 7/10 | Loss: 0.0694 | Acc: 0.9749 | Val Loss: 0.0673 | Val Acc: 0.9752 | Time: 11.54s
2025-04-18 16:58:29,660 - INFO - P2 (Round 5) - Epoch 8/10 | Loss: 0.0687 | Acc: 0.9752 | Val Loss: 0.0676 | Val Acc: 0.9762 | Time: 11.63s
2025-04-18 16:58:39,443 - INFO - P2 (Round 5) - Epoch 9/10 | Loss: 0.0682 | Acc: 0.9754 | Val Loss: 0.0683 | Val Acc: 0.9752 | Time: 9.78s
2025-04-18 16:58:49,348 - INFO - P2 (Round 5) - Epoch 10/10 | Loss: 0.0679 | Acc: 0.9756 | Val Loss: 0.0680 | Val Acc: 0.9752 | Time: 9.90s
2025-04-18 16:58:51,643 - INFO - Round 5 completed in 236.51s
2025-04-18 16:58:51,643 - INFO - Global Model - P1 Test: Loss = 2.3205, Accuracy = 0.6068
2025-04-18 16:58:51,643 - INFO - Global Model - P2 Test: Loss = 1.9080, Accuracy = 0.6583
2025-04-18 16:59:02,200 - INFO - P1 (Round 6) - Epoch 1/10 | Loss: 0.0457 | Acc: 0.9888 | Val Loss: 0.0247 | Val Acc: 0.9939 | Time: 10.56s
2025-04-18 16:59:13,882 - INFO - P1 (Round 6) - Epoch 2/10 | Loss: 0.0218 | Acc: 0.9939 | Val Loss: 0.0212 | Val Acc: 0.9943 | Time: 11.68s
2025-04-18 16:59:23,868 - INFO - P1 (Round 6) - Epoch 3/10 | Loss: 0.0198 | Acc: 0.9944 | Val Loss: 0.0201 | Val Acc: 0.9946 | Time: 9.99s
2025-04-18 16:59:33,835 - INFO - P1 (Round 6) - Epoch 4/10 | Loss: 0.0189 | Acc: 0.9947 | Val Loss: 0.0201 | Val Acc: 0.9939 | Time: 9.97s
2025-04-18 16:59:43,841 - INFO - P1 (Round 6) - Epoch 5/10 | Loss: 0.0184 | Acc: 0.9949 | Val Loss: 0.0179 | Val Acc: 0.9950 | Time: 10.01s
2025-04-18 16:59:53,933 - INFO - P1 (Round 6) - Epoch 6/10 | Loss: 0.0179 | Acc: 0.9951 | Val Loss: 0.0177 | Val Acc: 0.9950 | Time: 10.09s
2025-04-18 17:00:03,709 - INFO - P1 (Round 6) - Epoch 7/10 | Loss: 0.0175 | Acc: 0.9951 | Val Loss: 0.0177 | Val Acc: 0.9950 | Time: 9.78s
2025-04-18 17:00:14,405 - INFO - P1 (Round 6) - Epoch 8/10 | Loss: 0.0173 | Acc: 0.9952 | Val Loss: 0.0182 | Val Acc: 0.9946 | Time: 10.70s
2025-04-18 17:00:25,549 - INFO - P1 (Round 6) - Epoch 9/10 | Loss: 0.0171 | Acc: 0.9952 | Val Loss: 0.0171 | Val Acc: 0.9951 | Time: 11.14s
2025-04-18 17:00:35,634 - INFO - P1 (Round 6) - Epoch 10/10 | Loss: 0.0169 | Acc: 0.9953 | Val Loss: 0.0182 | Val Acc: 0.9952 | Time: 10.08s
2025-04-18 17:00:45,339 - INFO - P2 (Round 6) - Epoch 1/10 | Loss: 0.1048 | Acc: 0.9643 | Val Loss: 0.0781 | Val Acc: 0.9723 | Time: 9.70s
2025-04-18 17:00:55,312 - INFO - P2 (Round 6) - Epoch 2/10 | Loss: 0.0768 | Acc: 0.9722 | Val Loss: 0.0743 | Val Acc: 0.9731 | Time: 9.97s
2025-04-18 17:01:05,453 - INFO - P2 (Round 6) - Epoch 3/10 | Loss: 0.0741 | Acc: 0.9732 | Val Loss: 0.0722 | Val Acc: 0.9739 | Time: 10.14s
2025-04-18 17:01:15,184 - INFO - P2 (Round 6) - Epoch 4/10 | Loss: 0.0728 | Acc: 0.9736 | Val Loss: 0.0719 | Val Acc: 0.9743 | Time: 9.73s
2025-04-18 17:01:25,554 - INFO - P2 (Round 6) - Epoch 5/10 | Loss: 0.0721 | Acc: 0.9740 | Val Loss: 0.0715 | Val Acc: 0.9738 | Time: 10.37s
2025-04-18 17:01:36,446 - INFO - P2 (Round 6) - Epoch 6/10 | Loss: 0.0714 | Acc: 0.9743 | Val Loss: 0.0721 | Val Acc: 0.9734 | Time: 10.89s
2025-04-18 17:01:46,453 - INFO - P2 (Round 6) - Epoch 7/10 | Loss: 0.0707 | Acc: 0.9745 | Val Loss: 0.0685 | Val Acc: 0.9750 | Time: 10.01s
2025-04-18 17:01:56,463 - INFO - P2 (Round 6) - Epoch 8/10 | Loss: 0.0702 | Acc: 0.9747 | Val Loss: 0.0702 | Val Acc: 0.9749 | Time: 10.01s
2025-04-18 17:02:06,406 - INFO - P2 (Round 6) - Epoch 9/10 | Loss: 0.0694 | Acc: 0.9749 | Val Loss: 0.0679 | Val Acc: 0.9758 | Time: 9.94s
2025-04-18 17:02:16,072 - INFO - P2 (Round 6) - Epoch 10/10 | Loss: 0.0688 | Acc: 0.9751 | Val Loss: 0.0682 | Val Acc: 0.9758 | Time: 9.67s
2025-04-18 17:02:18,241 - INFO - Round 6 completed in 206.60s
2025-04-18 17:02:18,241 - INFO - Global Model - P1 Test: Loss = 1.2263, Accuracy = 0.8028
2025-04-18 17:02:18,241 - INFO - Global Model - P2 Test: Loss = 1.7759, Accuracy = 0.6688
2025-04-18 17:02:28,178 - INFO - P1 (Round 7) - Epoch 1/10 | Loss: 0.0416 | Acc: 0.9900 | Val Loss: 0.0218 | Val Acc: 0.9941 | Time: 9.94s
2025-04-18 17:02:39,215 - INFO - P1 (Round 7) - Epoch 2/10 | Loss: 0.0205 | Acc: 0.9943 | Val Loss: 0.0191 | Val Acc: 0.9946 | Time: 11.04s
2025-04-18 17:02:50,103 - INFO - P1 (Round 7) - Epoch 3/10 | Loss: 0.0184 | Acc: 0.9949 | Val Loss: 0.0185 | Val Acc: 0.9946 | Time: 10.89s
2025-04-18 17:03:01,143 - INFO - P1 (Round 7) - Epoch 4/10 | Loss: 0.0173 | Acc: 0.9952 | Val Loss: 0.0170 | Val Acc: 0.9958 | Time: 11.04s
2025-04-18 17:03:11,344 - INFO - P1 (Round 7) - Epoch 5/10 | Loss: 0.0163 | Acc: 0.9956 | Val Loss: 0.0186 | Val Acc: 0.9941 | Time: 10.20s
2025-04-18 17:03:21,478 - INFO - P1 (Round 7) - Epoch 6/10 | Loss: 0.0153 | Acc: 0.9959 | Val Loss: 0.0164 | Val Acc: 0.9954 | Time: 10.13s
2025-04-18 17:03:31,511 - INFO - P1 (Round 7) - Epoch 7/10 | Loss: 0.0146 | Acc: 0.9961 | Val Loss: 0.0145 | Val Acc: 0.9961 | Time: 10.03s
2025-04-18 17:03:41,543 - INFO - P1 (Round 7) - Epoch 8/10 | Loss: 0.0141 | Acc: 0.9963 | Val Loss: 0.0145 | Val Acc: 0.9964 | Time: 10.03s
2025-04-18 17:03:52,938 - INFO - P1 (Round 7) - Epoch 9/10 | Loss: 0.0133 | Acc: 0.9965 | Val Loss: 0.0150 | Val Acc: 0.9955 | Time: 11.40s
2025-04-18 17:04:03,320 - INFO - P1 (Round 7) - Epoch 10/10 | Loss: 0.0128 | Acc: 0.9966 | Val Loss: 0.0123 | Val Acc: 0.9966 | Time: 10.38s
2025-04-18 17:04:13,034 - INFO - P2 (Round 7) - Epoch 1/10 | Loss: 0.0955 | Acc: 0.9670 | Val Loss: 0.0745 | Val Acc: 0.9722 | Time: 9.71s
2025-04-18 17:04:22,909 - INFO - P2 (Round 7) - Epoch 2/10 | Loss: 0.0731 | Acc: 0.9735 | Val Loss: 0.0733 | Val Acc: 0.9728 | Time: 9.87s
2025-04-18 17:04:32,961 - INFO - P2 (Round 7) - Epoch 3/10 | Loss: 0.0715 | Acc: 0.9741 | Val Loss: 0.0698 | Val Acc: 0.9753 | Time: 10.05s
2025-04-18 17:04:42,943 - INFO - P2 (Round 7) - Epoch 4/10 | Loss: 0.0707 | Acc: 0.9744 | Val Loss: 0.0705 | Val Acc: 0.9751 | Time: 9.98s
2025-04-18 17:04:54,697 - INFO - P2 (Round 7) - Epoch 5/10 | Loss: 0.0700 | Acc: 0.9746 | Val Loss: 0.0697 | Val Acc: 0.9750 | Time: 11.75s
2025-04-18 17:05:07,534 - INFO - P2 (Round 7) - Epoch 6/10 | Loss: 0.0694 | Acc: 0.9748 | Val Loss: 0.0714 | Val Acc: 0.9728 | Time: 12.84s
2025-04-18 17:05:19,591 - INFO - P2 (Round 7) - Epoch 7/10 | Loss: 0.0689 | Acc: 0.9751 | Val Loss: 0.0685 | Val Acc: 0.9745 | Time: 12.06s
2025-04-18 17:05:31,283 - INFO - P2 (Round 7) - Epoch 8/10 | Loss: 0.0685 | Acc: 0.9752 | Val Loss: 0.0671 | Val Acc: 0.9754 | Time: 11.69s
2025-04-18 17:05:42,685 - INFO - P2 (Round 7) - Epoch 9/10 | Loss: 0.0682 | Acc: 0.9753 | Val Loss: 0.0676 | Val Acc: 0.9754 | Time: 11.40s
2025-04-18 17:05:54,283 - INFO - P2 (Round 7) - Epoch 10/10 | Loss: 0.0680 | Acc: 0.9753 | Val Loss: 0.0680 | Val Acc: 0.9753 | Time: 11.60s
2025-04-18 17:05:56,908 - INFO - Round 7 completed in 218.67s
2025-04-18 17:05:56,908 - INFO - Global Model - P1 Test: Loss = 1.2747, Accuracy = 0.8296
2025-04-18 17:05:56,908 - INFO - Global Model - P2 Test: Loss = 2.2431, Accuracy = 0.6659
2025-04-18 17:06:09,313 - INFO - P1 (Round 8) - Epoch 1/10 | Loss: 0.0380 | Acc: 0.9909 | Val Loss: 0.0182 | Val Acc: 0.9950 | Time: 12.40s
2025-04-18 17:06:22,153 - INFO - P1 (Round 8) - Epoch 2/10 | Loss: 0.0160 | Acc: 0.9957 | Val Loss: 0.0154 | Val Acc: 0.9958 | Time: 12.84s
2025-04-18 17:06:33,953 - INFO - P1 (Round 8) - Epoch 3/10 | Loss: 0.0146 | Acc: 0.9962 | Val Loss: 0.0139 | Val Acc: 0.9965 | Time: 11.80s
2025-04-18 17:06:44,697 - INFO - P1 (Round 8) - Epoch 4/10 | Loss: 0.0138 | Acc: 0.9964 | Val Loss: 0.0133 | Val Acc: 0.9965 | Time: 10.74s
2025-04-18 17:06:54,667 - INFO - P1 (Round 8) - Epoch 5/10 | Loss: 0.0131 | Acc: 0.9966 | Val Loss: 0.0131 | Val Acc: 0.9966 | Time: 9.97s
2025-04-18 17:07:04,912 - INFO - P1 (Round 8) - Epoch 6/10 | Loss: 0.0128 | Acc: 0.9966 | Val Loss: 0.0130 | Val Acc: 0.9965 | Time: 10.24s
2025-04-18 17:07:15,113 - INFO - P1 (Round 8) - Epoch 7/10 | Loss: 0.0126 | Acc: 0.9967 | Val Loss: 0.0123 | Val Acc: 0.9969 | Time: 10.20s
2025-04-18 17:07:26,142 - INFO - P1 (Round 8) - Epoch 8/10 | Loss: 0.0124 | Acc: 0.9967 | Val Loss: 0.0122 | Val Acc: 0.9969 | Time: 11.03s
2025-04-18 17:07:36,935 - INFO - P1 (Round 8) - Epoch 9/10 | Loss: 0.0121 | Acc: 0.9968 | Val Loss: 0.0119 | Val Acc: 0.9968 | Time: 10.79s
2025-04-18 17:07:47,644 - INFO - P1 (Round 8) - Epoch 10/10 | Loss: 0.0120 | Acc: 0.9969 | Val Loss: 0.0130 | Val Acc: 0.9968 | Time: 10.71s
2025-04-18 17:07:57,558 - INFO - P2 (Round 8) - Epoch 1/10 | Loss: 0.0973 | Acc: 0.9664 | Val Loss: 0.0747 | Val Acc: 0.9721 | Time: 9.91s
2025-04-18 17:08:07,617 - INFO - P2 (Round 8) - Epoch 2/10 | Loss: 0.0722 | Acc: 0.9738 | Val Loss: 0.0730 | Val Acc: 0.9738 | Time: 10.06s
2025-04-18 17:08:17,215 - INFO - P2 (Round 8) - Epoch 3/10 | Loss: 0.0705 | Acc: 0.9746 | Val Loss: 0.0683 | Val Acc: 0.9750 | Time: 9.60s
2025-04-18 17:08:27,013 - INFO - P2 (Round 8) - Epoch 4/10 | Loss: 0.0696 | Acc: 0.9750 | Val Loss: 0.0682 | Val Acc: 0.9749 | Time: 9.80s
2025-04-18 17:08:37,921 - INFO - P2 (Round 8) - Epoch 5/10 | Loss: 0.0689 | Acc: 0.9753 | Val Loss: 0.0675 | Val Acc: 0.9762 | Time: 10.91s
2025-04-18 17:08:48,513 - INFO - P2 (Round 8) - Epoch 6/10 | Loss: 0.0686 | Acc: 0.9757 | Val Loss: 0.0676 | Val Acc: 0.9747 | Time: 10.59s
2025-04-18 17:08:58,376 - INFO - P2 (Round 8) - Epoch 7/10 | Loss: 0.0680 | Acc: 0.9756 | Val Loss: 0.0668 | Val Acc: 0.9761 | Time: 9.86s
2025-04-18 17:09:08,206 - INFO - P2 (Round 8) - Epoch 8/10 | Loss: 0.0677 | Acc: 0.9759 | Val Loss: 0.0672 | Val Acc: 0.9751 | Time: 9.83s
2025-04-18 17:09:18,451 - INFO - P2 (Round 8) - Epoch 9/10 | Loss: 0.0673 | Acc: 0.9760 | Val Loss: 0.0654 | Val Acc: 0.9762 | Time: 10.24s
2025-04-18 17:09:28,296 - INFO - P2 (Round 8) - Epoch 10/10 | Loss: 0.0670 | Acc: 0.9762 | Val Loss: 0.0657 | Val Acc: 0.9766 | Time: 9.85s
2025-04-18 17:09:30,572 - INFO - Round 8 completed in 213.66s
2025-04-18 17:09:30,572 - INFO - Global Model - P1 Test: Loss = 1.6038, Accuracy = 0.6108
2025-04-18 17:09:30,572 - INFO - Global Model - P2 Test: Loss = 2.5851, Accuracy = 0.5995
2025-04-18 17:09:40,560 - INFO - P1 (Round 9) - Epoch 1/10 | Loss: 0.0366 | Acc: 0.9917 | Val Loss: 0.0168 | Val Acc: 0.9957 | Time: 9.99s
2025-04-18 17:09:52,158 - INFO - P1 (Round 9) - Epoch 2/10 | Loss: 0.0159 | Acc: 0.9958 | Val Loss: 0.0150 | Val Acc: 0.9959 | Time: 11.60s
2025-04-18 17:10:02,699 - INFO - P1 (Round 9) - Epoch 3/10 | Loss: 0.0147 | Acc: 0.9961 | Val Loss: 0.0137 | Val Acc: 0.9962 | Time: 10.54s
2025-04-18 17:10:14,439 - INFO - P1 (Round 9) - Epoch 4/10 | Loss: 0.0142 | Acc: 0.9962 | Val Loss: 0.0149 | Val Acc: 0.9961 | Time: 11.74s
2025-04-18 17:10:26,453 - INFO - P1 (Round 9) - Epoch 5/10 | Loss: 0.0137 | Acc: 0.9963 | Val Loss: 0.0137 | Val Acc: 0.9964 | Time: 12.01s
2025-04-18 17:10:38,776 - INFO - P1 (Round 9) - Epoch 6/10 | Loss: 0.0135 | Acc: 0.9964 | Val Loss: 0.0138 | Val Acc: 0.9963 | Time: 12.32s
2025-04-18 17:10:50,976 - INFO - P1 (Round 9) - Epoch 7/10 | Loss: 0.0132 | Acc: 0.9964 | Val Loss: 0.0126 | Val Acc: 0.9964 | Time: 12.20s
2025-04-18 17:11:03,548 - INFO - P1 (Round 9) - Epoch 8/10 | Loss: 0.0131 | Acc: 0.9964 | Val Loss: 0.0122 | Val Acc: 0.9966 | Time: 12.57s
2025-04-18 17:11:15,820 - INFO - P1 (Round 9) - Epoch 9/10 | Loss: 0.0129 | Acc: 0.9965 | Val Loss: 0.0156 | Val Acc: 0.9957 | Time: 12.27s
2025-04-18 17:11:27,583 - INFO - P1 (Round 9) - Epoch 10/10 | Loss: 0.0127 | Acc: 0.9966 | Val Loss: 0.0155 | Val Acc: 0.9955 | Time: 11.76s
2025-04-18 17:11:39,072 - INFO - P2 (Round 9) - Epoch 1/10 | Loss: 0.0973 | Acc: 0.9661 | Val Loss: 0.0767 | Val Acc: 0.9715 | Time: 11.49s
2025-04-18 17:11:50,962 - INFO - P2 (Round 9) - Epoch 2/10 | Loss: 0.0761 | Acc: 0.9718 | Val Loss: 0.0725 | Val Acc: 0.9728 | Time: 11.89s
2025-04-18 17:12:02,726 - INFO - P2 (Round 9) - Epoch 3/10 | Loss: 0.0715 | Acc: 0.9741 | Val Loss: 0.0690 | Val Acc: 0.9742 | Time: 11.76s
2025-04-18 17:12:15,405 - INFO - P2 (Round 9) - Epoch 4/10 | Loss: 0.0690 | Acc: 0.9753 | Val Loss: 0.0661 | Val Acc: 0.9757 | Time: 12.68s
2025-04-18 17:12:27,172 - INFO - P2 (Round 9) - Epoch 5/10 | Loss: 0.0680 | Acc: 0.9758 | Val Loss: 0.0671 | Val Acc: 0.9764 | Time: 11.77s
2025-04-18 17:12:38,827 - INFO - P2 (Round 9) - Epoch 6/10 | Loss: 0.0673 | Acc: 0.9761 | Val Loss: 0.0652 | Val Acc: 0.9763 | Time: 11.65s
2025-04-18 17:12:50,730 - INFO - P2 (Round 9) - Epoch 7/10 | Loss: 0.0668 | Acc: 0.9762 | Val Loss: 0.0654 | Val Acc: 0.9760 | Time: 11.90s
2025-04-18 17:13:02,078 - INFO - P2 (Round 9) - Epoch 8/10 | Loss: 0.0664 | Acc: 0.9765 | Val Loss: 0.0657 | Val Acc: 0.9769 | Time: 11.35s
2025-04-18 17:13:13,627 - INFO - P2 (Round 9) - Epoch 9/10 | Loss: 0.0660 | Acc: 0.9766 | Val Loss: 0.0647 | Val Acc: 0.9771 | Time: 11.55s
2025-04-18 17:13:26,057 - INFO - P2 (Round 9) - Epoch 10/10 | Loss: 0.0657 | Acc: 0.9767 | Val Loss: 0.0663 | Val Acc: 0.9755 | Time: 12.43s
2025-04-18 17:13:28,787 - INFO - Round 9 completed in 238.21s
2025-04-18 17:13:28,787 - INFO - Global Model - P1 Test: Loss = 3.3291, Accuracy = 0.5615
2025-04-18 17:13:28,787 - INFO - Global Model - P2 Test: Loss = 4.0639, Accuracy = 0.5009
2025-04-18 17:13:40,827 - INFO - P1 (Round 10) - Epoch 1/10 | Loss: 0.0469 | Acc: 0.9909 | Val Loss: 0.0177 | Val Acc: 0.9953 | Time: 12.04s
2025-04-18 17:13:52,500 - INFO - P1 (Round 10) - Epoch 2/10 | Loss: 0.0152 | Acc: 0.9959 | Val Loss: 0.0142 | Val Acc: 0.9962 | Time: 11.67s
2025-04-18 17:14:04,671 - INFO - P1 (Round 10) - Epoch 3/10 | Loss: 0.0141 | Acc: 0.9962 | Val Loss: 0.0141 | Val Acc: 0.9964 | Time: 12.17s
2025-04-18 17:14:16,774 - INFO - P1 (Round 10) - Epoch 4/10 | Loss: 0.0136 | Acc: 0.9964 | Val Loss: 0.0129 | Val Acc: 0.9966 | Time: 12.10s
2025-04-18 17:14:29,806 - INFO - P1 (Round 10) - Epoch 5/10 | Loss: 0.0132 | Acc: 0.9964 | Val Loss: 0.0149 | Val Acc: 0.9956 | Time: 13.03s
2025-04-18 17:14:42,988 - INFO - P1 (Round 10) - Epoch 6/10 | Loss: 0.0130 | Acc: 0.9965 | Val Loss: 0.0158 | Val Acc: 0.9951 | Time: 13.18s
2025-04-18 17:14:56,269 - INFO - P1 (Round 10) - Epoch 7/10 | Loss: 0.0129 | Acc: 0.9965 | Val Loss: 0.0128 | Val Acc: 0.9965 | Time: 13.28s
2025-04-18 17:15:06,296 - INFO - P1 (Round 10) - Epoch 8/10 | Loss: 0.0126 | Acc: 0.9966 | Val Loss: 0.0121 | Val Acc: 0.9966 | Time: 10.03s
2025-04-18 17:15:18,618 - INFO - P1 (Round 10) - Epoch 9/10 | Loss: 0.0124 | Acc: 0.9967 | Val Loss: 0.0126 | Val Acc: 0.9968 | Time: 12.32s
2025-04-18 17:15:31,548 - INFO - P1 (Round 10) - Epoch 10/10 | Loss: 0.0123 | Acc: 0.9967 | Val Loss: 0.0126 | Val Acc: 0.9969 | Time: 12.93s
2025-04-18 17:15:43,699 - INFO - P2 (Round 10) - Epoch 1/10 | Loss: 0.0942 | Acc: 0.9674 | Val Loss: 0.0718 | Val Acc: 0.9742 | Time: 12.15s
2025-04-18 17:15:55,851 - INFO - P2 (Round 10) - Epoch 2/10 | Loss: 0.0706 | Acc: 0.9747 | Val Loss: 0.0659 | Val Acc: 0.9759 | Time: 12.15s
2025-04-18 17:16:07,832 - INFO - P2 (Round 10) - Epoch 3/10 | Loss: 0.0677 | Acc: 0.9760 | Val Loss: 0.0648 | Val Acc: 0.9771 | Time: 11.98s
2025-04-18 17:16:19,414 - INFO - P2 (Round 10) - Epoch 4/10 | Loss: 0.0670 | Acc: 0.9763 | Val Loss: 0.0649 | Val Acc: 0.9768 | Time: 11.58s
2025-04-18 17:16:31,084 - INFO - P2 (Round 10) - Epoch 5/10 | Loss: 0.0665 | Acc: 0.9765 | Val Loss: 0.0662 | Val Acc: 0.9764 | Time: 11.67s
2025-04-18 17:16:42,698 - INFO - P2 (Round 10) - Epoch 6/10 | Loss: 0.0660 | Acc: 0.9768 | Val Loss: 0.0642 | Val Acc: 0.9778 | Time: 11.61s
2025-04-18 17:16:54,555 - INFO - P2 (Round 10) - Epoch 7/10 | Loss: 0.0657 | Acc: 0.9768 | Val Loss: 0.0645 | Val Acc: 0.9762 | Time: 11.86s
2025-04-18 17:17:07,182 - INFO - P2 (Round 10) - Epoch 8/10 | Loss: 0.0653 | Acc: 0.9771 | Val Loss: 0.0634 | Val Acc: 0.9776 | Time: 12.63s
2025-04-18 17:17:20,049 - INFO - P2 (Round 10) - Epoch 9/10 | Loss: 0.0649 | Acc: 0.9771 | Val Loss: 0.0633 | Val Acc: 0.9779 | Time: 12.87s
2025-04-18 17:17:32,472 - INFO - P2 (Round 10) - Epoch 10/10 | Loss: 0.0644 | Acc: 0.9772 | Val Loss: 0.0657 | Val Acc: 0.9770 | Time: 12.42s
2025-04-18 17:17:35,276 - INFO - Round 10 completed in 246.49s
2025-04-18 17:17:35,276 - INFO - Global Model - P1 Test: Loss = 3.5386, Accuracy = 0.5485
2025-04-18 17:17:35,276 - INFO - Global Model - P2 Test: Loss = 2.3975, Accuracy = 0.6262
2025-04-18 17:17:37,997 - INFO - Final Results after 10 rounds:
2025-04-18 17:17:37,997 - INFO - Global Model - P1 Test: Loss = 3.5386, Accuracy = 0.5485
2025-04-18 17:17:37,997 - INFO - Global Model - P2 Test: Loss = 2.3975, Accuracy = 0.6262
2025-04-18 17:17:38,009 - INFO - Experiment 86 results saved to results/suppression_experiments/exp_86_p1f8_p2f13.json
