2025-04-18 19:51:41,180 - INFO - Starting Suppression Experiment 111
2025-04-18 19:51:41,180 - INFO - P1 Features (7/14): ['protocol', 'bidirectional_min_ps', 'bidirectional_mean_ps', 'bidirectional_stddev_ps', 'bidirectional_max_ps', 'src2dst_stddev_ps', 'src2dst_max_ps']
2025-04-18 19:51:41,180 - INFO - P2 Features (2/14): ['protocol', 'bidirectional_min_ps']
2025-04-18 19:51:50,990 - INFO - P1 (Round 1) - Epoch 1/10 | Loss: 0.1646 | Acc: 0.9497 | Val Loss: 0.0497 | Val Acc: 0.9865 | Time: 9.74s
2025-04-18 19:52:00,942 - INFO - P1 (Round 1) - Epoch 2/10 | Loss: 0.0419 | Acc: 0.9880 | Val Loss: 0.0379 | Val Acc: 0.9891 | Time: 9.95s
2025-04-18 19:52:11,030 - INFO - P1 (Round 1) - Epoch 3/10 | Loss: 0.0355 | Acc: 0.9899 | Val Loss: 0.0343 | Val Acc: 0.9894 | Time: 10.09s
2025-04-18 19:52:21,510 - INFO - P1 (Round 1) - Epoch 4/10 | Loss: 0.0323 | Acc: 0.9909 | Val Loss: 0.0322 | Val Acc: 0.9908 | Time: 10.48s
2025-04-18 19:52:32,798 - INFO - P1 (Round 1) - Epoch 5/10 | Loss: 0.0304 | Acc: 0.9915 | Val Loss: 0.0313 | Val Acc: 0.9915 | Time: 11.29s
2025-04-18 19:52:42,670 - INFO - P1 (Round 1) - Epoch 6/10 | Loss: 0.0291 | Acc: 0.9919 | Val Loss: 0.0293 | Val Acc: 0.9920 | Time: 9.87s
2025-04-18 19:52:52,612 - INFO - P1 (Round 1) - Epoch 7/10 | Loss: 0.0281 | Acc: 0.9922 | Val Loss: 0.0302 | Val Acc: 0.9922 | Time: 9.94s
2025-04-18 19:53:02,599 - INFO - P1 (Round 1) - Epoch 8/10 | Loss: 0.0271 | Acc: 0.9926 | Val Loss: 0.0282 | Val Acc: 0.9922 | Time: 9.99s
2025-04-18 19:53:12,588 - INFO - P1 (Round 1) - Epoch 9/10 | Loss: 0.0263 | Acc: 0.9927 | Val Loss: 0.0276 | Val Acc: 0.9928 | Time: 9.99s
2025-04-18 19:53:22,852 - INFO - P1 (Round 1) - Epoch 10/10 | Loss: 0.0256 | Acc: 0.9929 | Val Loss: 0.0258 | Val Acc: 0.9927 | Time: 10.26s
2025-04-18 19:53:32,946 - INFO - P2 (Round 1) - Epoch 1/10 | Loss: 0.8742 | Acc: 0.6661 | Val Loss: 0.8297 | Val Acc: 0.6785 | Time: 10.09s
2025-04-18 19:53:44,307 - INFO - P2 (Round 1) - Epoch 2/10 | Loss: 0.8296 | Acc: 0.6785 | Val Loss: 0.8300 | Val Acc: 0.6785 | Time: 11.36s
2025-04-18 19:53:53,957 - INFO - P2 (Round 1) - Epoch 3/10 | Loss: 0.8295 | Acc: 0.6785 | Val Loss: 0.8295 | Val Acc: 0.6785 | Time: 9.65s
2025-04-18 19:54:03,860 - INFO - P2 (Round 1) - Epoch 4/10 | Loss: 0.8294 | Acc: 0.6785 | Val Loss: 0.8296 | Val Acc: 0.6785 | Time: 9.90s
2025-04-18 19:54:13,763 - INFO - P2 (Round 1) - Epoch 5/10 | Loss: 0.8293 | Acc: 0.6785 | Val Loss: 0.8292 | Val Acc: 0.6785 | Time: 9.90s
2025-04-18 19:54:23,670 - INFO - P2 (Round 1) - Epoch 6/10 | Loss: 0.8292 | Acc: 0.6785 | Val Loss: 0.8293 | Val Acc: 0.6785 | Time: 9.91s
2025-04-18 19:54:33,364 - INFO - P2 (Round 1) - Epoch 7/10 | Loss: 0.8291 | Acc: 0.6785 | Val Loss: 0.8288 | Val Acc: 0.6785 | Time: 9.69s
2025-04-18 19:54:43,876 - INFO - P2 (Round 1) - Epoch 8/10 | Loss: 0.8290 | Acc: 0.6785 | Val Loss: 0.8294 | Val Acc: 0.6785 | Time: 10.51s
2025-04-18 19:54:55,284 - INFO - P2 (Round 1) - Epoch 9/10 | Loss: 0.8290 | Acc: 0.6785 | Val Loss: 0.8287 | Val Acc: 0.6785 | Time: 11.41s
2025-04-18 19:55:05,475 - INFO - P2 (Round 1) - Epoch 10/10 | Loss: 0.8290 | Acc: 0.6785 | Val Loss: 0.8288 | Val Acc: 0.6785 | Time: 10.19s
2025-04-18 19:55:07,754 - INFO - Round 1 completed in 206.51s
2025-04-18 19:55:07,754 - INFO - Global Model - P1 Test: Loss = 4.0769, Accuracy = 0.1883
2025-04-18 19:55:07,754 - INFO - Global Model - P2 Test: Loss = 1.3235, Accuracy = 0.3614
2025-04-18 19:55:17,729 - INFO - P1 (Round 2) - Epoch 1/10 | Loss: 0.0823 | Acc: 0.9787 | Val Loss: 0.0388 | Val Acc: 0.9887 | Time: 9.97s
2025-04-18 19:55:27,727 - INFO - P1 (Round 2) - Epoch 2/10 | Loss: 0.0346 | Acc: 0.9898 | Val Loss: 0.0313 | Val Acc: 0.9900 | Time: 10.00s
2025-04-18 19:55:37,710 - INFO - P1 (Round 2) - Epoch 3/10 | Loss: 0.0295 | Acc: 0.9916 | Val Loss: 0.0287 | Val Acc: 0.9923 | Time: 9.98s
2025-04-18 19:55:47,888 - INFO - P1 (Round 2) - Epoch 4/10 | Loss: 0.0273 | Acc: 0.9923 | Val Loss: 0.0273 | Val Acc: 0.9927 | Time: 10.18s
2025-04-18 19:55:58,703 - INFO - P1 (Round 2) - Epoch 5/10 | Loss: 0.0262 | Acc: 0.9926 | Val Loss: 0.0255 | Val Acc: 0.9929 | Time: 10.82s
2025-04-18 19:56:09,541 - INFO - P1 (Round 2) - Epoch 6/10 | Loss: 0.0253 | Acc: 0.9929 | Val Loss: 0.0255 | Val Acc: 0.9927 | Time: 10.84s
2025-04-18 19:56:19,763 - INFO - P1 (Round 2) - Epoch 7/10 | Loss: 0.0247 | Acc: 0.9931 | Val Loss: 0.0244 | Val Acc: 0.9935 | Time: 10.22s
2025-04-18 19:56:29,919 - INFO - P1 (Round 2) - Epoch 8/10 | Loss: 0.0242 | Acc: 0.9933 | Val Loss: 0.0261 | Val Acc: 0.9924 | Time: 10.16s
2025-04-18 19:56:40,356 - INFO - P1 (Round 2) - Epoch 9/10 | Loss: 0.0239 | Acc: 0.9934 | Val Loss: 0.0244 | Val Acc: 0.9935 | Time: 10.44s
2025-04-18 19:56:56,751 - INFO - P1 (Round 2) - Epoch 10/10 | Loss: 0.0233 | Acc: 0.9936 | Val Loss: 0.0233 | Val Acc: 0.9939 | Time: 16.40s
2025-04-18 19:57:09,912 - INFO - P2 (Round 2) - Epoch 1/10 | Loss: 0.8359 | Acc: 0.6777 | Val Loss: 0.8295 | Val Acc: 0.6785 | Time: 13.16s
2025-04-18 19:57:22,958 - INFO - P2 (Round 2) - Epoch 2/10 | Loss: 0.8292 | Acc: 0.6785 | Val Loss: 0.8292 | Val Acc: 0.6785 | Time: 13.05s
2025-04-18 19:57:34,391 - INFO - P2 (Round 2) - Epoch 3/10 | Loss: 0.8291 | Acc: 0.6785 | Val Loss: 0.8291 | Val Acc: 0.6785 | Time: 11.43s
2025-04-18 19:57:44,164 - INFO - P2 (Round 2) - Epoch 4/10 | Loss: 0.8290 | Acc: 0.6785 | Val Loss: 0.8291 | Val Acc: 0.6785 | Time: 9.77s
2025-04-18 19:57:53,938 - INFO - P2 (Round 2) - Epoch 5/10 | Loss: 0.8289 | Acc: 0.6785 | Val Loss: 0.8288 | Val Acc: 0.6785 | Time: 9.77s
2025-04-18 19:58:03,795 - INFO - P2 (Round 2) - Epoch 6/10 | Loss: 0.8289 | Acc: 0.6785 | Val Loss: 0.8287 | Val Acc: 0.6785 | Time: 9.86s
2025-04-18 19:58:13,872 - INFO - P2 (Round 2) - Epoch 7/10 | Loss: 0.8288 | Acc: 0.6785 | Val Loss: 0.8288 | Val Acc: 0.6785 | Time: 10.08s
2025-04-18 19:58:25,372 - INFO - P2 (Round 2) - Epoch 8/10 | Loss: 0.8288 | Acc: 0.6785 | Val Loss: 0.8287 | Val Acc: 0.6785 | Time: 11.50s
2025-04-18 19:58:35,125 - INFO - P2 (Round 2) - Epoch 9/10 | Loss: 0.8288 | Acc: 0.6785 | Val Loss: 0.8288 | Val Acc: 0.6785 | Time: 9.75s
2025-04-18 19:58:44,845 - INFO - P2 (Round 2) - Epoch 10/10 | Loss: 0.8287 | Acc: 0.6785 | Val Loss: 0.8289 | Val Acc: 0.6785 | Time: 9.72s
2025-04-18 19:58:47,176 - INFO - Round 2 completed in 219.42s
2025-04-18 19:58:47,176 - INFO - Global Model - P1 Test: Loss = 2.4980, Accuracy = 0.5163
2025-04-18 19:58:47,176 - INFO - Global Model - P2 Test: Loss = 0.9859, Accuracy = 0.6573
2025-04-18 19:58:57,150 - INFO - P1 (Round 3) - Epoch 1/10 | Loss: 0.0495 | Acc: 0.9867 | Val Loss: 0.0285 | Val Acc: 0.9923 | Time: 9.97s
2025-04-18 19:59:07,161 - INFO - P1 (Round 3) - Epoch 2/10 | Loss: 0.0270 | Acc: 0.9925 | Val Loss: 0.0261 | Val Acc: 0.9929 | Time: 10.01s
2025-04-18 19:59:17,212 - INFO - P1 (Round 3) - Epoch 3/10 | Loss: 0.0255 | Acc: 0.9929 | Val Loss: 0.0254 | Val Acc: 0.9931 | Time: 10.05s
2025-04-18 19:59:27,183 - INFO - P1 (Round 3) - Epoch 4/10 | Loss: 0.0247 | Acc: 0.9931 | Val Loss: 0.0254 | Val Acc: 0.9930 | Time: 9.97s
2025-04-18 19:59:38,954 - INFO - P1 (Round 3) - Epoch 5/10 | Loss: 0.0243 | Acc: 0.9933 | Val Loss: 0.0253 | Val Acc: 0.9927 | Time: 11.77s
2025-04-18 19:59:48,797 - INFO - P1 (Round 3) - Epoch 6/10 | Loss: 0.0239 | Acc: 0.9934 | Val Loss: 0.0241 | Val Acc: 0.9932 | Time: 9.84s
2025-04-18 19:59:58,861 - INFO - P1 (Round 3) - Epoch 7/10 | Loss: 0.0235 | Acc: 0.9935 | Val Loss: 0.0243 | Val Acc: 0.9932 | Time: 10.06s
2025-04-18 20:00:09,070 - INFO - P1 (Round 3) - Epoch 8/10 | Loss: 0.0231 | Acc: 0.9936 | Val Loss: 0.0238 | Val Acc: 0.9938 | Time: 10.21s
2025-04-18 20:00:19,078 - INFO - P1 (Round 3) - Epoch 9/10 | Loss: 0.0229 | Acc: 0.9936 | Val Loss: 0.0231 | Val Acc: 0.9936 | Time: 10.01s
2025-04-18 20:00:28,976 - INFO - P1 (Round 3) - Epoch 10/10 | Loss: 0.0226 | Acc: 0.9938 | Val Loss: 0.0222 | Val Acc: 0.9941 | Time: 9.90s
2025-04-18 20:00:40,018 - INFO - P2 (Round 3) - Epoch 1/10 | Loss: 0.8302 | Acc: 0.6785 | Val Loss: 0.8288 | Val Acc: 0.6785 | Time: 11.04s
2025-04-18 20:00:52,643 - INFO - P2 (Round 3) - Epoch 2/10 | Loss: 0.8294 | Acc: 0.6785 | Val Loss: 0.8292 | Val Acc: 0.6785 | Time: 12.63s
2025-04-18 20:01:04,425 - INFO - P2 (Round 3) - Epoch 3/10 | Loss: 0.8293 | Acc: 0.6785 | Val Loss: 0.8299 | Val Acc: 0.6785 | Time: 11.78s
2025-04-18 20:01:16,068 - INFO - P2 (Round 3) - Epoch 4/10 | Loss: 0.8292 | Acc: 0.6785 | Val Loss: 0.8289 | Val Acc: 0.6785 | Time: 11.64s
2025-04-18 20:01:27,604 - INFO - P2 (Round 3) - Epoch 5/10 | Loss: 0.8292 | Acc: 0.6785 | Val Loss: 0.8292 | Val Acc: 0.6785 | Time: 11.54s
2025-04-18 20:01:39,278 - INFO - P2 (Round 3) - Epoch 6/10 | Loss: 0.8292 | Acc: 0.6785 | Val Loss: 0.8289 | Val Acc: 0.6785 | Time: 11.67s
2025-04-18 20:01:51,104 - INFO - P2 (Round 3) - Epoch 7/10 | Loss: 0.8291 | Acc: 0.6785 | Val Loss: 0.8288 | Val Acc: 0.6785 | Time: 11.83s
2025-04-18 20:02:04,269 - INFO - P2 (Round 3) - Epoch 8/10 | Loss: 0.8291 | Acc: 0.6785 | Val Loss: 0.8290 | Val Acc: 0.6785 | Time: 13.17s
2025-04-18 20:02:14,281 - INFO - P2 (Round 3) - Epoch 9/10 | Loss: 0.8290 | Acc: 0.6785 | Val Loss: 0.8290 | Val Acc: 0.6785 | Time: 10.01s
2025-04-18 20:02:24,642 - INFO - P2 (Round 3) - Epoch 10/10 | Loss: 0.8290 | Acc: 0.6785 | Val Loss: 0.8287 | Val Acc: 0.6785 | Time: 10.36s
2025-04-18 20:02:27,053 - INFO - Round 3 completed in 219.88s
2025-04-18 20:02:27,053 - INFO - Global Model - P1 Test: Loss = 2.6688, Accuracy = 0.4760
2025-04-18 20:02:27,053 - INFO - Global Model - P2 Test: Loss = 0.9892, Accuracy = 0.6028
2025-04-18 20:02:37,015 - INFO - P1 (Round 4) - Epoch 1/10 | Loss: 0.0397 | Acc: 0.9894 | Val Loss: 0.0256 | Val Acc: 0.9928 | Time: 9.96s
2025-04-18 20:02:47,053 - INFO - P1 (Round 4) - Epoch 2/10 | Loss: 0.0240 | Acc: 0.9933 | Val Loss: 0.0249 | Val Acc: 0.9928 | Time: 10.04s
2025-04-18 20:02:56,964 - INFO - P1 (Round 4) - Epoch 3/10 | Loss: 0.0233 | Acc: 0.9935 | Val Loss: 0.0233 | Val Acc: 0.9940 | Time: 9.91s
2025-04-18 20:03:08,621 - INFO - P1 (Round 4) - Epoch 4/10 | Loss: 0.0229 | Acc: 0.9937 | Val Loss: 0.0263 | Val Acc: 0.9931 | Time: 11.66s
2025-04-18 20:03:18,705 - INFO - P1 (Round 4) - Epoch 5/10 | Loss: 0.0225 | Acc: 0.9938 | Val Loss: 0.0226 | Val Acc: 0.9943 | Time: 10.08s
2025-04-18 20:03:28,736 - INFO - P1 (Round 4) - Epoch 6/10 | Loss: 0.0222 | Acc: 0.9938 | Val Loss: 0.0228 | Val Acc: 0.9932 | Time: 10.03s
2025-04-18 20:03:38,759 - INFO - P1 (Round 4) - Epoch 7/10 | Loss: 0.0220 | Acc: 0.9939 | Val Loss: 0.0216 | Val Acc: 0.9942 | Time: 10.02s
2025-04-18 20:03:48,549 - INFO - P1 (Round 4) - Epoch 8/10 | Loss: 0.0218 | Acc: 0.9940 | Val Loss: 0.0211 | Val Acc: 0.9944 | Time: 9.79s
2025-04-18 20:03:58,642 - INFO - P1 (Round 4) - Epoch 9/10 | Loss: 0.0216 | Acc: 0.9940 | Val Loss: 0.0228 | Val Acc: 0.9929 | Time: 10.09s
2025-04-18 20:04:08,531 - INFO - P1 (Round 4) - Epoch 10/10 | Loss: 0.0213 | Acc: 0.9941 | Val Loss: 0.0214 | Val Acc: 0.9945 | Time: 9.89s
2025-04-18 20:04:19,822 - INFO - P2 (Round 4) - Epoch 1/10 | Loss: 0.8298 | Acc: 0.6784 | Val Loss: 0.8290 | Val Acc: 0.6785 | Time: 11.29s
2025-04-18 20:04:29,702 - INFO - P2 (Round 4) - Epoch 2/10 | Loss: 0.8292 | Acc: 0.6785 | Val Loss: 0.8288 | Val Acc: 0.6785 | Time: 9.88s
2025-04-18 20:04:39,503 - INFO - P2 (Round 4) - Epoch 3/10 | Loss: 0.8291 | Acc: 0.6785 | Val Loss: 0.8302 | Val Acc: 0.6785 | Time: 9.80s
2025-04-18 20:04:49,196 - INFO - P2 (Round 4) - Epoch 4/10 | Loss: 0.8291 | Acc: 0.6785 | Val Loss: 0.8293 | Val Acc: 0.6785 | Time: 9.69s
2025-04-18 20:04:59,112 - INFO - P2 (Round 4) - Epoch 5/10 | Loss: 0.8290 | Acc: 0.6785 | Val Loss: 0.8289 | Val Acc: 0.6785 | Time: 9.92s
2025-04-18 20:05:09,317 - INFO - P2 (Round 4) - Epoch 6/10 | Loss: 0.8290 | Acc: 0.6785 | Val Loss: 0.8288 | Val Acc: 0.6785 | Time: 10.20s
2025-04-18 20:05:19,056 - INFO - P2 (Round 4) - Epoch 7/10 | Loss: 0.8289 | Acc: 0.6785 | Val Loss: 0.8287 | Val Acc: 0.6785 | Time: 9.74s
2025-04-18 20:05:30,470 - INFO - P2 (Round 4) - Epoch 8/10 | Loss: 0.8289 | Acc: 0.6785 | Val Loss: 0.8287 | Val Acc: 0.6785 | Time: 11.41s
2025-04-18 20:05:40,622 - INFO - P2 (Round 4) - Epoch 9/10 | Loss: 0.8288 | Acc: 0.6785 | Val Loss: 0.8287 | Val Acc: 0.6785 | Time: 10.15s
2025-04-18 20:05:50,444 - INFO - P2 (Round 4) - Epoch 10/10 | Loss: 0.8288 | Acc: 0.6785 | Val Loss: 0.8292 | Val Acc: 0.6785 | Time: 9.82s
2025-04-18 20:05:52,728 - INFO - Round 4 completed in 205.67s
2025-04-18 20:05:52,728 - INFO - Global Model - P1 Test: Loss = 3.0388, Accuracy = 0.4932
2025-04-18 20:05:52,728 - INFO - Global Model - P2 Test: Loss = 0.9080, Accuracy = 0.6642
2025-04-18 20:06:02,709 - INFO - P1 (Round 5) - Epoch 1/10 | Loss: 0.0412 | Acc: 0.9892 | Val Loss: 0.0268 | Val Acc: 0.9921 | Time: 9.98s
2025-04-18 20:06:12,644 - INFO - P1 (Round 5) - Epoch 2/10 | Loss: 0.0229 | Acc: 0.9936 | Val Loss: 0.0236 | Val Acc: 0.9935 | Time: 9.93s
2025-04-18 20:06:22,521 - INFO - P1 (Round 5) - Epoch 3/10 | Loss: 0.0223 | Acc: 0.9939 | Val Loss: 0.0220 | Val Acc: 0.9939 | Time: 9.88s
2025-04-18 20:06:32,488 - INFO - P1 (Round 5) - Epoch 4/10 | Loss: 0.0219 | Acc: 0.9940 | Val Loss: 0.0233 | Val Acc: 0.9942 | Time: 9.97s
2025-04-18 20:06:44,093 - INFO - P1 (Round 5) - Epoch 5/10 | Loss: 0.0215 | Acc: 0.9940 | Val Loss: 0.0224 | Val Acc: 0.9937 | Time: 11.61s
2025-04-18 20:06:54,167 - INFO - P1 (Round 5) - Epoch 6/10 | Loss: 0.0211 | Acc: 0.9941 | Val Loss: 0.0265 | Val Acc: 0.9920 | Time: 10.07s
2025-04-18 20:07:04,206 - INFO - P1 (Round 5) - Epoch 7/10 | Loss: 0.0210 | Acc: 0.9942 | Val Loss: 0.0205 | Val Acc: 0.9941 | Time: 10.04s
2025-04-18 20:07:14,228 - INFO - P1 (Round 5) - Epoch 8/10 | Loss: 0.0209 | Acc: 0.9942 | Val Loss: 0.0205 | Val Acc: 0.9947 | Time: 10.02s
2025-04-18 20:07:24,536 - INFO - P1 (Round 5) - Epoch 9/10 | Loss: 0.0205 | Acc: 0.9943 | Val Loss: 0.0216 | Val Acc: 0.9935 | Time: 10.31s
2025-04-18 20:07:34,833 - INFO - P1 (Round 5) - Epoch 10/10 | Loss: 0.0203 | Acc: 0.9944 | Val Loss: 0.0197 | Val Acc: 0.9948 | Time: 10.30s
2025-04-18 20:07:46,869 - INFO - P2 (Round 5) - Epoch 1/10 | Loss: 0.8294 | Acc: 0.6785 | Val Loss: 0.8287 | Val Acc: 0.6785 | Time: 12.04s
2025-04-18 20:07:59,545 - INFO - P2 (Round 5) - Epoch 2/10 | Loss: 0.8290 | Acc: 0.6785 | Val Loss: 0.8291 | Val Acc: 0.6785 | Time: 12.68s
2025-04-18 20:08:11,184 - INFO - P2 (Round 5) - Epoch 3/10 | Loss: 0.8290 | Acc: 0.6785 | Val Loss: 0.8286 | Val Acc: 0.6785 | Time: 11.64s
2025-04-18 20:08:22,751 - INFO - P2 (Round 5) - Epoch 4/10 | Loss: 0.8289 | Acc: 0.6785 | Val Loss: 0.8288 | Val Acc: 0.6785 | Time: 11.57s
2025-04-18 20:08:34,383 - INFO - P2 (Round 5) - Epoch 5/10 | Loss: 0.8289 | Acc: 0.6785 | Val Loss: 0.8289 | Val Acc: 0.6785 | Time: 11.63s
2025-04-18 20:08:46,073 - INFO - P2 (Round 5) - Epoch 6/10 | Loss: 0.8289 | Acc: 0.6785 | Val Loss: 0.8290 | Val Acc: 0.6785 | Time: 11.69s
2025-04-18 20:08:57,788 - INFO - P2 (Round 5) - Epoch 7/10 | Loss: 0.8288 | Acc: 0.6785 | Val Loss: 0.8287 | Val Acc: 0.6785 | Time: 11.71s
2025-04-18 20:09:10,505 - INFO - P2 (Round 5) - Epoch 8/10 | Loss: 0.8288 | Acc: 0.6785 | Val Loss: 0.8286 | Val Acc: 0.6785 | Time: 12.72s
2025-04-18 20:09:22,503 - INFO - P2 (Round 5) - Epoch 9/10 | Loss: 0.8288 | Acc: 0.6785 | Val Loss: 0.8292 | Val Acc: 0.6783 | Time: 12.00s
2025-04-18 20:09:34,247 - INFO - P2 (Round 5) - Epoch 10/10 | Loss: 0.8288 | Acc: 0.6785 | Val Loss: 0.8288 | Val Acc: 0.6785 | Time: 11.74s
2025-04-18 20:09:36,663 - INFO - Round 5 completed in 223.94s
2025-04-18 20:09:36,663 - INFO - Global Model - P1 Test: Loss = 2.6233, Accuracy = 0.4991
2025-04-18 20:09:36,664 - INFO - Global Model - P2 Test: Loss = 0.9585, Accuracy = 0.6097
2025-04-18 20:09:48,496 - INFO - P1 (Round 6) - Epoch 1/10 | Loss: 0.0370 | Acc: 0.9902 | Val Loss: 0.0224 | Val Acc: 0.9942 | Time: 11.83s
2025-04-18 20:10:00,138 - INFO - P1 (Round 6) - Epoch 2/10 | Loss: 0.0212 | Acc: 0.9941 | Val Loss: 0.0220 | Val Acc: 0.9943 | Time: 11.64s
2025-04-18 20:10:12,461 - INFO - P1 (Round 6) - Epoch 3/10 | Loss: 0.0205 | Acc: 0.9943 | Val Loss: 0.0213 | Val Acc: 0.9945 | Time: 12.32s
2025-04-18 20:10:25,050 - INFO - P1 (Round 6) - Epoch 4/10 | Loss: 0.0201 | Acc: 0.9944 | Val Loss: 0.0204 | Val Acc: 0.9942 | Time: 12.59s
2025-04-18 20:10:36,784 - INFO - P1 (Round 6) - Epoch 5/10 | Loss: 0.0199 | Acc: 0.9945 | Val Loss: 0.0194 | Val Acc: 0.9945 | Time: 11.73s
2025-04-18 20:10:48,381 - INFO - P1 (Round 6) - Epoch 6/10 | Loss: 0.0197 | Acc: 0.9945 | Val Loss: 0.0195 | Val Acc: 0.9943 | Time: 11.60s
2025-04-18 20:11:00,043 - INFO - P1 (Round 6) - Epoch 7/10 | Loss: 0.0194 | Acc: 0.9946 | Val Loss: 0.0194 | Val Acc: 0.9947 | Time: 11.66s
2025-04-18 20:11:11,908 - INFO - P1 (Round 6) - Epoch 8/10 | Loss: 0.0192 | Acc: 0.9947 | Val Loss: 0.0196 | Val Acc: 0.9941 | Time: 11.86s
2025-04-18 20:11:24,061 - INFO - P1 (Round 6) - Epoch 9/10 | Loss: 0.0192 | Acc: 0.9947 | Val Loss: 0.0193 | Val Acc: 0.9944 | Time: 12.15s
2025-04-18 20:11:36,571 - INFO - P1 (Round 6) - Epoch 10/10 | Loss: 0.0191 | Acc: 0.9948 | Val Loss: 0.0205 | Val Acc: 0.9950 | Time: 12.51s
2025-04-18 20:11:48,400 - INFO - P2 (Round 6) - Epoch 1/10 | Loss: 0.8297 | Acc: 0.6785 | Val Loss: 0.8303 | Val Acc: 0.6785 | Time: 11.83s
2025-04-18 20:12:00,252 - INFO - P2 (Round 6) - Epoch 2/10 | Loss: 0.8290 | Acc: 0.6785 | Val Loss: 0.8290 | Val Acc: 0.6785 | Time: 11.85s
2025-04-18 20:12:11,787 - INFO - P2 (Round 6) - Epoch 3/10 | Loss: 0.8289 | Acc: 0.6785 | Val Loss: 0.8290 | Val Acc: 0.6785 | Time: 11.54s
2025-04-18 20:12:23,633 - INFO - P2 (Round 6) - Epoch 4/10 | Loss: 0.8289 | Acc: 0.6785 | Val Loss: 0.8290 | Val Acc: 0.6785 | Time: 11.84s
2025-04-18 20:12:35,916 - INFO - P2 (Round 6) - Epoch 5/10 | Loss: 0.8289 | Acc: 0.6785 | Val Loss: 0.8289 | Val Acc: 0.6785 | Time: 12.28s
2025-04-18 20:12:48,343 - INFO - P2 (Round 6) - Epoch 6/10 | Loss: 0.8288 | Acc: 0.6785 | Val Loss: 0.8289 | Val Acc: 0.6785 | Time: 12.43s
2025-04-18 20:12:59,941 - INFO - P2 (Round 6) - Epoch 7/10 | Loss: 0.8288 | Acc: 0.6785 | Val Loss: 0.8295 | Val Acc: 0.6785 | Time: 11.60s
2025-04-18 20:13:11,795 - INFO - P2 (Round 6) - Epoch 8/10 | Loss: 0.8288 | Acc: 0.6785 | Val Loss: 0.8287 | Val Acc: 0.6785 | Time: 11.85s
2025-04-18 20:13:23,384 - INFO - P2 (Round 6) - Epoch 9/10 | Loss: 0.8288 | Acc: 0.6785 | Val Loss: 0.8288 | Val Acc: 0.6785 | Time: 11.59s
2025-04-18 20:13:35,123 - INFO - P2 (Round 6) - Epoch 10/10 | Loss: 0.8288 | Acc: 0.6785 | Val Loss: 0.8287 | Val Acc: 0.6785 | Time: 11.74s
2025-04-18 20:13:37,615 - INFO - Round 6 completed in 240.95s
2025-04-18 20:13:37,615 - INFO - Global Model - P1 Test: Loss = 2.9643, Accuracy = 0.4820
2025-04-18 20:13:37,615 - INFO - Global Model - P2 Test: Loss = 0.8844, Accuracy = 0.6781
2025-04-18 20:13:50,174 - INFO - P1 (Round 7) - Epoch 1/10 | Loss: 0.0390 | Acc: 0.9895 | Val Loss: 0.0208 | Val Acc: 0.9943 | Time: 12.56s
2025-04-18 20:14:02,475 - INFO - P1 (Round 7) - Epoch 2/10 | Loss: 0.0207 | Acc: 0.9943 | Val Loss: 0.0199 | Val Acc: 0.9947 | Time: 12.30s
2025-04-18 20:14:14,795 - INFO - P1 (Round 7) - Epoch 3/10 | Loss: 0.0201 | Acc: 0.9945 | Val Loss: 0.0203 | Val Acc: 0.9946 | Time: 12.32s
2025-04-18 20:14:27,107 - INFO - P1 (Round 7) - Epoch 4/10 | Loss: 0.0196 | Acc: 0.9946 | Val Loss: 0.0193 | Val Acc: 0.9949 | Time: 12.31s
2025-04-18 20:14:40,506 - INFO - P1 (Round 7) - Epoch 5/10 | Loss: 0.0194 | Acc: 0.9946 | Val Loss: 0.0247 | Val Acc: 0.9926 | Time: 13.40s
2025-04-18 20:14:50,540 - INFO - P1 (Round 7) - Epoch 6/10 | Loss: 0.0190 | Acc: 0.9947 | Val Loss: 0.0199 | Val Acc: 0.9940 | Time: 10.03s
2025-04-18 20:15:02,372 - INFO - P1 (Round 7) - Epoch 7/10 | Loss: 0.0189 | Acc: 0.9948 | Val Loss: 0.0187 | Val Acc: 0.9948 | Time: 11.83s
2025-04-18 20:15:12,417 - INFO - P1 (Round 7) - Epoch 8/10 | Loss: 0.0188 | Acc: 0.9948 | Val Loss: 0.0185 | Val Acc: 0.9952 | Time: 10.05s
2025-04-18 20:15:22,249 - INFO - P1 (Round 7) - Epoch 9/10 | Loss: 0.0186 | Acc: 0.9949 | Val Loss: 0.0189 | Val Acc: 0.9949 | Time: 9.83s
2025-04-18 20:15:32,436 - INFO - P1 (Round 7) - Epoch 10/10 | Loss: 0.0184 | Acc: 0.9949 | Val Loss: 0.0177 | Val Acc: 0.9951 | Time: 10.19s
2025-04-18 20:15:42,805 - INFO - P2 (Round 7) - Epoch 1/10 | Loss: 0.8301 | Acc: 0.6785 | Val Loss: 0.8298 | Val Acc: 0.6785 | Time: 10.37s
2025-04-18 20:15:53,214 - INFO - P2 (Round 7) - Epoch 2/10 | Loss: 0.8291 | Acc: 0.6785 | Val Loss: 0.8292 | Val Acc: 0.6785 | Time: 10.41s
2025-04-18 20:16:03,044 - INFO - P2 (Round 7) - Epoch 3/10 | Loss: 0.8288 | Acc: 0.6785 | Val Loss: 0.8287 | Val Acc: 0.6785 | Time: 9.83s
2025-04-18 20:16:14,776 - INFO - P2 (Round 7) - Epoch 4/10 | Loss: 0.8289 | Acc: 0.6785 | Val Loss: 0.8289 | Val Acc: 0.6785 | Time: 11.73s
2025-04-18 20:16:24,959 - INFO - P2 (Round 7) - Epoch 5/10 | Loss: 0.8289 | Acc: 0.6785 | Val Loss: 0.8309 | Val Acc: 0.6785 | Time: 10.18s
2025-04-18 20:16:34,942 - INFO - P2 (Round 7) - Epoch 6/10 | Loss: 0.8288 | Acc: 0.6785 | Val Loss: 0.8291 | Val Acc: 0.6785 | Time: 9.98s
2025-04-18 20:16:44,412 - INFO - P2 (Round 7) - Epoch 7/10 | Loss: 0.8287 | Acc: 0.6785 | Val Loss: 0.8287 | Val Acc: 0.6785 | Time: 9.47s
2025-04-18 20:16:54,147 - INFO - P2 (Round 7) - Epoch 8/10 | Loss: 0.8288 | Acc: 0.6785 | Val Loss: 0.8290 | Val Acc: 0.6785 | Time: 9.73s
2025-04-18 20:17:03,806 - INFO - P2 (Round 7) - Epoch 9/10 | Loss: 0.8287 | Acc: 0.6785 | Val Loss: 0.8289 | Val Acc: 0.6785 | Time: 9.66s
2025-04-18 20:17:13,735 - INFO - P2 (Round 7) - Epoch 10/10 | Loss: 0.8287 | Acc: 0.6785 | Val Loss: 0.8287 | Val Acc: 0.6785 | Time: 9.93s
2025-04-18 20:17:15,983 - INFO - Round 7 completed in 218.37s
2025-04-18 20:17:15,983 - INFO - Global Model - P1 Test: Loss = 3.3352, Accuracy = 0.4547
2025-04-18 20:17:15,983 - INFO - Global Model - P2 Test: Loss = 1.0087, Accuracy = 0.6781
2025-04-18 20:17:27,653 - INFO - P1 (Round 8) - Epoch 1/10 | Loss: 0.0441 | Acc: 0.9884 | Val Loss: 0.0209 | Val Acc: 0.9942 | Time: 11.67s
2025-04-18 20:17:37,700 - INFO - P1 (Round 8) - Epoch 2/10 | Loss: 0.0200 | Acc: 0.9945 | Val Loss: 0.0201 | Val Acc: 0.9944 | Time: 10.05s
2025-04-18 20:17:47,696 - INFO - P1 (Round 8) - Epoch 3/10 | Loss: 0.0192 | Acc: 0.9947 | Val Loss: 0.0214 | Val Acc: 0.9937 | Time: 10.00s
2025-04-18 20:17:58,083 - INFO - P1 (Round 8) - Epoch 4/10 | Loss: 0.0189 | Acc: 0.9948 | Val Loss: 0.0190 | Val Acc: 0.9948 | Time: 10.39s
2025-04-18 20:18:07,985 - INFO - P1 (Round 8) - Epoch 5/10 | Loss: 0.0186 | Acc: 0.9949 | Val Loss: 0.0206 | Val Acc: 0.9942 | Time: 9.90s
2025-04-18 20:18:18,083 - INFO - P1 (Round 8) - Epoch 6/10 | Loss: 0.0184 | Acc: 0.9949 | Val Loss: 0.0179 | Val Acc: 0.9948 | Time: 10.10s
2025-04-18 20:18:28,145 - INFO - P1 (Round 8) - Epoch 7/10 | Loss: 0.0180 | Acc: 0.9950 | Val Loss: 0.0178 | Val Acc: 0.9951 | Time: 10.06s
2025-04-18 20:18:39,840 - INFO - P1 (Round 8) - Epoch 8/10 | Loss: 0.0178 | Acc: 0.9951 | Val Loss: 0.0188 | Val Acc: 0.9945 | Time: 11.69s
2025-04-18 20:18:49,761 - INFO - P1 (Round 8) - Epoch 9/10 | Loss: 0.0177 | Acc: 0.9951 | Val Loss: 0.0178 | Val Acc: 0.9954 | Time: 9.92s
2025-04-18 20:18:59,664 - INFO - P1 (Round 8) - Epoch 10/10 | Loss: 0.0174 | Acc: 0.9952 | Val Loss: 0.0186 | Val Acc: 0.9956 | Time: 9.90s
2025-04-18 20:19:09,893 - INFO - P2 (Round 8) - Epoch 1/10 | Loss: 0.8301 | Acc: 0.6785 | Val Loss: 0.8289 | Val Acc: 0.6785 | Time: 10.23s
2025-04-18 20:19:19,837 - INFO - P2 (Round 8) - Epoch 2/10 | Loss: 0.8296 | Acc: 0.6785 | Val Loss: 0.8292 | Val Acc: 0.6785 | Time: 9.94s
2025-04-18 20:19:29,831 - INFO - P2 (Round 8) - Epoch 3/10 | Loss: 0.8295 | Acc: 0.6785 | Val Loss: 0.8286 | Val Acc: 0.6785 | Time: 9.99s
2025-04-18 20:19:39,857 - INFO - P2 (Round 8) - Epoch 4/10 | Loss: 0.8294 | Acc: 0.6785 | Val Loss: 0.8293 | Val Acc: 0.6785 | Time: 10.03s
2025-04-18 20:19:51,336 - INFO - P2 (Round 8) - Epoch 5/10 | Loss: 0.8294 | Acc: 0.6785 | Val Loss: 0.8297 | Val Acc: 0.6785 | Time: 11.48s
2025-04-18 20:20:01,115 - INFO - P2 (Round 8) - Epoch 6/10 | Loss: 0.8293 | Acc: 0.6785 | Val Loss: 0.8289 | Val Acc: 0.6785 | Time: 9.78s
2025-04-18 20:20:10,934 - INFO - P2 (Round 8) - Epoch 7/10 | Loss: 0.8292 | Acc: 0.6785 | Val Loss: 0.8303 | Val Acc: 0.6785 | Time: 9.82s
2025-04-18 20:20:21,813 - INFO - P2 (Round 8) - Epoch 8/10 | Loss: 0.8292 | Acc: 0.6785 | Val Loss: 0.8297 | Val Acc: 0.6785 | Time: 10.88s
2025-04-18 20:20:33,555 - INFO - P2 (Round 8) - Epoch 9/10 | Loss: 0.8291 | Acc: 0.6785 | Val Loss: 0.8288 | Val Acc: 0.6785 | Time: 11.74s
2025-04-18 20:20:45,292 - INFO - P2 (Round 8) - Epoch 10/10 | Loss: 0.8291 | Acc: 0.6785 | Val Loss: 0.8289 | Val Acc: 0.6785 | Time: 11.74s
2025-04-18 20:20:47,864 - INFO - Round 8 completed in 211.88s
2025-04-18 20:20:47,864 - INFO - Global Model - P1 Test: Loss = 2.3187, Accuracy = 0.5170
2025-04-18 20:20:47,865 - INFO - Global Model - P2 Test: Loss = 1.1479, Accuracy = 0.6197
2025-04-18 20:21:00,975 - INFO - P1 (Round 9) - Epoch 1/10 | Loss: 0.0340 | Acc: 0.9913 | Val Loss: 0.0203 | Val Acc: 0.9942 | Time: 13.11s
2025-04-18 20:21:13,176 - INFO - P1 (Round 9) - Epoch 2/10 | Loss: 0.0186 | Acc: 0.9949 | Val Loss: 0.0182 | Val Acc: 0.9951 | Time: 12.20s
2025-04-18 20:21:25,362 - INFO - P1 (Round 9) - Epoch 3/10 | Loss: 0.0181 | Acc: 0.9950 | Val Loss: 0.0185 | Val Acc: 0.9949 | Time: 12.19s
2025-04-18 20:21:37,379 - INFO - P1 (Round 9) - Epoch 4/10 | Loss: 0.0178 | Acc: 0.9952 | Val Loss: 0.0181 | Val Acc: 0.9952 | Time: 12.02s
2025-04-18 20:21:49,342 - INFO - P1 (Round 9) - Epoch 5/10 | Loss: 0.0176 | Acc: 0.9952 | Val Loss: 0.0171 | Val Acc: 0.9954 | Time: 11.96s
2025-04-18 20:22:01,280 - INFO - P1 (Round 9) - Epoch 6/10 | Loss: 0.0174 | Acc: 0.9952 | Val Loss: 0.0176 | Val Acc: 0.9949 | Time: 11.94s
2025-04-18 20:22:14,291 - INFO - P1 (Round 9) - Epoch 7/10 | Loss: 0.0173 | Acc: 0.9953 | Val Loss: 0.0179 | Val Acc: 0.9954 | Time: 13.01s
2025-04-18 20:22:26,087 - INFO - P1 (Round 9) - Epoch 8/10 | Loss: 0.0171 | Acc: 0.9953 | Val Loss: 0.0168 | Val Acc: 0.9955 | Time: 11.80s
2025-04-18 20:22:38,060 - INFO - P1 (Round 9) - Epoch 9/10 | Loss: 0.0170 | Acc: 0.9954 | Val Loss: 0.0173 | Val Acc: 0.9952 | Time: 11.97s
2025-04-18 20:22:49,836 - INFO - P1 (Round 9) - Epoch 10/10 | Loss: 0.0169 | Acc: 0.9954 | Val Loss: 0.0215 | Val Acc: 0.9936 | Time: 11.78s
2025-04-18 20:23:01,346 - INFO - P2 (Round 9) - Epoch 1/10 | Loss: 0.8304 | Acc: 0.6783 | Val Loss: 0.8302 | Val Acc: 0.6785 | Time: 11.51s
2025-04-18 20:23:13,350 - INFO - P2 (Round 9) - Epoch 2/10 | Loss: 0.8293 | Acc: 0.6785 | Val Loss: 0.8290 | Val Acc: 0.6785 | Time: 12.00s
2025-04-18 20:23:26,118 - INFO - P2 (Round 9) - Epoch 3/10 | Loss: 0.8293 | Acc: 0.6785 | Val Loss: 0.8292 | Val Acc: 0.6785 | Time: 12.77s
2025-04-18 20:23:37,773 - INFO - P2 (Round 9) - Epoch 4/10 | Loss: 0.8291 | Acc: 0.6785 | Val Loss: 0.8288 | Val Acc: 0.6785 | Time: 11.66s
2025-04-18 20:23:49,568 - INFO - P2 (Round 9) - Epoch 5/10 | Loss: 0.8291 | Acc: 0.6785 | Val Loss: 0.8294 | Val Acc: 0.6785 | Time: 11.79s
2025-04-18 20:24:01,336 - INFO - P2 (Round 9) - Epoch 6/10 | Loss: 0.8290 | Acc: 0.6785 | Val Loss: 0.8294 | Val Acc: 0.6785 | Time: 11.77s
2025-04-18 20:24:13,358 - INFO - P2 (Round 9) - Epoch 7/10 | Loss: 0.8291 | Acc: 0.6785 | Val Loss: 0.8290 | Val Acc: 0.6785 | Time: 12.02s
2025-04-18 20:24:25,776 - INFO - P2 (Round 9) - Epoch 8/10 | Loss: 0.8290 | Acc: 0.6785 | Val Loss: 0.8288 | Val Acc: 0.6785 | Time: 12.42s
2025-04-18 20:24:38,438 - INFO - P2 (Round 9) - Epoch 9/10 | Loss: 0.8290 | Acc: 0.6785 | Val Loss: 0.8290 | Val Acc: 0.6785 | Time: 12.66s
2025-04-18 20:24:49,972 - INFO - P2 (Round 9) - Epoch 10/10 | Loss: 0.8290 | Acc: 0.6785 | Val Loss: 0.8293 | Val Acc: 0.6785 | Time: 11.53s
2025-04-18 20:24:52,371 - INFO - Round 9 completed in 244.51s
2025-04-18 20:24:52,372 - INFO - Global Model - P1 Test: Loss = 2.0895, Accuracy = 0.5204
2025-04-18 20:24:52,372 - INFO - Global Model - P2 Test: Loss = 1.0173, Accuracy = 0.6194
2025-04-18 20:25:04,199 - INFO - P1 (Round 10) - Epoch 1/10 | Loss: 0.0312 | Acc: 0.9921 | Val Loss: 0.0186 | Val Acc: 0.9951 | Time: 11.83s
2025-04-18 20:25:16,408 - INFO - P1 (Round 10) - Epoch 2/10 | Loss: 0.0183 | Acc: 0.9950 | Val Loss: 0.0178 | Val Acc: 0.9953 | Time: 12.21s
2025-04-18 20:25:28,706 - INFO - P1 (Round 10) - Epoch 3/10 | Loss: 0.0178 | Acc: 0.9952 | Val Loss: 0.0178 | Val Acc: 0.9951 | Time: 12.30s
2025-04-18 20:25:40,721 - INFO - P1 (Round 10) - Epoch 4/10 | Loss: 0.0174 | Acc: 0.9952 | Val Loss: 0.0179 | Val Acc: 0.9950 | Time: 12.01s
2025-04-18 20:25:53,347 - INFO - P1 (Round 10) - Epoch 5/10 | Loss: 0.0172 | Acc: 0.9953 | Val Loss: 0.0176 | Val Acc: 0.9951 | Time: 12.63s
2025-04-18 20:26:05,381 - INFO - P1 (Round 10) - Epoch 6/10 | Loss: 0.0171 | Acc: 0.9953 | Val Loss: 0.0193 | Val Acc: 0.9949 | Time: 12.03s
2025-04-18 20:26:15,515 - INFO - P1 (Round 10) - Epoch 7/10 | Loss: 0.0170 | Acc: 0.9954 | Val Loss: 0.0175 | Val Acc: 0.9950 | Time: 10.13s
2025-04-18 20:26:25,785 - INFO - P1 (Round 10) - Epoch 8/10 | Loss: 0.0168 | Acc: 0.9954 | Val Loss: 0.0168 | Val Acc: 0.9954 | Time: 10.27s
2025-04-18 20:26:36,080 - INFO - P1 (Round 10) - Epoch 9/10 | Loss: 0.0167 | Acc: 0.9955 | Val Loss: 0.0165 | Val Acc: 0.9957 | Time: 10.29s
2025-04-18 20:26:45,969 - INFO - P1 (Round 10) - Epoch 10/10 | Loss: 0.0167 | Acc: 0.9955 | Val Loss: 0.0168 | Val Acc: 0.9954 | Time: 9.89s
2025-04-18 20:26:55,680 - INFO - P2 (Round 10) - Epoch 1/10 | Loss: 0.8300 | Acc: 0.6783 | Val Loss: 0.8297 | Val Acc: 0.6785 | Time: 9.71s
2025-04-18 20:27:05,292 - INFO - P2 (Round 10) - Epoch 2/10 | Loss: 0.8292 | Acc: 0.6785 | Val Loss: 0.8296 | Val Acc: 0.6785 | Time: 9.61s
2025-04-18 20:27:15,253 - INFO - P2 (Round 10) - Epoch 3/10 | Loss: 0.8291 | Acc: 0.6785 | Val Loss: 0.8289 | Val Acc: 0.6785 | Time: 9.96s
2025-04-18 20:27:24,967 - INFO - P2 (Round 10) - Epoch 4/10 | Loss: 0.8290 | Acc: 0.6785 | Val Loss: 0.8289 | Val Acc: 0.6785 | Time: 9.71s
2025-04-18 20:27:34,490 - INFO - P2 (Round 10) - Epoch 5/10 | Loss: 0.8290 | Acc: 0.6785 | Val Loss: 0.8288 | Val Acc: 0.6785 | Time: 9.52s
2025-04-18 20:27:44,280 - INFO - P2 (Round 10) - Epoch 6/10 | Loss: 0.8289 | Acc: 0.6785 | Val Loss: 0.8295 | Val Acc: 0.6785 | Time: 9.79s
2025-04-18 20:27:54,011 - INFO - P2 (Round 10) - Epoch 7/10 | Loss: 0.8289 | Acc: 0.6785 | Val Loss: 0.8288 | Val Acc: 0.6785 | Time: 9.73s
2025-04-18 20:28:03,690 - INFO - P2 (Round 10) - Epoch 8/10 | Loss: 0.8289 | Acc: 0.6785 | Val Loss: 0.8288 | Val Acc: 0.6785 | Time: 9.68s
2025-04-18 20:28:13,645 - INFO - P2 (Round 10) - Epoch 9/10 | Loss: 0.8288 | Acc: 0.6785 | Val Loss: 0.8287 | Val Acc: 0.6785 | Time: 9.95s
2025-04-18 20:28:23,443 - INFO - P2 (Round 10) - Epoch 10/10 | Loss: 0.8288 | Acc: 0.6785 | Val Loss: 0.8288 | Val Acc: 0.6785 | Time: 9.80s
2025-04-18 20:28:25,781 - INFO - Round 10 completed in 213.41s
2025-04-18 20:28:25,781 - INFO - Global Model - P1 Test: Loss = 1.8213, Accuracy = 0.5700
2025-04-18 20:28:25,781 - INFO - Global Model - P2 Test: Loss = 1.1301, Accuracy = 0.6193
2025-04-18 20:28:27,962 - INFO - Final Results after 10 rounds:
2025-04-18 20:28:27,962 - INFO - Global Model - P1 Test: Loss = 1.8213, Accuracy = 0.5700
2025-04-18 20:28:27,962 - INFO - Global Model - P2 Test: Loss = 1.1301, Accuracy = 0.6193
2025-04-18 20:28:27,974 - INFO - Experiment 111 results saved to results/suppression_experiments/exp_111_p1f7_p2f2.json
