2025-04-18 14:44:04,889 - INFO - Starting Suppression Experiment 33
2025-04-18 14:44:04,889 - INFO - P1 Features (12/14): ['protocol', 'bidirectional_min_ps', 'bidirectional_mean_ps', 'bidirectional_stddev_ps', 'bidirectional_max_ps', 'src2dst_stddev_ps', 'src2dst_max_ps', 'dst2src_min_ps', 'dst2src_mean_ps', 'dst2src_stddev_ps', 'dst2src_max_ps', 'bidirectional_stddev_piat_ms']
2025-04-18 14:44:04,889 - INFO - P2 Features (10/14): ['protocol', 'bidirectional_min_ps', 'bidirectional_mean_ps', 'bidirectional_stddev_ps', 'bidirectional_max_ps', 'src2dst_stddev_ps', 'src2dst_max_ps', 'dst2src_min_ps', 'dst2src_mean_ps', 'dst2src_stddev_ps']
2025-04-18 14:44:16,854 - INFO - P1 (Round 1) - Epoch 1/10 | Loss: 0.1264 | Acc: 0.9622 | Val Loss: 0.0349 | Val Acc: 0.9908 | Time: 11.82s
2025-04-18 14:44:28,935 - INFO - P1 (Round 1) - Epoch 2/10 | Loss: 0.0278 | Acc: 0.9929 | Val Loss: 0.0242 | Val Acc: 0.9936 | Time: 12.08s
2025-04-18 14:44:41,049 - INFO - P1 (Round 1) - Epoch 3/10 | Loss: 0.0210 | Acc: 0.9944 | Val Loss: 0.0194 | Val Acc: 0.9944 | Time: 12.11s
2025-04-18 14:44:54,333 - INFO - P1 (Round 1) - Epoch 4/10 | Loss: 0.0183 | Acc: 0.9950 | Val Loss: 0.0172 | Val Acc: 0.9954 | Time: 13.28s
2025-04-18 14:45:06,307 - INFO - P1 (Round 1) - Epoch 5/10 | Loss: 0.0164 | Acc: 0.9955 | Val Loss: 0.0158 | Val Acc: 0.9956 | Time: 11.97s
2025-04-18 14:45:18,003 - INFO - P1 (Round 1) - Epoch 6/10 | Loss: 0.0153 | Acc: 0.9958 | Val Loss: 0.0150 | Val Acc: 0.9959 | Time: 11.70s
2025-04-18 14:45:29,884 - INFO - P1 (Round 1) - Epoch 7/10 | Loss: 0.0145 | Acc: 0.9960 | Val Loss: 0.0137 | Val Acc: 0.9961 | Time: 11.88s
2025-04-18 14:45:41,814 - INFO - P1 (Round 1) - Epoch 8/10 | Loss: 0.0138 | Acc: 0.9961 | Val Loss: 0.0150 | Val Acc: 0.9960 | Time: 11.93s
2025-04-18 14:45:53,879 - INFO - P1 (Round 1) - Epoch 9/10 | Loss: 0.0133 | Acc: 0.9962 | Val Loss: 0.0135 | Val Acc: 0.9962 | Time: 12.06s
2025-04-18 14:46:06,851 - INFO - P1 (Round 1) - Epoch 10/10 | Loss: 0.0130 | Acc: 0.9963 | Val Loss: 0.0120 | Val Acc: 0.9966 | Time: 12.97s
2025-04-18 14:46:18,858 - INFO - P2 (Round 1) - Epoch 1/10 | Loss: 0.3470 | Acc: 0.8556 | Val Loss: 0.2338 | Val Acc: 0.9041 | Time: 12.01s
2025-04-18 14:46:34,239 - INFO - P2 (Round 1) - Epoch 2/10 | Loss: 0.2167 | Acc: 0.9102 | Val Loss: 0.2047 | Val Acc: 0.9176 | Time: 15.38s
2025-04-18 14:46:46,737 - INFO - P2 (Round 1) - Epoch 3/10 | Loss: 0.1974 | Acc: 0.9214 | Val Loss: 0.1890 | Val Acc: 0.9294 | Time: 12.50s
2025-04-18 14:46:59,274 - INFO - P2 (Round 1) - Epoch 4/10 | Loss: 0.1626 | Acc: 0.9405 | Val Loss: 0.1354 | Val Acc: 0.9541 | Time: 12.54s
2025-04-18 14:47:12,156 - INFO - P2 (Round 1) - Epoch 5/10 | Loss: 0.1177 | Acc: 0.9596 | Val Loss: 0.1032 | Val Acc: 0.9649 | Time: 12.88s
2025-04-18 14:47:22,521 - INFO - P2 (Round 1) - Epoch 6/10 | Loss: 0.0985 | Acc: 0.9657 | Val Loss: 0.0920 | Val Acc: 0.9683 | Time: 10.36s
2025-04-18 14:47:32,346 - INFO - P2 (Round 1) - Epoch 7/10 | Loss: 0.0913 | Acc: 0.9678 | Val Loss: 0.0893 | Val Acc: 0.9680 | Time: 9.82s
2025-04-18 14:47:42,079 - INFO - P2 (Round 1) - Epoch 8/10 | Loss: 0.0873 | Acc: 0.9690 | Val Loss: 0.0836 | Val Acc: 0.9708 | Time: 9.73s
2025-04-18 14:47:51,913 - INFO - P2 (Round 1) - Epoch 9/10 | Loss: 0.0849 | Acc: 0.9701 | Val Loss: 0.0825 | Val Acc: 0.9707 | Time: 9.83s
2025-04-18 14:48:01,480 - INFO - P2 (Round 1) - Epoch 10/10 | Loss: 0.0833 | Acc: 0.9707 | Val Loss: 0.0853 | Val Acc: 0.9700 | Time: 9.57s
2025-04-18 14:48:03,701 - INFO - Round 1 completed in 238.66s
2025-04-18 14:48:03,701 - INFO - Global Model - P1 Test: Loss = 4.8740, Accuracy = 0.2242
2025-04-18 14:48:03,702 - INFO - Global Model - P2 Test: Loss = 8.0879, Accuracy = 0.0944
2025-04-18 14:48:15,200 - INFO - P1 (Round 2) - Epoch 1/10 | Loss: 0.0711 | Acc: 0.9822 | Val Loss: 0.0215 | Val Acc: 0.9942 | Time: 11.50s
2025-04-18 14:48:28,119 - INFO - P1 (Round 2) - Epoch 2/10 | Loss: 0.0190 | Acc: 0.9947 | Val Loss: 0.0168 | Val Acc: 0.9952 | Time: 12.92s
2025-04-18 14:48:39,955 - INFO - P1 (Round 2) - Epoch 3/10 | Loss: 0.0163 | Acc: 0.9955 | Val Loss: 0.0150 | Val Acc: 0.9959 | Time: 11.84s
2025-04-18 14:48:51,683 - INFO - P1 (Round 2) - Epoch 4/10 | Loss: 0.0150 | Acc: 0.9958 | Val Loss: 0.0148 | Val Acc: 0.9961 | Time: 11.73s
2025-04-18 14:49:03,578 - INFO - P1 (Round 2) - Epoch 5/10 | Loss: 0.0142 | Acc: 0.9961 | Val Loss: 0.0139 | Val Acc: 0.9963 | Time: 11.89s
2025-04-18 14:49:15,191 - INFO - P1 (Round 2) - Epoch 6/10 | Loss: 0.0137 | Acc: 0.9962 | Val Loss: 0.0141 | Val Acc: 0.9962 | Time: 11.61s
2025-04-18 14:49:27,320 - INFO - P1 (Round 2) - Epoch 7/10 | Loss: 0.0133 | Acc: 0.9963 | Val Loss: 0.0126 | Val Acc: 0.9965 | Time: 12.13s
2025-04-18 14:49:40,073 - INFO - P1 (Round 2) - Epoch 8/10 | Loss: 0.0130 | Acc: 0.9964 | Val Loss: 0.0132 | Val Acc: 0.9962 | Time: 12.75s
2025-04-18 14:49:51,966 - INFO - P1 (Round 2) - Epoch 9/10 | Loss: 0.0128 | Acc: 0.9965 | Val Loss: 0.0127 | Val Acc: 0.9966 | Time: 11.89s
2025-04-18 14:50:03,763 - INFO - P1 (Round 2) - Epoch 10/10 | Loss: 0.0125 | Acc: 0.9965 | Val Loss: 0.0121 | Val Acc: 0.9967 | Time: 11.80s
2025-04-18 14:50:15,802 - INFO - P2 (Round 2) - Epoch 1/10 | Loss: 0.2826 | Acc: 0.8959 | Val Loss: 0.1741 | Val Acc: 0.9347 | Time: 12.04s
2025-04-18 14:50:27,835 - INFO - P2 (Round 2) - Epoch 2/10 | Loss: 0.1598 | Acc: 0.9398 | Val Loss: 0.1473 | Val Acc: 0.9456 | Time: 12.03s
2025-04-18 14:50:40,064 - INFO - P2 (Round 2) - Epoch 3/10 | Loss: 0.1249 | Acc: 0.9553 | Val Loss: 0.0995 | Val Acc: 0.9669 | Time: 12.23s
2025-04-18 14:50:52,274 - INFO - P2 (Round 2) - Epoch 4/10 | Loss: 0.0948 | Acc: 0.9674 | Val Loss: 0.0891 | Val Acc: 0.9696 | Time: 12.21s
2025-04-18 14:51:03,904 - INFO - P2 (Round 2) - Epoch 5/10 | Loss: 0.0886 | Acc: 0.9695 | Val Loss: 0.0856 | Val Acc: 0.9707 | Time: 11.63s
2025-04-18 14:51:15,488 - INFO - P2 (Round 2) - Epoch 6/10 | Loss: 0.0854 | Acc: 0.9705 | Val Loss: 0.0820 | Val Acc: 0.9720 | Time: 11.58s
2025-04-18 14:51:27,218 - INFO - P2 (Round 2) - Epoch 7/10 | Loss: 0.0829 | Acc: 0.9713 | Val Loss: 0.0837 | Val Acc: 0.9710 | Time: 11.73s
2025-04-18 14:51:39,021 - INFO - P2 (Round 2) - Epoch 8/10 | Loss: 0.0806 | Acc: 0.9722 | Val Loss: 0.0783 | Val Acc: 0.9731 | Time: 11.80s
2025-04-18 14:51:51,244 - INFO - P2 (Round 2) - Epoch 9/10 | Loss: 0.0753 | Acc: 0.9742 | Val Loss: 0.0697 | Val Acc: 0.9766 | Time: 12.22s
2025-04-18 14:52:03,878 - INFO - P2 (Round 2) - Epoch 10/10 | Loss: 0.0674 | Acc: 0.9774 | Val Loss: 0.0636 | Val Acc: 0.9791 | Time: 12.63s
2025-04-18 14:52:06,517 - INFO - Round 2 completed in 242.82s
2025-04-18 14:52:06,517 - INFO - Global Model - P1 Test: Loss = 2.2770, Accuracy = 0.7014
2025-04-18 14:52:06,517 - INFO - Global Model - P2 Test: Loss = 1.8537, Accuracy = 0.5705
2025-04-18 14:52:18,756 - INFO - P1 (Round 3) - Epoch 1/10 | Loss: 0.0356 | Acc: 0.9913 | Val Loss: 0.0193 | Val Acc: 0.9952 | Time: 12.24s
2025-04-18 14:52:30,834 - INFO - P1 (Round 3) - Epoch 2/10 | Loss: 0.0164 | Acc: 0.9958 | Val Loss: 0.0148 | Val Acc: 0.9960 | Time: 12.08s
2025-04-18 14:52:43,041 - INFO - P1 (Round 3) - Epoch 3/10 | Loss: 0.0140 | Acc: 0.9963 | Val Loss: 0.0133 | Val Acc: 0.9965 | Time: 12.21s
2025-04-18 14:52:55,283 - INFO - P1 (Round 3) - Epoch 4/10 | Loss: 0.0131 | Acc: 0.9965 | Val Loss: 0.0127 | Val Acc: 0.9966 | Time: 12.24s
2025-04-18 14:53:07,818 - INFO - P1 (Round 3) - Epoch 5/10 | Loss: 0.0125 | Acc: 0.9967 | Val Loss: 0.0122 | Val Acc: 0.9967 | Time: 12.53s
2025-04-18 14:53:19,965 - INFO - P1 (Round 3) - Epoch 6/10 | Loss: 0.0120 | Acc: 0.9968 | Val Loss: 0.0115 | Val Acc: 0.9968 | Time: 12.15s
2025-04-18 14:53:31,962 - INFO - P1 (Round 3) - Epoch 7/10 | Loss: 0.0116 | Acc: 0.9969 | Val Loss: 0.0111 | Val Acc: 0.9970 | Time: 12.00s
2025-04-18 14:53:44,070 - INFO - P1 (Round 3) - Epoch 8/10 | Loss: 0.0111 | Acc: 0.9971 | Val Loss: 0.0116 | Val Acc: 0.9970 | Time: 12.11s
2025-04-18 14:53:56,422 - INFO - P1 (Round 3) - Epoch 9/10 | Loss: 0.0106 | Acc: 0.9972 | Val Loss: 0.0102 | Val Acc: 0.9974 | Time: 12.35s
2025-04-18 14:54:08,447 - INFO - P1 (Round 3) - Epoch 10/10 | Loss: 0.0102 | Acc: 0.9974 | Val Loss: 0.0111 | Val Acc: 0.9971 | Time: 12.02s
2025-04-18 14:54:21,313 - INFO - P2 (Round 3) - Epoch 1/10 | Loss: 0.2216 | Acc: 0.9135 | Val Loss: 0.1772 | Val Acc: 0.9345 | Time: 12.87s
2025-04-18 14:54:33,105 - INFO - P2 (Round 3) - Epoch 2/10 | Loss: 0.1394 | Acc: 0.9487 | Val Loss: 0.1013 | Val Acc: 0.9656 | Time: 11.79s
2025-04-18 14:54:44,883 - INFO - P2 (Round 3) - Epoch 3/10 | Loss: 0.0940 | Acc: 0.9670 | Val Loss: 0.0907 | Val Acc: 0.9682 | Time: 11.78s
2025-04-18 14:54:56,851 - INFO - P2 (Round 3) - Epoch 4/10 | Loss: 0.0870 | Acc: 0.9693 | Val Loss: 0.0849 | Val Acc: 0.9706 | Time: 11.97s
2025-04-18 14:55:08,749 - INFO - P2 (Round 3) - Epoch 5/10 | Loss: 0.0838 | Acc: 0.9706 | Val Loss: 0.0813 | Val Acc: 0.9719 | Time: 11.90s
2025-04-18 14:55:20,462 - INFO - P2 (Round 3) - Epoch 6/10 | Loss: 0.0812 | Acc: 0.9714 | Val Loss: 0.0792 | Val Acc: 0.9716 | Time: 11.71s
2025-04-18 14:55:33,287 - INFO - P2 (Round 3) - Epoch 7/10 | Loss: 0.0793 | Acc: 0.9721 | Val Loss: 0.0782 | Val Acc: 0.9734 | Time: 12.82s
2025-04-18 14:55:44,988 - INFO - P2 (Round 3) - Epoch 8/10 | Loss: 0.0777 | Acc: 0.9728 | Val Loss: 0.0762 | Val Acc: 0.9731 | Time: 11.70s
2025-04-18 14:55:56,544 - INFO - P2 (Round 3) - Epoch 9/10 | Loss: 0.0766 | Acc: 0.9732 | Val Loss: 0.0756 | Val Acc: 0.9751 | Time: 11.55s
2025-04-18 14:56:08,062 - INFO - P2 (Round 3) - Epoch 10/10 | Loss: 0.0752 | Acc: 0.9739 | Val Loss: 0.0727 | Val Acc: 0.9751 | Time: 11.52s
2025-04-18 14:56:10,529 - INFO - Round 3 completed in 244.01s
2025-04-18 14:56:10,530 - INFO - Global Model - P1 Test: Loss = 1.3103, Accuracy = 0.7821
2025-04-18 14:56:10,530 - INFO - Global Model - P2 Test: Loss = 2.3839, Accuracy = 0.3880
2025-04-18 14:56:22,570 - INFO - P1 (Round 4) - Epoch 1/10 | Loss: 0.0346 | Acc: 0.9913 | Val Loss: 0.0162 | Val Acc: 0.9956 | Time: 12.04s
2025-04-18 14:56:34,665 - INFO - P1 (Round 4) - Epoch 2/10 | Loss: 0.0142 | Acc: 0.9962 | Val Loss: 0.0125 | Val Acc: 0.9966 | Time: 12.09s
2025-04-18 14:56:47,626 - INFO - P1 (Round 4) - Epoch 3/10 | Loss: 0.0122 | Acc: 0.9968 | Val Loss: 0.0110 | Val Acc: 0.9971 | Time: 12.96s
2025-04-18 14:56:59,771 - INFO - P1 (Round 4) - Epoch 4/10 | Loss: 0.0111 | Acc: 0.9971 | Val Loss: 0.0098 | Val Acc: 0.9975 | Time: 12.15s
2025-04-18 14:57:12,028 - INFO - P1 (Round 4) - Epoch 5/10 | Loss: 0.0101 | Acc: 0.9975 | Val Loss: 0.0104 | Val Acc: 0.9974 | Time: 12.26s
2025-04-18 14:57:24,072 - INFO - P1 (Round 4) - Epoch 6/10 | Loss: 0.0095 | Acc: 0.9976 | Val Loss: 0.0094 | Val Acc: 0.9977 | Time: 12.04s
2025-04-18 14:57:36,130 - INFO - P1 (Round 4) - Epoch 7/10 | Loss: 0.0089 | Acc: 0.9978 | Val Loss: 0.0104 | Val Acc: 0.9973 | Time: 12.06s
2025-04-18 14:57:48,132 - INFO - P1 (Round 4) - Epoch 8/10 | Loss: 0.0083 | Acc: 0.9979 | Val Loss: 0.0076 | Val Acc: 0.9980 | Time: 12.00s
2025-04-18 14:58:01,098 - INFO - P1 (Round 4) - Epoch 9/10 | Loss: 0.0079 | Acc: 0.9980 | Val Loss: 0.0081 | Val Acc: 0.9980 | Time: 12.97s
2025-04-18 14:58:13,327 - INFO - P1 (Round 4) - Epoch 10/10 | Loss: 0.0074 | Acc: 0.9982 | Val Loss: 0.0073 | Val Acc: 0.9981 | Time: 12.23s
2025-04-18 14:58:25,174 - INFO - P2 (Round 4) - Epoch 1/10 | Loss: 0.2070 | Acc: 0.9167 | Val Loss: 0.1074 | Val Acc: 0.9592 | Time: 11.85s
2025-04-18 14:58:36,767 - INFO - P2 (Round 4) - Epoch 2/10 | Loss: 0.0899 | Acc: 0.9680 | Val Loss: 0.0843 | Val Acc: 0.9695 | Time: 11.59s
2025-04-18 14:58:48,693 - INFO - P2 (Round 4) - Epoch 3/10 | Loss: 0.0814 | Acc: 0.9710 | Val Loss: 0.0793 | Val Acc: 0.9718 | Time: 11.93s
2025-04-18 14:59:00,724 - INFO - P2 (Round 4) - Epoch 4/10 | Loss: 0.0791 | Acc: 0.9719 | Val Loss: 0.0810 | Val Acc: 0.9709 | Time: 12.03s
2025-04-18 14:59:13,208 - INFO - P2 (Round 4) - Epoch 5/10 | Loss: 0.0779 | Acc: 0.9724 | Val Loss: 0.0761 | Val Acc: 0.9738 | Time: 12.48s
2025-04-18 14:59:24,605 - INFO - P2 (Round 4) - Epoch 6/10 | Loss: 0.0767 | Acc: 0.9730 | Val Loss: 0.0751 | Val Acc: 0.9736 | Time: 11.40s
2025-04-18 14:59:36,049 - INFO - P2 (Round 4) - Epoch 7/10 | Loss: 0.0757 | Acc: 0.9736 | Val Loss: 0.0739 | Val Acc: 0.9743 | Time: 11.44s
2025-04-18 14:59:47,767 - INFO - P2 (Round 4) - Epoch 8/10 | Loss: 0.0752 | Acc: 0.9738 | Val Loss: 0.0731 | Val Acc: 0.9745 | Time: 11.72s
2025-04-18 14:59:59,285 - INFO - P2 (Round 4) - Epoch 9/10 | Loss: 0.0743 | Acc: 0.9742 | Val Loss: 0.0728 | Val Acc: 0.9751 | Time: 11.52s
2025-04-18 15:00:11,129 - INFO - P2 (Round 4) - Epoch 10/10 | Loss: 0.0737 | Acc: 0.9744 | Val Loss: 0.0732 | Val Acc: 0.9758 | Time: 11.84s
2025-04-18 15:00:13,994 - INFO - Round 4 completed in 243.46s
2025-04-18 15:00:13,994 - INFO - Global Model - P1 Test: Loss = 1.1925, Accuracy = 0.7485
2025-04-18 15:00:13,994 - INFO - Global Model - P2 Test: Loss = 0.8838, Accuracy = 0.7069
2025-04-18 15:00:26,313 - INFO - P1 (Round 5) - Epoch 1/10 | Loss: 0.0263 | Acc: 0.9930 | Val Loss: 0.0113 | Val Acc: 0.9971 | Time: 12.32s
2025-04-18 15:00:38,326 - INFO - P1 (Round 5) - Epoch 2/10 | Loss: 0.0109 | Acc: 0.9973 | Val Loss: 0.0097 | Val Acc: 0.9976 | Time: 12.01s
2025-04-18 15:00:50,151 - INFO - P1 (Round 5) - Epoch 3/10 | Loss: 0.0096 | Acc: 0.9976 | Val Loss: 0.0091 | Val Acc: 0.9977 | Time: 11.82s
2025-04-18 15:01:01,906 - INFO - P1 (Round 5) - Epoch 4/10 | Loss: 0.0088 | Acc: 0.9979 | Val Loss: 0.0085 | Val Acc: 0.9980 | Time: 11.75s
2025-04-18 15:01:13,563 - INFO - P1 (Round 5) - Epoch 5/10 | Loss: 0.0082 | Acc: 0.9980 | Val Loss: 0.0097 | Val Acc: 0.9972 | Time: 11.66s
2025-04-18 15:01:25,978 - INFO - P1 (Round 5) - Epoch 6/10 | Loss: 0.0076 | Acc: 0.9981 | Val Loss: 0.0070 | Val Acc: 0.9980 | Time: 12.41s
2025-04-18 15:01:38,393 - INFO - P1 (Round 5) - Epoch 7/10 | Loss: 0.0071 | Acc: 0.9983 | Val Loss: 0.0069 | Val Acc: 0.9981 | Time: 12.41s
2025-04-18 15:01:50,112 - INFO - P1 (Round 5) - Epoch 8/10 | Loss: 0.0066 | Acc: 0.9984 | Val Loss: 0.0056 | Val Acc: 0.9986 | Time: 11.72s
2025-04-18 15:02:01,686 - INFO - P1 (Round 5) - Epoch 9/10 | Loss: 0.0061 | Acc: 0.9985 | Val Loss: 0.0076 | Val Acc: 0.9979 | Time: 11.57s
2025-04-18 15:02:13,591 - INFO - P1 (Round 5) - Epoch 10/10 | Loss: 0.0058 | Acc: 0.9986 | Val Loss: 0.0051 | Val Acc: 0.9988 | Time: 11.91s
2025-04-18 15:02:25,399 - INFO - P2 (Round 5) - Epoch 1/10 | Loss: 0.1608 | Acc: 0.9356 | Val Loss: 0.0883 | Val Acc: 0.9682 | Time: 11.81s
2025-04-18 15:02:37,638 - INFO - P2 (Round 5) - Epoch 2/10 | Loss: 0.0839 | Acc: 0.9702 | Val Loss: 0.0796 | Val Acc: 0.9719 | Time: 12.24s
2025-04-18 15:02:49,637 - INFO - P2 (Round 5) - Epoch 3/10 | Loss: 0.0787 | Acc: 0.9721 | Val Loss: 0.0763 | Val Acc: 0.9734 | Time: 12.00s
2025-04-18 15:03:01,450 - INFO - P2 (Round 5) - Epoch 4/10 | Loss: 0.0764 | Acc: 0.9729 | Val Loss: 0.0738 | Val Acc: 0.9737 | Time: 11.81s
2025-04-18 15:03:13,048 - INFO - P2 (Round 5) - Epoch 5/10 | Loss: 0.0749 | Acc: 0.9735 | Val Loss: 0.0748 | Val Acc: 0.9729 | Time: 11.60s
2025-04-18 15:03:24,819 - INFO - P2 (Round 5) - Epoch 6/10 | Loss: 0.0738 | Acc: 0.9739 | Val Loss: 0.0730 | Val Acc: 0.9735 | Time: 11.77s
2025-04-18 15:03:36,201 - INFO - P2 (Round 5) - Epoch 7/10 | Loss: 0.0727 | Acc: 0.9744 | Val Loss: 0.0736 | Val Acc: 0.9745 | Time: 11.38s
2025-04-18 15:03:48,236 - INFO - P2 (Round 5) - Epoch 8/10 | Loss: 0.0716 | Acc: 0.9749 | Val Loss: 0.0702 | Val Acc: 0.9750 | Time: 12.03s
2025-04-18 15:04:00,591 - INFO - P2 (Round 5) - Epoch 9/10 | Loss: 0.0704 | Acc: 0.9755 | Val Loss: 0.0707 | Val Acc: 0.9750 | Time: 12.35s
2025-04-18 15:04:12,096 - INFO - P2 (Round 5) - Epoch 10/10 | Loss: 0.0690 | Acc: 0.9764 | Val Loss: 0.0679 | Val Acc: 0.9775 | Time: 11.51s
2025-04-18 15:04:14,560 - INFO - Round 5 completed in 240.57s
2025-04-18 15:04:14,560 - INFO - Global Model - P1 Test: Loss = 1.4461, Accuracy = 0.7449
2025-04-18 15:04:14,560 - INFO - Global Model - P2 Test: Loss = 2.2510, Accuracy = 0.4147
2025-04-18 15:04:26,218 - INFO - P1 (Round 6) - Epoch 1/10 | Loss: 0.0284 | Acc: 0.9924 | Val Loss: 0.0167 | Val Acc: 0.9957 | Time: 11.66s
2025-04-18 15:04:38,122 - INFO - P1 (Round 6) - Epoch 2/10 | Loss: 0.0111 | Acc: 0.9972 | Val Loss: 0.0092 | Val Acc: 0.9978 | Time: 11.90s
2025-04-18 15:04:49,936 - INFO - P1 (Round 6) - Epoch 3/10 | Loss: 0.0084 | Acc: 0.9980 | Val Loss: 0.0085 | Val Acc: 0.9979 | Time: 11.81s
2025-04-18 15:05:03,156 - INFO - P1 (Round 6) - Epoch 4/10 | Loss: 0.0074 | Acc: 0.9982 | Val Loss: 0.0066 | Val Acc: 0.9983 | Time: 13.22s
2025-04-18 15:05:15,386 - INFO - P1 (Round 6) - Epoch 5/10 | Loss: 0.0065 | Acc: 0.9984 | Val Loss: 0.0056 | Val Acc: 0.9985 | Time: 12.23s
2025-04-18 15:05:27,304 - INFO - P1 (Round 6) - Epoch 6/10 | Loss: 0.0059 | Acc: 0.9986 | Val Loss: 0.0054 | Val Acc: 0.9985 | Time: 11.92s
2025-04-18 15:05:39,130 - INFO - P1 (Round 6) - Epoch 7/10 | Loss: 0.0054 | Acc: 0.9987 | Val Loss: 0.0056 | Val Acc: 0.9984 | Time: 11.83s
2025-04-18 15:05:50,953 - INFO - P1 (Round 6) - Epoch 8/10 | Loss: 0.0050 | Acc: 0.9988 | Val Loss: 0.0065 | Val Acc: 0.9983 | Time: 11.82s
2025-04-18 15:06:02,747 - INFO - P1 (Round 6) - Epoch 9/10 | Loss: 0.0045 | Acc: 0.9989 | Val Loss: 0.0056 | Val Acc: 0.9984 | Time: 11.79s
2025-04-18 15:06:15,731 - INFO - P1 (Round 6) - Epoch 10/10 | Loss: 0.0041 | Acc: 0.9990 | Val Loss: 0.0042 | Val Acc: 0.9990 | Time: 12.98s
2025-04-18 15:06:27,489 - INFO - P2 (Round 6) - Epoch 1/10 | Loss: 0.1520 | Acc: 0.9443 | Val Loss: 0.0941 | Val Acc: 0.9683 | Time: 11.76s
2025-04-18 15:06:38,835 - INFO - P2 (Round 6) - Epoch 2/10 | Loss: 0.0874 | Acc: 0.9698 | Val Loss: 0.0812 | Val Acc: 0.9711 | Time: 11.35s
2025-04-18 15:06:50,390 - INFO - P2 (Round 6) - Epoch 3/10 | Loss: 0.0806 | Acc: 0.9716 | Val Loss: 0.0775 | Val Acc: 0.9726 | Time: 11.56s
2025-04-18 15:07:02,240 - INFO - P2 (Round 6) - Epoch 4/10 | Loss: 0.0785 | Acc: 0.9722 | Val Loss: 0.0771 | Val Acc: 0.9730 | Time: 11.85s
2025-04-18 15:07:14,361 - INFO - P2 (Round 6) - Epoch 5/10 | Loss: 0.0775 | Acc: 0.9724 | Val Loss: 0.0759 | Val Acc: 0.9734 | Time: 12.12s
2025-04-18 15:07:27,100 - INFO - P2 (Round 6) - Epoch 6/10 | Loss: 0.0767 | Acc: 0.9726 | Val Loss: 0.0764 | Val Acc: 0.9722 | Time: 12.74s
2025-04-18 15:07:38,869 - INFO - P2 (Round 6) - Epoch 7/10 | Loss: 0.0760 | Acc: 0.9729 | Val Loss: 0.0739 | Val Acc: 0.9739 | Time: 11.77s
2025-04-18 15:07:50,424 - INFO - P2 (Round 6) - Epoch 8/10 | Loss: 0.0755 | Acc: 0.9730 | Val Loss: 0.0732 | Val Acc: 0.9743 | Time: 11.55s
2025-04-18 15:08:00,238 - INFO - P2 (Round 6) - Epoch 9/10 | Loss: 0.0749 | Acc: 0.9731 | Val Loss: 0.0735 | Val Acc: 0.9729 | Time: 9.81s
2025-04-18 15:08:10,247 - INFO - P2 (Round 6) - Epoch 10/10 | Loss: 0.0747 | Acc: 0.9733 | Val Loss: 0.0731 | Val Acc: 0.9743 | Time: 10.01s
2025-04-18 15:08:12,572 - INFO - Round 6 completed in 238.01s
2025-04-18 15:08:12,572 - INFO - Global Model - P1 Test: Loss = 2.2396, Accuracy = 0.6855
2025-04-18 15:08:12,572 - INFO - Global Model - P2 Test: Loss = 1.8203, Accuracy = 0.5282
2025-04-18 15:08:23,327 - INFO - P1 (Round 7) - Epoch 1/10 | Loss: 0.0288 | Acc: 0.9929 | Val Loss: 0.0092 | Val Acc: 0.9979 | Time: 10.75s
2025-04-18 15:08:34,399 - INFO - P1 (Round 7) - Epoch 2/10 | Loss: 0.0081 | Acc: 0.9980 | Val Loss: 0.0076 | Val Acc: 0.9979 | Time: 11.07s
2025-04-18 15:08:45,110 - INFO - P1 (Round 7) - Epoch 3/10 | Loss: 0.0066 | Acc: 0.9984 | Val Loss: 0.0061 | Val Acc: 0.9986 | Time: 10.71s
2025-04-18 15:08:54,988 - INFO - P1 (Round 7) - Epoch 4/10 | Loss: 0.0056 | Acc: 0.9987 | Val Loss: 0.0063 | Val Acc: 0.9989 | Time: 9.88s
2025-04-18 15:09:05,115 - INFO - P1 (Round 7) - Epoch 5/10 | Loss: 0.0049 | Acc: 0.9989 | Val Loss: 0.0051 | Val Acc: 0.9988 | Time: 10.13s
2025-04-18 15:09:15,043 - INFO - P1 (Round 7) - Epoch 6/10 | Loss: 0.0045 | Acc: 0.9990 | Val Loss: 0.0040 | Val Acc: 0.9989 | Time: 9.93s
2025-04-18 15:09:24,898 - INFO - P1 (Round 7) - Epoch 7/10 | Loss: 0.0039 | Acc: 0.9992 | Val Loss: 0.0053 | Val Acc: 0.9988 | Time: 9.85s
2025-04-18 15:09:34,929 - INFO - P1 (Round 7) - Epoch 8/10 | Loss: 0.0036 | Acc: 0.9993 | Val Loss: 0.0036 | Val Acc: 0.9992 | Time: 10.03s
2025-04-18 15:09:46,164 - INFO - P1 (Round 7) - Epoch 9/10 | Loss: 0.0032 | Acc: 0.9994 | Val Loss: 0.0030 | Val Acc: 0.9995 | Time: 11.23s
2025-04-18 15:09:56,528 - INFO - P1 (Round 7) - Epoch 10/10 | Loss: 0.0029 | Acc: 0.9994 | Val Loss: 0.0025 | Val Acc: 0.9995 | Time: 10.36s
2025-04-18 15:10:06,827 - INFO - P2 (Round 7) - Epoch 1/10 | Loss: 0.1113 | Acc: 0.9608 | Val Loss: 0.0814 | Val Acc: 0.9725 | Time: 10.30s
2025-04-18 15:10:16,421 - INFO - P2 (Round 7) - Epoch 2/10 | Loss: 0.0796 | Acc: 0.9722 | Val Loss: 0.0765 | Val Acc: 0.9723 | Time: 9.59s
2025-04-18 15:10:26,065 - INFO - P2 (Round 7) - Epoch 3/10 | Loss: 0.0765 | Acc: 0.9728 | Val Loss: 0.0744 | Val Acc: 0.9733 | Time: 9.64s
2025-04-18 15:10:36,103 - INFO - P2 (Round 7) - Epoch 4/10 | Loss: 0.0753 | Acc: 0.9732 | Val Loss: 0.0766 | Val Acc: 0.9740 | Time: 10.04s
2025-04-18 15:10:46,038 - INFO - P2 (Round 7) - Epoch 5/10 | Loss: 0.0740 | Acc: 0.9738 | Val Loss: 0.0726 | Val Acc: 0.9750 | Time: 9.93s
2025-04-18 15:10:57,024 - INFO - P2 (Round 7) - Epoch 6/10 | Loss: 0.0730 | Acc: 0.9742 | Val Loss: 0.0730 | Val Acc: 0.9737 | Time: 10.99s
2025-04-18 15:11:07,883 - INFO - P2 (Round 7) - Epoch 7/10 | Loss: 0.0721 | Acc: 0.9746 | Val Loss: 0.0696 | Val Acc: 0.9757 | Time: 10.86s
2025-04-18 15:11:17,787 - INFO - P2 (Round 7) - Epoch 8/10 | Loss: 0.0711 | Acc: 0.9749 | Val Loss: 0.0702 | Val Acc: 0.9747 | Time: 9.90s
2025-04-18 15:11:27,328 - INFO - P2 (Round 7) - Epoch 9/10 | Loss: 0.0701 | Acc: 0.9752 | Val Loss: 0.0668 | Val Acc: 0.9757 | Time: 9.54s
2025-04-18 15:11:37,043 - INFO - P2 (Round 7) - Epoch 10/10 | Loss: 0.0649 | Acc: 0.9774 | Val Loss: 0.0652 | Val Acc: 0.9777 | Time: 9.72s
2025-04-18 15:11:39,140 - INFO - Round 7 completed in 206.57s
2025-04-18 15:11:39,140 - INFO - Global Model - P1 Test: Loss = 1.1523, Accuracy = 0.7694
2025-04-18 15:11:39,140 - INFO - Global Model - P2 Test: Loss = 1.2889, Accuracy = 0.5579
2025-04-18 15:11:48,934 - INFO - P1 (Round 8) - Epoch 1/10 | Loss: 0.0246 | Acc: 0.9936 | Val Loss: 0.0077 | Val Acc: 0.9979 | Time: 9.79s
2025-04-18 15:11:59,057 - INFO - P1 (Round 8) - Epoch 2/10 | Loss: 0.0061 | Acc: 0.9987 | Val Loss: 0.0054 | Val Acc: 0.9988 | Time: 10.12s
2025-04-18 15:12:10,669 - INFO - P1 (Round 8) - Epoch 3/10 | Loss: 0.0047 | Acc: 0.9990 | Val Loss: 0.0042 | Val Acc: 0.9989 | Time: 11.61s
2025-04-18 15:12:20,672 - INFO - P1 (Round 8) - Epoch 4/10 | Loss: 0.0040 | Acc: 0.9992 | Val Loss: 0.0039 | Val Acc: 0.9991 | Time: 10.00s
2025-04-18 15:12:30,677 - INFO - P1 (Round 8) - Epoch 5/10 | Loss: 0.0034 | Acc: 0.9993 | Val Loss: 0.0030 | Val Acc: 0.9994 | Time: 10.00s
2025-04-18 15:12:40,641 - INFO - P1 (Round 8) - Epoch 6/10 | Loss: 0.0031 | Acc: 0.9994 | Val Loss: 0.0026 | Val Acc: 0.9995 | Time: 9.96s
2025-04-18 15:12:50,542 - INFO - P1 (Round 8) - Epoch 7/10 | Loss: 0.0029 | Acc: 0.9994 | Val Loss: 0.0026 | Val Acc: 0.9996 | Time: 9.90s
2025-04-18 15:13:00,668 - INFO - P1 (Round 8) - Epoch 8/10 | Loss: 0.0028 | Acc: 0.9994 | Val Loss: 0.0032 | Val Acc: 0.9995 | Time: 10.13s
2025-04-18 15:13:10,466 - INFO - P1 (Round 8) - Epoch 9/10 | Loss: 0.0027 | Acc: 0.9995 | Val Loss: 0.0023 | Val Acc: 0.9995 | Time: 9.80s
2025-04-18 15:13:22,152 - INFO - P1 (Round 8) - Epoch 10/10 | Loss: 0.0025 | Acc: 0.9995 | Val Loss: 0.0021 | Val Acc: 0.9995 | Time: 11.69s
2025-04-18 15:13:32,041 - INFO - P2 (Round 8) - Epoch 1/10 | Loss: 0.0953 | Acc: 0.9674 | Val Loss: 0.0747 | Val Acc: 0.9740 | Time: 9.89s
2025-04-18 15:13:41,785 - INFO - P2 (Round 8) - Epoch 2/10 | Loss: 0.0696 | Acc: 0.9761 | Val Loss: 0.0684 | Val Acc: 0.9761 | Time: 9.74s
2025-04-18 15:13:51,773 - INFO - P2 (Round 8) - Epoch 3/10 | Loss: 0.0645 | Acc: 0.9779 | Val Loss: 0.0610 | Val Acc: 0.9785 | Time: 9.99s
2025-04-18 15:14:01,562 - INFO - P2 (Round 8) - Epoch 4/10 | Loss: 0.0610 | Acc: 0.9788 | Val Loss: 0.0600 | Val Acc: 0.9791 | Time: 9.79s
2025-04-18 15:14:11,221 - INFO - P2 (Round 8) - Epoch 5/10 | Loss: 0.0590 | Acc: 0.9794 | Val Loss: 0.0577 | Val Acc: 0.9798 | Time: 9.66s
2025-04-18 15:14:20,941 - INFO - P2 (Round 8) - Epoch 6/10 | Loss: 0.0580 | Acc: 0.9797 | Val Loss: 0.0577 | Val Acc: 0.9801 | Time: 9.72s
2025-04-18 15:14:33,884 - INFO - P2 (Round 8) - Epoch 7/10 | Loss: 0.0569 | Acc: 0.9800 | Val Loss: 0.0555 | Val Acc: 0.9801 | Time: 12.94s
2025-04-18 15:14:47,172 - INFO - P2 (Round 8) - Epoch 8/10 | Loss: 0.0563 | Acc: 0.9801 | Val Loss: 0.0554 | Val Acc: 0.9804 | Time: 13.29s
2025-04-18 15:14:58,627 - INFO - P2 (Round 8) - Epoch 9/10 | Loss: 0.0557 | Acc: 0.9803 | Val Loss: 0.0566 | Val Acc: 0.9799 | Time: 11.46s
2025-04-18 15:15:08,466 - INFO - P2 (Round 8) - Epoch 10/10 | Loss: 0.0553 | Acc: 0.9804 | Val Loss: 0.0570 | Val Acc: 0.9798 | Time: 9.84s
2025-04-18 15:15:10,810 - INFO - Round 8 completed in 211.67s
2025-04-18 15:15:10,811 - INFO - Global Model - P1 Test: Loss = 1.2737, Accuracy = 0.7737
2025-04-18 15:15:10,811 - INFO - Global Model - P2 Test: Loss = 1.3041, Accuracy = 0.5917
2025-04-18 15:15:20,850 - INFO - P1 (Round 9) - Epoch 1/10 | Loss: 0.0259 | Acc: 0.9946 | Val Loss: 0.0076 | Val Acc: 0.9982 | Time: 10.04s
2025-04-18 15:15:31,410 - INFO - P1 (Round 9) - Epoch 2/10 | Loss: 0.0041 | Acc: 0.9992 | Val Loss: 0.0039 | Val Acc: 0.9992 | Time: 10.56s
2025-04-18 15:15:43,234 - INFO - P1 (Round 9) - Epoch 3/10 | Loss: 0.0033 | Acc: 0.9993 | Val Loss: 0.0031 | Val Acc: 0.9994 | Time: 11.82s
2025-04-18 15:15:53,387 - INFO - P1 (Round 9) - Epoch 4/10 | Loss: 0.0030 | Acc: 0.9994 | Val Loss: 0.0027 | Val Acc: 0.9995 | Time: 10.15s
2025-04-18 15:16:03,845 - INFO - P1 (Round 9) - Epoch 5/10 | Loss: 0.0027 | Acc: 0.9995 | Val Loss: 0.0032 | Val Acc: 0.9993 | Time: 10.46s
2025-04-18 15:16:13,893 - INFO - P1 (Round 9) - Epoch 6/10 | Loss: 0.0025 | Acc: 0.9995 | Val Loss: 0.0024 | Val Acc: 0.9995 | Time: 10.05s
2025-04-18 15:16:23,908 - INFO - P1 (Round 9) - Epoch 7/10 | Loss: 0.0024 | Acc: 0.9995 | Val Loss: 0.0023 | Val Acc: 0.9996 | Time: 10.01s
2025-04-18 15:16:33,928 - INFO - P1 (Round 9) - Epoch 8/10 | Loss: 0.0023 | Acc: 0.9995 | Val Loss: 0.0022 | Val Acc: 0.9996 | Time: 10.02s
2025-04-18 15:16:44,000 - INFO - P1 (Round 9) - Epoch 9/10 | Loss: 0.0022 | Acc: 0.9995 | Val Loss: 0.0024 | Val Acc: 0.9994 | Time: 10.07s
2025-04-18 15:16:55,771 - INFO - P1 (Round 9) - Epoch 10/10 | Loss: 0.0021 | Acc: 0.9996 | Val Loss: 0.0022 | Val Acc: 0.9996 | Time: 11.77s
2025-04-18 15:17:06,011 - INFO - P2 (Round 9) - Epoch 1/10 | Loss: 0.0826 | Acc: 0.9717 | Val Loss: 0.0620 | Val Acc: 0.9784 | Time: 10.24s
2025-04-18 15:17:15,705 - INFO - P2 (Round 9) - Epoch 2/10 | Loss: 0.0595 | Acc: 0.9793 | Val Loss: 0.0577 | Val Acc: 0.9796 | Time: 9.69s
2025-04-18 15:17:25,418 - INFO - P2 (Round 9) - Epoch 3/10 | Loss: 0.0575 | Acc: 0.9799 | Val Loss: 0.0564 | Val Acc: 0.9797 | Time: 9.71s
2025-04-18 15:17:35,148 - INFO - P2 (Round 9) - Epoch 4/10 | Loss: 0.0565 | Acc: 0.9801 | Val Loss: 0.0546 | Val Acc: 0.9808 | Time: 9.73s
2025-04-18 15:17:44,820 - INFO - P2 (Round 9) - Epoch 5/10 | Loss: 0.0558 | Acc: 0.9803 | Val Loss: 0.0558 | Val Acc: 0.9802 | Time: 9.67s
2025-04-18 15:17:56,767 - INFO - P2 (Round 9) - Epoch 6/10 | Loss: 0.0551 | Acc: 0.9806 | Val Loss: 0.0551 | Val Acc: 0.9808 | Time: 11.95s
2025-04-18 15:18:09,450 - INFO - P2 (Round 9) - Epoch 7/10 | Loss: 0.0549 | Acc: 0.9806 | Val Loss: 0.0551 | Val Acc: 0.9797 | Time: 12.68s
2025-04-18 15:18:21,167 - INFO - P2 (Round 9) - Epoch 8/10 | Loss: 0.0545 | Acc: 0.9808 | Val Loss: 0.0539 | Val Acc: 0.9808 | Time: 11.72s
2025-04-18 15:18:32,712 - INFO - P2 (Round 9) - Epoch 9/10 | Loss: 0.0543 | Acc: 0.9808 | Val Loss: 0.0531 | Val Acc: 0.9812 | Time: 11.54s
2025-04-18 15:18:44,361 - INFO - P2 (Round 9) - Epoch 10/10 | Loss: 0.0541 | Acc: 0.9809 | Val Loss: 0.0536 | Val Acc: 0.9814 | Time: 11.65s
2025-04-18 15:18:46,908 - INFO - Round 9 completed in 216.10s
2025-04-18 15:18:46,908 - INFO - Global Model - P1 Test: Loss = 1.0680, Accuracy = 0.8532
2025-04-18 15:18:46,908 - INFO - Global Model - P2 Test: Loss = 0.9693, Accuracy = 0.6886
2025-04-18 15:18:58,805 - INFO - P1 (Round 10) - Epoch 1/10 | Loss: 0.0246 | Acc: 0.9942 | Val Loss: 0.0054 | Val Acc: 0.9990 | Time: 11.90s
2025-04-18 15:19:11,341 - INFO - P1 (Round 10) - Epoch 2/10 | Loss: 0.0035 | Acc: 0.9993 | Val Loss: 0.0028 | Val Acc: 0.9995 | Time: 12.54s
2025-04-18 15:19:24,084 - INFO - P1 (Round 10) - Epoch 3/10 | Loss: 0.0028 | Acc: 0.9994 | Val Loss: 0.0032 | Val Acc: 0.9993 | Time: 12.74s
2025-04-18 15:19:35,927 - INFO - P1 (Round 10) - Epoch 4/10 | Loss: 0.0025 | Acc: 0.9995 | Val Loss: 0.0036 | Val Acc: 0.9993 | Time: 11.84s
2025-04-18 15:19:47,997 - INFO - P1 (Round 10) - Epoch 5/10 | Loss: 0.0023 | Acc: 0.9995 | Val Loss: 0.0025 | Val Acc: 0.9996 | Time: 12.07s
2025-04-18 15:20:00,215 - INFO - P1 (Round 10) - Epoch 6/10 | Loss: 0.0023 | Acc: 0.9995 | Val Loss: 0.0028 | Val Acc: 0.9994 | Time: 12.22s
2025-04-18 15:20:13,173 - INFO - P1 (Round 10) - Epoch 7/10 | Loss: 0.0021 | Acc: 0.9995 | Val Loss: 0.0022 | Val Acc: 0.9996 | Time: 12.96s
2025-04-18 15:20:25,395 - INFO - P1 (Round 10) - Epoch 8/10 | Loss: 0.0022 | Acc: 0.9995 | Val Loss: 0.0022 | Val Acc: 0.9996 | Time: 12.22s
2025-04-18 15:20:38,107 - INFO - P1 (Round 10) - Epoch 9/10 | Loss: 0.0020 | Acc: 0.9996 | Val Loss: 0.0021 | Val Acc: 0.9996 | Time: 12.71s
2025-04-18 15:20:49,968 - INFO - P1 (Round 10) - Epoch 10/10 | Loss: 0.0020 | Acc: 0.9996 | Val Loss: 0.0021 | Val Acc: 0.9996 | Time: 11.86s
2025-04-18 15:21:02,230 - INFO - P2 (Round 10) - Epoch 1/10 | Loss: 0.1018 | Acc: 0.9631 | Val Loss: 0.0806 | Val Acc: 0.9702 | Time: 12.26s
2025-04-18 15:21:13,952 - INFO - P2 (Round 10) - Epoch 2/10 | Loss: 0.0737 | Acc: 0.9737 | Val Loss: 0.0671 | Val Acc: 0.9765 | Time: 11.72s
2025-04-18 15:21:25,436 - INFO - P2 (Round 10) - Epoch 3/10 | Loss: 0.0628 | Acc: 0.9778 | Val Loss: 0.0604 | Val Acc: 0.9786 | Time: 11.48s
2025-04-18 15:21:37,274 - INFO - P2 (Round 10) - Epoch 4/10 | Loss: 0.0589 | Acc: 0.9788 | Val Loss: 0.0582 | Val Acc: 0.9790 | Time: 11.84s
2025-04-18 15:21:49,672 - INFO - P2 (Round 10) - Epoch 5/10 | Loss: 0.0573 | Acc: 0.9793 | Val Loss: 0.0562 | Val Acc: 0.9796 | Time: 12.40s
2025-04-18 15:22:01,499 - INFO - P2 (Round 10) - Epoch 6/10 | Loss: 0.0563 | Acc: 0.9797 | Val Loss: 0.0553 | Val Acc: 0.9807 | Time: 11.83s
2025-04-18 15:22:13,397 - INFO - P2 (Round 10) - Epoch 7/10 | Loss: 0.0556 | Acc: 0.9800 | Val Loss: 0.0551 | Val Acc: 0.9801 | Time: 11.90s
2025-04-18 15:22:25,624 - INFO - P2 (Round 10) - Epoch 8/10 | Loss: 0.0552 | Acc: 0.9802 | Val Loss: 0.0560 | Val Acc: 0.9797 | Time: 12.23s
2025-04-18 15:22:37,328 - INFO - P2 (Round 10) - Epoch 9/10 | Loss: 0.0547 | Acc: 0.9804 | Val Loss: 0.0548 | Val Acc: 0.9806 | Time: 11.70s
2025-04-18 15:22:49,913 - INFO - P2 (Round 10) - Epoch 10/10 | Loss: 0.0542 | Acc: 0.9806 | Val Loss: 0.0546 | Val Acc: 0.9802 | Time: 12.58s
2025-04-18 15:22:53,150 - INFO - Round 10 completed in 246.24s
2025-04-18 15:22:53,151 - INFO - Global Model - P1 Test: Loss = 0.9668, Accuracy = 0.8440
2025-04-18 15:22:53,151 - INFO - Global Model - P2 Test: Loss = 0.7860, Accuracy = 0.7841
2025-04-18 15:22:56,220 - INFO - Final Results after 10 rounds:
2025-04-18 15:22:56,220 - INFO - Global Model - P1 Test: Loss = 0.9668, Accuracy = 0.8440
2025-04-18 15:22:56,220 - INFO - Global Model - P2 Test: Loss = 0.7860, Accuracy = 0.7841
2025-04-18 15:22:56,232 - INFO - Experiment 33 results saved to results/suppression_experiments/exp_33_p1f12_p2f10.json
