2025-04-18 17:55:28,969 - INFO - Starting Suppression Experiment 88
2025-04-18 17:55:28,969 - INFO - P1 Features (8/14): ['protocol', 'bidirectional_min_ps', 'bidirectional_mean_ps', 'bidirectional_stddev_ps', 'bidirectional_max_ps', 'src2dst_stddev_ps', 'src2dst_max_ps', 'dst2src_min_ps']
2025-04-18 17:55:28,969 - INFO - P2 Features (11/14): ['protocol', 'bidirectional_min_ps', 'bidirectional_mean_ps', 'bidirectional_stddev_ps', 'bidirectional_max_ps', 'src2dst_stddev_ps', 'src2dst_max_ps', 'dst2src_min_ps', 'dst2src_mean_ps', 'dst2src_stddev_ps', 'dst2src_max_ps']
2025-04-18 17:55:39,157 - INFO - P1 (Round 1) - Epoch 1/10 | Loss: 0.1526 | Acc: 0.9547 | Val Loss: 0.0398 | Val Acc: 0.9901 | Time: 10.04s
2025-04-18 17:55:49,341 - INFO - P1 (Round 1) - Epoch 2/10 | Loss: 0.0321 | Acc: 0.9915 | Val Loss: 0.0295 | Val Acc: 0.9920 | Time: 10.18s
2025-04-18 17:55:59,341 - INFO - P1 (Round 1) - Epoch 3/10 | Loss: 0.0270 | Acc: 0.9924 | Val Loss: 0.0261 | Val Acc: 0.9925 | Time: 10.00s
2025-04-18 17:56:10,152 - INFO - P1 (Round 1) - Epoch 4/10 | Loss: 0.0248 | Acc: 0.9931 | Val Loss: 0.0245 | Val Acc: 0.9933 | Time: 10.81s
2025-04-18 17:56:20,946 - INFO - P1 (Round 1) - Epoch 5/10 | Loss: 0.0236 | Acc: 0.9935 | Val Loss: 0.0241 | Val Acc: 0.9937 | Time: 10.79s
2025-04-18 17:56:31,121 - INFO - P1 (Round 1) - Epoch 6/10 | Loss: 0.0228 | Acc: 0.9937 | Val Loss: 0.0232 | Val Acc: 0.9935 | Time: 10.17s
2025-04-18 17:56:41,025 - INFO - P1 (Round 1) - Epoch 7/10 | Loss: 0.0221 | Acc: 0.9939 | Val Loss: 0.0239 | Val Acc: 0.9938 | Time: 9.90s
2025-04-18 17:56:51,075 - INFO - P1 (Round 1) - Epoch 8/10 | Loss: 0.0214 | Acc: 0.9941 | Val Loss: 0.0222 | Val Acc: 0.9941 | Time: 10.05s
2025-04-18 17:57:01,057 - INFO - P1 (Round 1) - Epoch 9/10 | Loss: 0.0209 | Acc: 0.9942 | Val Loss: 0.0209 | Val Acc: 0.9942 | Time: 9.98s
2025-04-18 17:57:11,268 - INFO - P1 (Round 1) - Epoch 10/10 | Loss: 0.0204 | Acc: 0.9943 | Val Loss: 0.0208 | Val Acc: 0.9940 | Time: 10.21s
2025-04-18 17:57:22,286 - INFO - P2 (Round 1) - Epoch 1/10 | Loss: 0.3237 | Acc: 0.8651 | Val Loss: 0.1724 | Val Acc: 0.9380 | Time: 11.02s
2025-04-18 17:57:32,909 - INFO - P2 (Round 1) - Epoch 2/10 | Loss: 0.1319 | Acc: 0.9550 | Val Loss: 0.1122 | Val Acc: 0.9600 | Time: 10.62s
2025-04-18 17:57:42,520 - INFO - P2 (Round 1) - Epoch 3/10 | Loss: 0.1075 | Acc: 0.9620 | Val Loss: 0.1014 | Val Acc: 0.9634 | Time: 9.61s
2025-04-18 17:57:52,818 - INFO - P2 (Round 1) - Epoch 4/10 | Loss: 0.1002 | Acc: 0.9642 | Val Loss: 0.0997 | Val Acc: 0.9623 | Time: 10.30s
2025-04-18 17:58:02,636 - INFO - P2 (Round 1) - Epoch 5/10 | Loss: 0.0956 | Acc: 0.9659 | Val Loss: 0.0920 | Val Acc: 0.9683 | Time: 9.82s
2025-04-18 17:58:12,298 - INFO - P2 (Round 1) - Epoch 6/10 | Loss: 0.0916 | Acc: 0.9678 | Val Loss: 0.0875 | Val Acc: 0.9702 | Time: 9.66s
2025-04-18 17:58:24,445 - INFO - P2 (Round 1) - Epoch 7/10 | Loss: 0.0882 | Acc: 0.9692 | Val Loss: 0.0900 | Val Acc: 0.9705 | Time: 12.15s
2025-04-18 17:58:36,867 - INFO - P2 (Round 1) - Epoch 8/10 | Loss: 0.0855 | Acc: 0.9701 | Val Loss: 0.0850 | Val Acc: 0.9712 | Time: 12.42s
2025-04-18 17:58:49,173 - INFO - P2 (Round 1) - Epoch 9/10 | Loss: 0.0830 | Acc: 0.9709 | Val Loss: 0.0810 | Val Acc: 0.9714 | Time: 12.31s
2025-04-18 17:59:01,302 - INFO - P2 (Round 1) - Epoch 10/10 | Loss: 0.0812 | Acc: 0.9715 | Val Loss: 0.0808 | Val Acc: 0.9724 | Time: 12.13s
2025-04-18 17:59:03,898 - INFO - Round 1 completed in 214.78s
2025-04-18 17:59:03,899 - INFO - Global Model - P1 Test: Loss = 5.5103, Accuracy = 0.3191
2025-04-18 17:59:03,899 - INFO - Global Model - P2 Test: Loss = 6.3068, Accuracy = 0.1609
2025-04-18 17:59:16,493 - INFO - P1 (Round 2) - Epoch 1/10 | Loss: 0.1204 | Acc: 0.9702 | Val Loss: 0.0406 | Val Acc: 0.9891 | Time: 12.59s
2025-04-18 17:59:28,566 - INFO - P1 (Round 2) - Epoch 2/10 | Loss: 0.0326 | Acc: 0.9914 | Val Loss: 0.0285 | Val Acc: 0.9923 | Time: 12.07s
2025-04-18 17:59:40,654 - INFO - P1 (Round 2) - Epoch 3/10 | Loss: 0.0268 | Acc: 0.9928 | Val Loss: 0.0259 | Val Acc: 0.9932 | Time: 12.09s
2025-04-18 17:59:53,508 - INFO - P1 (Round 2) - Epoch 4/10 | Loss: 0.0249 | Acc: 0.9933 | Val Loss: 0.0266 | Val Acc: 0.9928 | Time: 12.85s
2025-04-18 18:00:05,260 - INFO - P1 (Round 2) - Epoch 5/10 | Loss: 0.0239 | Acc: 0.9934 | Val Loss: 0.0241 | Val Acc: 0.9934 | Time: 11.75s
2025-04-18 18:00:17,346 - INFO - P1 (Round 2) - Epoch 6/10 | Loss: 0.0230 | Acc: 0.9937 | Val Loss: 0.0234 | Val Acc: 0.9937 | Time: 12.09s
2025-04-18 18:00:29,154 - INFO - P1 (Round 2) - Epoch 7/10 | Loss: 0.0223 | Acc: 0.9939 | Val Loss: 0.0218 | Val Acc: 0.9941 | Time: 11.81s
2025-04-18 18:00:40,823 - INFO - P1 (Round 2) - Epoch 8/10 | Loss: 0.0216 | Acc: 0.9941 | Val Loss: 0.0216 | Val Acc: 0.9939 | Time: 11.67s
2025-04-18 18:00:52,598 - INFO - P1 (Round 2) - Epoch 9/10 | Loss: 0.0208 | Acc: 0.9943 | Val Loss: 0.0222 | Val Acc: 0.9941 | Time: 11.77s
2025-04-18 18:01:05,385 - INFO - P1 (Round 2) - Epoch 10/10 | Loss: 0.0199 | Acc: 0.9946 | Val Loss: 0.0196 | Val Acc: 0.9946 | Time: 12.79s
2025-04-18 18:01:17,096 - INFO - P2 (Round 2) - Epoch 1/10 | Loss: 0.3204 | Acc: 0.8815 | Val Loss: 0.2019 | Val Acc: 0.9202 | Time: 11.71s
2025-04-18 18:01:28,664 - INFO - P2 (Round 2) - Epoch 2/10 | Loss: 0.1571 | Acc: 0.9404 | Val Loss: 0.1201 | Val Acc: 0.9599 | Time: 11.57s
2025-04-18 18:01:40,094 - INFO - P2 (Round 2) - Epoch 3/10 | Loss: 0.1089 | Acc: 0.9635 | Val Loss: 0.1004 | Val Acc: 0.9662 | Time: 11.43s
2025-04-18 18:01:51,588 - INFO - P2 (Round 2) - Epoch 4/10 | Loss: 0.0971 | Acc: 0.9670 | Val Loss: 0.0938 | Val Acc: 0.9691 | Time: 11.49s
2025-04-18 18:02:03,080 - INFO - P2 (Round 2) - Epoch 5/10 | Loss: 0.0900 | Acc: 0.9687 | Val Loss: 0.0870 | Val Acc: 0.9698 | Time: 11.49s
2025-04-18 18:02:15,740 - INFO - P2 (Round 2) - Epoch 6/10 | Loss: 0.0844 | Acc: 0.9700 | Val Loss: 0.0812 | Val Acc: 0.9710 | Time: 12.66s
2025-04-18 18:02:27,011 - INFO - P2 (Round 2) - Epoch 7/10 | Loss: 0.0811 | Acc: 0.9709 | Val Loss: 0.0798 | Val Acc: 0.9721 | Time: 11.27s
2025-04-18 18:02:38,635 - INFO - P2 (Round 2) - Epoch 8/10 | Loss: 0.0755 | Acc: 0.9734 | Val Loss: 0.0714 | Val Acc: 0.9746 | Time: 11.62s
2025-04-18 18:02:50,439 - INFO - P2 (Round 2) - Epoch 9/10 | Loss: 0.0696 | Acc: 0.9760 | Val Loss: 0.0672 | Val Acc: 0.9775 | Time: 11.80s
2025-04-18 18:03:02,511 - INFO - P2 (Round 2) - Epoch 10/10 | Loss: 0.0658 | Acc: 0.9776 | Val Loss: 0.0646 | Val Acc: 0.9780 | Time: 12.07s
2025-04-18 18:03:04,996 - INFO - Round 2 completed in 241.10s
2025-04-18 18:03:04,996 - INFO - Global Model - P1 Test: Loss = 3.1875, Accuracy = 0.6394
2025-04-18 18:03:04,996 - INFO - Global Model - P2 Test: Loss = 6.3129, Accuracy = 0.1881
2025-04-18 18:03:16,637 - INFO - P1 (Round 3) - Epoch 1/10 | Loss: 0.0648 | Acc: 0.9854 | Val Loss: 0.0289 | Val Acc: 0.9921 | Time: 11.64s
2025-04-18 18:03:28,451 - INFO - P1 (Round 3) - Epoch 2/10 | Loss: 0.0262 | Acc: 0.9928 | Val Loss: 0.0250 | Val Acc: 0.9930 | Time: 11.81s
2025-04-18 18:03:40,335 - INFO - P1 (Round 3) - Epoch 3/10 | Loss: 0.0240 | Acc: 0.9932 | Val Loss: 0.0239 | Val Acc: 0.9932 | Time: 11.88s
2025-04-18 18:03:52,009 - INFO - P1 (Round 3) - Epoch 4/10 | Loss: 0.0232 | Acc: 0.9935 | Val Loss: 0.0232 | Val Acc: 0.9936 | Time: 11.67s
2025-04-18 18:04:03,613 - INFO - P1 (Round 3) - Epoch 5/10 | Loss: 0.0226 | Acc: 0.9937 | Val Loss: 0.0233 | Val Acc: 0.9929 | Time: 11.60s
2025-04-18 18:04:15,352 - INFO - P1 (Round 3) - Epoch 6/10 | Loss: 0.0220 | Acc: 0.9939 | Val Loss: 0.0220 | Val Acc: 0.9935 | Time: 11.74s
2025-04-18 18:04:27,044 - INFO - P1 (Round 3) - Epoch 7/10 | Loss: 0.0216 | Acc: 0.9940 | Val Loss: 0.0214 | Val Acc: 0.9941 | Time: 11.69s
2025-04-18 18:04:39,049 - INFO - P1 (Round 3) - Epoch 8/10 | Loss: 0.0210 | Acc: 0.9942 | Val Loss: 0.0205 | Val Acc: 0.9946 | Time: 12.00s
2025-04-18 18:04:51,114 - INFO - P1 (Round 3) - Epoch 9/10 | Loss: 0.0206 | Acc: 0.9943 | Val Loss: 0.0222 | Val Acc: 0.9934 | Time: 12.07s
2025-04-18 18:05:03,481 - INFO - P1 (Round 3) - Epoch 10/10 | Loss: 0.0199 | Acc: 0.9946 | Val Loss: 0.0192 | Val Acc: 0.9950 | Time: 12.37s
2025-04-18 18:05:15,545 - INFO - P2 (Round 3) - Epoch 1/10 | Loss: 0.3000 | Acc: 0.8896 | Val Loss: 0.1934 | Val Acc: 0.9288 | Time: 12.06s
2025-04-18 18:05:28,303 - INFO - P2 (Round 3) - Epoch 2/10 | Loss: 0.1300 | Acc: 0.9541 | Val Loss: 0.1013 | Val Acc: 0.9651 | Time: 12.76s
2025-04-18 18:05:40,285 - INFO - P2 (Round 3) - Epoch 3/10 | Loss: 0.0987 | Acc: 0.9666 | Val Loss: 0.0926 | Val Acc: 0.9681 | Time: 11.98s
2025-04-18 18:05:52,508 - INFO - P2 (Round 3) - Epoch 4/10 | Loss: 0.0913 | Acc: 0.9686 | Val Loss: 0.0894 | Val Acc: 0.9691 | Time: 12.22s
2025-04-18 18:06:04,295 - INFO - P2 (Round 3) - Epoch 5/10 | Loss: 0.0833 | Acc: 0.9718 | Val Loss: 0.0788 | Val Acc: 0.9737 | Time: 11.79s
2025-04-18 18:06:16,014 - INFO - P2 (Round 3) - Epoch 6/10 | Loss: 0.0752 | Acc: 0.9750 | Val Loss: 0.0726 | Val Acc: 0.9752 | Time: 11.72s
2025-04-18 18:06:27,899 - INFO - P2 (Round 3) - Epoch 7/10 | Loss: 0.0716 | Acc: 0.9759 | Val Loss: 0.0686 | Val Acc: 0.9773 | Time: 11.88s
2025-04-18 18:06:39,493 - INFO - P2 (Round 3) - Epoch 8/10 | Loss: 0.0693 | Acc: 0.9764 | Val Loss: 0.0691 | Val Acc: 0.9756 | Time: 11.59s
2025-04-18 18:06:52,098 - INFO - P2 (Round 3) - Epoch 9/10 | Loss: 0.0678 | Acc: 0.9768 | Val Loss: 0.0661 | Val Acc: 0.9770 | Time: 12.60s
2025-04-18 18:07:03,856 - INFO - P2 (Round 3) - Epoch 10/10 | Loss: 0.0665 | Acc: 0.9771 | Val Loss: 0.0647 | Val Acc: 0.9775 | Time: 11.76s
2025-04-18 18:07:06,267 - INFO - Round 3 completed in 241.27s
2025-04-18 18:07:06,267 - INFO - Global Model - P1 Test: Loss = 1.6910, Accuracy = 0.6931
2025-04-18 18:07:06,267 - INFO - Global Model - P2 Test: Loss = 5.3253, Accuracy = 0.2065
2025-04-18 18:07:18,062 - INFO - P1 (Round 4) - Epoch 1/10 | Loss: 0.0467 | Acc: 0.9887 | Val Loss: 0.0240 | Val Acc: 0.9932 | Time: 11.79s
2025-04-18 18:07:30,073 - INFO - P1 (Round 4) - Epoch 2/10 | Loss: 0.0230 | Acc: 0.9938 | Val Loss: 0.0236 | Val Acc: 0.9931 | Time: 12.01s
2025-04-18 18:07:42,046 - INFO - P1 (Round 4) - Epoch 3/10 | Loss: 0.0215 | Acc: 0.9942 | Val Loss: 0.0209 | Val Acc: 0.9947 | Time: 11.97s
2025-04-18 18:07:54,047 - INFO - P1 (Round 4) - Epoch 4/10 | Loss: 0.0205 | Acc: 0.9945 | Val Loss: 0.0204 | Val Acc: 0.9947 | Time: 12.00s
2025-04-18 18:08:07,056 - INFO - P1 (Round 4) - Epoch 5/10 | Loss: 0.0191 | Acc: 0.9950 | Val Loss: 0.0181 | Val Acc: 0.9954 | Time: 13.01s
2025-04-18 18:08:18,917 - INFO - P1 (Round 4) - Epoch 6/10 | Loss: 0.0181 | Acc: 0.9952 | Val Loss: 0.0181 | Val Acc: 0.9954 | Time: 11.86s
2025-04-18 18:08:30,834 - INFO - P1 (Round 4) - Epoch 7/10 | Loss: 0.0174 | Acc: 0.9954 | Val Loss: 0.0171 | Val Acc: 0.9956 | Time: 11.92s
2025-04-18 18:08:42,766 - INFO - P1 (Round 4) - Epoch 8/10 | Loss: 0.0168 | Acc: 0.9955 | Val Loss: 0.0160 | Val Acc: 0.9957 | Time: 11.93s
2025-04-18 18:08:55,179 - INFO - P1 (Round 4) - Epoch 9/10 | Loss: 0.0164 | Acc: 0.9956 | Val Loss: 0.0166 | Val Acc: 0.9953 | Time: 12.41s
2025-04-18 18:09:07,514 - INFO - P1 (Round 4) - Epoch 10/10 | Loss: 0.0160 | Acc: 0.9957 | Val Loss: 0.0155 | Val Acc: 0.9959 | Time: 12.34s
2025-04-18 18:09:19,929 - INFO - P2 (Round 4) - Epoch 1/10 | Loss: 0.2724 | Acc: 0.8972 | Val Loss: 0.1544 | Val Acc: 0.9463 | Time: 12.41s
2025-04-18 18:09:31,593 - INFO - P2 (Round 4) - Epoch 2/10 | Loss: 0.1158 | Acc: 0.9606 | Val Loss: 0.0934 | Val Acc: 0.9691 | Time: 11.66s
2025-04-18 18:09:43,700 - INFO - P2 (Round 4) - Epoch 3/10 | Loss: 0.0875 | Acc: 0.9710 | Val Loss: 0.0795 | Val Acc: 0.9734 | Time: 12.11s
2025-04-18 18:09:55,431 - INFO - P2 (Round 4) - Epoch 4/10 | Loss: 0.0758 | Acc: 0.9747 | Val Loss: 0.0723 | Val Acc: 0.9758 | Time: 11.73s
2025-04-18 18:10:07,517 - INFO - P2 (Round 4) - Epoch 5/10 | Loss: 0.0712 | Acc: 0.9760 | Val Loss: 0.0687 | Val Acc: 0.9768 | Time: 12.09s
2025-04-18 18:10:19,581 - INFO - P2 (Round 4) - Epoch 6/10 | Loss: 0.0690 | Acc: 0.9764 | Val Loss: 0.0712 | Val Acc: 0.9765 | Time: 12.06s
2025-04-18 18:10:32,049 - INFO - P2 (Round 4) - Epoch 7/10 | Loss: 0.0676 | Acc: 0.9768 | Val Loss: 0.0669 | Val Acc: 0.9772 | Time: 12.47s
2025-04-18 18:10:43,515 - INFO - P2 (Round 4) - Epoch 8/10 | Loss: 0.0666 | Acc: 0.9770 | Val Loss: 0.0643 | Val Acc: 0.9774 | Time: 11.47s
2025-04-18 18:10:55,003 - INFO - P2 (Round 4) - Epoch 9/10 | Loss: 0.0650 | Acc: 0.9773 | Val Loss: 0.0630 | Val Acc: 0.9783 | Time: 11.49s
2025-04-18 18:11:06,723 - INFO - P2 (Round 4) - Epoch 10/10 | Loss: 0.0640 | Acc: 0.9775 | Val Loss: 0.0631 | Val Acc: 0.9779 | Time: 11.72s
2025-04-18 18:11:09,233 - INFO - Round 4 completed in 242.97s
2025-04-18 18:11:09,233 - INFO - Global Model - P1 Test: Loss = 1.0471, Accuracy = 0.8337
2025-04-18 18:11:09,233 - INFO - Global Model - P2 Test: Loss = 4.7233, Accuracy = 0.4648
2025-04-18 18:11:21,124 - INFO - P1 (Round 5) - Epoch 1/10 | Loss: 0.0462 | Acc: 0.9887 | Val Loss: 0.0237 | Val Acc: 0.9937 | Time: 11.89s
2025-04-18 18:11:33,649 - INFO - P1 (Round 5) - Epoch 2/10 | Loss: 0.0218 | Acc: 0.9942 | Val Loss: 0.0196 | Val Acc: 0.9948 | Time: 12.52s
2025-04-18 18:11:46,281 - INFO - P1 (Round 5) - Epoch 3/10 | Loss: 0.0197 | Acc: 0.9948 | Val Loss: 0.0188 | Val Acc: 0.9950 | Time: 12.63s
2025-04-18 18:11:58,036 - INFO - P1 (Round 5) - Epoch 4/10 | Loss: 0.0186 | Acc: 0.9951 | Val Loss: 0.0211 | Val Acc: 0.9943 | Time: 11.75s
2025-04-18 18:12:09,871 - INFO - P1 (Round 5) - Epoch 5/10 | Loss: 0.0180 | Acc: 0.9952 | Val Loss: 0.0170 | Val Acc: 0.9955 | Time: 11.83s
2025-04-18 18:12:21,795 - INFO - P1 (Round 5) - Epoch 6/10 | Loss: 0.0172 | Acc: 0.9954 | Val Loss: 0.0171 | Val Acc: 0.9953 | Time: 11.92s
2025-04-18 18:12:34,239 - INFO - P1 (Round 5) - Epoch 7/10 | Loss: 0.0169 | Acc: 0.9956 | Val Loss: 0.0163 | Val Acc: 0.9957 | Time: 12.44s
2025-04-18 18:12:46,945 - INFO - P1 (Round 5) - Epoch 8/10 | Loss: 0.0166 | Acc: 0.9956 | Val Loss: 0.0165 | Val Acc: 0.9959 | Time: 12.71s
2025-04-18 18:13:01,788 - INFO - P1 (Round 5) - Epoch 9/10 | Loss: 0.0163 | Acc: 0.9957 | Val Loss: 0.0168 | Val Acc: 0.9956 | Time: 14.84s
2025-04-18 18:13:11,775 - INFO - P1 (Round 5) - Epoch 10/10 | Loss: 0.0161 | Acc: 0.9957 | Val Loss: 0.0159 | Val Acc: 0.9960 | Time: 9.99s
2025-04-18 18:13:21,714 - INFO - P2 (Round 5) - Epoch 1/10 | Loss: 0.1758 | Acc: 0.9463 | Val Loss: 0.0957 | Val Acc: 0.9673 | Time: 9.94s
2025-04-18 18:13:31,823 - INFO - P2 (Round 5) - Epoch 2/10 | Loss: 0.0866 | Acc: 0.9707 | Val Loss: 0.0763 | Val Acc: 0.9740 | Time: 10.11s
2025-04-18 18:13:41,331 - INFO - P2 (Round 5) - Epoch 3/10 | Loss: 0.0738 | Acc: 0.9744 | Val Loss: 0.0715 | Val Acc: 0.9755 | Time: 9.51s
2025-04-18 18:13:51,103 - INFO - P2 (Round 5) - Epoch 4/10 | Loss: 0.0692 | Acc: 0.9756 | Val Loss: 0.0659 | Val Acc: 0.9772 | Time: 9.77s
2025-04-18 18:14:03,119 - INFO - P2 (Round 5) - Epoch 5/10 | Loss: 0.0664 | Acc: 0.9765 | Val Loss: 0.0666 | Val Acc: 0.9765 | Time: 12.02s
2025-04-18 18:14:14,457 - INFO - P2 (Round 5) - Epoch 6/10 | Loss: 0.0644 | Acc: 0.9772 | Val Loss: 0.0640 | Val Acc: 0.9767 | Time: 11.34s
2025-04-18 18:14:26,097 - INFO - P2 (Round 5) - Epoch 7/10 | Loss: 0.0633 | Acc: 0.9776 | Val Loss: 0.0644 | Val Acc: 0.9763 | Time: 11.64s
2025-04-18 18:14:39,129 - INFO - P2 (Round 5) - Epoch 8/10 | Loss: 0.0626 | Acc: 0.9778 | Val Loss: 0.0631 | Val Acc: 0.9778 | Time: 13.03s
2025-04-18 18:14:52,508 - INFO - P2 (Round 5) - Epoch 9/10 | Loss: 0.0621 | Acc: 0.9780 | Val Loss: 0.0611 | Val Acc: 0.9785 | Time: 13.38s
2025-04-18 18:15:04,789 - INFO - P2 (Round 5) - Epoch 10/10 | Loss: 0.0615 | Acc: 0.9782 | Val Loss: 0.0606 | Val Acc: 0.9789 | Time: 12.28s
2025-04-18 18:15:07,548 - INFO - Round 5 completed in 238.32s
2025-04-18 18:15:07,549 - INFO - Global Model - P1 Test: Loss = 2.1857, Accuracy = 0.6120
2025-04-18 18:15:07,549 - INFO - Global Model - P2 Test: Loss = 4.6182, Accuracy = 0.5359
2025-04-18 18:15:20,131 - INFO - P1 (Round 6) - Epoch 1/10 | Loss: 0.0480 | Acc: 0.9879 | Val Loss: 0.0265 | Val Acc: 0.9926 | Time: 12.58s
2025-04-18 18:15:32,005 - INFO - P1 (Round 6) - Epoch 2/10 | Loss: 0.0245 | Acc: 0.9931 | Val Loss: 0.0241 | Val Acc: 0.9937 | Time: 11.87s
2025-04-18 18:15:43,804 - INFO - P1 (Round 6) - Epoch 3/10 | Loss: 0.0223 | Acc: 0.9938 | Val Loss: 0.0214 | Val Acc: 0.9937 | Time: 11.80s
2025-04-18 18:15:55,470 - INFO - P1 (Round 6) - Epoch 4/10 | Loss: 0.0207 | Acc: 0.9943 | Val Loss: 0.0199 | Val Acc: 0.9944 | Time: 11.67s
2025-04-18 18:16:07,584 - INFO - P1 (Round 6) - Epoch 5/10 | Loss: 0.0190 | Acc: 0.9949 | Val Loss: 0.0188 | Val Acc: 0.9952 | Time: 12.11s
2025-04-18 18:16:20,437 - INFO - P1 (Round 6) - Epoch 6/10 | Loss: 0.0175 | Acc: 0.9953 | Val Loss: 0.0165 | Val Acc: 0.9956 | Time: 12.85s
2025-04-18 18:16:32,839 - INFO - P1 (Round 6) - Epoch 7/10 | Loss: 0.0164 | Acc: 0.9955 | Val Loss: 0.0170 | Val Acc: 0.9953 | Time: 12.40s
2025-04-18 18:16:44,644 - INFO - P1 (Round 6) - Epoch 8/10 | Loss: 0.0158 | Acc: 0.9957 | Val Loss: 0.0161 | Val Acc: 0.9957 | Time: 11.81s
2025-04-18 18:16:56,401 - INFO - P1 (Round 6) - Epoch 9/10 | Loss: 0.0153 | Acc: 0.9958 | Val Loss: 0.0148 | Val Acc: 0.9960 | Time: 11.76s
2025-04-18 18:17:08,336 - INFO - P1 (Round 6) - Epoch 10/10 | Loss: 0.0150 | Acc: 0.9960 | Val Loss: 0.0151 | Val Acc: 0.9963 | Time: 11.94s
2025-04-18 18:17:20,485 - INFO - P2 (Round 6) - Epoch 1/10 | Loss: 0.1416 | Acc: 0.9576 | Val Loss: 0.0836 | Val Acc: 0.9707 | Time: 12.15s
2025-04-18 18:17:33,257 - INFO - P2 (Round 6) - Epoch 2/10 | Loss: 0.0784 | Acc: 0.9728 | Val Loss: 0.0723 | Val Acc: 0.9743 | Time: 12.77s
2025-04-18 18:17:45,702 - INFO - P2 (Round 6) - Epoch 3/10 | Loss: 0.0704 | Acc: 0.9753 | Val Loss: 0.0687 | Val Acc: 0.9758 | Time: 12.44s
2025-04-18 18:17:57,577 - INFO - P2 (Round 6) - Epoch 4/10 | Loss: 0.0676 | Acc: 0.9763 | Val Loss: 0.0659 | Val Acc: 0.9772 | Time: 11.88s
2025-04-18 18:18:08,961 - INFO - P2 (Round 6) - Epoch 5/10 | Loss: 0.0661 | Acc: 0.9768 | Val Loss: 0.0647 | Val Acc: 0.9775 | Time: 11.38s
2025-04-18 18:18:20,687 - INFO - P2 (Round 6) - Epoch 6/10 | Loss: 0.0648 | Acc: 0.9773 | Val Loss: 0.0638 | Val Acc: 0.9778 | Time: 11.73s
2025-04-18 18:18:32,133 - INFO - P2 (Round 6) - Epoch 7/10 | Loss: 0.0637 | Acc: 0.9777 | Val Loss: 0.0618 | Val Acc: 0.9784 | Time: 11.45s
2025-04-18 18:18:44,444 - INFO - P2 (Round 6) - Epoch 8/10 | Loss: 0.0627 | Acc: 0.9781 | Val Loss: 0.0627 | Val Acc: 0.9776 | Time: 12.31s
2025-04-18 18:18:56,290 - INFO - P2 (Round 6) - Epoch 9/10 | Loss: 0.0619 | Acc: 0.9783 | Val Loss: 0.0604 | Val Acc: 0.9786 | Time: 11.85s
2025-04-18 18:19:08,075 - INFO - P2 (Round 6) - Epoch 10/10 | Loss: 0.0612 | Acc: 0.9785 | Val Loss: 0.0597 | Val Acc: 0.9792 | Time: 11.78s
2025-04-18 18:19:10,444 - INFO - Round 6 completed in 242.90s
2025-04-18 18:19:10,444 - INFO - Global Model - P1 Test: Loss = 3.4019, Accuracy = 0.4067
2025-04-18 18:19:10,444 - INFO - Global Model - P2 Test: Loss = 6.0503, Accuracy = 0.6574
2025-04-18 18:19:22,382 - INFO - P1 (Round 7) - Epoch 1/10 | Loss: 0.0505 | Acc: 0.9885 | Val Loss: 0.0248 | Val Acc: 0.9932 | Time: 11.94s
2025-04-18 18:19:34,664 - INFO - P1 (Round 7) - Epoch 2/10 | Loss: 0.0227 | Acc: 0.9937 | Val Loss: 0.0212 | Val Acc: 0.9941 | Time: 12.28s
2025-04-18 18:19:46,587 - INFO - P1 (Round 7) - Epoch 3/10 | Loss: 0.0208 | Acc: 0.9943 | Val Loss: 0.0207 | Val Acc: 0.9943 | Time: 11.92s
2025-04-18 18:19:59,754 - INFO - P1 (Round 7) - Epoch 4/10 | Loss: 0.0196 | Acc: 0.9947 | Val Loss: 0.0196 | Val Acc: 0.9951 | Time: 13.17s
2025-04-18 18:20:11,617 - INFO - P1 (Round 7) - Epoch 5/10 | Loss: 0.0185 | Acc: 0.9950 | Val Loss: 0.0216 | Val Acc: 0.9932 | Time: 11.86s
2025-04-18 18:20:23,867 - INFO - P1 (Round 7) - Epoch 6/10 | Loss: 0.0175 | Acc: 0.9952 | Val Loss: 0.0171 | Val Acc: 0.9951 | Time: 12.25s
2025-04-18 18:20:35,754 - INFO - P1 (Round 7) - Epoch 7/10 | Loss: 0.0165 | Acc: 0.9956 | Val Loss: 0.0163 | Val Acc: 0.9957 | Time: 11.89s
2025-04-18 18:20:47,273 - INFO - P1 (Round 7) - Epoch 8/10 | Loss: 0.0158 | Acc: 0.9958 | Val Loss: 0.0176 | Val Acc: 0.9959 | Time: 11.52s
2025-04-18 18:20:59,250 - INFO - P1 (Round 7) - Epoch 9/10 | Loss: 0.0154 | Acc: 0.9959 | Val Loss: 0.0155 | Val Acc: 0.9958 | Time: 11.98s
2025-04-18 18:21:12,142 - INFO - P1 (Round 7) - Epoch 10/10 | Loss: 0.0149 | Acc: 0.9960 | Val Loss: 0.0144 | Val Acc: 0.9962 | Time: 12.89s
2025-04-18 18:21:24,424 - INFO - P2 (Round 7) - Epoch 1/10 | Loss: 0.1361 | Acc: 0.9621 | Val Loss: 0.0761 | Val Acc: 0.9742 | Time: 12.28s
2025-04-18 18:21:36,297 - INFO - P2 (Round 7) - Epoch 2/10 | Loss: 0.0705 | Acc: 0.9756 | Val Loss: 0.0660 | Val Acc: 0.9773 | Time: 11.87s
2025-04-18 18:21:48,142 - INFO - P2 (Round 7) - Epoch 3/10 | Loss: 0.0653 | Acc: 0.9772 | Val Loss: 0.0628 | Val Acc: 0.9786 | Time: 11.84s
2025-04-18 18:21:59,748 - INFO - P2 (Round 7) - Epoch 4/10 | Loss: 0.0639 | Acc: 0.9777 | Val Loss: 0.0619 | Val Acc: 0.9781 | Time: 11.61s
2025-04-18 18:22:11,699 - INFO - P2 (Round 7) - Epoch 5/10 | Loss: 0.0632 | Acc: 0.9778 | Val Loss: 0.0613 | Val Acc: 0.9789 | Time: 11.95s
2025-04-18 18:22:24,485 - INFO - P2 (Round 7) - Epoch 6/10 | Loss: 0.0627 | Acc: 0.9780 | Val Loss: 0.0636 | Val Acc: 0.9776 | Time: 12.79s
2025-04-18 18:22:36,711 - INFO - P2 (Round 7) - Epoch 7/10 | Loss: 0.0617 | Acc: 0.9784 | Val Loss: 0.0624 | Val Acc: 0.9783 | Time: 12.23s
2025-04-18 18:22:48,318 - INFO - P2 (Round 7) - Epoch 8/10 | Loss: 0.0610 | Acc: 0.9786 | Val Loss: 0.0591 | Val Acc: 0.9792 | Time: 11.61s
2025-04-18 18:22:59,879 - INFO - P2 (Round 7) - Epoch 9/10 | Loss: 0.0604 | Acc: 0.9789 | Val Loss: 0.0614 | Val Acc: 0.9787 | Time: 11.56s
2025-04-18 18:23:11,595 - INFO - P2 (Round 7) - Epoch 10/10 | Loss: 0.0600 | Acc: 0.9789 | Val Loss: 0.0591 | Val Acc: 0.9795 | Time: 11.72s
2025-04-18 18:23:14,082 - INFO - Round 7 completed in 243.64s
2025-04-18 18:23:14,082 - INFO - Global Model - P1 Test: Loss = 2.5321, Accuracy = 0.5825
2025-04-18 18:23:14,082 - INFO - Global Model - P2 Test: Loss = 5.0747, Accuracy = 0.7234
2025-04-18 18:23:26,581 - INFO - P1 (Round 8) - Epoch 1/10 | Loss: 0.0461 | Acc: 0.9896 | Val Loss: 0.0217 | Val Acc: 0.9941 | Time: 12.50s
2025-04-18 18:23:39,109 - INFO - P1 (Round 8) - Epoch 2/10 | Loss: 0.0197 | Acc: 0.9947 | Val Loss: 0.0181 | Val Acc: 0.9951 | Time: 12.53s
2025-04-18 18:23:51,260 - INFO - P1 (Round 8) - Epoch 3/10 | Loss: 0.0169 | Acc: 0.9955 | Val Loss: 0.0165 | Val Acc: 0.9957 | Time: 12.15s
2025-04-18 18:24:01,512 - INFO - P1 (Round 8) - Epoch 4/10 | Loss: 0.0161 | Acc: 0.9958 | Val Loss: 0.0162 | Val Acc: 0.9960 | Time: 10.25s
2025-04-18 18:24:13,329 - INFO - P1 (Round 8) - Epoch 5/10 | Loss: 0.0153 | Acc: 0.9960 | Val Loss: 0.0153 | Val Acc: 0.9960 | Time: 11.82s
2025-04-18 18:24:25,459 - INFO - P1 (Round 8) - Epoch 6/10 | Loss: 0.0149 | Acc: 0.9961 | Val Loss: 0.0149 | Val Acc: 0.9961 | Time: 12.13s
2025-04-18 18:24:37,926 - INFO - P1 (Round 8) - Epoch 7/10 | Loss: 0.0145 | Acc: 0.9962 | Val Loss: 0.0143 | Val Acc: 0.9963 | Time: 12.47s
2025-04-18 18:24:50,590 - INFO - P1 (Round 8) - Epoch 8/10 | Loss: 0.0143 | Acc: 0.9963 | Val Loss: 0.0149 | Val Acc: 0.9962 | Time: 12.66s
2025-04-18 18:25:02,294 - INFO - P1 (Round 8) - Epoch 9/10 | Loss: 0.0141 | Acc: 0.9964 | Val Loss: 0.0140 | Val Acc: 0.9966 | Time: 11.70s
2025-04-18 18:25:14,619 - INFO - P1 (Round 8) - Epoch 10/10 | Loss: 0.0139 | Acc: 0.9964 | Val Loss: 0.0138 | Val Acc: 0.9967 | Time: 12.33s
2025-04-18 18:25:26,398 - INFO - P2 (Round 8) - Epoch 1/10 | Loss: 0.1244 | Acc: 0.9663 | Val Loss: 0.0709 | Val Acc: 0.9769 | Time: 11.78s
2025-04-18 18:25:38,052 - INFO - P2 (Round 8) - Epoch 2/10 | Loss: 0.0679 | Acc: 0.9767 | Val Loss: 0.0666 | Val Acc: 0.9771 | Time: 11.65s
2025-04-18 18:25:50,477 - INFO - P2 (Round 8) - Epoch 3/10 | Loss: 0.0642 | Acc: 0.9777 | Val Loss: 0.0619 | Val Acc: 0.9784 | Time: 12.42s
2025-04-18 18:26:02,702 - INFO - P2 (Round 8) - Epoch 4/10 | Loss: 0.0627 | Acc: 0.9780 | Val Loss: 0.0608 | Val Acc: 0.9783 | Time: 12.22s
2025-04-18 18:26:14,302 - INFO - P2 (Round 8) - Epoch 5/10 | Loss: 0.0618 | Acc: 0.9783 | Val Loss: 0.0604 | Val Acc: 0.9791 | Time: 11.60s
2025-04-18 18:26:26,397 - INFO - P2 (Round 8) - Epoch 6/10 | Loss: 0.0613 | Acc: 0.9785 | Val Loss: 0.0605 | Val Acc: 0.9789 | Time: 12.09s
2025-04-18 18:26:38,570 - INFO - P2 (Round 8) - Epoch 7/10 | Loss: 0.0608 | Acc: 0.9785 | Val Loss: 0.0591 | Val Acc: 0.9792 | Time: 12.17s
2025-04-18 18:26:50,788 - INFO - P2 (Round 8) - Epoch 8/10 | Loss: 0.0604 | Acc: 0.9788 | Val Loss: 0.0584 | Val Acc: 0.9799 | Time: 12.22s
2025-04-18 18:27:03,284 - INFO - P2 (Round 8) - Epoch 9/10 | Loss: 0.0602 | Acc: 0.9789 | Val Loss: 0.0596 | Val Acc: 0.9783 | Time: 12.50s
2025-04-18 18:27:15,297 - INFO - P2 (Round 8) - Epoch 10/10 | Loss: 0.0599 | Acc: 0.9789 | Val Loss: 0.0579 | Val Acc: 0.9795 | Time: 12.01s
2025-04-18 18:27:17,694 - INFO - Round 8 completed in 243.61s
2025-04-18 18:27:17,694 - INFO - Global Model - P1 Test: Loss = 2.2922, Accuracy = 0.6665
2025-04-18 18:27:17,694 - INFO - Global Model - P2 Test: Loss = 3.3729, Accuracy = 0.7745
2025-04-18 18:27:29,918 - INFO - P1 (Round 9) - Epoch 1/10 | Loss: 0.0432 | Acc: 0.9911 | Val Loss: 0.0184 | Val Acc: 0.9953 | Time: 12.22s
2025-04-18 18:27:42,398 - INFO - P1 (Round 9) - Epoch 2/10 | Loss: 0.0167 | Acc: 0.9954 | Val Loss: 0.0164 | Val Acc: 0.9955 | Time: 12.48s
2025-04-18 18:27:54,672 - INFO - P1 (Round 9) - Epoch 3/10 | Loss: 0.0152 | Acc: 0.9960 | Val Loss: 0.0150 | Val Acc: 0.9961 | Time: 12.27s
2025-04-18 18:28:07,300 - INFO - P1 (Round 9) - Epoch 4/10 | Loss: 0.0146 | Acc: 0.9963 | Val Loss: 0.0146 | Val Acc: 0.9962 | Time: 12.63s
2025-04-18 18:28:20,455 - INFO - P1 (Round 9) - Epoch 5/10 | Loss: 0.0143 | Acc: 0.9963 | Val Loss: 0.0141 | Val Acc: 0.9966 | Time: 13.15s
2025-04-18 18:28:32,222 - INFO - P1 (Round 9) - Epoch 6/10 | Loss: 0.0142 | Acc: 0.9964 | Val Loss: 0.0150 | Val Acc: 0.9958 | Time: 11.77s
2025-04-18 18:28:43,972 - INFO - P1 (Round 9) - Epoch 7/10 | Loss: 0.0138 | Acc: 0.9964 | Val Loss: 0.0136 | Val Acc: 0.9967 | Time: 11.75s
2025-04-18 18:28:55,916 - INFO - P1 (Round 9) - Epoch 8/10 | Loss: 0.0137 | Acc: 0.9965 | Val Loss: 0.0137 | Val Acc: 0.9966 | Time: 11.94s
2025-04-18 18:29:08,161 - INFO - P1 (Round 9) - Epoch 9/10 | Loss: 0.0134 | Acc: 0.9966 | Val Loss: 0.0132 | Val Acc: 0.9968 | Time: 12.24s
2025-04-18 18:29:20,494 - INFO - P1 (Round 9) - Epoch 10/10 | Loss: 0.0133 | Acc: 0.9966 | Val Loss: 0.0144 | Val Acc: 0.9963 | Time: 12.33s
2025-04-18 18:29:32,985 - INFO - P2 (Round 9) - Epoch 1/10 | Loss: 0.0939 | Acc: 0.9713 | Val Loss: 0.0673 | Val Acc: 0.9769 | Time: 12.49s
2025-04-18 18:29:44,476 - INFO - P2 (Round 9) - Epoch 2/10 | Loss: 0.0659 | Acc: 0.9772 | Val Loss: 0.0630 | Val Acc: 0.9783 | Time: 11.49s
2025-04-18 18:29:56,129 - INFO - P2 (Round 9) - Epoch 3/10 | Loss: 0.0629 | Acc: 0.9781 | Val Loss: 0.0615 | Val Acc: 0.9786 | Time: 11.65s
2025-04-18 18:30:07,634 - INFO - P2 (Round 9) - Epoch 4/10 | Loss: 0.0616 | Acc: 0.9785 | Val Loss: 0.0589 | Val Acc: 0.9795 | Time: 11.50s
2025-04-18 18:30:19,581 - INFO - P2 (Round 9) - Epoch 5/10 | Loss: 0.0607 | Acc: 0.9787 | Val Loss: 0.0593 | Val Acc: 0.9787 | Time: 11.95s
2025-04-18 18:30:31,303 - INFO - P2 (Round 9) - Epoch 6/10 | Loss: 0.0600 | Acc: 0.9788 | Val Loss: 0.0594 | Val Acc: 0.9796 | Time: 11.72s
2025-04-18 18:30:44,188 - INFO - P2 (Round 9) - Epoch 7/10 | Loss: 0.0596 | Acc: 0.9791 | Val Loss: 0.0584 | Val Acc: 0.9794 | Time: 12.89s
2025-04-18 18:30:55,663 - INFO - P2 (Round 9) - Epoch 8/10 | Loss: 0.0590 | Acc: 0.9792 | Val Loss: 0.0584 | Val Acc: 0.9795 | Time: 11.47s
2025-04-18 18:31:05,697 - INFO - P2 (Round 9) - Epoch 9/10 | Loss: 0.0586 | Acc: 0.9793 | Val Loss: 0.0581 | Val Acc: 0.9799 | Time: 10.03s
2025-04-18 18:31:15,929 - INFO - P2 (Round 9) - Epoch 10/10 | Loss: 0.0584 | Acc: 0.9795 | Val Loss: 0.0611 | Val Acc: 0.9786 | Time: 10.23s
2025-04-18 18:31:18,222 - INFO - Round 9 completed in 240.53s
2025-04-18 18:31:18,222 - INFO - Global Model - P1 Test: Loss = 1.3726, Accuracy = 0.7897
2025-04-18 18:31:18,222 - INFO - Global Model - P2 Test: Loss = 2.8998, Accuracy = 0.7595
2025-04-18 18:31:28,220 - INFO - P1 (Round 10) - Epoch 1/10 | Loss: 0.0365 | Acc: 0.9916 | Val Loss: 0.0234 | Val Acc: 0.9938 | Time: 10.00s
2025-04-18 18:31:38,697 - INFO - P1 (Round 10) - Epoch 2/10 | Loss: 0.0207 | Acc: 0.9945 | Val Loss: 0.0193 | Val Acc: 0.9953 | Time: 10.48s
2025-04-18 18:31:50,408 - INFO - P1 (Round 10) - Epoch 3/10 | Loss: 0.0186 | Acc: 0.9952 | Val Loss: 0.0178 | Val Acc: 0.9958 | Time: 11.71s
2025-04-18 18:32:00,467 - INFO - P1 (Round 10) - Epoch 4/10 | Loss: 0.0171 | Acc: 0.9955 | Val Loss: 0.0167 | Val Acc: 0.9954 | Time: 10.06s
2025-04-18 18:32:10,589 - INFO - P1 (Round 10) - Epoch 5/10 | Loss: 0.0163 | Acc: 0.9956 | Val Loss: 0.0186 | Val Acc: 0.9953 | Time: 10.12s
2025-04-18 18:32:20,717 - INFO - P1 (Round 10) - Epoch 6/10 | Loss: 0.0159 | Acc: 0.9957 | Val Loss: 0.0173 | Val Acc: 0.9951 | Time: 10.13s
2025-04-18 18:32:30,717 - INFO - P1 (Round 10) - Epoch 7/10 | Loss: 0.0155 | Acc: 0.9958 | Val Loss: 0.0157 | Val Acc: 0.9958 | Time: 10.00s
2025-04-18 18:32:40,978 - INFO - P1 (Round 10) - Epoch 8/10 | Loss: 0.0153 | Acc: 0.9959 | Val Loss: 0.0157 | Val Acc: 0.9959 | Time: 10.26s
2025-04-18 18:32:51,266 - INFO - P1 (Round 10) - Epoch 9/10 | Loss: 0.0151 | Acc: 0.9959 | Val Loss: 0.0154 | Val Acc: 0.9961 | Time: 10.29s
2025-04-18 18:33:03,090 - INFO - P1 (Round 10) - Epoch 10/10 | Loss: 0.0149 | Acc: 0.9960 | Val Loss: 0.0152 | Val Acc: 0.9961 | Time: 11.82s
2025-04-18 18:33:16,378 - INFO - P2 (Round 10) - Epoch 1/10 | Loss: 0.0880 | Acc: 0.9726 | Val Loss: 0.0624 | Val Acc: 0.9786 | Time: 13.29s
2025-04-18 18:33:26,636 - INFO - P2 (Round 10) - Epoch 2/10 | Loss: 0.0628 | Acc: 0.9783 | Val Loss: 0.0611 | Val Acc: 0.9791 | Time: 10.26s
2025-04-18 18:33:36,807 - INFO - P2 (Round 10) - Epoch 3/10 | Loss: 0.0610 | Acc: 0.9788 | Val Loss: 0.0587 | Val Acc: 0.9797 | Time: 10.17s
2025-04-18 18:33:46,553 - INFO - P2 (Round 10) - Epoch 4/10 | Loss: 0.0602 | Acc: 0.9790 | Val Loss: 0.0607 | Val Acc: 0.9781 | Time: 9.75s
2025-04-18 18:33:56,471 - INFO - P2 (Round 10) - Epoch 5/10 | Loss: 0.0595 | Acc: 0.9793 | Val Loss: 0.0600 | Val Acc: 0.9784 | Time: 9.92s
2025-04-18 18:34:06,606 - INFO - P2 (Round 10) - Epoch 6/10 | Loss: 0.0589 | Acc: 0.9794 | Val Loss: 0.0571 | Val Acc: 0.9798 | Time: 10.14s
2025-04-18 18:34:19,321 - INFO - P2 (Round 10) - Epoch 7/10 | Loss: 0.0584 | Acc: 0.9795 | Val Loss: 0.0581 | Val Acc: 0.9792 | Time: 12.71s
2025-04-18 18:34:30,693 - INFO - P2 (Round 10) - Epoch 8/10 | Loss: 0.0582 | Acc: 0.9796 | Val Loss: 0.0573 | Val Acc: 0.9799 | Time: 11.37s
2025-04-18 18:34:42,293 - INFO - P2 (Round 10) - Epoch 9/10 | Loss: 0.0579 | Acc: 0.9796 | Val Loss: 0.0566 | Val Acc: 0.9798 | Time: 11.60s
2025-04-18 18:34:53,996 - INFO - P2 (Round 10) - Epoch 10/10 | Loss: 0.0576 | Acc: 0.9797 | Val Loss: 0.0587 | Val Acc: 0.9795 | Time: 11.70s
2025-04-18 18:34:56,442 - INFO - Round 10 completed in 218.22s
2025-04-18 18:34:56,442 - INFO - Global Model - P1 Test: Loss = 1.5012, Accuracy = 0.6896
2025-04-18 18:34:56,442 - INFO - Global Model - P2 Test: Loss = 2.7305, Accuracy = 0.7798
2025-04-18 18:34:58,928 - INFO - Final Results after 10 rounds:
2025-04-18 18:34:58,928 - INFO - Global Model - P1 Test: Loss = 1.5012, Accuracy = 0.6896
2025-04-18 18:34:58,928 - INFO - Global Model - P2 Test: Loss = 2.7305, Accuracy = 0.7798
2025-04-18 18:34:58,937 - INFO - Experiment 88 results saved to results/suppression_experiments/exp_88_p1f8_p2f11.json
