2025-03-03 18:20:35,645 - INFO - Starting Differential Privacy Experiment: dp_p1nNone_p2n1.5
2025-03-03 18:20:35,645 - INFO - P1 Noise Multiplier: None, P2 Noise Multiplier: 1.5
2025-03-03 18:20:37,025 - INFO - Creating dataloaders...
2025-03-03 18:20:37,038 - INFO - Running experiment with 10 rounds, 10 epochs per client
2025-03-03 18:20:37,038 - INFO - Starting Round 1/10
2025-03-03 18:20:37,039 - INFO - Training client P1 (Round 1) with noise_multiplier=None
2025-03-03 18:20:47,934 - INFO - P1 (Round 1) - Epoch 1/10 | Loss: 0.3573 | Acc: 0.8732 | Val Loss: 0.2135 | Val Acc: 0.9228 | Grad Norm: 0.0000 | Noise: 0.0000 | SNR: inf | Time: 10.89s
2025-03-03 18:20:58,726 - INFO - P1 (Round 1) - Epoch 2/10 | Loss: 0.1924 | Acc: 0.9320 | Val Loss: 0.1743 | Val Acc: 0.9411 | Grad Norm: 0.0000 | Noise: 0.0000 | SNR: inf | Time: 10.79s
2025-03-03 18:21:09,724 - INFO - P1 (Round 1) - Epoch 3/10 | Loss: 0.1651 | Acc: 0.9441 | Val Loss: 0.1552 | Val Acc: 0.9488 | Grad Norm: 0.0000 | Noise: 0.0000 | SNR: inf | Time: 11.00s
2025-03-03 18:21:20,401 - INFO - P1 (Round 1) - Epoch 4/10 | Loss: 0.1469 | Acc: 0.9520 | Val Loss: 0.1346 | Val Acc: 0.9580 | Grad Norm: 0.0000 | Noise: 0.0000 | SNR: inf | Time: 10.68s
2025-03-03 18:21:31,066 - INFO - P1 (Round 1) - Epoch 5/10 | Loss: 0.1256 | Acc: 0.9603 | Val Loss: 0.1174 | Val Acc: 0.9639 | Grad Norm: 0.0000 | Noise: 0.0000 | SNR: inf | Time: 10.66s
2025-03-03 18:21:41,372 - INFO - P1 (Round 1) - Epoch 6/10 | Loss: 0.1096 | Acc: 0.9651 | Val Loss: 0.1034 | Val Acc: 0.9676 | Grad Norm: 0.0000 | Noise: 0.0000 | SNR: inf | Time: 10.31s
2025-03-03 18:21:51,117 - INFO - P1 (Round 1) - Epoch 7/10 | Loss: 0.1001 | Acc: 0.9680 | Val Loss: 0.0975 | Val Acc: 0.9690 | Grad Norm: 0.0000 | Noise: 0.0000 | SNR: inf | Time: 9.74s
2025-03-03 18:22:00,478 - INFO - P1 (Round 1) - Epoch 8/10 | Loss: 0.0950 | Acc: 0.9695 | Val Loss: 0.0932 | Val Acc: 0.9700 | Grad Norm: 0.0000 | Noise: 0.0000 | SNR: inf | Time: 9.36s
2025-03-03 18:22:09,887 - INFO - P1 (Round 1) - Epoch 9/10 | Loss: 0.0917 | Acc: 0.9707 | Val Loss: 0.0898 | Val Acc: 0.9717 | Grad Norm: 0.0000 | Noise: 0.0000 | SNR: inf | Time: 9.41s
2025-03-03 18:22:19,313 - INFO - P1 (Round 1) - Epoch 10/10 | Loss: 0.0896 | Acc: 0.9712 | Val Loss: 0.0901 | Val Acc: 0.9711 | Grad Norm: 0.0000 | Noise: 0.0000 | SNR: inf | Time: 9.43s
2025-03-03 18:22:19,313 - INFO - Training client P2 (Round 1) with noise_multiplier=1.5
2025-03-03 18:22:19,313 - INFO - P2 (Round 1) - DP setup: noise=1.5, max_grad_norm=1.0
2025-03-03 18:23:06,950 - INFO - P2 (Round 1) - Epoch 1/10 | Loss: 0.7862 | Acc: 0.7772 | Val Loss: 0.6031 | Val Acc: 0.8778 | Grad Norm: 1.3620 | Noise: 40.1092 | SNR: 0.0340 | ε: 0.05 (δ=7.6e-08) | Time: 47.58s
2025-03-03 18:23:55,434 - INFO - P2 (Round 1) - Epoch 2/10 | Loss: 0.5856 | Acc: 0.8901 | Val Loss: 0.5578 | Val Acc: 0.8962 | Grad Norm: 1.4888 | Noise: 40.1092 | SNR: 0.0371 | ε: 0.07 (δ=7.6e-08) | Time: 48.43s
2025-03-03 18:24:43,714 - INFO - P2 (Round 1) - Epoch 3/10 | Loss: 0.5214 | Acc: 0.8986 | Val Loss: 0.5082 | Val Acc: 0.9017 | Grad Norm: 1.5651 | Noise: 40.1092 | SNR: 0.0390 | ε: 0.09 (δ=7.6e-08) | Time: 48.19s
2025-03-03 18:25:32,036 - INFO - P2 (Round 1) - Epoch 4/10 | Loss: 0.4917 | Acc: 0.9051 | Val Loss: 0.4800 | Val Acc: 0.9081 | Grad Norm: 1.5021 | Noise: 40.1092 | SNR: 0.0375 | ε: 0.10 (δ=7.6e-08) | Time: 48.24s
2025-03-03 18:26:19,290 - INFO - P2 (Round 1) - Epoch 5/10 | Loss: 0.4769 | Acc: 0.9106 | Val Loss: 0.4747 | Val Acc: 0.9120 | Grad Norm: 1.4924 | Noise: 40.1092 | SNR: 0.0372 | ε: 0.11 (δ=7.6e-08) | Time: 47.14s
2025-03-03 18:27:06,073 - INFO - P2 (Round 1) - Epoch 6/10 | Loss: 0.4651 | Acc: 0.9135 | Val Loss: 0.4543 | Val Acc: 0.9152 | Grad Norm: 1.4886 | Noise: 40.1092 | SNR: 0.0371 | ε: 0.12 (δ=7.6e-08) | Time: 46.71s
2025-03-03 18:27:51,734 - INFO - P2 (Round 1) - Epoch 7/10 | Loss: 0.4489 | Acc: 0.9164 | Val Loss: 0.4426 | Val Acc: 0.9188 | Grad Norm: 1.4874 | Noise: 40.1092 | SNR: 0.0371 | ε: 0.13 (δ=7.6e-08) | Time: 45.57s
2025-03-03 18:28:37,475 - INFO - P2 (Round 1) - Epoch 8/10 | Loss: 0.4483 | Acc: 0.9186 | Val Loss: 0.4325 | Val Acc: 0.9201 | Grad Norm: 1.4766 | Noise: 40.1092 | SNR: 0.0368 | ε: 0.14 (δ=7.6e-08) | Time: 45.57s
2025-03-03 18:29:22,338 - INFO - P2 (Round 1) - Epoch 9/10 | Loss: 0.4380 | Acc: 0.9199 | Val Loss: 0.4403 | Val Acc: 0.9214 | Grad Norm: 1.4655 | Noise: 40.1092 | SNR: 0.0365 | ε: 0.14 (δ=7.6e-08) | Time: 44.71s
2025-03-03 18:30:08,769 - INFO - P2 (Round 1) - Epoch 10/10 | Loss: 0.4340 | Acc: 0.9218 | Val Loss: 0.4328 | Val Acc: 0.9224 | Grad Norm: 1.4958 | Noise: 40.1092 | SNR: 0.0373 | ε: 0.15 (δ=7.6e-08) | Time: 46.33s
2025-03-03 18:30:08,769 - INFO - P2 (Round 1) - Final Privacy Budget: ε = 0.1519 (δ=7.6e-08)
2025-03-03 18:30:08,770 - INFO - P2 privacy budget: round ε = 0.1519, cumulative ε = 0.1519
2025-03-03 18:30:10,922 - INFO - Round 1/10 completed in 573.88s
2025-03-03 18:30:10,922 - INFO - Global Model - P1 Test: Loss = 0.9171, Accuracy = 0.8403
2025-03-03 18:30:10,922 - INFO - Global Model - P2 Test: Loss = 0.9265, Accuracy = 0.8412
2025-03-03 18:30:10,922 - INFO - P2 Privacy Budget: ε = 0.15
2025-03-03 18:30:10,922 - INFO - Starting Round 2/10
2025-03-03 18:30:10,923 - INFO - Training client P1 (Round 2) with noise_multiplier=None
2025-03-03 18:30:20,656 - INFO - P1 (Round 2) - Epoch 1/10 | Loss: 0.1699 | Acc: 0.9459 | Val Loss: 0.1249 | Val Acc: 0.9622 | Grad Norm: 0.0000 | Noise: 0.0000 | SNR: inf | Time: 9.73s
2025-03-03 18:30:30,684 - INFO - P1 (Round 2) - Epoch 2/10 | Loss: 0.1159 | Acc: 0.9639 | Val Loss: 0.1069 | Val Acc: 0.9663 | Grad Norm: 0.0000 | Noise: 0.0000 | SNR: inf | Time: 10.03s
2025-03-03 18:30:40,345 - INFO - P1 (Round 2) - Epoch 3/10 | Loss: 0.1044 | Acc: 0.9673 | Val Loss: 0.1002 | Val Acc: 0.9684 | Grad Norm: 0.0000 | Noise: 0.0000 | SNR: inf | Time: 9.66s
2025-03-03 18:30:49,919 - INFO - P1 (Round 2) - Epoch 4/10 | Loss: 0.0981 | Acc: 0.9688 | Val Loss: 0.0971 | Val Acc: 0.9690 | Grad Norm: 0.0000 | Noise: 0.0000 | SNR: inf | Time: 9.57s
2025-03-03 18:30:59,699 - INFO - P1 (Round 2) - Epoch 5/10 | Loss: 0.0930 | Acc: 0.9710 | Val Loss: 0.0900 | Val Acc: 0.9723 | Grad Norm: 0.0000 | Noise: 0.0000 | SNR: inf | Time: 9.78s
2025-03-03 18:31:09,633 - INFO - P1 (Round 2) - Epoch 6/10 | Loss: 0.0893 | Acc: 0.9720 | Val Loss: 0.0883 | Val Acc: 0.9731 | Grad Norm: 0.0000 | Noise: 0.0000 | SNR: inf | Time: 9.93s
2025-03-03 18:31:19,290 - INFO - P1 (Round 2) - Epoch 7/10 | Loss: 0.0868 | Acc: 0.9727 | Val Loss: 0.0856 | Val Acc: 0.9735 | Grad Norm: 0.0000 | Noise: 0.0000 | SNR: inf | Time: 9.66s
2025-03-03 18:31:28,917 - INFO - P1 (Round 2) - Epoch 8/10 | Loss: 0.0850 | Acc: 0.9734 | Val Loss: 0.0848 | Val Acc: 0.9729 | Grad Norm: 0.0000 | Noise: 0.0000 | SNR: inf | Time: 9.63s
2025-03-03 18:31:38,856 - INFO - P1 (Round 2) - Epoch 9/10 | Loss: 0.0835 | Acc: 0.9737 | Val Loss: 0.0823 | Val Acc: 0.9749 | Grad Norm: 0.0000 | Noise: 0.0000 | SNR: inf | Time: 9.94s
2025-03-03 18:31:49,828 - INFO - P1 (Round 2) - Epoch 10/10 | Loss: 0.0822 | Acc: 0.9742 | Val Loss: 0.0808 | Val Acc: 0.9748 | Grad Norm: 0.0000 | Noise: 0.0000 | SNR: inf | Time: 10.97s
2025-03-03 18:31:49,829 - INFO - Training client P2 (Round 2) with noise_multiplier=1.5
2025-03-03 18:31:49,829 - INFO - P2 (Round 2) - DP setup: noise=1.5, max_grad_norm=1.0
2025-03-03 18:32:38,762 - INFO - P2 (Round 2) - Epoch 1/10 | Loss: 0.3897 | Acc: 0.9175 | Val Loss: 0.3453 | Val Acc: 0.9252 | Grad Norm: 1.3745 | Noise: 40.1092 | SNR: 0.0343 | ε: 0.05 (δ=7.6e-08) | Time: 48.88s
2025-03-03 18:33:27,742 - INFO - P2 (Round 2) - Epoch 2/10 | Loss: 0.3469 | Acc: 0.9297 | Val Loss: 0.3285 | Val Acc: 0.9352 | Grad Norm: 1.3491 | Noise: 40.1092 | SNR: 0.0336 | ε: 0.07 (δ=7.6e-08) | Time: 48.93s
2025-03-03 18:34:22,306 - INFO - P2 (Round 2) - Epoch 3/10 | Loss: 0.3240 | Acc: 0.9372 | Val Loss: 0.3202 | Val Acc: 0.9386 | Grad Norm: 1.3852 | Noise: 40.1092 | SNR: 0.0345 | ε: 0.09 (δ=7.6e-08) | Time: 54.48s
2025-03-03 18:35:18,389 - INFO - P2 (Round 2) - Epoch 4/10 | Loss: 0.3081 | Acc: 0.9412 | Val Loss: 0.2960 | Val Acc: 0.9430 | Grad Norm: 1.3824 | Noise: 40.1092 | SNR: 0.0345 | ε: 0.10 (δ=7.6e-08) | Time: 56.00s
2025-03-03 18:36:12,206 - INFO - P2 (Round 2) - Epoch 5/10 | Loss: 0.2926 | Acc: 0.9444 | Val Loss: 0.2838 | Val Acc: 0.9463 | Grad Norm: 1.3874 | Noise: 40.1092 | SNR: 0.0346 | ε: 0.11 (δ=7.6e-08) | Time: 53.72s
2025-03-03 18:37:00,161 - INFO - P2 (Round 2) - Epoch 6/10 | Loss: 0.2732 | Acc: 0.9471 | Val Loss: 0.2702 | Val Acc: 0.9477 | Grad Norm: 1.3717 | Noise: 40.1092 | SNR: 0.0342 | ε: 0.12 (δ=7.6e-08) | Time: 47.89s
2025-03-03 18:37:50,968 - INFO - P2 (Round 2) - Epoch 7/10 | Loss: 0.2693 | Acc: 0.9488 | Val Loss: 0.2680 | Val Acc: 0.9498 | Grad Norm: 1.4093 | Noise: 40.1092 | SNR: 0.0351 | ε: 0.13 (δ=7.6e-08) | Time: 50.73s
2025-03-03 18:38:43,401 - INFO - P2 (Round 2) - Epoch 8/10 | Loss: 0.2603 | Acc: 0.9500 | Val Loss: 0.2581 | Val Acc: 0.9507 | Grad Norm: 1.4057 | Noise: 40.1092 | SNR: 0.0350 | ε: 0.14 (δ=7.6e-08) | Time: 52.30s
2025-03-03 18:39:37,499 - INFO - P2 (Round 2) - Epoch 9/10 | Loss: 0.2569 | Acc: 0.9512 | Val Loss: 0.2472 | Val Acc: 0.9517 | Grad Norm: 1.3771 | Noise: 40.1092 | SNR: 0.0343 | ε: 0.14 (δ=7.6e-08) | Time: 53.97s
2025-03-03 18:40:32,969 - INFO - P2 (Round 2) - Epoch 10/10 | Loss: 0.2552 | Acc: 0.9519 | Val Loss: 0.2533 | Val Acc: 0.9544 | Grad Norm: 1.4826 | Noise: 40.1092 | SNR: 0.0370 | ε: 0.15 (δ=7.6e-08) | Time: 55.37s
2025-03-03 18:40:32,970 - INFO - P2 (Round 2) - Final Privacy Budget: ε = 0.1519 (δ=7.6e-08)
2025-03-03 18:40:32,970 - INFO - P2 privacy budget: round ε = 0.1519, cumulative ε = 0.3037
2025-03-03 18:40:35,364 - INFO - Round 2/10 completed in 624.44s
2025-03-03 18:40:35,364 - INFO - Global Model - P1 Test: Loss = 0.2009, Accuracy = 0.9498
2025-03-03 18:40:35,364 - INFO - Global Model - P2 Test: Loss = 0.2044, Accuracy = 0.9494
2025-03-03 18:40:35,365 - INFO - P2 Privacy Budget: ε = 0.15
2025-03-03 18:40:35,365 - INFO - Starting Round 3/10
2025-03-03 18:40:35,366 - INFO - Training client P1 (Round 3) with noise_multiplier=None
2025-03-03 18:40:46,847 - INFO - P1 (Round 3) - Epoch 1/10 | Loss: 0.1027 | Acc: 0.9690 | Val Loss: 0.0914 | Val Acc: 0.9726 | Grad Norm: 0.0000 | Noise: 0.0000 | SNR: inf | Time: 11.48s
2025-03-03 18:40:57,880 - INFO - P1 (Round 3) - Epoch 2/10 | Loss: 0.0883 | Acc: 0.9726 | Val Loss: 0.0870 | Val Acc: 0.9724 | Grad Norm: 0.0000 | Noise: 0.0000 | SNR: inf | Time: 11.03s
2025-03-03 18:41:08,825 - INFO - P1 (Round 3) - Epoch 3/10 | Loss: 0.0846 | Acc: 0.9734 | Val Loss: 0.0826 | Val Acc: 0.9734 | Grad Norm: 0.0000 | Noise: 0.0000 | SNR: inf | Time: 10.94s
2025-03-03 18:41:19,041 - INFO - P1 (Round 3) - Epoch 4/10 | Loss: 0.0819 | Acc: 0.9742 | Val Loss: 0.0784 | Val Acc: 0.9750 | Grad Norm: 0.0000 | Noise: 0.0000 | SNR: inf | Time: 10.22s
2025-03-03 18:41:30,135 - INFO - P1 (Round 3) - Epoch 5/10 | Loss: 0.0802 | Acc: 0.9747 | Val Loss: 0.0788 | Val Acc: 0.9744 | Grad Norm: 0.0000 | Noise: 0.0000 | SNR: inf | Time: 11.09s
2025-03-03 18:41:40,979 - INFO - P1 (Round 3) - Epoch 6/10 | Loss: 0.0789 | Acc: 0.9753 | Val Loss: 0.0769 | Val Acc: 0.9762 | Grad Norm: 0.0000 | Noise: 0.0000 | SNR: inf | Time: 10.84s
2025-03-03 18:41:51,882 - INFO - P1 (Round 3) - Epoch 7/10 | Loss: 0.0775 | Acc: 0.9759 | Val Loss: 0.0749 | Val Acc: 0.9772 | Grad Norm: 0.0000 | Noise: 0.0000 | SNR: inf | Time: 10.90s
2025-03-03 18:42:02,645 - INFO - P1 (Round 3) - Epoch 8/10 | Loss: 0.0762 | Acc: 0.9764 | Val Loss: 0.0734 | Val Acc: 0.9774 | Grad Norm: 0.0000 | Noise: 0.0000 | SNR: inf | Time: 10.76s
2025-03-03 18:42:13,365 - INFO - P1 (Round 3) - Epoch 9/10 | Loss: 0.0754 | Acc: 0.9766 | Val Loss: 0.0749 | Val Acc: 0.9768 | Grad Norm: 0.0000 | Noise: 0.0000 | SNR: inf | Time: 10.72s
2025-03-03 18:42:24,513 - INFO - P1 (Round 3) - Epoch 10/10 | Loss: 0.0745 | Acc: 0.9769 | Val Loss: 0.0723 | Val Acc: 0.9771 | Grad Norm: 0.0000 | Noise: 0.0000 | SNR: inf | Time: 11.15s
2025-03-03 18:42:24,513 - INFO - Training client P2 (Round 3) with noise_multiplier=1.5
2025-03-03 18:42:24,514 - INFO - P2 (Round 3) - DP setup: noise=1.5, max_grad_norm=1.0
2025-03-03 18:43:21,040 - INFO - P2 (Round 3) - Epoch 1/10 | Loss: 0.1997 | Acc: 0.9549 | Val Loss: 0.2043 | Val Acc: 0.9559 | Grad Norm: 1.2205 | Noise: 40.1092 | SNR: 0.0304 | ε: 0.05 (δ=7.6e-08) | Time: 56.48s
2025-03-03 18:44:13,282 - INFO - P2 (Round 3) - Epoch 2/10 | Loss: 0.2065 | Acc: 0.9570 | Val Loss: 0.2050 | Val Acc: 0.9590 | Grad Norm: 1.2864 | Noise: 40.1092 | SNR: 0.0321 | ε: 0.07 (δ=7.6e-08) | Time: 52.19s
2025-03-03 18:45:06,305 - INFO - P2 (Round 3) - Epoch 3/10 | Loss: 0.2106 | Acc: 0.9577 | Val Loss: 0.2120 | Val Acc: 0.9580 | Grad Norm: 1.3360 | Noise: 40.1092 | SNR: 0.0333 | ε: 0.09 (δ=7.6e-08) | Time: 52.95s
2025-03-03 18:45:50,936 - INFO - P2 (Round 3) - Epoch 4/10 | Loss: 0.2042 | Acc: 0.9591 | Val Loss: 0.1945 | Val Acc: 0.9611 | Grad Norm: 1.3365 | Noise: 40.1092 | SNR: 0.0333 | ε: 0.10 (δ=7.6e-08) | Time: 44.55s
2025-03-03 18:46:36,587 - INFO - P2 (Round 3) - Epoch 5/10 | Loss: 0.1975 | Acc: 0.9600 | Val Loss: 0.2016 | Val Acc: 0.9597 | Grad Norm: 1.3387 | Noise: 40.1092 | SNR: 0.0334 | ε: 0.11 (δ=7.6e-08) | Time: 45.53s
2025-03-03 18:47:19,291 - INFO - P2 (Round 3) - Epoch 6/10 | Loss: 0.1997 | Acc: 0.9607 | Val Loss: 0.1979 | Val Acc: 0.9605 | Grad Norm: 1.3914 | Noise: 40.1092 | SNR: 0.0347 | ε: 0.12 (δ=7.6e-08) | Time: 42.64s
2025-03-03 18:48:00,265 - INFO - P2 (Round 3) - Epoch 7/10 | Loss: 0.1977 | Acc: 0.9612 | Val Loss: 0.1998 | Val Acc: 0.9618 | Grad Norm: 1.4332 | Noise: 40.1092 | SNR: 0.0357 | ε: 0.13 (δ=7.6e-08) | Time: 40.88s
2025-03-03 18:48:41,392 - INFO - P2 (Round 3) - Epoch 8/10 | Loss: 0.1986 | Acc: 0.9620 | Val Loss: 0.1934 | Val Acc: 0.9612 | Grad Norm: 1.3936 | Noise: 40.1092 | SNR: 0.0347 | ε: 0.14 (δ=7.6e-08) | Time: 40.99s
2025-03-03 18:49:24,903 - INFO - P2 (Round 3) - Epoch 9/10 | Loss: 0.1934 | Acc: 0.9618 | Val Loss: 0.1867 | Val Acc: 0.9618 | Grad Norm: 1.3837 | Noise: 40.1092 | SNR: 0.0345 | ε: 0.14 (δ=7.6e-08) | Time: 43.38s
2025-03-03 18:50:07,164 - INFO - P2 (Round 3) - Epoch 10/10 | Loss: 0.1880 | Acc: 0.9632 | Val Loss: 0.1897 | Val Acc: 0.9630 | Grad Norm: 1.4913 | Noise: 40.1092 | SNR: 0.0372 | ε: 0.15 (δ=7.6e-08) | Time: 42.16s
2025-03-03 18:50:07,164 - INFO - P2 (Round 3) - Final Privacy Budget: ε = 0.1519 (δ=7.6e-08)
2025-03-03 18:50:07,164 - INFO - P2 privacy budget: round ε = 0.1519, cumulative ε = 0.4556
2025-03-03 18:50:09,383 - INFO - Round 3/10 completed in 574.02s
2025-03-03 18:50:09,383 - INFO - Global Model - P1 Test: Loss = 0.1423, Accuracy = 0.9667
2025-03-03 18:50:09,383 - INFO - Global Model - P2 Test: Loss = 0.1449, Accuracy = 0.9667
2025-03-03 18:50:09,384 - INFO - P2 Privacy Budget: ε = 0.15
2025-03-03 18:50:09,384 - INFO - Starting Round 4/10
2025-03-03 18:50:09,384 - INFO - Training client P1 (Round 4) with noise_multiplier=None
2025-03-03 18:50:18,049 - INFO - P1 (Round 4) - Epoch 1/10 | Loss: 0.0867 | Acc: 0.9743 | Val Loss: 0.0825 | Val Acc: 0.9729 | Grad Norm: 0.0000 | Noise: 0.0000 | SNR: inf | Time: 8.66s
2025-03-03 18:50:26,856 - INFO - P1 (Round 4) - Epoch 2/10 | Loss: 0.0787 | Acc: 0.9758 | Val Loss: 0.0775 | Val Acc: 0.9758 | Grad Norm: 0.0000 | Noise: 0.0000 | SNR: inf | Time: 8.81s
2025-03-03 18:50:35,712 - INFO - P1 (Round 4) - Epoch 3/10 | Loss: 0.0768 | Acc: 0.9763 | Val Loss: 0.0751 | Val Acc: 0.9768 | Grad Norm: 0.0000 | Noise: 0.0000 | SNR: inf | Time: 8.86s
2025-03-03 18:50:44,774 - INFO - P1 (Round 4) - Epoch 4/10 | Loss: 0.0755 | Acc: 0.9767 | Val Loss: 0.0734 | Val Acc: 0.9769 | Grad Norm: 0.0000 | Noise: 0.0000 | SNR: inf | Time: 9.06s
2025-03-03 18:50:53,331 - INFO - P1 (Round 4) - Epoch 5/10 | Loss: 0.0744 | Acc: 0.9769 | Val Loss: 0.0736 | Val Acc: 0.9771 | Grad Norm: 0.0000 | Noise: 0.0000 | SNR: inf | Time: 8.56s
2025-03-03 18:51:02,077 - INFO - P1 (Round 4) - Epoch 6/10 | Loss: 0.0736 | Acc: 0.9773 | Val Loss: 0.0736 | Val Acc: 0.9756 | Grad Norm: 0.0000 | Noise: 0.0000 | SNR: inf | Time: 8.75s
2025-03-03 18:51:10,812 - INFO - P1 (Round 4) - Epoch 7/10 | Loss: 0.0728 | Acc: 0.9774 | Val Loss: 0.0722 | Val Acc: 0.9763 | Grad Norm: 0.0000 | Noise: 0.0000 | SNR: inf | Time: 8.73s
2025-03-03 18:51:19,685 - INFO - P1 (Round 4) - Epoch 8/10 | Loss: 0.0722 | Acc: 0.9776 | Val Loss: 0.0702 | Val Acc: 0.9778 | Grad Norm: 0.0000 | Noise: 0.0000 | SNR: inf | Time: 8.87s
2025-03-03 18:51:28,692 - INFO - P1 (Round 4) - Epoch 9/10 | Loss: 0.0716 | Acc: 0.9777 | Val Loss: 0.0723 | Val Acc: 0.9781 | Grad Norm: 0.0000 | Noise: 0.0000 | SNR: inf | Time: 9.01s
2025-03-03 18:51:37,337 - INFO - P1 (Round 4) - Epoch 10/10 | Loss: 0.0711 | Acc: 0.9778 | Val Loss: 0.0689 | Val Acc: 0.9777 | Grad Norm: 0.0000 | Noise: 0.0000 | SNR: inf | Time: 8.64s
2025-03-03 18:51:37,337 - INFO - Training client P2 (Round 4) with noise_multiplier=1.5
2025-03-03 18:51:37,337 - INFO - P2 (Round 4) - DP setup: noise=1.5, max_grad_norm=1.0
2025-03-03 18:52:19,983 - INFO - P2 (Round 4) - Epoch 1/10 | Loss: 0.1448 | Acc: 0.9657 | Val Loss: 0.1591 | Val Acc: 0.9657 | Grad Norm: 1.1997 | Noise: 40.1092 | SNR: 0.0299 | ε: 0.05 (δ=7.6e-08) | Time: 42.59s
2025-03-03 18:53:02,255 - INFO - P2 (Round 4) - Epoch 2/10 | Loss: 0.1567 | Acc: 0.9663 | Val Loss: 0.1609 | Val Acc: 0.9676 | Grad Norm: 1.2374 | Noise: 40.1092 | SNR: 0.0309 | ε: 0.07 (δ=7.6e-08) | Time: 42.22s
2025-03-03 18:53:45,084 - INFO - P2 (Round 4) - Epoch 3/10 | Loss: 0.1676 | Acc: 0.9666 | Val Loss: 0.1686 | Val Acc: 0.9676 | Grad Norm: 1.2977 | Noise: 40.1092 | SNR: 0.0324 | ε: 0.09 (δ=7.6e-08) | Time: 42.75s
2025-03-03 18:54:27,588 - INFO - P2 (Round 4) - Epoch 4/10 | Loss: 0.1624 | Acc: 0.9677 | Val Loss: 0.1647 | Val Acc: 0.9677 | Grad Norm: 1.2849 | Noise: 40.1092 | SNR: 0.0320 | ε: 0.10 (δ=7.6e-08) | Time: 42.42s
2025-03-03 18:55:10,454 - INFO - P2 (Round 4) - Epoch 5/10 | Loss: 0.1651 | Acc: 0.9676 | Val Loss: 0.1692 | Val Acc: 0.9684 | Grad Norm: 1.2808 | Noise: 40.1092 | SNR: 0.0319 | ε: 0.11 (δ=7.6e-08) | Time: 42.76s
2025-03-03 18:55:52,680 - INFO - P2 (Round 4) - Epoch 6/10 | Loss: 0.1708 | Acc: 0.9683 | Val Loss: 0.1717 | Val Acc: 0.9695 | Grad Norm: 1.3695 | Noise: 40.1092 | SNR: 0.0341 | ε: 0.12 (δ=7.6e-08) | Time: 42.16s
2025-03-03 18:56:34,845 - INFO - P2 (Round 4) - Epoch 7/10 | Loss: 0.1744 | Acc: 0.9688 | Val Loss: 0.1729 | Val Acc: 0.9694 | Grad Norm: 1.4269 | Noise: 40.1092 | SNR: 0.0356 | ε: 0.13 (δ=7.6e-08) | Time: 42.09s
2025-03-03 18:57:16,144 - INFO - P2 (Round 4) - Epoch 8/10 | Loss: 0.1737 | Acc: 0.9692 | Val Loss: 0.1719 | Val Acc: 0.9682 | Grad Norm: 1.3679 | Noise: 40.1092 | SNR: 0.0341 | ε: 0.14 (δ=7.6e-08) | Time: 41.14s
2025-03-03 18:57:57,336 - INFO - P2 (Round 4) - Epoch 9/10 | Loss: 0.1711 | Acc: 0.9691 | Val Loss: 0.1709 | Val Acc: 0.9696 | Grad Norm: 1.3846 | Noise: 40.1092 | SNR: 0.0345 | ε: 0.14 (δ=7.6e-08) | Time: 41.06s
2025-03-03 18:58:39,985 - INFO - P2 (Round 4) - Epoch 10/10 | Loss: 0.1719 | Acc: 0.9691 | Val Loss: 0.1791 | Val Acc: 0.9681 | Grad Norm: 1.4615 | Noise: 40.1092 | SNR: 0.0364 | ε: 0.15 (δ=7.6e-08) | Time: 42.55s
2025-03-03 18:58:39,986 - INFO - P2 (Round 4) - Final Privacy Budget: ε = 0.1519 (δ=7.6e-08)
2025-03-03 18:58:39,986 - INFO - P2 privacy budget: round ε = 0.1519, cumulative ε = 0.6075
2025-03-03 18:58:42,049 - INFO - Round 4/10 completed in 512.66s
2025-03-03 18:58:42,049 - INFO - Global Model - P1 Test: Loss = 0.1289, Accuracy = 0.9710
2025-03-03 18:58:42,049 - INFO - Global Model - P2 Test: Loss = 0.1326, Accuracy = 0.9707
2025-03-03 18:58:42,049 - INFO - P2 Privacy Budget: ε = 0.15
2025-03-03 18:58:42,049 - INFO - Starting Round 5/10
2025-03-03 18:58:42,050 - INFO - Training client P1 (Round 5) with noise_multiplier=None
2025-03-03 18:58:50,861 - INFO - P1 (Round 5) - Epoch 1/10 | Loss: 0.0822 | Acc: 0.9759 | Val Loss: 0.0758 | Val Acc: 0.9768 | Grad Norm: 0.0000 | Noise: 0.0000 | SNR: inf | Time: 8.81s
2025-03-03 18:58:59,631 - INFO - P1 (Round 5) - Epoch 2/10 | Loss: 0.0755 | Acc: 0.9771 | Val Loss: 0.0737 | Val Acc: 0.9768 | Grad Norm: 0.0000 | Noise: 0.0000 | SNR: inf | Time: 8.77s
2025-03-03 18:59:08,367 - INFO - P1 (Round 5) - Epoch 3/10 | Loss: 0.0738 | Acc: 0.9775 | Val Loss: 0.0721 | Val Acc: 0.9767 | Grad Norm: 0.0000 | Noise: 0.0000 | SNR: inf | Time: 8.74s
2025-03-03 18:59:17,198 - INFO - P1 (Round 5) - Epoch 4/10 | Loss: 0.0726 | Acc: 0.9777 | Val Loss: 0.0712 | Val Acc: 0.9778 | Grad Norm: 0.0000 | Noise: 0.0000 | SNR: inf | Time: 8.83s
2025-03-03 18:59:26,547 - INFO - P1 (Round 5) - Epoch 5/10 | Loss: 0.0717 | Acc: 0.9779 | Val Loss: 0.0691 | Val Acc: 0.9782 | Grad Norm: 0.0000 | Noise: 0.0000 | SNR: inf | Time: 9.35s
2025-03-03 18:59:35,480 - INFO - P1 (Round 5) - Epoch 6/10 | Loss: 0.0709 | Acc: 0.9782 | Val Loss: 0.0681 | Val Acc: 0.9789 | Grad Norm: 0.0000 | Noise: 0.0000 | SNR: inf | Time: 8.93s
2025-03-03 18:59:44,284 - INFO - P1 (Round 5) - Epoch 7/10 | Loss: 0.0702 | Acc: 0.9784 | Val Loss: 0.0695 | Val Acc: 0.9778 | Grad Norm: 0.0000 | Noise: 0.0000 | SNR: inf | Time: 8.80s
2025-03-03 18:59:53,407 - INFO - P1 (Round 5) - Epoch 8/10 | Loss: 0.0698 | Acc: 0.9786 | Val Loss: 0.0697 | Val Acc: 0.9771 | Grad Norm: 0.0000 | Noise: 0.0000 | SNR: inf | Time: 9.12s
2025-03-03 19:00:02,644 - INFO - P1 (Round 5) - Epoch 9/10 | Loss: 0.0693 | Acc: 0.9787 | Val Loss: 0.0677 | Val Acc: 0.9783 | Grad Norm: 0.0000 | Noise: 0.0000 | SNR: inf | Time: 9.24s
2025-03-03 19:00:11,492 - INFO - P1 (Round 5) - Epoch 10/10 | Loss: 0.0687 | Acc: 0.9788 | Val Loss: 0.0679 | Val Acc: 0.9796 | Grad Norm: 0.0000 | Noise: 0.0000 | SNR: inf | Time: 8.85s
2025-03-03 19:00:11,492 - INFO - Training client P2 (Round 5) with noise_multiplier=1.5
2025-03-03 19:00:11,493 - INFO - P2 (Round 5) - DP setup: noise=1.5, max_grad_norm=1.0
2025-03-03 19:00:54,134 - INFO - P2 (Round 5) - Epoch 1/10 | Loss: 0.1324 | Acc: 0.9700 | Val Loss: 0.1459 | Val Acc: 0.9701 | Grad Norm: 1.1949 | Noise: 40.1092 | SNR: 0.0298 | ε: 0.05 (δ=7.6e-08) | Time: 42.59s
2025-03-03 19:01:36,661 - INFO - P2 (Round 5) - Epoch 2/10 | Loss: 0.1430 | Acc: 0.9703 | Val Loss: 0.1549 | Val Acc: 0.9690 | Grad Norm: 1.2161 | Noise: 40.1092 | SNR: 0.0303 | ε: 0.07 (δ=7.6e-08) | Time: 42.47s
2025-03-03 19:02:19,196 - INFO - P2 (Round 5) - Epoch 3/10 | Loss: 0.1526 | Acc: 0.9703 | Val Loss: 0.1575 | Val Acc: 0.9692 | Grad Norm: 1.2652 | Noise: 40.1092 | SNR: 0.0315 | ε: 0.09 (δ=7.6e-08) | Time: 42.46s
2025-03-03 19:02:59,630 - INFO - P2 (Round 5) - Epoch 4/10 | Loss: 0.1522 | Acc: 0.9706 | Val Loss: 0.1563 | Val Acc: 0.9703 | Grad Norm: 1.2570 | Noise: 40.1092 | SNR: 0.0313 | ε: 0.10 (δ=7.6e-08) | Time: 40.35s
2025-03-03 19:03:40,496 - INFO - P2 (Round 5) - Epoch 5/10 | Loss: 0.1594 | Acc: 0.9705 | Val Loss: 0.1646 | Val Acc: 0.9702 | Grad Norm: 1.3117 | Noise: 40.1092 | SNR: 0.0327 | ε: 0.11 (δ=7.6e-08) | Time: 40.75s
2025-03-03 19:04:22,225 - INFO - P2 (Round 5) - Epoch 6/10 | Loss: 0.1660 | Acc: 0.9706 | Val Loss: 0.1740 | Val Acc: 0.9710 | Grad Norm: 1.4132 | Noise: 40.1092 | SNR: 0.0352 | ε: 0.12 (δ=7.6e-08) | Time: 41.66s
2025-03-03 19:05:05,027 - INFO - P2 (Round 5) - Epoch 7/10 | Loss: 0.1648 | Acc: 0.9713 | Val Loss: 0.1747 | Val Acc: 0.9705 | Grad Norm: 1.4106 | Noise: 40.1092 | SNR: 0.0352 | ε: 0.13 (δ=7.6e-08) | Time: 42.72s
2025-03-03 19:05:47,126 - INFO - P2 (Round 5) - Epoch 8/10 | Loss: 0.1719 | Acc: 0.9708 | Val Loss: 0.1683 | Val Acc: 0.9704 | Grad Norm: 1.4352 | Noise: 40.1092 | SNR: 0.0358 | ε: 0.14 (δ=7.6e-08) | Time: 41.96s
2025-03-03 19:06:27,514 - INFO - P2 (Round 5) - Epoch 9/10 | Loss: 0.1669 | Acc: 0.9711 | Val Loss: 0.1680 | Val Acc: 0.9704 | Grad Norm: 1.3871 | Noise: 40.1092 | SNR: 0.0346 | ε: 0.14 (δ=7.6e-08) | Time: 40.25s
2025-03-03 19:07:09,379 - INFO - P2 (Round 5) - Epoch 10/10 | Loss: 0.1689 | Acc: 0.9709 | Val Loss: 0.1785 | Val Acc: 0.9708 | Grad Norm: 1.4883 | Noise: 40.1092 | SNR: 0.0371 | ε: 0.15 (δ=7.6e-08) | Time: 41.77s
2025-03-03 19:07:09,379 - INFO - P2 (Round 5) - Final Privacy Budget: ε = 0.1519 (δ=7.6e-08)
2025-03-03 19:07:09,379 - INFO - P2 privacy budget: round ε = 0.1519, cumulative ε = 0.7593
2025-03-03 19:07:11,412 - INFO - Round 5/10 completed in 509.36s
2025-03-03 19:07:11,413 - INFO - Global Model - P1 Test: Loss = 0.1188, Accuracy = 0.9727
2025-03-03 19:07:11,413 - INFO - Global Model - P2 Test: Loss = 0.1216, Accuracy = 0.9724
2025-03-03 19:07:11,413 - INFO - P2 Privacy Budget: ε = 0.15
2025-03-03 19:07:11,413 - INFO - Starting Round 6/10
2025-03-03 19:07:11,414 - INFO - Training client P1 (Round 6) with noise_multiplier=None
2025-03-03 19:07:20,076 - INFO - P1 (Round 6) - Epoch 1/10 | Loss: 0.0797 | Acc: 0.9770 | Val Loss: 0.0741 | Val Acc: 0.9771 | Grad Norm: 0.0000 | Noise: 0.0000 | SNR: inf | Time: 8.66s
2025-03-03 19:07:28,862 - INFO - P1 (Round 6) - Epoch 2/10 | Loss: 0.0732 | Acc: 0.9781 | Val Loss: 0.0713 | Val Acc: 0.9768 | Grad Norm: 0.0000 | Noise: 0.0000 | SNR: inf | Time: 8.79s
2025-03-03 19:07:37,680 - INFO - P1 (Round 6) - Epoch 3/10 | Loss: 0.0713 | Acc: 0.9785 | Val Loss: 0.0691 | Val Acc: 0.9787 | Grad Norm: 0.0000 | Noise: 0.0000 | SNR: inf | Time: 8.82s
2025-03-03 19:07:46,678 - INFO - P1 (Round 6) - Epoch 4/10 | Loss: 0.0701 | Acc: 0.9788 | Val Loss: 0.0715 | Val Acc: 0.9799 | Grad Norm: 0.0000 | Noise: 0.0000 | SNR: inf | Time: 9.00s
2025-03-03 19:07:55,529 - INFO - P1 (Round 6) - Epoch 5/10 | Loss: 0.0693 | Acc: 0.9791 | Val Loss: 0.0679 | Val Acc: 0.9793 | Grad Norm: 0.0000 | Noise: 0.0000 | SNR: inf | Time: 8.85s
2025-03-03 19:08:04,102 - INFO - P1 (Round 6) - Epoch 6/10 | Loss: 0.0685 | Acc: 0.9793 | Val Loss: 0.0680 | Val Acc: 0.9789 | Grad Norm: 0.0000 | Noise: 0.0000 | SNR: inf | Time: 8.57s
2025-03-03 19:08:12,952 - INFO - P1 (Round 6) - Epoch 7/10 | Loss: 0.0678 | Acc: 0.9795 | Val Loss: 0.0659 | Val Acc: 0.9799 | Grad Norm: 0.0000 | Noise: 0.0000 | SNR: inf | Time: 8.85s
2025-03-03 19:08:21,775 - INFO - P1 (Round 6) - Epoch 8/10 | Loss: 0.0674 | Acc: 0.9796 | Val Loss: 0.0664 | Val Acc: 0.9797 | Grad Norm: 0.0000 | Noise: 0.0000 | SNR: inf | Time: 8.82s
2025-03-03 19:08:30,543 - INFO - P1 (Round 6) - Epoch 9/10 | Loss: 0.0670 | Acc: 0.9797 | Val Loss: 0.0688 | Val Acc: 0.9794 | Grad Norm: 0.0000 | Noise: 0.0000 | SNR: inf | Time: 8.77s
2025-03-03 19:08:39,300 - INFO - P1 (Round 6) - Epoch 10/10 | Loss: 0.0666 | Acc: 0.9798 | Val Loss: 0.0639 | Val Acc: 0.9809 | Grad Norm: 0.0000 | Noise: 0.0000 | SNR: inf | Time: 8.76s
2025-03-03 19:08:39,301 - INFO - Training client P2 (Round 6) with noise_multiplier=1.5
2025-03-03 19:08:39,301 - INFO - P2 (Round 6) - DP setup: noise=1.5, max_grad_norm=1.0
2025-03-03 19:09:21,579 - INFO - P2 (Round 6) - Epoch 1/10 | Loss: 0.1289 | Acc: 0.9716 | Val Loss: 0.1415 | Val Acc: 0.9716 | Grad Norm: 1.1841 | Noise: 40.1092 | SNR: 0.0295 | ε: 0.05 (δ=7.6e-08) | Time: 42.23s
2025-03-03 19:10:03,865 - INFO - P2 (Round 6) - Epoch 2/10 | Loss: 0.1415 | Acc: 0.9719 | Val Loss: 0.1441 | Val Acc: 0.9722 | Grad Norm: 1.2400 | Noise: 40.1092 | SNR: 0.0309 | ε: 0.07 (δ=7.6e-08) | Time: 42.24s
2025-03-03 19:10:46,674 - INFO - P2 (Round 6) - Epoch 3/10 | Loss: 0.1469 | Acc: 0.9717 | Val Loss: 0.1494 | Val Acc: 0.9710 | Grad Norm: 1.2466 | Noise: 40.1092 | SNR: 0.0311 | ε: 0.09 (δ=7.6e-08) | Time: 42.72s
2025-03-03 19:11:27,707 - INFO - P2 (Round 6) - Epoch 4/10 | Loss: 0.1498 | Acc: 0.9721 | Val Loss: 0.1552 | Val Acc: 0.9709 | Grad Norm: 1.2735 | Noise: 40.1092 | SNR: 0.0318 | ε: 0.10 (δ=7.6e-08) | Time: 40.95s
2025-03-03 19:12:08,176 - INFO - P2 (Round 6) - Epoch 5/10 | Loss: 0.1551 | Acc: 0.9715 | Val Loss: 0.1553 | Val Acc: 0.9720 | Grad Norm: 1.2935 | Noise: 40.1092 | SNR: 0.0322 | ε: 0.11 (δ=7.6e-08) | Time: 40.37s
2025-03-03 19:12:49,940 - INFO - P2 (Round 6) - Epoch 6/10 | Loss: 0.1591 | Acc: 0.9717 | Val Loss: 0.1653 | Val Acc: 0.9716 | Grad Norm: 1.3990 | Noise: 40.1092 | SNR: 0.0349 | ε: 0.12 (δ=7.6e-08) | Time: 41.70s
2025-03-03 19:13:32,597 - INFO - P2 (Round 6) - Epoch 7/10 | Loss: 0.1649 | Acc: 0.9721 | Val Loss: 0.1644 | Val Acc: 0.9713 | Grad Norm: 1.4255 | Noise: 40.1092 | SNR: 0.0355 | ε: 0.13 (δ=7.6e-08) | Time: 42.57s
2025-03-03 19:14:12,842 - INFO - P2 (Round 6) - Epoch 8/10 | Loss: 0.1632 | Acc: 0.9720 | Val Loss: 0.1650 | Val Acc: 0.9710 | Grad Norm: 1.4360 | Noise: 40.1092 | SNR: 0.0358 | ε: 0.14 (δ=7.6e-08) | Time: 40.11s
2025-03-03 19:14:52,584 - INFO - P2 (Round 6) - Epoch 9/10 | Loss: 0.1628 | Acc: 0.9721 | Val Loss: 0.1651 | Val Acc: 0.9714 | Grad Norm: 1.4201 | Noise: 40.1092 | SNR: 0.0354 | ε: 0.14 (δ=7.6e-08) | Time: 39.61s
2025-03-03 19:15:35,030 - INFO - P2 (Round 6) - Epoch 10/10 | Loss: 0.1656 | Acc: 0.9717 | Val Loss: 0.1694 | Val Acc: 0.9713 | Grad Norm: 1.4942 | Noise: 40.1092 | SNR: 0.0373 | ε: 0.15 (δ=7.6e-08) | Time: 42.34s
2025-03-03 19:15:35,031 - INFO - P2 (Round 6) - Final Privacy Budget: ε = 0.1519 (δ=7.6e-08)
2025-03-03 19:15:35,031 - INFO - P2 privacy budget: round ε = 0.1519, cumulative ε = 0.9112
2025-03-03 19:15:37,099 - INFO - Round 6/10 completed in 505.69s
2025-03-03 19:15:37,099 - INFO - Global Model - P1 Test: Loss = 0.1127, Accuracy = 0.9735
2025-03-03 19:15:37,099 - INFO - Global Model - P2 Test: Loss = 0.1150, Accuracy = 0.9734
2025-03-03 19:15:37,099 - INFO - P2 Privacy Budget: ε = 0.15
2025-03-03 19:15:37,099 - INFO - Starting Round 7/10
2025-03-03 19:15:37,100 - INFO - Training client P1 (Round 7) with noise_multiplier=None
2025-03-03 19:15:45,903 - INFO - P1 (Round 7) - Epoch 1/10 | Loss: 0.0775 | Acc: 0.9777 | Val Loss: 0.0706 | Val Acc: 0.9791 | Grad Norm: 0.0000 | Noise: 0.0000 | SNR: inf | Time: 8.80s
2025-03-03 19:15:54,690 - INFO - P1 (Round 7) - Epoch 2/10 | Loss: 0.0711 | Acc: 0.9791 | Val Loss: 0.0700 | Val Acc: 0.9787 | Grad Norm: 0.0000 | Noise: 0.0000 | SNR: inf | Time: 8.79s
2025-03-03 19:16:03,492 - INFO - P1 (Round 7) - Epoch 3/10 | Loss: 0.0694 | Acc: 0.9795 | Val Loss: 0.0701 | Val Acc: 0.9787 | Grad Norm: 0.0000 | Noise: 0.0000 | SNR: inf | Time: 8.80s
2025-03-03 19:16:12,631 - INFO - P1 (Round 7) - Epoch 4/10 | Loss: 0.0681 | Acc: 0.9798 | Val Loss: 0.0658 | Val Acc: 0.9798 | Grad Norm: 0.0000 | Noise: 0.0000 | SNR: inf | Time: 9.14s
2025-03-03 19:16:21,341 - INFO - P1 (Round 7) - Epoch 5/10 | Loss: 0.0675 | Acc: 0.9799 | Val Loss: 0.0673 | Val Acc: 0.9793 | Grad Norm: 0.0000 | Noise: 0.0000 | SNR: inf | Time: 8.71s
2025-03-03 19:16:29,739 - INFO - P1 (Round 7) - Epoch 6/10 | Loss: 0.0669 | Acc: 0.9800 | Val Loss: 0.0662 | Val Acc: 0.9801 | Grad Norm: 0.0000 | Noise: 0.0000 | SNR: inf | Time: 8.40s
2025-03-03 19:16:38,572 - INFO - P1 (Round 7) - Epoch 7/10 | Loss: 0.0664 | Acc: 0.9800 | Val Loss: 0.0685 | Val Acc: 0.9786 | Grad Norm: 0.0000 | Noise: 0.0000 | SNR: inf | Time: 8.83s
2025-03-03 19:16:47,226 - INFO - P1 (Round 7) - Epoch 8/10 | Loss: 0.0658 | Acc: 0.9803 | Val Loss: 0.0655 | Val Acc: 0.9801 | Grad Norm: 0.0000 | Noise: 0.0000 | SNR: inf | Time: 8.65s
2025-03-03 19:16:55,993 - INFO - P1 (Round 7) - Epoch 9/10 | Loss: 0.0655 | Acc: 0.9803 | Val Loss: 0.0634 | Val Acc: 0.9810 | Grad Norm: 0.0000 | Noise: 0.0000 | SNR: inf | Time: 8.77s
2025-03-03 19:17:04,711 - INFO - P1 (Round 7) - Epoch 10/10 | Loss: 0.0651 | Acc: 0.9804 | Val Loss: 0.0642 | Val Acc: 0.9804 | Grad Norm: 0.0000 | Noise: 0.0000 | SNR: inf | Time: 8.72s
2025-03-03 19:17:04,711 - INFO - Training client P2 (Round 7) with noise_multiplier=1.5
2025-03-03 19:17:04,712 - INFO - P2 (Round 7) - DP setup: noise=1.5, max_grad_norm=1.0
2025-03-03 19:17:48,054 - INFO - P2 (Round 7) - Epoch 1/10 | Loss: 0.1223 | Acc: 0.9728 | Val Loss: 0.1353 | Val Acc: 0.9721 | Grad Norm: 1.1687 | Noise: 40.1092 | SNR: 0.0291 | ε: 0.05 (δ=7.6e-08) | Time: 43.29s
2025-03-03 19:18:30,070 - INFO - P2 (Round 7) - Epoch 2/10 | Loss: 0.1363 | Acc: 0.9727 | Val Loss: 0.1452 | Val Acc: 0.9724 | Grad Norm: 1.1946 | Noise: 40.1092 | SNR: 0.0298 | ε: 0.07 (δ=7.6e-08) | Time: 41.96s
2025-03-03 19:19:12,515 - INFO - P2 (Round 7) - Epoch 3/10 | Loss: 0.1447 | Acc: 0.9726 | Val Loss: 0.1424 | Val Acc: 0.9720 | Grad Norm: 1.2523 | Noise: 40.1092 | SNR: 0.0312 | ε: 0.09 (δ=7.6e-08) | Time: 42.37s
2025-03-03 19:19:53,608 - INFO - P2 (Round 7) - Epoch 4/10 | Loss: 0.1498 | Acc: 0.9723 | Val Loss: 0.1507 | Val Acc: 0.9714 | Grad Norm: 1.3553 | Noise: 40.1092 | SNR: 0.0338 | ε: 0.10 (δ=7.6e-08) | Time: 41.01s
2025-03-03 19:20:34,472 - INFO - P2 (Round 7) - Epoch 5/10 | Loss: 0.1522 | Acc: 0.9720 | Val Loss: 0.1537 | Val Acc: 0.9719 | Grad Norm: 1.3098 | Noise: 40.1092 | SNR: 0.0327 | ε: 0.11 (δ=7.6e-08) | Time: 40.75s
2025-03-03 19:21:16,501 - INFO - P2 (Round 7) - Epoch 6/10 | Loss: 0.1606 | Acc: 0.9720 | Val Loss: 0.1670 | Val Acc: 0.9715 | Grad Norm: 1.4441 | Noise: 40.1092 | SNR: 0.0360 | ε: 0.12 (δ=7.6e-08) | Time: 41.96s
2025-03-03 19:21:59,284 - INFO - P2 (Round 7) - Epoch 7/10 | Loss: 0.1591 | Acc: 0.9727 | Val Loss: 0.1580 | Val Acc: 0.9721 | Grad Norm: 1.4613 | Noise: 40.1092 | SNR: 0.0364 | ε: 0.13 (δ=7.6e-08) | Time: 42.70s
2025-03-03 19:22:39,752 - INFO - P2 (Round 7) - Epoch 8/10 | Loss: 0.1586 | Acc: 0.9725 | Val Loss: 0.1576 | Val Acc: 0.9719 | Grad Norm: 1.4494 | Noise: 40.1092 | SNR: 0.0361 | ε: 0.14 (δ=7.6e-08) | Time: 40.33s
2025-03-03 19:23:20,411 - INFO - P2 (Round 7) - Epoch 9/10 | Loss: 0.1635 | Acc: 0.9725 | Val Loss: 0.1630 | Val Acc: 0.9721 | Grad Norm: 1.4847 | Noise: 40.1092 | SNR: 0.0370 | ε: 0.14 (δ=7.6e-08) | Time: 40.48s
2025-03-03 19:24:02,897 - INFO - P2 (Round 7) - Epoch 10/10 | Loss: 0.1626 | Acc: 0.9721 | Val Loss: 0.1632 | Val Acc: 0.9723 | Grad Norm: 1.5501 | Noise: 40.1092 | SNR: 0.0386 | ε: 0.15 (δ=7.6e-08) | Time: 42.39s
2025-03-03 19:24:02,897 - INFO - P2 (Round 7) - Final Privacy Budget: ε = 0.1519 (δ=7.6e-08)
2025-03-03 19:24:02,898 - INFO - P2 privacy budget: round ε = 0.1519, cumulative ε = 1.0630
2025-03-03 19:24:04,879 - INFO - Round 7/10 completed in 507.78s
2025-03-03 19:24:04,879 - INFO - Global Model - P1 Test: Loss = 0.1030, Accuracy = 0.9754
2025-03-03 19:24:04,879 - INFO - Global Model - P2 Test: Loss = 0.1040, Accuracy = 0.9750
2025-03-03 19:24:04,879 - INFO - P2 Privacy Budget: ε = 0.15
2025-03-03 19:24:04,879 - INFO - Starting Round 8/10
2025-03-03 19:24:04,880 - INFO - Training client P1 (Round 8) with noise_multiplier=None
2025-03-03 19:24:13,403 - INFO - P1 (Round 8) - Epoch 1/10 | Loss: 0.0754 | Acc: 0.9788 | Val Loss: 0.0685 | Val Acc: 0.9802 | Grad Norm: 0.0000 | Noise: 0.0000 | SNR: inf | Time: 8.52s
2025-03-03 19:24:22,155 - INFO - P1 (Round 8) - Epoch 2/10 | Loss: 0.0694 | Acc: 0.9798 | Val Loss: 0.0674 | Val Acc: 0.9800 | Grad Norm: 0.0000 | Noise: 0.0000 | SNR: inf | Time: 8.75s
2025-03-03 19:24:30,846 - INFO - P1 (Round 8) - Epoch 3/10 | Loss: 0.0680 | Acc: 0.9801 | Val Loss: 0.0660 | Val Acc: 0.9807 | Grad Norm: 0.0000 | Noise: 0.0000 | SNR: inf | Time: 8.69s
2025-03-03 19:24:39,561 - INFO - P1 (Round 8) - Epoch 4/10 | Loss: 0.0670 | Acc: 0.9802 | Val Loss: 0.0680 | Val Acc: 0.9796 | Grad Norm: 0.0000 | Noise: 0.0000 | SNR: inf | Time: 8.72s
2025-03-03 19:24:48,133 - INFO - P1 (Round 8) - Epoch 5/10 | Loss: 0.0664 | Acc: 0.9803 | Val Loss: 0.0646 | Val Acc: 0.9805 | Grad Norm: 0.0000 | Noise: 0.0000 | SNR: inf | Time: 8.57s
2025-03-03 19:24:56,984 - INFO - P1 (Round 8) - Epoch 6/10 | Loss: 0.0658 | Acc: 0.9804 | Val Loss: 0.0648 | Val Acc: 0.9803 | Grad Norm: 0.0000 | Noise: 0.0000 | SNR: inf | Time: 8.85s
2025-03-03 19:25:05,882 - INFO - P1 (Round 8) - Epoch 7/10 | Loss: 0.0654 | Acc: 0.9804 | Val Loss: 0.0661 | Val Acc: 0.9797 | Grad Norm: 0.0000 | Noise: 0.0000 | SNR: inf | Time: 8.90s
2025-03-03 19:25:14,627 - INFO - P1 (Round 8) - Epoch 8/10 | Loss: 0.0649 | Acc: 0.9805 | Val Loss: 0.0648 | Val Acc: 0.9807 | Grad Norm: 0.0000 | Noise: 0.0000 | SNR: inf | Time: 8.74s
2025-03-03 19:25:23,279 - INFO - P1 (Round 8) - Epoch 9/10 | Loss: 0.0647 | Acc: 0.9806 | Val Loss: 0.0647 | Val Acc: 0.9807 | Grad Norm: 0.0000 | Noise: 0.0000 | SNR: inf | Time: 8.65s
2025-03-03 19:25:31,423 - INFO - P1 (Round 8) - Epoch 10/10 | Loss: 0.0642 | Acc: 0.9808 | Val Loss: 0.0625 | Val Acc: 0.9809 | Grad Norm: 0.0000 | Noise: 0.0000 | SNR: inf | Time: 8.14s
2025-03-03 19:25:31,424 - INFO - Training client P2 (Round 8) with noise_multiplier=1.5
2025-03-03 19:25:31,424 - INFO - P2 (Round 8) - DP setup: noise=1.5, max_grad_norm=1.0
2025-03-03 19:26:13,754 - INFO - P2 (Round 8) - Epoch 1/10 | Loss: 0.1202 | Acc: 0.9736 | Val Loss: 0.1308 | Val Acc: 0.9731 | Grad Norm: 1.2047 | Noise: 40.1092 | SNR: 0.0300 | ε: 0.05 (δ=7.6e-08) | Time: 42.28s
2025-03-03 19:26:56,105 - INFO - P2 (Round 8) - Epoch 2/10 | Loss: 0.1328 | Acc: 0.9733 | Val Loss: 0.1396 | Val Acc: 0.9725 | Grad Norm: 1.2205 | Noise: 40.1092 | SNR: 0.0304 | ε: 0.07 (δ=7.6e-08) | Time: 42.30s
2025-03-03 19:27:38,670 - INFO - P2 (Round 8) - Epoch 3/10 | Loss: 0.1404 | Acc: 0.9730 | Val Loss: 0.1434 | Val Acc: 0.9726 | Grad Norm: 1.2882 | Noise: 40.1092 | SNR: 0.0321 | ε: 0.09 (δ=7.6e-08) | Time: 42.49s
2025-03-03 19:28:19,238 - INFO - P2 (Round 8) - Epoch 4/10 | Loss: 0.1435 | Acc: 0.9730 | Val Loss: 0.1468 | Val Acc: 0.9727 | Grad Norm: 1.3591 | Noise: 40.1092 | SNR: 0.0339 | ε: 0.10 (δ=7.6e-08) | Time: 40.48s
2025-03-03 19:28:59,913 - INFO - P2 (Round 8) - Epoch 5/10 | Loss: 0.1518 | Acc: 0.9727 | Val Loss: 0.1519 | Val Acc: 0.9725 | Grad Norm: 1.3488 | Noise: 40.1092 | SNR: 0.0336 | ε: 0.11 (δ=7.6e-08) | Time: 40.57s
2025-03-03 19:29:41,798 - INFO - P2 (Round 8) - Epoch 6/10 | Loss: 0.1568 | Acc: 0.9727 | Val Loss: 0.1642 | Val Acc: 0.9720 | Grad Norm: 1.4695 | Noise: 40.1092 | SNR: 0.0366 | ε: 0.12 (δ=7.6e-08) | Time: 41.82s
2025-03-03 19:30:24,204 - INFO - P2 (Round 8) - Epoch 7/10 | Loss: 0.1572 | Acc: 0.9733 | Val Loss: 0.1551 | Val Acc: 0.9730 | Grad Norm: 1.4748 | Noise: 40.1092 | SNR: 0.0368 | ε: 0.13 (δ=7.6e-08) | Time: 42.33s
2025-03-03 19:31:04,180 - INFO - P2 (Round 8) - Epoch 8/10 | Loss: 0.1532 | Acc: 0.9733 | Val Loss: 0.1560 | Val Acc: 0.9728 | Grad Norm: 1.4408 | Noise: 40.1092 | SNR: 0.0359 | ε: 0.14 (δ=7.6e-08) | Time: 39.85s
2025-03-03 19:31:45,414 - INFO - P2 (Round 8) - Epoch 9/10 | Loss: 0.1584 | Acc: 0.9733 | Val Loss: 0.1553 | Val Acc: 0.9732 | Grad Norm: 1.5355 | Noise: 40.1092 | SNR: 0.0383 | ε: 0.14 (δ=7.6e-08) | Time: 41.08s
2025-03-03 19:32:27,858 - INFO - P2 (Round 8) - Epoch 10/10 | Loss: 0.1598 | Acc: 0.9728 | Val Loss: 0.1641 | Val Acc: 0.9730 | Grad Norm: 1.6114 | Noise: 40.1092 | SNR: 0.0402 | ε: 0.15 (δ=7.6e-08) | Time: 42.34s
2025-03-03 19:32:27,859 - INFO - P2 (Round 8) - Final Privacy Budget: ε = 0.1519 (δ=7.6e-08)
2025-03-03 19:32:27,859 - INFO - P2 privacy budget: round ε = 0.1519, cumulative ε = 1.2149
2025-03-03 19:32:29,890 - INFO - Round 8/10 completed in 505.01s
2025-03-03 19:32:29,890 - INFO - Global Model - P1 Test: Loss = 0.0997, Accuracy = 0.9765
2025-03-03 19:32:29,890 - INFO - Global Model - P2 Test: Loss = 0.1004, Accuracy = 0.9762
2025-03-03 19:32:29,890 - INFO - P2 Privacy Budget: ε = 0.15
2025-03-03 19:32:29,890 - INFO - Starting Round 9/10
2025-03-03 19:32:29,892 - INFO - Training client P1 (Round 9) with noise_multiplier=None
2025-03-03 19:32:38,482 - INFO - P1 (Round 9) - Epoch 1/10 | Loss: 0.0742 | Acc: 0.9793 | Val Loss: 0.0717 | Val Acc: 0.9793 | Grad Norm: 0.0000 | Noise: 0.0000 | SNR: inf | Time: 8.59s
2025-03-03 19:32:47,002 - INFO - P1 (Round 9) - Epoch 2/10 | Loss: 0.0686 | Acc: 0.9802 | Val Loss: 0.0708 | Val Acc: 0.9800 | Grad Norm: 0.0000 | Noise: 0.0000 | SNR: inf | Time: 8.52s
2025-03-03 19:32:55,695 - INFO - P1 (Round 9) - Epoch 3/10 | Loss: 0.0670 | Acc: 0.9804 | Val Loss: 0.0678 | Val Acc: 0.9807 | Grad Norm: 0.0000 | Noise: 0.0000 | SNR: inf | Time: 8.69s
2025-03-03 19:33:04,636 - INFO - P1 (Round 9) - Epoch 4/10 | Loss: 0.0661 | Acc: 0.9805 | Val Loss: 0.0661 | Val Acc: 0.9804 | Grad Norm: 0.0000 | Noise: 0.0000 | SNR: inf | Time: 8.94s
2025-03-03 19:33:13,547 - INFO - P1 (Round 9) - Epoch 5/10 | Loss: 0.0654 | Acc: 0.9806 | Val Loss: 0.0643 | Val Acc: 0.9806 | Grad Norm: 0.0000 | Noise: 0.0000 | SNR: inf | Time: 8.91s
2025-03-03 19:33:22,341 - INFO - P1 (Round 9) - Epoch 6/10 | Loss: 0.0650 | Acc: 0.9805 | Val Loss: 0.0652 | Val Acc: 0.9801 | Grad Norm: 0.0000 | Noise: 0.0000 | SNR: inf | Time: 8.79s
2025-03-03 19:33:30,981 - INFO - P1 (Round 9) - Epoch 7/10 | Loss: 0.0645 | Acc: 0.9807 | Val Loss: 0.0653 | Val Acc: 0.9807 | Grad Norm: 0.0000 | Noise: 0.0000 | SNR: inf | Time: 8.64s
2025-03-03 19:33:40,197 - INFO - P1 (Round 9) - Epoch 8/10 | Loss: 0.0641 | Acc: 0.9808 | Val Loss: 0.0621 | Val Acc: 0.9810 | Grad Norm: 0.0000 | Noise: 0.0000 | SNR: inf | Time: 9.22s
2025-03-03 19:33:49,119 - INFO - P1 (Round 9) - Epoch 9/10 | Loss: 0.0637 | Acc: 0.9810 | Val Loss: 0.0641 | Val Acc: 0.9797 | Grad Norm: 0.0000 | Noise: 0.0000 | SNR: inf | Time: 8.92s
2025-03-03 19:33:57,998 - INFO - P1 (Round 9) - Epoch 10/10 | Loss: 0.0632 | Acc: 0.9810 | Val Loss: 0.0649 | Val Acc: 0.9807 | Grad Norm: 0.0000 | Noise: 0.0000 | SNR: inf | Time: 8.88s
2025-03-03 19:33:57,998 - INFO - Training client P2 (Round 9) with noise_multiplier=1.5
2025-03-03 19:33:57,999 - INFO - P2 (Round 9) - DP setup: noise=1.5, max_grad_norm=1.0
2025-03-03 19:34:39,989 - INFO - P2 (Round 9) - Epoch 1/10 | Loss: 0.1153 | Acc: 0.9746 | Val Loss: 0.1311 | Val Acc: 0.9733 | Grad Norm: 1.2191 | Noise: 40.1092 | SNR: 0.0304 | ε: 0.05 (δ=7.6e-08) | Time: 41.94s
2025-03-03 19:35:22,326 - INFO - P2 (Round 9) - Epoch 2/10 | Loss: 0.1333 | Acc: 0.9740 | Val Loss: 0.1388 | Val Acc: 0.9732 | Grad Norm: 1.2645 | Noise: 40.1092 | SNR: 0.0315 | ε: 0.07 (δ=7.6e-08) | Time: 42.29s
2025-03-03 19:36:04,332 - INFO - P2 (Round 9) - Epoch 3/10 | Loss: 0.1398 | Acc: 0.9739 | Val Loss: 0.1405 | Val Acc: 0.9737 | Grad Norm: 1.3171 | Noise: 40.1092 | SNR: 0.0328 | ε: 0.09 (δ=7.6e-08) | Time: 41.93s
2025-03-03 19:36:45,128 - INFO - P2 (Round 9) - Epoch 4/10 | Loss: 0.1405 | Acc: 0.9737 | Val Loss: 0.1447 | Val Acc: 0.9733 | Grad Norm: 1.3721 | Noise: 40.1092 | SNR: 0.0342 | ε: 0.10 (δ=7.6e-08) | Time: 40.71s
2025-03-03 19:37:25,854 - INFO - P2 (Round 9) - Epoch 5/10 | Loss: 0.1480 | Acc: 0.9733 | Val Loss: 0.1486 | Val Acc: 0.9737 | Grad Norm: 1.3839 | Noise: 40.1092 | SNR: 0.0345 | ε: 0.11 (δ=7.6e-08) | Time: 40.62s
2025-03-03 19:38:08,327 - INFO - P2 (Round 9) - Epoch 6/10 | Loss: 0.1574 | Acc: 0.9731 | Val Loss: 0.1657 | Val Acc: 0.9726 | Grad Norm: 1.4925 | Noise: 40.1092 | SNR: 0.0372 | ε: 0.12 (δ=7.6e-08) | Time: 42.41s
2025-03-03 19:38:50,361 - INFO - P2 (Round 9) - Epoch 7/10 | Loss: 0.1606 | Acc: 0.9738 | Val Loss: 0.1515 | Val Acc: 0.9736 | Grad Norm: 1.5286 | Noise: 40.1092 | SNR: 0.0381 | ε: 0.13 (δ=7.6e-08) | Time: 41.96s
2025-03-03 19:39:30,592 - INFO - P2 (Round 9) - Epoch 8/10 | Loss: 0.1531 | Acc: 0.9740 | Val Loss: 0.1566 | Val Acc: 0.9732 | Grad Norm: 1.4709 | Noise: 40.1092 | SNR: 0.0367 | ε: 0.14 (δ=7.6e-08) | Time: 40.09s
2025-03-03 19:40:10,629 - INFO - P2 (Round 9) - Epoch 9/10 | Loss: 0.1573 | Acc: 0.9737 | Val Loss: 0.1513 | Val Acc: 0.9737 | Grad Norm: 1.5640 | Noise: 40.1092 | SNR: 0.0390 | ε: 0.14 (δ=7.6e-08) | Time: 39.91s
2025-03-03 19:40:52,687 - INFO - P2 (Round 9) - Epoch 10/10 | Loss: 0.1575 | Acc: 0.9735 | Val Loss: 0.1629 | Val Acc: 0.9735 | Grad Norm: 1.6467 | Noise: 40.1092 | SNR: 0.0411 | ε: 0.15 (δ=7.6e-08) | Time: 41.96s
2025-03-03 19:40:52,688 - INFO - P2 (Round 9) - Final Privacy Budget: ε = 0.1519 (δ=7.6e-08)
2025-03-03 19:40:52,689 - INFO - P2 privacy budget: round ε = 0.1519, cumulative ε = 1.3668
2025-03-03 19:40:54,743 - INFO - Round 9/10 completed in 504.85s
2025-03-03 19:40:54,743 - INFO - Global Model - P1 Test: Loss = 0.1024, Accuracy = 0.9765
2025-03-03 19:40:54,743 - INFO - Global Model - P2 Test: Loss = 0.1033, Accuracy = 0.9764
2025-03-03 19:40:54,743 - INFO - P2 Privacy Budget: ε = 0.15
2025-03-03 19:40:54,743 - INFO - Starting Round 10/10
2025-03-03 19:40:54,745 - INFO - Training client P1 (Round 10) with noise_multiplier=None
2025-03-03 19:41:03,424 - INFO - P1 (Round 10) - Epoch 1/10 | Loss: 0.0730 | Acc: 0.9797 | Val Loss: 0.0674 | Val Acc: 0.9805 | Grad Norm: 0.0000 | Noise: 0.0000 | SNR: inf | Time: 8.68s
2025-03-03 19:41:12,392 - INFO - P1 (Round 10) - Epoch 2/10 | Loss: 0.0675 | Acc: 0.9806 | Val Loss: 0.0649 | Val Acc: 0.9810 | Grad Norm: 0.0000 | Noise: 0.0000 | SNR: inf | Time: 8.97s
2025-03-03 19:41:21,297 - INFO - P1 (Round 10) - Epoch 3/10 | Loss: 0.0660 | Acc: 0.9806 | Val Loss: 0.0648 | Val Acc: 0.9809 | Grad Norm: 0.0000 | Noise: 0.0000 | SNR: inf | Time: 8.90s
2025-03-03 19:41:29,887 - INFO - P1 (Round 10) - Epoch 4/10 | Loss: 0.0651 | Acc: 0.9809 | Val Loss: 0.0636 | Val Acc: 0.9813 | Grad Norm: 0.0000 | Noise: 0.0000 | SNR: inf | Time: 8.59s
2025-03-03 19:41:38,381 - INFO - P1 (Round 10) - Epoch 5/10 | Loss: 0.0642 | Acc: 0.9812 | Val Loss: 0.0650 | Val Acc: 0.9813 | Grad Norm: 0.0000 | Noise: 0.0000 | SNR: inf | Time: 8.49s
2025-03-03 19:41:47,186 - INFO - P1 (Round 10) - Epoch 6/10 | Loss: 0.0633 | Acc: 0.9813 | Val Loss: 0.0633 | Val Acc: 0.9818 | Grad Norm: 0.0000 | Noise: 0.0000 | SNR: inf | Time: 8.81s
2025-03-03 19:41:56,162 - INFO - P1 (Round 10) - Epoch 7/10 | Loss: 0.0627 | Acc: 0.9814 | Val Loss: 0.0618 | Val Acc: 0.9817 | Grad Norm: 0.0000 | Noise: 0.0000 | SNR: inf | Time: 8.98s
2025-03-03 19:42:04,910 - INFO - P1 (Round 10) - Epoch 8/10 | Loss: 0.0620 | Acc: 0.9817 | Val Loss: 0.0612 | Val Acc: 0.9820 | Grad Norm: 0.0000 | Noise: 0.0000 | SNR: inf | Time: 8.75s
2025-03-03 19:42:13,421 - INFO - P1 (Round 10) - Epoch 9/10 | Loss: 0.0616 | Acc: 0.9818 | Val Loss: 0.0621 | Val Acc: 0.9819 | Grad Norm: 0.0000 | Noise: 0.0000 | SNR: inf | Time: 8.51s
2025-03-03 19:42:22,192 - INFO - P1 (Round 10) - Epoch 10/10 | Loss: 0.0612 | Acc: 0.9819 | Val Loss: 0.0596 | Val Acc: 0.9824 | Grad Norm: 0.0000 | Noise: 0.0000 | SNR: inf | Time: 8.77s
2025-03-03 19:42:22,192 - INFO - Training client P2 (Round 10) with noise_multiplier=1.5
2025-03-03 19:42:22,193 - INFO - P2 (Round 10) - DP setup: noise=1.5, max_grad_norm=1.0
2025-03-03 19:43:04,356 - INFO - P2 (Round 10) - Epoch 1/10 | Loss: 0.1146 | Acc: 0.9752 | Val Loss: 0.1277 | Val Acc: 0.9741 | Grad Norm: 1.2715 | Noise: 40.1092 | SNR: 0.0317 | ε: 0.05 (δ=7.6e-08) | Time: 42.10s
2025-03-03 19:43:46,727 - INFO - P2 (Round 10) - Epoch 2/10 | Loss: 0.1311 | Acc: 0.9745 | Val Loss: 0.1363 | Val Acc: 0.9741 | Grad Norm: 1.2870 | Noise: 40.1092 | SNR: 0.0321 | ε: 0.07 (δ=7.6e-08) | Time: 42.32s
2025-03-03 19:44:29,451 - INFO - P2 (Round 10) - Epoch 3/10 | Loss: 0.1374 | Acc: 0.9747 | Val Loss: 0.1363 | Val Acc: 0.9746 | Grad Norm: 1.3501 | Noise: 40.1092 | SNR: 0.0337 | ε: 0.09 (δ=7.6e-08) | Time: 42.64s
2025-03-03 19:45:09,872 - INFO - P2 (Round 10) - Epoch 4/10 | Loss: 0.1416 | Acc: 0.9746 | Val Loss: 0.1425 | Val Acc: 0.9737 | Grad Norm: 1.4359 | Noise: 40.1092 | SNR: 0.0358 | ε: 0.10 (δ=7.6e-08) | Time: 40.34s
2025-03-03 19:45:50,906 - INFO - P2 (Round 10) - Epoch 5/10 | Loss: 0.1444 | Acc: 0.9739 | Val Loss: 0.1492 | Val Acc: 0.9746 | Grad Norm: 1.4055 | Noise: 40.1092 | SNR: 0.0350 | ε: 0.11 (δ=7.6e-08) | Time: 40.93s
2025-03-03 19:46:33,450 - INFO - P2 (Round 10) - Epoch 6/10 | Loss: 0.1557 | Acc: 0.9736 | Val Loss: 0.1625 | Val Acc: 0.9742 | Grad Norm: 1.5336 | Noise: 40.1092 | SNR: 0.0382 | ε: 0.12 (δ=7.6e-08) | Time: 42.48s
2025-03-03 19:47:15,887 - INFO - P2 (Round 10) - Epoch 7/10 | Loss: 0.1546 | Acc: 0.9743 | Val Loss: 0.1508 | Val Acc: 0.9745 | Grad Norm: 1.5680 | Noise: 40.1092 | SNR: 0.0391 | ε: 0.13 (δ=7.6e-08) | Time: 42.36s
2025-03-03 19:47:56,128 - INFO - P2 (Round 10) - Epoch 8/10 | Loss: 0.1514 | Acc: 0.9744 | Val Loss: 0.1515 | Val Acc: 0.9741 | Grad Norm: 1.5023 | Noise: 40.1092 | SNR: 0.0375 | ε: 0.14 (δ=7.6e-08) | Time: 40.11s
2025-03-03 19:48:37,125 - INFO - P2 (Round 10) - Epoch 9/10 | Loss: 0.1600 | Acc: 0.9741 | Val Loss: 0.1515 | Val Acc: 0.9742 | Grad Norm: 1.6205 | Noise: 40.1092 | SNR: 0.0404 | ε: 0.14 (δ=7.6e-08) | Time: 40.86s
2025-03-03 19:49:19,866 - INFO - P2 (Round 10) - Epoch 10/10 | Loss: 0.1540 | Acc: 0.9743 | Val Loss: 0.1602 | Val Acc: 0.9739 | Grad Norm: 1.6684 | Noise: 40.1092 | SNR: 0.0416 | ε: 0.15 (δ=7.6e-08) | Time: 42.64s
2025-03-03 19:49:19,866 - INFO - P2 (Round 10) - Final Privacy Budget: ε = 0.1519 (δ=7.6e-08)
2025-03-03 19:49:19,867 - INFO - P2 privacy budget: round ε = 0.1519, cumulative ε = 1.5186
2025-03-03 19:49:21,869 - INFO - Round 10/10 completed in 507.13s
2025-03-03 19:49:21,869 - INFO - Global Model - P1 Test: Loss = 0.0972, Accuracy = 0.9773
2025-03-03 19:49:21,869 - INFO - Global Model - P2 Test: Loss = 0.0968, Accuracy = 0.9771
2025-03-03 19:49:21,869 - INFO - P2 Privacy Budget: ε = 0.15
2025-03-03 19:49:21,871 - INFO - Results saved to results/dp_experiments/results_p1_None_p2_1.5.json
2025-03-03 19:49:21,883 - INFO - Differential Privacy Experiment completed successfully
