2025-03-04 00:39:19,457 - INFO - Starting Differential Privacy Experiment: dp_p1n2.0_p2n2.0
2025-03-04 00:39:19,457 - INFO - P1 Noise Multiplier: 2.0, P2 Noise Multiplier: 2.0
2025-03-04 00:39:21,019 - INFO - Creating dataloaders...
2025-03-04 00:39:21,029 - INFO - Running experiment with 10 rounds, 10 epochs per client
2025-03-04 00:39:21,029 - INFO - Starting Round 1/10
2025-03-04 00:39:21,030 - INFO - Training client P1 (Round 1) with noise_multiplier=2.0
2025-03-04 00:39:21,031 - INFO - P1 (Round 1) - DP setup: noise=2.0, max_grad_norm=1.0
2025-03-04 00:40:04,511 - INFO - P1 (Round 1) - Epoch 1/10 | Loss: 0.8227 | Acc: 0.7557 | Val Loss: 0.5918 | Val Acc: 0.8648 | Grad Norm: 1.3734 | Noise: 53.4790 | SNR: 0.0257 | ε: 0.04 (δ=7.6e-08) | Time: 43.43s
2025-03-04 00:40:47,510 - INFO - P1 (Round 1) - Epoch 2/10 | Loss: 0.5828 | Acc: 0.8797 | Val Loss: 0.5550 | Val Acc: 0.8910 | Grad Norm: 1.4661 | Noise: 53.4790 | SNR: 0.0274 | ε: 0.05 (δ=7.6e-08) | Time: 42.93s
2025-03-04 00:41:30,661 - INFO - P1 (Round 1) - Epoch 3/10 | Loss: 0.5448 | Acc: 0.8942 | Val Loss: 0.5011 | Val Acc: 0.8970 | Grad Norm: 1.5216 | Noise: 53.4790 | SNR: 0.0285 | ε: 0.06 (δ=7.6e-08) | Time: 43.07s
2025-03-04 00:42:13,352 - INFO - P1 (Round 1) - Epoch 4/10 | Loss: 0.5086 | Acc: 0.9009 | Val Loss: 0.4847 | Val Acc: 0.9045 | Grad Norm: 1.4780 | Noise: 53.4790 | SNR: 0.0276 | ε: 0.07 (δ=7.6e-08) | Time: 42.59s
2025-03-04 00:42:55,892 - INFO - P1 (Round 1) - Epoch 5/10 | Loss: 0.4989 | Acc: 0.9054 | Val Loss: 0.4688 | Val Acc: 0.9084 | Grad Norm: 1.4675 | Noise: 53.4790 | SNR: 0.0274 | ε: 0.08 (δ=7.6e-08) | Time: 42.46s
2025-03-04 00:43:38,667 - INFO - P1 (Round 1) - Epoch 6/10 | Loss: 0.4858 | Acc: 0.9094 | Val Loss: 0.4796 | Val Acc: 0.9106 | Grad Norm: 1.4138 | Noise: 53.4790 | SNR: 0.0264 | ε: 0.09 (δ=7.6e-08) | Time: 42.66s
2025-03-04 00:44:21,625 - INFO - P1 (Round 1) - Epoch 7/10 | Loss: 0.4693 | Acc: 0.9120 | Val Loss: 0.4561 | Val Acc: 0.9140 | Grad Norm: 1.4282 | Noise: 53.4790 | SNR: 0.0267 | ε: 0.09 (δ=7.6e-08) | Time: 42.83s
2025-03-04 00:45:05,337 - INFO - P1 (Round 1) - Epoch 8/10 | Loss: 0.4673 | Acc: 0.9139 | Val Loss: 0.4471 | Val Acc: 0.9173 | Grad Norm: 1.4792 | Noise: 53.4790 | SNR: 0.0277 | ε: 0.10 (δ=7.6e-08) | Time: 43.58s
2025-03-04 00:45:48,498 - INFO - P1 (Round 1) - Epoch 9/10 | Loss: 0.4565 | Acc: 0.9168 | Val Loss: 0.4457 | Val Acc: 0.9178 | Grad Norm: 1.4555 | Noise: 53.4790 | SNR: 0.0272 | ε: 0.10 (δ=7.6e-08) | Time: 43.02s
2025-03-04 00:46:31,791 - INFO - P1 (Round 1) - Epoch 10/10 | Loss: 0.4430 | Acc: 0.9190 | Val Loss: 0.4299 | Val Acc: 0.9216 | Grad Norm: 1.4543 | Noise: 53.4790 | SNR: 0.0272 | ε: 0.11 (δ=7.6e-08) | Time: 43.15s
2025-03-04 00:46:31,791 - INFO - P1 (Round 1) - Final Privacy Budget: ε = 0.1089 (δ=7.6e-08)
2025-03-04 00:46:31,792 - INFO - Training client P2 (Round 1) with noise_multiplier=2.0
2025-03-04 00:46:31,792 - INFO - P2 (Round 1) - DP setup: noise=2.0, max_grad_norm=1.0
2025-03-04 00:47:15,237 - INFO - P2 (Round 1) - Epoch 1/10 | Loss: 0.8322 | Acc: 0.7536 | Val Loss: 0.6154 | Val Acc: 0.8671 | Grad Norm: 1.3891 | Noise: 53.4790 | SNR: 0.0260 | ε: 0.04 (δ=7.6e-08) | Time: 43.40s
2025-03-04 00:47:58,010 - INFO - P2 (Round 1) - Epoch 2/10 | Loss: 0.6099 | Acc: 0.8777 | Val Loss: 0.6022 | Val Acc: 0.8854 | Grad Norm: 1.5149 | Noise: 53.4790 | SNR: 0.0283 | ε: 0.05 (δ=7.6e-08) | Time: 42.71s
2025-03-04 00:48:41,452 - INFO - P2 (Round 1) - Epoch 3/10 | Loss: 0.5658 | Acc: 0.8910 | Val Loss: 0.5416 | Val Acc: 0.8980 | Grad Norm: 1.5231 | Noise: 53.4790 | SNR: 0.0285 | ε: 0.06 (δ=7.6e-08) | Time: 43.37s
2025-03-04 00:49:24,308 - INFO - P2 (Round 1) - Epoch 4/10 | Loss: 0.5352 | Acc: 0.8987 | Val Loss: 0.5240 | Val Acc: 0.9021 | Grad Norm: 1.5020 | Noise: 53.4790 | SNR: 0.0281 | ε: 0.07 (δ=7.6e-08) | Time: 42.77s
2025-03-04 00:50:07,595 - INFO - P2 (Round 1) - Epoch 5/10 | Loss: 0.5065 | Acc: 0.9040 | Val Loss: 0.4949 | Val Acc: 0.9061 | Grad Norm: 1.4366 | Noise: 53.4790 | SNR: 0.0269 | ε: 0.08 (δ=7.6e-08) | Time: 43.19s
2025-03-04 00:50:50,933 - INFO - P2 (Round 1) - Epoch 6/10 | Loss: 0.4919 | Acc: 0.9081 | Val Loss: 0.4749 | Val Acc: 0.9111 | Grad Norm: 1.4562 | Noise: 53.4790 | SNR: 0.0272 | ε: 0.09 (δ=7.6e-08) | Time: 43.24s
2025-03-04 00:51:33,924 - INFO - P2 (Round 1) - Epoch 7/10 | Loss: 0.4659 | Acc: 0.9121 | Val Loss: 0.4755 | Val Acc: 0.9130 | Grad Norm: 1.4034 | Noise: 53.4790 | SNR: 0.0262 | ε: 0.09 (δ=7.6e-08) | Time: 42.88s
2025-03-04 00:52:16,834 - INFO - P2 (Round 1) - Epoch 8/10 | Loss: 0.4684 | Acc: 0.9144 | Val Loss: 0.4522 | Val Acc: 0.9155 | Grad Norm: 1.4407 | Noise: 53.4790 | SNR: 0.0269 | ε: 0.10 (δ=7.6e-08) | Time: 42.80s
2025-03-04 00:52:59,904 - INFO - P2 (Round 1) - Epoch 9/10 | Loss: 0.4538 | Acc: 0.9159 | Val Loss: 0.4610 | Val Acc: 0.9161 | Grad Norm: 1.4580 | Noise: 53.4790 | SNR: 0.0273 | ε: 0.10 (δ=7.6e-08) | Time: 42.95s
2025-03-04 00:53:42,862 - INFO - P2 (Round 1) - Epoch 10/10 | Loss: 0.4479 | Acc: 0.9168 | Val Loss: 0.4446 | Val Acc: 0.9175 | Grad Norm: 1.4772 | Noise: 53.4790 | SNR: 0.0276 | ε: 0.11 (δ=7.6e-08) | Time: 42.83s
2025-03-04 00:53:42,862 - INFO - P2 (Round 1) - Final Privacy Budget: ε = 0.1089 (δ=7.6e-08)
2025-03-04 00:53:42,862 - INFO - P1 privacy budget: round ε = 0.1089, cumulative ε = 0.1089
2025-03-04 00:53:42,862 - INFO - P2 privacy budget: round ε = 0.1089, cumulative ε = 0.1089
2025-03-04 00:53:44,866 - INFO - Round 1/10 completed in 863.84s
2025-03-04 00:53:44,866 - INFO - Global Model - P1 Test: Loss = 0.6424, Accuracy = 0.8981
2025-03-04 00:53:44,866 - INFO - Global Model - P2 Test: Loss = 0.6670, Accuracy = 0.8978
2025-03-04 00:53:44,866 - INFO - P1 Privacy Budget: ε = 0.11
2025-03-04 00:53:44,867 - INFO - P2 Privacy Budget: ε = 0.11
2025-03-04 00:53:44,867 - INFO - Starting Round 2/10
2025-03-04 00:53:44,868 - INFO - Training client P1 (Round 2) with noise_multiplier=2.0
2025-03-04 00:53:44,868 - INFO - P1 (Round 2) - DP setup: noise=2.0, max_grad_norm=1.0
2025-03-04 00:54:27,876 - INFO - P1 (Round 2) - Epoch 1/10 | Loss: 0.4924 | Acc: 0.9120 | Val Loss: 0.4395 | Val Acc: 0.9172 | Grad Norm: 1.5946 | Noise: 53.4790 | SNR: 0.0298 | ε: 0.04 (δ=7.6e-08) | Time: 42.96s
2025-03-04 00:55:11,287 - INFO - P1 (Round 2) - Epoch 2/10 | Loss: 0.4337 | Acc: 0.9181 | Val Loss: 0.4184 | Val Acc: 0.9197 | Grad Norm: 1.5064 | Noise: 53.4790 | SNR: 0.0282 | ε: 0.05 (δ=7.6e-08) | Time: 43.35s
2025-03-04 00:55:54,728 - INFO - P1 (Round 2) - Epoch 3/10 | Loss: 0.4299 | Acc: 0.9198 | Val Loss: 0.4131 | Val Acc: 0.9208 | Grad Norm: 1.5208 | Noise: 53.4790 | SNR: 0.0284 | ε: 0.06 (δ=7.6e-08) | Time: 43.35s
2025-03-04 00:56:37,868 - INFO - P1 (Round 2) - Epoch 4/10 | Loss: 0.4170 | Acc: 0.9221 | Val Loss: 0.4164 | Val Acc: 0.9220 | Grad Norm: 1.5045 | Noise: 53.4790 | SNR: 0.0281 | ε: 0.07 (δ=7.6e-08) | Time: 43.03s
2025-03-04 00:57:21,452 - INFO - P1 (Round 2) - Epoch 5/10 | Loss: 0.4162 | Acc: 0.9217 | Val Loss: 0.4012 | Val Acc: 0.9225 | Grad Norm: 1.5660 | Noise: 53.4790 | SNR: 0.0293 | ε: 0.08 (δ=7.6e-08) | Time: 43.50s
2025-03-04 00:58:04,883 - INFO - P1 (Round 2) - Epoch 6/10 | Loss: 0.4186 | Acc: 0.9228 | Val Loss: 0.4221 | Val Acc: 0.9236 | Grad Norm: 1.5800 | Noise: 53.4790 | SNR: 0.0295 | ε: 0.09 (δ=7.6e-08) | Time: 43.33s
2025-03-04 00:58:48,763 - INFO - P1 (Round 2) - Epoch 7/10 | Loss: 0.4111 | Acc: 0.9232 | Val Loss: 0.4054 | Val Acc: 0.9233 | Grad Norm: 1.5993 | Noise: 53.4790 | SNR: 0.0299 | ε: 0.09 (δ=7.6e-08) | Time: 43.76s
2025-03-04 00:59:32,477 - INFO - P1 (Round 2) - Epoch 8/10 | Loss: 0.4104 | Acc: 0.9239 | Val Loss: 0.4087 | Val Acc: 0.9248 | Grad Norm: 1.6433 | Noise: 53.4790 | SNR: 0.0307 | ε: 0.10 (δ=7.6e-08) | Time: 43.60s
2025-03-04 01:00:16,028 - INFO - P1 (Round 2) - Epoch 9/10 | Loss: 0.4092 | Acc: 0.9250 | Val Loss: 0.4038 | Val Acc: 0.9268 | Grad Norm: 1.6384 | Noise: 53.4790 | SNR: 0.0306 | ε: 0.10 (δ=7.6e-08) | Time: 43.43s
2025-03-04 01:00:59,933 - INFO - P1 (Round 2) - Epoch 10/10 | Loss: 0.4021 | Acc: 0.9262 | Val Loss: 0.3999 | Val Acc: 0.9277 | Grad Norm: 1.6260 | Noise: 53.4790 | SNR: 0.0304 | ε: 0.11 (δ=7.6e-08) | Time: 43.78s
2025-03-04 01:00:59,933 - INFO - P1 (Round 2) - Final Privacy Budget: ε = 0.1089 (δ=7.6e-08)
2025-03-04 01:00:59,933 - INFO - Training client P2 (Round 2) with noise_multiplier=2.0
2025-03-04 01:00:59,934 - INFO - P2 (Round 2) - DP setup: noise=2.0, max_grad_norm=1.0
2025-03-04 01:01:45,858 - INFO - P2 (Round 2) - Epoch 1/10 | Loss: 0.5060 | Acc: 0.9115 | Val Loss: 0.4417 | Val Acc: 0.9163 | Grad Norm: 1.6294 | Noise: 53.4790 | SNR: 0.0305 | ε: 0.04 (δ=7.6e-08) | Time: 45.88s
2025-03-04 01:02:28,628 - INFO - P2 (Round 2) - Epoch 2/10 | Loss: 0.4371 | Acc: 0.9184 | Val Loss: 0.4299 | Val Acc: 0.9196 | Grad Norm: 1.5176 | Noise: 53.4790 | SNR: 0.0284 | ε: 0.05 (δ=7.6e-08) | Time: 42.71s
2025-03-04 01:03:11,262 - INFO - P2 (Round 2) - Epoch 3/10 | Loss: 0.4200 | Acc: 0.9206 | Val Loss: 0.4143 | Val Acc: 0.9209 | Grad Norm: 1.5278 | Noise: 53.4790 | SNR: 0.0286 | ε: 0.06 (δ=7.6e-08) | Time: 42.56s
2025-03-04 01:03:54,159 - INFO - P2 (Round 2) - Epoch 4/10 | Loss: 0.4112 | Acc: 0.9227 | Val Loss: 0.4150 | Val Acc: 0.9227 | Grad Norm: 1.5093 | Noise: 53.4790 | SNR: 0.0282 | ε: 0.07 (δ=7.6e-08) | Time: 42.79s
2025-03-04 01:04:37,667 - INFO - P2 (Round 2) - Epoch 5/10 | Loss: 0.4137 | Acc: 0.9232 | Val Loss: 0.4087 | Val Acc: 0.9243 | Grad Norm: 1.5392 | Noise: 53.4790 | SNR: 0.0288 | ε: 0.08 (δ=7.6e-08) | Time: 43.43s
2025-03-04 01:05:20,238 - INFO - P2 (Round 2) - Epoch 6/10 | Loss: 0.4081 | Acc: 0.9251 | Val Loss: 0.4079 | Val Acc: 0.9263 | Grad Norm: 1.5187 | Noise: 53.4790 | SNR: 0.0284 | ε: 0.09 (δ=7.6e-08) | Time: 42.47s
2025-03-04 01:06:06,507 - INFO - P2 (Round 2) - Epoch 7/10 | Loss: 0.4006 | Acc: 0.9263 | Val Loss: 0.4162 | Val Acc: 0.9251 | Grad Norm: 1.5746 | Noise: 53.4790 | SNR: 0.0294 | ε: 0.09 (δ=7.6e-08) | Time: 46.14s
2025-03-04 01:06:51,432 - INFO - P2 (Round 2) - Epoch 8/10 | Loss: 0.3991 | Acc: 0.9261 | Val Loss: 0.4020 | Val Acc: 0.9271 | Grad Norm: 1.6392 | Noise: 53.4790 | SNR: 0.0307 | ε: 0.10 (δ=7.6e-08) | Time: 44.80s
2025-03-04 01:07:34,576 - INFO - P2 (Round 2) - Epoch 9/10 | Loss: 0.3975 | Acc: 0.9273 | Val Loss: 0.3934 | Val Acc: 0.9280 | Grad Norm: 1.6278 | Noise: 53.4790 | SNR: 0.0304 | ε: 0.10 (δ=7.6e-08) | Time: 43.02s
2025-03-04 01:08:17,976 - INFO - P2 (Round 2) - Epoch 10/10 | Loss: 0.3915 | Acc: 0.9282 | Val Loss: 0.3848 | Val Acc: 0.9291 | Grad Norm: 1.6347 | Noise: 53.4790 | SNR: 0.0306 | ε: 0.11 (δ=7.6e-08) | Time: 43.28s
2025-03-04 01:08:17,976 - INFO - P2 (Round 2) - Final Privacy Budget: ε = 0.1089 (δ=7.6e-08)
2025-03-04 01:08:17,977 - INFO - P1 privacy budget: round ε = 0.1089, cumulative ε = 0.2179
2025-03-04 01:08:17,977 - INFO - P2 privacy budget: round ε = 0.1089, cumulative ε = 0.2179
2025-03-04 01:08:20,054 - INFO - Round 2/10 completed in 875.19s
2025-03-04 01:08:20,054 - INFO - Global Model - P1 Test: Loss = 0.4079, Accuracy = 0.9248
2025-03-04 01:08:20,054 - INFO - Global Model - P2 Test: Loss = 0.4102, Accuracy = 0.9248
2025-03-04 01:08:20,054 - INFO - P1 Privacy Budget: ε = 0.11
2025-03-04 01:08:20,054 - INFO - P2 Privacy Budget: ε = 0.11
2025-03-04 01:08:20,054 - INFO - Starting Round 3/10
2025-03-04 01:08:20,055 - INFO - Training client P1 (Round 3) with noise_multiplier=2.0
2025-03-04 01:08:20,055 - INFO - P1 (Round 3) - DP setup: noise=2.0, max_grad_norm=1.0
2025-03-04 01:09:02,502 - INFO - P1 (Round 3) - Epoch 1/10 | Loss: 0.3930 | Acc: 0.9287 | Val Loss: 0.3935 | Val Acc: 0.9287 | Grad Norm: 1.5798 | Noise: 53.4790 | SNR: 0.0295 | ε: 0.04 (δ=7.6e-08) | Time: 42.40s
2025-03-04 01:09:45,718 - INFO - P1 (Round 3) - Epoch 2/10 | Loss: 0.3809 | Acc: 0.9293 | Val Loss: 0.3690 | Val Acc: 0.9318 | Grad Norm: 1.6193 | Noise: 53.4790 | SNR: 0.0303 | ε: 0.05 (δ=7.6e-08) | Time: 43.15s
2025-03-04 01:10:28,332 - INFO - P1 (Round 3) - Epoch 3/10 | Loss: 0.3839 | Acc: 0.9313 | Val Loss: 0.3740 | Val Acc: 0.9311 | Grad Norm: 1.6387 | Noise: 53.4790 | SNR: 0.0306 | ε: 0.06 (δ=7.6e-08) | Time: 42.52s
2025-03-04 01:11:11,512 - INFO - P1 (Round 3) - Epoch 4/10 | Loss: 0.3725 | Acc: 0.9328 | Val Loss: 0.3720 | Val Acc: 0.9328 | Grad Norm: 1.6291 | Noise: 53.4790 | SNR: 0.0305 | ε: 0.07 (δ=7.6e-08) | Time: 43.09s
2025-03-04 01:11:54,708 - INFO - P1 (Round 3) - Epoch 5/10 | Loss: 0.3647 | Acc: 0.9335 | Val Loss: 0.3593 | Val Acc: 0.9336 | Grad Norm: 1.6349 | Noise: 53.4790 | SNR: 0.0306 | ε: 0.08 (δ=7.6e-08) | Time: 43.12s
2025-03-04 01:12:38,044 - INFO - P1 (Round 3) - Epoch 6/10 | Loss: 0.3667 | Acc: 0.9337 | Val Loss: 0.3743 | Val Acc: 0.9335 | Grad Norm: 1.6478 | Noise: 53.4790 | SNR: 0.0308 | ε: 0.09 (δ=7.6e-08) | Time: 43.22s
2025-03-04 01:13:21,058 - INFO - P1 (Round 3) - Epoch 7/10 | Loss: 0.3641 | Acc: 0.9341 | Val Loss: 0.3661 | Val Acc: 0.9353 | Grad Norm: 1.6797 | Noise: 53.4790 | SNR: 0.0314 | ε: 0.09 (δ=7.6e-08) | Time: 42.90s
2025-03-04 01:14:04,384 - INFO - P1 (Round 3) - Epoch 8/10 | Loss: 0.3666 | Acc: 0.9352 | Val Loss: 0.3811 | Val Acc: 0.9358 | Grad Norm: 1.6690 | Noise: 53.4790 | SNR: 0.0312 | ε: 0.10 (δ=7.6e-08) | Time: 43.22s
2025-03-04 01:14:47,537 - INFO - P1 (Round 3) - Epoch 9/10 | Loss: 0.3761 | Acc: 0.9360 | Val Loss: 0.3831 | Val Acc: 0.9364 | Grad Norm: 1.6967 | Noise: 53.4790 | SNR: 0.0317 | ε: 0.10 (δ=7.6e-08) | Time: 43.03s
2025-03-04 01:15:30,432 - INFO - P1 (Round 3) - Epoch 10/10 | Loss: 0.3780 | Acc: 0.9367 | Val Loss: 0.3823 | Val Acc: 0.9372 | Grad Norm: 1.6885 | Noise: 53.4790 | SNR: 0.0316 | ε: 0.11 (δ=7.6e-08) | Time: 42.77s
2025-03-04 01:15:30,432 - INFO - P1 (Round 3) - Final Privacy Budget: ε = 0.1089 (δ=7.6e-08)
2025-03-04 01:15:30,432 - INFO - Training client P2 (Round 3) with noise_multiplier=2.0
2025-03-04 01:15:30,432 - INFO - P2 (Round 3) - DP setup: noise=2.0, max_grad_norm=1.0
2025-03-04 01:16:13,399 - INFO - P2 (Round 3) - Epoch 1/10 | Loss: 0.3923 | Acc: 0.9283 | Val Loss: 0.3907 | Val Acc: 0.9291 | Grad Norm: 1.6379 | Noise: 53.4790 | SNR: 0.0306 | ε: 0.04 (δ=7.6e-08) | Time: 42.92s
2025-03-04 01:16:57,669 - INFO - P2 (Round 3) - Epoch 2/10 | Loss: 0.3873 | Acc: 0.9302 | Val Loss: 0.3827 | Val Acc: 0.9317 | Grad Norm: 1.6611 | Noise: 53.4790 | SNR: 0.0311 | ε: 0.05 (δ=7.6e-08) | Time: 44.21s
2025-03-04 01:17:40,510 - INFO - P2 (Round 3) - Epoch 3/10 | Loss: 0.3831 | Acc: 0.9317 | Val Loss: 0.3830 | Val Acc: 0.9326 | Grad Norm: 1.7102 | Noise: 53.4790 | SNR: 0.0320 | ε: 0.06 (δ=7.6e-08) | Time: 42.77s
2025-03-04 01:18:23,892 - INFO - P2 (Round 3) - Epoch 4/10 | Loss: 0.3896 | Acc: 0.9331 | Val Loss: 0.3945 | Val Acc: 0.9318 | Grad Norm: 1.6782 | Noise: 53.4790 | SNR: 0.0314 | ε: 0.07 (δ=7.6e-08) | Time: 43.29s
2025-03-04 01:19:06,586 - INFO - P2 (Round 3) - Epoch 5/10 | Loss: 0.3859 | Acc: 0.9328 | Val Loss: 0.3903 | Val Acc: 0.9326 | Grad Norm: 1.6876 | Noise: 53.4790 | SNR: 0.0316 | ε: 0.08 (δ=7.6e-08) | Time: 42.61s
2025-03-04 01:19:49,473 - INFO - P2 (Round 3) - Epoch 6/10 | Loss: 0.3878 | Acc: 0.9342 | Val Loss: 0.3814 | Val Acc: 0.9351 | Grad Norm: 1.6663 | Noise: 53.4790 | SNR: 0.0312 | ε: 0.09 (δ=7.6e-08) | Time: 42.79s
2025-03-04 01:20:32,531 - INFO - P2 (Round 3) - Epoch 7/10 | Loss: 0.3748 | Acc: 0.9343 | Val Loss: 0.3836 | Val Acc: 0.9338 | Grad Norm: 1.7300 | Noise: 53.4790 | SNR: 0.0323 | ε: 0.09 (δ=7.6e-08) | Time: 42.94s
2025-03-04 01:21:15,391 - INFO - P2 (Round 3) - Epoch 8/10 | Loss: 0.3809 | Acc: 0.9345 | Val Loss: 0.3838 | Val Acc: 0.9355 | Grad Norm: 1.8025 | Noise: 53.4790 | SNR: 0.0337 | ε: 0.10 (δ=7.6e-08) | Time: 42.75s
2025-03-04 01:21:58,584 - INFO - P2 (Round 3) - Epoch 9/10 | Loss: 0.3773 | Acc: 0.9362 | Val Loss: 0.3863 | Val Acc: 0.9368 | Grad Norm: 1.7476 | Noise: 53.4790 | SNR: 0.0327 | ε: 0.10 (δ=7.6e-08) | Time: 43.07s
2025-03-04 01:22:41,884 - INFO - P2 (Round 3) - Epoch 10/10 | Loss: 0.3727 | Acc: 0.9366 | Val Loss: 0.3654 | Val Acc: 0.9370 | Grad Norm: 1.7766 | Noise: 53.4790 | SNR: 0.0332 | ε: 0.11 (δ=7.6e-08) | Time: 43.18s
2025-03-04 01:22:41,885 - INFO - P2 (Round 3) - Final Privacy Budget: ε = 0.1089 (δ=7.6e-08)
2025-03-04 01:22:41,885 - INFO - P1 privacy budget: round ε = 0.1089, cumulative ε = 0.3268
2025-03-04 01:22:41,885 - INFO - P2 privacy budget: round ε = 0.1089, cumulative ε = 0.3268
2025-03-04 01:22:43,852 - INFO - Round 3/10 completed in 863.80s
2025-03-04 01:22:43,852 - INFO - Global Model - P1 Test: Loss = 0.3833, Accuracy = 0.9377
2025-03-04 01:22:43,852 - INFO - Global Model - P2 Test: Loss = 0.3813, Accuracy = 0.9380
2025-03-04 01:22:43,852 - INFO - P1 Privacy Budget: ε = 0.11
2025-03-04 01:22:43,852 - INFO - P2 Privacy Budget: ε = 0.11
2025-03-04 01:22:43,852 - INFO - Starting Round 4/10
2025-03-04 01:22:43,852 - INFO - Training client P1 (Round 4) with noise_multiplier=2.0
2025-03-04 01:22:43,853 - INFO - P1 (Round 4) - DP setup: noise=2.0, max_grad_norm=1.0
2025-03-04 01:23:27,341 - INFO - P1 (Round 4) - Epoch 1/10 | Loss: 0.3740 | Acc: 0.9375 | Val Loss: 0.3813 | Val Acc: 0.9363 | Grad Norm: 1.6913 | Noise: 53.4790 | SNR: 0.0316 | ε: 0.04 (δ=7.6e-08) | Time: 43.43s
2025-03-04 01:24:10,890 - INFO - P1 (Round 4) - Epoch 2/10 | Loss: 0.3658 | Acc: 0.9371 | Val Loss: 0.3596 | Val Acc: 0.9380 | Grad Norm: 1.7276 | Noise: 53.4790 | SNR: 0.0323 | ε: 0.05 (δ=7.6e-08) | Time: 43.48s
2025-03-04 01:24:53,768 - INFO - P1 (Round 4) - Epoch 3/10 | Loss: 0.3718 | Acc: 0.9383 | Val Loss: 0.3685 | Val Acc: 0.9377 | Grad Norm: 1.7589 | Noise: 53.4790 | SNR: 0.0329 | ε: 0.06 (δ=7.6e-08) | Time: 42.81s
2025-03-04 01:25:37,214 - INFO - P1 (Round 4) - Epoch 4/10 | Loss: 0.3637 | Acc: 0.9381 | Val Loss: 0.3670 | Val Acc: 0.9373 | Grad Norm: 1.7599 | Noise: 53.4790 | SNR: 0.0329 | ε: 0.07 (δ=7.6e-08) | Time: 43.36s
2025-03-04 01:26:20,469 - INFO - P1 (Round 4) - Epoch 5/10 | Loss: 0.3640 | Acc: 0.9379 | Val Loss: 0.3577 | Val Acc: 0.9380 | Grad Norm: 1.8087 | Noise: 53.4790 | SNR: 0.0338 | ε: 0.08 (δ=7.6e-08) | Time: 43.18s
2025-03-04 01:27:03,070 - INFO - P1 (Round 4) - Epoch 6/10 | Loss: 0.3637 | Acc: 0.9382 | Val Loss: 0.3675 | Val Acc: 0.9385 | Grad Norm: 1.8195 | Noise: 53.4790 | SNR: 0.0340 | ε: 0.09 (δ=7.6e-08) | Time: 42.50s
2025-03-04 01:27:46,315 - INFO - P1 (Round 4) - Epoch 7/10 | Loss: 0.3660 | Acc: 0.9384 | Val Loss: 0.3711 | Val Acc: 0.9382 | Grad Norm: 1.8251 | Noise: 53.4790 | SNR: 0.0341 | ε: 0.09 (δ=7.6e-08) | Time: 43.13s
2025-03-04 01:28:28,976 - INFO - P1 (Round 4) - Epoch 8/10 | Loss: 0.3690 | Acc: 0.9391 | Val Loss: 0.3795 | Val Acc: 0.9398 | Grad Norm: 1.8347 | Noise: 53.4790 | SNR: 0.0343 | ε: 0.10 (δ=7.6e-08) | Time: 42.55s
2025-03-04 01:29:12,488 - INFO - P1 (Round 4) - Epoch 9/10 | Loss: 0.3778 | Acc: 0.9403 | Val Loss: 0.3874 | Val Acc: 0.9402 | Grad Norm: 1.8611 | Noise: 53.4790 | SNR: 0.0348 | ε: 0.10 (δ=7.6e-08) | Time: 43.37s
2025-03-04 01:29:56,430 - INFO - P1 (Round 4) - Epoch 10/10 | Loss: 0.3811 | Acc: 0.9404 | Val Loss: 0.3920 | Val Acc: 0.9407 | Grad Norm: 1.8830 | Noise: 53.4790 | SNR: 0.0352 | ε: 0.11 (δ=7.6e-08) | Time: 43.79s
2025-03-04 01:29:56,430 - INFO - P1 (Round 4) - Final Privacy Budget: ε = 0.1089 (δ=7.6e-08)
2025-03-04 01:29:56,431 - INFO - Training client P2 (Round 4) with noise_multiplier=2.0
2025-03-04 01:29:56,431 - INFO - P2 (Round 4) - DP setup: noise=2.0, max_grad_norm=1.0
2025-03-04 01:30:38,939 - INFO - P2 (Round 4) - Epoch 1/10 | Loss: 0.3748 | Acc: 0.9371 | Val Loss: 0.3764 | Val Acc: 0.9367 | Grad Norm: 1.7315 | Noise: 53.4790 | SNR: 0.0324 | ε: 0.04 (δ=7.6e-08) | Time: 42.46s
2025-03-04 01:31:21,544 - INFO - P2 (Round 4) - Epoch 2/10 | Loss: 0.3809 | Acc: 0.9376 | Val Loss: 0.3762 | Val Acc: 0.9384 | Grad Norm: 1.7824 | Noise: 53.4790 | SNR: 0.0333 | ε: 0.05 (δ=7.6e-08) | Time: 42.54s
2025-03-04 01:32:04,754 - INFO - P2 (Round 4) - Epoch 3/10 | Loss: 0.3831 | Acc: 0.9380 | Val Loss: 0.3863 | Val Acc: 0.9378 | Grad Norm: 1.8289 | Noise: 53.4790 | SNR: 0.0342 | ε: 0.06 (δ=7.6e-08) | Time: 43.14s
2025-03-04 01:32:47,602 - INFO - P2 (Round 4) - Epoch 4/10 | Loss: 0.3826 | Acc: 0.9380 | Val Loss: 0.3885 | Val Acc: 0.9384 | Grad Norm: 1.8126 | Noise: 53.4790 | SNR: 0.0339 | ε: 0.07 (δ=7.6e-08) | Time: 42.76s
2025-03-04 01:33:30,607 - INFO - P2 (Round 4) - Epoch 5/10 | Loss: 0.3882 | Acc: 0.9382 | Val Loss: 0.3878 | Val Acc: 0.9395 | Grad Norm: 1.8352 | Noise: 53.4790 | SNR: 0.0343 | ε: 0.08 (δ=7.6e-08) | Time: 42.92s
2025-03-04 01:34:13,941 - INFO - P2 (Round 4) - Epoch 6/10 | Loss: 0.3884 | Acc: 0.9387 | Val Loss: 0.3822 | Val Acc: 0.9402 | Grad Norm: 1.8129 | Noise: 53.4790 | SNR: 0.0339 | ε: 0.09 (δ=7.6e-08) | Time: 43.23s
2025-03-04 01:34:57,798 - INFO - P2 (Round 4) - Epoch 7/10 | Loss: 0.3800 | Acc: 0.9389 | Val Loss: 0.3830 | Val Acc: 0.9381 | Grad Norm: 1.8798 | Noise: 53.4790 | SNR: 0.0351 | ε: 0.09 (δ=7.6e-08) | Time: 43.74s
2025-03-04 01:35:41,361 - INFO - P2 (Round 4) - Epoch 8/10 | Loss: 0.3820 | Acc: 0.9393 | Val Loss: 0.3867 | Val Acc: 0.9394 | Grad Norm: 1.8988 | Noise: 53.4790 | SNR: 0.0355 | ε: 0.10 (δ=7.6e-08) | Time: 43.45s
2025-03-04 01:36:24,364 - INFO - P2 (Round 4) - Epoch 9/10 | Loss: 0.3809 | Acc: 0.9407 | Val Loss: 0.3966 | Val Acc: 0.9403 | Grad Norm: 1.8810 | Noise: 53.4790 | SNR: 0.0352 | ε: 0.10 (δ=7.6e-08) | Time: 42.88s
2025-03-04 01:37:07,129 - INFO - P2 (Round 4) - Epoch 10/10 | Loss: 0.3819 | Acc: 0.9407 | Val Loss: 0.3771 | Val Acc: 0.9408 | Grad Norm: 1.9182 | Noise: 53.4790 | SNR: 0.0359 | ε: 0.11 (δ=7.6e-08) | Time: 42.64s
2025-03-04 01:37:07,129 - INFO - P2 (Round 4) - Final Privacy Budget: ε = 0.1089 (δ=7.6e-08)
2025-03-04 01:37:07,129 - INFO - P1 privacy budget: round ε = 0.1089, cumulative ε = 0.4358
2025-03-04 01:37:07,129 - INFO - P2 privacy budget: round ε = 0.1089, cumulative ε = 0.4358
2025-03-04 01:37:09,127 - INFO - Round 4/10 completed in 865.28s
2025-03-04 01:37:09,127 - INFO - Global Model - P1 Test: Loss = 0.3895, Accuracy = 0.9411
2025-03-04 01:37:09,127 - INFO - Global Model - P2 Test: Loss = 0.3860, Accuracy = 0.9415
2025-03-04 01:37:09,127 - INFO - P1 Privacy Budget: ε = 0.11
2025-03-04 01:37:09,127 - INFO - P2 Privacy Budget: ε = 0.11
2025-03-04 01:37:09,128 - INFO - Starting Round 5/10
2025-03-04 01:37:09,128 - INFO - Training client P1 (Round 5) with noise_multiplier=2.0
2025-03-04 01:37:09,128 - INFO - P1 (Round 5) - DP setup: noise=2.0, max_grad_norm=1.0
2025-03-04 01:37:51,752 - INFO - P1 (Round 5) - Epoch 1/10 | Loss: 0.3831 | Acc: 0.9410 | Val Loss: 0.4004 | Val Acc: 0.9402 | Grad Norm: 1.8696 | Noise: 53.4790 | SNR: 0.0350 | ε: 0.04 (δ=7.6e-08) | Time: 42.57s
2025-03-04 01:38:34,715 - INFO - P1 (Round 5) - Epoch 2/10 | Loss: 0.3788 | Acc: 0.9409 | Val Loss: 0.3741 | Val Acc: 0.9416 | Grad Norm: 1.9126 | Noise: 53.4790 | SNR: 0.0358 | ε: 0.05 (δ=7.6e-08) | Time: 42.90s
2025-03-04 01:39:17,317 - INFO - P1 (Round 5) - Epoch 3/10 | Loss: 0.3832 | Acc: 0.9410 | Val Loss: 0.3815 | Val Acc: 0.9408 | Grad Norm: 1.9707 | Noise: 53.4790 | SNR: 0.0369 | ε: 0.06 (δ=7.6e-08) | Time: 42.53s
2025-03-04 01:40:00,381 - INFO - P1 (Round 5) - Epoch 4/10 | Loss: 0.3726 | Acc: 0.9418 | Val Loss: 0.3791 | Val Acc: 0.9408 | Grad Norm: 1.9363 | Noise: 53.4790 | SNR: 0.0362 | ε: 0.07 (δ=7.6e-08) | Time: 42.97s
2025-03-04 01:40:42,985 - INFO - P1 (Round 5) - Epoch 5/10 | Loss: 0.3725 | Acc: 0.9410 | Val Loss: 0.3757 | Val Acc: 0.9408 | Grad Norm: 1.9441 | Noise: 53.4790 | SNR: 0.0364 | ε: 0.08 (δ=7.6e-08) | Time: 42.52s
2025-03-04 01:41:25,843 - INFO - P1 (Round 5) - Epoch 6/10 | Loss: 0.3779 | Acc: 0.9406 | Val Loss: 0.3763 | Val Acc: 0.9401 | Grad Norm: 1.9885 | Noise: 53.4790 | SNR: 0.0372 | ε: 0.09 (δ=7.6e-08) | Time: 42.76s
2025-03-04 01:42:08,997 - INFO - P1 (Round 5) - Epoch 7/10 | Loss: 0.3711 | Acc: 0.9414 | Val Loss: 0.3754 | Val Acc: 0.9411 | Grad Norm: 1.9759 | Noise: 53.4790 | SNR: 0.0369 | ε: 0.09 (δ=7.6e-08) | Time: 43.05s
2025-03-04 01:42:51,843 - INFO - P1 (Round 5) - Epoch 8/10 | Loss: 0.3827 | Acc: 0.9414 | Val Loss: 0.3897 | Val Acc: 0.9423 | Grad Norm: 2.0029 | Noise: 53.4790 | SNR: 0.0375 | ε: 0.10 (δ=7.6e-08) | Time: 42.72s
2025-03-04 01:43:34,916 - INFO - P1 (Round 5) - Epoch 9/10 | Loss: 0.3916 | Acc: 0.9424 | Val Loss: 0.4058 | Val Acc: 0.9416 | Grad Norm: 2.0057 | Noise: 53.4790 | SNR: 0.0375 | ε: 0.10 (δ=7.6e-08) | Time: 42.95s
2025-03-04 01:44:18,092 - INFO - P1 (Round 5) - Epoch 10/10 | Loss: 0.3949 | Acc: 0.9422 | Val Loss: 0.4040 | Val Acc: 0.9430 | Grad Norm: 2.0691 | Noise: 53.4790 | SNR: 0.0387 | ε: 0.11 (δ=7.6e-08) | Time: 43.05s
2025-03-04 01:44:18,093 - INFO - P1 (Round 5) - Final Privacy Budget: ε = 0.1089 (δ=7.6e-08)
2025-03-04 01:44:18,093 - INFO - Training client P2 (Round 5) with noise_multiplier=2.0
2025-03-04 01:44:18,093 - INFO - P2 (Round 5) - DP setup: noise=2.0, max_grad_norm=1.0
2025-03-04 01:45:02,601 - INFO - P2 (Round 5) - Epoch 1/10 | Loss: 0.3827 | Acc: 0.9417 | Val Loss: 0.3805 | Val Acc: 0.9412 | Grad Norm: 1.8930 | Noise: 53.4790 | SNR: 0.0354 | ε: 0.04 (δ=7.6e-08) | Time: 44.46s
2025-03-04 01:45:45,836 - INFO - P2 (Round 5) - Epoch 2/10 | Loss: 0.3879 | Acc: 0.9415 | Val Loss: 0.3898 | Val Acc: 0.9413 | Grad Norm: 1.9355 | Noise: 53.4790 | SNR: 0.0362 | ε: 0.05 (δ=7.6e-08) | Time: 43.17s
2025-03-04 01:46:28,682 - INFO - P2 (Round 5) - Epoch 3/10 | Loss: 0.3918 | Acc: 0.9415 | Val Loss: 0.4008 | Val Acc: 0.9415 | Grad Norm: 1.9944 | Noise: 53.4790 | SNR: 0.0373 | ε: 0.06 (δ=7.6e-08) | Time: 42.77s
2025-03-04 01:47:11,581 - INFO - P2 (Round 5) - Epoch 4/10 | Loss: 0.4008 | Acc: 0.9416 | Val Loss: 0.3939 | Val Acc: 0.9422 | Grad Norm: 1.9831 | Noise: 53.4790 | SNR: 0.0371 | ε: 0.07 (δ=7.6e-08) | Time: 42.81s
2025-03-04 01:47:54,538 - INFO - P2 (Round 5) - Epoch 5/10 | Loss: 0.4045 | Acc: 0.9414 | Val Loss: 0.4098 | Val Acc: 0.9411 | Grad Norm: 1.9971 | Noise: 53.4790 | SNR: 0.0373 | ε: 0.08 (δ=7.6e-08) | Time: 42.88s
2025-03-04 01:48:37,391 - INFO - P2 (Round 5) - Epoch 6/10 | Loss: 0.4021 | Acc: 0.9414 | Val Loss: 0.4030 | Val Acc: 0.9424 | Grad Norm: 1.9840 | Noise: 53.4790 | SNR: 0.0371 | ε: 0.09 (δ=7.6e-08) | Time: 42.75s
2025-03-04 01:49:21,121 - INFO - P2 (Round 5) - Epoch 7/10 | Loss: 0.3935 | Acc: 0.9423 | Val Loss: 0.4052 | Val Acc: 0.9412 | Grad Norm: 2.0282 | Noise: 53.4790 | SNR: 0.0379 | ε: 0.09 (δ=7.6e-08) | Time: 43.61s
2025-03-04 01:50:04,396 - INFO - P2 (Round 5) - Epoch 8/10 | Loss: 0.3989 | Acc: 0.9423 | Val Loss: 0.4069 | Val Acc: 0.9424 | Grad Norm: 2.0706 | Noise: 53.4790 | SNR: 0.0387 | ε: 0.10 (δ=7.6e-08) | Time: 43.16s
2025-03-04 01:50:48,385 - INFO - P2 (Round 5) - Epoch 9/10 | Loss: 0.4014 | Acc: 0.9432 | Val Loss: 0.4060 | Val Acc: 0.9430 | Grad Norm: 2.0366 | Noise: 53.4790 | SNR: 0.0381 | ε: 0.10 (δ=7.6e-08) | Time: 43.87s
2025-03-04 01:51:31,814 - INFO - P2 (Round 5) - Epoch 10/10 | Loss: 0.4027 | Acc: 0.9432 | Val Loss: 0.3927 | Val Acc: 0.9432 | Grad Norm: 2.0730 | Noise: 53.4790 | SNR: 0.0388 | ε: 0.11 (δ=7.6e-08) | Time: 43.31s
2025-03-04 01:51:31,815 - INFO - P2 (Round 5) - Final Privacy Budget: ε = 0.1089 (δ=7.6e-08)
2025-03-04 01:51:31,816 - INFO - P1 privacy budget: round ε = 0.1089, cumulative ε = 0.5447
2025-03-04 01:51:31,816 - INFO - P2 privacy budget: round ε = 0.1089, cumulative ε = 0.5447
2025-03-04 01:51:33,736 - INFO - Round 5/10 completed in 864.61s
2025-03-04 01:51:33,736 - INFO - Global Model - P1 Test: Loss = 0.4039, Accuracy = 0.9437
2025-03-04 01:51:33,736 - INFO - Global Model - P2 Test: Loss = 0.3993, Accuracy = 0.9440
2025-03-04 01:51:33,736 - INFO - P1 Privacy Budget: ε = 0.11
2025-03-04 01:51:33,736 - INFO - P2 Privacy Budget: ε = 0.11
2025-03-04 01:51:33,737 - INFO - Starting Round 6/10
2025-03-04 01:51:33,737 - INFO - Training client P1 (Round 6) with noise_multiplier=2.0
2025-03-04 01:51:33,738 - INFO - P1 (Round 6) - DP setup: noise=2.0, max_grad_norm=1.0
2025-03-04 01:52:16,790 - INFO - P1 (Round 6) - Epoch 1/10 | Loss: 0.4027 | Acc: 0.9428 | Val Loss: 0.4117 | Val Acc: 0.9411 | Grad Norm: 2.0586 | Noise: 53.4790 | SNR: 0.0385 | ε: 0.04 (δ=7.6e-08) | Time: 43.01s
2025-03-04 01:52:59,718 - INFO - P1 (Round 6) - Epoch 2/10 | Loss: 0.3993 | Acc: 0.9427 | Val Loss: 0.3935 | Val Acc: 0.9429 | Grad Norm: 2.0987 | Noise: 53.4790 | SNR: 0.0392 | ε: 0.05 (δ=7.6e-08) | Time: 42.86s
2025-03-04 01:53:43,551 - INFO - P1 (Round 6) - Epoch 3/10 | Loss: 0.3939 | Acc: 0.9429 | Val Loss: 0.3931 | Val Acc: 0.9426 | Grad Norm: 2.1616 | Noise: 53.4790 | SNR: 0.0404 | ε: 0.06 (δ=7.6e-08) | Time: 43.76s
2025-03-04 01:54:26,250 - INFO - P1 (Round 6) - Epoch 4/10 | Loss: 0.3841 | Acc: 0.9429 | Val Loss: 0.3852 | Val Acc: 0.9427 | Grad Norm: 2.1375 | Noise: 53.4790 | SNR: 0.0400 | ε: 0.07 (δ=7.6e-08) | Time: 42.61s
2025-03-04 01:55:09,306 - INFO - P1 (Round 6) - Epoch 5/10 | Loss: 0.3828 | Acc: 0.9432 | Val Loss: 0.3922 | Val Acc: 0.9427 | Grad Norm: 2.1478 | Noise: 53.4790 | SNR: 0.0402 | ε: 0.08 (δ=7.6e-08) | Time: 42.98s
2025-03-04 01:55:53,160 - INFO - P1 (Round 6) - Epoch 6/10 | Loss: 0.3893 | Acc: 0.9423 | Val Loss: 0.3875 | Val Acc: 0.9415 | Grad Norm: 2.1740 | Noise: 53.4790 | SNR: 0.0407 | ε: 0.09 (δ=7.6e-08) | Time: 43.75s
2025-03-04 01:56:36,767 - INFO - P1 (Round 6) - Epoch 7/10 | Loss: 0.3871 | Acc: 0.9428 | Val Loss: 0.3927 | Val Acc: 0.9426 | Grad Norm: 2.1662 | Noise: 53.4790 | SNR: 0.0405 | ε: 0.09 (δ=7.6e-08) | Time: 43.49s
2025-03-04 01:57:19,163 - INFO - P1 (Round 6) - Epoch 8/10 | Loss: 0.3947 | Acc: 0.9431 | Val Loss: 0.4099 | Val Acc: 0.9431 | Grad Norm: 2.1951 | Noise: 53.4790 | SNR: 0.0410 | ε: 0.10 (δ=7.6e-08) | Time: 42.29s
2025-03-04 01:58:02,738 - INFO - P1 (Round 6) - Epoch 9/10 | Loss: 0.4077 | Acc: 0.9433 | Val Loss: 0.4134 | Val Acc: 0.9436 | Grad Norm: 2.1970 | Noise: 53.4790 | SNR: 0.0411 | ε: 0.10 (δ=7.6e-08) | Time: 43.45s
2025-03-04 01:58:47,310 - INFO - P1 (Round 6) - Epoch 10/10 | Loss: 0.4107 | Acc: 0.9432 | Val Loss: 0.4211 | Val Acc: 0.9436 | Grad Norm: 2.2761 | Noise: 53.4790 | SNR: 0.0426 | ε: 0.11 (δ=7.6e-08) | Time: 44.45s
2025-03-04 01:58:47,311 - INFO - P1 (Round 6) - Final Privacy Budget: ε = 0.1089 (δ=7.6e-08)
2025-03-04 01:58:47,312 - INFO - Training client P2 (Round 6) with noise_multiplier=2.0
2025-03-04 01:58:47,312 - INFO - P2 (Round 6) - DP setup: noise=2.0, max_grad_norm=1.0
2025-03-04 01:59:30,262 - INFO - P2 (Round 6) - Epoch 1/10 | Loss: 0.4002 | Acc: 0.9433 | Val Loss: 0.4019 | Val Acc: 0.9420 | Grad Norm: 2.0884 | Noise: 53.4790 | SNR: 0.0391 | ε: 0.04 (δ=7.6e-08) | Time: 42.90s
2025-03-04 02:00:13,097 - INFO - P2 (Round 6) - Epoch 2/10 | Loss: 0.4170 | Acc: 0.9429 | Val Loss: 0.4028 | Val Acc: 0.9428 | Grad Norm: 2.1542 | Noise: 53.4790 | SNR: 0.0403 | ε: 0.05 (δ=7.6e-08) | Time: 42.77s
2025-03-04 02:00:56,353 - INFO - P2 (Round 6) - Epoch 3/10 | Loss: 0.4100 | Acc: 0.9430 | Val Loss: 0.4127 | Val Acc: 0.9427 | Grad Norm: 2.1670 | Noise: 53.4790 | SNR: 0.0405 | ε: 0.06 (δ=7.6e-08) | Time: 43.18s
2025-03-04 02:01:41,821 - INFO - P2 (Round 6) - Epoch 4/10 | Loss: 0.4216 | Acc: 0.9428 | Val Loss: 0.4103 | Val Acc: 0.9434 | Grad Norm: 2.1548 | Noise: 53.4790 | SNR: 0.0403 | ε: 0.07 (δ=7.6e-08) | Time: 45.36s
2025-03-04 02:02:25,582 - INFO - P2 (Round 6) - Epoch 5/10 | Loss: 0.4159 | Acc: 0.9427 | Val Loss: 0.4240 | Val Acc: 0.9422 | Grad Norm: 2.1760 | Noise: 53.4790 | SNR: 0.0407 | ε: 0.08 (δ=7.6e-08) | Time: 43.68s
2025-03-04 02:03:08,576 - INFO - P2 (Round 6) - Epoch 6/10 | Loss: 0.4150 | Acc: 0.9429 | Val Loss: 0.4110 | Val Acc: 0.9430 | Grad Norm: 2.1838 | Noise: 53.4790 | SNR: 0.0408 | ε: 0.09 (δ=7.6e-08) | Time: 42.89s
2025-03-04 02:03:51,487 - INFO - P2 (Round 6) - Epoch 7/10 | Loss: 0.4125 | Acc: 0.9432 | Val Loss: 0.4167 | Val Acc: 0.9425 | Grad Norm: 2.2078 | Noise: 53.4790 | SNR: 0.0413 | ε: 0.09 (δ=7.6e-08) | Time: 42.80s
2025-03-04 02:04:34,436 - INFO - P2 (Round 6) - Epoch 8/10 | Loss: 0.4173 | Acc: 0.9437 | Val Loss: 0.4225 | Val Acc: 0.9431 | Grad Norm: 2.2357 | Noise: 53.4790 | SNR: 0.0418 | ε: 0.10 (δ=7.6e-08) | Time: 42.82s
2025-03-04 02:05:18,529 - INFO - P2 (Round 6) - Epoch 9/10 | Loss: 0.4168 | Acc: 0.9439 | Val Loss: 0.4346 | Val Acc: 0.9426 | Grad Norm: 2.2341 | Noise: 53.4790 | SNR: 0.0418 | ε: 0.10 (δ=7.6e-08) | Time: 43.97s
2025-03-04 02:06:02,883 - INFO - P2 (Round 6) - Epoch 10/10 | Loss: 0.4189 | Acc: 0.9438 | Val Loss: 0.4091 | Val Acc: 0.9433 | Grad Norm: 2.2477 | Noise: 53.4790 | SNR: 0.0420 | ε: 0.11 (δ=7.6e-08) | Time: 44.23s
2025-03-04 02:06:02,884 - INFO - P2 (Round 6) - Final Privacy Budget: ε = 0.1089 (δ=7.6e-08)
2025-03-04 02:06:02,884 - INFO - P1 privacy budget: round ε = 0.1089, cumulative ε = 0.6537
2025-03-04 02:06:02,884 - INFO - P2 privacy budget: round ε = 0.1089, cumulative ε = 0.6537
2025-03-04 02:06:05,010 - INFO - Round 6/10 completed in 871.27s
2025-03-04 02:06:05,010 - INFO - Global Model - P1 Test: Loss = 0.4193, Accuracy = 0.9440
2025-03-04 02:06:05,010 - INFO - Global Model - P2 Test: Loss = 0.4146, Accuracy = 0.9441
2025-03-04 02:06:05,011 - INFO - P1 Privacy Budget: ε = 0.11
2025-03-04 02:06:05,011 - INFO - P2 Privacy Budget: ε = 0.11
2025-03-04 02:06:05,011 - INFO - Starting Round 7/10
2025-03-04 02:06:05,012 - INFO - Training client P1 (Round 7) with noise_multiplier=2.0
2025-03-04 02:06:05,012 - INFO - P1 (Round 7) - DP setup: noise=2.0, max_grad_norm=1.0
2025-03-04 02:06:48,152 - INFO - P1 (Round 7) - Epoch 1/10 | Loss: 0.4168 | Acc: 0.9433 | Val Loss: 0.4325 | Val Acc: 0.9422 | Grad Norm: 2.2900 | Noise: 53.4790 | SNR: 0.0428 | ε: 0.04 (δ=7.6e-08) | Time: 43.09s
2025-03-04 02:07:30,935 - INFO - P1 (Round 7) - Epoch 2/10 | Loss: 0.4164 | Acc: 0.9430 | Val Loss: 0.4122 | Val Acc: 0.9442 | Grad Norm: 2.3148 | Noise: 53.4790 | SNR: 0.0433 | ε: 0.05 (δ=7.6e-08) | Time: 42.72s
2025-03-04 02:08:14,119 - INFO - P1 (Round 7) - Epoch 3/10 | Loss: 0.4222 | Acc: 0.9432 | Val Loss: 0.4136 | Val Acc: 0.9435 | Grad Norm: 2.4122 | Noise: 53.4790 | SNR: 0.0451 | ε: 0.06 (δ=7.6e-08) | Time: 43.11s
2025-03-04 02:08:56,895 - INFO - P1 (Round 7) - Epoch 4/10 | Loss: 0.4046 | Acc: 0.9436 | Val Loss: 0.3979 | Val Acc: 0.9433 | Grad Norm: 2.3639 | Noise: 53.4790 | SNR: 0.0442 | ε: 0.07 (δ=7.6e-08) | Time: 42.69s
2025-03-04 02:09:39,869 - INFO - P1 (Round 7) - Epoch 5/10 | Loss: 0.4024 | Acc: 0.9434 | Val Loss: 0.4027 | Val Acc: 0.9435 | Grad Norm: 2.3504 | Noise: 53.4790 | SNR: 0.0439 | ε: 0.08 (δ=7.6e-08) | Time: 42.88s
2025-03-04 02:10:27,015 - INFO - P1 (Round 7) - Epoch 6/10 | Loss: 0.4118 | Acc: 0.9428 | Val Loss: 0.4049 | Val Acc: 0.9424 | Grad Norm: 2.4122 | Noise: 53.4790 | SNR: 0.0451 | ε: 0.09 (δ=7.6e-08) | Time: 47.05s
2025-03-04 02:11:10,591 - INFO - P1 (Round 7) - Epoch 7/10 | Loss: 0.4035 | Acc: 0.9436 | Val Loss: 0.4107 | Val Acc: 0.9434 | Grad Norm: 2.3786 | Noise: 53.4790 | SNR: 0.0445 | ε: 0.09 (δ=7.6e-08) | Time: 43.46s
2025-03-04 02:11:53,795 - INFO - P1 (Round 7) - Epoch 8/10 | Loss: 0.4109 | Acc: 0.9437 | Val Loss: 0.4257 | Val Acc: 0.9442 | Grad Norm: 2.4230 | Noise: 53.4790 | SNR: 0.0453 | ε: 0.10 (δ=7.6e-08) | Time: 43.09s
2025-03-04 02:12:36,775 - INFO - P1 (Round 7) - Epoch 9/10 | Loss: 0.4223 | Acc: 0.9441 | Val Loss: 0.4296 | Val Acc: 0.9442 | Grad Norm: 2.4217 | Noise: 53.4790 | SNR: 0.0453 | ε: 0.10 (δ=7.6e-08) | Time: 42.86s
2025-03-04 02:13:19,636 - INFO - P1 (Round 7) - Epoch 10/10 | Loss: 0.4285 | Acc: 0.9442 | Val Loss: 0.4354 | Val Acc: 0.9437 | Grad Norm: 2.4996 | Noise: 53.4790 | SNR: 0.0467 | ε: 0.11 (δ=7.6e-08) | Time: 42.74s
2025-03-04 02:13:19,637 - INFO - P1 (Round 7) - Final Privacy Budget: ε = 0.1089 (δ=7.6e-08)
2025-03-04 02:13:19,637 - INFO - Training client P2 (Round 7) with noise_multiplier=2.0
2025-03-04 02:13:19,638 - INFO - P2 (Round 7) - DP setup: noise=2.0, max_grad_norm=1.0
2025-03-04 02:14:06,983 - INFO - P2 (Round 7) - Epoch 1/10 | Loss: 0.4165 | Acc: 0.9441 | Val Loss: 0.4148 | Val Acc: 0.9435 | Grad Norm: 2.2577 | Noise: 53.4790 | SNR: 0.0422 | ε: 0.04 (δ=7.6e-08) | Time: 47.30s
2025-03-04 02:14:56,903 - INFO - P2 (Round 7) - Epoch 2/10 | Loss: 0.4196 | Acc: 0.9436 | Val Loss: 0.4244 | Val Acc: 0.9423 | Grad Norm: 2.3150 | Noise: 53.4790 | SNR: 0.0433 | ε: 0.05 (δ=7.6e-08) | Time: 49.86s
2025-03-04 02:15:49,038 - INFO - P2 (Round 7) - Epoch 3/10 | Loss: 0.4382 | Acc: 0.9437 | Val Loss: 0.4311 | Val Acc: 0.9432 | Grad Norm: 2.4253 | Noise: 53.4790 | SNR: 0.0454 | ε: 0.06 (δ=7.6e-08) | Time: 52.05s
2025-03-04 02:16:32,288 - INFO - P2 (Round 7) - Epoch 4/10 | Loss: 0.4428 | Acc: 0.9431 | Val Loss: 0.4251 | Val Acc: 0.9441 | Grad Norm: 2.3771 | Noise: 53.4790 | SNR: 0.0444 | ε: 0.07 (δ=7.6e-08) | Time: 43.16s
2025-03-04 02:17:18,331 - INFO - P2 (Round 7) - Epoch 5/10 | Loss: 0.4318 | Acc: 0.9433 | Val Loss: 0.4353 | Val Acc: 0.9427 | Grad Norm: 2.3686 | Noise: 53.4790 | SNR: 0.0443 | ε: 0.08 (δ=7.6e-08) | Time: 45.95s
2025-03-04 02:18:03,568 - INFO - P2 (Round 7) - Epoch 6/10 | Loss: 0.4337 | Acc: 0.9434 | Val Loss: 0.4397 | Val Acc: 0.9426 | Grad Norm: 2.3674 | Noise: 53.4790 | SNR: 0.0443 | ε: 0.09 (δ=7.6e-08) | Time: 45.13s
2025-03-04 02:18:53,913 - INFO - P2 (Round 7) - Epoch 7/10 | Loss: 0.4300 | Acc: 0.9441 | Val Loss: 0.4304 | Val Acc: 0.9432 | Grad Norm: 2.3711 | Noise: 53.4790 | SNR: 0.0443 | ε: 0.09 (δ=7.6e-08) | Time: 50.23s
2025-03-04 02:19:38,159 - INFO - P2 (Round 7) - Epoch 8/10 | Loss: 0.4417 | Acc: 0.9440 | Val Loss: 0.4402 | Val Acc: 0.9437 | Grad Norm: 2.4343 | Noise: 53.4790 | SNR: 0.0455 | ε: 0.10 (δ=7.6e-08) | Time: 44.13s
2025-03-04 02:20:21,200 - INFO - P2 (Round 7) - Epoch 9/10 | Loss: 0.4445 | Acc: 0.9443 | Val Loss: 0.4513 | Val Acc: 0.9432 | Grad Norm: 2.4104 | Noise: 53.4790 | SNR: 0.0451 | ε: 0.10 (δ=7.6e-08) | Time: 42.91s
2025-03-04 02:21:03,941 - INFO - P2 (Round 7) - Epoch 10/10 | Loss: 0.4432 | Acc: 0.9443 | Val Loss: 0.4351 | Val Acc: 0.9439 | Grad Norm: 2.4495 | Noise: 53.4790 | SNR: 0.0458 | ε: 0.11 (δ=7.6e-08) | Time: 42.61s
2025-03-04 02:21:03,942 - INFO - P2 (Round 7) - Final Privacy Budget: ε = 0.1089 (δ=7.6e-08)
2025-03-04 02:21:03,942 - INFO - P1 privacy budget: round ε = 0.1089, cumulative ε = 0.7626
2025-03-04 02:21:03,942 - INFO - P2 privacy budget: round ε = 0.1089, cumulative ε = 0.7626
2025-03-04 02:21:05,928 - INFO - Round 7/10 completed in 900.92s
2025-03-04 02:21:05,928 - INFO - Global Model - P1 Test: Loss = 0.4327, Accuracy = 0.9453
2025-03-04 02:21:05,928 - INFO - Global Model - P2 Test: Loss = 0.4287, Accuracy = 0.9452
2025-03-04 02:21:05,928 - INFO - P1 Privacy Budget: ε = 0.11
2025-03-04 02:21:05,928 - INFO - P2 Privacy Budget: ε = 0.11
2025-03-04 02:21:05,928 - INFO - Starting Round 8/10
2025-03-04 02:21:05,930 - INFO - Training client P1 (Round 8) with noise_multiplier=2.0
2025-03-04 02:21:05,930 - INFO - P1 (Round 8) - DP setup: noise=2.0, max_grad_norm=1.0
2025-03-04 02:21:49,411 - INFO - P1 (Round 8) - Epoch 1/10 | Loss: 0.4324 | Acc: 0.9444 | Val Loss: 0.4454 | Val Acc: 0.9432 | Grad Norm: 2.5095 | Noise: 53.4790 | SNR: 0.0469 | ε: 0.04 (δ=7.6e-08) | Time: 43.43s
2025-03-04 02:22:33,212 - INFO - P1 (Round 8) - Epoch 2/10 | Loss: 0.4306 | Acc: 0.9443 | Val Loss: 0.4243 | Val Acc: 0.9450 | Grad Norm: 2.5408 | Noise: 53.4790 | SNR: 0.0475 | ε: 0.05 (δ=7.6e-08) | Time: 43.74s
2025-03-04 02:23:16,071 - INFO - P1 (Round 8) - Epoch 3/10 | Loss: 0.4350 | Acc: 0.9445 | Val Loss: 0.4366 | Val Acc: 0.9444 | Grad Norm: 2.6248 | Noise: 53.4790 | SNR: 0.0491 | ε: 0.06 (δ=7.6e-08) | Time: 42.79s
2025-03-04 02:23:59,707 - INFO - P1 (Round 8) - Epoch 4/10 | Loss: 0.4281 | Acc: 0.9443 | Val Loss: 0.4186 | Val Acc: 0.9448 | Grad Norm: 2.6099 | Noise: 53.4790 | SNR: 0.0488 | ε: 0.07 (δ=7.6e-08) | Time: 43.52s
2025-03-04 02:24:42,813 - INFO - P1 (Round 8) - Epoch 5/10 | Loss: 0.4152 | Acc: 0.9444 | Val Loss: 0.4262 | Val Acc: 0.9437 | Grad Norm: 2.5814 | Noise: 53.4790 | SNR: 0.0483 | ε: 0.08 (δ=7.6e-08) | Time: 43.03s
2025-03-04 02:25:26,283 - INFO - P1 (Round 8) - Epoch 6/10 | Loss: 0.4256 | Acc: 0.9436 | Val Loss: 0.4241 | Val Acc: 0.9440 | Grad Norm: 2.6298 | Noise: 53.4790 | SNR: 0.0492 | ε: 0.09 (δ=7.6e-08) | Time: 43.37s
2025-03-04 02:26:09,608 - INFO - P1 (Round 8) - Epoch 7/10 | Loss: 0.4233 | Acc: 0.9439 | Val Loss: 0.4199 | Val Acc: 0.9436 | Grad Norm: 2.6181 | Noise: 53.4790 | SNR: 0.0490 | ε: 0.09 (δ=7.6e-08) | Time: 43.21s
2025-03-04 02:26:52,330 - INFO - P1 (Round 8) - Epoch 8/10 | Loss: 0.4228 | Acc: 0.9445 | Val Loss: 0.4378 | Val Acc: 0.9450 | Grad Norm: 2.6435 | Noise: 53.4790 | SNR: 0.0494 | ε: 0.10 (δ=7.6e-08) | Time: 42.61s
2025-03-04 02:27:35,460 - INFO - P1 (Round 8) - Epoch 9/10 | Loss: 0.4354 | Acc: 0.9444 | Val Loss: 0.4437 | Val Acc: 0.9445 | Grad Norm: 2.6803 | Noise: 53.4790 | SNR: 0.0501 | ε: 0.10 (δ=7.6e-08) | Time: 43.01s
2025-03-04 02:28:18,901 - INFO - P1 (Round 8) - Epoch 10/10 | Loss: 0.4455 | Acc: 0.9445 | Val Loss: 0.4511 | Val Acc: 0.9451 | Grad Norm: 2.7488 | Noise: 53.4790 | SNR: 0.0514 | ε: 0.11 (δ=7.6e-08) | Time: 43.32s
2025-03-04 02:28:18,902 - INFO - P1 (Round 8) - Final Privacy Budget: ε = 0.1089 (δ=7.6e-08)
2025-03-04 02:28:18,903 - INFO - Training client P2 (Round 8) with noise_multiplier=2.0
2025-03-04 02:28:18,903 - INFO - P2 (Round 8) - DP setup: noise=2.0, max_grad_norm=1.0
2025-03-04 02:29:01,684 - INFO - P2 (Round 8) - Epoch 1/10 | Loss: 0.4293 | Acc: 0.9453 | Val Loss: 0.4310 | Val Acc: 0.9438 | Grad Norm: 2.4819 | Noise: 53.4790 | SNR: 0.0464 | ε: 0.04 (δ=7.6e-08) | Time: 42.73s
2025-03-04 02:29:44,603 - INFO - P2 (Round 8) - Epoch 2/10 | Loss: 0.4412 | Acc: 0.9441 | Val Loss: 0.4367 | Val Acc: 0.9430 | Grad Norm: 2.5619 | Noise: 53.4790 | SNR: 0.0479 | ε: 0.05 (δ=7.6e-08) | Time: 42.85s
2025-03-04 02:30:28,125 - INFO - P2 (Round 8) - Epoch 3/10 | Loss: 0.4459 | Acc: 0.9439 | Val Loss: 0.4471 | Val Acc: 0.9443 | Grad Norm: 2.6382 | Noise: 53.4790 | SNR: 0.0493 | ε: 0.06 (δ=7.6e-08) | Time: 43.45s
2025-03-04 02:31:11,466 - INFO - P2 (Round 8) - Epoch 4/10 | Loss: 0.4532 | Acc: 0.9437 | Val Loss: 0.4476 | Val Acc: 0.9444 | Grad Norm: 2.5866 | Noise: 53.4790 | SNR: 0.0484 | ε: 0.07 (δ=7.6e-08) | Time: 43.25s
2025-03-04 02:31:54,328 - INFO - P2 (Round 8) - Epoch 5/10 | Loss: 0.4520 | Acc: 0.9439 | Val Loss: 0.4564 | Val Acc: 0.9431 | Grad Norm: 2.5782 | Noise: 53.4790 | SNR: 0.0482 | ε: 0.08 (δ=7.6e-08) | Time: 42.78s
2025-03-04 02:32:36,270 - INFO - P2 (Round 8) - Epoch 6/10 | Loss: 0.4465 | Acc: 0.9444 | Val Loss: 0.4571 | Val Acc: 0.9435 | Grad Norm: 2.5500 | Noise: 53.4790 | SNR: 0.0477 | ε: 0.09 (δ=7.6e-08) | Time: 41.83s
2025-03-04 02:33:16,907 - INFO - P2 (Round 8) - Epoch 7/10 | Loss: 0.4492 | Acc: 0.9443 | Val Loss: 0.4455 | Val Acc: 0.9431 | Grad Norm: 2.5973 | Noise: 53.4790 | SNR: 0.0486 | ε: 0.09 (δ=7.6e-08) | Time: 40.52s
2025-03-04 02:33:53,035 - INFO - P2 (Round 8) - Epoch 8/10 | Loss: 0.4567 | Acc: 0.9443 | Val Loss: 0.4559 | Val Acc: 0.9443 | Grad Norm: 2.6483 | Noise: 53.4790 | SNR: 0.0495 | ε: 0.10 (δ=7.6e-08) | Time: 36.01s
2025-03-04 02:34:28,320 - INFO - P2 (Round 8) - Epoch 9/10 | Loss: 0.4536 | Acc: 0.9441 | Val Loss: 0.4608 | Val Acc: 0.9436 | Grad Norm: 2.6622 | Noise: 53.4790 | SNR: 0.0498 | ε: 0.10 (δ=7.6e-08) | Time: 35.17s
2025-03-04 02:35:04,991 - INFO - P2 (Round 8) - Epoch 10/10 | Loss: 0.4574 | Acc: 0.9441 | Val Loss: 0.4605 | Val Acc: 0.9440 | Grad Norm: 2.7223 | Noise: 53.4790 | SNR: 0.0509 | ε: 0.11 (δ=7.6e-08) | Time: 36.52s
2025-03-04 02:35:04,992 - INFO - P2 (Round 8) - Final Privacy Budget: ε = 0.1089 (δ=7.6e-08)
2025-03-04 02:35:04,993 - INFO - P1 privacy budget: round ε = 0.1089, cumulative ε = 0.8716
2025-03-04 02:35:04,993 - INFO - P2 privacy budget: round ε = 0.1089, cumulative ε = 0.8716
2025-03-04 02:35:06,369 - INFO - Round 8/10 completed in 840.44s
2025-03-04 02:35:06,369 - INFO - Global Model - P1 Test: Loss = 0.4518, Accuracy = 0.9455
2025-03-04 02:35:06,369 - INFO - Global Model - P2 Test: Loss = 0.4488, Accuracy = 0.9455
2025-03-04 02:35:06,369 - INFO - P1 Privacy Budget: ε = 0.11
2025-03-04 02:35:06,369 - INFO - P2 Privacy Budget: ε = 0.11
2025-03-04 02:35:06,369 - INFO - Starting Round 9/10
2025-03-04 02:35:06,370 - INFO - Training client P1 (Round 9) with noise_multiplier=2.0
2025-03-04 02:35:06,370 - INFO - P1 (Round 9) - DP setup: noise=2.0, max_grad_norm=1.0
2025-03-04 02:35:41,144 - INFO - P1 (Round 9) - Epoch 1/10 | Loss: 0.4476 | Acc: 0.9452 | Val Loss: 0.4656 | Val Acc: 0.9437 | Grad Norm: 2.7337 | Noise: 53.4790 | SNR: 0.0511 | ε: 0.04 (δ=7.6e-08) | Time: 34.73s
2025-03-04 02:36:18,103 - INFO - P1 (Round 9) - Epoch 2/10 | Loss: 0.4518 | Acc: 0.9450 | Val Loss: 0.4467 | Val Acc: 0.9445 | Grad Norm: 2.7817 | Noise: 53.4790 | SNR: 0.0520 | ε: 0.05 (δ=7.6e-08) | Time: 36.88s
2025-03-04 02:36:54,479 - INFO - P1 (Round 9) - Epoch 3/10 | Loss: 0.4528 | Acc: 0.9449 | Val Loss: 0.4475 | Val Acc: 0.9446 | Grad Norm: 2.8866 | Noise: 53.4790 | SNR: 0.0540 | ε: 0.06 (δ=7.6e-08) | Time: 36.29s
2025-03-04 02:37:30,869 - INFO - P1 (Round 9) - Epoch 4/10 | Loss: 0.4444 | Acc: 0.9450 | Val Loss: 0.4424 | Val Acc: 0.9448 | Grad Norm: 2.8266 | Noise: 53.4790 | SNR: 0.0529 | ε: 0.07 (δ=7.6e-08) | Time: 36.30s
2025-03-04 02:38:05,547 - INFO - P1 (Round 9) - Epoch 5/10 | Loss: 0.4385 | Acc: 0.9450 | Val Loss: 0.4445 | Val Acc: 0.9443 | Grad Norm: 2.8310 | Noise: 53.4790 | SNR: 0.0529 | ε: 0.08 (δ=7.6e-08) | Time: 34.60s
2025-03-04 02:38:38,186 - INFO - P1 (Round 9) - Epoch 6/10 | Loss: 0.4488 | Acc: 0.9441 | Val Loss: 0.4376 | Val Acc: 0.9450 | Grad Norm: 2.9111 | Noise: 53.4790 | SNR: 0.0544 | ε: 0.09 (δ=7.6e-08) | Time: 32.54s
2025-03-04 02:39:16,384 - INFO - P1 (Round 9) - Epoch 7/10 | Loss: 0.4421 | Acc: 0.9448 | Val Loss: 0.4435 | Val Acc: 0.9444 | Grad Norm: 2.8573 | Noise: 53.4790 | SNR: 0.0534 | ε: 0.09 (δ=7.6e-08) | Time: 38.08s
2025-03-04 02:39:48,184 - INFO - P1 (Round 9) - Epoch 8/10 | Loss: 0.4467 | Acc: 0.9440 | Val Loss: 0.4592 | Val Acc: 0.9441 | Grad Norm: 2.8951 | Noise: 53.4790 | SNR: 0.0541 | ε: 0.10 (δ=7.6e-08) | Time: 31.68s
2025-03-04 02:40:19,582 - INFO - P1 (Round 9) - Epoch 9/10 | Loss: 0.4580 | Acc: 0.9445 | Val Loss: 0.4613 | Val Acc: 0.9452 | Grad Norm: 2.9416 | Noise: 53.4790 | SNR: 0.0550 | ε: 0.10 (δ=7.6e-08) | Time: 31.28s
2025-03-04 02:40:51,181 - INFO - P1 (Round 9) - Epoch 10/10 | Loss: 0.4731 | Acc: 0.9446 | Val Loss: 0.4722 | Val Acc: 0.9453 | Grad Norm: 3.0095 | Noise: 53.4790 | SNR: 0.0563 | ε: 0.11 (δ=7.6e-08) | Time: 31.47s
2025-03-04 02:40:51,181 - INFO - P1 (Round 9) - Final Privacy Budget: ε = 0.1089 (δ=7.6e-08)
2025-03-04 02:40:51,182 - INFO - Training client P2 (Round 9) with noise_multiplier=2.0
2025-03-04 02:40:51,183 - INFO - P2 (Round 9) - DP setup: noise=2.0, max_grad_norm=1.0
2025-03-04 02:41:22,668 - INFO - P2 (Round 9) - Epoch 1/10 | Loss: 0.4429 | Acc: 0.9460 | Val Loss: 0.4444 | Val Acc: 0.9450 | Grad Norm: 2.7269 | Noise: 53.4790 | SNR: 0.0510 | ε: 0.04 (δ=7.6e-08) | Time: 31.44s
2025-03-04 02:41:54,207 - INFO - P2 (Round 9) - Epoch 2/10 | Loss: 0.4538 | Acc: 0.9450 | Val Loss: 0.4623 | Val Acc: 0.9433 | Grad Norm: 2.7636 | Noise: 53.4790 | SNR: 0.0517 | ε: 0.05 (δ=7.6e-08) | Time: 31.48s
2025-03-04 02:42:25,913 - INFO - P2 (Round 9) - Epoch 3/10 | Loss: 0.4691 | Acc: 0.9446 | Val Loss: 0.4543 | Val Acc: 0.9447 | Grad Norm: 2.8513 | Noise: 53.4790 | SNR: 0.0533 | ε: 0.06 (δ=7.6e-08) | Time: 31.63s
2025-03-04 02:42:57,536 - INFO - P2 (Round 9) - Epoch 4/10 | Loss: 0.4628 | Acc: 0.9443 | Val Loss: 0.4637 | Val Acc: 0.9449 | Grad Norm: 2.8000 | Noise: 53.4790 | SNR: 0.0524 | ε: 0.07 (δ=7.6e-08) | Time: 31.53s
2025-03-04 02:43:29,774 - INFO - P2 (Round 9) - Epoch 5/10 | Loss: 0.4687 | Acc: 0.9445 | Val Loss: 0.4707 | Val Acc: 0.9449 | Grad Norm: 2.8096 | Noise: 53.4790 | SNR: 0.0525 | ε: 0.08 (δ=7.6e-08) | Time: 32.16s
2025-03-04 02:44:01,343 - INFO - P2 (Round 9) - Epoch 6/10 | Loss: 0.4717 | Acc: 0.9445 | Val Loss: 0.4736 | Val Acc: 0.9437 | Grad Norm: 2.7807 | Noise: 53.4790 | SNR: 0.0520 | ε: 0.09 (δ=7.6e-08) | Time: 31.47s
2025-03-04 02:44:32,971 - INFO - P2 (Round 9) - Epoch 7/10 | Loss: 0.4682 | Acc: 0.9445 | Val Loss: 0.4566 | Val Acc: 0.9443 | Grad Norm: 2.8907 | Noise: 53.4790 | SNR: 0.0541 | ε: 0.09 (δ=7.6e-08) | Time: 31.51s
2025-03-04 02:45:05,514 - INFO - P2 (Round 9) - Epoch 8/10 | Loss: 0.4719 | Acc: 0.9452 | Val Loss: 0.4764 | Val Acc: 0.9444 | Grad Norm: 2.8906 | Noise: 53.4790 | SNR: 0.0541 | ε: 0.10 (δ=7.6e-08) | Time: 32.44s
2025-03-04 02:45:37,162 - INFO - P2 (Round 9) - Epoch 9/10 | Loss: 0.4795 | Acc: 0.9445 | Val Loss: 0.4815 | Val Acc: 0.9431 | Grad Norm: 2.9045 | Noise: 53.4790 | SNR: 0.0543 | ε: 0.10 (δ=7.6e-08) | Time: 31.53s
2025-03-04 02:46:09,052 - INFO - P2 (Round 9) - Epoch 10/10 | Loss: 0.4785 | Acc: 0.9442 | Val Loss: 0.4663 | Val Acc: 0.9443 | Grad Norm: 2.9409 | Noise: 53.4790 | SNR: 0.0550 | ε: 0.11 (δ=7.6e-08) | Time: 31.77s
2025-03-04 02:46:09,053 - INFO - P2 (Round 9) - Final Privacy Budget: ε = 0.1089 (δ=7.6e-08)
2025-03-04 02:46:09,053 - INFO - P1 privacy budget: round ε = 0.1089, cumulative ε = 0.9805
2025-03-04 02:46:09,054 - INFO - P2 privacy budget: round ε = 0.1089, cumulative ε = 0.9805
2025-03-04 02:46:10,251 - INFO - Round 9/10 completed in 663.88s
2025-03-04 02:46:10,251 - INFO - Global Model - P1 Test: Loss = 0.4683, Accuracy = 0.9454
2025-03-04 02:46:10,251 - INFO - Global Model - P2 Test: Loss = 0.4665, Accuracy = 0.9451
2025-03-04 02:46:10,251 - INFO - P1 Privacy Budget: ε = 0.11
2025-03-04 02:46:10,251 - INFO - P2 Privacy Budget: ε = 0.11
2025-03-04 02:46:10,251 - INFO - Starting Round 10/10
2025-03-04 02:46:10,252 - INFO - Training client P1 (Round 10) with noise_multiplier=2.0
2025-03-04 02:46:10,252 - INFO - P1 (Round 10) - DP setup: noise=2.0, max_grad_norm=1.0
2025-03-04 02:46:41,837 - INFO - P1 (Round 10) - Epoch 1/10 | Loss: 0.4668 | Acc: 0.9456 | Val Loss: 0.4746 | Val Acc: 0.9452 | Grad Norm: 3.0030 | Noise: 53.4790 | SNR: 0.0562 | ε: 0.04 (δ=7.6e-08) | Time: 31.54s
2025-03-04 02:47:13,450 - INFO - P1 (Round 10) - Epoch 2/10 | Loss: 0.4624 | Acc: 0.9453 | Val Loss: 0.4664 | Val Acc: 0.9453 | Grad Norm: 3.0261 | Noise: 53.4790 | SNR: 0.0566 | ε: 0.05 (δ=7.6e-08) | Time: 31.55s
2025-03-04 02:47:44,988 - INFO - P1 (Round 10) - Epoch 3/10 | Loss: 0.4664 | Acc: 0.9453 | Val Loss: 0.4684 | Val Acc: 0.9447 | Grad Norm: 3.1297 | Noise: 53.4790 | SNR: 0.0585 | ε: 0.06 (δ=7.6e-08) | Time: 31.46s
2025-03-04 02:48:16,493 - INFO - P1 (Round 10) - Epoch 4/10 | Loss: 0.4582 | Acc: 0.9453 | Val Loss: 0.4539 | Val Acc: 0.9473 | Grad Norm: 3.0930 | Noise: 53.4790 | SNR: 0.0578 | ε: 0.07 (δ=7.6e-08) | Time: 31.42s
2025-03-04 02:48:47,976 - INFO - P1 (Round 10) - Epoch 5/10 | Loss: 0.4566 | Acc: 0.9449 | Val Loss: 0.4590 | Val Acc: 0.9449 | Grad Norm: 3.0842 | Noise: 53.4790 | SNR: 0.0577 | ε: 0.08 (δ=7.6e-08) | Time: 31.40s
2025-03-04 02:49:19,626 - INFO - P1 (Round 10) - Epoch 6/10 | Loss: 0.4664 | Acc: 0.9452 | Val Loss: 0.4605 | Val Acc: 0.9448 | Grad Norm: 3.1074 | Noise: 53.4790 | SNR: 0.0581 | ε: 0.09 (δ=7.6e-08) | Time: 31.56s
2025-03-04 02:49:51,781 - INFO - P1 (Round 10) - Epoch 7/10 | Loss: 0.4636 | Acc: 0.9450 | Val Loss: 0.4612 | Val Acc: 0.9447 | Grad Norm: 3.0989 | Noise: 53.4790 | SNR: 0.0579 | ε: 0.09 (δ=7.6e-08) | Time: 32.05s
2025-03-04 02:50:23,433 - INFO - P1 (Round 10) - Epoch 8/10 | Loss: 0.4639 | Acc: 0.9448 | Val Loss: 0.4799 | Val Acc: 0.9441 | Grad Norm: 3.1033 | Noise: 53.4790 | SNR: 0.0580 | ε: 0.10 (δ=7.6e-08) | Time: 31.55s
2025-03-04 02:50:55,125 - INFO - P1 (Round 10) - Epoch 9/10 | Loss: 0.4773 | Acc: 0.9453 | Val Loss: 0.4819 | Val Acc: 0.9462 | Grad Norm: 3.0918 | Noise: 53.4790 | SNR: 0.0578 | ε: 0.10 (δ=7.6e-08) | Time: 31.58s
2025-03-04 02:51:26,785 - INFO - P1 (Round 10) - Epoch 10/10 | Loss: 0.4919 | Acc: 0.9454 | Val Loss: 0.4893 | Val Acc: 0.9478 | Grad Norm: 3.1642 | Noise: 53.4790 | SNR: 0.0592 | ε: 0.11 (δ=7.6e-08) | Time: 31.54s
2025-03-04 02:51:26,785 - INFO - P1 (Round 10) - Final Privacy Budget: ε = 0.1089 (δ=7.6e-08)
2025-03-04 02:51:26,786 - INFO - Training client P2 (Round 10) with noise_multiplier=2.0
2025-03-04 02:51:26,786 - INFO - P2 (Round 10) - DP setup: noise=2.0, max_grad_norm=1.0
2025-03-04 02:51:58,314 - INFO - P2 (Round 10) - Epoch 1/10 | Loss: 0.4671 | Acc: 0.9458 | Val Loss: 0.4653 | Val Acc: 0.9453 | Grad Norm: 2.9577 | Noise: 53.4790 | SNR: 0.0553 | ε: 0.04 (δ=7.6e-08) | Time: 31.48s
2025-03-04 02:52:29,667 - INFO - P2 (Round 10) - Epoch 2/10 | Loss: 0.4735 | Acc: 0.9450 | Val Loss: 0.4782 | Val Acc: 0.9437 | Grad Norm: 2.9944 | Noise: 53.4790 | SNR: 0.0560 | ε: 0.05 (δ=7.6e-08) | Time: 31.29s
2025-03-04 02:53:01,066 - INFO - P2 (Round 10) - Epoch 3/10 | Loss: 0.4780 | Acc: 0.9450 | Val Loss: 0.4702 | Val Acc: 0.9450 | Grad Norm: 3.0703 | Noise: 53.4790 | SNR: 0.0574 | ε: 0.06 (δ=7.6e-08) | Time: 31.33s
2025-03-04 02:53:32,615 - INFO - P2 (Round 10) - Epoch 4/10 | Loss: 0.4847 | Acc: 0.9446 | Val Loss: 0.4743 | Val Acc: 0.9447 | Grad Norm: 3.0817 | Noise: 53.4790 | SNR: 0.0576 | ε: 0.07 (δ=7.6e-08) | Time: 31.47s
2025-03-04 02:54:04,066 - INFO - P2 (Round 10) - Epoch 5/10 | Loss: 0.4766 | Acc: 0.9451 | Val Loss: 0.4891 | Val Acc: 0.9444 | Grad Norm: 3.0568 | Noise: 53.4790 | SNR: 0.0572 | ε: 0.08 (δ=7.6e-08) | Time: 31.36s
2025-03-04 02:54:35,684 - INFO - P2 (Round 10) - Epoch 6/10 | Loss: 0.4866 | Acc: 0.9445 | Val Loss: 0.4924 | Val Acc: 0.9432 | Grad Norm: 3.0445 | Noise: 53.4790 | SNR: 0.0569 | ε: 0.09 (δ=7.6e-08) | Time: 31.52s
2025-03-04 02:55:07,373 - INFO - P2 (Round 10) - Epoch 7/10 | Loss: 0.4791 | Acc: 0.9445 | Val Loss: 0.4720 | Val Acc: 0.9442 | Grad Norm: 3.1312 | Noise: 53.4790 | SNR: 0.0585 | ε: 0.09 (δ=7.6e-08) | Time: 31.58s
2025-03-04 02:55:39,032 - INFO - P2 (Round 10) - Epoch 8/10 | Loss: 0.4826 | Acc: 0.9452 | Val Loss: 0.4769 | Val Acc: 0.9447 | Grad Norm: 3.0965 | Noise: 53.4790 | SNR: 0.0579 | ε: 0.10 (δ=7.6e-08) | Time: 31.55s
2025-03-04 02:56:10,724 - INFO - P2 (Round 10) - Epoch 9/10 | Loss: 0.4954 | Acc: 0.9449 | Val Loss: 0.4920 | Val Acc: 0.9465 | Grad Norm: 3.1411 | Noise: 53.4790 | SNR: 0.0587 | ε: 0.10 (δ=7.6e-08) | Time: 31.58s
2025-03-04 02:56:42,220 - INFO - P2 (Round 10) - Epoch 10/10 | Loss: 0.4852 | Acc: 0.9452 | Val Loss: 0.4801 | Val Acc: 0.9443 | Grad Norm: 3.1681 | Noise: 53.4790 | SNR: 0.0592 | ε: 0.11 (δ=7.6e-08) | Time: 31.38s
2025-03-04 02:56:42,220 - INFO - P2 (Round 10) - Final Privacy Budget: ε = 0.1089 (δ=7.6e-08)
2025-03-04 02:56:42,221 - INFO - P1 privacy budget: round ε = 0.1089, cumulative ε = 1.0895
2025-03-04 02:56:42,221 - INFO - P2 privacy budget: round ε = 0.1089, cumulative ε = 1.0895
2025-03-04 02:56:43,391 - INFO - Round 10/10 completed in 633.14s
2025-03-04 02:56:43,391 - INFO - Global Model - P1 Test: Loss = 0.4881, Accuracy = 0.9470
2025-03-04 02:56:43,391 - INFO - Global Model - P2 Test: Loss = 0.4851, Accuracy = 0.9470
2025-03-04 02:56:43,391 - INFO - P1 Privacy Budget: ε = 0.11
2025-03-04 02:56:43,392 - INFO - P2 Privacy Budget: ε = 0.11
2025-03-04 02:56:43,393 - INFO - Results saved to results/dp_experiments/results_p1_2.0_p2_2.0.json
2025-03-04 02:56:43,404 - INFO - Differential Privacy Experiment completed successfully
