2025-03-03 16:42:12,223 - INFO - Starting Differential Privacy Experiment: dp_p1nNone_p2nNone
2025-03-03 16:42:12,223 - INFO - P1 Noise Multiplier: None, P2 Noise Multiplier: None
2025-03-03 16:42:14,126 - INFO - Creating dataloaders...
2025-03-03 16:42:14,147 - INFO - Running experiment with 10 rounds, 10 epochs per client
2025-03-03 16:42:14,147 - INFO - Starting Round 1/10
2025-03-03 16:42:14,148 - INFO - Training client P1 (Round 1) with noise_multiplier=None
2025-03-03 16:42:24,092 - INFO - P1 (Round 1) - Epoch 1/10 | Loss: 0.3573 | Acc: 0.8732 | Val Loss: 0.2135 | Val Acc: 0.9228 | Grad Norm: 0.0000 | Noise: 0.0000 | SNR: inf | Time: 7.78s
2025-03-03 16:42:32,207 - INFO - P1 (Round 1) - Epoch 2/10 | Loss: 0.1924 | Acc: 0.9320 | Val Loss: 0.1743 | Val Acc: 0.9411 | Grad Norm: 0.0000 | Noise: 0.0000 | SNR: inf | Time: 8.12s
2025-03-03 16:42:39,877 - INFO - P1 (Round 1) - Epoch 3/10 | Loss: 0.1651 | Acc: 0.9441 | Val Loss: 0.1552 | Val Acc: 0.9488 | Grad Norm: 0.0000 | Noise: 0.0000 | SNR: inf | Time: 7.67s
2025-03-03 16:42:47,683 - INFO - P1 (Round 1) - Epoch 4/10 | Loss: 0.1469 | Acc: 0.9520 | Val Loss: 0.1346 | Val Acc: 0.9580 | Grad Norm: 0.0000 | Noise: 0.0000 | SNR: inf | Time: 7.81s
2025-03-03 16:42:56,149 - INFO - P1 (Round 1) - Epoch 5/10 | Loss: 0.1256 | Acc: 0.9603 | Val Loss: 0.1174 | Val Acc: 0.9639 | Grad Norm: 0.0000 | Noise: 0.0000 | SNR: inf | Time: 8.47s
2025-03-03 16:43:04,486 - INFO - P1 (Round 1) - Epoch 6/10 | Loss: 0.1096 | Acc: 0.9651 | Val Loss: 0.1034 | Val Acc: 0.9676 | Grad Norm: 0.0000 | Noise: 0.0000 | SNR: inf | Time: 8.34s
2025-03-03 16:43:12,433 - INFO - P1 (Round 1) - Epoch 7/10 | Loss: 0.1001 | Acc: 0.9680 | Val Loss: 0.0975 | Val Acc: 0.9690 | Grad Norm: 0.0000 | Noise: 0.0000 | SNR: inf | Time: 7.95s
2025-03-03 16:43:20,339 - INFO - P1 (Round 1) - Epoch 8/10 | Loss: 0.0950 | Acc: 0.9695 | Val Loss: 0.0932 | Val Acc: 0.9700 | Grad Norm: 0.0000 | Noise: 0.0000 | SNR: inf | Time: 7.91s
2025-03-03 16:43:27,975 - INFO - P1 (Round 1) - Epoch 9/10 | Loss: 0.0917 | Acc: 0.9707 | Val Loss: 0.0898 | Val Acc: 0.9717 | Grad Norm: 0.0000 | Noise: 0.0000 | SNR: inf | Time: 7.64s
2025-03-03 16:43:35,311 - INFO - P1 (Round 1) - Epoch 10/10 | Loss: 0.0896 | Acc: 0.9712 | Val Loss: 0.0901 | Val Acc: 0.9711 | Grad Norm: 0.0000 | Noise: 0.0000 | SNR: inf | Time: 7.34s
2025-03-03 16:43:35,311 - INFO - Training client P2 (Round 1) with noise_multiplier=None
2025-03-03 16:43:43,729 - INFO - P2 (Round 1) - Epoch 1/10 | Loss: 0.3578 | Acc: 0.8737 | Val Loss: 0.2162 | Val Acc: 0.9229 | Grad Norm: 0.0000 | Noise: 0.0000 | SNR: inf | Time: 8.42s
2025-03-03 16:43:52,412 - INFO - P2 (Round 1) - Epoch 2/10 | Loss: 0.1984 | Acc: 0.9297 | Val Loss: 0.1832 | Val Acc: 0.9349 | Grad Norm: 0.0000 | Noise: 0.0000 | SNR: inf | Time: 8.68s
2025-03-03 16:44:01,696 - INFO - P2 (Round 1) - Epoch 3/10 | Loss: 0.1755 | Acc: 0.9384 | Val Loss: 0.1671 | Val Acc: 0.9449 | Grad Norm: 0.0000 | Noise: 0.0000 | SNR: inf | Time: 9.28s
2025-03-03 16:44:11,314 - INFO - P2 (Round 1) - Epoch 4/10 | Loss: 0.1632 | Acc: 0.9445 | Val Loss: 0.1565 | Val Acc: 0.9478 | Grad Norm: 0.0000 | Noise: 0.0000 | SNR: inf | Time: 9.62s
2025-03-03 16:44:20,808 - INFO - P2 (Round 1) - Epoch 5/10 | Loss: 0.1552 | Acc: 0.9483 | Val Loss: 0.1503 | Val Acc: 0.9506 | Grad Norm: 0.0000 | Noise: 0.0000 | SNR: inf | Time: 9.49s
2025-03-03 16:44:29,470 - INFO - P2 (Round 1) - Epoch 6/10 | Loss: 0.1497 | Acc: 0.9504 | Val Loss: 0.1458 | Val Acc: 0.9515 | Grad Norm: 0.0000 | Noise: 0.0000 | SNR: inf | Time: 8.66s
2025-03-03 16:44:38,276 - INFO - P2 (Round 1) - Epoch 7/10 | Loss: 0.1441 | Acc: 0.9524 | Val Loss: 0.1383 | Val Acc: 0.9539 | Grad Norm: 0.0000 | Noise: 0.0000 | SNR: inf | Time: 8.81s
2025-03-03 16:44:47,374 - INFO - P2 (Round 1) - Epoch 8/10 | Loss: 0.1352 | Acc: 0.9553 | Val Loss: 0.1282 | Val Acc: 0.9570 | Grad Norm: 0.0000 | Noise: 0.0000 | SNR: inf | Time: 9.10s
2025-03-03 16:44:56,494 - INFO - P2 (Round 1) - Epoch 9/10 | Loss: 0.1255 | Acc: 0.9591 | Val Loss: 0.1195 | Val Acc: 0.9616 | Grad Norm: 0.0000 | Noise: 0.0000 | SNR: inf | Time: 9.12s
2025-03-03 16:45:05,443 - INFO - P2 (Round 1) - Epoch 10/10 | Loss: 0.1148 | Acc: 0.9633 | Val Loss: 0.1076 | Val Acc: 0.9655 | Grad Norm: 0.0000 | Noise: 0.0000 | SNR: inf | Time: 8.95s
2025-03-03 16:45:07,525 - INFO - Round 1/10 completed in 173.38s
2025-03-03 16:45:07,525 - INFO - Global Model - P1 Test: Loss = 0.5020, Accuracy = 0.8805
2025-03-03 16:45:07,525 - INFO - Global Model - P2 Test: Loss = 0.5046, Accuracy = 0.8804
2025-03-03 16:45:07,525 - INFO - Starting Round 2/10
2025-03-03 16:45:07,527 - INFO - Training client P1 (Round 2) with noise_multiplier=None
2025-03-03 16:45:16,607 - INFO - P1 (Round 2) - Epoch 1/10 | Loss: 0.1212 | Acc: 0.9611 | Val Loss: 0.1030 | Val Acc: 0.9662 | Grad Norm: 0.0000 | Noise: 0.0000 | SNR: inf | Time: 9.08s
2025-03-03 16:45:25,522 - INFO - P1 (Round 2) - Epoch 2/10 | Loss: 0.0998 | Acc: 0.9681 | Val Loss: 0.0941 | Val Acc: 0.9700 | Grad Norm: 0.0000 | Noise: 0.0000 | SNR: inf | Time: 8.91s
2025-03-03 16:45:34,366 - INFO - P1 (Round 2) - Epoch 3/10 | Loss: 0.0937 | Acc: 0.9699 | Val Loss: 0.0914 | Val Acc: 0.9698 | Grad Norm: 0.0000 | Noise: 0.0000 | SNR: inf | Time: 8.84s
2025-03-03 16:45:43,190 - INFO - P1 (Round 2) - Epoch 4/10 | Loss: 0.0903 | Acc: 0.9707 | Val Loss: 0.0887 | Val Acc: 0.9709 | Grad Norm: 0.0000 | Noise: 0.0000 | SNR: inf | Time: 8.82s
2025-03-03 16:45:52,189 - INFO - P1 (Round 2) - Epoch 5/10 | Loss: 0.0879 | Acc: 0.9716 | Val Loss: 0.0856 | Val Acc: 0.9726 | Grad Norm: 0.0000 | Noise: 0.0000 | SNR: inf | Time: 9.00s
2025-03-03 16:46:00,793 - INFO - P1 (Round 2) - Epoch 6/10 | Loss: 0.0860 | Acc: 0.9721 | Val Loss: 0.0854 | Val Acc: 0.9724 | Grad Norm: 0.0000 | Noise: 0.0000 | SNR: inf | Time: 8.60s
2025-03-03 16:46:09,539 - INFO - P1 (Round 2) - Epoch 7/10 | Loss: 0.0844 | Acc: 0.9724 | Val Loss: 0.0836 | Val Acc: 0.9730 | Grad Norm: 0.0000 | Noise: 0.0000 | SNR: inf | Time: 8.75s
2025-03-03 16:46:18,557 - INFO - P1 (Round 2) - Epoch 8/10 | Loss: 0.0832 | Acc: 0.9728 | Val Loss: 0.0823 | Val Acc: 0.9725 | Grad Norm: 0.0000 | Noise: 0.0000 | SNR: inf | Time: 9.02s
2025-03-03 16:46:27,234 - INFO - P1 (Round 2) - Epoch 9/10 | Loss: 0.0818 | Acc: 0.9732 | Val Loss: 0.0810 | Val Acc: 0.9735 | Grad Norm: 0.0000 | Noise: 0.0000 | SNR: inf | Time: 8.68s
2025-03-03 16:46:36,256 - INFO - P1 (Round 2) - Epoch 10/10 | Loss: 0.0806 | Acc: 0.9735 | Val Loss: 0.0807 | Val Acc: 0.9734 | Grad Norm: 0.0000 | Noise: 0.0000 | SNR: inf | Time: 9.02s
2025-03-03 16:46:36,256 - INFO - Training client P2 (Round 2) with noise_multiplier=None
2025-03-03 16:46:44,866 - INFO - P2 (Round 2) - Epoch 1/10 | Loss: 0.1202 | Acc: 0.9618 | Val Loss: 0.1024 | Val Acc: 0.9678 | Grad Norm: 0.0000 | Noise: 0.0000 | SNR: inf | Time: 8.61s
2025-03-03 16:46:53,481 - INFO - P2 (Round 2) - Epoch 2/10 | Loss: 0.0997 | Acc: 0.9684 | Val Loss: 0.0972 | Val Acc: 0.9697 | Grad Norm: 0.0000 | Noise: 0.0000 | SNR: inf | Time: 8.61s
2025-03-03 16:47:02,206 - INFO - P2 (Round 2) - Epoch 3/10 | Loss: 0.0942 | Acc: 0.9700 | Val Loss: 0.0906 | Val Acc: 0.9711 | Grad Norm: 0.0000 | Noise: 0.0000 | SNR: inf | Time: 8.73s
2025-03-03 16:47:10,871 - INFO - P2 (Round 2) - Epoch 4/10 | Loss: 0.0904 | Acc: 0.9709 | Val Loss: 0.0878 | Val Acc: 0.9718 | Grad Norm: 0.0000 | Noise: 0.0000 | SNR: inf | Time: 8.66s
2025-03-03 16:47:19,047 - INFO - P2 (Round 2) - Epoch 5/10 | Loss: 0.0878 | Acc: 0.9716 | Val Loss: 0.0850 | Val Acc: 0.9724 | Grad Norm: 0.0000 | Noise: 0.0000 | SNR: inf | Time: 8.18s
2025-03-03 16:47:27,776 - INFO - P2 (Round 2) - Epoch 6/10 | Loss: 0.0859 | Acc: 0.9720 | Val Loss: 0.0852 | Val Acc: 0.9726 | Grad Norm: 0.0000 | Noise: 0.0000 | SNR: inf | Time: 8.73s
2025-03-03 16:47:36,379 - INFO - P2 (Round 2) - Epoch 7/10 | Loss: 0.0844 | Acc: 0.9725 | Val Loss: 0.0827 | Val Acc: 0.9730 | Grad Norm: 0.0000 | Noise: 0.0000 | SNR: inf | Time: 8.60s
2025-03-03 16:47:45,440 - INFO - P2 (Round 2) - Epoch 8/10 | Loss: 0.0831 | Acc: 0.9729 | Val Loss: 0.0826 | Val Acc: 0.9727 | Grad Norm: 0.0000 | Noise: 0.0000 | SNR: inf | Time: 9.06s
2025-03-03 16:47:54,193 - INFO - P2 (Round 2) - Epoch 9/10 | Loss: 0.0822 | Acc: 0.9732 | Val Loss: 0.0816 | Val Acc: 0.9734 | Grad Norm: 0.0000 | Noise: 0.0000 | SNR: inf | Time: 8.75s
2025-03-03 16:48:02,945 - INFO - P2 (Round 2) - Epoch 10/10 | Loss: 0.0814 | Acc: 0.9734 | Val Loss: 0.0802 | Val Acc: 0.9735 | Grad Norm: 0.0000 | Noise: 0.0000 | SNR: inf | Time: 8.75s
2025-03-03 16:48:04,784 - INFO - Round 2/10 completed in 177.26s
2025-03-03 16:48:04,784 - INFO - Global Model - P1 Test: Loss = 0.0811, Accuracy = 0.9736
2025-03-03 16:48:04,784 - INFO - Global Model - P2 Test: Loss = 0.0799, Accuracy = 0.9737
2025-03-03 16:48:04,784 - INFO - Starting Round 3/10
2025-03-03 16:48:04,785 - INFO - Training client P1 (Round 3) with noise_multiplier=None
2025-03-03 16:48:14,518 - INFO - P1 (Round 3) - Epoch 1/10 | Loss: 0.0808 | Acc: 0.9736 | Val Loss: 0.0799 | Val Acc: 0.9734 | Grad Norm: 0.0000 | Noise: 0.0000 | SNR: inf | Time: 9.73s
2025-03-03 16:48:24,562 - INFO - P1 (Round 3) - Epoch 2/10 | Loss: 0.0798 | Acc: 0.9738 | Val Loss: 0.0810 | Val Acc: 0.9737 | Grad Norm: 0.0000 | Noise: 0.0000 | SNR: inf | Time: 10.04s
2025-03-03 16:48:34,435 - INFO - P1 (Round 3) - Epoch 3/10 | Loss: 0.0789 | Acc: 0.9742 | Val Loss: 0.0793 | Val Acc: 0.9736 | Grad Norm: 0.0000 | Noise: 0.0000 | SNR: inf | Time: 9.87s
2025-03-03 16:48:43,845 - INFO - P1 (Round 3) - Epoch 4/10 | Loss: 0.0782 | Acc: 0.9743 | Val Loss: 0.0772 | Val Acc: 0.9746 | Grad Norm: 0.0000 | Noise: 0.0000 | SNR: inf | Time: 9.41s
2025-03-03 16:48:54,194 - INFO - P1 (Round 3) - Epoch 5/10 | Loss: 0.0777 | Acc: 0.9745 | Val Loss: 0.0786 | Val Acc: 0.9737 | Grad Norm: 0.0000 | Noise: 0.0000 | SNR: inf | Time: 10.35s
2025-03-03 16:49:03,772 - INFO - P1 (Round 3) - Epoch 6/10 | Loss: 0.0772 | Acc: 0.9746 | Val Loss: 0.0789 | Val Acc: 0.9743 | Grad Norm: 0.0000 | Noise: 0.0000 | SNR: inf | Time: 9.58s
2025-03-03 16:49:12,533 - INFO - P1 (Round 3) - Epoch 7/10 | Loss: 0.0767 | Acc: 0.9748 | Val Loss: 0.0788 | Val Acc: 0.9741 | Grad Norm: 0.0000 | Noise: 0.0000 | SNR: inf | Time: 8.76s
2025-03-03 16:49:21,558 - INFO - P1 (Round 3) - Epoch 8/10 | Loss: 0.0763 | Acc: 0.9749 | Val Loss: 0.0760 | Val Acc: 0.9751 | Grad Norm: 0.0000 | Noise: 0.0000 | SNR: inf | Time: 9.03s
2025-03-03 16:49:30,688 - INFO - P1 (Round 3) - Epoch 9/10 | Loss: 0.0758 | Acc: 0.9750 | Val Loss: 0.0788 | Val Acc: 0.9723 | Grad Norm: 0.0000 | Noise: 0.0000 | SNR: inf | Time: 9.13s
2025-03-03 16:49:39,636 - INFO - P1 (Round 3) - Epoch 10/10 | Loss: 0.0754 | Acc: 0.9750 | Val Loss: 0.0752 | Val Acc: 0.9747 | Grad Norm: 0.0000 | Noise: 0.0000 | SNR: inf | Time: 8.95s
2025-03-03 16:49:39,637 - INFO - Training client P2 (Round 3) with noise_multiplier=None
2025-03-03 16:49:48,613 - INFO - P2 (Round 3) - Epoch 1/10 | Loss: 0.0803 | Acc: 0.9737 | Val Loss: 0.0804 | Val Acc: 0.9735 | Grad Norm: 0.0000 | Noise: 0.0000 | SNR: inf | Time: 8.98s
2025-03-03 16:49:57,360 - INFO - P2 (Round 3) - Epoch 2/10 | Loss: 0.0792 | Acc: 0.9740 | Val Loss: 0.0796 | Val Acc: 0.9737 | Grad Norm: 0.0000 | Noise: 0.0000 | SNR: inf | Time: 8.75s
2025-03-03 16:50:06,039 - INFO - P2 (Round 3) - Epoch 3/10 | Loss: 0.0785 | Acc: 0.9742 | Val Loss: 0.0769 | Val Acc: 0.9747 | Grad Norm: 0.0000 | Noise: 0.0000 | SNR: inf | Time: 8.68s
2025-03-03 16:50:14,784 - INFO - P2 (Round 3) - Epoch 4/10 | Loss: 0.0778 | Acc: 0.9744 | Val Loss: 0.0769 | Val Acc: 0.9743 | Grad Norm: 0.0000 | Noise: 0.0000 | SNR: inf | Time: 8.75s
2025-03-03 16:50:23,449 - INFO - P2 (Round 3) - Epoch 5/10 | Loss: 0.0771 | Acc: 0.9746 | Val Loss: 0.0767 | Val Acc: 0.9745 | Grad Norm: 0.0000 | Noise: 0.0000 | SNR: inf | Time: 8.66s
2025-03-03 16:50:32,455 - INFO - P2 (Round 3) - Epoch 6/10 | Loss: 0.0766 | Acc: 0.9747 | Val Loss: 0.0781 | Val Acc: 0.9741 | Grad Norm: 0.0000 | Noise: 0.0000 | SNR: inf | Time: 9.01s
2025-03-03 16:50:41,355 - INFO - P2 (Round 3) - Epoch 7/10 | Loss: 0.0762 | Acc: 0.9748 | Val Loss: 0.0754 | Val Acc: 0.9754 | Grad Norm: 0.0000 | Noise: 0.0000 | SNR: inf | Time: 8.90s
2025-03-03 16:50:50,308 - INFO - P2 (Round 3) - Epoch 8/10 | Loss: 0.0757 | Acc: 0.9748 | Val Loss: 0.0752 | Val Acc: 0.9755 | Grad Norm: 0.0000 | Noise: 0.0000 | SNR: inf | Time: 8.95s
2025-03-03 16:50:58,789 - INFO - P2 (Round 3) - Epoch 9/10 | Loss: 0.0753 | Acc: 0.9751 | Val Loss: 0.0744 | Val Acc: 0.9755 | Grad Norm: 0.0000 | Noise: 0.0000 | SNR: inf | Time: 8.48s
2025-03-03 16:51:06,579 - INFO - P2 (Round 3) - Epoch 10/10 | Loss: 0.0749 | Acc: 0.9751 | Val Loss: 0.0760 | Val Acc: 0.9745 | Grad Norm: 0.0000 | Noise: 0.0000 | SNR: inf | Time: 7.79s
2025-03-03 16:51:08,432 - INFO - Round 3/10 completed in 183.65s
2025-03-03 16:51:08,432 - INFO - Global Model - P1 Test: Loss = 0.0737, Accuracy = 0.9751
2025-03-03 16:51:08,432 - INFO - Global Model - P2 Test: Loss = 0.0735, Accuracy = 0.9752
2025-03-03 16:51:08,432 - INFO - Starting Round 4/10
2025-03-03 16:51:08,434 - INFO - Training client P1 (Round 4) with noise_multiplier=None
2025-03-03 16:51:15,892 - INFO - P1 (Round 4) - Epoch 1/10 | Loss: 0.0754 | Acc: 0.9753 | Val Loss: 0.0753 | Val Acc: 0.9746 | Grad Norm: 0.0000 | Noise: 0.0000 | SNR: inf | Time: 7.46s
2025-03-03 16:51:23,752 - INFO - P1 (Round 4) - Epoch 2/10 | Loss: 0.0749 | Acc: 0.9752 | Val Loss: 0.0747 | Val Acc: 0.9755 | Grad Norm: 0.0000 | Noise: 0.0000 | SNR: inf | Time: 7.86s
2025-03-03 16:51:31,793 - INFO - P1 (Round 4) - Epoch 3/10 | Loss: 0.0747 | Acc: 0.9753 | Val Loss: 0.0752 | Val Acc: 0.9754 | Grad Norm: 0.0000 | Noise: 0.0000 | SNR: inf | Time: 8.04s
2025-03-03 16:51:39,475 - INFO - P1 (Round 4) - Epoch 4/10 | Loss: 0.0743 | Acc: 0.9754 | Val Loss: 0.0738 | Val Acc: 0.9757 | Grad Norm: 0.0000 | Noise: 0.0000 | SNR: inf | Time: 7.68s
2025-03-03 16:51:46,735 - INFO - P1 (Round 4) - Epoch 5/10 | Loss: 0.0739 | Acc: 0.9755 | Val Loss: 0.0742 | Val Acc: 0.9758 | Grad Norm: 0.0000 | Noise: 0.0000 | SNR: inf | Time: 7.26s
2025-03-03 16:51:54,120 - INFO - P1 (Round 4) - Epoch 6/10 | Loss: 0.0737 | Acc: 0.9756 | Val Loss: 0.0773 | Val Acc: 0.9733 | Grad Norm: 0.0000 | Noise: 0.0000 | SNR: inf | Time: 7.39s
2025-03-03 16:52:01,360 - INFO - P1 (Round 4) - Epoch 7/10 | Loss: 0.0734 | Acc: 0.9757 | Val Loss: 0.0756 | Val Acc: 0.9747 | Grad Norm: 0.0000 | Noise: 0.0000 | SNR: inf | Time: 7.24s
2025-03-03 16:52:08,840 - INFO - P1 (Round 4) - Epoch 8/10 | Loss: 0.0730 | Acc: 0.9757 | Val Loss: 0.0735 | Val Acc: 0.9762 | Grad Norm: 0.0000 | Noise: 0.0000 | SNR: inf | Time: 7.48s
2025-03-03 16:52:16,770 - INFO - P1 (Round 4) - Epoch 9/10 | Loss: 0.0726 | Acc: 0.9759 | Val Loss: 0.0745 | Val Acc: 0.9761 | Grad Norm: 0.0000 | Noise: 0.0000 | SNR: inf | Time: 7.93s
2025-03-03 16:52:25,477 - INFO - P1 (Round 4) - Epoch 10/10 | Loss: 0.0723 | Acc: 0.9760 | Val Loss: 0.0718 | Val Acc: 0.9764 | Grad Norm: 0.0000 | Noise: 0.0000 | SNR: inf | Time: 8.71s
2025-03-03 16:52:25,477 - INFO - Training client P2 (Round 4) with noise_multiplier=None
2025-03-03 16:52:34,234 - INFO - P2 (Round 4) - Epoch 1/10 | Loss: 0.0748 | Acc: 0.9753 | Val Loss: 0.0735 | Val Acc: 0.9759 | Grad Norm: 0.0000 | Noise: 0.0000 | SNR: inf | Time: 8.76s
2025-03-03 16:52:43,129 - INFO - P2 (Round 4) - Epoch 2/10 | Loss: 0.0744 | Acc: 0.9753 | Val Loss: 0.0731 | Val Acc: 0.9760 | Grad Norm: 0.0000 | Noise: 0.0000 | SNR: inf | Time: 8.89s
2025-03-03 16:52:52,178 - INFO - P2 (Round 4) - Epoch 3/10 | Loss: 0.0740 | Acc: 0.9755 | Val Loss: 0.0764 | Val Acc: 0.9742 | Grad Norm: 0.0000 | Noise: 0.0000 | SNR: inf | Time: 9.05s
2025-03-03 16:53:00,678 - INFO - P2 (Round 4) - Epoch 4/10 | Loss: 0.0739 | Acc: 0.9754 | Val Loss: 0.0739 | Val Acc: 0.9761 | Grad Norm: 0.0000 | Noise: 0.0000 | SNR: inf | Time: 8.50s
2025-03-03 16:53:09,722 - INFO - P2 (Round 4) - Epoch 5/10 | Loss: 0.0733 | Acc: 0.9756 | Val Loss: 0.0769 | Val Acc: 0.9740 | Grad Norm: 0.0000 | Noise: 0.0000 | SNR: inf | Time: 9.04s
2025-03-03 16:53:18,510 - INFO - P2 (Round 4) - Epoch 6/10 | Loss: 0.0730 | Acc: 0.9757 | Val Loss: 0.0748 | Val Acc: 0.9749 | Grad Norm: 0.0000 | Noise: 0.0000 | SNR: inf | Time: 8.79s
2025-03-03 16:53:27,039 - INFO - P2 (Round 4) - Epoch 7/10 | Loss: 0.0727 | Acc: 0.9758 | Val Loss: 0.0749 | Val Acc: 0.9751 | Grad Norm: 0.0000 | Noise: 0.0000 | SNR: inf | Time: 8.53s
2025-03-03 16:53:35,273 - INFO - P2 (Round 4) - Epoch 8/10 | Loss: 0.0722 | Acc: 0.9759 | Val Loss: 0.0725 | Val Acc: 0.9758 | Grad Norm: 0.0000 | Noise: 0.0000 | SNR: inf | Time: 8.23s
2025-03-03 16:53:43,933 - INFO - P2 (Round 4) - Epoch 9/10 | Loss: 0.0719 | Acc: 0.9761 | Val Loss: 0.0735 | Val Acc: 0.9756 | Grad Norm: 0.0000 | Noise: 0.0000 | SNR: inf | Time: 8.66s
2025-03-03 16:53:52,677 - INFO - P2 (Round 4) - Epoch 10/10 | Loss: 0.0717 | Acc: 0.9761 | Val Loss: 0.0723 | Val Acc: 0.9762 | Grad Norm: 0.0000 | Noise: 0.0000 | SNR: inf | Time: 8.74s
2025-03-03 16:53:54,645 - INFO - Round 4/10 completed in 166.21s
2025-03-03 16:53:54,645 - INFO - Global Model - P1 Test: Loss = 0.0702, Accuracy = 0.9764
2025-03-03 16:53:54,645 - INFO - Global Model - P2 Test: Loss = 0.0701, Accuracy = 0.9766
2025-03-03 16:53:54,646 - INFO - Starting Round 5/10
2025-03-03 16:53:54,646 - INFO - Training client P1 (Round 5) with noise_multiplier=None
2025-03-03 16:54:03,411 - INFO - P1 (Round 5) - Epoch 1/10 | Loss: 0.0722 | Acc: 0.9761 | Val Loss: 0.0738 | Val Acc: 0.9756 | Grad Norm: 0.0000 | Noise: 0.0000 | SNR: inf | Time: 8.76s
2025-03-03 16:54:12,166 - INFO - P1 (Round 5) - Epoch 2/10 | Loss: 0.0719 | Acc: 0.9760 | Val Loss: 0.0714 | Val Acc: 0.9759 | Grad Norm: 0.0000 | Noise: 0.0000 | SNR: inf | Time: 8.76s
2025-03-03 16:54:20,859 - INFO - P1 (Round 5) - Epoch 3/10 | Loss: 0.0717 | Acc: 0.9762 | Val Loss: 0.0716 | Val Acc: 0.9762 | Grad Norm: 0.0000 | Noise: 0.0000 | SNR: inf | Time: 8.69s
2025-03-03 16:54:29,881 - INFO - P1 (Round 5) - Epoch 4/10 | Loss: 0.0715 | Acc: 0.9763 | Val Loss: 0.0716 | Val Acc: 0.9762 | Grad Norm: 0.0000 | Noise: 0.0000 | SNR: inf | Time: 9.02s
2025-03-03 16:54:38,817 - INFO - P1 (Round 5) - Epoch 5/10 | Loss: 0.0713 | Acc: 0.9762 | Val Loss: 0.0713 | Val Acc: 0.9762 | Grad Norm: 0.0000 | Noise: 0.0000 | SNR: inf | Time: 8.94s
2025-03-03 16:54:47,390 - INFO - P1 (Round 5) - Epoch 6/10 | Loss: 0.0709 | Acc: 0.9764 | Val Loss: 0.0716 | Val Acc: 0.9759 | Grad Norm: 0.0000 | Noise: 0.0000 | SNR: inf | Time: 8.57s
2025-03-03 16:54:56,062 - INFO - P1 (Round 5) - Epoch 7/10 | Loss: 0.0705 | Acc: 0.9764 | Val Loss: 0.0706 | Val Acc: 0.9762 | Grad Norm: 0.0000 | Noise: 0.0000 | SNR: inf | Time: 8.67s
2025-03-03 16:55:04,586 - INFO - P1 (Round 5) - Epoch 8/10 | Loss: 0.0703 | Acc: 0.9764 | Val Loss: 0.0711 | Val Acc: 0.9761 | Grad Norm: 0.0000 | Noise: 0.0000 | SNR: inf | Time: 8.52s
2025-03-03 16:55:13,103 - INFO - P1 (Round 5) - Epoch 9/10 | Loss: 0.0702 | Acc: 0.9766 | Val Loss: 0.0700 | Val Acc: 0.9766 | Grad Norm: 0.0000 | Noise: 0.0000 | SNR: inf | Time: 8.52s
2025-03-03 16:55:22,255 - INFO - P1 (Round 5) - Epoch 10/10 | Loss: 0.0699 | Acc: 0.9766 | Val Loss: 0.0706 | Val Acc: 0.9768 | Grad Norm: 0.0000 | Noise: 0.0000 | SNR: inf | Time: 9.15s
2025-03-03 16:55:22,255 - INFO - Training client P2 (Round 5) with noise_multiplier=None
2025-03-03 16:55:31,265 - INFO - P2 (Round 5) - Epoch 1/10 | Loss: 0.0717 | Acc: 0.9761 | Val Loss: 0.0710 | Val Acc: 0.9763 | Grad Norm: 0.0000 | Noise: 0.0000 | SNR: inf | Time: 9.01s
2025-03-03 16:55:39,876 - INFO - P2 (Round 5) - Epoch 2/10 | Loss: 0.0713 | Acc: 0.9764 | Val Loss: 0.0710 | Val Acc: 0.9764 | Grad Norm: 0.0000 | Noise: 0.0000 | SNR: inf | Time: 8.61s
2025-03-03 16:55:48,581 - INFO - P2 (Round 5) - Epoch 3/10 | Loss: 0.0709 | Acc: 0.9764 | Val Loss: 0.0729 | Val Acc: 0.9757 | Grad Norm: 0.0000 | Noise: 0.0000 | SNR: inf | Time: 8.71s
2025-03-03 16:55:57,481 - INFO - P2 (Round 5) - Epoch 4/10 | Loss: 0.0707 | Acc: 0.9765 | Val Loss: 0.0722 | Val Acc: 0.9754 | Grad Norm: 0.0000 | Noise: 0.0000 | SNR: inf | Time: 8.90s
2025-03-03 16:56:06,099 - INFO - P2 (Round 5) - Epoch 5/10 | Loss: 0.0703 | Acc: 0.9766 | Val Loss: 0.0711 | Val Acc: 0.9765 | Grad Norm: 0.0000 | Noise: 0.0000 | SNR: inf | Time: 8.62s
2025-03-03 16:56:15,104 - INFO - P2 (Round 5) - Epoch 6/10 | Loss: 0.0702 | Acc: 0.9765 | Val Loss: 0.0695 | Val Acc: 0.9769 | Grad Norm: 0.0000 | Noise: 0.0000 | SNR: inf | Time: 9.00s
2025-03-03 16:56:23,834 - INFO - P2 (Round 5) - Epoch 7/10 | Loss: 0.0698 | Acc: 0.9767 | Val Loss: 0.0694 | Val Acc: 0.9769 | Grad Norm: 0.0000 | Noise: 0.0000 | SNR: inf | Time: 8.73s
2025-03-03 16:56:31,824 - INFO - P2 (Round 5) - Epoch 8/10 | Loss: 0.0698 | Acc: 0.9767 | Val Loss: 0.0710 | Val Acc: 0.9765 | Grad Norm: 0.0000 | Noise: 0.0000 | SNR: inf | Time: 7.99s
2025-03-03 16:56:40,663 - INFO - P2 (Round 5) - Epoch 9/10 | Loss: 0.0694 | Acc: 0.9768 | Val Loss: 0.0731 | Val Acc: 0.9748 | Grad Norm: 0.0000 | Noise: 0.0000 | SNR: inf | Time: 8.84s
2025-03-03 16:56:49,567 - INFO - P2 (Round 5) - Epoch 10/10 | Loss: 0.0692 | Acc: 0.9770 | Val Loss: 0.0688 | Val Acc: 0.9773 | Grad Norm: 0.0000 | Noise: 0.0000 | SNR: inf | Time: 8.90s
2025-03-03 16:56:51,618 - INFO - Round 5/10 completed in 176.97s
2025-03-03 16:56:51,618 - INFO - Global Model - P1 Test: Loss = 0.0685, Accuracy = 0.9772
2025-03-03 16:56:51,618 - INFO - Global Model - P2 Test: Loss = 0.0684, Accuracy = 0.9772
2025-03-03 16:56:51,618 - INFO - Starting Round 6/10
2025-03-03 16:56:51,619 - INFO - Training client P1 (Round 6) with noise_multiplier=None
2025-03-03 16:57:00,076 - INFO - P1 (Round 6) - Epoch 1/10 | Loss: 0.0699 | Acc: 0.9767 | Val Loss: 0.0714 | Val Acc: 0.9764 | Grad Norm: 0.0000 | Noise: 0.0000 | SNR: inf | Time: 8.46s
2025-03-03 16:57:08,536 - INFO - P1 (Round 6) - Epoch 2/10 | Loss: 0.0698 | Acc: 0.9767 | Val Loss: 0.0705 | Val Acc: 0.9766 | Grad Norm: 0.0000 | Noise: 0.0000 | SNR: inf | Time: 8.46s
2025-03-03 16:57:17,268 - INFO - P1 (Round 6) - Epoch 3/10 | Loss: 0.0694 | Acc: 0.9768 | Val Loss: 0.0697 | Val Acc: 0.9771 | Grad Norm: 0.0000 | Noise: 0.0000 | SNR: inf | Time: 8.73s
2025-03-03 16:57:25,699 - INFO - P1 (Round 6) - Epoch 4/10 | Loss: 0.0693 | Acc: 0.9768 | Val Loss: 0.0703 | Val Acc: 0.9766 | Grad Norm: 0.0000 | Noise: 0.0000 | SNR: inf | Time: 8.43s
2025-03-03 16:57:34,375 - INFO - P1 (Round 6) - Epoch 5/10 | Loss: 0.0691 | Acc: 0.9769 | Val Loss: 0.0690 | Val Acc: 0.9768 | Grad Norm: 0.0000 | Noise: 0.0000 | SNR: inf | Time: 8.68s
2025-03-03 16:57:43,078 - INFO - P1 (Round 6) - Epoch 6/10 | Loss: 0.0690 | Acc: 0.9769 | Val Loss: 0.0701 | Val Acc: 0.9768 | Grad Norm: 0.0000 | Noise: 0.0000 | SNR: inf | Time: 8.70s
2025-03-03 16:57:51,584 - INFO - P1 (Round 6) - Epoch 7/10 | Loss: 0.0688 | Acc: 0.9769 | Val Loss: 0.0692 | Val Acc: 0.9767 | Grad Norm: 0.0000 | Noise: 0.0000 | SNR: inf | Time: 8.51s
2025-03-03 16:58:00,186 - INFO - P1 (Round 6) - Epoch 8/10 | Loss: 0.0686 | Acc: 0.9770 | Val Loss: 0.0706 | Val Acc: 0.9761 | Grad Norm: 0.0000 | Noise: 0.0000 | SNR: inf | Time: 8.60s
2025-03-03 16:58:09,050 - INFO - P1 (Round 6) - Epoch 9/10 | Loss: 0.0684 | Acc: 0.9771 | Val Loss: 0.0719 | Val Acc: 0.9762 | Grad Norm: 0.0000 | Noise: 0.0000 | SNR: inf | Time: 8.86s
2025-03-03 16:58:17,732 - INFO - P1 (Round 6) - Epoch 10/10 | Loss: 0.0685 | Acc: 0.9770 | Val Loss: 0.0686 | Val Acc: 0.9769 | Grad Norm: 0.0000 | Noise: 0.0000 | SNR: inf | Time: 8.68s
2025-03-03 16:58:17,732 - INFO - Training client P2 (Round 6) with noise_multiplier=None
2025-03-03 16:58:26,314 - INFO - P2 (Round 6) - Epoch 1/10 | Loss: 0.0693 | Acc: 0.9767 | Val Loss: 0.0683 | Val Acc: 0.9774 | Grad Norm: 0.0000 | Noise: 0.0000 | SNR: inf | Time: 8.58s
2025-03-03 16:58:34,557 - INFO - P2 (Round 6) - Epoch 2/10 | Loss: 0.0690 | Acc: 0.9769 | Val Loss: 0.0695 | Val Acc: 0.9768 | Grad Norm: 0.0000 | Noise: 0.0000 | SNR: inf | Time: 8.24s
2025-03-03 16:58:43,295 - INFO - P2 (Round 6) - Epoch 3/10 | Loss: 0.0688 | Acc: 0.9771 | Val Loss: 0.0710 | Val Acc: 0.9764 | Grad Norm: 0.0000 | Noise: 0.0000 | SNR: inf | Time: 8.74s
2025-03-03 16:58:52,423 - INFO - P2 (Round 6) - Epoch 4/10 | Loss: 0.0686 | Acc: 0.9769 | Val Loss: 0.0699 | Val Acc: 0.9766 | Grad Norm: 0.0000 | Noise: 0.0000 | SNR: inf | Time: 9.13s
2025-03-03 16:59:01,557 - INFO - P2 (Round 6) - Epoch 5/10 | Loss: 0.0683 | Acc: 0.9771 | Val Loss: 0.0687 | Val Acc: 0.9765 | Grad Norm: 0.0000 | Noise: 0.0000 | SNR: inf | Time: 9.13s
2025-03-03 16:59:09,347 - INFO - P2 (Round 6) - Epoch 6/10 | Loss: 0.0682 | Acc: 0.9771 | Val Loss: 0.0695 | Val Acc: 0.9767 | Grad Norm: 0.0000 | Noise: 0.0000 | SNR: inf | Time: 7.79s
2025-03-03 16:59:16,742 - INFO - P2 (Round 6) - Epoch 7/10 | Loss: 0.0680 | Acc: 0.9772 | Val Loss: 0.0681 | Val Acc: 0.9774 | Grad Norm: 0.0000 | Noise: 0.0000 | SNR: inf | Time: 7.39s
2025-03-03 16:59:24,721 - INFO - P2 (Round 6) - Epoch 8/10 | Loss: 0.0678 | Acc: 0.9772 | Val Loss: 0.0710 | Val Acc: 0.9757 | Grad Norm: 0.0000 | Noise: 0.0000 | SNR: inf | Time: 7.98s
2025-03-03 16:59:32,568 - INFO - P2 (Round 6) - Epoch 9/10 | Loss: 0.0677 | Acc: 0.9772 | Val Loss: 0.0689 | Val Acc: 0.9772 | Grad Norm: 0.0000 | Noise: 0.0000 | SNR: inf | Time: 7.85s
2025-03-03 16:59:39,951 - INFO - P2 (Round 6) - Epoch 10/10 | Loss: 0.0674 | Acc: 0.9773 | Val Loss: 0.0692 | Val Acc: 0.9767 | Grad Norm: 0.0000 | Noise: 0.0000 | SNR: inf | Time: 7.38s
2025-03-03 16:59:41,596 - INFO - Round 6/10 completed in 169.98s
2025-03-03 16:59:41,596 - INFO - Global Model - P1 Test: Loss = 0.0663, Accuracy = 0.9774
2025-03-03 16:59:41,596 - INFO - Global Model - P2 Test: Loss = 0.0662, Accuracy = 0.9778
2025-03-03 16:59:41,596 - INFO - Starting Round 7/10
2025-03-03 16:59:41,597 - INFO - Training client P1 (Round 7) with noise_multiplier=None
2025-03-03 16:59:48,928 - INFO - P1 (Round 7) - Epoch 1/10 | Loss: 0.0683 | Acc: 0.9771 | Val Loss: 0.0676 | Val Acc: 0.9770 | Grad Norm: 0.0000 | Noise: 0.0000 | SNR: inf | Time: 7.33s
2025-03-03 16:59:56,262 - INFO - P1 (Round 7) - Epoch 2/10 | Loss: 0.0681 | Acc: 0.9773 | Val Loss: 0.0677 | Val Acc: 0.9770 | Grad Norm: 0.0000 | Noise: 0.0000 | SNR: inf | Time: 7.33s
2025-03-03 17:00:03,574 - INFO - P1 (Round 7) - Epoch 3/10 | Loss: 0.0679 | Acc: 0.9772 | Val Loss: 0.0680 | Val Acc: 0.9772 | Grad Norm: 0.0000 | Noise: 0.0000 | SNR: inf | Time: 7.31s
2025-03-03 17:00:12,161 - INFO - P1 (Round 7) - Epoch 4/10 | Loss: 0.0676 | Acc: 0.9774 | Val Loss: 0.0679 | Val Acc: 0.9769 | Grad Norm: 0.0000 | Noise: 0.0000 | SNR: inf | Time: 8.59s
2025-03-03 17:00:21,665 - INFO - P1 (Round 7) - Epoch 5/10 | Loss: 0.0675 | Acc: 0.9774 | Val Loss: 0.0697 | Val Acc: 0.9763 | Grad Norm: 0.0000 | Noise: 0.0000 | SNR: inf | Time: 9.50s
2025-03-03 17:00:31,802 - INFO - P1 (Round 7) - Epoch 6/10 | Loss: 0.0672 | Acc: 0.9774 | Val Loss: 0.0683 | Val Acc: 0.9770 | Grad Norm: 0.0000 | Noise: 0.0000 | SNR: inf | Time: 10.14s
2025-03-03 17:00:41,938 - INFO - P1 (Round 7) - Epoch 7/10 | Loss: 0.0671 | Acc: 0.9774 | Val Loss: 0.0731 | Val Acc: 0.9755 | Grad Norm: 0.0000 | Noise: 0.0000 | SNR: inf | Time: 10.14s
2025-03-03 17:00:53,003 - INFO - P1 (Round 7) - Epoch 8/10 | Loss: 0.0669 | Acc: 0.9775 | Val Loss: 0.0677 | Val Acc: 0.9771 | Grad Norm: 0.0000 | Noise: 0.0000 | SNR: inf | Time: 11.07s
2025-03-03 17:01:03,262 - INFO - P1 (Round 7) - Epoch 9/10 | Loss: 0.0669 | Acc: 0.9776 | Val Loss: 0.0660 | Val Acc: 0.9780 | Grad Norm: 0.0000 | Noise: 0.0000 | SNR: inf | Time: 10.26s
2025-03-03 17:01:13,385 - INFO - P1 (Round 7) - Epoch 10/10 | Loss: 0.0664 | Acc: 0.9777 | Val Loss: 0.0697 | Val Acc: 0.9761 | Grad Norm: 0.0000 | Noise: 0.0000 | SNR: inf | Time: 10.12s
2025-03-03 17:01:13,385 - INFO - Training client P2 (Round 7) with noise_multiplier=None
2025-03-03 17:01:23,897 - INFO - P2 (Round 7) - Epoch 1/10 | Loss: 0.0675 | Acc: 0.9774 | Val Loss: 0.0673 | Val Acc: 0.9777 | Grad Norm: 0.0000 | Noise: 0.0000 | SNR: inf | Time: 10.51s
2025-03-03 17:01:35,458 - INFO - P2 (Round 7) - Epoch 2/10 | Loss: 0.0673 | Acc: 0.9774 | Val Loss: 0.0680 | Val Acc: 0.9771 | Grad Norm: 0.0000 | Noise: 0.0000 | SNR: inf | Time: 11.56s
2025-03-03 17:01:46,221 - INFO - P2 (Round 7) - Epoch 3/10 | Loss: 0.0670 | Acc: 0.9775 | Val Loss: 0.0708 | Val Acc: 0.9773 | Grad Norm: 0.0000 | Noise: 0.0000 | SNR: inf | Time: 10.76s
2025-03-03 17:01:56,638 - INFO - P2 (Round 7) - Epoch 4/10 | Loss: 0.0668 | Acc: 0.9775 | Val Loss: 0.0678 | Val Acc: 0.9777 | Grad Norm: 0.0000 | Noise: 0.0000 | SNR: inf | Time: 10.42s
2025-03-03 17:02:06,942 - INFO - P2 (Round 7) - Epoch 5/10 | Loss: 0.0669 | Acc: 0.9776 | Val Loss: 0.0669 | Val Acc: 0.9777 | Grad Norm: 0.0000 | Noise: 0.0000 | SNR: inf | Time: 10.30s
2025-03-03 17:02:17,656 - INFO - P2 (Round 7) - Epoch 6/10 | Loss: 0.0666 | Acc: 0.9777 | Val Loss: 0.0685 | Val Acc: 0.9773 | Grad Norm: 0.0000 | Noise: 0.0000 | SNR: inf | Time: 10.71s
2025-03-03 17:02:29,205 - INFO - P2 (Round 7) - Epoch 7/10 | Loss: 0.0664 | Acc: 0.9777 | Val Loss: 0.0677 | Val Acc: 0.9772 | Grad Norm: 0.0000 | Noise: 0.0000 | SNR: inf | Time: 11.55s
2025-03-03 17:02:40,133 - INFO - P2 (Round 7) - Epoch 8/10 | Loss: 0.0663 | Acc: 0.9778 | Val Loss: 0.0668 | Val Acc: 0.9775 | Grad Norm: 0.0000 | Noise: 0.0000 | SNR: inf | Time: 10.93s
2025-03-03 17:02:50,796 - INFO - P2 (Round 7) - Epoch 9/10 | Loss: 0.0661 | Acc: 0.9778 | Val Loss: 0.0675 | Val Acc: 0.9774 | Grad Norm: 0.0000 | Noise: 0.0000 | SNR: inf | Time: 10.66s
2025-03-03 17:03:01,429 - INFO - P2 (Round 7) - Epoch 10/10 | Loss: 0.0658 | Acc: 0.9779 | Val Loss: 0.0678 | Val Acc: 0.9774 | Grad Norm: 0.0000 | Noise: 0.0000 | SNR: inf | Time: 10.63s
2025-03-03 17:03:03,812 - INFO - Round 7/10 completed in 202.22s
2025-03-03 17:03:03,812 - INFO - Global Model - P1 Test: Loss = 0.0662, Accuracy = 0.9777
2025-03-03 17:03:03,812 - INFO - Global Model - P2 Test: Loss = 0.0656, Accuracy = 0.9778
2025-03-03 17:03:03,812 - INFO - Starting Round 8/10
2025-03-03 17:03:03,813 - INFO - Training client P1 (Round 8) with noise_multiplier=None
2025-03-03 17:03:14,507 - INFO - P1 (Round 8) - Epoch 1/10 | Loss: 0.0666 | Acc: 0.9777 | Val Loss: 0.0655 | Val Acc: 0.9784 | Grad Norm: 0.0000 | Noise: 0.0000 | SNR: inf | Time: 10.69s
2025-03-03 17:03:25,638 - INFO - P1 (Round 8) - Epoch 2/10 | Loss: 0.0662 | Acc: 0.9778 | Val Loss: 0.0659 | Val Acc: 0.9778 | Grad Norm: 0.0000 | Noise: 0.0000 | SNR: inf | Time: 11.13s
2025-03-03 17:03:36,573 - INFO - P1 (Round 8) - Epoch 3/10 | Loss: 0.0662 | Acc: 0.9778 | Val Loss: 0.0669 | Val Acc: 0.9777 | Grad Norm: 0.0000 | Noise: 0.0000 | SNR: inf | Time: 10.93s
2025-03-03 17:03:47,242 - INFO - P1 (Round 8) - Epoch 4/10 | Loss: 0.0659 | Acc: 0.9779 | Val Loss: 0.0661 | Val Acc: 0.9777 | Grad Norm: 0.0000 | Noise: 0.0000 | SNR: inf | Time: 10.67s
2025-03-03 17:03:58,099 - INFO - P1 (Round 8) - Epoch 5/10 | Loss: 0.0658 | Acc: 0.9779 | Val Loss: 0.0660 | Val Acc: 0.9781 | Grad Norm: 0.0000 | Noise: 0.0000 | SNR: inf | Time: 10.86s
2025-03-03 17:04:08,694 - INFO - P1 (Round 8) - Epoch 6/10 | Loss: 0.0656 | Acc: 0.9780 | Val Loss: 0.0675 | Val Acc: 0.9771 | Grad Norm: 0.0000 | Noise: 0.0000 | SNR: inf | Time: 10.59s
2025-03-03 17:04:19,618 - INFO - P1 (Round 8) - Epoch 7/10 | Loss: 0.0655 | Acc: 0.9780 | Val Loss: 0.0668 | Val Acc: 0.9776 | Grad Norm: 0.0000 | Noise: 0.0000 | SNR: inf | Time: 10.92s
2025-03-03 17:04:30,120 - INFO - P1 (Round 8) - Epoch 8/10 | Loss: 0.0654 | Acc: 0.9780 | Val Loss: 0.0667 | Val Acc: 0.9777 | Grad Norm: 0.0000 | Noise: 0.0000 | SNR: inf | Time: 10.50s
2025-03-03 17:04:40,865 - INFO - P1 (Round 8) - Epoch 9/10 | Loss: 0.0653 | Acc: 0.9781 | Val Loss: 0.0655 | Val Acc: 0.9783 | Grad Norm: 0.0000 | Noise: 0.0000 | SNR: inf | Time: 10.74s
2025-03-03 17:04:51,829 - INFO - P1 (Round 8) - Epoch 10/10 | Loss: 0.0650 | Acc: 0.9782 | Val Loss: 0.0663 | Val Acc: 0.9780 | Grad Norm: 0.0000 | Noise: 0.0000 | SNR: inf | Time: 10.96s
2025-03-03 17:04:51,829 - INFO - Training client P2 (Round 8) with noise_multiplier=None
2025-03-03 17:05:02,775 - INFO - P2 (Round 8) - Epoch 1/10 | Loss: 0.0659 | Acc: 0.9780 | Val Loss: 0.0667 | Val Acc: 0.9778 | Grad Norm: 0.0000 | Noise: 0.0000 | SNR: inf | Time: 10.95s
2025-03-03 17:05:13,666 - INFO - P2 (Round 8) - Epoch 2/10 | Loss: 0.0657 | Acc: 0.9780 | Val Loss: 0.0684 | Val Acc: 0.9777 | Grad Norm: 0.0000 | Noise: 0.0000 | SNR: inf | Time: 10.89s
2025-03-03 17:05:24,528 - INFO - P2 (Round 8) - Epoch 3/10 | Loss: 0.0657 | Acc: 0.9781 | Val Loss: 0.0667 | Val Acc: 0.9779 | Grad Norm: 0.0000 | Noise: 0.0000 | SNR: inf | Time: 10.86s
2025-03-03 17:05:35,358 - INFO - P2 (Round 8) - Epoch 4/10 | Loss: 0.0652 | Acc: 0.9782 | Val Loss: 0.0672 | Val Acc: 0.9777 | Grad Norm: 0.0000 | Noise: 0.0000 | SNR: inf | Time: 10.83s
2025-03-03 17:05:46,129 - INFO - P2 (Round 8) - Epoch 5/10 | Loss: 0.0652 | Acc: 0.9783 | Val Loss: 0.0660 | Val Acc: 0.9784 | Grad Norm: 0.0000 | Noise: 0.0000 | SNR: inf | Time: 10.77s
2025-03-03 17:05:56,926 - INFO - P2 (Round 8) - Epoch 6/10 | Loss: 0.0650 | Acc: 0.9784 | Val Loss: 0.0656 | Val Acc: 0.9781 | Grad Norm: 0.0000 | Noise: 0.0000 | SNR: inf | Time: 10.80s
2025-03-03 17:06:07,227 - INFO - P2 (Round 8) - Epoch 7/10 | Loss: 0.0649 | Acc: 0.9783 | Val Loss: 0.0656 | Val Acc: 0.9782 | Grad Norm: 0.0000 | Noise: 0.0000 | SNR: inf | Time: 10.30s
2025-03-03 17:06:17,819 - INFO - P2 (Round 8) - Epoch 8/10 | Loss: 0.0649 | Acc: 0.9783 | Val Loss: 0.0648 | Val Acc: 0.9782 | Grad Norm: 0.0000 | Noise: 0.0000 | SNR: inf | Time: 10.59s
2025-03-03 17:06:28,668 - INFO - P2 (Round 8) - Epoch 9/10 | Loss: 0.0648 | Acc: 0.9785 | Val Loss: 0.0652 | Val Acc: 0.9786 | Grad Norm: 0.0000 | Noise: 0.0000 | SNR: inf | Time: 10.85s
2025-03-03 17:06:39,170 - INFO - P2 (Round 8) - Epoch 10/10 | Loss: 0.0645 | Acc: 0.9785 | Val Loss: 0.0646 | Val Acc: 0.9787 | Grad Norm: 0.0000 | Noise: 0.0000 | SNR: inf | Time: 10.50s
2025-03-03 17:06:41,683 - INFO - Round 8/10 completed in 217.87s
2025-03-03 17:06:41,683 - INFO - Global Model - P1 Test: Loss = 0.0636, Accuracy = 0.9787
2025-03-03 17:06:41,683 - INFO - Global Model - P2 Test: Loss = 0.0635, Accuracy = 0.9788
2025-03-03 17:06:41,683 - INFO - Starting Round 9/10
2025-03-03 17:06:41,684 - INFO - Training client P1 (Round 9) with noise_multiplier=None
2025-03-03 17:06:52,365 - INFO - P1 (Round 9) - Epoch 1/10 | Loss: 0.0651 | Acc: 0.9783 | Val Loss: 0.0652 | Val Acc: 0.9782 | Grad Norm: 0.0000 | Noise: 0.0000 | SNR: inf | Time: 10.68s
2025-03-03 17:07:03,083 - INFO - P1 (Round 9) - Epoch 2/10 | Loss: 0.0651 | Acc: 0.9783 | Val Loss: 0.0655 | Val Acc: 0.9786 | Grad Norm: 0.0000 | Noise: 0.0000 | SNR: inf | Time: 10.72s
2025-03-03 17:07:13,527 - INFO - P1 (Round 9) - Epoch 3/10 | Loss: 0.0649 | Acc: 0.9784 | Val Loss: 0.0661 | Val Acc: 0.9778 | Grad Norm: 0.0000 | Noise: 0.0000 | SNR: inf | Time: 10.44s
2025-03-03 17:07:24,304 - INFO - P1 (Round 9) - Epoch 4/10 | Loss: 0.0647 | Acc: 0.9783 | Val Loss: 0.0655 | Val Acc: 0.9777 | Grad Norm: 0.0000 | Noise: 0.0000 | SNR: inf | Time: 10.78s
2025-03-03 17:07:35,095 - INFO - P1 (Round 9) - Epoch 5/10 | Loss: 0.0645 | Acc: 0.9784 | Val Loss: 0.0653 | Val Acc: 0.9782 | Grad Norm: 0.0000 | Noise: 0.0000 | SNR: inf | Time: 10.79s
2025-03-03 17:07:45,905 - INFO - P1 (Round 9) - Epoch 6/10 | Loss: 0.0646 | Acc: 0.9784 | Val Loss: 0.0669 | Val Acc: 0.9779 | Grad Norm: 0.0000 | Noise: 0.0000 | SNR: inf | Time: 10.81s
2025-03-03 17:07:56,857 - INFO - P1 (Round 9) - Epoch 7/10 | Loss: 0.0643 | Acc: 0.9785 | Val Loss: 0.0648 | Val Acc: 0.9784 | Grad Norm: 0.0000 | Noise: 0.0000 | SNR: inf | Time: 10.95s
2025-03-03 17:08:08,104 - INFO - P1 (Round 9) - Epoch 8/10 | Loss: 0.0643 | Acc: 0.9785 | Val Loss: 0.0651 | Val Acc: 0.9783 | Grad Norm: 0.0000 | Noise: 0.0000 | SNR: inf | Time: 11.25s
2025-03-03 17:08:18,286 - INFO - P1 (Round 9) - Epoch 9/10 | Loss: 0.0642 | Acc: 0.9786 | Val Loss: 0.0647 | Val Acc: 0.9786 | Grad Norm: 0.0000 | Noise: 0.0000 | SNR: inf | Time: 10.18s
2025-03-03 17:08:27,992 - INFO - P1 (Round 9) - Epoch 10/10 | Loss: 0.0639 | Acc: 0.9787 | Val Loss: 0.0651 | Val Acc: 0.9786 | Grad Norm: 0.0000 | Noise: 0.0000 | SNR: inf | Time: 9.71s
2025-03-03 17:08:27,992 - INFO - Training client P2 (Round 9) with noise_multiplier=None
2025-03-03 17:08:36,832 - INFO - P2 (Round 9) - Epoch 1/10 | Loss: 0.0646 | Acc: 0.9785 | Val Loss: 0.0642 | Val Acc: 0.9788 | Grad Norm: 0.0000 | Noise: 0.0000 | SNR: inf | Time: 8.84s
2025-03-03 17:08:45,664 - INFO - P2 (Round 9) - Epoch 2/10 | Loss: 0.0644 | Acc: 0.9785 | Val Loss: 0.0659 | Val Acc: 0.9784 | Grad Norm: 0.0000 | Noise: 0.0000 | SNR: inf | Time: 8.83s
2025-03-03 17:08:54,562 - INFO - P2 (Round 9) - Epoch 3/10 | Loss: 0.0644 | Acc: 0.9785 | Val Loss: 0.0652 | Val Acc: 0.9784 | Grad Norm: 0.0000 | Noise: 0.0000 | SNR: inf | Time: 8.90s
2025-03-03 17:09:03,189 - INFO - P2 (Round 9) - Epoch 4/10 | Loss: 0.0642 | Acc: 0.9786 | Val Loss: 0.0643 | Val Acc: 0.9786 | Grad Norm: 0.0000 | Noise: 0.0000 | SNR: inf | Time: 8.63s
2025-03-03 17:09:12,497 - INFO - P2 (Round 9) - Epoch 5/10 | Loss: 0.0643 | Acc: 0.9787 | Val Loss: 0.0637 | Val Acc: 0.9789 | Grad Norm: 0.0000 | Noise: 0.0000 | SNR: inf | Time: 9.31s
2025-03-03 17:09:21,632 - INFO - P2 (Round 9) - Epoch 6/10 | Loss: 0.0640 | Acc: 0.9786 | Val Loss: 0.0646 | Val Acc: 0.9790 | Grad Norm: 0.0000 | Noise: 0.0000 | SNR: inf | Time: 9.13s
2025-03-03 17:09:30,615 - INFO - P2 (Round 9) - Epoch 7/10 | Loss: 0.0640 | Acc: 0.9786 | Val Loss: 0.0645 | Val Acc: 0.9785 | Grad Norm: 0.0000 | Noise: 0.0000 | SNR: inf | Time: 8.98s
2025-03-03 17:09:39,923 - INFO - P2 (Round 9) - Epoch 8/10 | Loss: 0.0638 | Acc: 0.9788 | Val Loss: 0.0651 | Val Acc: 0.9786 | Grad Norm: 0.0000 | Noise: 0.0000 | SNR: inf | Time: 9.31s
2025-03-03 17:09:49,671 - INFO - P2 (Round 9) - Epoch 9/10 | Loss: 0.0637 | Acc: 0.9788 | Val Loss: 0.0640 | Val Acc: 0.9784 | Grad Norm: 0.0000 | Noise: 0.0000 | SNR: inf | Time: 9.75s
2025-03-03 17:09:59,648 - INFO - P2 (Round 9) - Epoch 10/10 | Loss: 0.0635 | Acc: 0.9788 | Val Loss: 0.0644 | Val Acc: 0.9789 | Grad Norm: 0.0000 | Noise: 0.0000 | SNR: inf | Time: 9.98s
2025-03-03 17:10:01,950 - INFO - Round 9/10 completed in 200.27s
2025-03-03 17:10:01,951 - INFO - Global Model - P1 Test: Loss = 0.0631, Accuracy = 0.9793
2025-03-03 17:10:01,951 - INFO - Global Model - P2 Test: Loss = 0.0630, Accuracy = 0.9793
2025-03-03 17:10:01,951 - INFO - Starting Round 10/10
2025-03-03 17:10:01,952 - INFO - Training client P1 (Round 10) with noise_multiplier=None
2025-03-03 17:10:12,625 - INFO - P1 (Round 10) - Epoch 1/10 | Loss: 0.0639 | Acc: 0.9786 | Val Loss: 0.0632 | Val Acc: 0.9790 | Grad Norm: 0.0000 | Noise: 0.0000 | SNR: inf | Time: 10.67s
2025-03-03 17:10:23,282 - INFO - P1 (Round 10) - Epoch 2/10 | Loss: 0.0639 | Acc: 0.9787 | Val Loss: 0.0641 | Val Acc: 0.9786 | Grad Norm: 0.0000 | Noise: 0.0000 | SNR: inf | Time: 10.66s
2025-03-03 17:10:34,171 - INFO - P1 (Round 10) - Epoch 3/10 | Loss: 0.0638 | Acc: 0.9787 | Val Loss: 0.0637 | Val Acc: 0.9790 | Grad Norm: 0.0000 | Noise: 0.0000 | SNR: inf | Time: 10.89s
2025-03-03 17:10:44,948 - INFO - P1 (Round 10) - Epoch 4/10 | Loss: 0.0637 | Acc: 0.9787 | Val Loss: 0.0650 | Val Acc: 0.9785 | Grad Norm: 0.0000 | Noise: 0.0000 | SNR: inf | Time: 10.78s
2025-03-03 17:10:55,521 - INFO - P1 (Round 10) - Epoch 5/10 | Loss: 0.0634 | Acc: 0.9788 | Val Loss: 0.0646 | Val Acc: 0.9792 | Grad Norm: 0.0000 | Noise: 0.0000 | SNR: inf | Time: 10.57s
2025-03-03 17:11:06,181 - INFO - P1 (Round 10) - Epoch 6/10 | Loss: 0.0632 | Acc: 0.9789 | Val Loss: 0.0650 | Val Acc: 0.9784 | Grad Norm: 0.0000 | Noise: 0.0000 | SNR: inf | Time: 10.66s
2025-03-03 17:11:17,233 - INFO - P1 (Round 10) - Epoch 7/10 | Loss: 0.0631 | Acc: 0.9790 | Val Loss: 0.0639 | Val Acc: 0.9786 | Grad Norm: 0.0000 | Noise: 0.0000 | SNR: inf | Time: 11.05s
2025-03-03 17:11:27,998 - INFO - P1 (Round 10) - Epoch 8/10 | Loss: 0.0630 | Acc: 0.9790 | Val Loss: 0.0640 | Val Acc: 0.9789 | Grad Norm: 0.0000 | Noise: 0.0000 | SNR: inf | Time: 10.76s
2025-03-03 17:11:38,745 - INFO - P1 (Round 10) - Epoch 9/10 | Loss: 0.0629 | Acc: 0.9790 | Val Loss: 0.0649 | Val Acc: 0.9787 | Grad Norm: 0.0000 | Noise: 0.0000 | SNR: inf | Time: 10.75s
2025-03-03 17:11:49,485 - INFO - P1 (Round 10) - Epoch 10/10 | Loss: 0.0630 | Acc: 0.9789 | Val Loss: 0.0631 | Val Acc: 0.9792 | Grad Norm: 0.0000 | Noise: 0.0000 | SNR: inf | Time: 10.74s
2025-03-03 17:11:49,485 - INFO - Training client P2 (Round 10) with noise_multiplier=None
2025-03-03 17:12:00,401 - INFO - P2 (Round 10) - Epoch 1/10 | Loss: 0.0635 | Acc: 0.9788 | Val Loss: 0.0635 | Val Acc: 0.9791 | Grad Norm: 0.0000 | Noise: 0.0000 | SNR: inf | Time: 10.92s
2025-03-03 17:12:10,466 - INFO - P2 (Round 10) - Epoch 2/10 | Loss: 0.0635 | Acc: 0.9788 | Val Loss: 0.0634 | Val Acc: 0.9790 | Grad Norm: 0.0000 | Noise: 0.0000 | SNR: inf | Time: 10.07s
2025-03-03 17:12:20,988 - INFO - P2 (Round 10) - Epoch 3/10 | Loss: 0.0634 | Acc: 0.9789 | Val Loss: 0.0626 | Val Acc: 0.9795 | Grad Norm: 0.0000 | Noise: 0.0000 | SNR: inf | Time: 10.52s
2025-03-03 17:12:31,771 - INFO - P2 (Round 10) - Epoch 4/10 | Loss: 0.0632 | Acc: 0.9789 | Val Loss: 0.0629 | Val Acc: 0.9790 | Grad Norm: 0.0000 | Noise: 0.0000 | SNR: inf | Time: 10.78s
2025-03-03 17:12:42,537 - INFO - P2 (Round 10) - Epoch 5/10 | Loss: 0.0633 | Acc: 0.9789 | Val Loss: 0.0634 | Val Acc: 0.9794 | Grad Norm: 0.0000 | Noise: 0.0000 | SNR: inf | Time: 10.77s
2025-03-03 17:12:53,329 - INFO - P2 (Round 10) - Epoch 6/10 | Loss: 0.0630 | Acc: 0.9790 | Val Loss: 0.0638 | Val Acc: 0.9788 | Grad Norm: 0.0000 | Noise: 0.0000 | SNR: inf | Time: 10.79s
2025-03-03 17:13:03,531 - INFO - P2 (Round 10) - Epoch 7/10 | Loss: 0.0629 | Acc: 0.9791 | Val Loss: 0.0634 | Val Acc: 0.9788 | Grad Norm: 0.0000 | Noise: 0.0000 | SNR: inf | Time: 10.20s
2025-03-03 17:13:14,088 - INFO - P2 (Round 10) - Epoch 8/10 | Loss: 0.0628 | Acc: 0.9791 | Val Loss: 0.0634 | Val Acc: 0.9789 | Grad Norm: 0.0000 | Noise: 0.0000 | SNR: inf | Time: 10.56s
2025-03-03 17:13:24,352 - INFO - P2 (Round 10) - Epoch 9/10 | Loss: 0.0629 | Acc: 0.9790 | Val Loss: 0.0625 | Val Acc: 0.9789 | Grad Norm: 0.0000 | Noise: 0.0000 | SNR: inf | Time: 10.26s
2025-03-03 17:13:35,465 - INFO - P2 (Round 10) - Epoch 10/10 | Loss: 0.0627 | Acc: 0.9792 | Val Loss: 0.0636 | Val Acc: 0.9791 | Grad Norm: 0.0000 | Noise: 0.0000 | SNR: inf | Time: 11.11s
2025-03-03 17:13:37,636 - INFO - Round 10/10 completed in 215.69s
2025-03-03 17:13:37,637 - INFO - Global Model - P1 Test: Loss = 0.0620, Accuracy = 0.9792
2025-03-03 17:13:37,637 - INFO - Global Model - P2 Test: Loss = 0.0618, Accuracy = 0.9794
2025-03-03 17:13:37,638 - INFO - Results saved to results/dp_experiments/results_p1_None_p2_None.json
2025-03-03 17:13:37,649 - INFO - Differential Privacy Experiment completed successfully
