2025-03-05 02:05:30,865 - INFO - Starting Suppression Experiment 120
2025-03-05 02:05:30,865 - INFO - P1 Features (6/14): ['protocol', 'bidirectional_min_ps', 'bidirectional_mean_ps', 'bidirectional_stddev_ps', 'bidirectional_max_ps', 'src2dst_stddev_ps']
2025-03-05 02:05:30,865 - INFO - P2 Features (7/14): ['protocol', 'bidirectional_min_ps', 'bidirectional_mean_ps', 'bidirectional_stddev_ps', 'bidirectional_max_ps', 'src2dst_stddev_ps', 'src2dst_max_ps']
2025-03-05 02:05:43,686 - INFO - P1 (Round 1) - Epoch 1/10 | Loss: 0.5257 | Acc: 0.8111 | Val Loss: 0.3439 | Val Acc: 0.8779 | Time: 12.71s
2025-03-05 02:05:56,595 - INFO - P1 (Round 1) - Epoch 2/10 | Loss: 0.2784 | Acc: 0.9039 | Val Loss: 0.2318 | Val Acc: 0.9264 | Time: 12.91s
2025-03-05 02:06:08,891 - INFO - P1 (Round 1) - Epoch 3/10 | Loss: 0.2170 | Acc: 0.9296 | Val Loss: 0.2016 | Val Acc: 0.9355 | Time: 12.30s
2025-03-05 02:06:20,953 - INFO - P1 (Round 1) - Epoch 4/10 | Loss: 0.1968 | Acc: 0.9369 | Val Loss: 0.1883 | Val Acc: 0.9401 | Time: 12.06s
2025-03-05 02:06:33,643 - INFO - P1 (Round 1) - Epoch 5/10 | Loss: 0.1855 | Acc: 0.9402 | Val Loss: 0.1803 | Val Acc: 0.9429 | Time: 12.69s
2025-03-05 02:06:45,871 - INFO - P1 (Round 1) - Epoch 6/10 | Loss: 0.1783 | Acc: 0.9425 | Val Loss: 0.1752 | Val Acc: 0.9448 | Time: 12.23s
2025-03-05 02:06:58,858 - INFO - P1 (Round 1) - Epoch 7/10 | Loss: 0.1725 | Acc: 0.9446 | Val Loss: 0.1724 | Val Acc: 0.9446 | Time: 12.99s
2025-03-05 02:07:11,123 - INFO - P1 (Round 1) - Epoch 8/10 | Loss: 0.1674 | Acc: 0.9462 | Val Loss: 0.1640 | Val Acc: 0.9479 | Time: 12.26s
2025-03-05 02:07:23,292 - INFO - P1 (Round 1) - Epoch 9/10 | Loss: 0.1628 | Acc: 0.9481 | Val Loss: 0.1611 | Val Acc: 0.9506 | Time: 12.17s
2025-03-05 02:07:35,579 - INFO - P1 (Round 1) - Epoch 10/10 | Loss: 0.1586 | Acc: 0.9496 | Val Loss: 0.1575 | Val Acc: 0.9517 | Time: 12.29s
2025-03-05 02:07:47,640 - INFO - P2 (Round 1) - Epoch 1/10 | Loss: 0.4662 | Acc: 0.8387 | Val Loss: 0.3009 | Val Acc: 0.8947 | Time: 12.06s
2025-03-05 02:08:00,605 - INFO - P2 (Round 1) - Epoch 2/10 | Loss: 0.2565 | Acc: 0.9176 | Val Loss: 0.2155 | Val Acc: 0.9382 | Time: 12.96s
2025-03-05 02:08:14,638 - INFO - P2 (Round 1) - Epoch 3/10 | Loss: 0.1948 | Acc: 0.9438 | Val Loss: 0.1816 | Val Acc: 0.9486 | Time: 14.03s
2025-03-05 02:08:27,055 - INFO - P2 (Round 1) - Epoch 4/10 | Loss: 0.1722 | Acc: 0.9512 | Val Loss: 0.1641 | Val Acc: 0.9527 | Time: 12.42s
2025-03-05 02:08:39,171 - INFO - P2 (Round 1) - Epoch 5/10 | Loss: 0.1584 | Acc: 0.9543 | Val Loss: 0.1537 | Val Acc: 0.9549 | Time: 12.12s
2025-03-05 02:08:51,114 - INFO - P2 (Round 1) - Epoch 6/10 | Loss: 0.1498 | Acc: 0.9563 | Val Loss: 0.1473 | Val Acc: 0.9572 | Time: 11.94s
2025-03-05 02:09:03,114 - INFO - P2 (Round 1) - Epoch 7/10 | Loss: 0.1439 | Acc: 0.9578 | Val Loss: 0.1419 | Val Acc: 0.9584 | Time: 12.00s
2025-03-05 02:09:15,592 - INFO - P2 (Round 1) - Epoch 8/10 | Loss: 0.1388 | Acc: 0.9588 | Val Loss: 0.1369 | Val Acc: 0.9589 | Time: 12.48s
2025-03-05 02:09:28,625 - INFO - P2 (Round 1) - Epoch 9/10 | Loss: 0.1345 | Acc: 0.9597 | Val Loss: 0.1336 | Val Acc: 0.9598 | Time: 13.03s
2025-03-05 02:09:41,220 - INFO - P2 (Round 1) - Epoch 10/10 | Loss: 0.1307 | Acc: 0.9607 | Val Loss: 0.1316 | Val Acc: 0.9609 | Time: 12.59s
2025-03-05 02:09:43,949 - INFO - Round 1 completed in 252.98s
2025-03-05 02:09:43,950 - INFO - Global Model - P1 Test: Loss = 3.7946, Accuracy = 0.6465
2025-03-05 02:09:43,950 - INFO - Global Model - P2 Test: Loss = 3.1017, Accuracy = 0.6674
2025-03-05 02:09:55,967 - INFO - P1 (Round 2) - Epoch 1/10 | Loss: 0.2733 | Acc: 0.9122 | Val Loss: 0.2054 | Val Acc: 0.9300 | Time: 12.02s
2025-03-05 02:10:08,196 - INFO - P1 (Round 2) - Epoch 2/10 | Loss: 0.1906 | Acc: 0.9370 | Val Loss: 0.1822 | Val Acc: 0.9425 | Time: 12.23s
2025-03-05 02:10:20,781 - INFO - P1 (Round 2) - Epoch 3/10 | Loss: 0.1747 | Acc: 0.9432 | Val Loss: 0.1694 | Val Acc: 0.9463 | Time: 12.58s
2025-03-05 02:10:33,672 - INFO - P1 (Round 2) - Epoch 4/10 | Loss: 0.1653 | Acc: 0.9465 | Val Loss: 0.1637 | Val Acc: 0.9508 | Time: 12.89s
2025-03-05 02:10:43,623 - INFO - P1 (Round 2) - Epoch 5/10 | Loss: 0.1591 | Acc: 0.9485 | Val Loss: 0.1582 | Val Acc: 0.9493 | Time: 9.95s
2025-03-05 02:10:53,797 - INFO - P1 (Round 2) - Epoch 6/10 | Loss: 0.1556 | Acc: 0.9498 | Val Loss: 0.1551 | Val Acc: 0.9506 | Time: 10.17s
2025-03-05 02:11:03,914 - INFO - P1 (Round 2) - Epoch 7/10 | Loss: 0.1532 | Acc: 0.9506 | Val Loss: 0.1526 | Val Acc: 0.9508 | Time: 10.12s
2025-03-05 02:11:14,218 - INFO - P1 (Round 2) - Epoch 8/10 | Loss: 0.1510 | Acc: 0.9514 | Val Loss: 0.1515 | Val Acc: 0.9497 | Time: 10.30s
2025-03-05 02:11:24,397 - INFO - P1 (Round 2) - Epoch 9/10 | Loss: 0.1491 | Acc: 0.9518 | Val Loss: 0.1485 | Val Acc: 0.9510 | Time: 10.18s
2025-03-05 02:11:35,045 - INFO - P1 (Round 2) - Epoch 10/10 | Loss: 0.1469 | Acc: 0.9525 | Val Loss: 0.1465 | Val Acc: 0.9515 | Time: 10.65s
2025-03-05 02:11:46,463 - INFO - P2 (Round 2) - Epoch 1/10 | Loss: 0.2335 | Acc: 0.9301 | Val Loss: 0.1740 | Val Acc: 0.9482 | Time: 11.42s
2025-03-05 02:11:56,499 - INFO - P2 (Round 2) - Epoch 2/10 | Loss: 0.1622 | Acc: 0.9509 | Val Loss: 0.1539 | Val Acc: 0.9542 | Time: 10.04s
2025-03-05 02:12:06,557 - INFO - P2 (Round 2) - Epoch 3/10 | Loss: 0.1456 | Acc: 0.9573 | Val Loss: 0.1436 | Val Acc: 0.9583 | Time: 10.06s
2025-03-05 02:12:17,011 - INFO - P2 (Round 2) - Epoch 4/10 | Loss: 0.1375 | Acc: 0.9600 | Val Loss: 0.1373 | Val Acc: 0.9606 | Time: 10.45s
2025-03-05 02:12:27,053 - INFO - P2 (Round 2) - Epoch 5/10 | Loss: 0.1320 | Acc: 0.9614 | Val Loss: 0.1322 | Val Acc: 0.9618 | Time: 10.04s
2025-03-05 02:12:36,910 - INFO - P2 (Round 2) - Epoch 6/10 | Loss: 0.1283 | Acc: 0.9625 | Val Loss: 0.1284 | Val Acc: 0.9624 | Time: 9.86s
2025-03-05 02:12:47,475 - INFO - P2 (Round 2) - Epoch 7/10 | Loss: 0.1252 | Acc: 0.9633 | Val Loss: 0.1260 | Val Acc: 0.9634 | Time: 10.56s
2025-03-05 02:12:58,764 - INFO - P2 (Round 2) - Epoch 8/10 | Loss: 0.1225 | Acc: 0.9641 | Val Loss: 0.1241 | Val Acc: 0.9633 | Time: 11.29s
2025-03-05 02:13:08,495 - INFO - P2 (Round 2) - Epoch 9/10 | Loss: 0.1201 | Acc: 0.9644 | Val Loss: 0.1208 | Val Acc: 0.9643 | Time: 9.73s
2025-03-05 02:13:18,621 - INFO - P2 (Round 2) - Epoch 10/10 | Loss: 0.1180 | Acc: 0.9650 | Val Loss: 0.1207 | Val Acc: 0.9638 | Time: 10.13s
2025-03-05 02:13:21,024 - INFO - Round 2 completed in 217.07s
2025-03-05 02:13:21,024 - INFO - Global Model - P1 Test: Loss = 1.5200, Accuracy = 0.7425
2025-03-05 02:13:21,024 - INFO - Global Model - P2 Test: Loss = 0.8718, Accuracy = 0.8300
2025-03-05 02:13:31,102 - INFO - P1 (Round 3) - Epoch 1/10 | Loss: 0.1674 | Acc: 0.9467 | Val Loss: 0.1557 | Val Acc: 0.9522 | Time: 10.08s
2025-03-05 02:13:41,389 - INFO - P1 (Round 3) - Epoch 2/10 | Loss: 0.1503 | Acc: 0.9519 | Val Loss: 0.1506 | Val Acc: 0.9516 | Time: 10.29s
2025-03-05 02:13:51,697 - INFO - P1 (Round 3) - Epoch 3/10 | Loss: 0.1460 | Acc: 0.9531 | Val Loss: 0.1445 | Val Acc: 0.9548 | Time: 10.31s
2025-03-05 02:14:03,458 - INFO - P1 (Round 3) - Epoch 4/10 | Loss: 0.1431 | Acc: 0.9539 | Val Loss: 0.1438 | Val Acc: 0.9551 | Time: 11.76s
2025-03-05 02:14:13,649 - INFO - P1 (Round 3) - Epoch 5/10 | Loss: 0.1412 | Acc: 0.9544 | Val Loss: 0.1431 | Val Acc: 0.9544 | Time: 10.19s
2025-03-05 02:14:24,306 - INFO - P1 (Round 3) - Epoch 6/10 | Loss: 0.1395 | Acc: 0.9551 | Val Loss: 0.1392 | Val Acc: 0.9561 | Time: 10.66s
2025-03-05 02:14:34,416 - INFO - P1 (Round 3) - Epoch 7/10 | Loss: 0.1380 | Acc: 0.9555 | Val Loss: 0.1398 | Val Acc: 0.9559 | Time: 10.11s
2025-03-05 02:14:44,575 - INFO - P1 (Round 3) - Epoch 8/10 | Loss: 0.1366 | Acc: 0.9560 | Val Loss: 0.1373 | Val Acc: 0.9564 | Time: 10.16s
2025-03-05 02:14:54,582 - INFO - P1 (Round 3) - Epoch 9/10 | Loss: 0.1353 | Acc: 0.9563 | Val Loss: 0.1349 | Val Acc: 0.9574 | Time: 10.01s
2025-03-05 02:15:04,414 - INFO - P1 (Round 3) - Epoch 10/10 | Loss: 0.1342 | Acc: 0.9566 | Val Loss: 0.1362 | Val Acc: 0.9569 | Time: 9.83s
2025-03-05 02:15:16,466 - INFO - P2 (Round 3) - Epoch 1/10 | Loss: 0.1367 | Acc: 0.9590 | Val Loss: 0.1269 | Val Acc: 0.9624 | Time: 12.05s
2025-03-05 02:15:26,978 - INFO - P2 (Round 3) - Epoch 2/10 | Loss: 0.1222 | Acc: 0.9628 | Val Loss: 0.1203 | Val Acc: 0.9639 | Time: 10.51s
2025-03-05 02:15:37,150 - INFO - P2 (Round 3) - Epoch 3/10 | Loss: 0.1180 | Acc: 0.9640 | Val Loss: 0.1186 | Val Acc: 0.9655 | Time: 10.17s
2025-03-05 02:15:47,110 - INFO - P2 (Round 3) - Epoch 4/10 | Loss: 0.1146 | Acc: 0.9652 | Val Loss: 0.1131 | Val Acc: 0.9663 | Time: 9.96s
2025-03-05 02:15:57,319 - INFO - P2 (Round 3) - Epoch 5/10 | Loss: 0.1125 | Acc: 0.9660 | Val Loss: 0.1120 | Val Acc: 0.9670 | Time: 10.21s
2025-03-05 02:16:07,434 - INFO - P2 (Round 3) - Epoch 6/10 | Loss: 0.1108 | Acc: 0.9666 | Val Loss: 0.1109 | Val Acc: 0.9667 | Time: 10.11s
2025-03-05 02:16:17,776 - INFO - P2 (Round 3) - Epoch 7/10 | Loss: 0.1094 | Acc: 0.9670 | Val Loss: 0.1093 | Val Acc: 0.9666 | Time: 10.34s
2025-03-05 02:16:30,294 - INFO - P2 (Round 3) - Epoch 8/10 | Loss: 0.1084 | Acc: 0.9672 | Val Loss: 0.1092 | Val Acc: 0.9678 | Time: 12.52s
2025-03-05 02:16:40,767 - INFO - P2 (Round 3) - Epoch 9/10 | Loss: 0.1076 | Acc: 0.9675 | Val Loss: 0.1095 | Val Acc: 0.9673 | Time: 10.47s
2025-03-05 02:16:50,998 - INFO - P2 (Round 3) - Epoch 10/10 | Loss: 0.1068 | Acc: 0.9677 | Val Loss: 0.1074 | Val Acc: 0.9682 | Time: 10.23s
2025-03-05 02:16:53,314 - INFO - Round 3 completed in 212.29s
2025-03-05 02:16:53,314 - INFO - Global Model - P1 Test: Loss = 0.8752, Accuracy = 0.8047
2025-03-05 02:16:53,314 - INFO - Global Model - P2 Test: Loss = 0.3898, Accuracy = 0.9059
2025-03-05 02:17:03,312 - INFO - P1 (Round 4) - Epoch 1/10 | Loss: 0.1490 | Acc: 0.9518 | Val Loss: 0.1455 | Val Acc: 0.9535 | Time: 10.00s
2025-03-05 02:17:13,310 - INFO - P1 (Round 4) - Epoch 2/10 | Loss: 0.1389 | Acc: 0.9553 | Val Loss: 0.1370 | Val Acc: 0.9562 | Time: 10.00s
2025-03-05 02:17:23,201 - INFO - P1 (Round 4) - Epoch 3/10 | Loss: 0.1366 | Acc: 0.9560 | Val Loss: 0.1373 | Val Acc: 0.9580 | Time: 9.89s
2025-03-05 02:17:33,945 - INFO - P1 (Round 4) - Epoch 4/10 | Loss: 0.1353 | Acc: 0.9563 | Val Loss: 0.1360 | Val Acc: 0.9558 | Time: 10.74s
2025-03-05 02:17:45,051 - INFO - P1 (Round 4) - Epoch 5/10 | Loss: 0.1339 | Acc: 0.9569 | Val Loss: 0.1341 | Val Acc: 0.9577 | Time: 11.11s
2025-03-05 02:17:55,137 - INFO - P1 (Round 4) - Epoch 6/10 | Loss: 0.1330 | Acc: 0.9570 | Val Loss: 0.1329 | Val Acc: 0.9583 | Time: 10.09s
2025-03-05 02:18:08,520 - INFO - P1 (Round 4) - Epoch 7/10 | Loss: 0.1320 | Acc: 0.9573 | Val Loss: 0.1353 | Val Acc: 0.9585 | Time: 13.38s
2025-03-05 02:18:20,262 - INFO - P1 (Round 4) - Epoch 8/10 | Loss: 0.1313 | Acc: 0.9577 | Val Loss: 0.1311 | Val Acc: 0.9586 | Time: 11.74s
2025-03-05 02:18:32,082 - INFO - P1 (Round 4) - Epoch 9/10 | Loss: 0.1305 | Acc: 0.9579 | Val Loss: 0.1307 | Val Acc: 0.9585 | Time: 11.82s
2025-03-05 02:18:44,168 - INFO - P1 (Round 4) - Epoch 10/10 | Loss: 0.1300 | Acc: 0.9582 | Val Loss: 0.1293 | Val Acc: 0.9585 | Time: 12.09s
2025-03-05 02:18:57,065 - INFO - P2 (Round 4) - Epoch 1/10 | Loss: 0.1180 | Acc: 0.9638 | Val Loss: 0.1130 | Val Acc: 0.9659 | Time: 12.90s
2025-03-05 02:19:09,462 - INFO - P2 (Round 4) - Epoch 2/10 | Loss: 0.1107 | Acc: 0.9666 | Val Loss: 0.1110 | Val Acc: 0.9675 | Time: 12.40s
2025-03-05 02:19:22,086 - INFO - P2 (Round 4) - Epoch 3/10 | Loss: 0.1086 | Acc: 0.9673 | Val Loss: 0.1081 | Val Acc: 0.9676 | Time: 12.62s
2025-03-05 02:19:34,465 - INFO - P2 (Round 4) - Epoch 4/10 | Loss: 0.1071 | Acc: 0.9677 | Val Loss: 0.1061 | Val Acc: 0.9681 | Time: 12.38s
2025-03-05 02:19:46,664 - INFO - P2 (Round 4) - Epoch 5/10 | Loss: 0.1061 | Acc: 0.9680 | Val Loss: 0.1067 | Val Acc: 0.9680 | Time: 12.20s
2025-03-05 02:19:58,894 - INFO - P2 (Round 4) - Epoch 6/10 | Loss: 0.1053 | Acc: 0.9683 | Val Loss: 0.1055 | Val Acc: 0.9689 | Time: 12.23s
2025-03-05 02:20:11,751 - INFO - P2 (Round 4) - Epoch 7/10 | Loss: 0.1046 | Acc: 0.9684 | Val Loss: 0.1045 | Val Acc: 0.9691 | Time: 12.85s
2025-03-05 02:20:23,594 - INFO - P2 (Round 4) - Epoch 8/10 | Loss: 0.1041 | Acc: 0.9686 | Val Loss: 0.1040 | Val Acc: 0.9693 | Time: 11.84s
2025-03-05 02:20:36,007 - INFO - P2 (Round 4) - Epoch 9/10 | Loss: 0.1035 | Acc: 0.9686 | Val Loss: 0.1055 | Val Acc: 0.9685 | Time: 12.41s
2025-03-05 02:20:48,653 - INFO - P2 (Round 4) - Epoch 10/10 | Loss: 0.1030 | Acc: 0.9689 | Val Loss: 0.1041 | Val Acc: 0.9688 | Time: 12.65s
2025-03-05 02:20:51,288 - INFO - Round 4 completed in 237.97s
2025-03-05 02:20:51,288 - INFO - Global Model - P1 Test: Loss = 0.9300, Accuracy = 0.7936
2025-03-05 02:20:51,288 - INFO - Global Model - P2 Test: Loss = 0.4416, Accuracy = 0.8930
2025-03-05 02:21:03,103 - INFO - P1 (Round 5) - Epoch 1/10 | Loss: 0.1412 | Acc: 0.9541 | Val Loss: 0.1333 | Val Acc: 0.9579 | Time: 11.81s
2025-03-05 02:21:16,122 - INFO - P1 (Round 5) - Epoch 2/10 | Loss: 0.1323 | Acc: 0.9575 | Val Loss: 0.1339 | Val Acc: 0.9572 | Time: 13.02s
2025-03-05 02:21:28,720 - INFO - P1 (Round 5) - Epoch 3/10 | Loss: 0.1307 | Acc: 0.9579 | Val Loss: 0.1295 | Val Acc: 0.9590 | Time: 12.60s
2025-03-05 02:21:40,804 - INFO - P1 (Round 5) - Epoch 4/10 | Loss: 0.1295 | Acc: 0.9583 | Val Loss: 0.1289 | Val Acc: 0.9584 | Time: 12.08s
2025-03-05 02:21:52,490 - INFO - P1 (Round 5) - Epoch 5/10 | Loss: 0.1287 | Acc: 0.9587 | Val Loss: 0.1321 | Val Acc: 0.9590 | Time: 11.69s
2025-03-05 02:22:04,508 - INFO - P1 (Round 5) - Epoch 6/10 | Loss: 0.1280 | Acc: 0.9590 | Val Loss: 0.1283 | Val Acc: 0.9597 | Time: 12.02s
2025-03-05 02:22:16,627 - INFO - P1 (Round 5) - Epoch 7/10 | Loss: 0.1274 | Acc: 0.9592 | Val Loss: 0.1260 | Val Acc: 0.9601 | Time: 12.12s
2025-03-05 02:22:29,858 - INFO - P1 (Round 5) - Epoch 8/10 | Loss: 0.1267 | Acc: 0.9593 | Val Loss: 0.1291 | Val Acc: 0.9578 | Time: 13.23s
2025-03-05 02:22:41,674 - INFO - P1 (Round 5) - Epoch 9/10 | Loss: 0.1263 | Acc: 0.9594 | Val Loss: 0.1255 | Val Acc: 0.9600 | Time: 11.82s
2025-03-05 02:22:54,410 - INFO - P1 (Round 5) - Epoch 10/10 | Loss: 0.1257 | Acc: 0.9596 | Val Loss: 0.1242 | Val Acc: 0.9599 | Time: 12.74s
2025-03-05 02:23:06,743 - INFO - P2 (Round 5) - Epoch 1/10 | Loss: 0.1117 | Acc: 0.9660 | Val Loss: 0.1081 | Val Acc: 0.9673 | Time: 12.33s
2025-03-05 02:23:18,764 - INFO - P2 (Round 5) - Epoch 2/10 | Loss: 0.1062 | Acc: 0.9680 | Val Loss: 0.1060 | Val Acc: 0.9694 | Time: 12.02s
2025-03-05 02:23:30,892 - INFO - P2 (Round 5) - Epoch 3/10 | Loss: 0.1046 | Acc: 0.9685 | Val Loss: 0.1054 | Val Acc: 0.9664 | Time: 12.13s
2025-03-05 02:23:43,667 - INFO - P2 (Round 5) - Epoch 4/10 | Loss: 0.1035 | Acc: 0.9688 | Val Loss: 0.1054 | Val Acc: 0.9687 | Time: 12.77s
2025-03-05 02:23:55,394 - INFO - P2 (Round 5) - Epoch 5/10 | Loss: 0.1028 | Acc: 0.9690 | Val Loss: 0.1036 | Val Acc: 0.9682 | Time: 11.73s
2025-03-05 02:24:07,313 - INFO - P2 (Round 5) - Epoch 6/10 | Loss: 0.1024 | Acc: 0.9690 | Val Loss: 0.1019 | Val Acc: 0.9696 | Time: 11.92s
2025-03-05 02:24:19,280 - INFO - P2 (Round 5) - Epoch 7/10 | Loss: 0.1016 | Acc: 0.9693 | Val Loss: 0.1033 | Val Acc: 0.9692 | Time: 11.97s
2025-03-05 02:24:31,146 - INFO - P2 (Round 5) - Epoch 8/10 | Loss: 0.1011 | Acc: 0.9694 | Val Loss: 0.1023 | Val Acc: 0.9691 | Time: 11.87s
2025-03-05 02:24:43,669 - INFO - P2 (Round 5) - Epoch 9/10 | Loss: 0.1009 | Acc: 0.9695 | Val Loss: 0.1017 | Val Acc: 0.9698 | Time: 12.52s
2025-03-05 02:24:56,229 - INFO - P2 (Round 5) - Epoch 10/10 | Loss: 0.1002 | Acc: 0.9697 | Val Loss: 0.1014 | Val Acc: 0.9692 | Time: 12.56s
2025-03-05 02:24:58,670 - INFO - Round 5 completed in 247.38s
2025-03-05 02:24:58,671 - INFO - Global Model - P1 Test: Loss = 0.9563, Accuracy = 0.8011
2025-03-05 02:24:58,671 - INFO - Global Model - P2 Test: Loss = 0.4406, Accuracy = 0.8967
2025-03-05 02:25:10,660 - INFO - P1 (Round 6) - Epoch 1/10 | Loss: 0.1361 | Acc: 0.9560 | Val Loss: 0.1319 | Val Acc: 0.9580 | Time: 11.99s
2025-03-05 02:25:22,519 - INFO - P1 (Round 6) - Epoch 2/10 | Loss: 0.1282 | Acc: 0.9588 | Val Loss: 0.1317 | Val Acc: 0.9574 | Time: 11.86s
2025-03-05 02:25:34,346 - INFO - P1 (Round 6) - Epoch 3/10 | Loss: 0.1270 | Acc: 0.9592 | Val Loss: 0.1256 | Val Acc: 0.9606 | Time: 11.83s
2025-03-05 02:25:46,410 - INFO - P1 (Round 6) - Epoch 4/10 | Loss: 0.1261 | Acc: 0.9594 | Val Loss: 0.1250 | Val Acc: 0.9603 | Time: 12.06s
2025-03-05 02:25:59,568 - INFO - P1 (Round 6) - Epoch 5/10 | Loss: 0.1254 | Acc: 0.9596 | Val Loss: 0.1252 | Val Acc: 0.9598 | Time: 13.16s
2025-03-05 02:26:11,981 - INFO - P1 (Round 6) - Epoch 6/10 | Loss: 0.1248 | Acc: 0.9600 | Val Loss: 0.1273 | Val Acc: 0.9599 | Time: 12.41s
2025-03-05 02:26:24,042 - INFO - P1 (Round 6) - Epoch 7/10 | Loss: 0.1243 | Acc: 0.9600 | Val Loss: 0.1242 | Val Acc: 0.9605 | Time: 12.06s
2025-03-05 02:26:36,308 - INFO - P1 (Round 6) - Epoch 8/10 | Loss: 0.1241 | Acc: 0.9600 | Val Loss: 0.1290 | Val Acc: 0.9562 | Time: 12.27s
2025-03-05 02:26:48,628 - INFO - P1 (Round 6) - Epoch 9/10 | Loss: 0.1237 | Acc: 0.9603 | Val Loss: 0.1215 | Val Acc: 0.9617 | Time: 12.32s
2025-03-05 02:27:00,380 - INFO - P1 (Round 6) - Epoch 10/10 | Loss: 0.1233 | Acc: 0.9604 | Val Loss: 0.1219 | Val Acc: 0.9614 | Time: 11.75s
2025-03-05 02:27:13,515 - INFO - P2 (Round 6) - Epoch 1/10 | Loss: 0.1062 | Acc: 0.9678 | Val Loss: 0.1034 | Val Acc: 0.9683 | Time: 13.13s
2025-03-05 02:27:25,490 - INFO - P2 (Round 6) - Epoch 2/10 | Loss: 0.1014 | Acc: 0.9694 | Val Loss: 0.1012 | Val Acc: 0.9702 | Time: 11.98s
2025-03-05 02:27:37,232 - INFO - P2 (Round 6) - Epoch 3/10 | Loss: 0.1004 | Acc: 0.9698 | Val Loss: 0.1026 | Val Acc: 0.9693 | Time: 11.74s
2025-03-05 02:27:49,184 - INFO - P2 (Round 6) - Epoch 4/10 | Loss: 0.0997 | Acc: 0.9698 | Val Loss: 0.0999 | Val Acc: 0.9706 | Time: 11.95s
2025-03-05 02:28:01,258 - INFO - P2 (Round 6) - Epoch 5/10 | Loss: 0.0994 | Acc: 0.9700 | Val Loss: 0.1012 | Val Acc: 0.9695 | Time: 12.07s
2025-03-05 02:28:13,628 - INFO - P2 (Round 6) - Epoch 6/10 | Loss: 0.0989 | Acc: 0.9702 | Val Loss: 0.1005 | Val Acc: 0.9694 | Time: 12.37s
2025-03-05 02:28:26,741 - INFO - P2 (Round 6) - Epoch 7/10 | Loss: 0.0986 | Acc: 0.9702 | Val Loss: 0.0993 | Val Acc: 0.9709 | Time: 13.11s
2025-03-05 02:28:39,175 - INFO - P2 (Round 6) - Epoch 8/10 | Loss: 0.0981 | Acc: 0.9704 | Val Loss: 0.1026 | Val Acc: 0.9695 | Time: 12.43s
2025-03-05 02:28:51,670 - INFO - P2 (Round 6) - Epoch 9/10 | Loss: 0.0977 | Acc: 0.9704 | Val Loss: 0.1006 | Val Acc: 0.9697 | Time: 12.49s
2025-03-05 02:29:03,670 - INFO - P2 (Round 6) - Epoch 10/10 | Loss: 0.0975 | Acc: 0.9705 | Val Loss: 0.0994 | Val Acc: 0.9707 | Time: 12.00s
2025-03-05 02:29:06,121 - INFO - Round 6 completed in 247.45s
2025-03-05 02:29:06,121 - INFO - Global Model - P1 Test: Loss = 0.8164, Accuracy = 0.8042
2025-03-05 02:29:06,121 - INFO - Global Model - P2 Test: Loss = 0.5320, Accuracy = 0.8697
2025-03-05 02:29:17,948 - INFO - P1 (Round 7) - Epoch 1/10 | Loss: 0.1318 | Acc: 0.9573 | Val Loss: 0.1255 | Val Acc: 0.9605 | Time: 11.83s
2025-03-05 02:29:30,442 - INFO - P1 (Round 7) - Epoch 2/10 | Loss: 0.1254 | Acc: 0.9597 | Val Loss: 0.1241 | Val Acc: 0.9603 | Time: 12.49s
2025-03-05 02:29:43,041 - INFO - P1 (Round 7) - Epoch 3/10 | Loss: 0.1243 | Acc: 0.9600 | Val Loss: 0.1241 | Val Acc: 0.9604 | Time: 12.60s
2025-03-05 02:29:55,218 - INFO - P1 (Round 7) - Epoch 4/10 | Loss: 0.1239 | Acc: 0.9602 | Val Loss: 0.1236 | Val Acc: 0.9613 | Time: 12.18s
2025-03-05 02:30:07,140 - INFO - P1 (Round 7) - Epoch 5/10 | Loss: 0.1232 | Acc: 0.9605 | Val Loss: 0.1230 | Val Acc: 0.9610 | Time: 11.92s
2025-03-05 02:30:20,088 - INFO - P1 (Round 7) - Epoch 6/10 | Loss: 0.1228 | Acc: 0.9607 | Val Loss: 0.1213 | Val Acc: 0.9609 | Time: 12.95s
2025-03-05 02:30:34,990 - INFO - P1 (Round 7) - Epoch 7/10 | Loss: 0.1224 | Acc: 0.9607 | Val Loss: 0.1248 | Val Acc: 0.9597 | Time: 14.90s
2025-03-05 02:30:47,661 - INFO - P1 (Round 7) - Epoch 8/10 | Loss: 0.1221 | Acc: 0.9609 | Val Loss: 0.1215 | Val Acc: 0.9609 | Time: 12.67s
2025-03-05 02:30:58,475 - INFO - P1 (Round 7) - Epoch 9/10 | Loss: 0.1219 | Acc: 0.9610 | Val Loss: 0.1208 | Val Acc: 0.9597 | Time: 10.81s
2025-03-05 02:31:08,480 - INFO - P1 (Round 7) - Epoch 10/10 | Loss: 0.1216 | Acc: 0.9610 | Val Loss: 0.1205 | Val Acc: 0.9623 | Time: 10.00s
2025-03-05 02:31:18,740 - INFO - P2 (Round 7) - Epoch 1/10 | Loss: 0.1032 | Acc: 0.9687 | Val Loss: 0.1018 | Val Acc: 0.9696 | Time: 10.26s
2025-03-05 02:31:28,825 - INFO - P2 (Round 7) - Epoch 2/10 | Loss: 0.0991 | Acc: 0.9700 | Val Loss: 0.0987 | Val Acc: 0.9702 | Time: 10.08s
2025-03-05 02:31:38,675 - INFO - P2 (Round 7) - Epoch 3/10 | Loss: 0.0982 | Acc: 0.9703 | Val Loss: 0.1025 | Val Acc: 0.9692 | Time: 9.85s
2025-03-05 02:31:49,946 - INFO - P2 (Round 7) - Epoch 4/10 | Loss: 0.0980 | Acc: 0.9703 | Val Loss: 0.0981 | Val Acc: 0.9710 | Time: 11.27s
2025-03-05 02:32:00,659 - INFO - P2 (Round 7) - Epoch 5/10 | Loss: 0.0976 | Acc: 0.9705 | Val Loss: 0.0984 | Val Acc: 0.9698 | Time: 10.71s
2025-03-05 02:32:10,780 - INFO - P2 (Round 7) - Epoch 6/10 | Loss: 0.0968 | Acc: 0.9707 | Val Loss: 0.0982 | Val Acc: 0.9704 | Time: 10.12s
2025-03-05 02:32:21,103 - INFO - P2 (Round 7) - Epoch 7/10 | Loss: 0.0967 | Acc: 0.9708 | Val Loss: 0.0979 | Val Acc: 0.9714 | Time: 10.32s
2025-03-05 02:32:31,140 - INFO - P2 (Round 7) - Epoch 8/10 | Loss: 0.0964 | Acc: 0.9709 | Val Loss: 0.0974 | Val Acc: 0.9708 | Time: 10.04s
2025-03-05 02:32:41,203 - INFO - P2 (Round 7) - Epoch 9/10 | Loss: 0.0963 | Acc: 0.9709 | Val Loss: 0.0984 | Val Acc: 0.9707 | Time: 10.06s
2025-03-05 02:32:51,528 - INFO - P2 (Round 7) - Epoch 10/10 | Loss: 0.0964 | Acc: 0.9710 | Val Loss: 0.0986 | Val Acc: 0.9708 | Time: 10.33s
2025-03-05 02:32:53,832 - INFO - Round 7 completed in 227.71s
2025-03-05 02:32:53,832 - INFO - Global Model - P1 Test: Loss = 0.6524, Accuracy = 0.8536
2025-03-05 02:32:53,833 - INFO - Global Model - P2 Test: Loss = 0.4979, Accuracy = 0.8755
2025-03-05 02:33:05,756 - INFO - P1 (Round 8) - Epoch 1/10 | Loss: 0.1300 | Acc: 0.9577 | Val Loss: 0.1223 | Val Acc: 0.9602 | Time: 11.92s
2025-03-05 02:33:16,006 - INFO - P1 (Round 8) - Epoch 2/10 | Loss: 0.1234 | Acc: 0.9604 | Val Loss: 0.1209 | Val Acc: 0.9612 | Time: 10.25s
2025-03-05 02:33:26,151 - INFO - P1 (Round 8) - Epoch 3/10 | Loss: 0.1226 | Acc: 0.9607 | Val Loss: 0.1210 | Val Acc: 0.9615 | Time: 10.15s
2025-03-05 02:33:36,238 - INFO - P1 (Round 8) - Epoch 4/10 | Loss: 0.1221 | Acc: 0.9609 | Val Loss: 0.1220 | Val Acc: 0.9608 | Time: 10.09s
2025-03-05 02:33:46,868 - INFO - P1 (Round 8) - Epoch 5/10 | Loss: 0.1217 | Acc: 0.9611 | Val Loss: 0.1211 | Val Acc: 0.9615 | Time: 10.63s
2025-03-05 02:33:56,940 - INFO - P1 (Round 8) - Epoch 6/10 | Loss: 0.1213 | Acc: 0.9611 | Val Loss: 0.1223 | Val Acc: 0.9605 | Time: 10.07s
2025-03-05 02:34:06,980 - INFO - P1 (Round 8) - Epoch 7/10 | Loss: 0.1211 | Acc: 0.9612 | Val Loss: 0.1202 | Val Acc: 0.9619 | Time: 10.04s
2025-03-05 02:34:19,250 - INFO - P1 (Round 8) - Epoch 8/10 | Loss: 0.1211 | Acc: 0.9614 | Val Loss: 0.1212 | Val Acc: 0.9607 | Time: 12.27s
2025-03-05 02:34:29,445 - INFO - P1 (Round 8) - Epoch 9/10 | Loss: 0.1208 | Acc: 0.9613 | Val Loss: 0.1177 | Val Acc: 0.9622 | Time: 10.19s
2025-03-05 02:34:39,564 - INFO - P1 (Round 8) - Epoch 10/10 | Loss: 0.1203 | Acc: 0.9613 | Val Loss: 0.1254 | Val Acc: 0.9584 | Time: 10.12s
2025-03-05 02:34:49,679 - INFO - P2 (Round 8) - Epoch 1/10 | Loss: 0.1015 | Acc: 0.9694 | Val Loss: 0.0991 | Val Acc: 0.9710 | Time: 10.12s
2025-03-05 02:34:59,823 - INFO - P2 (Round 8) - Epoch 2/10 | Loss: 0.0977 | Acc: 0.9705 | Val Loss: 0.1006 | Val Acc: 0.9704 | Time: 10.14s
2025-03-05 02:35:09,739 - INFO - P2 (Round 8) - Epoch 3/10 | Loss: 0.0970 | Acc: 0.9707 | Val Loss: 0.0982 | Val Acc: 0.9709 | Time: 9.92s
2025-03-05 02:35:20,143 - INFO - P2 (Round 8) - Epoch 4/10 | Loss: 0.0965 | Acc: 0.9708 | Val Loss: 0.0998 | Val Acc: 0.9697 | Time: 10.40s
2025-03-05 02:35:31,931 - INFO - P2 (Round 8) - Epoch 5/10 | Loss: 0.0962 | Acc: 0.9709 | Val Loss: 0.0970 | Val Acc: 0.9713 | Time: 11.79s
2025-03-05 02:35:41,904 - INFO - P2 (Round 8) - Epoch 6/10 | Loss: 0.0958 | Acc: 0.9711 | Val Loss: 0.0985 | Val Acc: 0.9704 | Time: 9.97s
2025-03-05 02:35:51,869 - INFO - P2 (Round 8) - Epoch 7/10 | Loss: 0.0959 | Acc: 0.9711 | Val Loss: 0.0978 | Val Acc: 0.9701 | Time: 9.97s
2025-03-05 02:36:01,793 - INFO - P2 (Round 8) - Epoch 8/10 | Loss: 0.0957 | Acc: 0.9711 | Val Loss: 0.0984 | Val Acc: 0.9710 | Time: 9.92s
2025-03-05 02:36:11,988 - INFO - P2 (Round 8) - Epoch 9/10 | Loss: 0.0955 | Acc: 0.9712 | Val Loss: 0.0956 | Val Acc: 0.9719 | Time: 10.19s
2025-03-05 02:36:21,798 - INFO - P2 (Round 8) - Epoch 10/10 | Loss: 0.0955 | Acc: 0.9713 | Val Loss: 0.0963 | Val Acc: 0.9711 | Time: 9.81s
2025-03-05 02:36:24,208 - INFO - Round 8 completed in 210.37s
2025-03-05 02:36:24,209 - INFO - Global Model - P1 Test: Loss = 0.6792, Accuracy = 0.8359
2025-03-05 02:36:24,209 - INFO - Global Model - P2 Test: Loss = 0.5226, Accuracy = 0.8703
2025-03-05 02:36:35,092 - INFO - P1 (Round 9) - Epoch 1/10 | Loss: 0.1284 | Acc: 0.9581 | Val Loss: 0.1211 | Val Acc: 0.9615 | Time: 10.88s
2025-03-05 02:36:46,385 - INFO - P1 (Round 9) - Epoch 2/10 | Loss: 0.1219 | Acc: 0.9607 | Val Loss: 0.1227 | Val Acc: 0.9610 | Time: 11.29s
2025-03-05 02:36:56,760 - INFO - P1 (Round 9) - Epoch 3/10 | Loss: 0.1209 | Acc: 0.9611 | Val Loss: 0.1205 | Val Acc: 0.9606 | Time: 10.37s
2025-03-05 02:37:06,672 - INFO - P1 (Round 9) - Epoch 4/10 | Loss: 0.1204 | Acc: 0.9614 | Val Loss: 0.1179 | Val Acc: 0.9627 | Time: 9.91s
2025-03-05 02:37:16,841 - INFO - P1 (Round 9) - Epoch 5/10 | Loss: 0.1202 | Acc: 0.9613 | Val Loss: 0.1208 | Val Acc: 0.9622 | Time: 10.17s
2025-03-05 02:37:26,928 - INFO - P1 (Round 9) - Epoch 6/10 | Loss: 0.1199 | Acc: 0.9614 | Val Loss: 0.1183 | Val Acc: 0.9621 | Time: 10.09s
2025-03-05 02:37:36,959 - INFO - P1 (Round 9) - Epoch 7/10 | Loss: 0.1196 | Acc: 0.9615 | Val Loss: 0.1196 | Val Acc: 0.9623 | Time: 10.03s
2025-03-05 02:37:48,880 - INFO - P1 (Round 9) - Epoch 8/10 | Loss: 0.1194 | Acc: 0.9617 | Val Loss: 0.1193 | Val Acc: 0.9620 | Time: 11.92s
2025-03-05 02:37:59,481 - INFO - P1 (Round 9) - Epoch 9/10 | Loss: 0.1192 | Acc: 0.9617 | Val Loss: 0.1200 | Val Acc: 0.9624 | Time: 10.60s
2025-03-05 02:38:09,603 - INFO - P1 (Round 9) - Epoch 10/10 | Loss: 0.1191 | Acc: 0.9617 | Val Loss: 0.1186 | Val Acc: 0.9622 | Time: 10.12s
2025-03-05 02:38:19,776 - INFO - P2 (Round 9) - Epoch 1/10 | Loss: 0.1008 | Acc: 0.9698 | Val Loss: 0.0987 | Val Acc: 0.9713 | Time: 10.17s
2025-03-05 02:38:29,746 - INFO - P2 (Round 9) - Epoch 2/10 | Loss: 0.0974 | Acc: 0.9708 | Val Loss: 0.0989 | Val Acc: 0.9707 | Time: 9.97s
2025-03-05 02:38:39,838 - INFO - P2 (Round 9) - Epoch 3/10 | Loss: 0.0966 | Acc: 0.9710 | Val Loss: 0.0990 | Val Acc: 0.9698 | Time: 10.09s
2025-03-05 02:38:50,077 - INFO - P2 (Round 9) - Epoch 4/10 | Loss: 0.0963 | Acc: 0.9711 | Val Loss: 0.0958 | Val Acc: 0.9715 | Time: 10.24s
2025-03-05 02:39:01,792 - INFO - P2 (Round 9) - Epoch 5/10 | Loss: 0.0960 | Acc: 0.9711 | Val Loss: 0.0951 | Val Acc: 0.9718 | Time: 11.71s
2025-03-05 02:39:12,465 - INFO - P2 (Round 9) - Epoch 6/10 | Loss: 0.0953 | Acc: 0.9714 | Val Loss: 0.0970 | Val Acc: 0.9712 | Time: 10.67s
2025-03-05 02:39:22,632 - INFO - P2 (Round 9) - Epoch 7/10 | Loss: 0.0954 | Acc: 0.9714 | Val Loss: 0.0963 | Val Acc: 0.9718 | Time: 10.17s
2025-03-05 02:39:32,582 - INFO - P2 (Round 9) - Epoch 8/10 | Loss: 0.0950 | Acc: 0.9715 | Val Loss: 0.0967 | Val Acc: 0.9708 | Time: 9.95s
2025-03-05 02:39:42,533 - INFO - P2 (Round 9) - Epoch 9/10 | Loss: 0.0947 | Acc: 0.9716 | Val Loss: 0.0952 | Val Acc: 0.9715 | Time: 9.95s
2025-03-05 02:39:53,507 - INFO - P2 (Round 9) - Epoch 10/10 | Loss: 0.0950 | Acc: 0.9715 | Val Loss: 0.0993 | Val Acc: 0.9707 | Time: 10.97s
2025-03-05 02:39:56,196 - INFO - Round 9 completed in 211.99s
2025-03-05 02:39:56,196 - INFO - Global Model - P1 Test: Loss = 0.6389, Accuracy = 0.8471
2025-03-05 02:39:56,196 - INFO - Global Model - P2 Test: Loss = 0.4811, Accuracy = 0.8748
2025-03-05 02:40:08,669 - INFO - P1 (Round 10) - Epoch 1/10 | Loss: 0.1259 | Acc: 0.9588 | Val Loss: 0.1194 | Val Acc: 0.9610 | Time: 12.47s
2025-03-05 02:40:21,519 - INFO - P1 (Round 10) - Epoch 2/10 | Loss: 0.1205 | Acc: 0.9612 | Val Loss: 0.1179 | Val Acc: 0.9630 | Time: 12.85s
2025-03-05 02:40:31,677 - INFO - P1 (Round 10) - Epoch 3/10 | Loss: 0.1196 | Acc: 0.9617 | Val Loss: 0.1170 | Val Acc: 0.9616 | Time: 10.16s
2025-03-05 02:40:41,590 - INFO - P1 (Round 10) - Epoch 4/10 | Loss: 0.1193 | Acc: 0.9616 | Val Loss: 0.1217 | Val Acc: 0.9602 | Time: 9.91s
2025-03-05 02:40:51,556 - INFO - P1 (Round 10) - Epoch 5/10 | Loss: 0.1189 | Acc: 0.9618 | Val Loss: 0.1179 | Val Acc: 0.9633 | Time: 9.97s
2025-03-05 02:41:01,739 - INFO - P1 (Round 10) - Epoch 6/10 | Loss: 0.1187 | Acc: 0.9619 | Val Loss: 0.1184 | Val Acc: 0.9617 | Time: 10.18s
2025-03-05 02:41:11,909 - INFO - P1 (Round 10) - Epoch 7/10 | Loss: 0.1183 | Acc: 0.9621 | Val Loss: 0.1164 | Val Acc: 0.9630 | Time: 10.17s
2025-03-05 02:41:23,385 - INFO - P1 (Round 10) - Epoch 8/10 | Loss: 0.1182 | Acc: 0.9619 | Val Loss: 0.1157 | Val Acc: 0.9630 | Time: 11.48s
2025-03-05 02:41:33,722 - INFO - P1 (Round 10) - Epoch 9/10 | Loss: 0.1179 | Acc: 0.9621 | Val Loss: 0.1199 | Val Acc: 0.9606 | Time: 10.34s
2025-03-05 02:41:43,679 - INFO - P1 (Round 10) - Epoch 10/10 | Loss: 0.1179 | Acc: 0.9620 | Val Loss: 0.1231 | Val Acc: 0.9586 | Time: 9.96s
2025-03-05 02:41:53,789 - INFO - P2 (Round 10) - Epoch 1/10 | Loss: 0.0999 | Acc: 0.9703 | Val Loss: 0.1014 | Val Acc: 0.9703 | Time: 10.11s
2025-03-05 02:42:04,420 - INFO - P2 (Round 10) - Epoch 2/10 | Loss: 0.0965 | Acc: 0.9711 | Val Loss: 0.0968 | Val Acc: 0.9712 | Time: 10.63s
2025-03-05 02:42:14,594 - INFO - P2 (Round 10) - Epoch 3/10 | Loss: 0.0955 | Acc: 0.9712 | Val Loss: 0.0962 | Val Acc: 0.9707 | Time: 10.17s
2025-03-05 02:42:24,807 - INFO - P2 (Round 10) - Epoch 4/10 | Loss: 0.0951 | Acc: 0.9713 | Val Loss: 0.0984 | Val Acc: 0.9704 | Time: 10.21s
2025-03-05 02:42:36,663 - INFO - P2 (Round 10) - Epoch 5/10 | Loss: 0.0946 | Acc: 0.9714 | Val Loss: 0.0947 | Val Acc: 0.9717 | Time: 11.86s
2025-03-05 02:42:46,966 - INFO - P2 (Round 10) - Epoch 6/10 | Loss: 0.0944 | Acc: 0.9715 | Val Loss: 0.0987 | Val Acc: 0.9706 | Time: 10.30s
2025-03-05 02:42:56,970 - INFO - P2 (Round 10) - Epoch 7/10 | Loss: 0.0940 | Acc: 0.9716 | Val Loss: 0.0952 | Val Acc: 0.9711 | Time: 10.00s
2025-03-05 02:43:06,937 - INFO - P2 (Round 10) - Epoch 8/10 | Loss: 0.0938 | Acc: 0.9715 | Val Loss: 0.0968 | Val Acc: 0.9705 | Time: 9.97s
2025-03-05 02:43:17,158 - INFO - P2 (Round 10) - Epoch 9/10 | Loss: 0.0935 | Acc: 0.9718 | Val Loss: 0.0945 | Val Acc: 0.9720 | Time: 10.22s
2025-03-05 02:43:27,166 - INFO - P2 (Round 10) - Epoch 10/10 | Loss: 0.0935 | Acc: 0.9718 | Val Loss: 0.0963 | Val Acc: 0.9717 | Time: 10.01s
2025-03-05 02:43:29,457 - INFO - Round 10 completed in 213.26s
2025-03-05 02:43:29,457 - INFO - Global Model - P1 Test: Loss = 0.7003, Accuracy = 0.8472
2025-03-05 02:43:29,457 - INFO - Global Model - P2 Test: Loss = 0.5692, Accuracy = 0.8497
2025-03-05 02:43:31,855 - INFO - Final Results after 10 rounds:
2025-03-05 02:43:31,856 - INFO - Global Model - P1 Test: Loss = 0.7003, Accuracy = 0.8472
2025-03-05 02:43:31,856 - INFO - Global Model - P2 Test: Loss = 0.5692, Accuracy = 0.8497
2025-03-05 02:43:31,864 - INFO - Experiment 120 results saved to results/suppression_experiments/exp_120_p1f6_p2f7.json
