2025-03-05 02:44:55,252 - INFO - Starting Suppression Experiment 176
2025-03-05 02:44:55,252 - INFO - P1 Features (2/14): ['protocol', 'bidirectional_min_ps']
2025-03-05 02:44:55,253 - INFO - P2 Features (7/14): ['protocol', 'bidirectional_min_ps', 'bidirectional_mean_ps', 'bidirectional_stddev_ps', 'bidirectional_max_ps', 'src2dst_stddev_ps', 'src2dst_max_ps']
2025-03-05 02:45:08,297 - INFO - P1 (Round 1) - Epoch 1/10 | Loss: 0.9602 | Acc: 0.6417 | Val Loss: 0.8284 | Val Acc: 0.6869 | Time: 12.97s
2025-03-05 02:45:20,493 - INFO - P1 (Round 1) - Epoch 2/10 | Loss: 0.8179 | Acc: 0.6795 | Val Loss: 0.8160 | Val Acc: 0.6799 | Time: 12.20s
2025-03-05 02:45:32,230 - INFO - P1 (Round 1) - Epoch 3/10 | Loss: 0.8115 | Acc: 0.6799 | Val Loss: 0.8114 | Val Acc: 0.6825 | Time: 11.74s
2025-03-05 02:45:44,082 - INFO - P1 (Round 1) - Epoch 4/10 | Loss: 0.8086 | Acc: 0.6811 | Val Loss: 0.8088 | Val Acc: 0.6800 | Time: 11.85s
2025-03-05 02:45:56,310 - INFO - P1 (Round 1) - Epoch 5/10 | Loss: 0.8060 | Acc: 0.6836 | Val Loss: 0.8062 | Val Acc: 0.6825 | Time: 12.23s
2025-03-05 02:46:08,744 - INFO - P1 (Round 1) - Epoch 6/10 | Loss: 0.8009 | Acc: 0.6909 | Val Loss: 0.7999 | Val Acc: 0.6958 | Time: 12.43s
2025-03-05 02:46:21,345 - INFO - P1 (Round 1) - Epoch 7/10 | Loss: 0.7960 | Acc: 0.6961 | Val Loss: 0.7939 | Val Acc: 0.7016 | Time: 12.60s
2025-03-05 02:46:32,938 - INFO - P1 (Round 1) - Epoch 8/10 | Loss: 0.7924 | Acc: 0.6982 | Val Loss: 0.7929 | Val Acc: 0.6933 | Time: 11.59s
2025-03-05 02:46:44,682 - INFO - P1 (Round 1) - Epoch 9/10 | Loss: 0.7895 | Acc: 0.7001 | Val Loss: 0.7878 | Val Acc: 0.7012 | Time: 11.74s
2025-03-05 02:46:56,489 - INFO - P1 (Round 1) - Epoch 10/10 | Loss: 0.7871 | Acc: 0.7011 | Val Loss: 0.7853 | Val Acc: 0.7019 | Time: 11.81s
2025-03-05 02:47:08,350 - INFO - P2 (Round 1) - Epoch 1/10 | Loss: 0.4662 | Acc: 0.8387 | Val Loss: 0.3009 | Val Acc: 0.8947 | Time: 11.86s
2025-03-05 02:47:21,039 - INFO - P2 (Round 1) - Epoch 2/10 | Loss: 0.2565 | Acc: 0.9176 | Val Loss: 0.2155 | Val Acc: 0.9382 | Time: 12.69s
2025-03-05 02:47:33,689 - INFO - P2 (Round 1) - Epoch 3/10 | Loss: 0.1948 | Acc: 0.9438 | Val Loss: 0.1816 | Val Acc: 0.9486 | Time: 12.65s
2025-03-05 02:47:46,175 - INFO - P2 (Round 1) - Epoch 4/10 | Loss: 0.1722 | Acc: 0.9512 | Val Loss: 0.1641 | Val Acc: 0.9527 | Time: 12.48s
2025-03-05 02:47:58,803 - INFO - P2 (Round 1) - Epoch 5/10 | Loss: 0.1584 | Acc: 0.9543 | Val Loss: 0.1537 | Val Acc: 0.9549 | Time: 12.63s
2025-03-05 02:48:10,940 - INFO - P2 (Round 1) - Epoch 6/10 | Loss: 0.1498 | Acc: 0.9563 | Val Loss: 0.1473 | Val Acc: 0.9572 | Time: 12.14s
2025-03-05 02:48:23,019 - INFO - P2 (Round 1) - Epoch 7/10 | Loss: 0.1439 | Acc: 0.9578 | Val Loss: 0.1419 | Val Acc: 0.9584 | Time: 12.08s
2025-03-05 02:48:36,072 - INFO - P2 (Round 1) - Epoch 8/10 | Loss: 0.1388 | Acc: 0.9588 | Val Loss: 0.1369 | Val Acc: 0.9589 | Time: 13.05s
2025-03-05 02:48:48,071 - INFO - P2 (Round 1) - Epoch 9/10 | Loss: 0.1345 | Acc: 0.9597 | Val Loss: 0.1336 | Val Acc: 0.9598 | Time: 12.00s
2025-03-05 02:49:00,349 - INFO - P2 (Round 1) - Epoch 10/10 | Loss: 0.1307 | Acc: 0.9607 | Val Loss: 0.1316 | Val Acc: 0.9609 | Time: 12.28s
2025-03-05 02:49:03,289 - INFO - Round 1 completed in 247.97s
2025-03-05 02:49:03,289 - INFO - Global Model - P1 Test: Loss = 7.2954, Accuracy = 0.4979
2025-03-05 02:49:03,290 - INFO - Global Model - P2 Test: Loss = 7.1077, Accuracy = 0.4305
2025-03-05 02:49:13,322 - INFO - P1 (Round 2) - Epoch 1/10 | Loss: 0.9492 | Acc: 0.6709 | Val Loss: 0.8152 | Val Acc: 0.6858 | Time: 10.03s
2025-03-05 02:49:23,733 - INFO - P1 (Round 2) - Epoch 2/10 | Loss: 0.8063 | Acc: 0.6913 | Val Loss: 0.8036 | Val Acc: 0.6909 | Time: 10.41s
2025-03-05 02:49:35,710 - INFO - P1 (Round 2) - Epoch 3/10 | Loss: 0.7979 | Acc: 0.6946 | Val Loss: 0.7976 | Val Acc: 0.6919 | Time: 11.98s
2025-03-05 02:49:48,987 - INFO - P1 (Round 2) - Epoch 4/10 | Loss: 0.7936 | Acc: 0.6953 | Val Loss: 0.7927 | Val Acc: 0.6987 | Time: 13.28s
2025-03-05 02:50:01,017 - INFO - P1 (Round 2) - Epoch 5/10 | Loss: 0.7900 | Acc: 0.6957 | Val Loss: 0.7909 | Val Acc: 0.6928 | Time: 12.03s
2025-03-05 02:50:12,968 - INFO - P1 (Round 2) - Epoch 6/10 | Loss: 0.7871 | Acc: 0.6969 | Val Loss: 0.7857 | Val Acc: 0.6987 | Time: 11.95s
2025-03-05 02:50:24,879 - INFO - P1 (Round 2) - Epoch 7/10 | Loss: 0.7847 | Acc: 0.6987 | Val Loss: 0.7847 | Val Acc: 0.6987 | Time: 11.91s
2025-03-05 02:50:36,804 - INFO - P1 (Round 2) - Epoch 8/10 | Loss: 0.7827 | Acc: 0.7010 | Val Loss: 0.7847 | Val Acc: 0.7024 | Time: 11.92s
2025-03-05 02:50:49,178 - INFO - P1 (Round 2) - Epoch 9/10 | Loss: 0.7798 | Acc: 0.7038 | Val Loss: 0.7785 | Val Acc: 0.7068 | Time: 12.37s
2025-03-05 02:51:02,419 - INFO - P1 (Round 2) - Epoch 10/10 | Loss: 0.7767 | Acc: 0.7057 | Val Loss: 0.7769 | Val Acc: 0.7066 | Time: 13.24s
2025-03-05 02:51:14,666 - INFO - P2 (Round 2) - Epoch 1/10 | Loss: 0.3607 | Acc: 0.8998 | Val Loss: 0.1945 | Val Acc: 0.9441 | Time: 12.25s
2025-03-05 02:51:26,788 - INFO - P2 (Round 2) - Epoch 2/10 | Loss: 0.1748 | Acc: 0.9482 | Val Loss: 0.1640 | Val Acc: 0.9523 | Time: 12.12s
2025-03-05 02:51:38,559 - INFO - P2 (Round 2) - Epoch 3/10 | Loss: 0.1551 | Acc: 0.9535 | Val Loss: 0.1512 | Val Acc: 0.9538 | Time: 11.77s
2025-03-05 02:51:50,491 - INFO - P2 (Round 2) - Epoch 4/10 | Loss: 0.1461 | Acc: 0.9551 | Val Loss: 0.1440 | Val Acc: 0.9568 | Time: 11.93s
2025-03-05 02:52:02,604 - INFO - P2 (Round 2) - Epoch 5/10 | Loss: 0.1391 | Acc: 0.9567 | Val Loss: 0.1371 | Val Acc: 0.9573 | Time: 12.11s
2025-03-05 02:52:15,575 - INFO - P2 (Round 2) - Epoch 6/10 | Loss: 0.1341 | Acc: 0.9579 | Val Loss: 0.1330 | Val Acc: 0.9595 | Time: 12.97s
2025-03-05 02:52:27,493 - INFO - P2 (Round 2) - Epoch 7/10 | Loss: 0.1302 | Acc: 0.9595 | Val Loss: 0.1309 | Val Acc: 0.9608 | Time: 11.92s
2025-03-05 02:52:39,071 - INFO - P2 (Round 2) - Epoch 8/10 | Loss: 0.1267 | Acc: 0.9609 | Val Loss: 0.1257 | Val Acc: 0.9614 | Time: 11.58s
2025-03-05 02:52:50,891 - INFO - P2 (Round 2) - Epoch 9/10 | Loss: 0.1239 | Acc: 0.9616 | Val Loss: 0.1231 | Val Acc: 0.9619 | Time: 11.82s
2025-03-05 02:53:02,840 - INFO - P2 (Round 2) - Epoch 10/10 | Loss: 0.1218 | Acc: 0.9623 | Val Loss: 0.1224 | Val Acc: 0.9627 | Time: 11.95s
2025-03-05 02:53:05,486 - INFO - Round 2 completed in 242.20s
2025-03-05 02:53:05,486 - INFO - Global Model - P1 Test: Loss = 2.0915, Accuracy = 0.5763
2025-03-05 02:53:05,486 - INFO - Global Model - P2 Test: Loss = 2.6613, Accuracy = 0.5632
2025-03-05 02:53:18,209 - INFO - P1 (Round 3) - Epoch 1/10 | Loss: 0.8011 | Acc: 0.6968 | Val Loss: 0.7872 | Val Acc: 0.6988 | Time: 12.72s
2025-03-05 02:53:30,662 - INFO - P1 (Round 3) - Epoch 2/10 | Loss: 0.7846 | Acc: 0.7006 | Val Loss: 0.7817 | Val Acc: 0.7059 | Time: 12.45s
2025-03-05 02:53:42,837 - INFO - P1 (Round 3) - Epoch 3/10 | Loss: 0.7781 | Acc: 0.7059 | Val Loss: 0.7752 | Val Acc: 0.7052 | Time: 12.17s
2025-03-05 02:53:54,990 - INFO - P1 (Round 3) - Epoch 4/10 | Loss: 0.7746 | Acc: 0.7063 | Val Loss: 0.7740 | Val Acc: 0.7067 | Time: 12.15s
2025-03-05 02:54:07,139 - INFO - P1 (Round 3) - Epoch 5/10 | Loss: 0.7732 | Acc: 0.7063 | Val Loss: 0.7732 | Val Acc: 0.7068 | Time: 12.15s
2025-03-05 02:54:19,702 - INFO - P1 (Round 3) - Epoch 6/10 | Loss: 0.7723 | Acc: 0.7064 | Val Loss: 0.7714 | Val Acc: 0.7068 | Time: 12.56s
2025-03-05 02:54:32,894 - INFO - P1 (Round 3) - Epoch 7/10 | Loss: 0.7717 | Acc: 0.7064 | Val Loss: 0.7708 | Val Acc: 0.7068 | Time: 13.19s
2025-03-05 02:54:45,220 - INFO - P1 (Round 3) - Epoch 8/10 | Loss: 0.7712 | Acc: 0.7064 | Val Loss: 0.7704 | Val Acc: 0.7066 | Time: 12.33s
2025-03-05 02:54:57,524 - INFO - P1 (Round 3) - Epoch 9/10 | Loss: 0.7708 | Acc: 0.7064 | Val Loss: 0.7704 | Val Acc: 0.7068 | Time: 12.30s
2025-03-05 02:55:09,752 - INFO - P1 (Round 3) - Epoch 10/10 | Loss: 0.7705 | Acc: 0.7064 | Val Loss: 0.7698 | Val Acc: 0.7068 | Time: 12.23s
2025-03-05 02:55:21,842 - INFO - P2 (Round 3) - Epoch 1/10 | Loss: 0.1968 | Acc: 0.9409 | Val Loss: 0.1521 | Val Acc: 0.9528 | Time: 12.09s
2025-03-05 02:55:33,525 - INFO - P2 (Round 3) - Epoch 2/10 | Loss: 0.1424 | Acc: 0.9554 | Val Loss: 0.1383 | Val Acc: 0.9568 | Time: 11.68s
2025-03-05 02:55:46,557 - INFO - P2 (Round 3) - Epoch 3/10 | Loss: 0.1337 | Acc: 0.9577 | Val Loss: 0.1333 | Val Acc: 0.9583 | Time: 13.03s
2025-03-05 02:55:58,501 - INFO - P2 (Round 3) - Epoch 4/10 | Loss: 0.1274 | Acc: 0.9594 | Val Loss: 0.1250 | Val Acc: 0.9602 | Time: 11.94s
2025-03-05 02:56:10,375 - INFO - P2 (Round 3) - Epoch 5/10 | Loss: 0.1220 | Acc: 0.9615 | Val Loss: 0.1205 | Val Acc: 0.9615 | Time: 11.87s
2025-03-05 02:56:22,437 - INFO - P2 (Round 3) - Epoch 6/10 | Loss: 0.1183 | Acc: 0.9629 | Val Loss: 0.1185 | Val Acc: 0.9622 | Time: 12.06s
2025-03-05 02:56:34,219 - INFO - P2 (Round 3) - Epoch 7/10 | Loss: 0.1152 | Acc: 0.9640 | Val Loss: 0.1155 | Val Acc: 0.9635 | Time: 11.78s
2025-03-05 02:56:46,277 - INFO - P2 (Round 3) - Epoch 8/10 | Loss: 0.1125 | Acc: 0.9650 | Val Loss: 0.1117 | Val Acc: 0.9655 | Time: 12.06s
2025-03-05 02:56:59,429 - INFO - P2 (Round 3) - Epoch 9/10 | Loss: 0.1106 | Acc: 0.9658 | Val Loss: 0.1104 | Val Acc: 0.9658 | Time: 13.15s
2025-03-05 02:57:11,301 - INFO - P2 (Round 3) - Epoch 10/10 | Loss: 0.1089 | Acc: 0.9664 | Val Loss: 0.1089 | Val Acc: 0.9663 | Time: 11.87s
2025-03-05 02:57:13,938 - INFO - Round 3 completed in 248.45s
2025-03-05 02:57:13,938 - INFO - Global Model - P1 Test: Loss = 3.1250, Accuracy = 0.4474
2025-03-05 02:57:13,938 - INFO - Global Model - P2 Test: Loss = 1.9203, Accuracy = 0.6403
2025-03-05 02:57:26,223 - INFO - P1 (Round 4) - Epoch 1/10 | Loss: 0.8011 | Acc: 0.6985 | Val Loss: 0.7815 | Val Acc: 0.7066 | Time: 12.28s
2025-03-05 02:57:38,419 - INFO - P1 (Round 4) - Epoch 2/10 | Loss: 0.7795 | Acc: 0.7044 | Val Loss: 0.7785 | Val Acc: 0.7047 | Time: 12.20s
2025-03-05 02:57:49,914 - INFO - P1 (Round 4) - Epoch 3/10 | Loss: 0.7778 | Acc: 0.7045 | Val Loss: 0.7760 | Val Acc: 0.7048 | Time: 11.50s
2025-03-05 02:58:02,648 - INFO - P1 (Round 4) - Epoch 4/10 | Loss: 0.7767 | Acc: 0.7045 | Val Loss: 0.7775 | Val Acc: 0.7046 | Time: 12.73s
2025-03-05 02:58:15,232 - INFO - P1 (Round 4) - Epoch 5/10 | Loss: 0.7761 | Acc: 0.7046 | Val Loss: 0.7751 | Val Acc: 0.7048 | Time: 12.58s
2025-03-05 02:58:27,224 - INFO - P1 (Round 4) - Epoch 6/10 | Loss: 0.7755 | Acc: 0.7046 | Val Loss: 0.7768 | Val Acc: 0.7049 | Time: 11.99s
2025-03-05 02:58:39,415 - INFO - P1 (Round 4) - Epoch 7/10 | Loss: 0.7749 | Acc: 0.7046 | Val Loss: 0.7740 | Val Acc: 0.7049 | Time: 12.19s
2025-03-05 02:58:51,489 - INFO - P1 (Round 4) - Epoch 8/10 | Loss: 0.7745 | Acc: 0.7046 | Val Loss: 0.7755 | Val Acc: 0.7051 | Time: 12.07s
2025-03-05 02:59:03,559 - INFO - P1 (Round 4) - Epoch 9/10 | Loss: 0.7743 | Acc: 0.7046 | Val Loss: 0.7742 | Val Acc: 0.7046 | Time: 12.07s
2025-03-05 02:59:16,703 - INFO - P1 (Round 4) - Epoch 10/10 | Loss: 0.7739 | Acc: 0.7046 | Val Loss: 0.7726 | Val Acc: 0.7050 | Time: 13.14s
2025-03-05 02:59:28,897 - INFO - P2 (Round 4) - Epoch 1/10 | Loss: 0.1577 | Acc: 0.9493 | Val Loss: 0.1289 | Val Acc: 0.9602 | Time: 12.19s
2025-03-05 02:59:40,970 - INFO - P2 (Round 4) - Epoch 2/10 | Loss: 0.1242 | Acc: 0.9607 | Val Loss: 0.1219 | Val Acc: 0.9600 | Time: 12.07s
2025-03-05 02:59:52,777 - INFO - P2 (Round 4) - Epoch 3/10 | Loss: 0.1184 | Acc: 0.9631 | Val Loss: 0.1167 | Val Acc: 0.9614 | Time: 11.81s
2025-03-05 03:00:04,622 - INFO - P2 (Round 4) - Epoch 4/10 | Loss: 0.1144 | Acc: 0.9648 | Val Loss: 0.1145 | Val Acc: 0.9658 | Time: 11.84s
2025-03-05 03:00:16,669 - INFO - P2 (Round 4) - Epoch 5/10 | Loss: 0.1118 | Acc: 0.9659 | Val Loss: 0.1115 | Val Acc: 0.9665 | Time: 12.05s
2025-03-05 03:00:29,864 - INFO - P2 (Round 4) - Epoch 6/10 | Loss: 0.1099 | Acc: 0.9665 | Val Loss: 0.1090 | Val Acc: 0.9669 | Time: 13.19s
2025-03-05 03:00:43,203 - INFO - P2 (Round 4) - Epoch 7/10 | Loss: 0.1084 | Acc: 0.9669 | Val Loss: 0.1071 | Val Acc: 0.9686 | Time: 13.34s
2025-03-05 03:00:56,332 - INFO - P2 (Round 4) - Epoch 8/10 | Loss: 0.1070 | Acc: 0.9674 | Val Loss: 0.1064 | Val Acc: 0.9678 | Time: 13.13s
2025-03-05 03:01:09,966 - INFO - P2 (Round 4) - Epoch 9/10 | Loss: 0.1058 | Acc: 0.9675 | Val Loss: 0.1059 | Val Acc: 0.9675 | Time: 13.63s
2025-03-05 03:01:21,365 - INFO - P2 (Round 4) - Epoch 10/10 | Loss: 0.1046 | Acc: 0.9676 | Val Loss: 0.1060 | Val Acc: 0.9681 | Time: 11.40s
2025-03-05 03:01:24,078 - INFO - Round 4 completed in 250.14s
2025-03-05 03:01:24,078 - INFO - Global Model - P1 Test: Loss = 4.1427, Accuracy = 0.4488
2025-03-05 03:01:24,078 - INFO - Global Model - P2 Test: Loss = 2.0760, Accuracy = 0.5993
2025-03-05 03:01:36,193 - INFO - P1 (Round 5) - Epoch 1/10 | Loss: 0.8037 | Acc: 0.7014 | Val Loss: 0.7812 | Val Acc: 0.7046 | Time: 12.11s
2025-03-05 03:01:46,642 - INFO - P1 (Round 5) - Epoch 2/10 | Loss: 0.7776 | Acc: 0.7046 | Val Loss: 0.7752 | Val Acc: 0.7048 | Time: 10.45s
2025-03-05 03:01:56,850 - INFO - P1 (Round 5) - Epoch 3/10 | Loss: 0.7760 | Acc: 0.7046 | Val Loss: 0.7756 | Val Acc: 0.7048 | Time: 10.21s
2025-03-05 03:02:06,879 - INFO - P1 (Round 5) - Epoch 4/10 | Loss: 0.7753 | Acc: 0.7046 | Val Loss: 0.7746 | Val Acc: 0.7048 | Time: 10.03s
2025-03-05 03:02:17,112 - INFO - P1 (Round 5) - Epoch 5/10 | Loss: 0.7748 | Acc: 0.7046 | Val Loss: 0.7748 | Val Acc: 0.7048 | Time: 10.23s
2025-03-05 03:02:27,231 - INFO - P1 (Round 5) - Epoch 6/10 | Loss: 0.7745 | Acc: 0.7046 | Val Loss: 0.7746 | Val Acc: 0.7050 | Time: 10.12s
2025-03-05 03:02:37,305 - INFO - P1 (Round 5) - Epoch 7/10 | Loss: 0.7742 | Acc: 0.7046 | Val Loss: 0.7737 | Val Acc: 0.7052 | Time: 10.07s
2025-03-05 03:02:49,024 - INFO - P1 (Round 5) - Epoch 8/10 | Loss: 0.7739 | Acc: 0.7047 | Val Loss: 0.7739 | Val Acc: 0.7048 | Time: 11.72s
2025-03-05 03:02:59,268 - INFO - P1 (Round 5) - Epoch 9/10 | Loss: 0.7737 | Acc: 0.7047 | Val Loss: 0.7735 | Val Acc: 0.7049 | Time: 10.24s
2025-03-05 03:03:09,326 - INFO - P1 (Round 5) - Epoch 10/10 | Loss: 0.7735 | Acc: 0.7047 | Val Loss: 0.7744 | Val Acc: 0.7050 | Time: 10.06s
2025-03-05 03:03:19,455 - INFO - P2 (Round 5) - Epoch 1/10 | Loss: 0.1428 | Acc: 0.9550 | Val Loss: 0.1223 | Val Acc: 0.9634 | Time: 10.13s
2025-03-05 03:03:29,479 - INFO - P2 (Round 5) - Epoch 2/10 | Loss: 0.1161 | Acc: 0.9643 | Val Loss: 0.1131 | Val Acc: 0.9650 | Time: 10.02s
2025-03-05 03:03:39,683 - INFO - P2 (Round 5) - Epoch 3/10 | Loss: 0.1094 | Acc: 0.9658 | Val Loss: 0.1115 | Val Acc: 0.9657 | Time: 10.20s
2025-03-05 03:03:49,784 - INFO - P2 (Round 5) - Epoch 4/10 | Loss: 0.1065 | Acc: 0.9667 | Val Loss: 0.1073 | Val Acc: 0.9656 | Time: 10.10s
2025-03-05 03:04:01,854 - INFO - P2 (Round 5) - Epoch 5/10 | Loss: 0.1050 | Acc: 0.9673 | Val Loss: 0.1062 | Val Acc: 0.9664 | Time: 12.07s
2025-03-05 03:04:12,023 - INFO - P2 (Round 5) - Epoch 6/10 | Loss: 0.1040 | Acc: 0.9676 | Val Loss: 0.1041 | Val Acc: 0.9674 | Time: 10.17s
2025-03-05 03:04:22,574 - INFO - P2 (Round 5) - Epoch 7/10 | Loss: 0.1031 | Acc: 0.9678 | Val Loss: 0.1047 | Val Acc: 0.9679 | Time: 10.55s
2025-03-05 03:04:34,872 - INFO - P2 (Round 5) - Epoch 8/10 | Loss: 0.1024 | Acc: 0.9681 | Val Loss: 0.1021 | Val Acc: 0.9675 | Time: 12.30s
2025-03-05 03:04:46,761 - INFO - P2 (Round 5) - Epoch 9/10 | Loss: 0.1018 | Acc: 0.9683 | Val Loss: 0.1014 | Val Acc: 0.9679 | Time: 11.89s
2025-03-05 03:04:58,526 - INFO - P2 (Round 5) - Epoch 10/10 | Loss: 0.1010 | Acc: 0.9686 | Val Loss: 0.1005 | Val Acc: 0.9688 | Time: 11.76s
2025-03-05 03:05:01,019 - INFO - Round 5 completed in 216.94s
2025-03-05 03:05:01,019 - INFO - Global Model - P1 Test: Loss = 4.1343, Accuracy = 0.4489
2025-03-05 03:05:01,019 - INFO - Global Model - P2 Test: Loss = 1.5549, Accuracy = 0.6799
2025-03-05 03:05:13,858 - INFO - P1 (Round 6) - Epoch 1/10 | Loss: 0.8020 | Acc: 0.7011 | Val Loss: 0.7768 | Val Acc: 0.7046 | Time: 12.84s
2025-03-05 03:05:25,947 - INFO - P1 (Round 6) - Epoch 2/10 | Loss: 0.7761 | Acc: 0.7046 | Val Loss: 0.7742 | Val Acc: 0.7048 | Time: 12.09s
2025-03-05 03:05:38,194 - INFO - P1 (Round 6) - Epoch 3/10 | Loss: 0.7750 | Acc: 0.7046 | Val Loss: 0.7748 | Val Acc: 0.7048 | Time: 12.25s
2025-03-05 03:05:50,401 - INFO - P1 (Round 6) - Epoch 4/10 | Loss: 0.7746 | Acc: 0.7046 | Val Loss: 0.7749 | Val Acc: 0.7049 | Time: 12.21s
2025-03-05 03:06:02,606 - INFO - P1 (Round 6) - Epoch 5/10 | Loss: 0.7742 | Acc: 0.7046 | Val Loss: 0.7747 | Val Acc: 0.7046 | Time: 12.20s
2025-03-05 03:06:14,706 - INFO - P1 (Round 6) - Epoch 6/10 | Loss: 0.7741 | Acc: 0.7046 | Val Loss: 0.7734 | Val Acc: 0.7047 | Time: 12.10s
2025-03-05 03:06:27,797 - INFO - P1 (Round 6) - Epoch 7/10 | Loss: 0.7740 | Acc: 0.7046 | Val Loss: 0.7740 | Val Acc: 0.7048 | Time: 13.09s
2025-03-05 03:06:39,863 - INFO - P1 (Round 6) - Epoch 8/10 | Loss: 0.7739 | Acc: 0.7046 | Val Loss: 0.7728 | Val Acc: 0.7050 | Time: 12.07s
2025-03-05 03:06:51,923 - INFO - P1 (Round 6) - Epoch 9/10 | Loss: 0.7736 | Acc: 0.7045 | Val Loss: 0.7720 | Val Acc: 0.7046 | Time: 12.06s
2025-03-05 03:07:03,425 - INFO - P1 (Round 6) - Epoch 10/10 | Loss: 0.7735 | Acc: 0.7045 | Val Loss: 0.7728 | Val Acc: 0.7050 | Time: 11.50s
2025-03-05 03:07:13,540 - INFO - P2 (Round 6) - Epoch 1/10 | Loss: 0.1235 | Acc: 0.9628 | Val Loss: 0.1077 | Val Acc: 0.9673 | Time: 10.11s
2025-03-05 03:07:24,093 - INFO - P2 (Round 6) - Epoch 2/10 | Loss: 0.1058 | Acc: 0.9674 | Val Loss: 0.1047 | Val Acc: 0.9682 | Time: 10.55s
2025-03-05 03:07:36,228 - INFO - P2 (Round 6) - Epoch 3/10 | Loss: 0.1036 | Acc: 0.9679 | Val Loss: 0.1045 | Val Acc: 0.9679 | Time: 12.13s
2025-03-05 03:07:48,962 - INFO - P2 (Round 6) - Epoch 4/10 | Loss: 0.1025 | Acc: 0.9683 | Val Loss: 0.1018 | Val Acc: 0.9683 | Time: 12.73s
2025-03-05 03:07:59,299 - INFO - P2 (Round 6) - Epoch 5/10 | Loss: 0.1014 | Acc: 0.9686 | Val Loss: 0.1014 | Val Acc: 0.9685 | Time: 10.34s
2025-03-05 03:08:09,569 - INFO - P2 (Round 6) - Epoch 6/10 | Loss: 0.1005 | Acc: 0.9688 | Val Loss: 0.1010 | Val Acc: 0.9689 | Time: 10.27s
2025-03-05 03:08:22,386 - INFO - P2 (Round 6) - Epoch 7/10 | Loss: 0.0999 | Acc: 0.9691 | Val Loss: 0.0996 | Val Acc: 0.9698 | Time: 12.82s
2025-03-05 03:08:33,090 - INFO - P2 (Round 6) - Epoch 8/10 | Loss: 0.0992 | Acc: 0.9693 | Val Loss: 0.1001 | Val Acc: 0.9695 | Time: 10.70s
2025-03-05 03:08:44,663 - INFO - P2 (Round 6) - Epoch 9/10 | Loss: 0.0986 | Acc: 0.9697 | Val Loss: 0.1001 | Val Acc: 0.9684 | Time: 11.57s
2025-03-05 03:08:55,018 - INFO - P2 (Round 6) - Epoch 10/10 | Loss: 0.0981 | Acc: 0.9699 | Val Loss: 0.0977 | Val Acc: 0.9699 | Time: 10.35s
2025-03-05 03:08:57,452 - INFO - Round 6 completed in 236.43s
2025-03-05 03:08:57,453 - INFO - Global Model - P1 Test: Loss = 4.8463, Accuracy = 0.4478
2025-03-05 03:08:57,453 - INFO - Global Model - P2 Test: Loss = 1.4326, Accuracy = 0.6796
2025-03-05 03:09:07,679 - INFO - P1 (Round 7) - Epoch 1/10 | Loss: 0.8128 | Acc: 0.6978 | Val Loss: 0.7806 | Val Acc: 0.7027 | Time: 10.23s
2025-03-05 03:09:18,049 - INFO - P1 (Round 7) - Epoch 2/10 | Loss: 0.7797 | Acc: 0.7036 | Val Loss: 0.7801 | Val Acc: 0.7049 | Time: 10.37s
2025-03-05 03:09:28,203 - INFO - P1 (Round 7) - Epoch 3/10 | Loss: 0.7777 | Acc: 0.7040 | Val Loss: 0.7757 | Val Acc: 0.7047 | Time: 10.15s
2025-03-05 03:09:38,152 - INFO - P1 (Round 7) - Epoch 4/10 | Loss: 0.7769 | Acc: 0.7042 | Val Loss: 0.7752 | Val Acc: 0.7049 | Time: 9.95s
2025-03-05 03:09:48,088 - INFO - P1 (Round 7) - Epoch 5/10 | Loss: 0.7762 | Acc: 0.7044 | Val Loss: 0.7755 | Val Acc: 0.7049 | Time: 9.94s
2025-03-05 03:10:01,340 - INFO - P1 (Round 7) - Epoch 6/10 | Loss: 0.7757 | Acc: 0.7045 | Val Loss: 0.7746 | Val Acc: 0.7048 | Time: 13.25s
2025-03-05 03:10:13,844 - INFO - P1 (Round 7) - Epoch 7/10 | Loss: 0.7753 | Acc: 0.7045 | Val Loss: 0.7754 | Val Acc: 0.7048 | Time: 12.50s
2025-03-05 03:10:26,088 - INFO - P1 (Round 7) - Epoch 8/10 | Loss: 0.7751 | Acc: 0.7045 | Val Loss: 0.7763 | Val Acc: 0.7048 | Time: 12.24s
2025-03-05 03:10:38,096 - INFO - P1 (Round 7) - Epoch 9/10 | Loss: 0.7748 | Acc: 0.7046 | Val Loss: 0.7751 | Val Acc: 0.7049 | Time: 12.01s
2025-03-05 03:10:50,416 - INFO - P1 (Round 7) - Epoch 10/10 | Loss: 0.7747 | Acc: 0.7046 | Val Loss: 0.7747 | Val Acc: 0.7049 | Time: 12.32s
2025-03-05 03:11:02,532 - INFO - P2 (Round 7) - Epoch 1/10 | Loss: 0.1176 | Acc: 0.9646 | Val Loss: 0.1038 | Val Acc: 0.9684 | Time: 12.12s
2025-03-05 03:11:15,659 - INFO - P2 (Round 7) - Epoch 2/10 | Loss: 0.1019 | Acc: 0.9683 | Val Loss: 0.1007 | Val Acc: 0.9683 | Time: 13.13s
2025-03-05 03:11:27,964 - INFO - P2 (Round 7) - Epoch 3/10 | Loss: 0.1003 | Acc: 0.9688 | Val Loss: 0.1016 | Val Acc: 0.9689 | Time: 12.30s
2025-03-05 03:11:40,082 - INFO - P2 (Round 7) - Epoch 4/10 | Loss: 0.0994 | Acc: 0.9692 | Val Loss: 0.0996 | Val Acc: 0.9698 | Time: 12.12s
2025-03-05 03:11:51,839 - INFO - P2 (Round 7) - Epoch 5/10 | Loss: 0.0987 | Acc: 0.9694 | Val Loss: 0.1005 | Val Acc: 0.9695 | Time: 11.76s
2025-03-05 03:12:03,711 - INFO - P2 (Round 7) - Epoch 6/10 | Loss: 0.0982 | Acc: 0.9696 | Val Loss: 0.1002 | Val Acc: 0.9691 | Time: 11.87s
2025-03-05 03:12:16,148 - INFO - P2 (Round 7) - Epoch 7/10 | Loss: 0.0978 | Acc: 0.9698 | Val Loss: 0.0990 | Val Acc: 0.9688 | Time: 12.44s
2025-03-05 03:12:28,985 - INFO - P2 (Round 7) - Epoch 8/10 | Loss: 0.0972 | Acc: 0.9699 | Val Loss: 0.0982 | Val Acc: 0.9688 | Time: 12.84s
2025-03-05 03:12:40,823 - INFO - P2 (Round 7) - Epoch 9/10 | Loss: 0.0969 | Acc: 0.9700 | Val Loss: 0.0964 | Val Acc: 0.9700 | Time: 11.84s
2025-03-05 03:12:52,623 - INFO - P2 (Round 7) - Epoch 10/10 | Loss: 0.0966 | Acc: 0.9701 | Val Loss: 0.0990 | Val Acc: 0.9703 | Time: 11.80s
2025-03-05 03:12:55,330 - INFO - Round 7 completed in 237.88s
2025-03-05 03:12:55,330 - INFO - Global Model - P1 Test: Loss = 5.3052, Accuracy = 0.4478
2025-03-05 03:12:55,330 - INFO - Global Model - P2 Test: Loss = 1.0220, Accuracy = 0.7939
2025-03-05 03:13:07,303 - INFO - P1 (Round 8) - Epoch 1/10 | Loss: 0.8240 | Acc: 0.6958 | Val Loss: 0.7863 | Val Acc: 0.7049 | Time: 11.97s
2025-03-05 03:13:19,151 - INFO - P1 (Round 8) - Epoch 2/10 | Loss: 0.7855 | Acc: 0.7030 | Val Loss: 0.7845 | Val Acc: 0.7027 | Time: 11.85s
2025-03-05 03:13:32,075 - INFO - P1 (Round 8) - Epoch 3/10 | Loss: 0.7827 | Acc: 0.7038 | Val Loss: 0.7785 | Val Acc: 0.7050 | Time: 12.92s
2025-03-05 03:13:44,257 - INFO - P1 (Round 8) - Epoch 4/10 | Loss: 0.7790 | Acc: 0.7043 | Val Loss: 0.7818 | Val Acc: 0.7030 | Time: 12.18s
2025-03-05 03:13:56,098 - INFO - P1 (Round 8) - Epoch 5/10 | Loss: 0.7774 | Acc: 0.7043 | Val Loss: 0.7773 | Val Acc: 0.7048 | Time: 11.84s
2025-03-05 03:14:07,887 - INFO - P1 (Round 8) - Epoch 6/10 | Loss: 0.7767 | Acc: 0.7045 | Val Loss: 0.7769 | Val Acc: 0.7050 | Time: 11.79s
2025-03-05 03:14:20,011 - INFO - P1 (Round 8) - Epoch 7/10 | Loss: 0.7763 | Acc: 0.7045 | Val Loss: 0.7753 | Val Acc: 0.7048 | Time: 12.12s
2025-03-05 03:14:31,866 - INFO - P1 (Round 8) - Epoch 8/10 | Loss: 0.7760 | Acc: 0.7045 | Val Loss: 0.7753 | Val Acc: 0.7049 | Time: 11.86s
2025-03-05 03:14:44,887 - INFO - P1 (Round 8) - Epoch 9/10 | Loss: 0.7757 | Acc: 0.7045 | Val Loss: 0.7761 | Val Acc: 0.7049 | Time: 13.02s
2025-03-05 03:14:56,971 - INFO - P1 (Round 8) - Epoch 10/10 | Loss: 0.7755 | Acc: 0.7046 | Val Loss: 0.7778 | Val Acc: 0.7048 | Time: 12.08s
2025-03-05 03:15:08,903 - INFO - P2 (Round 8) - Epoch 1/10 | Loss: 0.1188 | Acc: 0.9636 | Val Loss: 0.1056 | Val Acc: 0.9669 | Time: 11.93s
2025-03-05 03:15:20,928 - INFO - P2 (Round 8) - Epoch 2/10 | Loss: 0.1029 | Acc: 0.9677 | Val Loss: 0.1022 | Val Acc: 0.9678 | Time: 12.02s
2025-03-05 03:15:32,831 - INFO - P2 (Round 8) - Epoch 3/10 | Loss: 0.1007 | Acc: 0.9685 | Val Loss: 0.1014 | Val Acc: 0.9685 | Time: 11.90s
2025-03-05 03:15:44,662 - INFO - P2 (Round 8) - Epoch 4/10 | Loss: 0.0995 | Acc: 0.9690 | Val Loss: 0.1029 | Val Acc: 0.9678 | Time: 11.83s
2025-03-05 03:15:57,907 - INFO - P2 (Round 8) - Epoch 5/10 | Loss: 0.0985 | Acc: 0.9692 | Val Loss: 0.0992 | Val Acc: 0.9698 | Time: 13.25s
2025-03-05 03:16:09,881 - INFO - P2 (Round 8) - Epoch 6/10 | Loss: 0.0978 | Acc: 0.9694 | Val Loss: 0.0981 | Val Acc: 0.9697 | Time: 11.97s
2025-03-05 03:16:22,050 - INFO - P2 (Round 8) - Epoch 7/10 | Loss: 0.0970 | Acc: 0.9696 | Val Loss: 0.1005 | Val Acc: 0.9683 | Time: 12.17s
2025-03-05 03:16:34,553 - INFO - P2 (Round 8) - Epoch 8/10 | Loss: 0.0964 | Acc: 0.9699 | Val Loss: 0.0986 | Val Acc: 0.9694 | Time: 12.50s
2025-03-05 03:16:46,592 - INFO - P2 (Round 8) - Epoch 9/10 | Loss: 0.0959 | Acc: 0.9701 | Val Loss: 0.0967 | Val Acc: 0.9699 | Time: 12.04s
2025-03-05 03:16:58,685 - INFO - P2 (Round 8) - Epoch 10/10 | Loss: 0.0953 | Acc: 0.9702 | Val Loss: 0.0957 | Val Acc: 0.9705 | Time: 12.09s
2025-03-05 03:17:01,516 - INFO - Round 8 completed in 246.19s
2025-03-05 03:17:01,516 - INFO - Global Model - P1 Test: Loss = 5.3222, Accuracy = 0.3520
2025-03-05 03:17:01,516 - INFO - Global Model - P2 Test: Loss = 1.0189, Accuracy = 0.7356
2025-03-05 03:17:14,216 - INFO - P1 (Round 9) - Epoch 1/10 | Loss: 0.8168 | Acc: 0.7000 | Val Loss: 0.7801 | Val Acc: 0.7050 | Time: 12.70s
2025-03-05 03:17:25,948 - INFO - P1 (Round 9) - Epoch 2/10 | Loss: 0.7791 | Acc: 0.7045 | Val Loss: 0.7832 | Val Acc: 0.7049 | Time: 11.73s
2025-03-05 03:17:37,918 - INFO - P1 (Round 9) - Epoch 3/10 | Loss: 0.7783 | Acc: 0.7046 | Val Loss: 0.7773 | Val Acc: 0.7049 | Time: 11.97s
2025-03-05 03:17:49,866 - INFO - P1 (Round 9) - Epoch 4/10 | Loss: 0.7776 | Acc: 0.7047 | Val Loss: 0.7765 | Val Acc: 0.7050 | Time: 11.95s
2025-03-05 03:18:02,009 - INFO - P1 (Round 9) - Epoch 5/10 | Loss: 0.7771 | Acc: 0.7046 | Val Loss: 0.7760 | Val Acc: 0.7049 | Time: 12.14s
2025-03-05 03:18:14,523 - INFO - P1 (Round 9) - Epoch 6/10 | Loss: 0.7768 | Acc: 0.7046 | Val Loss: 0.7759 | Val Acc: 0.7050 | Time: 12.51s
2025-03-05 03:18:27,446 - INFO - P1 (Round 9) - Epoch 7/10 | Loss: 0.7765 | Acc: 0.7046 | Val Loss: 0.7765 | Val Acc: 0.7046 | Time: 12.92s
2025-03-05 03:18:39,219 - INFO - P1 (Round 9) - Epoch 8/10 | Loss: 0.7760 | Acc: 0.7046 | Val Loss: 0.7773 | Val Acc: 0.7048 | Time: 11.77s
2025-03-05 03:18:51,536 - INFO - P1 (Round 9) - Epoch 9/10 | Loss: 0.7758 | Acc: 0.7046 | Val Loss: 0.7753 | Val Acc: 0.7048 | Time: 12.32s
2025-03-05 03:19:03,834 - INFO - P1 (Round 9) - Epoch 10/10 | Loss: 0.7755 | Acc: 0.7047 | Val Loss: 0.7759 | Val Acc: 0.7053 | Time: 12.30s
2025-03-05 03:19:15,724 - INFO - P2 (Round 9) - Epoch 1/10 | Loss: 0.1117 | Acc: 0.9651 | Val Loss: 0.1013 | Val Acc: 0.9675 | Time: 11.89s
2025-03-05 03:19:28,574 - INFO - P2 (Round 9) - Epoch 2/10 | Loss: 0.0990 | Acc: 0.9688 | Val Loss: 0.0992 | Val Acc: 0.9688 | Time: 12.85s
2025-03-05 03:19:40,767 - INFO - P2 (Round 9) - Epoch 3/10 | Loss: 0.0973 | Acc: 0.9696 | Val Loss: 0.1006 | Val Acc: 0.9688 | Time: 12.19s
2025-03-05 03:19:52,825 - INFO - P2 (Round 9) - Epoch 4/10 | Loss: 0.0965 | Acc: 0.9699 | Val Loss: 0.0963 | Val Acc: 0.9703 | Time: 12.06s
2025-03-05 03:20:05,093 - INFO - P2 (Round 9) - Epoch 5/10 | Loss: 0.0959 | Acc: 0.9700 | Val Loss: 0.0970 | Val Acc: 0.9694 | Time: 12.27s
2025-03-05 03:20:17,671 - INFO - P2 (Round 9) - Epoch 6/10 | Loss: 0.0953 | Acc: 0.9702 | Val Loss: 0.0954 | Val Acc: 0.9701 | Time: 12.58s
2025-03-05 03:20:29,860 - INFO - P2 (Round 9) - Epoch 7/10 | Loss: 0.0950 | Acc: 0.9704 | Val Loss: 0.0951 | Val Acc: 0.9710 | Time: 12.19s
2025-03-05 03:20:43,163 - INFO - P2 (Round 9) - Epoch 8/10 | Loss: 0.0945 | Acc: 0.9705 | Val Loss: 0.0971 | Val Acc: 0.9697 | Time: 13.30s
2025-03-05 03:20:55,123 - INFO - P2 (Round 9) - Epoch 9/10 | Loss: 0.0939 | Acc: 0.9706 | Val Loss: 0.0935 | Val Acc: 0.9708 | Time: 11.96s
2025-03-05 03:21:07,154 - INFO - P2 (Round 9) - Epoch 10/10 | Loss: 0.0937 | Acc: 0.9707 | Val Loss: 0.0941 | Val Acc: 0.9702 | Time: 12.03s
2025-03-05 03:21:09,853 - INFO - Round 9 completed in 248.34s
2025-03-05 03:21:09,853 - INFO - Global Model - P1 Test: Loss = 5.5043, Accuracy = 0.3489
2025-03-05 03:21:09,853 - INFO - Global Model - P2 Test: Loss = 1.4771, Accuracy = 0.6438
2025-03-05 03:21:22,437 - INFO - P1 (Round 10) - Epoch 1/10 | Loss: 0.8145 | Acc: 0.7009 | Val Loss: 0.7783 | Val Acc: 0.7047 | Time: 12.58s
2025-03-05 03:21:32,552 - INFO - P1 (Round 10) - Epoch 2/10 | Loss: 0.7781 | Acc: 0.7045 | Val Loss: 0.7771 | Val Acc: 0.7050 | Time: 10.12s
2025-03-05 03:21:42,805 - INFO - P1 (Round 10) - Epoch 3/10 | Loss: 0.7768 | Acc: 0.7046 | Val Loss: 0.7765 | Val Acc: 0.7048 | Time: 10.25s
2025-03-05 03:21:55,708 - INFO - P1 (Round 10) - Epoch 4/10 | Loss: 0.7763 | Acc: 0.7046 | Val Loss: 0.7750 | Val Acc: 0.7050 | Time: 12.90s
2025-03-05 03:22:07,653 - INFO - P1 (Round 10) - Epoch 5/10 | Loss: 0.7760 | Acc: 0.7046 | Val Loss: 0.7749 | Val Acc: 0.7049 | Time: 11.94s
2025-03-05 03:22:19,588 - INFO - P1 (Round 10) - Epoch 6/10 | Loss: 0.7756 | Acc: 0.7046 | Val Loss: 0.7764 | Val Acc: 0.7068 | Time: 11.93s
2025-03-05 03:22:31,533 - INFO - P1 (Round 10) - Epoch 7/10 | Loss: 0.7755 | Acc: 0.7046 | Val Loss: 0.7746 | Val Acc: 0.7048 | Time: 11.94s
2025-03-05 03:22:43,413 - INFO - P1 (Round 10) - Epoch 8/10 | Loss: 0.7752 | Acc: 0.7046 | Val Loss: 0.7752 | Val Acc: 0.7049 | Time: 11.88s
2025-03-05 03:22:55,484 - INFO - P1 (Round 10) - Epoch 9/10 | Loss: 0.7752 | Acc: 0.7047 | Val Loss: 0.7745 | Val Acc: 0.7046 | Time: 12.07s
2025-03-05 03:23:08,833 - INFO - P1 (Round 10) - Epoch 10/10 | Loss: 0.7751 | Acc: 0.7046 | Val Loss: 0.7743 | Val Acc: 0.7050 | Time: 13.35s
2025-03-05 03:23:20,603 - INFO - P2 (Round 10) - Epoch 1/10 | Loss: 0.1126 | Acc: 0.9652 | Val Loss: 0.1002 | Val Acc: 0.9693 | Time: 11.77s
2025-03-05 03:23:32,649 - INFO - P2 (Round 10) - Epoch 2/10 | Loss: 0.0968 | Acc: 0.9695 | Val Loss: 0.0971 | Val Acc: 0.9694 | Time: 12.05s
2025-03-05 03:23:43,931 - INFO - P2 (Round 10) - Epoch 3/10 | Loss: 0.0955 | Acc: 0.9701 | Val Loss: 0.0982 | Val Acc: 0.9693 | Time: 11.28s
2025-03-05 03:23:53,973 - INFO - P2 (Round 10) - Epoch 4/10 | Loss: 0.0949 | Acc: 0.9703 | Val Loss: 0.0964 | Val Acc: 0.9701 | Time: 10.04s
2025-03-05 03:24:04,035 - INFO - P2 (Round 10) - Epoch 5/10 | Loss: 0.0944 | Acc: 0.9706 | Val Loss: 0.0945 | Val Acc: 0.9709 | Time: 10.06s
2025-03-05 03:24:16,067 - INFO - P2 (Round 10) - Epoch 6/10 | Loss: 0.0936 | Acc: 0.9709 | Val Loss: 0.0946 | Val Acc: 0.9704 | Time: 12.03s
2025-03-05 03:24:26,327 - INFO - P2 (Round 10) - Epoch 7/10 | Loss: 0.0936 | Acc: 0.9708 | Val Loss: 0.0937 | Val Acc: 0.9708 | Time: 10.26s
2025-03-05 03:24:36,297 - INFO - P2 (Round 10) - Epoch 8/10 | Loss: 0.0932 | Acc: 0.9710 | Val Loss: 0.0936 | Val Acc: 0.9708 | Time: 9.97s
2025-03-05 03:24:46,359 - INFO - P2 (Round 10) - Epoch 9/10 | Loss: 0.0927 | Acc: 0.9712 | Val Loss: 0.0930 | Val Acc: 0.9713 | Time: 10.06s
2025-03-05 03:24:56,626 - INFO - P2 (Round 10) - Epoch 10/10 | Loss: 0.0924 | Acc: 0.9711 | Val Loss: 0.0933 | Val Acc: 0.9707 | Time: 10.27s
2025-03-05 03:24:59,054 - INFO - Round 10 completed in 229.20s
2025-03-05 03:24:59,054 - INFO - Global Model - P1 Test: Loss = 5.6855, Accuracy = 0.3489
2025-03-05 03:24:59,054 - INFO - Global Model - P2 Test: Loss = 1.6674, Accuracy = 0.6283
2025-03-05 03:25:01,341 - INFO - Final Results after 10 rounds:
2025-03-05 03:25:01,341 - INFO - Global Model - P1 Test: Loss = 5.6855, Accuracy = 0.3489
2025-03-05 03:25:01,341 - INFO - Global Model - P2 Test: Loss = 1.6674, Accuracy = 0.6283
2025-03-05 03:25:01,353 - INFO - Experiment 176 results saved to results/suppression_experiments/exp_176_p1f2_p2f7.json
