2025-03-05 03:11:32,178 - INFO - Starting Suppression Experiment 152
2025-03-05 03:11:32,178 - INFO - P1 Features (4/14): ['protocol', 'bidirectional_min_ps', 'bidirectional_mean_ps', 'bidirectional_stddev_ps']
2025-03-05 03:11:32,178 - INFO - P2 Features (3/14): ['protocol', 'bidirectional_min_ps', 'bidirectional_mean_ps']
2025-03-05 03:11:44,037 - INFO - P1 (Round 1) - Epoch 1/10 | Loss: 0.6803 | Acc: 0.7392 | Val Loss: 0.5331 | Val Acc: 0.7842 | Time: 11.78s
2025-03-05 03:11:55,911 - INFO - P1 (Round 1) - Epoch 2/10 | Loss: 0.5001 | Acc: 0.7958 | Val Loss: 0.4809 | Val Acc: 0.8040 | Time: 11.87s
2025-03-05 03:12:07,514 - INFO - P1 (Round 1) - Epoch 3/10 | Loss: 0.4631 | Acc: 0.8104 | Val Loss: 0.4516 | Val Acc: 0.8134 | Time: 11.60s
2025-03-05 03:12:20,088 - INFO - P1 (Round 1) - Epoch 4/10 | Loss: 0.4363 | Acc: 0.8193 | Val Loss: 0.4285 | Val Acc: 0.8220 | Time: 12.57s
2025-03-05 03:12:32,168 - INFO - P1 (Round 1) - Epoch 5/10 | Loss: 0.4205 | Acc: 0.8259 | Val Loss: 0.4174 | Val Acc: 0.8287 | Time: 12.08s
2025-03-05 03:12:43,736 - INFO - P1 (Round 1) - Epoch 6/10 | Loss: 0.4090 | Acc: 0.8309 | Val Loss: 0.4089 | Val Acc: 0.8342 | Time: 11.57s
2025-03-05 03:12:55,564 - INFO - P1 (Round 1) - Epoch 7/10 | Loss: 0.4013 | Acc: 0.8351 | Val Loss: 0.4002 | Val Acc: 0.8394 | Time: 11.83s
2025-03-05 03:13:07,247 - INFO - P1 (Round 1) - Epoch 8/10 | Loss: 0.3946 | Acc: 0.8391 | Val Loss: 0.3924 | Val Acc: 0.8423 | Time: 11.68s
2025-03-05 03:13:18,920 - INFO - P1 (Round 1) - Epoch 9/10 | Loss: 0.3890 | Acc: 0.8419 | Val Loss: 0.3901 | Val Acc: 0.8429 | Time: 11.67s
2025-03-05 03:13:31,552 - INFO - P1 (Round 1) - Epoch 10/10 | Loss: 0.3863 | Acc: 0.8438 | Val Loss: 0.3866 | Val Acc: 0.8454 | Time: 12.63s
2025-03-05 03:13:43,379 - INFO - P2 (Round 1) - Epoch 1/10 | Loss: 0.8014 | Acc: 0.6894 | Val Loss: 0.6621 | Val Acc: 0.7247 | Time: 11.83s
2025-03-05 03:13:54,952 - INFO - P2 (Round 1) - Epoch 2/10 | Loss: 0.6360 | Acc: 0.7485 | Val Loss: 0.6147 | Val Acc: 0.7563 | Time: 11.57s
2025-03-05 03:14:06,903 - INFO - P2 (Round 1) - Epoch 3/10 | Loss: 0.6024 | Acc: 0.7605 | Val Loss: 0.5923 | Val Acc: 0.7691 | Time: 11.95s
2025-03-05 03:14:18,798 - INFO - P2 (Round 1) - Epoch 4/10 | Loss: 0.5869 | Acc: 0.7646 | Val Loss: 0.5824 | Val Acc: 0.7656 | Time: 11.89s
2025-03-05 03:14:30,493 - INFO - P2 (Round 1) - Epoch 5/10 | Loss: 0.5775 | Acc: 0.7670 | Val Loss: 0.5731 | Val Acc: 0.7673 | Time: 11.70s
2025-03-05 03:14:43,043 - INFO - P2 (Round 1) - Epoch 6/10 | Loss: 0.5718 | Acc: 0.7683 | Val Loss: 0.5693 | Val Acc: 0.7676 | Time: 12.55s
2025-03-05 03:14:55,242 - INFO - P2 (Round 1) - Epoch 7/10 | Loss: 0.5678 | Acc: 0.7698 | Val Loss: 0.5688 | Val Acc: 0.7722 | Time: 12.20s
2025-03-05 03:15:06,878 - INFO - P2 (Round 1) - Epoch 8/10 | Loss: 0.5645 | Acc: 0.7715 | Val Loss: 0.5628 | Val Acc: 0.7717 | Time: 11.64s
2025-03-05 03:15:18,824 - INFO - P2 (Round 1) - Epoch 9/10 | Loss: 0.5617 | Acc: 0.7725 | Val Loss: 0.5603 | Val Acc: 0.7713 | Time: 11.95s
2025-03-05 03:15:30,550 - INFO - P2 (Round 1) - Epoch 10/10 | Loss: 0.5590 | Acc: 0.7735 | Val Loss: 0.5555 | Val Acc: 0.7742 | Time: 11.73s
2025-03-05 03:15:33,064 - INFO - Round 1 completed in 240.81s
2025-03-05 03:15:33,064 - INFO - Global Model - P1 Test: Loss = 8.5621, Accuracy = 0.2553
2025-03-05 03:15:33,064 - INFO - Global Model - P2 Test: Loss = 9.1151, Accuracy = 0.2512
2025-03-05 03:15:44,847 - INFO - P1 (Round 2) - Epoch 1/10 | Loss: 0.5777 | Acc: 0.7880 | Val Loss: 0.4509 | Val Acc: 0.8232 | Time: 11.78s
2025-03-05 03:15:57,900 - INFO - P1 (Round 2) - Epoch 2/10 | Loss: 0.4279 | Acc: 0.8283 | Val Loss: 0.4143 | Val Acc: 0.8340 | Time: 13.05s
2025-03-05 03:16:09,745 - INFO - P1 (Round 2) - Epoch 3/10 | Loss: 0.4069 | Acc: 0.8366 | Val Loss: 0.4018 | Val Acc: 0.8380 | Time: 11.85s
2025-03-05 03:16:21,739 - INFO - P1 (Round 2) - Epoch 4/10 | Loss: 0.3963 | Acc: 0.8415 | Val Loss: 0.3923 | Val Acc: 0.8437 | Time: 11.99s
2025-03-05 03:16:33,883 - INFO - P1 (Round 2) - Epoch 5/10 | Loss: 0.3898 | Acc: 0.8441 | Val Loss: 0.3865 | Val Acc: 0.8465 | Time: 12.14s
2025-03-05 03:16:45,751 - INFO - P1 (Round 2) - Epoch 6/10 | Loss: 0.3861 | Acc: 0.8453 | Val Loss: 0.3835 | Val Acc: 0.8463 | Time: 11.87s
2025-03-05 03:16:57,545 - INFO - P1 (Round 2) - Epoch 7/10 | Loss: 0.3835 | Acc: 0.8459 | Val Loss: 0.3831 | Val Acc: 0.8448 | Time: 11.79s
2025-03-05 03:17:10,543 - INFO - P1 (Round 2) - Epoch 8/10 | Loss: 0.3815 | Acc: 0.8467 | Val Loss: 0.3804 | Val Acc: 0.8480 | Time: 13.00s
2025-03-05 03:17:22,432 - INFO - P1 (Round 2) - Epoch 9/10 | Loss: 0.3799 | Acc: 0.8472 | Val Loss: 0.3796 | Val Acc: 0.8461 | Time: 11.89s
2025-03-05 03:17:34,236 - INFO - P1 (Round 2) - Epoch 10/10 | Loss: 0.3785 | Acc: 0.8478 | Val Loss: 0.3762 | Val Acc: 0.8477 | Time: 11.80s
2025-03-05 03:17:45,861 - INFO - P2 (Round 2) - Epoch 1/10 | Loss: 0.7599 | Acc: 0.7385 | Val Loss: 0.6086 | Val Acc: 0.7641 | Time: 11.62s
2025-03-05 03:17:57,869 - INFO - P2 (Round 2) - Epoch 2/10 | Loss: 0.5958 | Acc: 0.7637 | Val Loss: 0.5868 | Val Acc: 0.7634 | Time: 12.01s
2025-03-05 03:18:09,830 - INFO - P2 (Round 2) - Epoch 3/10 | Loss: 0.5784 | Acc: 0.7661 | Val Loss: 0.5714 | Val Acc: 0.7725 | Time: 11.96s
2025-03-05 03:18:22,835 - INFO - P2 (Round 2) - Epoch 4/10 | Loss: 0.5679 | Acc: 0.7687 | Val Loss: 0.5628 | Val Acc: 0.7655 | Time: 13.00s
2025-03-05 03:18:34,495 - INFO - P2 (Round 2) - Epoch 5/10 | Loss: 0.5624 | Acc: 0.7702 | Val Loss: 0.5588 | Val Acc: 0.7777 | Time: 11.66s
2025-03-05 03:18:46,553 - INFO - P2 (Round 2) - Epoch 6/10 | Loss: 0.5577 | Acc: 0.7716 | Val Loss: 0.5542 | Val Acc: 0.7740 | Time: 12.06s
2025-03-05 03:18:58,633 - INFO - P2 (Round 2) - Epoch 7/10 | Loss: 0.5544 | Acc: 0.7734 | Val Loss: 0.5561 | Val Acc: 0.7683 | Time: 12.08s
2025-03-05 03:19:10,927 - INFO - P2 (Round 2) - Epoch 8/10 | Loss: 0.5517 | Acc: 0.7749 | Val Loss: 0.5499 | Val Acc: 0.7710 | Time: 12.29s
2025-03-05 03:19:22,783 - INFO - P2 (Round 2) - Epoch 9/10 | Loss: 0.5491 | Acc: 0.7769 | Val Loss: 0.5469 | Val Acc: 0.7787 | Time: 11.86s
2025-03-05 03:19:35,466 - INFO - P2 (Round 2) - Epoch 10/10 | Loss: 0.5473 | Acc: 0.7782 | Val Loss: 0.5469 | Val Acc: 0.7777 | Time: 12.68s
2025-03-05 03:19:37,878 - INFO - Round 2 completed in 244.81s
2025-03-05 03:19:37,878 - INFO - Global Model - P1 Test: Loss = 4.2787, Accuracy = 0.5079
2025-03-05 03:19:37,878 - INFO - Global Model - P2 Test: Loss = 3.2268, Accuracy = 0.5172
2025-03-05 03:19:49,839 - INFO - P1 (Round 3) - Epoch 1/10 | Loss: 0.5034 | Acc: 0.8014 | Val Loss: 0.4473 | Val Acc: 0.8167 | Time: 11.96s
2025-03-05 03:20:01,598 - INFO - P1 (Round 3) - Epoch 2/10 | Loss: 0.4388 | Acc: 0.8197 | Val Loss: 0.4315 | Val Acc: 0.8228 | Time: 11.76s
2025-03-05 03:20:14,138 - INFO - P1 (Round 3) - Epoch 3/10 | Loss: 0.4255 | Acc: 0.8231 | Val Loss: 0.4194 | Val Acc: 0.8244 | Time: 12.54s
2025-03-05 03:20:25,933 - INFO - P1 (Round 3) - Epoch 4/10 | Loss: 0.4170 | Acc: 0.8257 | Val Loss: 0.4128 | Val Acc: 0.8262 | Time: 11.79s
2025-03-05 03:20:38,374 - INFO - P1 (Round 3) - Epoch 5/10 | Loss: 0.4102 | Acc: 0.8275 | Val Loss: 0.4067 | Val Acc: 0.8298 | Time: 12.44s
2025-03-05 03:20:50,480 - INFO - P1 (Round 3) - Epoch 6/10 | Loss: 0.4043 | Acc: 0.8294 | Val Loss: 0.4001 | Val Acc: 0.8303 | Time: 12.11s
2025-03-05 03:21:02,089 - INFO - P1 (Round 3) - Epoch 7/10 | Loss: 0.3986 | Acc: 0.8303 | Val Loss: 0.3940 | Val Acc: 0.8307 | Time: 11.61s
2025-03-05 03:21:14,337 - INFO - P1 (Round 3) - Epoch 8/10 | Loss: 0.3946 | Acc: 0.8314 | Val Loss: 0.3909 | Val Acc: 0.8318 | Time: 12.25s
2025-03-05 03:21:25,520 - INFO - P1 (Round 3) - Epoch 9/10 | Loss: 0.3911 | Acc: 0.8330 | Val Loss: 0.3898 | Val Acc: 0.8344 | Time: 11.18s
2025-03-05 03:21:35,465 - INFO - P1 (Round 3) - Epoch 10/10 | Loss: 0.3887 | Acc: 0.8336 | Val Loss: 0.3868 | Val Acc: 0.8341 | Time: 9.95s
2025-03-05 03:21:46,147 - INFO - P2 (Round 3) - Epoch 1/10 | Loss: 0.5887 | Acc: 0.7662 | Val Loss: 0.5675 | Val Acc: 0.7687 | Time: 10.68s
2025-03-05 03:21:58,815 - INFO - P2 (Round 3) - Epoch 2/10 | Loss: 0.5610 | Acc: 0.7712 | Val Loss: 0.5566 | Val Acc: 0.7715 | Time: 12.67s
2025-03-05 03:22:10,694 - INFO - P2 (Round 3) - Epoch 3/10 | Loss: 0.5539 | Acc: 0.7740 | Val Loss: 0.5509 | Val Acc: 0.7752 | Time: 11.88s
2025-03-05 03:22:22,565 - INFO - P2 (Round 3) - Epoch 4/10 | Loss: 0.5508 | Acc: 0.7759 | Val Loss: 0.5507 | Val Acc: 0.7705 | Time: 11.87s
2025-03-05 03:22:34,438 - INFO - P2 (Round 3) - Epoch 5/10 | Loss: 0.5484 | Acc: 0.7766 | Val Loss: 0.5499 | Val Acc: 0.7760 | Time: 11.87s
2025-03-05 03:22:46,164 - INFO - P2 (Round 3) - Epoch 6/10 | Loss: 0.5462 | Acc: 0.7772 | Val Loss: 0.5438 | Val Acc: 0.7787 | Time: 11.73s
2025-03-05 03:22:58,276 - INFO - P2 (Round 3) - Epoch 7/10 | Loss: 0.5447 | Acc: 0.7777 | Val Loss: 0.5432 | Val Acc: 0.7789 | Time: 12.11s
2025-03-05 03:23:10,890 - INFO - P2 (Round 3) - Epoch 8/10 | Loss: 0.5437 | Acc: 0.7780 | Val Loss: 0.5398 | Val Acc: 0.7792 | Time: 12.61s
2025-03-05 03:23:22,931 - INFO - P2 (Round 3) - Epoch 9/10 | Loss: 0.5429 | Acc: 0.7783 | Val Loss: 0.5438 | Val Acc: 0.7778 | Time: 12.04s
2025-03-05 03:23:34,996 - INFO - P2 (Round 3) - Epoch 10/10 | Loss: 0.5421 | Acc: 0.7783 | Val Loss: 0.5431 | Val Acc: 0.7778 | Time: 12.06s
2025-03-05 03:23:37,413 - INFO - Round 3 completed in 239.54s
2025-03-05 03:23:37,413 - INFO - Global Model - P1 Test: Loss = 1.4860, Accuracy = 0.6495
2025-03-05 03:23:37,413 - INFO - Global Model - P2 Test: Loss = 1.3257, Accuracy = 0.6114
2025-03-05 03:23:47,414 - INFO - P1 (Round 4) - Epoch 1/10 | Loss: 0.4284 | Acc: 0.8214 | Val Loss: 0.4089 | Val Acc: 0.8290 | Time: 10.00s
2025-03-05 03:23:57,222 - INFO - P1 (Round 4) - Epoch 2/10 | Loss: 0.4028 | Acc: 0.8282 | Val Loss: 0.4005 | Val Acc: 0.8320 | Time: 9.81s
2025-03-05 03:24:07,758 - INFO - P1 (Round 4) - Epoch 3/10 | Loss: 0.3971 | Acc: 0.8299 | Val Loss: 0.3936 | Val Acc: 0.8310 | Time: 10.54s
2025-03-05 03:24:19,098 - INFO - P1 (Round 4) - Epoch 4/10 | Loss: 0.3922 | Acc: 0.8319 | Val Loss: 0.3912 | Val Acc: 0.8306 | Time: 11.34s
2025-03-05 03:24:29,080 - INFO - P1 (Round 4) - Epoch 5/10 | Loss: 0.3889 | Acc: 0.8334 | Val Loss: 0.3896 | Val Acc: 0.8349 | Time: 9.98s
2025-03-05 03:24:38,836 - INFO - P1 (Round 4) - Epoch 6/10 | Loss: 0.3864 | Acc: 0.8345 | Val Loss: 0.3874 | Val Acc: 0.8325 | Time: 9.75s
2025-03-05 03:24:48,541 - INFO - P1 (Round 4) - Epoch 7/10 | Loss: 0.3847 | Acc: 0.8356 | Val Loss: 0.3861 | Val Acc: 0.8367 | Time: 9.70s
2025-03-05 03:24:58,271 - INFO - P1 (Round 4) - Epoch 8/10 | Loss: 0.3831 | Acc: 0.8365 | Val Loss: 0.3843 | Val Acc: 0.8364 | Time: 9.73s
2025-03-05 03:25:07,785 - INFO - P1 (Round 4) - Epoch 9/10 | Loss: 0.3818 | Acc: 0.8374 | Val Loss: 0.3849 | Val Acc: 0.8355 | Time: 9.51s
2025-03-05 03:25:17,694 - INFO - P1 (Round 4) - Epoch 10/10 | Loss: 0.3806 | Acc: 0.8387 | Val Loss: 0.3785 | Val Acc: 0.8377 | Time: 9.91s
2025-03-05 03:25:29,309 - INFO - P2 (Round 4) - Epoch 1/10 | Loss: 0.6014 | Acc: 0.7604 | Val Loss: 0.5644 | Val Acc: 0.7748 | Time: 11.61s
2025-03-05 03:25:39,492 - INFO - P2 (Round 4) - Epoch 2/10 | Loss: 0.5573 | Acc: 0.7752 | Val Loss: 0.5489 | Val Acc: 0.7755 | Time: 10.18s
2025-03-05 03:25:49,275 - INFO - P2 (Round 4) - Epoch 3/10 | Loss: 0.5497 | Acc: 0.7758 | Val Loss: 0.5477 | Val Acc: 0.7757 | Time: 9.78s
2025-03-05 03:25:58,936 - INFO - P2 (Round 4) - Epoch 4/10 | Loss: 0.5467 | Acc: 0.7771 | Val Loss: 0.5429 | Val Acc: 0.7786 | Time: 9.66s
2025-03-05 03:26:08,904 - INFO - P2 (Round 4) - Epoch 5/10 | Loss: 0.5445 | Acc: 0.7778 | Val Loss: 0.5460 | Val Acc: 0.7795 | Time: 9.97s
2025-03-05 03:26:18,914 - INFO - P2 (Round 4) - Epoch 6/10 | Loss: 0.5429 | Acc: 0.7784 | Val Loss: 0.5406 | Val Acc: 0.7772 | Time: 10.01s
2025-03-05 03:26:29,213 - INFO - P2 (Round 4) - Epoch 7/10 | Loss: 0.5419 | Acc: 0.7789 | Val Loss: 0.5384 | Val Acc: 0.7813 | Time: 10.30s
2025-03-05 03:26:40,916 - INFO - P2 (Round 4) - Epoch 8/10 | Loss: 0.5410 | Acc: 0.7791 | Val Loss: 0.5380 | Val Acc: 0.7810 | Time: 11.70s
2025-03-05 03:26:50,749 - INFO - P2 (Round 4) - Epoch 9/10 | Loss: 0.5403 | Acc: 0.7791 | Val Loss: 0.5399 | Val Acc: 0.7777 | Time: 9.83s
2025-03-05 03:27:00,502 - INFO - P2 (Round 4) - Epoch 10/10 | Loss: 0.5397 | Acc: 0.7791 | Val Loss: 0.5380 | Val Acc: 0.7806 | Time: 9.75s
2025-03-05 03:27:02,612 - INFO - Round 4 completed in 205.20s
2025-03-05 03:27:02,612 - INFO - Global Model - P1 Test: Loss = 1.6664, Accuracy = 0.6400
2025-03-05 03:27:02,612 - INFO - Global Model - P2 Test: Loss = 1.5853, Accuracy = 0.5559
2025-03-05 03:27:12,757 - INFO - P1 (Round 5) - Epoch 1/10 | Loss: 0.4238 | Acc: 0.8218 | Val Loss: 0.4046 | Val Acc: 0.8278 | Time: 10.14s
2025-03-05 03:27:22,549 - INFO - P1 (Round 5) - Epoch 2/10 | Loss: 0.3976 | Acc: 0.8342 | Val Loss: 0.3923 | Val Acc: 0.8375 | Time: 9.79s
2025-03-05 03:27:32,148 - INFO - P1 (Round 5) - Epoch 3/10 | Loss: 0.3909 | Acc: 0.8379 | Val Loss: 0.3908 | Val Acc: 0.8369 | Time: 9.60s
2025-03-05 03:27:43,418 - INFO - P1 (Round 5) - Epoch 4/10 | Loss: 0.3882 | Acc: 0.8389 | Val Loss: 0.3870 | Val Acc: 0.8403 | Time: 11.27s
2025-03-05 03:27:54,359 - INFO - P1 (Round 5) - Epoch 5/10 | Loss: 0.3861 | Acc: 0.8401 | Val Loss: 0.3859 | Val Acc: 0.8392 | Time: 10.94s
2025-03-05 03:28:04,367 - INFO - P1 (Round 5) - Epoch 6/10 | Loss: 0.3842 | Acc: 0.8403 | Val Loss: 0.3811 | Val Acc: 0.8419 | Time: 10.01s
2025-03-05 03:28:14,373 - INFO - P1 (Round 5) - Epoch 7/10 | Loss: 0.3824 | Acc: 0.8411 | Val Loss: 0.3802 | Val Acc: 0.8417 | Time: 10.01s
2025-03-05 03:28:24,248 - INFO - P1 (Round 5) - Epoch 8/10 | Loss: 0.3810 | Acc: 0.8416 | Val Loss: 0.3782 | Val Acc: 0.8430 | Time: 9.87s
2025-03-05 03:28:34,543 - INFO - P1 (Round 5) - Epoch 9/10 | Loss: 0.3797 | Acc: 0.8421 | Val Loss: 0.3769 | Val Acc: 0.8438 | Time: 10.29s
2025-03-05 03:28:46,051 - INFO - P1 (Round 5) - Epoch 10/10 | Loss: 0.3786 | Acc: 0.8429 | Val Loss: 0.3782 | Val Acc: 0.8426 | Time: 11.51s
2025-03-05 03:28:58,562 - INFO - P2 (Round 5) - Epoch 1/10 | Loss: 0.5815 | Acc: 0.7680 | Val Loss: 0.5518 | Val Acc: 0.7785 | Time: 12.51s
2025-03-05 03:29:10,853 - INFO - P2 (Round 5) - Epoch 2/10 | Loss: 0.5486 | Acc: 0.7757 | Val Loss: 0.5425 | Val Acc: 0.7781 | Time: 12.29s
2025-03-05 03:29:22,367 - INFO - P2 (Round 5) - Epoch 3/10 | Loss: 0.5448 | Acc: 0.7770 | Val Loss: 0.5424 | Val Acc: 0.7783 | Time: 11.51s
2025-03-05 03:29:34,047 - INFO - P2 (Round 5) - Epoch 4/10 | Loss: 0.5428 | Acc: 0.7779 | Val Loss: 0.5404 | Val Acc: 0.7789 | Time: 11.68s
2025-03-05 03:29:45,460 - INFO - P2 (Round 5) - Epoch 5/10 | Loss: 0.5415 | Acc: 0.7787 | Val Loss: 0.5409 | Val Acc: 0.7791 | Time: 11.41s
2025-03-05 03:29:57,613 - INFO - P2 (Round 5) - Epoch 6/10 | Loss: 0.5405 | Acc: 0.7795 | Val Loss: 0.5393 | Val Acc: 0.7812 | Time: 12.15s
2025-03-05 03:30:10,613 - INFO - P2 (Round 5) - Epoch 7/10 | Loss: 0.5398 | Acc: 0.7800 | Val Loss: 0.5365 | Val Acc: 0.7819 | Time: 13.00s
2025-03-05 03:30:22,915 - INFO - P2 (Round 5) - Epoch 8/10 | Loss: 0.5394 | Acc: 0.7801 | Val Loss: 0.5404 | Val Acc: 0.7794 | Time: 12.30s
2025-03-05 03:30:35,946 - INFO - P2 (Round 5) - Epoch 9/10 | Loss: 0.5390 | Acc: 0.7802 | Val Loss: 0.5362 | Val Acc: 0.7810 | Time: 13.03s
2025-03-05 03:30:47,502 - INFO - P2 (Round 5) - Epoch 10/10 | Loss: 0.5386 | Acc: 0.7803 | Val Loss: 0.5380 | Val Acc: 0.7803 | Time: 11.56s
2025-03-05 03:30:50,034 - INFO - Round 5 completed in 227.42s
2025-03-05 03:30:50,034 - INFO - Global Model - P1 Test: Loss = 1.1633, Accuracy = 0.6932
2025-03-05 03:30:50,034 - INFO - Global Model - P2 Test: Loss = 1.0142, Accuracy = 0.6610
2025-03-05 03:31:01,590 - INFO - P1 (Round 6) - Epoch 1/10 | Loss: 0.4087 | Acc: 0.8269 | Val Loss: 0.3945 | Val Acc: 0.8357 | Time: 11.56s
2025-03-05 03:31:13,202 - INFO - P1 (Round 6) - Epoch 2/10 | Loss: 0.3880 | Acc: 0.8374 | Val Loss: 0.3863 | Val Acc: 0.8395 | Time: 11.61s
2025-03-05 03:31:25,947 - INFO - P1 (Round 6) - Epoch 3/10 | Loss: 0.3826 | Acc: 0.8397 | Val Loss: 0.3804 | Val Acc: 0.8404 | Time: 12.75s
2025-03-05 03:31:37,491 - INFO - P1 (Round 6) - Epoch 4/10 | Loss: 0.3795 | Acc: 0.8418 | Val Loss: 0.3765 | Val Acc: 0.8456 | Time: 11.54s
2025-03-05 03:31:49,183 - INFO - P1 (Round 6) - Epoch 5/10 | Loss: 0.3772 | Acc: 0.8437 | Val Loss: 0.3732 | Val Acc: 0.8479 | Time: 11.69s
2025-03-05 03:32:00,760 - INFO - P1 (Round 6) - Epoch 6/10 | Loss: 0.3755 | Acc: 0.8447 | Val Loss: 0.3781 | Val Acc: 0.8405 | Time: 11.58s
2025-03-05 03:32:12,392 - INFO - P1 (Round 6) - Epoch 7/10 | Loss: 0.3742 | Acc: 0.8455 | Val Loss: 0.3724 | Val Acc: 0.8459 | Time: 11.63s
2025-03-05 03:32:24,130 - INFO - P1 (Round 6) - Epoch 8/10 | Loss: 0.3733 | Acc: 0.8457 | Val Loss: 0.3721 | Val Acc: 0.8461 | Time: 11.74s
2025-03-05 03:32:37,173 - INFO - P1 (Round 6) - Epoch 9/10 | Loss: 0.3725 | Acc: 0.8463 | Val Loss: 0.3739 | Val Acc: 0.8437 | Time: 13.04s
2025-03-05 03:32:49,019 - INFO - P1 (Round 6) - Epoch 10/10 | Loss: 0.3716 | Acc: 0.8464 | Val Loss: 0.3717 | Val Acc: 0.8464 | Time: 11.85s
2025-03-05 03:33:00,592 - INFO - P2 (Round 6) - Epoch 1/10 | Loss: 0.5891 | Acc: 0.7649 | Val Loss: 0.5649 | Val Acc: 0.7682 | Time: 11.57s
2025-03-05 03:33:12,137 - INFO - P2 (Round 6) - Epoch 2/10 | Loss: 0.5574 | Acc: 0.7723 | Val Loss: 0.5476 | Val Acc: 0.7715 | Time: 11.55s
2025-03-05 03:33:23,911 - INFO - P2 (Round 6) - Epoch 3/10 | Loss: 0.5500 | Acc: 0.7744 | Val Loss: 0.5469 | Val Acc: 0.7778 | Time: 11.77s
2025-03-05 03:33:35,660 - INFO - P2 (Round 6) - Epoch 4/10 | Loss: 0.5471 | Acc: 0.7752 | Val Loss: 0.5471 | Val Acc: 0.7691 | Time: 11.75s
2025-03-05 03:33:48,576 - INFO - P2 (Round 6) - Epoch 5/10 | Loss: 0.5456 | Acc: 0.7749 | Val Loss: 0.5416 | Val Acc: 0.7840 | Time: 12.92s
2025-03-05 03:34:00,264 - INFO - P2 (Round 6) - Epoch 6/10 | Loss: 0.5446 | Acc: 0.7751 | Val Loss: 0.5416 | Val Acc: 0.7799 | Time: 11.69s
2025-03-05 03:34:12,023 - INFO - P2 (Round 6) - Epoch 7/10 | Loss: 0.5440 | Acc: 0.7749 | Val Loss: 0.5399 | Val Acc: 0.7721 | Time: 11.76s
2025-03-05 03:34:23,789 - INFO - P2 (Round 6) - Epoch 8/10 | Loss: 0.5435 | Acc: 0.7754 | Val Loss: 0.5412 | Val Acc: 0.7734 | Time: 11.77s
2025-03-05 03:34:35,401 - INFO - P2 (Round 6) - Epoch 9/10 | Loss: 0.5427 | Acc: 0.7754 | Val Loss: 0.5399 | Val Acc: 0.7760 | Time: 11.61s
2025-03-05 03:34:47,303 - INFO - P2 (Round 6) - Epoch 10/10 | Loss: 0.5420 | Acc: 0.7756 | Val Loss: 0.5418 | Val Acc: 0.7805 | Time: 11.90s
2025-03-05 03:34:50,010 - INFO - Round 6 completed in 239.98s
2025-03-05 03:34:50,010 - INFO - Global Model - P1 Test: Loss = 1.0353, Accuracy = 0.6543
2025-03-05 03:34:50,010 - INFO - Global Model - P2 Test: Loss = 1.0423, Accuracy = 0.5982
2025-03-05 03:35:02,652 - INFO - P1 (Round 7) - Epoch 1/10 | Loss: 0.4132 | Acc: 0.8277 | Val Loss: 0.3966 | Val Acc: 0.8331 | Time: 12.64s
2025-03-05 03:35:14,422 - INFO - P1 (Round 7) - Epoch 2/10 | Loss: 0.3941 | Acc: 0.8359 | Val Loss: 0.3935 | Val Acc: 0.8420 | Time: 11.77s
2025-03-05 03:35:26,269 - INFO - P1 (Round 7) - Epoch 3/10 | Loss: 0.3890 | Acc: 0.8392 | Val Loss: 0.3875 | Val Acc: 0.8341 | Time: 11.85s
2025-03-05 03:35:38,505 - INFO - P1 (Round 7) - Epoch 4/10 | Loss: 0.3866 | Acc: 0.8404 | Val Loss: 0.3844 | Val Acc: 0.8396 | Time: 12.24s
2025-03-05 03:35:48,050 - INFO - P1 (Round 7) - Epoch 5/10 | Loss: 0.3847 | Acc: 0.8413 | Val Loss: 0.3886 | Val Acc: 0.8427 | Time: 9.54s
2025-03-05 03:35:57,015 - INFO - P1 (Round 7) - Epoch 6/10 | Loss: 0.3804 | Acc: 0.8435 | Val Loss: 0.3760 | Val Acc: 0.8444 | Time: 8.96s
2025-03-05 03:36:10,302 - INFO - P1 (Round 7) - Epoch 7/10 | Loss: 0.3765 | Acc: 0.8458 | Val Loss: 0.3774 | Val Acc: 0.8468 | Time: 13.29s
2025-03-05 03:36:20,959 - INFO - P1 (Round 7) - Epoch 8/10 | Loss: 0.3754 | Acc: 0.8465 | Val Loss: 0.3744 | Val Acc: 0.8465 | Time: 10.66s
2025-03-05 03:36:31,546 - INFO - P1 (Round 7) - Epoch 9/10 | Loss: 0.3741 | Acc: 0.8466 | Val Loss: 0.3738 | Val Acc: 0.8490 | Time: 10.59s
2025-03-05 03:36:42,099 - INFO - P1 (Round 7) - Epoch 10/10 | Loss: 0.3732 | Acc: 0.8472 | Val Loss: 0.3733 | Val Acc: 0.8470 | Time: 10.55s
2025-03-05 03:36:52,795 - INFO - P2 (Round 7) - Epoch 1/10 | Loss: 0.5796 | Acc: 0.7683 | Val Loss: 0.5684 | Val Acc: 0.7655 | Time: 10.70s
2025-03-05 03:37:03,201 - INFO - P2 (Round 7) - Epoch 2/10 | Loss: 0.5625 | Acc: 0.7721 | Val Loss: 0.5578 | Val Acc: 0.7756 | Time: 10.41s
2025-03-05 03:37:14,250 - INFO - P2 (Round 7) - Epoch 3/10 | Loss: 0.5573 | Acc: 0.7734 | Val Loss: 0.5550 | Val Acc: 0.7757 | Time: 11.05s
2025-03-05 03:37:25,274 - INFO - P2 (Round 7) - Epoch 4/10 | Loss: 0.5543 | Acc: 0.7734 | Val Loss: 0.5522 | Val Acc: 0.7786 | Time: 11.02s
2025-03-05 03:37:35,628 - INFO - P2 (Round 7) - Epoch 5/10 | Loss: 0.5521 | Acc: 0.7736 | Val Loss: 0.5491 | Val Acc: 0.7771 | Time: 10.35s
2025-03-05 03:37:46,319 - INFO - P2 (Round 7) - Epoch 6/10 | Loss: 0.5499 | Acc: 0.7738 | Val Loss: 0.5459 | Val Acc: 0.7753 | Time: 10.69s
2025-03-05 03:37:56,766 - INFO - P2 (Round 7) - Epoch 7/10 | Loss: 0.5482 | Acc: 0.7744 | Val Loss: 0.5462 | Val Acc: 0.7739 | Time: 10.45s
2025-03-05 03:38:07,137 - INFO - P2 (Round 7) - Epoch 8/10 | Loss: 0.5464 | Acc: 0.7751 | Val Loss: 0.5443 | Val Acc: 0.7778 | Time: 10.37s
2025-03-05 03:38:17,450 - INFO - P2 (Round 7) - Epoch 9/10 | Loss: 0.5452 | Acc: 0.7765 | Val Loss: 0.5424 | Val Acc: 0.7810 | Time: 10.31s
2025-03-05 03:38:28,806 - INFO - P2 (Round 7) - Epoch 10/10 | Loss: 0.5441 | Acc: 0.7771 | Val Loss: 0.5437 | Val Acc: 0.7709 | Time: 11.36s
2025-03-05 03:38:31,178 - INFO - Round 7 completed in 221.17s
2025-03-05 03:38:31,178 - INFO - Global Model - P1 Test: Loss = 1.4862, Accuracy = 0.6391
2025-03-05 03:38:31,178 - INFO - Global Model - P2 Test: Loss = 1.1917, Accuracy = 0.6000
2025-03-05 03:38:41,787 - INFO - P1 (Round 8) - Epoch 1/10 | Loss: 0.4054 | Acc: 0.8342 | Val Loss: 0.3862 | Val Acc: 0.8437 | Time: 10.61s
2025-03-05 03:38:52,166 - INFO - P1 (Round 8) - Epoch 2/10 | Loss: 0.3834 | Acc: 0.8420 | Val Loss: 0.3873 | Val Acc: 0.8386 | Time: 10.38s
2025-03-05 03:39:02,767 - INFO - P1 (Round 8) - Epoch 3/10 | Loss: 0.3777 | Acc: 0.8440 | Val Loss: 0.3752 | Val Acc: 0.8464 | Time: 10.60s
2025-03-05 03:39:13,190 - INFO - P1 (Round 8) - Epoch 4/10 | Loss: 0.3754 | Acc: 0.8455 | Val Loss: 0.3737 | Val Acc: 0.8478 | Time: 10.42s
2025-03-05 03:39:23,777 - INFO - P1 (Round 8) - Epoch 5/10 | Loss: 0.3743 | Acc: 0.8463 | Val Loss: 0.3735 | Val Acc: 0.8425 | Time: 10.59s
2025-03-05 03:39:34,513 - INFO - P1 (Round 8) - Epoch 6/10 | Loss: 0.3732 | Acc: 0.8468 | Val Loss: 0.3723 | Val Acc: 0.8477 | Time: 10.74s
2025-03-05 03:39:46,119 - INFO - P1 (Round 8) - Epoch 7/10 | Loss: 0.3727 | Acc: 0.8470 | Val Loss: 0.3723 | Val Acc: 0.8477 | Time: 11.61s
2025-03-05 03:39:56,543 - INFO - P1 (Round 8) - Epoch 8/10 | Loss: 0.3720 | Acc: 0.8473 | Val Loss: 0.3719 | Val Acc: 0.8478 | Time: 10.42s
2025-03-05 03:40:07,136 - INFO - P1 (Round 8) - Epoch 9/10 | Loss: 0.3714 | Acc: 0.8476 | Val Loss: 0.3751 | Val Acc: 0.8456 | Time: 10.59s
2025-03-05 03:40:17,707 - INFO - P1 (Round 8) - Epoch 10/10 | Loss: 0.3709 | Acc: 0.8476 | Val Loss: 0.3751 | Val Acc: 0.8434 | Time: 10.57s
2025-03-05 03:40:28,294 - INFO - P2 (Round 8) - Epoch 1/10 | Loss: 0.5697 | Acc: 0.7704 | Val Loss: 0.5538 | Val Acc: 0.7741 | Time: 10.59s
2025-03-05 03:40:38,783 - INFO - P2 (Round 8) - Epoch 2/10 | Loss: 0.5530 | Acc: 0.7750 | Val Loss: 0.5467 | Val Acc: 0.7781 | Time: 10.49s
2025-03-05 03:40:49,789 - INFO - P2 (Round 8) - Epoch 3/10 | Loss: 0.5471 | Acc: 0.7776 | Val Loss: 0.5437 | Val Acc: 0.7752 | Time: 11.01s
2025-03-05 03:41:00,745 - INFO - P2 (Round 8) - Epoch 4/10 | Loss: 0.5451 | Acc: 0.7786 | Val Loss: 0.5413 | Val Acc: 0.7799 | Time: 10.96s
2025-03-05 03:41:11,128 - INFO - P2 (Round 8) - Epoch 5/10 | Loss: 0.5435 | Acc: 0.7788 | Val Loss: 0.5427 | Val Acc: 0.7784 | Time: 10.38s
2025-03-05 03:41:21,477 - INFO - P2 (Round 8) - Epoch 6/10 | Loss: 0.5424 | Acc: 0.7788 | Val Loss: 0.5435 | Val Acc: 0.7816 | Time: 10.35s
2025-03-05 03:41:31,716 - INFO - P2 (Round 8) - Epoch 7/10 | Loss: 0.5412 | Acc: 0.7791 | Val Loss: 0.5387 | Val Acc: 0.7817 | Time: 10.24s
2025-03-05 03:41:42,057 - INFO - P2 (Round 8) - Epoch 8/10 | Loss: 0.5405 | Acc: 0.7797 | Val Loss: 0.5388 | Val Acc: 0.7827 | Time: 10.34s
2025-03-05 03:41:52,489 - INFO - P2 (Round 8) - Epoch 9/10 | Loss: 0.5396 | Acc: 0.7803 | Val Loss: 0.5373 | Val Acc: 0.7832 | Time: 10.43s
2025-03-05 03:42:03,864 - INFO - P2 (Round 8) - Epoch 10/10 | Loss: 0.5389 | Acc: 0.7805 | Val Loss: 0.5385 | Val Acc: 0.7782 | Time: 11.37s
2025-03-05 03:42:06,448 - INFO - Round 8 completed in 215.27s
2025-03-05 03:42:06,448 - INFO - Global Model - P1 Test: Loss = 1.1789, Accuracy = 0.6570
2025-03-05 03:42:06,448 - INFO - Global Model - P2 Test: Loss = 1.1996, Accuracy = 0.5944
2025-03-05 03:42:17,614 - INFO - P1 (Round 9) - Epoch 1/10 | Loss: 0.4003 | Acc: 0.8375 | Val Loss: 0.3846 | Val Acc: 0.8389 | Time: 11.16s
2025-03-05 03:42:28,232 - INFO - P1 (Round 9) - Epoch 2/10 | Loss: 0.3810 | Acc: 0.8429 | Val Loss: 0.3783 | Val Acc: 0.8396 | Time: 10.62s
2025-03-05 03:42:38,546 - INFO - P1 (Round 9) - Epoch 3/10 | Loss: 0.3771 | Acc: 0.8445 | Val Loss: 0.3781 | Val Acc: 0.8432 | Time: 10.31s
2025-03-05 03:42:49,165 - INFO - P1 (Round 9) - Epoch 4/10 | Loss: 0.3753 | Acc: 0.8456 | Val Loss: 0.3743 | Val Acc: 0.8466 | Time: 10.62s
2025-03-05 03:42:59,911 - INFO - P1 (Round 9) - Epoch 5/10 | Loss: 0.3740 | Acc: 0.8465 | Val Loss: 0.3718 | Val Acc: 0.8475 | Time: 10.75s
2025-03-05 03:43:11,031 - INFO - P1 (Round 9) - Epoch 6/10 | Loss: 0.3726 | Acc: 0.8470 | Val Loss: 0.3715 | Val Acc: 0.8458 | Time: 11.12s
2025-03-05 03:43:22,235 - INFO - P1 (Round 9) - Epoch 7/10 | Loss: 0.3718 | Acc: 0.8475 | Val Loss: 0.3728 | Val Acc: 0.8473 | Time: 11.20s
2025-03-05 03:43:32,998 - INFO - P1 (Round 9) - Epoch 8/10 | Loss: 0.3709 | Acc: 0.8482 | Val Loss: 0.3740 | Val Acc: 0.8474 | Time: 10.76s
2025-03-05 03:43:43,281 - INFO - P1 (Round 9) - Epoch 9/10 | Loss: 0.3701 | Acc: 0.8485 | Val Loss: 0.3694 | Val Acc: 0.8453 | Time: 10.28s
2025-03-05 03:43:53,653 - INFO - P1 (Round 9) - Epoch 10/10 | Loss: 0.3695 | Acc: 0.8487 | Val Loss: 0.3734 | Val Acc: 0.8464 | Time: 10.37s
2025-03-05 03:44:03,887 - INFO - P2 (Round 9) - Epoch 1/10 | Loss: 0.5622 | Acc: 0.7716 | Val Loss: 0.5533 | Val Acc: 0.7718 | Time: 10.23s
2025-03-05 03:44:14,321 - INFO - P2 (Round 9) - Epoch 2/10 | Loss: 0.5456 | Acc: 0.7779 | Val Loss: 0.5404 | Val Acc: 0.7786 | Time: 10.43s
2025-03-05 03:44:25,718 - INFO - P2 (Round 9) - Epoch 3/10 | Loss: 0.5425 | Acc: 0.7793 | Val Loss: 0.5457 | Val Acc: 0.7714 | Time: 11.40s
2025-03-05 03:44:36,667 - INFO - P2 (Round 9) - Epoch 4/10 | Loss: 0.5408 | Acc: 0.7797 | Val Loss: 0.5378 | Val Acc: 0.7807 | Time: 10.95s
2025-03-05 03:44:47,171 - INFO - P2 (Round 9) - Epoch 5/10 | Loss: 0.5399 | Acc: 0.7802 | Val Loss: 0.5372 | Val Acc: 0.7835 | Time: 10.50s
2025-03-05 03:44:57,714 - INFO - P2 (Round 9) - Epoch 6/10 | Loss: 0.5391 | Acc: 0.7809 | Val Loss: 0.5380 | Val Acc: 0.7809 | Time: 10.54s
2025-03-05 03:45:08,021 - INFO - P2 (Round 9) - Epoch 7/10 | Loss: 0.5384 | Acc: 0.7813 | Val Loss: 0.5361 | Val Acc: 0.7811 | Time: 10.31s
2025-03-05 03:45:18,811 - INFO - P2 (Round 9) - Epoch 8/10 | Loss: 0.5376 | Acc: 0.7815 | Val Loss: 0.5336 | Val Acc: 0.7828 | Time: 10.79s
2025-03-05 03:45:29,292 - INFO - P2 (Round 9) - Epoch 9/10 | Loss: 0.5372 | Acc: 0.7818 | Val Loss: 0.5361 | Val Acc: 0.7818 | Time: 10.48s
2025-03-05 03:45:41,067 - INFO - P2 (Round 9) - Epoch 10/10 | Loss: 0.5370 | Acc: 0.7822 | Val Loss: 0.5356 | Val Acc: 0.7799 | Time: 11.77s
2025-03-05 03:45:43,433 - INFO - Round 9 completed in 216.98s
2025-03-05 03:45:43,433 - INFO - Global Model - P1 Test: Loss = 1.5764, Accuracy = 0.6693
2025-03-05 03:45:43,433 - INFO - Global Model - P2 Test: Loss = 1.0837, Accuracy = 0.6274
2025-03-05 03:45:53,860 - INFO - P1 (Round 10) - Epoch 1/10 | Loss: 0.3972 | Acc: 0.8379 | Val Loss: 0.3761 | Val Acc: 0.8431 | Time: 10.43s
2025-03-05 03:46:04,142 - INFO - P1 (Round 10) - Epoch 2/10 | Loss: 0.3750 | Acc: 0.8462 | Val Loss: 0.3752 | Val Acc: 0.8459 | Time: 10.28s
2025-03-05 03:46:14,598 - INFO - P1 (Round 10) - Epoch 3/10 | Loss: 0.3726 | Acc: 0.8474 | Val Loss: 0.3741 | Val Acc: 0.8482 | Time: 10.46s
2025-03-05 03:46:25,176 - INFO - P1 (Round 10) - Epoch 4/10 | Loss: 0.3713 | Acc: 0.8477 | Val Loss: 0.3703 | Val Acc: 0.8483 | Time: 10.58s
2025-03-05 03:46:35,722 - INFO - P1 (Round 10) - Epoch 5/10 | Loss: 0.3703 | Acc: 0.8480 | Val Loss: 0.3701 | Val Acc: 0.8492 | Time: 10.55s
2025-03-05 03:46:46,770 - INFO - P1 (Round 10) - Epoch 6/10 | Loss: 0.3690 | Acc: 0.8490 | Val Loss: 0.3675 | Val Acc: 0.8501 | Time: 11.05s
2025-03-05 03:46:57,629 - INFO - P1 (Round 10) - Epoch 7/10 | Loss: 0.3684 | Acc: 0.8491 | Val Loss: 0.3716 | Val Acc: 0.8473 | Time: 10.86s
2025-03-05 03:47:08,041 - INFO - P1 (Round 10) - Epoch 8/10 | Loss: 0.3678 | Acc: 0.8495 | Val Loss: 0.3683 | Val Acc: 0.8499 | Time: 10.41s
2025-03-05 03:47:18,602 - INFO - P1 (Round 10) - Epoch 9/10 | Loss: 0.3675 | Acc: 0.8496 | Val Loss: 0.3670 | Val Acc: 0.8484 | Time: 10.56s
2025-03-05 03:47:28,899 - INFO - P1 (Round 10) - Epoch 10/10 | Loss: 0.3670 | Acc: 0.8499 | Val Loss: 0.3695 | Val Acc: 0.8460 | Time: 10.30s
2025-03-05 03:47:39,470 - INFO - P2 (Round 10) - Epoch 1/10 | Loss: 0.5562 | Acc: 0.7727 | Val Loss: 0.5422 | Val Acc: 0.7797 | Time: 10.57s
2025-03-05 03:47:50,051 - INFO - P2 (Round 10) - Epoch 2/10 | Loss: 0.5436 | Acc: 0.7781 | Val Loss: 0.5395 | Val Acc: 0.7816 | Time: 10.58s
2025-03-05 03:48:01,670 - INFO - P2 (Round 10) - Epoch 3/10 | Loss: 0.5407 | Acc: 0.7801 | Val Loss: 0.5378 | Val Acc: 0.7829 | Time: 11.62s
2025-03-05 03:48:12,194 - INFO - P2 (Round 10) - Epoch 4/10 | Loss: 0.5398 | Acc: 0.7802 | Val Loss: 0.5374 | Val Acc: 0.7809 | Time: 10.52s
2025-03-05 03:48:22,556 - INFO - P2 (Round 10) - Epoch 5/10 | Loss: 0.5391 | Acc: 0.7807 | Val Loss: 0.5376 | Val Acc: 0.7821 | Time: 10.36s
2025-03-05 03:48:32,984 - INFO - P2 (Round 10) - Epoch 6/10 | Loss: 0.5384 | Acc: 0.7809 | Val Loss: 0.5380 | Val Acc: 0.7789 | Time: 10.43s
2025-03-05 03:48:43,339 - INFO - P2 (Round 10) - Epoch 7/10 | Loss: 0.5379 | Acc: 0.7813 | Val Loss: 0.5353 | Val Acc: 0.7840 | Time: 10.35s
2025-03-05 03:48:53,592 - INFO - P2 (Round 10) - Epoch 8/10 | Loss: 0.5376 | Acc: 0.7815 | Val Loss: 0.5346 | Val Acc: 0.7829 | Time: 10.25s
2025-03-05 03:49:04,782 - INFO - P2 (Round 10) - Epoch 9/10 | Loss: 0.5370 | Acc: 0.7815 | Val Loss: 0.5357 | Val Acc: 0.7806 | Time: 11.19s
2025-03-05 03:49:16,261 - INFO - P2 (Round 10) - Epoch 10/10 | Loss: 0.5368 | Acc: 0.7817 | Val Loss: 0.5366 | Val Acc: 0.7809 | Time: 11.48s
2025-03-05 03:49:18,529 - INFO - Round 10 completed in 215.10s
2025-03-05 03:49:18,529 - INFO - Global Model - P1 Test: Loss = 1.6783, Accuracy = 0.6305
2025-03-05 03:49:18,529 - INFO - Global Model - P2 Test: Loss = 1.2022, Accuracy = 0.5807
2025-03-05 03:49:20,794 - INFO - Final Results after 10 rounds:
2025-03-05 03:49:20,794 - INFO - Global Model - P1 Test: Loss = 1.6783, Accuracy = 0.6305
2025-03-05 03:49:20,794 - INFO - Global Model - P2 Test: Loss = 1.2022, Accuracy = 0.5807
2025-03-05 03:49:20,800 - INFO - Experiment 152 results saved to results/suppression_experiments/exp_152_p1f4_p2f3.json
