2025-03-04 22:52:00,628 - INFO - Starting Suppression Experiment 95
2025-03-04 22:52:00,628 - INFO - P1 Features (8/14): ['protocol', 'bidirectional_min_ps', 'bidirectional_mean_ps', 'bidirectional_stddev_ps', 'bidirectional_max_ps', 'src2dst_stddev_ps', 'src2dst_max_ps', 'dst2src_min_ps']
2025-03-04 22:52:00,629 - INFO - P2 Features (4/14): ['protocol', 'bidirectional_min_ps', 'bidirectional_mean_ps', 'bidirectional_stddev_ps']
2025-03-04 22:52:13,178 - INFO - P1 (Round 1) - Epoch 1/10 | Loss: 0.4280 | Acc: 0.8501 | Val Loss: 0.2720 | Val Acc: 0.9013 | Time: 12.43s
2025-03-04 22:52:25,378 - INFO - P1 (Round 1) - Epoch 2/10 | Loss: 0.2261 | Acc: 0.9248 | Val Loss: 0.1807 | Val Acc: 0.9469 | Time: 12.20s
2025-03-04 22:52:37,350 - INFO - P1 (Round 1) - Epoch 3/10 | Loss: 0.1643 | Acc: 0.9520 | Val Loss: 0.1535 | Val Acc: 0.9557 | Time: 11.97s
2025-03-04 22:52:49,384 - INFO - P1 (Round 1) - Epoch 4/10 | Loss: 0.1490 | Acc: 0.9560 | Val Loss: 0.1432 | Val Acc: 0.9562 | Time: 12.03s
2025-03-04 22:53:01,600 - INFO - P1 (Round 1) - Epoch 5/10 | Loss: 0.1404 | Acc: 0.9581 | Val Loss: 0.1354 | Val Acc: 0.9595 | Time: 12.22s
2025-03-04 22:53:14,920 - INFO - P1 (Round 1) - Epoch 6/10 | Loss: 0.1332 | Acc: 0.9597 | Val Loss: 0.1306 | Val Acc: 0.9602 | Time: 13.32s
2025-03-04 22:53:26,896 - INFO - P1 (Round 1) - Epoch 7/10 | Loss: 0.1273 | Acc: 0.9614 | Val Loss: 0.1246 | Val Acc: 0.9616 | Time: 11.97s
2025-03-04 22:53:38,966 - INFO - P1 (Round 1) - Epoch 8/10 | Loss: 0.1229 | Acc: 0.9626 | Val Loss: 0.1202 | Val Acc: 0.9629 | Time: 12.07s
2025-03-04 22:53:49,737 - INFO - P1 (Round 1) - Epoch 9/10 | Loss: 0.1188 | Acc: 0.9638 | Val Loss: 0.1174 | Val Acc: 0.9643 | Time: 10.77s
2025-03-04 22:54:00,019 - INFO - P1 (Round 1) - Epoch 10/10 | Loss: 0.1157 | Acc: 0.9648 | Val Loss: 0.1137 | Val Acc: 0.9651 | Time: 10.28s
2025-03-04 22:54:10,247 - INFO - P2 (Round 1) - Epoch 1/10 | Loss: 0.6695 | Acc: 0.7428 | Val Loss: 0.5128 | Val Acc: 0.7898 | Time: 10.23s
2025-03-04 22:54:22,326 - INFO - P2 (Round 1) - Epoch 2/10 | Loss: 0.4822 | Acc: 0.8029 | Val Loss: 0.4649 | Val Acc: 0.8074 | Time: 12.08s
2025-03-04 22:54:32,458 - INFO - P2 (Round 1) - Epoch 3/10 | Loss: 0.4499 | Acc: 0.8173 | Val Loss: 0.4394 | Val Acc: 0.8246 | Time: 10.13s
2025-03-04 22:54:42,509 - INFO - P2 (Round 1) - Epoch 4/10 | Loss: 0.4268 | Acc: 0.8270 | Val Loss: 0.4218 | Val Acc: 0.8291 | Time: 10.05s
2025-03-04 22:54:52,771 - INFO - P2 (Round 1) - Epoch 5/10 | Loss: 0.4106 | Acc: 0.8312 | Val Loss: 0.4059 | Val Acc: 0.8335 | Time: 10.26s
2025-03-04 22:55:03,224 - INFO - P2 (Round 1) - Epoch 6/10 | Loss: 0.4011 | Acc: 0.8343 | Val Loss: 0.4000 | Val Acc: 0.8355 | Time: 10.45s
2025-03-04 22:55:13,482 - INFO - P2 (Round 1) - Epoch 7/10 | Loss: 0.3943 | Acc: 0.8387 | Val Loss: 0.3944 | Val Acc: 0.8364 | Time: 10.26s
2025-03-04 22:55:23,799 - INFO - P2 (Round 1) - Epoch 8/10 | Loss: 0.3896 | Acc: 0.8410 | Val Loss: 0.3884 | Val Acc: 0.8418 | Time: 10.32s
2025-03-04 22:55:36,827 - INFO - P2 (Round 1) - Epoch 9/10 | Loss: 0.3863 | Acc: 0.8428 | Val Loss: 0.3857 | Val Acc: 0.8415 | Time: 13.03s
2025-03-04 22:55:48,880 - INFO - P2 (Round 1) - Epoch 10/10 | Loss: 0.3837 | Acc: 0.8440 | Val Loss: 0.3847 | Val Acc: 0.8425 | Time: 12.05s
2025-03-04 22:55:51,436 - INFO - Round 1 completed in 230.69s
2025-03-04 22:55:51,436 - INFO - Global Model - P1 Test: Loss = 7.5761, Accuracy = 0.3659
2025-03-04 22:55:51,436 - INFO - Global Model - P2 Test: Loss = 7.1928, Accuracy = 0.3122
2025-03-04 22:56:03,403 - INFO - P1 (Round 2) - Epoch 1/10 | Loss: 0.3054 | Acc: 0.9015 | Val Loss: 0.1722 | Val Acc: 0.9442 | Time: 11.97s
2025-03-04 22:56:15,528 - INFO - P1 (Round 2) - Epoch 2/10 | Loss: 0.1557 | Acc: 0.9490 | Val Loss: 0.1417 | Val Acc: 0.9536 | Time: 12.12s
2025-03-04 22:56:27,740 - INFO - P1 (Round 2) - Epoch 3/10 | Loss: 0.1339 | Acc: 0.9582 | Val Loss: 0.1261 | Val Acc: 0.9582 | Time: 12.21s
2025-03-04 22:56:40,217 - INFO - P1 (Round 2) - Epoch 4/10 | Loss: 0.1206 | Acc: 0.9633 | Val Loss: 0.1154 | Val Acc: 0.9654 | Time: 12.48s
2025-03-04 22:56:53,104 - INFO - P1 (Round 2) - Epoch 5/10 | Loss: 0.1121 | Acc: 0.9663 | Val Loss: 0.1090 | Val Acc: 0.9668 | Time: 12.89s
2025-03-04 22:57:05,292 - INFO - P1 (Round 2) - Epoch 6/10 | Loss: 0.1072 | Acc: 0.9675 | Val Loss: 0.1047 | Val Acc: 0.9684 | Time: 12.19s
2025-03-04 22:57:17,830 - INFO - P1 (Round 2) - Epoch 7/10 | Loss: 0.1038 | Acc: 0.9682 | Val Loss: 0.1023 | Val Acc: 0.9688 | Time: 12.54s
2025-03-04 22:57:30,248 - INFO - P1 (Round 2) - Epoch 8/10 | Loss: 0.1010 | Acc: 0.9689 | Val Loss: 0.0995 | Val Acc: 0.9687 | Time: 12.42s
2025-03-04 22:57:42,506 - INFO - P1 (Round 2) - Epoch 9/10 | Loss: 0.0991 | Acc: 0.9693 | Val Loss: 0.0983 | Val Acc: 0.9692 | Time: 12.26s
2025-03-04 22:57:55,635 - INFO - P1 (Round 2) - Epoch 10/10 | Loss: 0.0977 | Acc: 0.9696 | Val Loss: 0.0967 | Val Acc: 0.9708 | Time: 13.13s
2025-03-04 22:58:07,907 - INFO - P2 (Round 2) - Epoch 1/10 | Loss: 0.5401 | Acc: 0.7911 | Val Loss: 0.4500 | Val Acc: 0.8219 | Time: 12.27s
2025-03-04 22:58:19,937 - INFO - P2 (Round 2) - Epoch 2/10 | Loss: 0.4360 | Acc: 0.8227 | Val Loss: 0.4271 | Val Acc: 0.8315 | Time: 12.03s
2025-03-04 22:58:31,954 - INFO - P2 (Round 2) - Epoch 3/10 | Loss: 0.4190 | Acc: 0.8318 | Val Loss: 0.4138 | Val Acc: 0.8390 | Time: 12.02s
2025-03-04 22:58:43,855 - INFO - P2 (Round 2) - Epoch 4/10 | Loss: 0.4076 | Acc: 0.8375 | Val Loss: 0.4044 | Val Acc: 0.8348 | Time: 11.90s
2025-03-04 22:58:56,279 - INFO - P2 (Round 2) - Epoch 5/10 | Loss: 0.4003 | Acc: 0.8399 | Val Loss: 0.3998 | Val Acc: 0.8430 | Time: 12.42s
2025-03-04 22:59:09,684 - INFO - P2 (Round 2) - Epoch 6/10 | Loss: 0.3951 | Acc: 0.8417 | Val Loss: 0.3930 | Val Acc: 0.8426 | Time: 13.40s
2025-03-04 22:59:21,684 - INFO - P2 (Round 2) - Epoch 7/10 | Loss: 0.3918 | Acc: 0.8430 | Val Loss: 0.3929 | Val Acc: 0.8399 | Time: 12.00s
2025-03-04 22:59:33,559 - INFO - P2 (Round 2) - Epoch 8/10 | Loss: 0.3887 | Acc: 0.8445 | Val Loss: 0.3873 | Val Acc: 0.8431 | Time: 11.88s
2025-03-04 22:59:45,682 - INFO - P2 (Round 2) - Epoch 9/10 | Loss: 0.3858 | Acc: 0.8458 | Val Loss: 0.3880 | Val Acc: 0.8410 | Time: 12.12s
2025-03-04 22:59:57,726 - INFO - P2 (Round 2) - Epoch 10/10 | Loss: 0.3835 | Acc: 0.8466 | Val Loss: 0.3830 | Val Acc: 0.8471 | Time: 12.04s
2025-03-04 23:00:00,324 - INFO - Round 2 completed in 248.89s
2025-03-04 23:00:00,324 - INFO - Global Model - P1 Test: Loss = 2.3262, Accuracy = 0.5518
2025-03-04 23:00:00,324 - INFO - Global Model - P2 Test: Loss = 1.5190, Accuracy = 0.5998
2025-03-04 23:00:12,867 - INFO - P1 (Round 3) - Epoch 1/10 | Loss: 0.1971 | Acc: 0.9352 | Val Loss: 0.1296 | Val Acc: 0.9592 | Time: 12.54s
2025-03-04 23:00:24,422 - INFO - P1 (Round 3) - Epoch 2/10 | Loss: 0.1193 | Acc: 0.9635 | Val Loss: 0.1111 | Val Acc: 0.9669 | Time: 11.55s
2025-03-04 23:00:34,518 - INFO - P1 (Round 3) - Epoch 3/10 | Loss: 0.1065 | Acc: 0.9679 | Val Loss: 0.1049 | Val Acc: 0.9689 | Time: 10.10s
2025-03-04 23:00:44,531 - INFO - P1 (Round 3) - Epoch 4/10 | Loss: 0.1007 | Acc: 0.9693 | Val Loss: 0.1004 | Val Acc: 0.9694 | Time: 10.01s
2025-03-04 23:00:54,682 - INFO - P1 (Round 3) - Epoch 5/10 | Loss: 0.0975 | Acc: 0.9703 | Val Loss: 0.0983 | Val Acc: 0.9705 | Time: 10.15s
2025-03-04 23:01:05,061 - INFO - P1 (Round 3) - Epoch 6/10 | Loss: 0.0948 | Acc: 0.9710 | Val Loss: 0.0949 | Val Acc: 0.9712 | Time: 10.38s
2025-03-04 23:01:15,205 - INFO - P1 (Round 3) - Epoch 7/10 | Loss: 0.0925 | Acc: 0.9715 | Val Loss: 0.0908 | Val Acc: 0.9720 | Time: 10.14s
2025-03-04 23:01:26,715 - INFO - P1 (Round 3) - Epoch 8/10 | Loss: 0.0907 | Acc: 0.9719 | Val Loss: 0.0889 | Val Acc: 0.9719 | Time: 11.51s
2025-03-04 23:01:37,673 - INFO - P1 (Round 3) - Epoch 9/10 | Loss: 0.0892 | Acc: 0.9722 | Val Loss: 0.0891 | Val Acc: 0.9724 | Time: 10.96s
2025-03-04 23:01:47,986 - INFO - P1 (Round 3) - Epoch 10/10 | Loss: 0.0882 | Acc: 0.9724 | Val Loss: 0.0881 | Val Acc: 0.9729 | Time: 10.31s
2025-03-04 23:01:58,719 - INFO - P2 (Round 3) - Epoch 1/10 | Loss: 0.4212 | Acc: 0.8286 | Val Loss: 0.4047 | Val Acc: 0.8403 | Time: 10.73s
2025-03-04 23:02:09,184 - INFO - P2 (Round 3) - Epoch 2/10 | Loss: 0.3978 | Acc: 0.8391 | Val Loss: 0.3959 | Val Acc: 0.8400 | Time: 10.47s
2025-03-04 23:02:19,334 - INFO - P2 (Round 3) - Epoch 3/10 | Loss: 0.3924 | Acc: 0.8420 | Val Loss: 0.3926 | Val Acc: 0.8445 | Time: 10.15s
2025-03-04 23:02:29,409 - INFO - P2 (Round 3) - Epoch 4/10 | Loss: 0.3887 | Acc: 0.8439 | Val Loss: 0.3890 | Val Acc: 0.8451 | Time: 10.07s
2025-03-04 23:02:41,649 - INFO - P2 (Round 3) - Epoch 5/10 | Loss: 0.3857 | Acc: 0.8452 | Val Loss: 0.3883 | Val Acc: 0.8457 | Time: 12.24s
2025-03-04 23:02:51,844 - INFO - P2 (Round 3) - Epoch 6/10 | Loss: 0.3833 | Acc: 0.8464 | Val Loss: 0.3823 | Val Acc: 0.8460 | Time: 10.20s
2025-03-04 23:03:02,344 - INFO - P2 (Round 3) - Epoch 7/10 | Loss: 0.3810 | Acc: 0.8471 | Val Loss: 0.3824 | Val Acc: 0.8457 | Time: 10.50s
2025-03-04 23:03:12,519 - INFO - P2 (Round 3) - Epoch 8/10 | Loss: 0.3791 | Acc: 0.8480 | Val Loss: 0.3811 | Val Acc: 0.8484 | Time: 10.18s
2025-03-04 23:03:22,695 - INFO - P2 (Round 3) - Epoch 9/10 | Loss: 0.3775 | Acc: 0.8483 | Val Loss: 0.3769 | Val Acc: 0.8476 | Time: 10.18s
2025-03-04 23:03:33,105 - INFO - P2 (Round 3) - Epoch 10/10 | Loss: 0.3761 | Acc: 0.8489 | Val Loss: 0.3763 | Val Acc: 0.8487 | Time: 10.41s
2025-03-04 23:03:35,292 - INFO - Round 3 completed in 214.97s
2025-03-04 23:03:35,292 - INFO - Global Model - P1 Test: Loss = 1.5846, Accuracy = 0.6450
2025-03-04 23:03:35,292 - INFO - Global Model - P2 Test: Loss = 1.5146, Accuracy = 0.5513
2025-03-04 23:03:46,365 - INFO - P1 (Round 4) - Epoch 1/10 | Loss: 0.2267 | Acc: 0.9199 | Val Loss: 0.1939 | Val Acc: 0.9296 | Time: 11.07s
2025-03-04 23:03:58,106 - INFO - P1 (Round 4) - Epoch 2/10 | Loss: 0.1875 | Acc: 0.9320 | Val Loss: 0.1829 | Val Acc: 0.9352 | Time: 11.74s
2025-03-04 23:04:10,100 - INFO - P1 (Round 4) - Epoch 3/10 | Loss: 0.1804 | Acc: 0.9346 | Val Loss: 0.1781 | Val Acc: 0.9355 | Time: 11.99s
2025-03-04 23:04:22,507 - INFO - P1 (Round 4) - Epoch 4/10 | Loss: 0.1762 | Acc: 0.9361 | Val Loss: 0.1725 | Val Acc: 0.9380 | Time: 12.41s
2025-03-04 23:04:34,392 - INFO - P1 (Round 4) - Epoch 5/10 | Loss: 0.1720 | Acc: 0.9383 | Val Loss: 0.1711 | Val Acc: 0.9398 | Time: 11.88s
2025-03-04 23:04:46,551 - INFO - P1 (Round 4) - Epoch 6/10 | Loss: 0.1671 | Acc: 0.9414 | Val Loss: 0.1670 | Val Acc: 0.9467 | Time: 12.16s
2025-03-04 23:04:59,137 - INFO - P1 (Round 4) - Epoch 7/10 | Loss: 0.1561 | Acc: 0.9491 | Val Loss: 0.1527 | Val Acc: 0.9527 | Time: 12.59s
2025-03-04 23:05:12,089 - INFO - P1 (Round 4) - Epoch 8/10 | Loss: 0.1387 | Acc: 0.9569 | Val Loss: 0.1308 | Val Acc: 0.9600 | Time: 12.95s
2025-03-04 23:05:24,004 - INFO - P1 (Round 4) - Epoch 9/10 | Loss: 0.1260 | Acc: 0.9605 | Val Loss: 0.1222 | Val Acc: 0.9626 | Time: 11.91s
2025-03-04 23:05:36,131 - INFO - P1 (Round 4) - Epoch 10/10 | Loss: 0.1171 | Acc: 0.9641 | Val Loss: 0.1133 | Val Acc: 0.9663 | Time: 12.13s
2025-03-04 23:05:48,017 - INFO - P2 (Round 4) - Epoch 1/10 | Loss: 0.4169 | Acc: 0.8346 | Val Loss: 0.3973 | Val Acc: 0.8387 | Time: 11.89s
2025-03-04 23:06:00,155 - INFO - P2 (Round 4) - Epoch 2/10 | Loss: 0.3912 | Acc: 0.8440 | Val Loss: 0.3896 | Val Acc: 0.8429 | Time: 12.14s
2025-03-04 23:06:13,098 - INFO - P2 (Round 4) - Epoch 3/10 | Loss: 0.3853 | Acc: 0.8451 | Val Loss: 0.3837 | Val Acc: 0.8443 | Time: 12.94s
2025-03-04 23:06:25,579 - INFO - P2 (Round 4) - Epoch 4/10 | Loss: 0.3806 | Acc: 0.8475 | Val Loss: 0.3810 | Val Acc: 0.8481 | Time: 12.48s
2025-03-04 23:06:37,337 - INFO - P2 (Round 4) - Epoch 5/10 | Loss: 0.3762 | Acc: 0.8491 | Val Loss: 0.3766 | Val Acc: 0.8468 | Time: 11.76s
2025-03-04 23:06:50,147 - INFO - P2 (Round 4) - Epoch 6/10 | Loss: 0.3731 | Acc: 0.8501 | Val Loss: 0.3730 | Val Acc: 0.8492 | Time: 12.81s
2025-03-04 23:07:02,390 - INFO - P2 (Round 4) - Epoch 7/10 | Loss: 0.3709 | Acc: 0.8511 | Val Loss: 0.3714 | Val Acc: 0.8492 | Time: 12.24s
2025-03-04 23:07:14,880 - INFO - P2 (Round 4) - Epoch 8/10 | Loss: 0.3693 | Acc: 0.8517 | Val Loss: 0.3702 | Val Acc: 0.8493 | Time: 12.49s
2025-03-04 23:07:28,543 - INFO - P2 (Round 4) - Epoch 9/10 | Loss: 0.3678 | Acc: 0.8522 | Val Loss: 0.3697 | Val Acc: 0.8510 | Time: 13.66s
2025-03-04 23:07:40,642 - INFO - P2 (Round 4) - Epoch 10/10 | Loss: 0.3668 | Acc: 0.8527 | Val Loss: 0.3682 | Val Acc: 0.8511 | Time: 12.10s
2025-03-04 23:07:43,095 - INFO - Round 4 completed in 247.80s
2025-03-04 23:07:43,095 - INFO - Global Model - P1 Test: Loss = 1.8891, Accuracy = 0.7157
2025-03-04 23:07:43,095 - INFO - Global Model - P2 Test: Loss = 2.3386, Accuracy = 0.5182
2025-03-04 23:07:55,293 - INFO - P1 (Round 5) - Epoch 1/10 | Loss: 0.1793 | Acc: 0.9448 | Val Loss: 0.1370 | Val Acc: 0.9591 | Time: 12.20s
2025-03-04 23:08:07,396 - INFO - P1 (Round 5) - Epoch 2/10 | Loss: 0.1275 | Acc: 0.9617 | Val Loss: 0.1171 | Val Acc: 0.9655 | Time: 12.10s
2025-03-04 23:08:19,371 - INFO - P1 (Round 5) - Epoch 3/10 | Loss: 0.1144 | Acc: 0.9659 | Val Loss: 0.1097 | Val Acc: 0.9677 | Time: 11.97s
2025-03-04 23:08:31,817 - INFO - P1 (Round 5) - Epoch 4/10 | Loss: 0.1080 | Acc: 0.9678 | Val Loss: 0.1055 | Val Acc: 0.9684 | Time: 12.45s
2025-03-04 23:08:44,941 - INFO - P1 (Round 5) - Epoch 5/10 | Loss: 0.1037 | Acc: 0.9689 | Val Loss: 0.1028 | Val Acc: 0.9693 | Time: 13.12s
2025-03-04 23:08:56,989 - INFO - P1 (Round 5) - Epoch 6/10 | Loss: 0.1005 | Acc: 0.9698 | Val Loss: 0.0980 | Val Acc: 0.9704 | Time: 12.05s
2025-03-04 23:09:09,198 - INFO - P1 (Round 5) - Epoch 7/10 | Loss: 0.0982 | Acc: 0.9703 | Val Loss: 0.0961 | Val Acc: 0.9710 | Time: 12.21s
2025-03-04 23:09:21,634 - INFO - P1 (Round 5) - Epoch 8/10 | Loss: 0.0967 | Acc: 0.9708 | Val Loss: 0.0950 | Val Acc: 0.9713 | Time: 12.44s
2025-03-04 23:09:34,226 - INFO - P1 (Round 5) - Epoch 9/10 | Loss: 0.0952 | Acc: 0.9712 | Val Loss: 0.0940 | Val Acc: 0.9714 | Time: 12.59s
2025-03-04 23:09:47,596 - INFO - P1 (Round 5) - Epoch 10/10 | Loss: 0.0941 | Acc: 0.9713 | Val Loss: 0.0938 | Val Acc: 0.9714 | Time: 13.37s
2025-03-04 23:10:00,379 - INFO - P2 (Round 5) - Epoch 1/10 | Loss: 0.4120 | Acc: 0.8341 | Val Loss: 0.3914 | Val Acc: 0.8407 | Time: 12.78s
2025-03-04 23:10:12,330 - INFO - P2 (Round 5) - Epoch 2/10 | Loss: 0.3822 | Acc: 0.8454 | Val Loss: 0.3782 | Val Acc: 0.8472 | Time: 11.95s
2025-03-04 23:10:24,519 - INFO - P2 (Round 5) - Epoch 3/10 | Loss: 0.3751 | Acc: 0.8498 | Val Loss: 0.3746 | Val Acc: 0.8487 | Time: 12.19s
2025-03-04 23:10:36,941 - INFO - P2 (Round 5) - Epoch 4/10 | Loss: 0.3722 | Acc: 0.8510 | Val Loss: 0.3758 | Val Acc: 0.8495 | Time: 12.42s
2025-03-04 23:10:48,980 - INFO - P2 (Round 5) - Epoch 5/10 | Loss: 0.3703 | Acc: 0.8520 | Val Loss: 0.3717 | Val Acc: 0.8506 | Time: 12.04s
2025-03-04 23:11:02,260 - INFO - P2 (Round 5) - Epoch 6/10 | Loss: 0.3689 | Acc: 0.8526 | Val Loss: 0.3715 | Val Acc: 0.8508 | Time: 13.28s
2025-03-04 23:11:14,880 - INFO - P2 (Round 5) - Epoch 7/10 | Loss: 0.3676 | Acc: 0.8533 | Val Loss: 0.3714 | Val Acc: 0.8505 | Time: 12.62s
2025-03-04 23:11:27,290 - INFO - P2 (Round 5) - Epoch 8/10 | Loss: 0.3664 | Acc: 0.8536 | Val Loss: 0.3682 | Val Acc: 0.8550 | Time: 12.41s
2025-03-04 23:11:39,585 - INFO - P2 (Round 5) - Epoch 9/10 | Loss: 0.3655 | Acc: 0.8540 | Val Loss: 0.3659 | Val Acc: 0.8521 | Time: 12.29s
2025-03-04 23:11:49,802 - INFO - P2 (Round 5) - Epoch 10/10 | Loss: 0.3646 | Acc: 0.8544 | Val Loss: 0.3663 | Val Acc: 0.8532 | Time: 10.22s
2025-03-04 23:11:52,227 - INFO - Round 5 completed in 249.13s
2025-03-04 23:11:52,227 - INFO - Global Model - P1 Test: Loss = 2.3458, Accuracy = 0.6310
2025-03-04 23:11:52,227 - INFO - Global Model - P2 Test: Loss = 4.5380, Accuracy = 0.4172
2025-03-04 23:12:02,657 - INFO - P1 (Round 6) - Epoch 1/10 | Loss: 0.1400 | Acc: 0.9580 | Val Loss: 0.1147 | Val Acc: 0.9645 | Time: 10.43s
2025-03-04 23:12:14,608 - INFO - P1 (Round 6) - Epoch 2/10 | Loss: 0.1084 | Acc: 0.9670 | Val Loss: 0.1034 | Val Acc: 0.9686 | Time: 11.95s
2025-03-04 23:12:24,525 - INFO - P1 (Round 6) - Epoch 3/10 | Loss: 0.1015 | Acc: 0.9691 | Val Loss: 0.0995 | Val Acc: 0.9694 | Time: 9.92s
2025-03-04 23:12:34,721 - INFO - P1 (Round 6) - Epoch 4/10 | Loss: 0.0985 | Acc: 0.9699 | Val Loss: 0.0965 | Val Acc: 0.9700 | Time: 10.20s
2025-03-04 23:12:44,809 - INFO - P1 (Round 6) - Epoch 5/10 | Loss: 0.0965 | Acc: 0.9703 | Val Loss: 0.0937 | Val Acc: 0.9712 | Time: 10.09s
2025-03-04 23:12:55,118 - INFO - P1 (Round 6) - Epoch 6/10 | Loss: 0.0947 | Acc: 0.9709 | Val Loss: 0.0939 | Val Acc: 0.9711 | Time: 10.31s
2025-03-04 23:13:05,504 - INFO - P1 (Round 6) - Epoch 7/10 | Loss: 0.0932 | Acc: 0.9712 | Val Loss: 0.0917 | Val Acc: 0.9713 | Time: 10.39s
2025-03-04 23:13:16,134 - INFO - P1 (Round 6) - Epoch 8/10 | Loss: 0.0918 | Acc: 0.9715 | Val Loss: 0.0911 | Val Acc: 0.9718 | Time: 10.63s
2025-03-04 23:13:27,985 - INFO - P1 (Round 6) - Epoch 9/10 | Loss: 0.0907 | Acc: 0.9716 | Val Loss: 0.0896 | Val Acc: 0.9727 | Time: 11.85s
2025-03-04 23:13:38,094 - INFO - P1 (Round 6) - Epoch 10/10 | Loss: 0.0898 | Acc: 0.9721 | Val Loss: 0.0872 | Val Acc: 0.9729 | Time: 10.11s
2025-03-04 23:13:48,380 - INFO - P2 (Round 6) - Epoch 1/10 | Loss: 0.4273 | Acc: 0.8293 | Val Loss: 0.3946 | Val Acc: 0.8398 | Time: 10.29s
2025-03-04 23:13:59,300 - INFO - P2 (Round 6) - Epoch 2/10 | Loss: 0.3878 | Acc: 0.8411 | Val Loss: 0.3867 | Val Acc: 0.8443 | Time: 10.92s
2025-03-04 23:14:09,855 - INFO - P2 (Round 6) - Epoch 3/10 | Loss: 0.3811 | Acc: 0.8454 | Val Loss: 0.3799 | Val Acc: 0.8460 | Time: 10.55s
2025-03-04 23:14:20,084 - INFO - P2 (Round 6) - Epoch 4/10 | Loss: 0.3770 | Acc: 0.8476 | Val Loss: 0.3755 | Val Acc: 0.8468 | Time: 10.23s
2025-03-04 23:14:31,312 - INFO - P2 (Round 6) - Epoch 5/10 | Loss: 0.3747 | Acc: 0.8488 | Val Loss: 0.3728 | Val Acc: 0.8523 | Time: 11.23s
2025-03-04 23:14:42,403 - INFO - P2 (Round 6) - Epoch 6/10 | Loss: 0.3727 | Acc: 0.8497 | Val Loss: 0.3729 | Val Acc: 0.8477 | Time: 11.09s
2025-03-04 23:14:52,543 - INFO - P2 (Round 6) - Epoch 7/10 | Loss: 0.3709 | Acc: 0.8506 | Val Loss: 0.3702 | Val Acc: 0.8487 | Time: 10.14s
2025-03-04 23:15:02,920 - INFO - P2 (Round 6) - Epoch 8/10 | Loss: 0.3697 | Acc: 0.8513 | Val Loss: 0.3698 | Val Acc: 0.8525 | Time: 10.38s
2025-03-04 23:15:13,214 - INFO - P2 (Round 6) - Epoch 9/10 | Loss: 0.3681 | Acc: 0.8523 | Val Loss: 0.3676 | Val Acc: 0.8506 | Time: 10.29s
2025-03-04 23:15:23,489 - INFO - P2 (Round 6) - Epoch 10/10 | Loss: 0.3668 | Acc: 0.8532 | Val Loss: 0.3678 | Val Acc: 0.8513 | Time: 10.27s
2025-03-04 23:15:25,950 - INFO - Round 6 completed in 213.72s
2025-03-04 23:15:25,950 - INFO - Global Model - P1 Test: Loss = 4.2868, Accuracy = 0.6023
2025-03-04 23:15:25,950 - INFO - Global Model - P2 Test: Loss = 4.9341, Accuracy = 0.3977
2025-03-04 23:15:36,475 - INFO - P1 (Round 7) - Epoch 1/10 | Loss: 0.1494 | Acc: 0.9585 | Val Loss: 0.1045 | Val Acc: 0.9690 | Time: 10.52s
2025-03-04 23:15:48,812 - INFO - P1 (Round 7) - Epoch 2/10 | Loss: 0.1011 | Acc: 0.9695 | Val Loss: 0.0972 | Val Acc: 0.9715 | Time: 12.34s
2025-03-04 23:15:59,100 - INFO - P1 (Round 7) - Epoch 3/10 | Loss: 0.0956 | Acc: 0.9706 | Val Loss: 0.0926 | Val Acc: 0.9712 | Time: 10.29s
2025-03-04 23:16:09,573 - INFO - P1 (Round 7) - Epoch 4/10 | Loss: 0.0930 | Acc: 0.9710 | Val Loss: 0.0939 | Val Acc: 0.9714 | Time: 10.47s
2025-03-04 23:16:19,798 - INFO - P1 (Round 7) - Epoch 5/10 | Loss: 0.0915 | Acc: 0.9712 | Val Loss: 0.0912 | Val Acc: 0.9715 | Time: 10.22s
2025-03-04 23:16:32,007 - INFO - P1 (Round 7) - Epoch 6/10 | Loss: 0.0901 | Acc: 0.9716 | Val Loss: 0.0895 | Val Acc: 0.9720 | Time: 12.21s
2025-03-04 23:16:44,212 - INFO - P1 (Round 7) - Epoch 7/10 | Loss: 0.0889 | Acc: 0.9719 | Val Loss: 0.0876 | Val Acc: 0.9731 | Time: 12.20s
2025-03-04 23:16:57,049 - INFO - P1 (Round 7) - Epoch 8/10 | Loss: 0.0878 | Acc: 0.9723 | Val Loss: 0.0871 | Val Acc: 0.9731 | Time: 12.84s
2025-03-04 23:17:09,418 - INFO - P1 (Round 7) - Epoch 9/10 | Loss: 0.0871 | Acc: 0.9725 | Val Loss: 0.0852 | Val Acc: 0.9731 | Time: 12.37s
2025-03-04 23:17:21,372 - INFO - P1 (Round 7) - Epoch 10/10 | Loss: 0.0864 | Acc: 0.9727 | Val Loss: 0.0856 | Val Acc: 0.9729 | Time: 11.95s
2025-03-04 23:17:33,542 - INFO - P2 (Round 7) - Epoch 1/10 | Loss: 0.4195 | Acc: 0.8335 | Val Loss: 0.3911 | Val Acc: 0.8436 | Time: 12.17s
2025-03-04 23:17:45,811 - INFO - P2 (Round 7) - Epoch 2/10 | Loss: 0.3828 | Acc: 0.8448 | Val Loss: 0.3821 | Val Acc: 0.8485 | Time: 12.27s
2025-03-04 23:17:57,781 - INFO - P2 (Round 7) - Epoch 3/10 | Loss: 0.3779 | Acc: 0.8468 | Val Loss: 0.3792 | Val Acc: 0.8454 | Time: 11.97s
2025-03-04 23:18:10,999 - INFO - P2 (Round 7) - Epoch 4/10 | Loss: 0.3735 | Acc: 0.8493 | Val Loss: 0.3760 | Val Acc: 0.8465 | Time: 13.22s
2025-03-04 23:18:23,195 - INFO - P2 (Round 7) - Epoch 5/10 | Loss: 0.3711 | Acc: 0.8511 | Val Loss: 0.3701 | Val Acc: 0.8538 | Time: 12.20s
2025-03-04 23:18:35,340 - INFO - P2 (Round 7) - Epoch 6/10 | Loss: 0.3698 | Acc: 0.8520 | Val Loss: 0.3694 | Val Acc: 0.8527 | Time: 12.15s
2025-03-04 23:18:47,508 - INFO - P2 (Round 7) - Epoch 7/10 | Loss: 0.3686 | Acc: 0.8529 | Val Loss: 0.3689 | Val Acc: 0.8556 | Time: 12.17s
2025-03-04 23:18:59,744 - INFO - P2 (Round 7) - Epoch 8/10 | Loss: 0.3677 | Acc: 0.8535 | Val Loss: 0.3707 | Val Acc: 0.8474 | Time: 12.24s
2025-03-04 23:19:12,358 - INFO - P2 (Round 7) - Epoch 9/10 | Loss: 0.3669 | Acc: 0.8537 | Val Loss: 0.3671 | Val Acc: 0.8541 | Time: 12.61s
2025-03-04 23:19:25,760 - INFO - P2 (Round 7) - Epoch 10/10 | Loss: 0.3661 | Acc: 0.8543 | Val Loss: 0.3710 | Val Acc: 0.8532 | Time: 13.40s
2025-03-04 23:19:28,287 - INFO - Round 7 completed in 242.34s
2025-03-04 23:19:28,287 - INFO - Global Model - P1 Test: Loss = 3.8979, Accuracy = 0.5969
2025-03-04 23:19:28,287 - INFO - Global Model - P2 Test: Loss = 3.7820, Accuracy = 0.4388
2025-03-04 23:19:40,551 - INFO - P1 (Round 8) - Epoch 1/10 | Loss: 0.1365 | Acc: 0.9618 | Val Loss: 0.0985 | Val Acc: 0.9706 | Time: 12.26s
2025-03-04 23:19:52,423 - INFO - P1 (Round 8) - Epoch 2/10 | Loss: 0.0976 | Acc: 0.9703 | Val Loss: 0.0958 | Val Acc: 0.9710 | Time: 11.87s
2025-03-04 23:20:04,476 - INFO - P1 (Round 8) - Epoch 3/10 | Loss: 0.0933 | Acc: 0.9712 | Val Loss: 0.0899 | Val Acc: 0.9720 | Time: 12.05s
2025-03-04 23:20:16,961 - INFO - P1 (Round 8) - Epoch 4/10 | Loss: 0.0898 | Acc: 0.9720 | Val Loss: 0.0869 | Val Acc: 0.9739 | Time: 12.48s
2025-03-04 23:20:29,703 - INFO - P1 (Round 8) - Epoch 5/10 | Loss: 0.0877 | Acc: 0.9727 | Val Loss: 0.0890 | Val Acc: 0.9714 | Time: 12.74s
2025-03-04 23:20:42,472 - INFO - P1 (Round 8) - Epoch 6/10 | Loss: 0.0864 | Acc: 0.9733 | Val Loss: 0.0877 | Val Acc: 0.9722 | Time: 12.77s
2025-03-04 23:20:54,829 - INFO - P1 (Round 8) - Epoch 7/10 | Loss: 0.0855 | Acc: 0.9732 | Val Loss: 0.0845 | Val Acc: 0.9741 | Time: 12.36s
2025-03-04 23:21:07,395 - INFO - P1 (Round 8) - Epoch 8/10 | Loss: 0.0849 | Acc: 0.9734 | Val Loss: 0.0839 | Val Acc: 0.9734 | Time: 12.57s
2025-03-04 23:21:19,664 - INFO - P1 (Round 8) - Epoch 9/10 | Loss: 0.0840 | Acc: 0.9737 | Val Loss: 0.0828 | Val Acc: 0.9735 | Time: 12.27s
2025-03-04 23:21:31,792 - INFO - P1 (Round 8) - Epoch 10/10 | Loss: 0.0833 | Acc: 0.9739 | Val Loss: 0.0825 | Val Acc: 0.9744 | Time: 12.13s
2025-03-04 23:21:44,988 - INFO - P2 (Round 8) - Epoch 1/10 | Loss: 0.4061 | Acc: 0.8415 | Val Loss: 0.3800 | Val Acc: 0.8506 | Time: 13.20s
2025-03-04 23:21:57,426 - INFO - P2 (Round 8) - Epoch 2/10 | Loss: 0.3766 | Acc: 0.8499 | Val Loss: 0.3777 | Val Acc: 0.8427 | Time: 12.44s
2025-03-04 23:22:09,321 - INFO - P2 (Round 8) - Epoch 3/10 | Loss: 0.3721 | Acc: 0.8512 | Val Loss: 0.3698 | Val Acc: 0.8523 | Time: 11.89s
2025-03-04 23:22:21,326 - INFO - P2 (Round 8) - Epoch 4/10 | Loss: 0.3690 | Acc: 0.8525 | Val Loss: 0.3696 | Val Acc: 0.8539 | Time: 12.00s
2025-03-04 23:22:33,350 - INFO - P2 (Round 8) - Epoch 5/10 | Loss: 0.3670 | Acc: 0.8533 | Val Loss: 0.3699 | Val Acc: 0.8546 | Time: 12.02s
2025-03-04 23:22:45,563 - INFO - P2 (Round 8) - Epoch 6/10 | Loss: 0.3654 | Acc: 0.8541 | Val Loss: 0.3672 | Val Acc: 0.8523 | Time: 12.21s
2025-03-04 23:22:59,040 - INFO - P2 (Round 8) - Epoch 7/10 | Loss: 0.3641 | Acc: 0.8544 | Val Loss: 0.3636 | Val Acc: 0.8553 | Time: 13.48s
2025-03-04 23:23:11,131 - INFO - P2 (Round 8) - Epoch 8/10 | Loss: 0.3625 | Acc: 0.8551 | Val Loss: 0.3629 | Val Acc: 0.8552 | Time: 12.09s
2025-03-04 23:23:23,242 - INFO - P2 (Round 8) - Epoch 9/10 | Loss: 0.3609 | Acc: 0.8556 | Val Loss: 0.3606 | Val Acc: 0.8578 | Time: 12.11s
2025-03-04 23:23:35,227 - INFO - P2 (Round 8) - Epoch 10/10 | Loss: 0.3595 | Acc: 0.8563 | Val Loss: 0.3601 | Val Acc: 0.8581 | Time: 11.98s
2025-03-04 23:23:37,781 - INFO - Round 8 completed in 249.49s
2025-03-04 23:23:37,781 - INFO - Global Model - P1 Test: Loss = 4.5531, Accuracy = 0.5505
2025-03-04 23:23:37,781 - INFO - Global Model - P2 Test: Loss = 3.8439, Accuracy = 0.4205
2025-03-04 23:23:49,561 - INFO - P1 (Round 9) - Epoch 1/10 | Loss: 0.1372 | Acc: 0.9619 | Val Loss: 0.0955 | Val Acc: 0.9703 | Time: 11.78s
2025-03-04 23:24:01,475 - INFO - P1 (Round 9) - Epoch 2/10 | Loss: 0.0936 | Acc: 0.9713 | Val Loss: 0.0932 | Val Acc: 0.9707 | Time: 11.91s
2025-03-04 23:24:13,428 - INFO - P1 (Round 9) - Epoch 3/10 | Loss: 0.0891 | Acc: 0.9722 | Val Loss: 0.0862 | Val Acc: 0.9735 | Time: 11.95s
2025-03-04 23:24:25,416 - INFO - P1 (Round 9) - Epoch 4/10 | Loss: 0.0862 | Acc: 0.9731 | Val Loss: 0.0857 | Val Acc: 0.9731 | Time: 11.99s
2025-03-04 23:24:37,337 - INFO - P1 (Round 9) - Epoch 5/10 | Loss: 0.0848 | Acc: 0.9735 | Val Loss: 0.0836 | Val Acc: 0.9741 | Time: 11.92s
2025-03-04 23:24:49,305 - INFO - P1 (Round 9) - Epoch 6/10 | Loss: 0.0838 | Acc: 0.9738 | Val Loss: 0.0832 | Val Acc: 0.9742 | Time: 11.97s
2025-03-04 23:25:01,185 - INFO - P1 (Round 9) - Epoch 7/10 | Loss: 0.0831 | Acc: 0.9740 | Val Loss: 0.0830 | Val Acc: 0.9734 | Time: 11.88s
2025-03-04 23:25:13,797 - INFO - P1 (Round 9) - Epoch 8/10 | Loss: 0.0821 | Acc: 0.9743 | Val Loss: 0.0811 | Val Acc: 0.9753 | Time: 12.61s
2025-03-04 23:25:26,007 - INFO - P1 (Round 9) - Epoch 9/10 | Loss: 0.0818 | Acc: 0.9744 | Val Loss: 0.0821 | Val Acc: 0.9748 | Time: 12.21s
2025-03-04 23:25:38,133 - INFO - P1 (Round 9) - Epoch 10/10 | Loss: 0.0812 | Acc: 0.9747 | Val Loss: 0.0807 | Val Acc: 0.9744 | Time: 12.13s
2025-03-04 23:25:50,322 - INFO - P2 (Round 9) - Epoch 1/10 | Loss: 0.3992 | Acc: 0.8442 | Val Loss: 0.3804 | Val Acc: 0.8508 | Time: 12.19s
2025-03-04 23:26:02,516 - INFO - P2 (Round 9) - Epoch 2/10 | Loss: 0.3684 | Acc: 0.8527 | Val Loss: 0.3696 | Val Acc: 0.8519 | Time: 12.19s
2025-03-04 23:26:14,860 - INFO - P2 (Round 9) - Epoch 3/10 | Loss: 0.3645 | Acc: 0.8542 | Val Loss: 0.3636 | Val Acc: 0.8546 | Time: 12.34s
2025-03-04 23:26:28,129 - INFO - P2 (Round 9) - Epoch 4/10 | Loss: 0.3620 | Acc: 0.8553 | Val Loss: 0.3612 | Val Acc: 0.8560 | Time: 13.27s
2025-03-04 23:26:40,370 - INFO - P2 (Round 9) - Epoch 5/10 | Loss: 0.3606 | Acc: 0.8557 | Val Loss: 0.3596 | Val Acc: 0.8533 | Time: 12.24s
2025-03-04 23:26:52,364 - INFO - P2 (Round 9) - Epoch 6/10 | Loss: 0.3594 | Acc: 0.8559 | Val Loss: 0.3623 | Val Acc: 0.8534 | Time: 11.99s
2025-03-04 23:27:04,276 - INFO - P2 (Round 9) - Epoch 7/10 | Loss: 0.3583 | Acc: 0.8566 | Val Loss: 0.3597 | Val Acc: 0.8533 | Time: 11.91s
2025-03-04 23:27:16,223 - INFO - P2 (Round 9) - Epoch 8/10 | Loss: 0.3575 | Acc: 0.8565 | Val Loss: 0.3573 | Val Acc: 0.8555 | Time: 11.95s
2025-03-04 23:27:28,715 - INFO - P2 (Round 9) - Epoch 9/10 | Loss: 0.3567 | Acc: 0.8570 | Val Loss: 0.3592 | Val Acc: 0.8539 | Time: 12.49s
2025-03-04 23:27:41,786 - INFO - P2 (Round 9) - Epoch 10/10 | Loss: 0.3560 | Acc: 0.8573 | Val Loss: 0.3573 | Val Acc: 0.8547 | Time: 13.07s
2025-03-04 23:27:44,592 - INFO - Round 9 completed in 246.81s
2025-03-04 23:27:44,592 - INFO - Global Model - P1 Test: Loss = 4.6647, Accuracy = 0.5476
2025-03-04 23:27:44,592 - INFO - Global Model - P2 Test: Loss = 3.5816, Accuracy = 0.4870
2025-03-04 23:27:56,864 - INFO - P1 (Round 10) - Epoch 1/10 | Loss: 0.1450 | Acc: 0.9606 | Val Loss: 0.0926 | Val Acc: 0.9717 | Time: 12.27s
2025-03-04 23:28:09,475 - INFO - P1 (Round 10) - Epoch 2/10 | Loss: 0.0899 | Acc: 0.9720 | Val Loss: 0.0850 | Val Acc: 0.9732 | Time: 12.61s
2025-03-04 23:28:21,871 - INFO - P1 (Round 10) - Epoch 3/10 | Loss: 0.0860 | Acc: 0.9730 | Val Loss: 0.0864 | Val Acc: 0.9725 | Time: 12.40s
2025-03-04 23:28:33,912 - INFO - P1 (Round 10) - Epoch 4/10 | Loss: 0.0843 | Acc: 0.9736 | Val Loss: 0.0822 | Val Acc: 0.9742 | Time: 12.04s
2025-03-04 23:28:47,241 - INFO - P1 (Round 10) - Epoch 5/10 | Loss: 0.0832 | Acc: 0.9739 | Val Loss: 0.0811 | Val Acc: 0.9753 | Time: 13.33s
2025-03-04 23:28:59,317 - INFO - P1 (Round 10) - Epoch 6/10 | Loss: 0.0820 | Acc: 0.9742 | Val Loss: 0.0810 | Val Acc: 0.9744 | Time: 12.08s
2025-03-04 23:29:11,383 - INFO - P1 (Round 10) - Epoch 7/10 | Loss: 0.0813 | Acc: 0.9745 | Val Loss: 0.0799 | Val Acc: 0.9752 | Time: 12.07s
2025-03-04 23:29:23,494 - INFO - P1 (Round 10) - Epoch 8/10 | Loss: 0.0808 | Acc: 0.9747 | Val Loss: 0.0810 | Val Acc: 0.9747 | Time: 12.11s
2025-03-04 23:29:35,574 - INFO - P1 (Round 10) - Epoch 9/10 | Loss: 0.0802 | Acc: 0.9749 | Val Loss: 0.0799 | Val Acc: 0.9745 | Time: 12.08s
2025-03-04 23:29:47,858 - INFO - P1 (Round 10) - Epoch 10/10 | Loss: 0.0799 | Acc: 0.9750 | Val Loss: 0.0784 | Val Acc: 0.9750 | Time: 12.28s
2025-03-04 23:30:01,213 - INFO - P2 (Round 10) - Epoch 1/10 | Loss: 0.4067 | Acc: 0.8442 | Val Loss: 0.3734 | Val Acc: 0.8506 | Time: 13.35s
2025-03-04 23:30:13,375 - INFO - P2 (Round 10) - Epoch 2/10 | Loss: 0.3662 | Acc: 0.8535 | Val Loss: 0.3684 | Val Acc: 0.8559 | Time: 12.16s
2025-03-04 23:30:25,667 - INFO - P2 (Round 10) - Epoch 3/10 | Loss: 0.3624 | Acc: 0.8549 | Val Loss: 0.3650 | Val Acc: 0.8562 | Time: 12.29s
2025-03-04 23:30:37,795 - INFO - P2 (Round 10) - Epoch 4/10 | Loss: 0.3601 | Acc: 0.8560 | Val Loss: 0.3586 | Val Acc: 0.8567 | Time: 12.13s
2025-03-04 23:30:49,782 - INFO - P2 (Round 10) - Epoch 5/10 | Loss: 0.3587 | Acc: 0.8569 | Val Loss: 0.3571 | Val Acc: 0.8576 | Time: 11.99s
2025-03-04 23:31:02,384 - INFO - P2 (Round 10) - Epoch 6/10 | Loss: 0.3573 | Acc: 0.8572 | Val Loss: 0.3604 | Val Acc: 0.8522 | Time: 12.60s
2025-03-04 23:31:15,930 - INFO - P2 (Round 10) - Epoch 7/10 | Loss: 0.3566 | Acc: 0.8574 | Val Loss: 0.3591 | Val Acc: 0.8563 | Time: 13.55s
2025-03-04 23:31:28,472 - INFO - P2 (Round 10) - Epoch 8/10 | Loss: 0.3558 | Acc: 0.8579 | Val Loss: 0.3551 | Val Acc: 0.8572 | Time: 12.54s
2025-03-04 23:31:40,522 - INFO - P2 (Round 10) - Epoch 9/10 | Loss: 0.3550 | Acc: 0.8581 | Val Loss: 0.3578 | Val Acc: 0.8560 | Time: 12.05s
2025-03-04 23:31:53,117 - INFO - P2 (Round 10) - Epoch 10/10 | Loss: 0.3545 | Acc: 0.8581 | Val Loss: 0.3536 | Val Acc: 0.8597 | Time: 12.60s
2025-03-04 23:31:55,800 - INFO - Round 10 completed in 251.21s
2025-03-04 23:31:55,800 - INFO - Global Model - P1 Test: Loss = 3.7715, Accuracy = 0.5734
2025-03-04 23:31:55,801 - INFO - Global Model - P2 Test: Loss = 4.4175, Accuracy = 0.4229
2025-03-04 23:31:58,543 - INFO - Final Results after 10 rounds:
2025-03-04 23:31:58,543 - INFO - Global Model - P1 Test: Loss = 3.7715, Accuracy = 0.5734
2025-03-04 23:31:58,543 - INFO - Global Model - P2 Test: Loss = 4.4175, Accuracy = 0.4229
2025-03-04 23:31:58,552 - INFO - Experiment 95 results saved to results/suppression_experiments/exp_95_p1f8_p2f4.json
