2025-03-05 02:11:33,408 - INFO - Starting Suppression Experiment 145
2025-03-05 02:11:33,408 - INFO - P1 Features (4/14): ['protocol', 'bidirectional_min_ps', 'bidirectional_mean_ps', 'bidirectional_stddev_ps']
2025-03-05 02:11:33,408 - INFO - P2 Features (10/14): ['protocol', 'bidirectional_min_ps', 'bidirectional_mean_ps', 'bidirectional_stddev_ps', 'bidirectional_max_ps', 'src2dst_stddev_ps', 'src2dst_max_ps', 'dst2src_min_ps', 'dst2src_mean_ps', 'dst2src_stddev_ps']
2025-03-05 02:11:45,647 - INFO - P1 (Round 1) - Epoch 1/10 | Loss: 0.6803 | Acc: 0.7392 | Val Loss: 0.5331 | Val Acc: 0.7842 | Time: 12.11s
2025-03-05 02:11:55,767 - INFO - P1 (Round 1) - Epoch 2/10 | Loss: 0.5001 | Acc: 0.7958 | Val Loss: 0.4809 | Val Acc: 0.8040 | Time: 10.12s
2025-03-05 02:12:05,916 - INFO - P1 (Round 1) - Epoch 3/10 | Loss: 0.4631 | Acc: 0.8104 | Val Loss: 0.4516 | Val Acc: 0.8134 | Time: 10.15s
2025-03-05 02:12:16,504 - INFO - P1 (Round 1) - Epoch 4/10 | Loss: 0.4363 | Acc: 0.8193 | Val Loss: 0.4285 | Val Acc: 0.8220 | Time: 10.59s
2025-03-05 02:12:26,656 - INFO - P1 (Round 1) - Epoch 5/10 | Loss: 0.4205 | Acc: 0.8259 | Val Loss: 0.4174 | Val Acc: 0.8287 | Time: 10.15s
2025-03-05 02:12:36,810 - INFO - P1 (Round 1) - Epoch 6/10 | Loss: 0.4090 | Acc: 0.8309 | Val Loss: 0.4089 | Val Acc: 0.8342 | Time: 10.15s
2025-03-05 02:12:47,740 - INFO - P1 (Round 1) - Epoch 7/10 | Loss: 0.4013 | Acc: 0.8351 | Val Loss: 0.4002 | Val Acc: 0.8394 | Time: 10.93s
2025-03-05 02:12:58,940 - INFO - P1 (Round 1) - Epoch 8/10 | Loss: 0.3946 | Acc: 0.8391 | Val Loss: 0.3924 | Val Acc: 0.8423 | Time: 11.20s
2025-03-05 02:13:09,110 - INFO - P1 (Round 1) - Epoch 9/10 | Loss: 0.3890 | Acc: 0.8419 | Val Loss: 0.3901 | Val Acc: 0.8429 | Time: 10.17s
2025-03-05 02:13:19,287 - INFO - P1 (Round 1) - Epoch 10/10 | Loss: 0.3863 | Acc: 0.8438 | Val Loss: 0.3866 | Val Acc: 0.8454 | Time: 10.18s
2025-03-05 02:13:29,525 - INFO - P2 (Round 1) - Epoch 1/10 | Loss: 0.3946 | Acc: 0.8583 | Val Loss: 0.2470 | Val Acc: 0.9109 | Time: 10.24s
2025-03-05 02:13:39,762 - INFO - P2 (Round 1) - Epoch 2/10 | Loss: 0.2285 | Acc: 0.9167 | Val Loss: 0.2147 | Val Acc: 0.9229 | Time: 10.24s
2025-03-05 02:13:50,086 - INFO - P2 (Round 1) - Epoch 3/10 | Loss: 0.2041 | Acc: 0.9266 | Val Loss: 0.1936 | Val Acc: 0.9337 | Time: 10.32s
2025-03-05 02:14:01,458 - INFO - P2 (Round 1) - Epoch 4/10 | Loss: 0.1887 | Acc: 0.9323 | Val Loss: 0.1855 | Val Acc: 0.9316 | Time: 11.37s
2025-03-05 02:14:12,242 - INFO - P2 (Round 1) - Epoch 5/10 | Loss: 0.1806 | Acc: 0.9350 | Val Loss: 0.1774 | Val Acc: 0.9368 | Time: 10.78s
2025-03-05 02:14:23,079 - INFO - P2 (Round 1) - Epoch 6/10 | Loss: 0.1756 | Acc: 0.9367 | Val Loss: 0.1728 | Val Acc: 0.9365 | Time: 10.84s
2025-03-05 02:14:33,316 - INFO - P2 (Round 1) - Epoch 7/10 | Loss: 0.1714 | Acc: 0.9382 | Val Loss: 0.1701 | Val Acc: 0.9383 | Time: 10.24s
2025-03-05 02:14:43,625 - INFO - P2 (Round 1) - Epoch 8/10 | Loss: 0.1680 | Acc: 0.9395 | Val Loss: 0.1675 | Val Acc: 0.9392 | Time: 10.31s
2025-03-05 02:14:53,756 - INFO - P2 (Round 1) - Epoch 9/10 | Loss: 0.1649 | Acc: 0.9406 | Val Loss: 0.1617 | Val Acc: 0.9410 | Time: 10.13s
2025-03-05 02:15:03,909 - INFO - P2 (Round 1) - Epoch 10/10 | Loss: 0.1622 | Acc: 0.9417 | Val Loss: 0.1591 | Val Acc: 0.9434 | Time: 10.15s
2025-03-05 02:15:06,313 - INFO - Round 1 completed in 212.77s
2025-03-05 02:15:06,313 - INFO - Global Model - P1 Test: Loss = 3.9774, Accuracy = 0.4571
2025-03-05 02:15:06,313 - INFO - Global Model - P2 Test: Loss = 3.9633, Accuracy = 0.5460
2025-03-05 02:15:18,762 - INFO - P1 (Round 2) - Epoch 1/10 | Loss: 0.5496 | Acc: 0.7886 | Val Loss: 0.4633 | Val Acc: 0.8117 | Time: 12.45s
2025-03-05 02:15:29,315 - INFO - P1 (Round 2) - Epoch 2/10 | Loss: 0.4448 | Acc: 0.8225 | Val Loss: 0.4348 | Val Acc: 0.8281 | Time: 10.55s
2025-03-05 02:15:39,394 - INFO - P1 (Round 2) - Epoch 3/10 | Loss: 0.4237 | Acc: 0.8305 | Val Loss: 0.4166 | Val Acc: 0.8342 | Time: 10.08s
2025-03-05 02:15:49,464 - INFO - P1 (Round 2) - Epoch 4/10 | Loss: 0.4094 | Acc: 0.8344 | Val Loss: 0.4054 | Val Acc: 0.8288 | Time: 10.07s
2025-03-05 02:15:59,719 - INFO - P1 (Round 2) - Epoch 5/10 | Loss: 0.3991 | Acc: 0.8347 | Val Loss: 0.3974 | Val Acc: 0.8367 | Time: 10.26s
2025-03-05 02:16:10,273 - INFO - P1 (Round 2) - Epoch 6/10 | Loss: 0.3925 | Acc: 0.8397 | Val Loss: 0.3898 | Val Acc: 0.8401 | Time: 10.55s
2025-03-05 02:16:21,032 - INFO - P1 (Round 2) - Epoch 7/10 | Loss: 0.3884 | Acc: 0.8411 | Val Loss: 0.3889 | Val Acc: 0.8397 | Time: 10.76s
2025-03-05 02:16:33,120 - INFO - P1 (Round 2) - Epoch 8/10 | Loss: 0.3851 | Acc: 0.8415 | Val Loss: 0.3845 | Val Acc: 0.8394 | Time: 12.09s
2025-03-05 02:16:43,838 - INFO - P1 (Round 2) - Epoch 9/10 | Loss: 0.3825 | Acc: 0.8419 | Val Loss: 0.3829 | Val Acc: 0.8404 | Time: 10.72s
2025-03-05 02:16:54,149 - INFO - P1 (Round 2) - Epoch 10/10 | Loss: 0.3804 | Acc: 0.8423 | Val Loss: 0.3793 | Val Acc: 0.8439 | Time: 10.31s
2025-03-05 02:17:04,473 - INFO - P2 (Round 2) - Epoch 1/10 | Loss: 0.3063 | Acc: 0.8910 | Val Loss: 0.2122 | Val Acc: 0.9222 | Time: 10.32s
2025-03-05 02:17:14,580 - INFO - P2 (Round 2) - Epoch 2/10 | Loss: 0.1884 | Acc: 0.9330 | Val Loss: 0.1630 | Val Acc: 0.9458 | Time: 10.11s
2025-03-05 02:17:24,957 - INFO - P2 (Round 2) - Epoch 3/10 | Loss: 0.1410 | Acc: 0.9543 | Val Loss: 0.1294 | Val Acc: 0.9573 | Time: 10.38s
2025-03-05 02:17:35,949 - INFO - P2 (Round 2) - Epoch 4/10 | Loss: 0.1219 | Acc: 0.9606 | Val Loss: 0.1174 | Val Acc: 0.9621 | Time: 10.99s
2025-03-05 02:17:47,182 - INFO - P2 (Round 2) - Epoch 5/10 | Loss: 0.1136 | Acc: 0.9630 | Val Loss: 0.1111 | Val Acc: 0.9636 | Time: 11.23s
2025-03-05 02:17:57,465 - INFO - P2 (Round 2) - Epoch 6/10 | Loss: 0.1084 | Acc: 0.9646 | Val Loss: 0.1082 | Val Acc: 0.9652 | Time: 10.28s
2025-03-05 02:18:11,132 - INFO - P2 (Round 2) - Epoch 7/10 | Loss: 0.1050 | Acc: 0.9658 | Val Loss: 0.1043 | Val Acc: 0.9662 | Time: 13.67s
2025-03-05 02:18:22,982 - INFO - P2 (Round 2) - Epoch 8/10 | Loss: 0.1023 | Acc: 0.9667 | Val Loss: 0.1009 | Val Acc: 0.9674 | Time: 11.85s
2025-03-05 02:18:35,076 - INFO - P2 (Round 2) - Epoch 9/10 | Loss: 0.1000 | Acc: 0.9673 | Val Loss: 0.1007 | Val Acc: 0.9672 | Time: 12.09s
2025-03-05 02:18:47,694 - INFO - P2 (Round 2) - Epoch 10/10 | Loss: 0.0979 | Acc: 0.9680 | Val Loss: 0.0972 | Val Acc: 0.9681 | Time: 12.62s
2025-03-05 02:18:50,498 - INFO - Round 2 completed in 224.18s
2025-03-05 02:18:50,498 - INFO - Global Model - P1 Test: Loss = 2.2763, Accuracy = 0.6640
2025-03-05 02:18:50,498 - INFO - Global Model - P2 Test: Loss = 1.6689, Accuracy = 0.7360
2025-03-05 02:19:03,390 - INFO - P1 (Round 3) - Epoch 1/10 | Loss: 0.4413 | Acc: 0.8230 | Val Loss: 0.4079 | Val Acc: 0.8347 | Time: 12.89s
2025-03-05 02:19:15,736 - INFO - P1 (Round 3) - Epoch 2/10 | Loss: 0.4020 | Acc: 0.8362 | Val Loss: 0.3993 | Val Acc: 0.8350 | Time: 12.34s
2025-03-05 02:19:28,471 - INFO - P1 (Round 3) - Epoch 3/10 | Loss: 0.3948 | Acc: 0.8375 | Val Loss: 0.3920 | Val Acc: 0.8377 | Time: 12.73s
2025-03-05 02:19:41,089 - INFO - P1 (Round 3) - Epoch 4/10 | Loss: 0.3901 | Acc: 0.8384 | Val Loss: 0.3920 | Val Acc: 0.8374 | Time: 12.62s
2025-03-05 02:19:53,601 - INFO - P1 (Round 3) - Epoch 5/10 | Loss: 0.3876 | Acc: 0.8387 | Val Loss: 0.3886 | Val Acc: 0.8377 | Time: 12.51s
2025-03-05 02:20:07,025 - INFO - P1 (Round 3) - Epoch 6/10 | Loss: 0.3860 | Acc: 0.8390 | Val Loss: 0.3860 | Val Acc: 0.8386 | Time: 13.42s
2025-03-05 02:20:19,613 - INFO - P1 (Round 3) - Epoch 7/10 | Loss: 0.3841 | Acc: 0.8392 | Val Loss: 0.3865 | Val Acc: 0.8396 | Time: 12.59s
2025-03-05 02:20:32,229 - INFO - P1 (Round 3) - Epoch 8/10 | Loss: 0.3821 | Acc: 0.8393 | Val Loss: 0.3829 | Val Acc: 0.8383 | Time: 12.62s
2025-03-05 02:20:44,705 - INFO - P1 (Round 3) - Epoch 9/10 | Loss: 0.3801 | Acc: 0.8394 | Val Loss: 0.3819 | Val Acc: 0.8394 | Time: 12.48s
2025-03-05 02:20:57,121 - INFO - P1 (Round 3) - Epoch 10/10 | Loss: 0.3786 | Acc: 0.8398 | Val Loss: 0.3797 | Val Acc: 0.8425 | Time: 12.42s
2025-03-05 02:21:09,880 - INFO - P2 (Round 3) - Epoch 1/10 | Loss: 0.1760 | Acc: 0.9438 | Val Loss: 0.1218 | Val Acc: 0.9618 | Time: 12.76s
2025-03-05 02:21:23,053 - INFO - P2 (Round 3) - Epoch 2/10 | Loss: 0.1133 | Acc: 0.9641 | Val Loss: 0.1084 | Val Acc: 0.9650 | Time: 13.17s
2025-03-05 02:21:34,993 - INFO - P2 (Round 3) - Epoch 3/10 | Loss: 0.1050 | Acc: 0.9658 | Val Loss: 0.1034 | Val Acc: 0.9659 | Time: 11.94s
2025-03-05 02:21:46,945 - INFO - P2 (Round 3) - Epoch 4/10 | Loss: 0.1009 | Acc: 0.9667 | Val Loss: 0.1006 | Val Acc: 0.9673 | Time: 11.95s
2025-03-05 02:21:58,968 - INFO - P2 (Round 3) - Epoch 5/10 | Loss: 0.0983 | Acc: 0.9676 | Val Loss: 0.1017 | Val Acc: 0.9665 | Time: 12.02s
2025-03-05 02:22:11,165 - INFO - P2 (Round 3) - Epoch 6/10 | Loss: 0.0961 | Acc: 0.9681 | Val Loss: 0.0965 | Val Acc: 0.9674 | Time: 12.20s
2025-03-05 02:22:23,940 - INFO - P2 (Round 3) - Epoch 7/10 | Loss: 0.0942 | Acc: 0.9689 | Val Loss: 0.0936 | Val Acc: 0.9699 | Time: 12.77s
2025-03-05 02:22:37,024 - INFO - P2 (Round 3) - Epoch 8/10 | Loss: 0.0921 | Acc: 0.9701 | Val Loss: 0.0927 | Val Acc: 0.9699 | Time: 13.08s
2025-03-05 02:22:49,399 - INFO - P2 (Round 3) - Epoch 9/10 | Loss: 0.0904 | Acc: 0.9708 | Val Loss: 0.0937 | Val Acc: 0.9690 | Time: 12.37s
2025-03-05 02:23:01,765 - INFO - P2 (Round 3) - Epoch 10/10 | Loss: 0.0892 | Acc: 0.9712 | Val Loss: 0.0889 | Val Acc: 0.9714 | Time: 12.37s
2025-03-05 02:23:04,477 - INFO - Round 3 completed in 253.98s
2025-03-05 02:23:04,477 - INFO - Global Model - P1 Test: Loss = 2.8858, Accuracy = 0.5223
2025-03-05 02:23:04,477 - INFO - Global Model - P2 Test: Loss = 1.5983, Accuracy = 0.7334
2025-03-05 02:23:16,675 - INFO - P1 (Round 4) - Epoch 1/10 | Loss: 0.4242 | Acc: 0.8287 | Val Loss: 0.4027 | Val Acc: 0.8352 | Time: 12.20s
2025-03-05 02:23:28,580 - INFO - P1 (Round 4) - Epoch 2/10 | Loss: 0.3927 | Acc: 0.8389 | Val Loss: 0.3918 | Val Acc: 0.8395 | Time: 11.91s
2025-03-05 02:23:41,769 - INFO - P1 (Round 4) - Epoch 3/10 | Loss: 0.3867 | Acc: 0.8406 | Val Loss: 0.3867 | Val Acc: 0.8387 | Time: 13.19s
2025-03-05 02:23:53,816 - INFO - P1 (Round 4) - Epoch 4/10 | Loss: 0.3838 | Acc: 0.8408 | Val Loss: 0.3853 | Val Acc: 0.8383 | Time: 12.05s
2025-03-05 02:24:05,744 - INFO - P1 (Round 4) - Epoch 5/10 | Loss: 0.3819 | Acc: 0.8408 | Val Loss: 0.3850 | Val Acc: 0.8401 | Time: 11.93s
2025-03-05 02:24:18,012 - INFO - P1 (Round 4) - Epoch 6/10 | Loss: 0.3801 | Acc: 0.8406 | Val Loss: 0.3816 | Val Acc: 0.8386 | Time: 12.27s
2025-03-05 02:24:29,919 - INFO - P1 (Round 4) - Epoch 7/10 | Loss: 0.3779 | Acc: 0.8410 | Val Loss: 0.3825 | Val Acc: 0.8370 | Time: 11.91s
2025-03-05 02:24:42,305 - INFO - P1 (Round 4) - Epoch 8/10 | Loss: 0.3754 | Acc: 0.8417 | Val Loss: 0.3759 | Val Acc: 0.8395 | Time: 12.39s
2025-03-05 02:24:55,230 - INFO - P1 (Round 4) - Epoch 9/10 | Loss: 0.3738 | Acc: 0.8420 | Val Loss: 0.3757 | Val Acc: 0.8395 | Time: 12.92s
2025-03-05 02:25:06,917 - INFO - P1 (Round 4) - Epoch 10/10 | Loss: 0.3726 | Acc: 0.8425 | Val Loss: 0.3734 | Val Acc: 0.8419 | Time: 11.69s
2025-03-05 02:25:18,951 - INFO - P2 (Round 4) - Epoch 1/10 | Loss: 0.1359 | Acc: 0.9589 | Val Loss: 0.1076 | Val Acc: 0.9666 | Time: 12.03s
2025-03-05 02:25:31,073 - INFO - P2 (Round 4) - Epoch 2/10 | Loss: 0.1004 | Acc: 0.9685 | Val Loss: 0.0968 | Val Acc: 0.9697 | Time: 12.12s
2025-03-05 02:25:43,157 - INFO - P2 (Round 4) - Epoch 3/10 | Loss: 0.0947 | Acc: 0.9700 | Val Loss: 0.0946 | Val Acc: 0.9701 | Time: 12.08s
2025-03-05 02:25:55,763 - INFO - P2 (Round 4) - Epoch 4/10 | Loss: 0.0918 | Acc: 0.9708 | Val Loss: 0.0922 | Val Acc: 0.9702 | Time: 12.61s
2025-03-05 02:26:08,376 - INFO - P2 (Round 4) - Epoch 5/10 | Loss: 0.0897 | Acc: 0.9715 | Val Loss: 0.0910 | Val Acc: 0.9714 | Time: 12.61s
2025-03-05 02:26:20,573 - INFO - P2 (Round 4) - Epoch 6/10 | Loss: 0.0881 | Acc: 0.9721 | Val Loss: 0.0882 | Val Acc: 0.9719 | Time: 12.20s
2025-03-05 02:26:32,721 - INFO - P2 (Round 4) - Epoch 7/10 | Loss: 0.0869 | Acc: 0.9726 | Val Loss: 0.0877 | Val Acc: 0.9727 | Time: 12.15s
2025-03-05 02:26:45,262 - INFO - P2 (Round 4) - Epoch 8/10 | Loss: 0.0857 | Acc: 0.9731 | Val Loss: 0.0860 | Val Acc: 0.9731 | Time: 12.54s
2025-03-05 02:26:57,521 - INFO - P2 (Round 4) - Epoch 9/10 | Loss: 0.0843 | Acc: 0.9736 | Val Loss: 0.0856 | Val Acc: 0.9737 | Time: 12.26s
2025-03-05 02:27:10,595 - INFO - P2 (Round 4) - Epoch 10/10 | Loss: 0.0824 | Acc: 0.9745 | Val Loss: 0.0819 | Val Acc: 0.9744 | Time: 13.07s
2025-03-05 02:27:13,474 - INFO - Round 4 completed in 249.00s
2025-03-05 02:27:13,474 - INFO - Global Model - P1 Test: Loss = 3.1483, Accuracy = 0.4719
2025-03-05 02:27:13,474 - INFO - Global Model - P2 Test: Loss = 1.4301, Accuracy = 0.7441
2025-03-05 02:27:25,384 - INFO - P1 (Round 5) - Epoch 1/10 | Loss: 0.4161 | Acc: 0.8344 | Val Loss: 0.3956 | Val Acc: 0.8382 | Time: 11.91s
2025-03-05 02:27:37,405 - INFO - P1 (Round 5) - Epoch 2/10 | Loss: 0.3869 | Acc: 0.8409 | Val Loss: 0.3835 | Val Acc: 0.8388 | Time: 12.02s
2025-03-05 02:27:49,365 - INFO - P1 (Round 5) - Epoch 3/10 | Loss: 0.3804 | Acc: 0.8421 | Val Loss: 0.3798 | Val Acc: 0.8415 | Time: 11.96s
2025-03-05 02:28:01,474 - INFO - P1 (Round 5) - Epoch 4/10 | Loss: 0.3776 | Acc: 0.8430 | Val Loss: 0.3787 | Val Acc: 0.8456 | Time: 12.11s
2025-03-05 02:28:13,997 - INFO - P1 (Round 5) - Epoch 5/10 | Loss: 0.3753 | Acc: 0.8441 | Val Loss: 0.3759 | Val Acc: 0.8426 | Time: 12.52s
2025-03-05 02:28:27,223 - INFO - P1 (Round 5) - Epoch 6/10 | Loss: 0.3736 | Acc: 0.8445 | Val Loss: 0.3726 | Val Acc: 0.8444 | Time: 13.23s
2025-03-05 02:28:39,683 - INFO - P1 (Round 5) - Epoch 7/10 | Loss: 0.3719 | Acc: 0.8452 | Val Loss: 0.3725 | Val Acc: 0.8443 | Time: 12.46s
2025-03-05 02:28:51,842 - INFO - P1 (Round 5) - Epoch 8/10 | Loss: 0.3705 | Acc: 0.8455 | Val Loss: 0.3730 | Val Acc: 0.8461 | Time: 12.16s
2025-03-05 02:29:03,862 - INFO - P1 (Round 5) - Epoch 9/10 | Loss: 0.3693 | Acc: 0.8460 | Val Loss: 0.3711 | Val Acc: 0.8445 | Time: 12.02s
2025-03-05 02:29:15,620 - INFO - P1 (Round 5) - Epoch 10/10 | Loss: 0.3682 | Acc: 0.8460 | Val Loss: 0.3713 | Val Acc: 0.8455 | Time: 11.76s
2025-03-05 02:29:28,235 - INFO - P2 (Round 5) - Epoch 1/10 | Loss: 0.1316 | Acc: 0.9580 | Val Loss: 0.1046 | Val Acc: 0.9690 | Time: 12.62s
2025-03-05 02:29:41,056 - INFO - P2 (Round 5) - Epoch 2/10 | Loss: 0.0983 | Acc: 0.9691 | Val Loss: 0.0958 | Val Acc: 0.9706 | Time: 12.82s
2025-03-05 02:29:53,431 - INFO - P2 (Round 5) - Epoch 3/10 | Loss: 0.0922 | Acc: 0.9712 | Val Loss: 0.0929 | Val Acc: 0.9692 | Time: 12.37s
2025-03-05 02:30:05,649 - INFO - P2 (Round 5) - Epoch 4/10 | Loss: 0.0873 | Acc: 0.9725 | Val Loss: 0.0887 | Val Acc: 0.9720 | Time: 12.22s
2025-03-05 02:30:18,377 - INFO - P2 (Round 5) - Epoch 5/10 | Loss: 0.0843 | Acc: 0.9737 | Val Loss: 0.0855 | Val Acc: 0.9734 | Time: 12.73s
2025-03-05 02:30:33,658 - INFO - P2 (Round 5) - Epoch 6/10 | Loss: 0.0824 | Acc: 0.9743 | Val Loss: 0.0816 | Val Acc: 0.9753 | Time: 15.28s
2025-03-05 02:30:46,616 - INFO - P2 (Round 5) - Epoch 7/10 | Loss: 0.0806 | Acc: 0.9751 | Val Loss: 0.0821 | Val Acc: 0.9746 | Time: 12.96s
2025-03-05 02:30:57,954 - INFO - P2 (Round 5) - Epoch 8/10 | Loss: 0.0792 | Acc: 0.9756 | Val Loss: 0.0794 | Val Acc: 0.9759 | Time: 11.34s
2025-03-05 02:31:08,071 - INFO - P2 (Round 5) - Epoch 9/10 | Loss: 0.0781 | Acc: 0.9759 | Val Loss: 0.0789 | Val Acc: 0.9763 | Time: 10.12s
2025-03-05 02:31:18,190 - INFO - P2 (Round 5) - Epoch 10/10 | Loss: 0.0771 | Acc: 0.9763 | Val Loss: 0.0779 | Val Acc: 0.9767 | Time: 10.12s
2025-03-05 02:31:20,674 - INFO - Round 5 completed in 247.20s
2025-03-05 02:31:20,674 - INFO - Global Model - P1 Test: Loss = 4.2388, Accuracy = 0.3734
2025-03-05 02:31:20,674 - INFO - Global Model - P2 Test: Loss = 1.9561, Accuracy = 0.7042
2025-03-05 02:31:30,941 - INFO - P1 (Round 6) - Epoch 1/10 | Loss: 0.4187 | Acc: 0.8330 | Val Loss: 0.3916 | Val Acc: 0.8411 | Time: 10.27s
2025-03-05 02:31:41,128 - INFO - P1 (Round 6) - Epoch 2/10 | Loss: 0.3825 | Acc: 0.8423 | Val Loss: 0.3820 | Val Acc: 0.8415 | Time: 10.19s
2025-03-05 02:31:53,003 - INFO - P1 (Round 6) - Epoch 3/10 | Loss: 0.3776 | Acc: 0.8438 | Val Loss: 0.3762 | Val Acc: 0.8438 | Time: 11.87s
2025-03-05 02:32:03,208 - INFO - P1 (Round 6) - Epoch 4/10 | Loss: 0.3747 | Acc: 0.8449 | Val Loss: 0.3742 | Val Acc: 0.8444 | Time: 10.21s
2025-03-05 02:32:13,404 - INFO - P1 (Round 6) - Epoch 5/10 | Loss: 0.3727 | Acc: 0.8455 | Val Loss: 0.3731 | Val Acc: 0.8447 | Time: 10.20s
2025-03-05 02:32:23,741 - INFO - P1 (Round 6) - Epoch 6/10 | Loss: 0.3713 | Acc: 0.8460 | Val Loss: 0.3747 | Val Acc: 0.8432 | Time: 10.34s
2025-03-05 02:32:33,771 - INFO - P1 (Round 6) - Epoch 7/10 | Loss: 0.3698 | Acc: 0.8466 | Val Loss: 0.3696 | Val Acc: 0.8454 | Time: 10.03s
2025-03-05 02:32:43,751 - INFO - P1 (Round 6) - Epoch 8/10 | Loss: 0.3688 | Acc: 0.8467 | Val Loss: 0.3716 | Val Acc: 0.8492 | Time: 9.98s
2025-03-05 02:32:54,079 - INFO - P1 (Round 6) - Epoch 9/10 | Loss: 0.3678 | Acc: 0.8469 | Val Loss: 0.3690 | Val Acc: 0.8467 | Time: 10.33s
2025-03-05 02:33:06,230 - INFO - P1 (Round 6) - Epoch 10/10 | Loss: 0.3669 | Acc: 0.8473 | Val Loss: 0.3683 | Val Acc: 0.8480 | Time: 12.15s
2025-03-05 02:33:16,415 - INFO - P2 (Round 6) - Epoch 1/10 | Loss: 0.1224 | Acc: 0.9632 | Val Loss: 0.0965 | Val Acc: 0.9673 | Time: 10.19s
2025-03-05 02:33:27,193 - INFO - P2 (Round 6) - Epoch 2/10 | Loss: 0.0915 | Acc: 0.9716 | Val Loss: 0.0888 | Val Acc: 0.9730 | Time: 10.78s
2025-03-05 02:33:37,427 - INFO - P2 (Round 6) - Epoch 3/10 | Loss: 0.0862 | Acc: 0.9735 | Val Loss: 0.0874 | Val Acc: 0.9732 | Time: 10.23s
2025-03-05 02:33:48,122 - INFO - P2 (Round 6) - Epoch 4/10 | Loss: 0.0834 | Acc: 0.9744 | Val Loss: 0.0841 | Val Acc: 0.9747 | Time: 10.69s
2025-03-05 02:33:58,611 - INFO - P2 (Round 6) - Epoch 5/10 | Loss: 0.0813 | Acc: 0.9752 | Val Loss: 0.0811 | Val Acc: 0.9763 | Time: 10.49s
2025-03-05 02:34:09,061 - INFO - P2 (Round 6) - Epoch 6/10 | Loss: 0.0801 | Acc: 0.9755 | Val Loss: 0.0805 | Val Acc: 0.9756 | Time: 10.45s
2025-03-05 02:34:20,991 - INFO - P2 (Round 6) - Epoch 7/10 | Loss: 0.0788 | Acc: 0.9760 | Val Loss: 0.0796 | Val Acc: 0.9769 | Time: 11.93s
2025-03-05 02:34:31,324 - INFO - P2 (Round 6) - Epoch 8/10 | Loss: 0.0777 | Acc: 0.9764 | Val Loss: 0.0814 | Val Acc: 0.9735 | Time: 10.33s
2025-03-05 02:34:41,631 - INFO - P2 (Round 6) - Epoch 9/10 | Loss: 0.0770 | Acc: 0.9766 | Val Loss: 0.0790 | Val Acc: 0.9766 | Time: 10.31s
2025-03-05 02:34:51,810 - INFO - P2 (Round 6) - Epoch 10/10 | Loss: 0.0762 | Acc: 0.9767 | Val Loss: 0.0782 | Val Acc: 0.9766 | Time: 10.18s
2025-03-05 02:34:54,205 - INFO - Round 6 completed in 213.53s
2025-03-05 02:34:54,205 - INFO - Global Model - P1 Test: Loss = 4.5156, Accuracy = 0.3625
2025-03-05 02:34:54,205 - INFO - Global Model - P2 Test: Loss = 2.1071, Accuracy = 0.6808
2025-03-05 02:35:04,382 - INFO - P1 (Round 7) - Epoch 1/10 | Loss: 0.4201 | Acc: 0.8306 | Val Loss: 0.3841 | Val Acc: 0.8410 | Time: 10.18s
2025-03-05 02:35:14,478 - INFO - P1 (Round 7) - Epoch 2/10 | Loss: 0.3775 | Acc: 0.8440 | Val Loss: 0.3801 | Val Acc: 0.8455 | Time: 10.10s
2025-03-05 02:35:26,074 - INFO - P1 (Round 7) - Epoch 3/10 | Loss: 0.3727 | Acc: 0.8462 | Val Loss: 0.3730 | Val Acc: 0.8464 | Time: 11.60s
2025-03-05 02:35:36,693 - INFO - P1 (Round 7) - Epoch 4/10 | Loss: 0.3701 | Acc: 0.8472 | Val Loss: 0.3708 | Val Acc: 0.8475 | Time: 10.62s
2025-03-05 02:35:46,873 - INFO - P1 (Round 7) - Epoch 5/10 | Loss: 0.3683 | Acc: 0.8477 | Val Loss: 0.3716 | Val Acc: 0.8467 | Time: 10.18s
2025-03-05 02:35:57,287 - INFO - P1 (Round 7) - Epoch 6/10 | Loss: 0.3668 | Acc: 0.8479 | Val Loss: 0.3690 | Val Acc: 0.8479 | Time: 10.41s
2025-03-05 02:36:07,548 - INFO - P1 (Round 7) - Epoch 7/10 | Loss: 0.3657 | Acc: 0.8482 | Val Loss: 0.3684 | Val Acc: 0.8486 | Time: 10.26s
2025-03-05 02:36:17,819 - INFO - P1 (Round 7) - Epoch 8/10 | Loss: 0.3643 | Acc: 0.8488 | Val Loss: 0.3656 | Val Acc: 0.8493 | Time: 10.27s
2025-03-05 02:36:27,962 - INFO - P1 (Round 7) - Epoch 9/10 | Loss: 0.3628 | Acc: 0.8497 | Val Loss: 0.3671 | Val Acc: 0.8489 | Time: 10.14s
2025-03-05 02:36:39,811 - INFO - P1 (Round 7) - Epoch 10/10 | Loss: 0.3617 | Acc: 0.8504 | Val Loss: 0.3628 | Val Acc: 0.8497 | Time: 11.85s
2025-03-05 02:36:50,108 - INFO - P2 (Round 7) - Epoch 1/10 | Loss: 0.1301 | Acc: 0.9632 | Val Loss: 0.0983 | Val Acc: 0.9682 | Time: 10.30s
2025-03-05 02:37:00,456 - INFO - P2 (Round 7) - Epoch 2/10 | Loss: 0.0892 | Acc: 0.9734 | Val Loss: 0.0862 | Val Acc: 0.9747 | Time: 10.35s
2025-03-05 02:37:10,531 - INFO - P2 (Round 7) - Epoch 3/10 | Loss: 0.0831 | Acc: 0.9749 | Val Loss: 0.0870 | Val Acc: 0.9741 | Time: 10.08s
2025-03-05 02:37:20,726 - INFO - P2 (Round 7) - Epoch 4/10 | Loss: 0.0802 | Acc: 0.9756 | Val Loss: 0.0822 | Val Acc: 0.9760 | Time: 10.19s
2025-03-05 02:37:30,832 - INFO - P2 (Round 7) - Epoch 5/10 | Loss: 0.0786 | Acc: 0.9760 | Val Loss: 0.0795 | Val Acc: 0.9763 | Time: 10.11s
2025-03-05 02:37:41,574 - INFO - P2 (Round 7) - Epoch 6/10 | Loss: 0.0775 | Acc: 0.9763 | Val Loss: 0.0808 | Val Acc: 0.9754 | Time: 10.74s
2025-03-05 02:37:53,641 - INFO - P2 (Round 7) - Epoch 7/10 | Loss: 0.0765 | Acc: 0.9765 | Val Loss: 0.0777 | Val Acc: 0.9768 | Time: 12.07s
2025-03-05 02:38:03,803 - INFO - P2 (Round 7) - Epoch 8/10 | Loss: 0.0758 | Acc: 0.9767 | Val Loss: 0.0765 | Val Acc: 0.9770 | Time: 10.16s
2025-03-05 02:38:13,968 - INFO - P2 (Round 7) - Epoch 9/10 | Loss: 0.0749 | Acc: 0.9770 | Val Loss: 0.0766 | Val Acc: 0.9767 | Time: 10.16s
2025-03-05 02:38:24,293 - INFO - P2 (Round 7) - Epoch 10/10 | Loss: 0.0743 | Acc: 0.9773 | Val Loss: 0.0762 | Val Acc: 0.9775 | Time: 10.32s
2025-03-05 02:38:26,532 - INFO - Round 7 completed in 212.33s
2025-03-05 02:38:26,532 - INFO - Global Model - P1 Test: Loss = 5.4086, Accuracy = 0.3259
2025-03-05 02:38:26,532 - INFO - Global Model - P2 Test: Loss = 2.3873, Accuracy = 0.6684
2025-03-05 02:38:36,777 - INFO - P1 (Round 8) - Epoch 1/10 | Loss: 0.4269 | Acc: 0.8297 | Val Loss: 0.3863 | Val Acc: 0.8398 | Time: 10.24s
2025-03-05 02:38:46,901 - INFO - P1 (Round 8) - Epoch 2/10 | Loss: 0.3799 | Acc: 0.8444 | Val Loss: 0.3822 | Val Acc: 0.8444 | Time: 10.12s
2025-03-05 02:38:58,134 - INFO - P1 (Round 8) - Epoch 3/10 | Loss: 0.3741 | Acc: 0.8471 | Val Loss: 0.3738 | Val Acc: 0.8478 | Time: 11.23s
2025-03-05 02:39:09,642 - INFO - P1 (Round 8) - Epoch 4/10 | Loss: 0.3708 | Acc: 0.8484 | Val Loss: 0.3762 | Val Acc: 0.8431 | Time: 11.51s
2025-03-05 02:39:19,852 - INFO - P1 (Round 8) - Epoch 5/10 | Loss: 0.3686 | Acc: 0.8492 | Val Loss: 0.3692 | Val Acc: 0.8505 | Time: 10.21s
2025-03-05 02:39:30,139 - INFO - P1 (Round 8) - Epoch 6/10 | Loss: 0.3668 | Acc: 0.8496 | Val Loss: 0.3681 | Val Acc: 0.8474 | Time: 10.29s
2025-03-05 02:39:40,238 - INFO - P1 (Round 8) - Epoch 7/10 | Loss: 0.3653 | Acc: 0.8497 | Val Loss: 0.3664 | Val Acc: 0.8469 | Time: 10.10s
2025-03-05 02:39:51,099 - INFO - P1 (Round 8) - Epoch 8/10 | Loss: 0.3637 | Acc: 0.8500 | Val Loss: 0.3667 | Val Acc: 0.8479 | Time: 10.86s
2025-03-05 02:40:03,572 - INFO - P1 (Round 8) - Epoch 9/10 | Loss: 0.3625 | Acc: 0.8504 | Val Loss: 0.3669 | Val Acc: 0.8495 | Time: 12.47s
2025-03-05 02:40:17,026 - INFO - P1 (Round 8) - Epoch 10/10 | Loss: 0.3616 | Acc: 0.8507 | Val Loss: 0.3688 | Val Acc: 0.8476 | Time: 13.45s
2025-03-05 02:40:27,698 - INFO - P2 (Round 8) - Epoch 1/10 | Loss: 0.1409 | Acc: 0.9595 | Val Loss: 0.1008 | Val Acc: 0.9702 | Time: 10.67s
2025-03-05 02:40:37,927 - INFO - P2 (Round 8) - Epoch 2/10 | Loss: 0.0934 | Acc: 0.9714 | Val Loss: 0.0942 | Val Acc: 0.9710 | Time: 10.23s
2025-03-05 02:40:48,143 - INFO - P2 (Round 8) - Epoch 3/10 | Loss: 0.0840 | Acc: 0.9746 | Val Loss: 0.0834 | Val Acc: 0.9752 | Time: 10.22s
2025-03-05 02:40:58,518 - INFO - P2 (Round 8) - Epoch 4/10 | Loss: 0.0795 | Acc: 0.9762 | Val Loss: 0.0815 | Val Acc: 0.9758 | Time: 10.37s
2025-03-05 02:41:08,683 - INFO - P2 (Round 8) - Epoch 5/10 | Loss: 0.0775 | Acc: 0.9766 | Val Loss: 0.0779 | Val Acc: 0.9772 | Time: 10.16s
2025-03-05 02:41:19,489 - INFO - P2 (Round 8) - Epoch 6/10 | Loss: 0.0761 | Acc: 0.9770 | Val Loss: 0.0769 | Val Acc: 0.9775 | Time: 10.81s
2025-03-05 02:41:31,231 - INFO - P2 (Round 8) - Epoch 7/10 | Loss: 0.0748 | Acc: 0.9773 | Val Loss: 0.0770 | Val Acc: 0.9762 | Time: 11.74s
2025-03-05 02:41:41,346 - INFO - P2 (Round 8) - Epoch 8/10 | Loss: 0.0739 | Acc: 0.9776 | Val Loss: 0.0755 | Val Acc: 0.9771 | Time: 10.11s
2025-03-05 02:41:51,640 - INFO - P2 (Round 8) - Epoch 9/10 | Loss: 0.0730 | Acc: 0.9778 | Val Loss: 0.0761 | Val Acc: 0.9774 | Time: 10.29s
2025-03-05 02:42:02,185 - INFO - P2 (Round 8) - Epoch 10/10 | Loss: 0.0725 | Acc: 0.9779 | Val Loss: 0.0729 | Val Acc: 0.9784 | Time: 10.55s
2025-03-05 02:42:04,538 - INFO - Round 8 completed in 218.01s
2025-03-05 02:42:04,538 - INFO - Global Model - P1 Test: Loss = 6.1548, Accuracy = 0.2694
2025-03-05 02:42:04,538 - INFO - Global Model - P2 Test: Loss = 4.4936, Accuracy = 0.5668
2025-03-05 02:42:14,733 - INFO - P1 (Round 9) - Epoch 1/10 | Loss: 0.4213 | Acc: 0.8315 | Val Loss: 0.3800 | Val Acc: 0.8380 | Time: 10.19s
2025-03-05 02:42:25,120 - INFO - P1 (Round 9) - Epoch 2/10 | Loss: 0.3721 | Acc: 0.8468 | Val Loss: 0.3747 | Val Acc: 0.8447 | Time: 10.39s
2025-03-05 02:42:37,365 - INFO - P1 (Round 9) - Epoch 3/10 | Loss: 0.3677 | Acc: 0.8490 | Val Loss: 0.3687 | Val Acc: 0.8486 | Time: 12.24s
2025-03-05 02:42:47,609 - INFO - P1 (Round 9) - Epoch 4/10 | Loss: 0.3655 | Acc: 0.8500 | Val Loss: 0.3661 | Val Acc: 0.8492 | Time: 10.24s
2025-03-05 02:42:57,628 - INFO - P1 (Round 9) - Epoch 5/10 | Loss: 0.3638 | Acc: 0.8505 | Val Loss: 0.3645 | Val Acc: 0.8487 | Time: 10.02s
2025-03-05 02:43:07,717 - INFO - P1 (Round 9) - Epoch 6/10 | Loss: 0.3622 | Acc: 0.8510 | Val Loss: 0.3631 | Val Acc: 0.8501 | Time: 10.09s
2025-03-05 02:43:17,989 - INFO - P1 (Round 9) - Epoch 7/10 | Loss: 0.3611 | Acc: 0.8513 | Val Loss: 0.3628 | Val Acc: 0.8499 | Time: 10.27s
2025-03-05 02:43:28,273 - INFO - P1 (Round 9) - Epoch 8/10 | Loss: 0.3600 | Acc: 0.8516 | Val Loss: 0.3639 | Val Acc: 0.8504 | Time: 10.28s
2025-03-05 02:43:38,927 - INFO - P1 (Round 9) - Epoch 9/10 | Loss: 0.3591 | Acc: 0.8521 | Val Loss: 0.3627 | Val Acc: 0.8510 | Time: 10.65s
2025-03-05 02:43:51,339 - INFO - P1 (Round 9) - Epoch 10/10 | Loss: 0.3583 | Acc: 0.8522 | Val Loss: 0.3592 | Val Acc: 0.8501 | Time: 12.41s
2025-03-05 02:44:01,438 - INFO - P2 (Round 9) - Epoch 1/10 | Loss: 0.1350 | Acc: 0.9640 | Val Loss: 0.0907 | Val Acc: 0.9740 | Time: 10.10s
2025-03-05 02:44:11,818 - INFO - P2 (Round 9) - Epoch 2/10 | Loss: 0.0846 | Acc: 0.9748 | Val Loss: 0.0844 | Val Acc: 0.9751 | Time: 10.38s
2025-03-05 02:44:22,398 - INFO - P2 (Round 9) - Epoch 3/10 | Loss: 0.0806 | Acc: 0.9757 | Val Loss: 0.0837 | Val Acc: 0.9752 | Time: 10.58s
2025-03-05 02:44:32,491 - INFO - P2 (Round 9) - Epoch 4/10 | Loss: 0.0783 | Acc: 0.9762 | Val Loss: 0.0797 | Val Acc: 0.9762 | Time: 10.09s
2025-03-05 02:44:42,746 - INFO - P2 (Round 9) - Epoch 5/10 | Loss: 0.0768 | Acc: 0.9767 | Val Loss: 0.0770 | Val Acc: 0.9768 | Time: 10.26s
2025-03-05 02:44:53,979 - INFO - P2 (Round 9) - Epoch 6/10 | Loss: 0.0755 | Acc: 0.9770 | Val Loss: 0.0780 | Val Acc: 0.9769 | Time: 11.23s
2025-03-05 02:45:07,373 - INFO - P2 (Round 9) - Epoch 7/10 | Loss: 0.0746 | Acc: 0.9772 | Val Loss: 0.0768 | Val Acc: 0.9760 | Time: 13.39s
2025-03-05 02:45:19,608 - INFO - P2 (Round 9) - Epoch 8/10 | Loss: 0.0739 | Acc: 0.9775 | Val Loss: 0.0756 | Val Acc: 0.9773 | Time: 12.23s
2025-03-05 02:45:31,631 - INFO - P2 (Round 9) - Epoch 9/10 | Loss: 0.0734 | Acc: 0.9777 | Val Loss: 0.0740 | Val Acc: 0.9782 | Time: 12.02s
2025-03-05 02:45:43,580 - INFO - P2 (Round 9) - Epoch 10/10 | Loss: 0.0729 | Acc: 0.9778 | Val Loss: 0.0776 | Val Acc: 0.9770 | Time: 11.95s
2025-03-05 02:45:46,179 - INFO - Round 9 completed in 221.64s
2025-03-05 02:45:46,179 - INFO - Global Model - P1 Test: Loss = 5.6078, Accuracy = 0.2990
2025-03-05 02:45:46,179 - INFO - Global Model - P2 Test: Loss = 5.5191, Accuracy = 0.5348
2025-03-05 02:45:58,309 - INFO - P1 (Round 10) - Epoch 1/10 | Loss: 0.4130 | Acc: 0.8341 | Val Loss: 0.3749 | Val Acc: 0.8444 | Time: 12.13s
2025-03-05 02:46:11,299 - INFO - P1 (Round 10) - Epoch 2/10 | Loss: 0.3692 | Acc: 0.8471 | Val Loss: 0.3677 | Val Acc: 0.8476 | Time: 12.99s
2025-03-05 02:46:23,649 - INFO - P1 (Round 10) - Epoch 3/10 | Loss: 0.3654 | Acc: 0.8481 | Val Loss: 0.3646 | Val Acc: 0.8478 | Time: 12.35s
2025-03-05 02:46:35,726 - INFO - P1 (Round 10) - Epoch 4/10 | Loss: 0.3632 | Acc: 0.8491 | Val Loss: 0.3630 | Val Acc: 0.8500 | Time: 12.08s
2025-03-05 02:46:47,821 - INFO - P1 (Round 10) - Epoch 5/10 | Loss: 0.3618 | Acc: 0.8500 | Val Loss: 0.3620 | Val Acc: 0.8500 | Time: 12.10s
2025-03-05 02:46:59,804 - INFO - P1 (Round 10) - Epoch 6/10 | Loss: 0.3600 | Acc: 0.8510 | Val Loss: 0.3618 | Val Acc: 0.8528 | Time: 11.98s
2025-03-05 02:47:11,933 - INFO - P1 (Round 10) - Epoch 7/10 | Loss: 0.3587 | Acc: 0.8514 | Val Loss: 0.3618 | Val Acc: 0.8498 | Time: 12.13s
2025-03-05 02:47:25,135 - INFO - P1 (Round 10) - Epoch 8/10 | Loss: 0.3574 | Acc: 0.8518 | Val Loss: 0.3597 | Val Acc: 0.8510 | Time: 13.20s
2025-03-05 02:47:37,635 - INFO - P1 (Round 10) - Epoch 9/10 | Loss: 0.3562 | Acc: 0.8524 | Val Loss: 0.3577 | Val Acc: 0.8526 | Time: 12.50s
2025-03-05 02:47:50,255 - INFO - P1 (Round 10) - Epoch 10/10 | Loss: 0.3552 | Acc: 0.8527 | Val Loss: 0.3560 | Val Acc: 0.8540 | Time: 12.62s
2025-03-05 02:48:02,840 - INFO - P2 (Round 10) - Epoch 1/10 | Loss: 0.1439 | Acc: 0.9650 | Val Loss: 0.0901 | Val Acc: 0.9745 | Time: 12.59s
2025-03-05 02:48:14,947 - INFO - P2 (Round 10) - Epoch 2/10 | Loss: 0.0833 | Acc: 0.9752 | Val Loss: 0.0816 | Val Acc: 0.9764 | Time: 12.11s
2025-03-05 02:48:27,314 - INFO - P2 (Round 10) - Epoch 3/10 | Loss: 0.0793 | Acc: 0.9762 | Val Loss: 0.0803 | Val Acc: 0.9765 | Time: 12.37s
2025-03-05 02:48:40,400 - INFO - P2 (Round 10) - Epoch 4/10 | Loss: 0.0771 | Acc: 0.9767 | Val Loss: 0.0783 | Val Acc: 0.9769 | Time: 13.09s
2025-03-05 02:48:52,477 - INFO - P2 (Round 10) - Epoch 5/10 | Loss: 0.0759 | Acc: 0.9771 | Val Loss: 0.0773 | Val Acc: 0.9769 | Time: 12.08s
2025-03-05 02:49:05,135 - INFO - P2 (Round 10) - Epoch 6/10 | Loss: 0.0750 | Acc: 0.9774 | Val Loss: 0.0773 | Val Acc: 0.9765 | Time: 12.66s
2025-03-05 02:49:15,473 - INFO - P2 (Round 10) - Epoch 7/10 | Loss: 0.0744 | Acc: 0.9775 | Val Loss: 0.0746 | Val Acc: 0.9780 | Time: 10.34s
2025-03-05 02:49:26,377 - INFO - P2 (Round 10) - Epoch 8/10 | Loss: 0.0739 | Acc: 0.9776 | Val Loss: 0.0749 | Val Acc: 0.9776 | Time: 10.90s
2025-03-05 02:49:38,997 - INFO - P2 (Round 10) - Epoch 9/10 | Loss: 0.0733 | Acc: 0.9779 | Val Loss: 0.0759 | Val Acc: 0.9768 | Time: 12.62s
2025-03-05 02:49:52,021 - INFO - P2 (Round 10) - Epoch 10/10 | Loss: 0.0729 | Acc: 0.9780 | Val Loss: 0.0755 | Val Acc: 0.9771 | Time: 13.02s
2025-03-05 02:49:54,700 - INFO - Round 10 completed in 248.52s
2025-03-05 02:49:54,700 - INFO - Global Model - P1 Test: Loss = 4.8096, Accuracy = 0.3850
2025-03-05 02:49:54,700 - INFO - Global Model - P2 Test: Loss = 6.2451, Accuracy = 0.5243
2025-03-05 02:49:57,191 - INFO - Final Results after 10 rounds:
2025-03-05 02:49:57,191 - INFO - Global Model - P1 Test: Loss = 4.8096, Accuracy = 0.3850
2025-03-05 02:49:57,191 - INFO - Global Model - P2 Test: Loss = 6.2451, Accuracy = 0.5243
2025-03-05 02:49:57,200 - INFO - Experiment 145 results saved to results/suppression_experiments/exp_145_p1f4_p2f10.json
