2025-03-04 18:50:12,983 - INFO - Starting Suppression Experiment 19
2025-03-04 18:50:12,983 - INFO - P1 Features (13/14): ['protocol', 'bidirectional_min_ps', 'bidirectional_mean_ps', 'bidirectional_stddev_ps', 'bidirectional_max_ps', 'src2dst_stddev_ps', 'src2dst_max_ps', 'dst2src_min_ps', 'dst2src_mean_ps', 'dst2src_stddev_ps', 'dst2src_max_ps', 'bidirectional_stddev_piat_ms', 'bidirectional_max_piat_ms']
2025-03-04 18:50:12,983 - INFO - P2 Features (10/14): ['protocol', 'bidirectional_min_ps', 'bidirectional_mean_ps', 'bidirectional_stddev_ps', 'bidirectional_max_ps', 'src2dst_stddev_ps', 'src2dst_max_ps', 'dst2src_min_ps', 'dst2src_mean_ps', 'dst2src_stddev_ps']
2025-03-04 18:50:25,958 - INFO - P1 (Round 1) - Epoch 1/10 | Loss: 0.3638 | Acc: 0.8680 | Val Loss: 0.2211 | Val Acc: 0.9132 | Time: 12.81s
2025-03-04 18:50:38,054 - INFO - P1 (Round 1) - Epoch 2/10 | Loss: 0.2019 | Acc: 0.9258 | Val Loss: 0.1829 | Val Acc: 0.9360 | Time: 12.10s
2025-03-04 18:50:49,864 - INFO - P1 (Round 1) - Epoch 3/10 | Loss: 0.1698 | Acc: 0.9423 | Val Loss: 0.1516 | Val Acc: 0.9510 | Time: 11.81s
2025-03-04 18:51:01,649 - INFO - P1 (Round 1) - Epoch 4/10 | Loss: 0.1409 | Acc: 0.9561 | Val Loss: 0.1289 | Val Acc: 0.9584 | Time: 11.78s
2025-03-04 18:51:13,517 - INFO - P1 (Round 1) - Epoch 5/10 | Loss: 0.1249 | Acc: 0.9620 | Val Loss: 0.1179 | Val Acc: 0.9652 | Time: 11.87s
2025-03-04 18:51:25,908 - INFO - P1 (Round 1) - Epoch 6/10 | Loss: 0.1155 | Acc: 0.9654 | Val Loss: 0.1103 | Val Acc: 0.9665 | Time: 12.39s
2025-03-04 18:51:38,759 - INFO - P1 (Round 1) - Epoch 7/10 | Loss: 0.1091 | Acc: 0.9673 | Val Loss: 0.1081 | Val Acc: 0.9670 | Time: 12.85s
2025-03-04 18:51:50,647 - INFO - P1 (Round 1) - Epoch 8/10 | Loss: 0.1045 | Acc: 0.9685 | Val Loss: 0.1031 | Val Acc: 0.9682 | Time: 11.89s
2025-03-04 18:52:02,250 - INFO - P1 (Round 1) - Epoch 9/10 | Loss: 0.1008 | Acc: 0.9695 | Val Loss: 0.0989 | Val Acc: 0.9689 | Time: 11.60s
2025-03-04 18:52:14,459 - INFO - P1 (Round 1) - Epoch 10/10 | Loss: 0.0981 | Acc: 0.9702 | Val Loss: 0.0952 | Val Acc: 0.9704 | Time: 12.21s
2025-03-04 18:52:26,078 - INFO - P2 (Round 1) - Epoch 1/10 | Loss: 0.3946 | Acc: 0.8583 | Val Loss: 0.2470 | Val Acc: 0.9109 | Time: 11.62s
2025-03-04 18:52:37,750 - INFO - P2 (Round 1) - Epoch 2/10 | Loss: 0.2285 | Acc: 0.9167 | Val Loss: 0.2147 | Val Acc: 0.9229 | Time: 11.67s
2025-03-04 18:52:50,927 - INFO - P2 (Round 1) - Epoch 3/10 | Loss: 0.2041 | Acc: 0.9266 | Val Loss: 0.1936 | Val Acc: 0.9337 | Time: 13.18s
2025-03-04 18:53:02,721 - INFO - P2 (Round 1) - Epoch 4/10 | Loss: 0.1887 | Acc: 0.9323 | Val Loss: 0.1855 | Val Acc: 0.9316 | Time: 11.79s
2025-03-04 18:53:14,783 - INFO - P2 (Round 1) - Epoch 5/10 | Loss: 0.1806 | Acc: 0.9350 | Val Loss: 0.1774 | Val Acc: 0.9368 | Time: 12.06s
2025-03-04 18:53:26,884 - INFO - P2 (Round 1) - Epoch 6/10 | Loss: 0.1756 | Acc: 0.9367 | Val Loss: 0.1728 | Val Acc: 0.9365 | Time: 12.10s
2025-03-04 18:53:38,486 - INFO - P2 (Round 1) - Epoch 7/10 | Loss: 0.1714 | Acc: 0.9382 | Val Loss: 0.1701 | Val Acc: 0.9383 | Time: 11.60s
2025-03-04 18:53:50,814 - INFO - P2 (Round 1) - Epoch 8/10 | Loss: 0.1680 | Acc: 0.9395 | Val Loss: 0.1675 | Val Acc: 0.9392 | Time: 12.33s
2025-03-04 18:54:03,749 - INFO - P2 (Round 1) - Epoch 9/10 | Loss: 0.1649 | Acc: 0.9406 | Val Loss: 0.1617 | Val Acc: 0.9410 | Time: 12.93s
2025-03-04 18:54:15,276 - INFO - P2 (Round 1) - Epoch 10/10 | Loss: 0.1622 | Acc: 0.9417 | Val Loss: 0.1591 | Val Acc: 0.9434 | Time: 11.53s
2025-03-04 18:54:17,672 - INFO - Round 1 completed in 244.53s
2025-03-04 18:54:17,672 - INFO - Global Model - P1 Test: Loss = 4.1880, Accuracy = 0.6246
2025-03-04 18:54:17,672 - INFO - Global Model - P2 Test: Loss = 3.4999, Accuracy = 0.5981
2025-03-04 18:54:29,660 - INFO - P1 (Round 2) - Epoch 1/10 | Loss: 0.2318 | Acc: 0.9277 | Val Loss: 0.1484 | Val Acc: 0.9540 | Time: 11.99s
2025-03-04 18:54:41,396 - INFO - P1 (Round 2) - Epoch 2/10 | Loss: 0.1323 | Acc: 0.9592 | Val Loss: 0.1192 | Val Acc: 0.9634 | Time: 11.74s
2025-03-04 18:54:53,538 - INFO - P1 (Round 2) - Epoch 3/10 | Loss: 0.1136 | Acc: 0.9650 | Val Loss: 0.1084 | Val Acc: 0.9661 | Time: 12.14s
2025-03-04 18:55:05,835 - INFO - P1 (Round 2) - Epoch 4/10 | Loss: 0.1058 | Acc: 0.9671 | Val Loss: 0.1042 | Val Acc: 0.9673 | Time: 12.30s
2025-03-04 18:55:18,381 - INFO - P1 (Round 2) - Epoch 5/10 | Loss: 0.1003 | Acc: 0.9688 | Val Loss: 0.0965 | Val Acc: 0.9705 | Time: 12.55s
2025-03-04 18:55:30,272 - INFO - P1 (Round 2) - Epoch 6/10 | Loss: 0.0961 | Acc: 0.9699 | Val Loss: 0.0960 | Val Acc: 0.9708 | Time: 11.89s
2025-03-04 18:55:42,090 - INFO - P1 (Round 2) - Epoch 7/10 | Loss: 0.0932 | Acc: 0.9708 | Val Loss: 0.0916 | Val Acc: 0.9721 | Time: 11.82s
2025-03-04 18:55:54,013 - INFO - P1 (Round 2) - Epoch 8/10 | Loss: 0.0909 | Acc: 0.9715 | Val Loss: 0.0900 | Val Acc: 0.9719 | Time: 11.92s
2025-03-04 18:56:06,030 - INFO - P1 (Round 2) - Epoch 9/10 | Loss: 0.0887 | Acc: 0.9723 | Val Loss: 0.0879 | Val Acc: 0.9730 | Time: 12.02s
2025-03-04 18:56:18,590 - INFO - P1 (Round 2) - Epoch 10/10 | Loss: 0.0875 | Acc: 0.9727 | Val Loss: 0.0871 | Val Acc: 0.9736 | Time: 12.56s
2025-03-04 18:56:31,010 - INFO - P2 (Round 2) - Epoch 1/10 | Loss: 0.2684 | Acc: 0.9119 | Val Loss: 0.1976 | Val Acc: 0.9336 | Time: 12.42s
2025-03-04 18:56:42,569 - INFO - P2 (Round 2) - Epoch 2/10 | Loss: 0.1854 | Acc: 0.9366 | Val Loss: 0.1763 | Val Acc: 0.9412 | Time: 11.56s
2025-03-04 18:56:54,146 - INFO - P2 (Round 2) - Epoch 3/10 | Loss: 0.1687 | Acc: 0.9428 | Val Loss: 0.1598 | Val Acc: 0.9458 | Time: 11.58s
2025-03-04 18:57:05,836 - INFO - P2 (Round 2) - Epoch 4/10 | Loss: 0.1458 | Acc: 0.9531 | Val Loss: 0.1311 | Val Acc: 0.9589 | Time: 11.69s
2025-03-04 18:57:17,850 - INFO - P2 (Round 2) - Epoch 5/10 | Loss: 0.1209 | Acc: 0.9616 | Val Loss: 0.1138 | Val Acc: 0.9635 | Time: 12.01s
2025-03-04 18:57:30,840 - INFO - P2 (Round 2) - Epoch 6/10 | Loss: 0.1093 | Acc: 0.9655 | Val Loss: 0.1061 | Val Acc: 0.9681 | Time: 12.99s
2025-03-04 18:57:42,858 - INFO - P2 (Round 2) - Epoch 7/10 | Loss: 0.1015 | Acc: 0.9687 | Val Loss: 0.1004 | Val Acc: 0.9685 | Time: 12.02s
2025-03-04 18:57:54,658 - INFO - P2 (Round 2) - Epoch 8/10 | Loss: 0.0967 | Acc: 0.9700 | Val Loss: 0.0960 | Val Acc: 0.9711 | Time: 11.80s
2025-03-04 18:58:06,474 - INFO - P2 (Round 2) - Epoch 9/10 | Loss: 0.0935 | Acc: 0.9709 | Val Loss: 0.0925 | Val Acc: 0.9714 | Time: 11.82s
2025-03-04 18:58:18,156 - INFO - P2 (Round 2) - Epoch 10/10 | Loss: 0.0907 | Acc: 0.9718 | Val Loss: 0.0881 | Val Acc: 0.9721 | Time: 11.68s
2025-03-04 18:58:20,706 - INFO - Round 2 completed in 243.03s
2025-03-04 18:58:20,706 - INFO - Global Model - P1 Test: Loss = 1.0367, Accuracy = 0.8284
2025-03-04 18:58:20,706 - INFO - Global Model - P2 Test: Loss = 0.7787, Accuracy = 0.7625
2025-03-04 18:58:32,374 - INFO - P1 (Round 3) - Epoch 1/10 | Loss: 0.1101 | Acc: 0.9656 | Val Loss: 0.0933 | Val Acc: 0.9722 | Time: 11.67s
2025-03-04 18:58:45,475 - INFO - P1 (Round 3) - Epoch 2/10 | Loss: 0.0872 | Acc: 0.9734 | Val Loss: 0.0851 | Val Acc: 0.9746 | Time: 13.10s
2025-03-04 18:58:57,516 - INFO - P1 (Round 3) - Epoch 3/10 | Loss: 0.0819 | Acc: 0.9749 | Val Loss: 0.0791 | Val Acc: 0.9756 | Time: 12.04s
2025-03-04 18:59:09,266 - INFO - P1 (Round 3) - Epoch 4/10 | Loss: 0.0784 | Acc: 0.9759 | Val Loss: 0.0770 | Val Acc: 0.9776 | Time: 11.75s
2025-03-04 18:59:21,028 - INFO - P1 (Round 3) - Epoch 5/10 | Loss: 0.0762 | Acc: 0.9765 | Val Loss: 0.0775 | Val Acc: 0.9765 | Time: 11.76s
2025-03-04 18:59:32,648 - INFO - P1 (Round 3) - Epoch 6/10 | Loss: 0.0746 | Acc: 0.9770 | Val Loss: 0.0734 | Val Acc: 0.9778 | Time: 11.62s
2025-03-04 18:59:44,440 - INFO - P1 (Round 3) - Epoch 7/10 | Loss: 0.0734 | Acc: 0.9774 | Val Loss: 0.0721 | Val Acc: 0.9778 | Time: 11.79s
2025-03-04 18:59:57,611 - INFO - P1 (Round 3) - Epoch 8/10 | Loss: 0.0725 | Acc: 0.9776 | Val Loss: 0.0708 | Val Acc: 0.9786 | Time: 13.17s
2025-03-04 19:00:09,477 - INFO - P1 (Round 3) - Epoch 9/10 | Loss: 0.0718 | Acc: 0.9778 | Val Loss: 0.0712 | Val Acc: 0.9785 | Time: 11.87s
2025-03-04 19:00:21,522 - INFO - P1 (Round 3) - Epoch 10/10 | Loss: 0.0710 | Acc: 0.9780 | Val Loss: 0.0702 | Val Acc: 0.9786 | Time: 12.05s
2025-03-04 19:00:33,349 - INFO - P2 (Round 3) - Epoch 1/10 | Loss: 0.1221 | Acc: 0.9632 | Val Loss: 0.1034 | Val Acc: 0.9691 | Time: 11.83s
2025-03-04 19:00:45,167 - INFO - P2 (Round 3) - Epoch 2/10 | Loss: 0.0983 | Acc: 0.9704 | Val Loss: 0.0951 | Val Acc: 0.9703 | Time: 11.82s
2025-03-04 19:00:55,933 - INFO - P2 (Round 3) - Epoch 3/10 | Loss: 0.0904 | Acc: 0.9723 | Val Loss: 0.0856 | Val Acc: 0.9741 | Time: 10.77s
2025-03-04 19:01:08,439 - INFO - P2 (Round 3) - Epoch 4/10 | Loss: 0.0854 | Acc: 0.9734 | Val Loss: 0.0829 | Val Acc: 0.9737 | Time: 12.51s
2025-03-04 19:01:20,235 - INFO - P2 (Round 3) - Epoch 5/10 | Loss: 0.0828 | Acc: 0.9741 | Val Loss: 0.0802 | Val Acc: 0.9748 | Time: 11.80s
2025-03-04 19:01:32,046 - INFO - P2 (Round 3) - Epoch 6/10 | Loss: 0.0810 | Acc: 0.9746 | Val Loss: 0.0812 | Val Acc: 0.9746 | Time: 11.81s
2025-03-04 19:01:43,720 - INFO - P2 (Round 3) - Epoch 7/10 | Loss: 0.0795 | Acc: 0.9749 | Val Loss: 0.0807 | Val Acc: 0.9752 | Time: 11.67s
2025-03-04 19:01:55,460 - INFO - P2 (Round 3) - Epoch 8/10 | Loss: 0.0786 | Acc: 0.9753 | Val Loss: 0.0784 | Val Acc: 0.9755 | Time: 11.74s
2025-03-04 19:02:07,348 - INFO - P2 (Round 3) - Epoch 9/10 | Loss: 0.0778 | Acc: 0.9755 | Val Loss: 0.0777 | Val Acc: 0.9749 | Time: 11.89s
2025-03-04 19:02:20,196 - INFO - P2 (Round 3) - Epoch 10/10 | Loss: 0.0771 | Acc: 0.9757 | Val Loss: 0.0760 | Val Acc: 0.9763 | Time: 12.85s
2025-03-04 19:02:22,603 - INFO - Round 3 completed in 241.90s
2025-03-04 19:02:22,603 - INFO - Global Model - P1 Test: Loss = 1.2723, Accuracy = 0.8178
2025-03-04 19:02:22,603 - INFO - Global Model - P2 Test: Loss = 0.4873, Accuracy = 0.8584
2025-03-04 19:02:34,194 - INFO - P1 (Round 4) - Epoch 1/10 | Loss: 0.0841 | Acc: 0.9746 | Val Loss: 0.0810 | Val Acc: 0.9760 | Time: 11.59s
2025-03-04 19:02:45,765 - INFO - P1 (Round 4) - Epoch 2/10 | Loss: 0.0735 | Acc: 0.9773 | Val Loss: 0.0734 | Val Acc: 0.9775 | Time: 11.57s
2025-03-04 19:02:57,423 - INFO - P1 (Round 4) - Epoch 3/10 | Loss: 0.0719 | Acc: 0.9777 | Val Loss: 0.0723 | Val Acc: 0.9783 | Time: 11.66s
2025-03-04 19:03:09,113 - INFO - P1 (Round 4) - Epoch 4/10 | Loss: 0.0709 | Acc: 0.9781 | Val Loss: 0.0721 | Val Acc: 0.9779 | Time: 11.69s
2025-03-04 19:03:21,273 - INFO - P1 (Round 4) - Epoch 5/10 | Loss: 0.0704 | Acc: 0.9783 | Val Loss: 0.0716 | Val Acc: 0.9784 | Time: 12.16s
2025-03-04 19:03:33,852 - INFO - P1 (Round 4) - Epoch 6/10 | Loss: 0.0697 | Acc: 0.9785 | Val Loss: 0.0695 | Val Acc: 0.9798 | Time: 12.58s
2025-03-04 19:03:45,904 - INFO - P1 (Round 4) - Epoch 7/10 | Loss: 0.0689 | Acc: 0.9787 | Val Loss: 0.0725 | Val Acc: 0.9760 | Time: 12.05s
2025-03-04 19:03:57,918 - INFO - P1 (Round 4) - Epoch 8/10 | Loss: 0.0683 | Acc: 0.9790 | Val Loss: 0.0702 | Val Acc: 0.9788 | Time: 12.01s
2025-03-04 19:04:09,693 - INFO - P1 (Round 4) - Epoch 9/10 | Loss: 0.0678 | Acc: 0.9792 | Val Loss: 0.0717 | Val Acc: 0.9786 | Time: 11.78s
2025-03-04 19:04:21,397 - INFO - P1 (Round 4) - Epoch 10/10 | Loss: 0.0674 | Acc: 0.9792 | Val Loss: 0.0678 | Val Acc: 0.9800 | Time: 11.70s
2025-03-04 19:04:33,411 - INFO - P2 (Round 4) - Epoch 1/10 | Loss: 0.1054 | Acc: 0.9657 | Val Loss: 0.0928 | Val Acc: 0.9696 | Time: 12.01s
2025-03-04 19:04:46,149 - INFO - P2 (Round 4) - Epoch 2/10 | Loss: 0.0917 | Acc: 0.9699 | Val Loss: 0.0898 | Val Acc: 0.9706 | Time: 12.74s
2025-03-04 19:04:57,945 - INFO - P2 (Round 4) - Epoch 3/10 | Loss: 0.0893 | Acc: 0.9707 | Val Loss: 0.0914 | Val Acc: 0.9687 | Time: 11.80s
2025-03-04 19:05:09,948 - INFO - P2 (Round 4) - Epoch 4/10 | Loss: 0.0874 | Acc: 0.9711 | Val Loss: 0.0872 | Val Acc: 0.9717 | Time: 12.00s
2025-03-04 19:05:21,675 - INFO - P2 (Round 4) - Epoch 5/10 | Loss: 0.0860 | Acc: 0.9717 | Val Loss: 0.0890 | Val Acc: 0.9706 | Time: 11.73s
2025-03-04 19:05:33,475 - INFO - P2 (Round 4) - Epoch 6/10 | Loss: 0.0847 | Acc: 0.9722 | Val Loss: 0.0862 | Val Acc: 0.9722 | Time: 11.80s
2025-03-04 19:05:46,458 - INFO - P2 (Round 4) - Epoch 7/10 | Loss: 0.0833 | Acc: 0.9727 | Val Loss: 0.0851 | Val Acc: 0.9730 | Time: 12.98s
2025-03-04 19:05:59,269 - INFO - P2 (Round 4) - Epoch 8/10 | Loss: 0.0817 | Acc: 0.9732 | Val Loss: 0.0813 | Val Acc: 0.9736 | Time: 12.81s
2025-03-04 19:06:11,319 - INFO - P2 (Round 4) - Epoch 9/10 | Loss: 0.0799 | Acc: 0.9739 | Val Loss: 0.0821 | Val Acc: 0.9737 | Time: 12.05s
2025-03-04 19:06:24,353 - INFO - P2 (Round 4) - Epoch 10/10 | Loss: 0.0782 | Acc: 0.9747 | Val Loss: 0.0779 | Val Acc: 0.9753 | Time: 13.03s
2025-03-04 19:06:26,859 - INFO - Round 4 completed in 244.26s
2025-03-04 19:06:26,859 - INFO - Global Model - P1 Test: Loss = 1.4972, Accuracy = 0.8234
2025-03-04 19:06:26,859 - INFO - Global Model - P2 Test: Loss = 0.4582, Accuracy = 0.8720
2025-03-04 19:06:38,458 - INFO - P1 (Round 5) - Epoch 1/10 | Loss: 0.0860 | Acc: 0.9735 | Val Loss: 0.0747 | Val Acc: 0.9764 | Time: 11.60s
2025-03-04 19:06:50,111 - INFO - P1 (Round 5) - Epoch 2/10 | Loss: 0.0748 | Acc: 0.9763 | Val Loss: 0.0705 | Val Acc: 0.9783 | Time: 11.65s
2025-03-04 19:07:02,890 - INFO - P1 (Round 5) - Epoch 3/10 | Loss: 0.0698 | Acc: 0.9785 | Val Loss: 0.0668 | Val Acc: 0.9794 | Time: 12.78s
2025-03-04 19:07:14,994 - INFO - P1 (Round 5) - Epoch 4/10 | Loss: 0.0683 | Acc: 0.9790 | Val Loss: 0.0667 | Val Acc: 0.9797 | Time: 12.10s
2025-03-04 19:07:26,734 - INFO - P1 (Round 5) - Epoch 5/10 | Loss: 0.0676 | Acc: 0.9792 | Val Loss: 0.0668 | Val Acc: 0.9794 | Time: 11.74s
2025-03-04 19:07:38,638 - INFO - P1 (Round 5) - Epoch 6/10 | Loss: 0.0670 | Acc: 0.9793 | Val Loss: 0.0663 | Val Acc: 0.9800 | Time: 11.90s
2025-03-04 19:07:50,282 - INFO - P1 (Round 5) - Epoch 7/10 | Loss: 0.0663 | Acc: 0.9795 | Val Loss: 0.0655 | Val Acc: 0.9802 | Time: 11.64s
2025-03-04 19:08:02,080 - INFO - P1 (Round 5) - Epoch 8/10 | Loss: 0.0660 | Acc: 0.9796 | Val Loss: 0.0648 | Val Acc: 0.9801 | Time: 11.80s
2025-03-04 19:08:14,991 - INFO - P1 (Round 5) - Epoch 9/10 | Loss: 0.0654 | Acc: 0.9798 | Val Loss: 0.0657 | Val Acc: 0.9802 | Time: 12.91s
2025-03-04 19:08:26,950 - INFO - P1 (Round 5) - Epoch 10/10 | Loss: 0.0651 | Acc: 0.9799 | Val Loss: 0.0657 | Val Acc: 0.9803 | Time: 11.96s
2025-03-04 19:08:38,357 - INFO - P2 (Round 5) - Epoch 1/10 | Loss: 0.0925 | Acc: 0.9697 | Val Loss: 0.0856 | Val Acc: 0.9716 | Time: 11.41s
2025-03-04 19:08:50,052 - INFO - P2 (Round 5) - Epoch 2/10 | Loss: 0.0848 | Acc: 0.9722 | Val Loss: 0.0840 | Val Acc: 0.9723 | Time: 11.69s
2025-03-04 19:09:01,766 - INFO - P2 (Round 5) - Epoch 3/10 | Loss: 0.0835 | Acc: 0.9726 | Val Loss: 0.0858 | Val Acc: 0.9718 | Time: 11.71s
2025-03-04 19:09:13,325 - INFO - P2 (Round 5) - Epoch 4/10 | Loss: 0.0825 | Acc: 0.9729 | Val Loss: 0.0837 | Val Acc: 0.9728 | Time: 11.56s
2025-03-04 19:09:26,316 - INFO - P2 (Round 5) - Epoch 5/10 | Loss: 0.0817 | Acc: 0.9732 | Val Loss: 0.0843 | Val Acc: 0.9725 | Time: 12.99s
2025-03-04 19:09:38,567 - INFO - P2 (Round 5) - Epoch 6/10 | Loss: 0.0816 | Acc: 0.9734 | Val Loss: 0.0809 | Val Acc: 0.9737 | Time: 12.25s
2025-03-04 19:09:50,259 - INFO - P2 (Round 5) - Epoch 7/10 | Loss: 0.0807 | Acc: 0.9735 | Val Loss: 0.0829 | Val Acc: 0.9729 | Time: 11.69s
2025-03-04 19:10:02,153 - INFO - P2 (Round 5) - Epoch 8/10 | Loss: 0.0802 | Acc: 0.9738 | Val Loss: 0.0807 | Val Acc: 0.9739 | Time: 11.89s
2025-03-04 19:10:14,177 - INFO - P2 (Round 5) - Epoch 9/10 | Loss: 0.0797 | Acc: 0.9739 | Val Loss: 0.0846 | Val Acc: 0.9714 | Time: 12.02s
2025-03-04 19:10:26,001 - INFO - P2 (Round 5) - Epoch 10/10 | Loss: 0.0794 | Acc: 0.9741 | Val Loss: 0.0810 | Val Acc: 0.9737 | Time: 11.82s
2025-03-04 19:10:28,723 - INFO - Round 5 completed in 241.86s
2025-03-04 19:10:28,723 - INFO - Global Model - P1 Test: Loss = 1.3665, Accuracy = 0.8327
2025-03-04 19:10:28,723 - INFO - Global Model - P2 Test: Loss = 0.4853, Accuracy = 0.8613
2025-03-04 19:10:41,740 - INFO - P1 (Round 6) - Epoch 1/10 | Loss: 0.0824 | Acc: 0.9741 | Val Loss: 0.0727 | Val Acc: 0.9760 | Time: 13.02s
2025-03-04 19:10:53,549 - INFO - P1 (Round 6) - Epoch 2/10 | Loss: 0.0725 | Acc: 0.9770 | Val Loss: 0.0696 | Val Acc: 0.9781 | Time: 11.81s
2025-03-04 19:11:05,143 - INFO - P1 (Round 6) - Epoch 3/10 | Loss: 0.0705 | Acc: 0.9778 | Val Loss: 0.0705 | Val Acc: 0.9778 | Time: 11.59s
2025-03-04 19:11:16,818 - INFO - P1 (Round 6) - Epoch 4/10 | Loss: 0.0695 | Acc: 0.9782 | Val Loss: 0.0710 | Val Acc: 0.9780 | Time: 11.67s
2025-03-04 19:11:28,410 - INFO - P1 (Round 6) - Epoch 5/10 | Loss: 0.0682 | Acc: 0.9788 | Val Loss: 0.0668 | Val Acc: 0.9797 | Time: 11.59s
2025-03-04 19:11:40,673 - INFO - P1 (Round 6) - Epoch 6/10 | Loss: 0.0669 | Acc: 0.9793 | Val Loss: 0.0672 | Val Acc: 0.9795 | Time: 12.26s
2025-03-04 19:11:53,573 - INFO - P1 (Round 6) - Epoch 7/10 | Loss: 0.0655 | Acc: 0.9798 | Val Loss: 0.0651 | Val Acc: 0.9802 | Time: 12.90s
2025-03-04 19:12:05,360 - INFO - P1 (Round 6) - Epoch 8/10 | Loss: 0.0640 | Acc: 0.9803 | Val Loss: 0.0648 | Val Acc: 0.9803 | Time: 11.79s
2025-03-04 19:12:16,918 - INFO - P1 (Round 6) - Epoch 9/10 | Loss: 0.0631 | Acc: 0.9806 | Val Loss: 0.0638 | Val Acc: 0.9808 | Time: 11.56s
2025-03-04 19:12:28,581 - INFO - P1 (Round 6) - Epoch 10/10 | Loss: 0.0626 | Acc: 0.9806 | Val Loss: 0.0639 | Val Acc: 0.9809 | Time: 11.66s
2025-03-04 19:12:40,350 - INFO - P2 (Round 6) - Epoch 1/10 | Loss: 0.0868 | Acc: 0.9717 | Val Loss: 0.0817 | Val Acc: 0.9740 | Time: 11.77s
2025-03-04 19:12:52,608 - INFO - P2 (Round 6) - Epoch 2/10 | Loss: 0.0810 | Acc: 0.9737 | Val Loss: 0.0815 | Val Acc: 0.9738 | Time: 12.26s
2025-03-04 19:13:05,489 - INFO - P2 (Round 6) - Epoch 3/10 | Loss: 0.0799 | Acc: 0.9742 | Val Loss: 0.0801 | Val Acc: 0.9737 | Time: 12.88s
2025-03-04 19:13:17,728 - INFO - P2 (Round 6) - Epoch 4/10 | Loss: 0.0790 | Acc: 0.9745 | Val Loss: 0.0806 | Val Acc: 0.9746 | Time: 12.24s
2025-03-04 19:13:29,320 - INFO - P2 (Round 6) - Epoch 5/10 | Loss: 0.0784 | Acc: 0.9749 | Val Loss: 0.0795 | Val Acc: 0.9746 | Time: 11.59s
2025-03-04 19:13:40,963 - INFO - P2 (Round 6) - Epoch 6/10 | Loss: 0.0780 | Acc: 0.9749 | Val Loss: 0.0789 | Val Acc: 0.9756 | Time: 11.64s
2025-03-04 19:13:52,756 - INFO - P2 (Round 6) - Epoch 7/10 | Loss: 0.0774 | Acc: 0.9753 | Val Loss: 0.0776 | Val Acc: 0.9754 | Time: 11.79s
2025-03-04 19:14:05,176 - INFO - P2 (Round 6) - Epoch 8/10 | Loss: 0.0769 | Acc: 0.9754 | Val Loss: 0.0772 | Val Acc: 0.9756 | Time: 12.42s
2025-03-04 19:14:17,578 - INFO - P2 (Round 6) - Epoch 9/10 | Loss: 0.0769 | Acc: 0.9756 | Val Loss: 0.0781 | Val Acc: 0.9757 | Time: 12.40s
2025-03-04 19:14:29,354 - INFO - P2 (Round 6) - Epoch 10/10 | Loss: 0.0763 | Acc: 0.9757 | Val Loss: 0.0788 | Val Acc: 0.9746 | Time: 11.78s
2025-03-04 19:14:31,749 - INFO - Round 6 completed in 243.03s
2025-03-04 19:14:31,749 - INFO - Global Model - P1 Test: Loss = 1.3684, Accuracy = 0.8365
2025-03-04 19:14:31,749 - INFO - Global Model - P2 Test: Loss = 0.4640, Accuracy = 0.8668
2025-03-04 19:14:43,299 - INFO - P1 (Round 7) - Epoch 1/10 | Loss: 0.0792 | Acc: 0.9750 | Val Loss: 0.0712 | Val Acc: 0.9771 | Time: 11.55s
2025-03-04 19:14:55,273 - INFO - P1 (Round 7) - Epoch 2/10 | Loss: 0.0716 | Acc: 0.9772 | Val Loss: 0.0725 | Val Acc: 0.9747 | Time: 11.97s
2025-03-04 19:15:06,672 - INFO - P1 (Round 7) - Epoch 3/10 | Loss: 0.0696 | Acc: 0.9780 | Val Loss: 0.0672 | Val Acc: 0.9788 | Time: 11.40s
2025-03-04 19:15:19,078 - INFO - P1 (Round 7) - Epoch 4/10 | Loss: 0.0663 | Acc: 0.9794 | Val Loss: 0.0640 | Val Acc: 0.9803 | Time: 12.41s
2025-03-04 19:15:31,367 - INFO - P1 (Round 7) - Epoch 5/10 | Loss: 0.0653 | Acc: 0.9801 | Val Loss: 0.0635 | Val Acc: 0.9806 | Time: 12.29s
2025-03-04 19:15:43,060 - INFO - P1 (Round 7) - Epoch 6/10 | Loss: 0.0643 | Acc: 0.9803 | Val Loss: 0.0634 | Val Acc: 0.9812 | Time: 11.69s
2025-03-04 19:15:55,425 - INFO - P1 (Round 7) - Epoch 7/10 | Loss: 0.0638 | Acc: 0.9805 | Val Loss: 0.0649 | Val Acc: 0.9803 | Time: 12.36s
2025-03-04 19:16:07,110 - INFO - P1 (Round 7) - Epoch 8/10 | Loss: 0.0630 | Acc: 0.9808 | Val Loss: 0.0635 | Val Acc: 0.9811 | Time: 11.69s
2025-03-04 19:16:18,777 - INFO - P1 (Round 7) - Epoch 9/10 | Loss: 0.0619 | Acc: 0.9812 | Val Loss: 0.0605 | Val Acc: 0.9817 | Time: 11.67s
2025-03-04 19:16:31,383 - INFO - P1 (Round 7) - Epoch 10/10 | Loss: 0.0609 | Acc: 0.9814 | Val Loss: 0.0587 | Val Acc: 0.9823 | Time: 12.61s
2025-03-04 19:16:43,370 - INFO - P2 (Round 7) - Epoch 1/10 | Loss: 0.0830 | Acc: 0.9733 | Val Loss: 0.0783 | Val Acc: 0.9750 | Time: 11.99s
2025-03-04 19:16:55,115 - INFO - P2 (Round 7) - Epoch 2/10 | Loss: 0.0780 | Acc: 0.9749 | Val Loss: 0.0799 | Val Acc: 0.9753 | Time: 11.74s
2025-03-04 19:17:07,340 - INFO - P2 (Round 7) - Epoch 3/10 | Loss: 0.0772 | Acc: 0.9753 | Val Loss: 0.0782 | Val Acc: 0.9749 | Time: 12.22s
2025-03-04 19:17:18,948 - INFO - P2 (Round 7) - Epoch 4/10 | Loss: 0.0767 | Acc: 0.9756 | Val Loss: 0.0770 | Val Acc: 0.9759 | Time: 11.61s
2025-03-04 19:17:30,808 - INFO - P2 (Round 7) - Epoch 5/10 | Loss: 0.0761 | Acc: 0.9757 | Val Loss: 0.0766 | Val Acc: 0.9763 | Time: 11.86s
2025-03-04 19:17:43,612 - INFO - P2 (Round 7) - Epoch 6/10 | Loss: 0.0757 | Acc: 0.9759 | Val Loss: 0.0779 | Val Acc: 0.9754 | Time: 12.80s
2025-03-04 19:17:55,776 - INFO - P2 (Round 7) - Epoch 7/10 | Loss: 0.0753 | Acc: 0.9761 | Val Loss: 0.0754 | Val Acc: 0.9766 | Time: 12.16s
2025-03-04 19:18:07,510 - INFO - P2 (Round 7) - Epoch 8/10 | Loss: 0.0750 | Acc: 0.9762 | Val Loss: 0.0756 | Val Acc: 0.9764 | Time: 11.73s
2025-03-04 19:18:19,150 - INFO - P2 (Round 7) - Epoch 9/10 | Loss: 0.0747 | Acc: 0.9762 | Val Loss: 0.0765 | Val Acc: 0.9754 | Time: 11.64s
2025-03-04 19:18:30,779 - INFO - P2 (Round 7) - Epoch 10/10 | Loss: 0.0745 | Acc: 0.9764 | Val Loss: 0.0766 | Val Acc: 0.9762 | Time: 11.63s
2025-03-04 19:18:33,428 - INFO - Round 7 completed in 241.68s
2025-03-04 19:18:33,428 - INFO - Global Model - P1 Test: Loss = 1.1169, Accuracy = 0.8444
2025-03-04 19:18:33,428 - INFO - Global Model - P2 Test: Loss = 0.4683, Accuracy = 0.8637
2025-03-04 19:18:45,367 - INFO - P1 (Round 8) - Epoch 1/10 | Loss: 0.0729 | Acc: 0.9772 | Val Loss: 0.0647 | Val Acc: 0.9800 | Time: 11.94s
2025-03-04 19:18:58,673 - INFO - P1 (Round 8) - Epoch 2/10 | Loss: 0.0658 | Acc: 0.9797 | Val Loss: 0.0636 | Val Acc: 0.9808 | Time: 13.31s
2025-03-04 19:19:10,576 - INFO - P1 (Round 8) - Epoch 3/10 | Loss: 0.0644 | Acc: 0.9803 | Val Loss: 0.0643 | Val Acc: 0.9809 | Time: 11.90s
2025-03-04 19:19:22,638 - INFO - P1 (Round 8) - Epoch 4/10 | Loss: 0.0635 | Acc: 0.9806 | Val Loss: 0.0621 | Val Acc: 0.9815 | Time: 12.06s
2025-03-04 19:19:34,210 - INFO - P1 (Round 8) - Epoch 5/10 | Loss: 0.0629 | Acc: 0.9809 | Val Loss: 0.0624 | Val Acc: 0.9810 | Time: 11.57s
2025-03-04 19:19:45,625 - INFO - P1 (Round 8) - Epoch 6/10 | Loss: 0.0622 | Acc: 0.9809 | Val Loss: 0.0619 | Val Acc: 0.9808 | Time: 11.41s
2025-03-04 19:19:57,564 - INFO - P1 (Round 8) - Epoch 7/10 | Loss: 0.0618 | Acc: 0.9811 | Val Loss: 0.0609 | Val Acc: 0.9812 | Time: 11.94s
2025-03-04 19:20:10,579 - INFO - P1 (Round 8) - Epoch 8/10 | Loss: 0.0609 | Acc: 0.9813 | Val Loss: 0.0615 | Val Acc: 0.9817 | Time: 13.01s
2025-03-04 19:20:22,263 - INFO - P1 (Round 8) - Epoch 9/10 | Loss: 0.0601 | Acc: 0.9816 | Val Loss: 0.0588 | Val Acc: 0.9823 | Time: 11.68s
2025-03-04 19:20:33,970 - INFO - P1 (Round 8) - Epoch 10/10 | Loss: 0.0595 | Acc: 0.9819 | Val Loss: 0.0629 | Val Acc: 0.9796 | Time: 11.71s
2025-03-04 19:20:45,610 - INFO - P2 (Round 8) - Epoch 1/10 | Loss: 0.0810 | Acc: 0.9742 | Val Loss: 0.0774 | Val Acc: 0.9755 | Time: 11.64s
2025-03-04 19:20:57,408 - INFO - P2 (Round 8) - Epoch 2/10 | Loss: 0.0765 | Acc: 0.9757 | Val Loss: 0.0781 | Val Acc: 0.9752 | Time: 11.80s
2025-03-04 19:21:09,528 - INFO - P2 (Round 8) - Epoch 3/10 | Loss: 0.0756 | Acc: 0.9759 | Val Loss: 0.0754 | Val Acc: 0.9763 | Time: 12.12s
2025-03-04 19:21:22,451 - INFO - P2 (Round 8) - Epoch 4/10 | Loss: 0.0751 | Acc: 0.9762 | Val Loss: 0.0788 | Val Acc: 0.9744 | Time: 12.92s
2025-03-04 19:21:34,011 - INFO - P2 (Round 8) - Epoch 5/10 | Loss: 0.0746 | Acc: 0.9764 | Val Loss: 0.0770 | Val Acc: 0.9747 | Time: 11.56s
2025-03-04 19:21:45,960 - INFO - P2 (Round 8) - Epoch 6/10 | Loss: 0.0743 | Acc: 0.9764 | Val Loss: 0.0761 | Val Acc: 0.9751 | Time: 11.95s
2025-03-04 19:21:56,151 - INFO - P2 (Round 8) - Epoch 7/10 | Loss: 0.0740 | Acc: 0.9765 | Val Loss: 0.0741 | Val Acc: 0.9772 | Time: 10.19s
2025-03-04 19:22:06,128 - INFO - P2 (Round 8) - Epoch 8/10 | Loss: 0.0738 | Acc: 0.9767 | Val Loss: 0.0746 | Val Acc: 0.9766 | Time: 9.98s
2025-03-04 19:22:16,126 - INFO - P2 (Round 8) - Epoch 9/10 | Loss: 0.0735 | Acc: 0.9768 | Val Loss: 0.0741 | Val Acc: 0.9771 | Time: 10.00s
2025-03-04 19:22:28,300 - INFO - P2 (Round 8) - Epoch 10/10 | Loss: 0.0731 | Acc: 0.9768 | Val Loss: 0.0739 | Val Acc: 0.9769 | Time: 12.17s
2025-03-04 19:22:30,738 - INFO - Round 8 completed in 237.31s
2025-03-04 19:22:30,738 - INFO - Global Model - P1 Test: Loss = 0.7117, Accuracy = 0.8532
2025-03-04 19:22:30,738 - INFO - Global Model - P2 Test: Loss = 0.4634, Accuracy = 0.8677
2025-03-04 19:22:40,646 - INFO - P1 (Round 9) - Epoch 1/10 | Loss: 0.0713 | Acc: 0.9773 | Val Loss: 0.0636 | Val Acc: 0.9808 | Time: 9.91s
2025-03-04 19:22:50,648 - INFO - P1 (Round 9) - Epoch 2/10 | Loss: 0.0641 | Acc: 0.9803 | Val Loss: 0.0633 | Val Acc: 0.9808 | Time: 10.00s
2025-03-04 19:23:00,933 - INFO - P1 (Round 9) - Epoch 3/10 | Loss: 0.0628 | Acc: 0.9808 | Val Loss: 0.0639 | Val Acc: 0.9806 | Time: 10.28s
2025-03-04 19:23:10,935 - INFO - P1 (Round 9) - Epoch 4/10 | Loss: 0.0622 | Acc: 0.9810 | Val Loss: 0.0597 | Val Acc: 0.9825 | Time: 10.00s
2025-03-04 19:23:21,252 - INFO - P1 (Round 9) - Epoch 5/10 | Loss: 0.0614 | Acc: 0.9812 | Val Loss: 0.0597 | Val Acc: 0.9815 | Time: 10.32s
2025-03-04 19:23:31,722 - INFO - P1 (Round 9) - Epoch 6/10 | Loss: 0.0611 | Acc: 0.9813 | Val Loss: 0.0607 | Val Acc: 0.9808 | Time: 10.47s
2025-03-04 19:23:43,168 - INFO - P1 (Round 9) - Epoch 7/10 | Loss: 0.0604 | Acc: 0.9815 | Val Loss: 0.0606 | Val Acc: 0.9819 | Time: 11.45s
2025-03-04 19:23:53,123 - INFO - P1 (Round 9) - Epoch 8/10 | Loss: 0.0599 | Acc: 0.9816 | Val Loss: 0.0581 | Val Acc: 0.9821 | Time: 9.95s
2025-03-04 19:24:03,059 - INFO - P1 (Round 9) - Epoch 9/10 | Loss: 0.0594 | Acc: 0.9819 | Val Loss: 0.0582 | Val Acc: 0.9823 | Time: 9.94s
2025-03-04 19:24:13,065 - INFO - P1 (Round 9) - Epoch 10/10 | Loss: 0.0587 | Acc: 0.9819 | Val Loss: 0.0578 | Val Acc: 0.9824 | Time: 10.01s
2025-03-04 19:24:22,838 - INFO - P2 (Round 9) - Epoch 1/10 | Loss: 0.0806 | Acc: 0.9743 | Val Loss: 0.0770 | Val Acc: 0.9750 | Time: 9.77s
2025-03-04 19:24:33,263 - INFO - P2 (Round 9) - Epoch 2/10 | Loss: 0.0757 | Acc: 0.9758 | Val Loss: 0.0759 | Val Acc: 0.9764 | Time: 10.42s
2025-03-04 19:24:43,885 - INFO - P2 (Round 9) - Epoch 3/10 | Loss: 0.0745 | Acc: 0.9763 | Val Loss: 0.0770 | Val Acc: 0.9750 | Time: 10.62s
2025-03-04 19:24:55,303 - INFO - P2 (Round 9) - Epoch 4/10 | Loss: 0.0739 | Acc: 0.9765 | Val Loss: 0.0737 | Val Acc: 0.9766 | Time: 11.42s
2025-03-04 19:25:05,098 - INFO - P2 (Round 9) - Epoch 5/10 | Loss: 0.0737 | Acc: 0.9766 | Val Loss: 0.0746 | Val Acc: 0.9770 | Time: 9.80s
2025-03-04 19:25:14,939 - INFO - P2 (Round 9) - Epoch 6/10 | Loss: 0.0732 | Acc: 0.9769 | Val Loss: 0.0746 | Val Acc: 0.9770 | Time: 9.84s
2025-03-04 19:25:25,043 - INFO - P2 (Round 9) - Epoch 7/10 | Loss: 0.0729 | Acc: 0.9771 | Val Loss: 0.0732 | Val Acc: 0.9770 | Time: 10.10s
2025-03-04 19:25:35,438 - INFO - P2 (Round 9) - Epoch 8/10 | Loss: 0.0726 | Acc: 0.9771 | Val Loss: 0.0742 | Val Acc: 0.9770 | Time: 10.40s
2025-03-04 19:25:45,382 - INFO - P2 (Round 9) - Epoch 9/10 | Loss: 0.0724 | Acc: 0.9772 | Val Loss: 0.0731 | Val Acc: 0.9770 | Time: 9.94s
2025-03-04 19:25:56,380 - INFO - P2 (Round 9) - Epoch 10/10 | Loss: 0.0720 | Acc: 0.9774 | Val Loss: 0.0725 | Val Acc: 0.9768 | Time: 11.00s
2025-03-04 19:25:59,265 - INFO - Round 9 completed in 208.53s
2025-03-04 19:25:59,265 - INFO - Global Model - P1 Test: Loss = 0.3556, Accuracy = 0.8974
2025-03-04 19:25:59,265 - INFO - Global Model - P2 Test: Loss = 0.4561, Accuracy = 0.8691
2025-03-04 19:26:09,795 - INFO - P1 (Round 10) - Epoch 1/10 | Loss: 0.0689 | Acc: 0.9781 | Val Loss: 0.0616 | Val Acc: 0.9812 | Time: 10.53s
2025-03-04 19:26:19,654 - INFO - P1 (Round 10) - Epoch 2/10 | Loss: 0.0628 | Acc: 0.9806 | Val Loss: 0.0605 | Val Acc: 0.9814 | Time: 9.86s
2025-03-04 19:26:29,643 - INFO - P1 (Round 10) - Epoch 3/10 | Loss: 0.0616 | Acc: 0.9810 | Val Loss: 0.0597 | Val Acc: 0.9819 | Time: 9.99s
2025-03-04 19:26:39,556 - INFO - P1 (Round 10) - Epoch 4/10 | Loss: 0.0607 | Acc: 0.9813 | Val Loss: 0.0595 | Val Acc: 0.9815 | Time: 9.91s
2025-03-04 19:26:49,405 - INFO - P1 (Round 10) - Epoch 5/10 | Loss: 0.0601 | Acc: 0.9814 | Val Loss: 0.0580 | Val Acc: 0.9823 | Time: 9.85s
2025-03-04 19:26:59,288 - INFO - P1 (Round 10) - Epoch 6/10 | Loss: 0.0595 | Acc: 0.9816 | Val Loss: 0.0569 | Val Acc: 0.9823 | Time: 9.88s
2025-03-04 19:27:10,532 - INFO - P1 (Round 10) - Epoch 7/10 | Loss: 0.0592 | Acc: 0.9818 | Val Loss: 0.0579 | Val Acc: 0.9818 | Time: 11.24s
2025-03-04 19:27:21,021 - INFO - P1 (Round 10) - Epoch 8/10 | Loss: 0.0586 | Acc: 0.9819 | Val Loss: 0.0572 | Val Acc: 0.9821 | Time: 10.49s
2025-03-04 19:27:31,153 - INFO - P1 (Round 10) - Epoch 9/10 | Loss: 0.0583 | Acc: 0.9821 | Val Loss: 0.0558 | Val Acc: 0.9824 | Time: 10.13s
2025-03-04 19:27:41,086 - INFO - P1 (Round 10) - Epoch 10/10 | Loss: 0.0580 | Acc: 0.9821 | Val Loss: 0.0568 | Val Acc: 0.9823 | Time: 9.93s
2025-03-04 19:27:51,244 - INFO - P2 (Round 10) - Epoch 1/10 | Loss: 0.0799 | Acc: 0.9747 | Val Loss: 0.0768 | Val Acc: 0.9754 | Time: 10.16s
2025-03-04 19:28:01,329 - INFO - P2 (Round 10) - Epoch 2/10 | Loss: 0.0747 | Acc: 0.9762 | Val Loss: 0.0750 | Val Acc: 0.9759 | Time: 10.08s
2025-03-04 19:28:11,662 - INFO - P2 (Round 10) - Epoch 3/10 | Loss: 0.0738 | Acc: 0.9767 | Val Loss: 0.0734 | Val Acc: 0.9766 | Time: 10.33s
2025-03-04 19:28:23,151 - INFO - P2 (Round 10) - Epoch 4/10 | Loss: 0.0729 | Acc: 0.9769 | Val Loss: 0.0748 | Val Acc: 0.9763 | Time: 11.49s
2025-03-04 19:28:34,207 - INFO - P2 (Round 10) - Epoch 5/10 | Loss: 0.0724 | Acc: 0.9772 | Val Loss: 0.0733 | Val Acc: 0.9772 | Time: 11.06s
2025-03-04 19:28:44,122 - INFO - P2 (Round 10) - Epoch 6/10 | Loss: 0.0722 | Acc: 0.9773 | Val Loss: 0.0726 | Val Acc: 0.9767 | Time: 9.91s
2025-03-04 19:28:54,034 - INFO - P2 (Round 10) - Epoch 7/10 | Loss: 0.0716 | Acc: 0.9775 | Val Loss: 0.0711 | Val Acc: 0.9780 | Time: 9.91s
2025-03-04 19:29:04,073 - INFO - P2 (Round 10) - Epoch 8/10 | Loss: 0.0716 | Acc: 0.9776 | Val Loss: 0.0731 | Val Acc: 0.9763 | Time: 10.04s
2025-03-04 19:29:14,218 - INFO - P2 (Round 10) - Epoch 9/10 | Loss: 0.0713 | Acc: 0.9776 | Val Loss: 0.0711 | Val Acc: 0.9783 | Time: 10.15s
2025-03-04 19:29:24,079 - INFO - P2 (Round 10) - Epoch 10/10 | Loss: 0.0711 | Acc: 0.9777 | Val Loss: 0.0735 | Val Acc: 0.9766 | Time: 9.86s
2025-03-04 19:29:26,575 - INFO - Round 10 completed in 207.31s
2025-03-04 19:29:26,575 - INFO - Global Model - P1 Test: Loss = 0.3538, Accuracy = 0.8990
2025-03-04 19:29:26,575 - INFO - Global Model - P2 Test: Loss = 0.4566, Accuracy = 0.8665
2025-03-04 19:29:29,409 - INFO - Final Results after 10 rounds:
2025-03-04 19:29:29,409 - INFO - Global Model - P1 Test: Loss = 0.3538, Accuracy = 0.8990
2025-03-04 19:29:29,409 - INFO - Global Model - P2 Test: Loss = 0.4566, Accuracy = 0.8665
2025-03-04 19:29:29,421 - INFO - Experiment 19 results saved to results/suppression_experiments/exp_19_p1f13_p2f10.json
