2025-03-05 01:35:31,125 - INFO - Starting Suppression Experiment 149
2025-03-05 01:35:31,126 - INFO - P1 Features (4/14): ['protocol', 'bidirectional_min_ps', 'bidirectional_mean_ps', 'bidirectional_stddev_ps']
2025-03-05 01:35:31,126 - INFO - P2 Features (6/14): ['protocol', 'bidirectional_min_ps', 'bidirectional_mean_ps', 'bidirectional_stddev_ps', 'bidirectional_max_ps', 'src2dst_stddev_ps']
2025-03-05 01:35:43,739 - INFO - P1 (Round 1) - Epoch 1/10 | Loss: 0.6803 | Acc: 0.7392 | Val Loss: 0.5331 | Val Acc: 0.7842 | Time: 12.52s
2025-03-05 01:35:57,296 - INFO - P1 (Round 1) - Epoch 2/10 | Loss: 0.5001 | Acc: 0.7958 | Val Loss: 0.4809 | Val Acc: 0.8040 | Time: 13.56s
2025-03-05 01:36:09,932 - INFO - P1 (Round 1) - Epoch 3/10 | Loss: 0.4631 | Acc: 0.8104 | Val Loss: 0.4516 | Val Acc: 0.8134 | Time: 12.64s
2025-03-05 01:36:22,468 - INFO - P1 (Round 1) - Epoch 4/10 | Loss: 0.4363 | Acc: 0.8193 | Val Loss: 0.4285 | Val Acc: 0.8220 | Time: 12.53s
2025-03-05 01:36:34,730 - INFO - P1 (Round 1) - Epoch 5/10 | Loss: 0.4205 | Acc: 0.8259 | Val Loss: 0.4174 | Val Acc: 0.8287 | Time: 12.26s
2025-03-05 01:36:46,871 - INFO - P1 (Round 1) - Epoch 6/10 | Loss: 0.4090 | Acc: 0.8309 | Val Loss: 0.4089 | Val Acc: 0.8342 | Time: 12.14s
2025-03-05 01:36:59,335 - INFO - P1 (Round 1) - Epoch 7/10 | Loss: 0.4013 | Acc: 0.8351 | Val Loss: 0.4002 | Val Acc: 0.8394 | Time: 12.46s
2025-03-05 01:37:12,515 - INFO - P1 (Round 1) - Epoch 8/10 | Loss: 0.3946 | Acc: 0.8391 | Val Loss: 0.3924 | Val Acc: 0.8423 | Time: 13.18s
2025-03-05 01:37:24,714 - INFO - P1 (Round 1) - Epoch 9/10 | Loss: 0.3890 | Acc: 0.8419 | Val Loss: 0.3901 | Val Acc: 0.8429 | Time: 12.20s
2025-03-05 01:37:36,804 - INFO - P1 (Round 1) - Epoch 10/10 | Loss: 0.3863 | Acc: 0.8438 | Val Loss: 0.3866 | Val Acc: 0.8454 | Time: 12.09s
2025-03-05 01:37:48,678 - INFO - P2 (Round 1) - Epoch 1/10 | Loss: 0.5229 | Acc: 0.8145 | Val Loss: 0.3283 | Val Acc: 0.8842 | Time: 11.87s
2025-03-05 01:38:00,808 - INFO - P2 (Round 1) - Epoch 2/10 | Loss: 0.2669 | Acc: 0.9110 | Val Loss: 0.2343 | Val Acc: 0.9228 | Time: 12.13s
2025-03-05 01:38:13,624 - INFO - P2 (Round 1) - Epoch 3/10 | Loss: 0.2200 | Acc: 0.9293 | Val Loss: 0.2108 | Val Acc: 0.9327 | Time: 12.82s
2025-03-05 01:38:26,290 - INFO - P2 (Round 1) - Epoch 4/10 | Loss: 0.2019 | Acc: 0.9368 | Val Loss: 0.1954 | Val Acc: 0.9400 | Time: 12.67s
2025-03-05 01:38:38,279 - INFO - P2 (Round 1) - Epoch 5/10 | Loss: 0.1902 | Acc: 0.9405 | Val Loss: 0.1866 | Val Acc: 0.9422 | Time: 11.99s
2025-03-05 01:38:50,619 - INFO - P2 (Round 1) - Epoch 6/10 | Loss: 0.1831 | Acc: 0.9428 | Val Loss: 0.1816 | Val Acc: 0.9428 | Time: 12.34s
2025-03-05 01:39:03,090 - INFO - P2 (Round 1) - Epoch 7/10 | Loss: 0.1777 | Acc: 0.9444 | Val Loss: 0.1768 | Val Acc: 0.9451 | Time: 12.47s
2025-03-05 01:39:15,608 - INFO - P2 (Round 1) - Epoch 8/10 | Loss: 0.1727 | Acc: 0.9461 | Val Loss: 0.1714 | Val Acc: 0.9461 | Time: 12.52s
2025-03-05 01:39:28,777 - INFO - P2 (Round 1) - Epoch 9/10 | Loss: 0.1670 | Acc: 0.9475 | Val Loss: 0.1641 | Val Acc: 0.9486 | Time: 13.17s
2025-03-05 01:39:41,512 - INFO - P2 (Round 1) - Epoch 10/10 | Loss: 0.1614 | Acc: 0.9498 | Val Loss: 0.1603 | Val Acc: 0.9495 | Time: 12.73s
2025-03-05 01:39:44,089 - INFO - Round 1 completed in 252.87s
2025-03-05 01:39:44,089 - INFO - Global Model - P1 Test: Loss = 2.9702, Accuracy = 0.4694
2025-03-05 01:39:44,089 - INFO - Global Model - P2 Test: Loss = 3.7108, Accuracy = 0.6477
2025-03-05 01:39:55,973 - INFO - P1 (Round 2) - Epoch 1/10 | Loss: 0.5168 | Acc: 0.7932 | Val Loss: 0.4458 | Val Acc: 0.8205 | Time: 11.88s
2025-03-05 01:40:08,227 - INFO - P1 (Round 2) - Epoch 2/10 | Loss: 0.4323 | Acc: 0.8218 | Val Loss: 0.4253 | Val Acc: 0.8254 | Time: 12.25s
2025-03-05 01:40:20,175 - INFO - P1 (Round 2) - Epoch 3/10 | Loss: 0.4193 | Acc: 0.8283 | Val Loss: 0.4151 | Val Acc: 0.8318 | Time: 11.95s
2025-03-05 01:40:32,487 - INFO - P1 (Round 2) - Epoch 4/10 | Loss: 0.4115 | Acc: 0.8301 | Val Loss: 0.4062 | Val Acc: 0.8343 | Time: 12.31s
2025-03-05 01:40:45,730 - INFO - P1 (Round 2) - Epoch 5/10 | Loss: 0.4034 | Acc: 0.8342 | Val Loss: 0.4001 | Val Acc: 0.8358 | Time: 13.24s
2025-03-05 01:40:57,646 - INFO - P1 (Round 2) - Epoch 6/10 | Loss: 0.3974 | Acc: 0.8366 | Val Loss: 0.3944 | Val Acc: 0.8387 | Time: 11.92s
2025-03-05 01:41:09,970 - INFO - P1 (Round 2) - Epoch 7/10 | Loss: 0.3925 | Acc: 0.8378 | Val Loss: 0.3913 | Val Acc: 0.8398 | Time: 12.32s
2025-03-05 01:41:22,458 - INFO - P1 (Round 2) - Epoch 8/10 | Loss: 0.3887 | Acc: 0.8388 | Val Loss: 0.3879 | Val Acc: 0.8387 | Time: 12.49s
2025-03-05 01:41:35,005 - INFO - P1 (Round 2) - Epoch 9/10 | Loss: 0.3861 | Acc: 0.8391 | Val Loss: 0.3857 | Val Acc: 0.8396 | Time: 12.55s
2025-03-05 01:41:47,809 - INFO - P1 (Round 2) - Epoch 10/10 | Loss: 0.3840 | Acc: 0.8397 | Val Loss: 0.3820 | Val Acc: 0.8425 | Time: 12.80s
2025-03-05 01:42:00,600 - INFO - P2 (Round 2) - Epoch 1/10 | Loss: 0.3458 | Acc: 0.8842 | Val Loss: 0.2305 | Val Acc: 0.9176 | Time: 12.79s
2025-03-05 01:42:12,638 - INFO - P2 (Round 2) - Epoch 2/10 | Loss: 0.2171 | Acc: 0.9271 | Val Loss: 0.2053 | Val Acc: 0.9323 | Time: 12.04s
2025-03-05 01:42:25,054 - INFO - P2 (Round 2) - Epoch 3/10 | Loss: 0.1951 | Acc: 0.9348 | Val Loss: 0.1888 | Val Acc: 0.9372 | Time: 12.42s
2025-03-05 01:42:37,450 - INFO - P2 (Round 2) - Epoch 4/10 | Loss: 0.1787 | Acc: 0.9420 | Val Loss: 0.1739 | Val Acc: 0.9443 | Time: 12.40s
2025-03-05 01:42:49,548 - INFO - P2 (Round 2) - Epoch 5/10 | Loss: 0.1688 | Acc: 0.9450 | Val Loss: 0.1670 | Val Acc: 0.9453 | Time: 12.10s
2025-03-05 01:43:02,464 - INFO - P2 (Round 2) - Epoch 6/10 | Loss: 0.1622 | Acc: 0.9464 | Val Loss: 0.1616 | Val Acc: 0.9467 | Time: 12.92s
2025-03-05 01:43:15,279 - INFO - P2 (Round 2) - Epoch 7/10 | Loss: 0.1578 | Acc: 0.9476 | Val Loss: 0.1579 | Val Acc: 0.9451 | Time: 12.81s
2025-03-05 01:43:27,661 - INFO - P2 (Round 2) - Epoch 8/10 | Loss: 0.1544 | Acc: 0.9488 | Val Loss: 0.1542 | Val Acc: 0.9489 | Time: 12.38s
2025-03-05 01:43:39,879 - INFO - P2 (Round 2) - Epoch 9/10 | Loss: 0.1515 | Acc: 0.9496 | Val Loss: 0.1529 | Val Acc: 0.9491 | Time: 12.22s
2025-03-05 01:43:51,874 - INFO - P2 (Round 2) - Epoch 10/10 | Loss: 0.1496 | Acc: 0.9502 | Val Loss: 0.1511 | Val Acc: 0.9501 | Time: 11.99s
2025-03-05 01:43:54,474 - INFO - Round 2 completed in 250.38s
2025-03-05 01:43:54,474 - INFO - Global Model - P1 Test: Loss = 1.0505, Accuracy = 0.6332
2025-03-05 01:43:54,474 - INFO - Global Model - P2 Test: Loss = 2.9693, Accuracy = 0.6080
2025-03-05 01:44:06,754 - INFO - P1 (Round 3) - Epoch 1/10 | Loss: 0.4177 | Acc: 0.8283 | Val Loss: 0.3968 | Val Acc: 0.8367 | Time: 12.28s
2025-03-05 01:44:19,979 - INFO - P1 (Round 3) - Epoch 2/10 | Loss: 0.3907 | Acc: 0.8373 | Val Loss: 0.3871 | Val Acc: 0.8399 | Time: 13.23s
2025-03-05 01:44:32,329 - INFO - P1 (Round 3) - Epoch 3/10 | Loss: 0.3845 | Acc: 0.8390 | Val Loss: 0.3828 | Val Acc: 0.8406 | Time: 12.35s
2025-03-05 01:44:44,698 - INFO - P1 (Round 3) - Epoch 4/10 | Loss: 0.3813 | Acc: 0.8403 | Val Loss: 0.3815 | Val Acc: 0.8410 | Time: 12.37s
2025-03-05 01:44:56,984 - INFO - P1 (Round 3) - Epoch 5/10 | Loss: 0.3789 | Acc: 0.8419 | Val Loss: 0.3795 | Val Acc: 0.8471 | Time: 12.28s
2025-03-05 01:45:09,697 - INFO - P1 (Round 3) - Epoch 6/10 | Loss: 0.3772 | Acc: 0.8434 | Val Loss: 0.3763 | Val Acc: 0.8437 | Time: 12.71s
2025-03-05 01:45:22,332 - INFO - P1 (Round 3) - Epoch 7/10 | Loss: 0.3757 | Acc: 0.8445 | Val Loss: 0.3755 | Val Acc: 0.8457 | Time: 12.63s
2025-03-05 01:45:35,070 - INFO - P1 (Round 3) - Epoch 8/10 | Loss: 0.3747 | Acc: 0.8455 | Val Loss: 0.3748 | Val Acc: 0.8475 | Time: 12.74s
2025-03-05 01:45:47,847 - INFO - P1 (Round 3) - Epoch 9/10 | Loss: 0.3735 | Acc: 0.8463 | Val Loss: 0.3726 | Val Acc: 0.8482 | Time: 12.78s
2025-03-05 01:46:00,505 - INFO - P1 (Round 3) - Epoch 10/10 | Loss: 0.3726 | Acc: 0.8469 | Val Loss: 0.3717 | Val Acc: 0.8501 | Time: 12.66s
2025-03-05 01:46:12,716 - INFO - P2 (Round 3) - Epoch 1/10 | Loss: 0.2409 | Acc: 0.9209 | Val Loss: 0.1854 | Val Acc: 0.9410 | Time: 12.21s
2025-03-05 01:46:25,365 - INFO - P2 (Round 3) - Epoch 2/10 | Loss: 0.1733 | Acc: 0.9434 | Val Loss: 0.1675 | Val Acc: 0.9436 | Time: 12.65s
2025-03-05 01:46:37,562 - INFO - P2 (Round 3) - Epoch 3/10 | Loss: 0.1622 | Acc: 0.9458 | Val Loss: 0.1598 | Val Acc: 0.9465 | Time: 12.20s
2025-03-05 01:46:49,743 - INFO - P2 (Round 3) - Epoch 4/10 | Loss: 0.1561 | Acc: 0.9474 | Val Loss: 0.1541 | Val Acc: 0.9478 | Time: 12.18s
2025-03-05 01:47:01,891 - INFO - P2 (Round 3) - Epoch 5/10 | Loss: 0.1518 | Acc: 0.9492 | Val Loss: 0.1508 | Val Acc: 0.9501 | Time: 12.15s
2025-03-05 01:47:14,091 - INFO - P2 (Round 3) - Epoch 6/10 | Loss: 0.1483 | Acc: 0.9507 | Val Loss: 0.1474 | Val Acc: 0.9517 | Time: 12.20s
2025-03-05 01:47:26,159 - INFO - P2 (Round 3) - Epoch 7/10 | Loss: 0.1453 | Acc: 0.9520 | Val Loss: 0.1455 | Val Acc: 0.9521 | Time: 12.07s
2025-03-05 01:47:38,197 - INFO - P2 (Round 3) - Epoch 8/10 | Loss: 0.1430 | Acc: 0.9531 | Val Loss: 0.1439 | Val Acc: 0.9530 | Time: 12.04s
2025-03-05 01:47:50,415 - INFO - P2 (Round 3) - Epoch 9/10 | Loss: 0.1401 | Acc: 0.9542 | Val Loss: 0.1421 | Val Acc: 0.9535 | Time: 12.22s
2025-03-05 01:48:02,506 - INFO - P2 (Round 3) - Epoch 10/10 | Loss: 0.1381 | Acc: 0.9550 | Val Loss: 0.1401 | Val Acc: 0.9545 | Time: 12.09s
2025-03-05 01:48:05,094 - INFO - Round 3 completed in 250.62s
2025-03-05 01:48:05,094 - INFO - Global Model - P1 Test: Loss = 1.1426, Accuracy = 0.6815
2025-03-05 01:48:05,094 - INFO - Global Model - P2 Test: Loss = 2.1727, Accuracy = 0.6736
2025-03-05 01:48:17,730 - INFO - P1 (Round 4) - Epoch 1/10 | Loss: 0.4076 | Acc: 0.8340 | Val Loss: 0.3927 | Val Acc: 0.8388 | Time: 12.63s
2025-03-05 01:48:29,626 - INFO - P1 (Round 4) - Epoch 2/10 | Loss: 0.3852 | Acc: 0.8413 | Val Loss: 0.3832 | Val Acc: 0.8412 | Time: 11.90s
2025-03-05 01:48:41,634 - INFO - P1 (Round 4) - Epoch 3/10 | Loss: 0.3807 | Acc: 0.8432 | Val Loss: 0.3801 | Val Acc: 0.8454 | Time: 12.01s
2025-03-05 01:48:54,743 - INFO - P1 (Round 4) - Epoch 4/10 | Loss: 0.3783 | Acc: 0.8444 | Val Loss: 0.3784 | Val Acc: 0.8461 | Time: 13.11s
2025-03-05 01:49:07,785 - INFO - P1 (Round 4) - Epoch 5/10 | Loss: 0.3766 | Acc: 0.8450 | Val Loss: 0.3786 | Val Acc: 0.8448 | Time: 13.04s
2025-03-05 01:49:19,970 - INFO - P1 (Round 4) - Epoch 6/10 | Loss: 0.3754 | Acc: 0.8451 | Val Loss: 0.3761 | Val Acc: 0.8447 | Time: 12.18s
2025-03-05 01:49:32,548 - INFO - P1 (Round 4) - Epoch 7/10 | Loss: 0.3745 | Acc: 0.8451 | Val Loss: 0.3783 | Val Acc: 0.8467 | Time: 12.58s
2025-03-05 01:49:44,524 - INFO - P1 (Round 4) - Epoch 8/10 | Loss: 0.3736 | Acc: 0.8446 | Val Loss: 0.3741 | Val Acc: 0.8454 | Time: 11.98s
2025-03-05 01:49:56,459 - INFO - P1 (Round 4) - Epoch 9/10 | Loss: 0.3727 | Acc: 0.8447 | Val Loss: 0.3733 | Val Acc: 0.8452 | Time: 11.94s
2025-03-05 01:50:08,848 - INFO - P1 (Round 4) - Epoch 10/10 | Loss: 0.3716 | Acc: 0.8452 | Val Loss: 0.3718 | Val Acc: 0.8443 | Time: 12.39s
2025-03-05 01:50:22,429 - INFO - P2 (Round 4) - Epoch 1/10 | Loss: 0.1986 | Acc: 0.9351 | Val Loss: 0.1683 | Val Acc: 0.9431 | Time: 13.58s
2025-03-05 01:50:34,322 - INFO - P2 (Round 4) - Epoch 2/10 | Loss: 0.1597 | Acc: 0.9465 | Val Loss: 0.1571 | Val Acc: 0.9461 | Time: 11.89s
2025-03-05 01:50:46,481 - INFO - P2 (Round 4) - Epoch 3/10 | Loss: 0.1514 | Acc: 0.9502 | Val Loss: 0.1478 | Val Acc: 0.9512 | Time: 12.16s
2025-03-05 01:50:58,998 - INFO - P2 (Round 4) - Epoch 4/10 | Loss: 0.1449 | Acc: 0.9527 | Val Loss: 0.1475 | Val Acc: 0.9507 | Time: 12.52s
2025-03-05 01:51:11,454 - INFO - P2 (Round 4) - Epoch 5/10 | Loss: 0.1396 | Acc: 0.9541 | Val Loss: 0.1391 | Val Acc: 0.9542 | Time: 12.46s
2025-03-05 01:51:24,010 - INFO - P2 (Round 4) - Epoch 6/10 | Loss: 0.1372 | Acc: 0.9549 | Val Loss: 0.1381 | Val Acc: 0.9540 | Time: 12.56s
2025-03-05 01:51:37,242 - INFO - P2 (Round 4) - Epoch 7/10 | Loss: 0.1355 | Acc: 0.9556 | Val Loss: 0.1364 | Val Acc: 0.9546 | Time: 13.23s
2025-03-05 01:51:50,092 - INFO - P2 (Round 4) - Epoch 8/10 | Loss: 0.1342 | Acc: 0.9561 | Val Loss: 0.1340 | Val Acc: 0.9558 | Time: 12.85s
2025-03-05 01:52:02,294 - INFO - P2 (Round 4) - Epoch 9/10 | Loss: 0.1329 | Acc: 0.9565 | Val Loss: 0.1360 | Val Acc: 0.9554 | Time: 12.20s
2025-03-05 01:52:14,497 - INFO - P2 (Round 4) - Epoch 10/10 | Loss: 0.1319 | Acc: 0.9568 | Val Loss: 0.1337 | Val Acc: 0.9560 | Time: 12.20s
2025-03-05 01:52:17,185 - INFO - Round 4 completed in 252.09s
2025-03-05 01:52:17,185 - INFO - Global Model - P1 Test: Loss = 1.0380, Accuracy = 0.6933
2025-03-05 01:52:17,185 - INFO - Global Model - P2 Test: Loss = 2.0833, Accuracy = 0.5843
2025-03-05 01:52:27,474 - INFO - P1 (Round 5) - Epoch 1/10 | Loss: 0.3986 | Acc: 0.8367 | Val Loss: 0.3857 | Val Acc: 0.8408 | Time: 10.29s
2025-03-05 01:52:39,756 - INFO - P1 (Round 5) - Epoch 2/10 | Loss: 0.3784 | Acc: 0.8434 | Val Loss: 0.3773 | Val Acc: 0.8457 | Time: 12.28s
2025-03-05 01:52:49,970 - INFO - P1 (Round 5) - Epoch 3/10 | Loss: 0.3751 | Acc: 0.8436 | Val Loss: 0.3738 | Val Acc: 0.8440 | Time: 10.21s
2025-03-05 01:53:00,400 - INFO - P1 (Round 5) - Epoch 4/10 | Loss: 0.3732 | Acc: 0.8445 | Val Loss: 0.3720 | Val Acc: 0.8447 | Time: 10.43s
2025-03-05 01:53:10,753 - INFO - P1 (Round 5) - Epoch 5/10 | Loss: 0.3713 | Acc: 0.8454 | Val Loss: 0.3700 | Val Acc: 0.8458 | Time: 10.35s
2025-03-05 01:53:21,180 - INFO - P1 (Round 5) - Epoch 6/10 | Loss: 0.3703 | Acc: 0.8456 | Val Loss: 0.3706 | Val Acc: 0.8460 | Time: 10.43s
2025-03-05 01:53:31,492 - INFO - P1 (Round 5) - Epoch 7/10 | Loss: 0.3696 | Acc: 0.8459 | Val Loss: 0.3719 | Val Acc: 0.8454 | Time: 10.31s
2025-03-05 01:53:41,721 - INFO - P1 (Round 5) - Epoch 8/10 | Loss: 0.3690 | Acc: 0.8461 | Val Loss: 0.3696 | Val Acc: 0.8471 | Time: 10.23s
2025-03-05 01:53:54,142 - INFO - P1 (Round 5) - Epoch 9/10 | Loss: 0.3684 | Acc: 0.8461 | Val Loss: 0.3682 | Val Acc: 0.8463 | Time: 12.42s
2025-03-05 01:54:04,425 - INFO - P1 (Round 5) - Epoch 10/10 | Loss: 0.3680 | Acc: 0.8461 | Val Loss: 0.3681 | Val Acc: 0.8459 | Time: 10.28s
2025-03-05 01:54:14,957 - INFO - P2 (Round 5) - Epoch 1/10 | Loss: 0.1828 | Acc: 0.9410 | Val Loss: 0.1527 | Val Acc: 0.9501 | Time: 10.53s
2025-03-05 01:54:25,104 - INFO - P2 (Round 5) - Epoch 2/10 | Loss: 0.1479 | Acc: 0.9517 | Val Loss: 0.1453 | Val Acc: 0.9525 | Time: 10.15s
2025-03-05 01:54:35,142 - INFO - P2 (Round 5) - Epoch 3/10 | Loss: 0.1431 | Acc: 0.9536 | Val Loss: 0.1449 | Val Acc: 0.9516 | Time: 10.04s
2025-03-05 01:54:45,490 - INFO - P2 (Round 5) - Epoch 4/10 | Loss: 0.1400 | Acc: 0.9543 | Val Loss: 0.1401 | Val Acc: 0.9533 | Time: 10.35s
2025-03-05 01:54:56,142 - INFO - P2 (Round 5) - Epoch 5/10 | Loss: 0.1373 | Acc: 0.9550 | Val Loss: 0.1374 | Val Acc: 0.9550 | Time: 10.65s
2025-03-05 01:55:07,780 - INFO - P2 (Round 5) - Epoch 6/10 | Loss: 0.1354 | Acc: 0.9556 | Val Loss: 0.1353 | Val Acc: 0.9542 | Time: 11.64s
2025-03-05 01:55:18,162 - INFO - P2 (Round 5) - Epoch 7/10 | Loss: 0.1338 | Acc: 0.9561 | Val Loss: 0.1329 | Val Acc: 0.9558 | Time: 10.38s
2025-03-05 01:55:29,123 - INFO - P2 (Round 5) - Epoch 8/10 | Loss: 0.1324 | Acc: 0.9566 | Val Loss: 0.1331 | Val Acc: 0.9566 | Time: 10.96s
2025-03-05 01:55:39,473 - INFO - P2 (Round 5) - Epoch 9/10 | Loss: 0.1311 | Acc: 0.9570 | Val Loss: 0.1322 | Val Acc: 0.9552 | Time: 10.35s
2025-03-05 01:55:49,872 - INFO - P2 (Round 5) - Epoch 10/10 | Loss: 0.1298 | Acc: 0.9574 | Val Loss: 0.1310 | Val Acc: 0.9563 | Time: 10.40s
2025-03-05 01:55:52,372 - INFO - Round 5 completed in 215.19s
2025-03-05 01:55:52,372 - INFO - Global Model - P1 Test: Loss = 1.2380, Accuracy = 0.5906
2025-03-05 01:55:52,372 - INFO - Global Model - P2 Test: Loss = 2.9718, Accuracy = 0.5703
2025-03-05 01:56:02,572 - INFO - P1 (Round 6) - Epoch 1/10 | Loss: 0.4150 | Acc: 0.8295 | Val Loss: 0.3983 | Val Acc: 0.8344 | Time: 10.20s
2025-03-05 01:56:14,813 - INFO - P1 (Round 6) - Epoch 2/10 | Loss: 0.3922 | Acc: 0.8376 | Val Loss: 0.3915 | Val Acc: 0.8364 | Time: 12.24s
2025-03-05 01:56:25,683 - INFO - P1 (Round 6) - Epoch 3/10 | Loss: 0.3886 | Acc: 0.8387 | Val Loss: 0.3886 | Val Acc: 0.8370 | Time: 10.87s
2025-03-05 01:56:35,868 - INFO - P1 (Round 6) - Epoch 4/10 | Loss: 0.3865 | Acc: 0.8392 | Val Loss: 0.3858 | Val Acc: 0.8415 | Time: 10.19s
2025-03-05 01:56:46,160 - INFO - P1 (Round 6) - Epoch 5/10 | Loss: 0.3836 | Acc: 0.8395 | Val Loss: 0.3828 | Val Acc: 0.8403 | Time: 10.29s
2025-03-05 01:56:56,755 - INFO - P1 (Round 6) - Epoch 6/10 | Loss: 0.3813 | Acc: 0.8407 | Val Loss: 0.3832 | Val Acc: 0.8407 | Time: 10.59s
2025-03-05 01:57:07,150 - INFO - P1 (Round 6) - Epoch 7/10 | Loss: 0.3798 | Acc: 0.8412 | Val Loss: 0.3795 | Val Acc: 0.8418 | Time: 10.40s
2025-03-05 01:57:17,446 - INFO - P1 (Round 6) - Epoch 8/10 | Loss: 0.3784 | Acc: 0.8414 | Val Loss: 0.3805 | Val Acc: 0.8426 | Time: 10.30s
2025-03-05 01:57:29,931 - INFO - P1 (Round 6) - Epoch 9/10 | Loss: 0.3769 | Acc: 0.8418 | Val Loss: 0.3793 | Val Acc: 0.8404 | Time: 12.48s
2025-03-05 01:57:41,567 - INFO - P1 (Round 6) - Epoch 10/10 | Loss: 0.3757 | Acc: 0.8422 | Val Loss: 0.3753 | Val Acc: 0.8431 | Time: 11.64s
2025-03-05 01:57:57,502 - INFO - P2 (Round 6) - Epoch 1/10 | Loss: 0.1952 | Acc: 0.9392 | Val Loss: 0.1503 | Val Acc: 0.9521 | Time: 15.93s
2025-03-05 01:58:11,485 - INFO - P2 (Round 6) - Epoch 2/10 | Loss: 0.1435 | Acc: 0.9536 | Val Loss: 0.1428 | Val Acc: 0.9528 | Time: 13.98s
2025-03-05 01:58:23,878 - INFO - P2 (Round 6) - Epoch 3/10 | Loss: 0.1380 | Acc: 0.9554 | Val Loss: 0.1371 | Val Acc: 0.9560 | Time: 12.39s
2025-03-05 01:58:35,637 - INFO - P2 (Round 6) - Epoch 4/10 | Loss: 0.1351 | Acc: 0.9564 | Val Loss: 0.1337 | Val Acc: 0.9562 | Time: 11.76s
2025-03-05 01:58:46,710 - INFO - P2 (Round 6) - Epoch 5/10 | Loss: 0.1329 | Acc: 0.9569 | Val Loss: 0.1366 | Val Acc: 0.9550 | Time: 11.07s
2025-03-05 01:58:57,303 - INFO - P2 (Round 6) - Epoch 6/10 | Loss: 0.1311 | Acc: 0.9574 | Val Loss: 0.1311 | Val Acc: 0.9568 | Time: 10.59s
2025-03-05 01:59:10,190 - INFO - P2 (Round 6) - Epoch 7/10 | Loss: 0.1297 | Acc: 0.9578 | Val Loss: 0.1294 | Val Acc: 0.9583 | Time: 12.89s
2025-03-05 01:59:24,194 - INFO - P2 (Round 6) - Epoch 8/10 | Loss: 0.1286 | Acc: 0.9583 | Val Loss: 0.1281 | Val Acc: 0.9581 | Time: 14.00s
2025-03-05 01:59:36,558 - INFO - P2 (Round 6) - Epoch 9/10 | Loss: 0.1277 | Acc: 0.9584 | Val Loss: 0.1275 | Val Acc: 0.9590 | Time: 12.36s
2025-03-05 01:59:49,678 - INFO - P2 (Round 6) - Epoch 10/10 | Loss: 0.1268 | Acc: 0.9587 | Val Loss: 0.1259 | Val Acc: 0.9591 | Time: 13.12s
2025-03-05 01:59:52,368 - INFO - Round 6 completed in 240.00s
2025-03-05 01:59:52,368 - INFO - Global Model - P1 Test: Loss = 1.2120, Accuracy = 0.6373
2025-03-05 01:59:52,368 - INFO - Global Model - P2 Test: Loss = 3.5411, Accuracy = 0.5330
2025-03-05 02:00:04,602 - INFO - P1 (Round 7) - Epoch 1/10 | Loss: 0.4063 | Acc: 0.8304 | Val Loss: 0.3906 | Val Acc: 0.8356 | Time: 12.23s
2025-03-05 02:00:16,940 - INFO - P1 (Round 7) - Epoch 2/10 | Loss: 0.3861 | Acc: 0.8380 | Val Loss: 0.3841 | Val Acc: 0.8393 | Time: 12.34s
2025-03-05 02:00:28,931 - INFO - P1 (Round 7) - Epoch 3/10 | Loss: 0.3823 | Acc: 0.8389 | Val Loss: 0.3800 | Val Acc: 0.8391 | Time: 11.99s
2025-03-05 02:00:41,066 - INFO - P1 (Round 7) - Epoch 4/10 | Loss: 0.3791 | Acc: 0.8401 | Val Loss: 0.3795 | Val Acc: 0.8386 | Time: 12.14s
2025-03-05 02:00:53,693 - INFO - P1 (Round 7) - Epoch 5/10 | Loss: 0.3765 | Acc: 0.8410 | Val Loss: 0.3791 | Val Acc: 0.8384 | Time: 12.63s
2025-03-05 02:01:06,758 - INFO - P1 (Round 7) - Epoch 6/10 | Loss: 0.3748 | Acc: 0.8417 | Val Loss: 0.3765 | Val Acc: 0.8414 | Time: 13.07s
2025-03-05 02:01:18,883 - INFO - P1 (Round 7) - Epoch 7/10 | Loss: 0.3735 | Acc: 0.8424 | Val Loss: 0.3747 | Val Acc: 0.8465 | Time: 12.12s
2025-03-05 02:01:31,119 - INFO - P1 (Round 7) - Epoch 8/10 | Loss: 0.3724 | Acc: 0.8430 | Val Loss: 0.3732 | Val Acc: 0.8411 | Time: 12.24s
2025-03-05 02:01:43,696 - INFO - P1 (Round 7) - Epoch 9/10 | Loss: 0.3715 | Acc: 0.8436 | Val Loss: 0.3725 | Val Acc: 0.8457 | Time: 12.58s
2025-03-05 02:01:55,909 - INFO - P1 (Round 7) - Epoch 10/10 | Loss: 0.3706 | Acc: 0.8444 | Val Loss: 0.3709 | Val Acc: 0.8424 | Time: 12.21s
2025-03-05 02:02:08,771 - INFO - P2 (Round 7) - Epoch 1/10 | Loss: 0.2027 | Acc: 0.9351 | Val Loss: 0.1605 | Val Acc: 0.9488 | Time: 12.86s
2025-03-05 02:02:21,609 - INFO - P2 (Round 7) - Epoch 2/10 | Loss: 0.1465 | Acc: 0.9531 | Val Loss: 0.1432 | Val Acc: 0.9511 | Time: 12.84s
2025-03-05 02:02:33,850 - INFO - P2 (Round 7) - Epoch 3/10 | Loss: 0.1378 | Acc: 0.9558 | Val Loss: 0.1367 | Val Acc: 0.9565 | Time: 12.24s
2025-03-05 02:02:45,880 - INFO - P2 (Round 7) - Epoch 4/10 | Loss: 0.1342 | Acc: 0.9568 | Val Loss: 0.1336 | Val Acc: 0.9576 | Time: 12.03s
2025-03-05 02:02:58,121 - INFO - P2 (Round 7) - Epoch 5/10 | Loss: 0.1319 | Acc: 0.9573 | Val Loss: 0.1333 | Val Acc: 0.9576 | Time: 12.24s
2025-03-05 02:03:10,716 - INFO - P2 (Round 7) - Epoch 6/10 | Loss: 0.1302 | Acc: 0.9576 | Val Loss: 0.1321 | Val Acc: 0.9582 | Time: 12.59s
2025-03-05 02:03:24,184 - INFO - P2 (Round 7) - Epoch 7/10 | Loss: 0.1288 | Acc: 0.9580 | Val Loss: 0.1302 | Val Acc: 0.9586 | Time: 13.47s
2025-03-05 02:03:36,477 - INFO - P2 (Round 7) - Epoch 8/10 | Loss: 0.1279 | Acc: 0.9581 | Val Loss: 0.1292 | Val Acc: 0.9579 | Time: 12.29s
2025-03-05 02:03:48,706 - INFO - P2 (Round 7) - Epoch 9/10 | Loss: 0.1268 | Acc: 0.9583 | Val Loss: 0.1276 | Val Acc: 0.9584 | Time: 12.23s
2025-03-05 02:04:00,943 - INFO - P2 (Round 7) - Epoch 10/10 | Loss: 0.1260 | Acc: 0.9585 | Val Loss: 0.1256 | Val Acc: 0.9593 | Time: 12.24s
2025-03-05 02:04:03,496 - INFO - Round 7 completed in 251.13s
2025-03-05 02:04:03,496 - INFO - Global Model - P1 Test: Loss = 1.4173, Accuracy = 0.6118
2025-03-05 02:04:03,496 - INFO - Global Model - P2 Test: Loss = 3.5585, Accuracy = 0.5629
2025-03-05 02:04:16,056 - INFO - P1 (Round 8) - Epoch 1/10 | Loss: 0.4141 | Acc: 0.8292 | Val Loss: 0.3942 | Val Acc: 0.8334 | Time: 12.56s
2025-03-05 02:04:28,906 - INFO - P1 (Round 8) - Epoch 2/10 | Loss: 0.3887 | Acc: 0.8389 | Val Loss: 0.3883 | Val Acc: 0.8338 | Time: 12.85s
2025-03-05 02:04:42,157 - INFO - P1 (Round 8) - Epoch 3/10 | Loss: 0.3841 | Acc: 0.8420 | Val Loss: 0.3829 | Val Acc: 0.8424 | Time: 13.25s
2025-03-05 02:04:54,455 - INFO - P1 (Round 8) - Epoch 4/10 | Loss: 0.3813 | Acc: 0.8429 | Val Loss: 0.3835 | Val Acc: 0.8450 | Time: 12.30s
2025-03-05 02:05:06,680 - INFO - P1 (Round 8) - Epoch 5/10 | Loss: 0.3787 | Acc: 0.8435 | Val Loss: 0.3790 | Val Acc: 0.8431 | Time: 12.22s
2025-03-05 02:05:19,268 - INFO - P1 (Round 8) - Epoch 6/10 | Loss: 0.3767 | Acc: 0.8446 | Val Loss: 0.3778 | Val Acc: 0.8453 | Time: 12.59s
2025-03-05 02:05:31,832 - INFO - P1 (Round 8) - Epoch 7/10 | Loss: 0.3754 | Acc: 0.8458 | Val Loss: 0.3750 | Val Acc: 0.8443 | Time: 12.56s
2025-03-05 02:05:44,817 - INFO - P1 (Round 8) - Epoch 8/10 | Loss: 0.3741 | Acc: 0.8463 | Val Loss: 0.3759 | Val Acc: 0.8441 | Time: 12.98s
2025-03-05 02:05:57,918 - INFO - P1 (Round 8) - Epoch 9/10 | Loss: 0.3732 | Acc: 0.8469 | Val Loss: 0.3739 | Val Acc: 0.8454 | Time: 13.10s
2025-03-05 02:06:10,282 - INFO - P1 (Round 8) - Epoch 10/10 | Loss: 0.3723 | Acc: 0.8472 | Val Loss: 0.3750 | Val Acc: 0.8494 | Time: 12.36s
2025-03-05 02:06:22,511 - INFO - P2 (Round 8) - Epoch 1/10 | Loss: 0.1895 | Acc: 0.9418 | Val Loss: 0.1483 | Val Acc: 0.9528 | Time: 12.23s
2025-03-05 02:06:35,317 - INFO - P2 (Round 8) - Epoch 2/10 | Loss: 0.1425 | Acc: 0.9541 | Val Loss: 0.1386 | Val Acc: 0.9555 | Time: 12.81s
2025-03-05 02:06:47,232 - INFO - P2 (Round 8) - Epoch 3/10 | Loss: 0.1363 | Acc: 0.9559 | Val Loss: 0.1347 | Val Acc: 0.9567 | Time: 11.91s
2025-03-05 02:07:00,484 - INFO - P2 (Round 8) - Epoch 4/10 | Loss: 0.1327 | Acc: 0.9573 | Val Loss: 0.1315 | Val Acc: 0.9576 | Time: 13.25s
2025-03-05 02:07:12,508 - INFO - P2 (Round 8) - Epoch 5/10 | Loss: 0.1290 | Acc: 0.9579 | Val Loss: 0.1306 | Val Acc: 0.9574 | Time: 12.02s
2025-03-05 02:07:24,734 - INFO - P2 (Round 8) - Epoch 6/10 | Loss: 0.1269 | Acc: 0.9583 | Val Loss: 0.1271 | Val Acc: 0.9584 | Time: 12.23s
2025-03-05 02:07:37,196 - INFO - P2 (Round 8) - Epoch 7/10 | Loss: 0.1254 | Acc: 0.9588 | Val Loss: 0.1269 | Val Acc: 0.9593 | Time: 12.46s
2025-03-05 02:07:49,341 - INFO - P2 (Round 8) - Epoch 8/10 | Loss: 0.1243 | Acc: 0.9593 | Val Loss: 0.1259 | Val Acc: 0.9582 | Time: 12.14s
2025-03-05 02:08:02,704 - INFO - P2 (Round 8) - Epoch 9/10 | Loss: 0.1233 | Acc: 0.9595 | Val Loss: 0.1238 | Val Acc: 0.9589 | Time: 13.36s
2025-03-05 02:08:16,530 - INFO - P2 (Round 8) - Epoch 10/10 | Loss: 0.1226 | Acc: 0.9597 | Val Loss: 0.1239 | Val Acc: 0.9597 | Time: 13.83s
2025-03-05 02:08:19,252 - INFO - Round 8 completed in 255.76s
2025-03-05 02:08:19,252 - INFO - Global Model - P1 Test: Loss = 1.3275, Accuracy = 0.6516
2025-03-05 02:08:19,252 - INFO - Global Model - P2 Test: Loss = 4.1548, Accuracy = 0.5572
2025-03-05 02:08:31,424 - INFO - P1 (Round 9) - Epoch 1/10 | Loss: 0.4003 | Acc: 0.8378 | Val Loss: 0.3860 | Val Acc: 0.8388 | Time: 12.17s
2025-03-05 02:08:43,514 - INFO - P1 (Round 9) - Epoch 2/10 | Loss: 0.3809 | Acc: 0.8445 | Val Loss: 0.3804 | Val Acc: 0.8408 | Time: 12.09s
2025-03-05 02:08:55,727 - INFO - P1 (Round 9) - Epoch 3/10 | Loss: 0.3759 | Acc: 0.8457 | Val Loss: 0.3752 | Val Acc: 0.8468 | Time: 12.21s
2025-03-05 02:09:07,842 - INFO - P1 (Round 9) - Epoch 4/10 | Loss: 0.3736 | Acc: 0.8467 | Val Loss: 0.3753 | Val Acc: 0.8443 | Time: 12.11s
2025-03-05 02:09:21,033 - INFO - P1 (Round 9) - Epoch 5/10 | Loss: 0.3722 | Acc: 0.8479 | Val Loss: 0.3709 | Val Acc: 0.8482 | Time: 13.19s
2025-03-05 02:09:33,370 - INFO - P1 (Round 9) - Epoch 6/10 | Loss: 0.3708 | Acc: 0.8486 | Val Loss: 0.3713 | Val Acc: 0.8474 | Time: 12.34s
2025-03-05 02:09:45,978 - INFO - P1 (Round 9) - Epoch 7/10 | Loss: 0.3699 | Acc: 0.8494 | Val Loss: 0.3700 | Val Acc: 0.8489 | Time: 12.61s
2025-03-05 02:09:58,612 - INFO - P1 (Round 9) - Epoch 8/10 | Loss: 0.3690 | Acc: 0.8498 | Val Loss: 0.3688 | Val Acc: 0.8499 | Time: 12.63s
2025-03-05 02:10:11,581 - INFO - P1 (Round 9) - Epoch 9/10 | Loss: 0.3684 | Acc: 0.8502 | Val Loss: 0.3701 | Val Acc: 0.8493 | Time: 12.97s
2025-03-05 02:10:24,360 - INFO - P1 (Round 9) - Epoch 10/10 | Loss: 0.3677 | Acc: 0.8505 | Val Loss: 0.3684 | Val Acc: 0.8493 | Time: 12.78s
2025-03-05 02:10:36,499 - INFO - P2 (Round 9) - Epoch 1/10 | Loss: 0.1936 | Acc: 0.9405 | Val Loss: 0.1449 | Val Acc: 0.9522 | Time: 12.14s
2025-03-05 02:10:46,784 - INFO - P2 (Round 9) - Epoch 2/10 | Loss: 0.1374 | Acc: 0.9548 | Val Loss: 0.1355 | Val Acc: 0.9558 | Time: 10.28s
2025-03-05 02:10:57,626 - INFO - P2 (Round 9) - Epoch 3/10 | Loss: 0.1322 | Acc: 0.9560 | Val Loss: 0.1316 | Val Acc: 0.9562 | Time: 10.84s
2025-03-05 02:11:07,747 - INFO - P2 (Round 9) - Epoch 4/10 | Loss: 0.1295 | Acc: 0.9568 | Val Loss: 0.1305 | Val Acc: 0.9562 | Time: 10.12s
2025-03-05 02:11:18,185 - INFO - P2 (Round 9) - Epoch 5/10 | Loss: 0.1279 | Acc: 0.9573 | Val Loss: 0.1275 | Val Acc: 0.9561 | Time: 10.44s
2025-03-05 02:11:28,528 - INFO - P2 (Round 9) - Epoch 6/10 | Loss: 0.1262 | Acc: 0.9582 | Val Loss: 0.1255 | Val Acc: 0.9579 | Time: 10.34s
2025-03-05 02:11:41,164 - INFO - P2 (Round 9) - Epoch 7/10 | Loss: 0.1248 | Acc: 0.9590 | Val Loss: 0.1256 | Val Acc: 0.9589 | Time: 12.64s
2025-03-05 02:11:51,754 - INFO - P2 (Round 9) - Epoch 8/10 | Loss: 0.1234 | Acc: 0.9596 | Val Loss: 0.1230 | Val Acc: 0.9590 | Time: 10.59s
2025-03-05 02:12:02,160 - INFO - P2 (Round 9) - Epoch 9/10 | Loss: 0.1227 | Acc: 0.9598 | Val Loss: 0.1230 | Val Acc: 0.9602 | Time: 10.41s
2025-03-05 02:12:12,593 - INFO - P2 (Round 9) - Epoch 10/10 | Loss: 0.1219 | Acc: 0.9599 | Val Loss: 0.1290 | Val Acc: 0.9548 | Time: 10.43s
2025-03-05 02:12:15,184 - INFO - Round 9 completed in 235.93s
2025-03-05 02:12:15,184 - INFO - Global Model - P1 Test: Loss = 1.3862, Accuracy = 0.6623
2025-03-05 02:12:15,184 - INFO - Global Model - P2 Test: Loss = 3.7350, Accuracy = 0.5870
2025-03-05 02:12:25,781 - INFO - P1 (Round 10) - Epoch 1/10 | Loss: 0.3962 | Acc: 0.8409 | Val Loss: 0.3824 | Val Acc: 0.8411 | Time: 10.60s
2025-03-05 02:12:36,278 - INFO - P1 (Round 10) - Epoch 2/10 | Loss: 0.3774 | Acc: 0.8469 | Val Loss: 0.3750 | Val Acc: 0.8492 | Time: 10.50s
2025-03-05 02:12:47,183 - INFO - P1 (Round 10) - Epoch 3/10 | Loss: 0.3736 | Acc: 0.8480 | Val Loss: 0.3733 | Val Acc: 0.8501 | Time: 10.90s
2025-03-05 02:12:58,806 - INFO - P1 (Round 10) - Epoch 4/10 | Loss: 0.3719 | Acc: 0.8485 | Val Loss: 0.3724 | Val Acc: 0.8479 | Time: 11.62s
2025-03-05 02:13:09,234 - INFO - P1 (Round 10) - Epoch 5/10 | Loss: 0.3707 | Acc: 0.8494 | Val Loss: 0.3716 | Val Acc: 0.8486 | Time: 10.43s
2025-03-05 02:13:19,413 - INFO - P1 (Round 10) - Epoch 6/10 | Loss: 0.3695 | Acc: 0.8499 | Val Loss: 0.3682 | Val Acc: 0.8481 | Time: 10.18s
2025-03-05 02:13:29,705 - INFO - P1 (Round 10) - Epoch 7/10 | Loss: 0.3688 | Acc: 0.8500 | Val Loss: 0.3701 | Val Acc: 0.8492 | Time: 10.29s
2025-03-05 02:13:40,033 - INFO - P1 (Round 10) - Epoch 8/10 | Loss: 0.3680 | Acc: 0.8503 | Val Loss: 0.3741 | Val Acc: 0.8425 | Time: 10.33s
2025-03-05 02:13:50,656 - INFO - P1 (Round 10) - Epoch 9/10 | Loss: 0.3679 | Acc: 0.8503 | Val Loss: 0.3677 | Val Acc: 0.8491 | Time: 10.62s
2025-03-05 02:14:02,238 - INFO - P1 (Round 10) - Epoch 10/10 | Loss: 0.3675 | Acc: 0.8507 | Val Loss: 0.3675 | Val Acc: 0.8504 | Time: 11.58s
2025-03-05 02:14:13,156 - INFO - P2 (Round 10) - Epoch 1/10 | Loss: 0.1938 | Acc: 0.9402 | Val Loss: 0.1389 | Val Acc: 0.9550 | Time: 10.92s
2025-03-05 02:14:23,965 - INFO - P2 (Round 10) - Epoch 2/10 | Loss: 0.1349 | Acc: 0.9559 | Val Loss: 0.1323 | Val Acc: 0.9558 | Time: 10.81s
2025-03-05 02:14:34,135 - INFO - P2 (Round 10) - Epoch 3/10 | Loss: 0.1306 | Acc: 0.9568 | Val Loss: 0.1286 | Val Acc: 0.9576 | Time: 10.17s
2025-03-05 02:14:44,809 - INFO - P2 (Round 10) - Epoch 4/10 | Loss: 0.1283 | Acc: 0.9573 | Val Loss: 0.1277 | Val Acc: 0.9576 | Time: 10.67s
2025-03-05 02:14:55,209 - INFO - P2 (Round 10) - Epoch 5/10 | Loss: 0.1271 | Acc: 0.9577 | Val Loss: 0.1251 | Val Acc: 0.9583 | Time: 10.40s
2025-03-05 02:15:05,357 - INFO - P2 (Round 10) - Epoch 6/10 | Loss: 0.1260 | Acc: 0.9581 | Val Loss: 0.1241 | Val Acc: 0.9597 | Time: 10.15s
2025-03-05 02:15:17,841 - INFO - P2 (Round 10) - Epoch 7/10 | Loss: 0.1248 | Acc: 0.9587 | Val Loss: 0.1239 | Val Acc: 0.9587 | Time: 12.48s
2025-03-05 02:15:28,345 - INFO - P2 (Round 10) - Epoch 8/10 | Loss: 0.1234 | Acc: 0.9594 | Val Loss: 0.1226 | Val Acc: 0.9593 | Time: 10.50s
2025-03-05 02:15:38,436 - INFO - P2 (Round 10) - Epoch 9/10 | Loss: 0.1224 | Acc: 0.9596 | Val Loss: 0.1236 | Val Acc: 0.9588 | Time: 10.09s
2025-03-05 02:15:48,790 - INFO - P2 (Round 10) - Epoch 10/10 | Loss: 0.1216 | Acc: 0.9598 | Val Loss: 0.1233 | Val Acc: 0.9585 | Time: 10.35s
2025-03-05 02:15:51,241 - INFO - Round 10 completed in 216.06s
2025-03-05 02:15:51,242 - INFO - Global Model - P1 Test: Loss = 1.4904, Accuracy = 0.6378
2025-03-05 02:15:51,242 - INFO - Global Model - P2 Test: Loss = 4.5950, Accuracy = 0.5528
2025-03-05 02:15:53,682 - INFO - Final Results after 10 rounds:
2025-03-05 02:15:53,683 - INFO - Global Model - P1 Test: Loss = 1.4904, Accuracy = 0.6378
2025-03-05 02:15:53,683 - INFO - Global Model - P2 Test: Loss = 4.5950, Accuracy = 0.5528
2025-03-05 02:15:53,694 - INFO - Experiment 149 results saved to results/suppression_experiments/exp_149_p1f4_p2f6.json
