2025-03-05 03:23:48,149 - INFO - Starting Suppression Experiment 167
2025-03-05 03:23:48,149 - INFO - P1 Features (3/14): ['protocol', 'bidirectional_min_ps', 'bidirectional_mean_ps']
2025-03-05 03:23:48,149 - INFO - P2 Features (2/14): ['protocol', 'bidirectional_min_ps']
2025-03-05 03:23:58,370 - INFO - P1 (Round 1) - Epoch 1/10 | Loss: 0.7959 | Acc: 0.6955 | Val Loss: 0.6380 | Val Acc: 0.7567 | Time: 10.14s
2025-03-05 03:24:09,498 - INFO - P1 (Round 1) - Epoch 2/10 | Loss: 0.6136 | Acc: 0.7614 | Val Loss: 0.6014 | Val Acc: 0.7630 | Time: 11.13s
2025-03-05 03:24:20,752 - INFO - P1 (Round 1) - Epoch 3/10 | Loss: 0.5913 | Acc: 0.7665 | Val Loss: 0.5843 | Val Acc: 0.7681 | Time: 11.25s
2025-03-05 03:24:30,758 - INFO - P1 (Round 1) - Epoch 4/10 | Loss: 0.5791 | Acc: 0.7694 | Val Loss: 0.5759 | Val Acc: 0.7689 | Time: 10.01s
2025-03-05 03:24:41,106 - INFO - P1 (Round 1) - Epoch 5/10 | Loss: 0.5733 | Acc: 0.7710 | Val Loss: 0.5726 | Val Acc: 0.7743 | Time: 10.35s
2025-03-05 03:24:51,089 - INFO - P1 (Round 1) - Epoch 6/10 | Loss: 0.5695 | Acc: 0.7720 | Val Loss: 0.5714 | Val Acc: 0.7714 | Time: 9.98s
2025-03-05 03:25:01,016 - INFO - P1 (Round 1) - Epoch 7/10 | Loss: 0.5663 | Acc: 0.7727 | Val Loss: 0.5659 | Val Acc: 0.7743 | Time: 9.93s
2025-03-05 03:25:11,342 - INFO - P1 (Round 1) - Epoch 8/10 | Loss: 0.5633 | Acc: 0.7733 | Val Loss: 0.5623 | Val Acc: 0.7738 | Time: 10.33s
2025-03-05 03:25:22,893 - INFO - P1 (Round 1) - Epoch 9/10 | Loss: 0.5605 | Acc: 0.7736 | Val Loss: 0.5600 | Val Acc: 0.7766 | Time: 11.55s
2025-03-05 03:25:33,904 - INFO - P1 (Round 1) - Epoch 10/10 | Loss: 0.5582 | Acc: 0.7742 | Val Loss: 0.5572 | Val Acc: 0.7741 | Time: 11.01s
2025-03-05 03:25:43,988 - INFO - P2 (Round 1) - Epoch 1/10 | Loss: 0.9646 | Acc: 0.6414 | Val Loss: 0.8239 | Val Acc: 0.6743 | Time: 10.08s
2025-03-05 03:25:54,258 - INFO - P2 (Round 1) - Epoch 2/10 | Loss: 0.8162 | Acc: 0.6867 | Val Loss: 0.8141 | Val Acc: 0.6838 | Time: 10.27s
2025-03-05 03:26:04,426 - INFO - P2 (Round 1) - Epoch 3/10 | Loss: 0.8094 | Acc: 0.6886 | Val Loss: 0.8089 | Val Acc: 0.6903 | Time: 10.17s
2025-03-05 03:26:14,533 - INFO - P2 (Round 1) - Epoch 4/10 | Loss: 0.8051 | Acc: 0.6903 | Val Loss: 0.8044 | Val Acc: 0.6898 | Time: 10.11s
2025-03-05 03:26:24,645 - INFO - P2 (Round 1) - Epoch 5/10 | Loss: 0.8007 | Acc: 0.6944 | Val Loss: 0.8029 | Val Acc: 0.6899 | Time: 10.11s
2025-03-05 03:26:36,641 - INFO - P2 (Round 1) - Epoch 6/10 | Loss: 0.7965 | Acc: 0.6979 | Val Loss: 0.7967 | Val Acc: 0.7049 | Time: 12.00s
2025-03-05 03:26:47,071 - INFO - P2 (Round 1) - Epoch 7/10 | Loss: 0.7929 | Acc: 0.7001 | Val Loss: 0.7963 | Val Acc: 0.6961 | Time: 10.43s
2025-03-05 03:26:57,359 - INFO - P2 (Round 1) - Epoch 8/10 | Loss: 0.7900 | Acc: 0.7012 | Val Loss: 0.7918 | Val Acc: 0.7027 | Time: 10.29s
2025-03-05 03:27:07,410 - INFO - P2 (Round 1) - Epoch 9/10 | Loss: 0.7879 | Acc: 0.7019 | Val Loss: 0.7882 | Val Acc: 0.7027 | Time: 10.05s
2025-03-05 03:27:17,553 - INFO - P2 (Round 1) - Epoch 10/10 | Loss: 0.7855 | Acc: 0.7027 | Val Loss: 0.7860 | Val Acc: 0.7018 | Time: 10.14s
2025-03-05 03:27:19,841 - INFO - Round 1 completed in 211.62s
2025-03-05 03:27:19,841 - INFO - Global Model - P1 Test: Loss = 1.9495, Accuracy = 0.4819
2025-03-05 03:27:19,841 - INFO - Global Model - P2 Test: Loss = 2.6629, Accuracy = 0.4371
2025-03-05 03:27:29,894 - INFO - P1 (Round 2) - Epoch 1/10 | Loss: 0.6522 | Acc: 0.7434 | Val Loss: 0.5995 | Val Acc: 0.7720 | Time: 10.05s
2025-03-05 03:27:40,731 - INFO - P1 (Round 2) - Epoch 2/10 | Loss: 0.5898 | Acc: 0.7649 | Val Loss: 0.5843 | Val Acc: 0.7740 | Time: 10.84s
2025-03-05 03:27:52,469 - INFO - P1 (Round 2) - Epoch 3/10 | Loss: 0.5792 | Acc: 0.7688 | Val Loss: 0.5743 | Val Acc: 0.7738 | Time: 11.74s
2025-03-05 03:28:02,878 - INFO - P1 (Round 2) - Epoch 4/10 | Loss: 0.5672 | Acc: 0.7733 | Val Loss: 0.5641 | Val Acc: 0.7759 | Time: 10.41s
2025-03-05 03:28:12,979 - INFO - P1 (Round 2) - Epoch 5/10 | Loss: 0.5610 | Acc: 0.7752 | Val Loss: 0.5583 | Val Acc: 0.7768 | Time: 10.10s
2025-03-05 03:28:23,318 - INFO - P1 (Round 2) - Epoch 6/10 | Loss: 0.5566 | Acc: 0.7762 | Val Loss: 0.5559 | Val Acc: 0.7751 | Time: 10.34s
2025-03-05 03:28:33,937 - INFO - P1 (Round 2) - Epoch 7/10 | Loss: 0.5534 | Acc: 0.7766 | Val Loss: 0.5554 | Val Acc: 0.7796 | Time: 10.62s
2025-03-05 03:28:45,800 - INFO - P1 (Round 2) - Epoch 8/10 | Loss: 0.5511 | Acc: 0.7770 | Val Loss: 0.5512 | Val Acc: 0.7802 | Time: 11.86s
2025-03-05 03:28:58,552 - INFO - P1 (Round 2) - Epoch 9/10 | Loss: 0.5495 | Acc: 0.7774 | Val Loss: 0.5486 | Val Acc: 0.7781 | Time: 12.75s
2025-03-05 03:29:10,954 - INFO - P1 (Round 2) - Epoch 10/10 | Loss: 0.5482 | Acc: 0.7777 | Val Loss: 0.5461 | Val Acc: 0.7769 | Time: 12.40s
2025-03-05 03:29:22,989 - INFO - P2 (Round 2) - Epoch 1/10 | Loss: 0.8373 | Acc: 0.6896 | Val Loss: 0.8051 | Val Acc: 0.6949 | Time: 12.03s
2025-03-05 03:29:34,925 - INFO - P2 (Round 2) - Epoch 2/10 | Loss: 0.7997 | Acc: 0.6973 | Val Loss: 0.8033 | Val Acc: 0.6981 | Time: 11.94s
2025-03-05 03:29:46,949 - INFO - P2 (Round 2) - Epoch 3/10 | Loss: 0.7937 | Acc: 0.7006 | Val Loss: 0.7923 | Val Acc: 0.7032 | Time: 12.02s
2025-03-05 03:29:59,303 - INFO - P2 (Round 2) - Epoch 4/10 | Loss: 0.7893 | Acc: 0.7018 | Val Loss: 0.7886 | Val Acc: 0.7034 | Time: 12.35s
2025-03-05 03:30:12,383 - INFO - P2 (Round 2) - Epoch 5/10 | Loss: 0.7866 | Acc: 0.7023 | Val Loss: 0.7877 | Val Acc: 0.7031 | Time: 13.08s
2025-03-05 03:30:24,894 - INFO - P2 (Round 2) - Epoch 6/10 | Loss: 0.7847 | Acc: 0.7024 | Val Loss: 0.7885 | Val Acc: 0.7030 | Time: 12.51s
2025-03-05 03:30:38,126 - INFO - P2 (Round 2) - Epoch 7/10 | Loss: 0.7834 | Acc: 0.7026 | Val Loss: 0.7849 | Val Acc: 0.7011 | Time: 13.23s
2025-03-05 03:30:50,391 - INFO - P2 (Round 2) - Epoch 8/10 | Loss: 0.7821 | Acc: 0.7027 | Val Loss: 0.7849 | Val Acc: 0.7031 | Time: 12.26s
2025-03-05 03:31:02,123 - INFO - P2 (Round 2) - Epoch 9/10 | Loss: 0.7809 | Acc: 0.7033 | Val Loss: 0.7820 | Val Acc: 0.7039 | Time: 11.73s
2025-03-05 03:31:14,648 - INFO - P2 (Round 2) - Epoch 10/10 | Loss: 0.7802 | Acc: 0.7039 | Val Loss: 0.7817 | Val Acc: 0.7028 | Time: 12.53s
2025-03-05 03:31:17,539 - INFO - Round 2 completed in 237.70s
2025-03-05 03:31:17,539 - INFO - Global Model - P1 Test: Loss = 1.5762, Accuracy = 0.5634
2025-03-05 03:31:17,539 - INFO - Global Model - P2 Test: Loss = 1.6162, Accuracy = 0.4927
2025-03-05 03:31:30,299 - INFO - P1 (Round 3) - Epoch 1/10 | Loss: 0.6284 | Acc: 0.7582 | Val Loss: 0.5898 | Val Acc: 0.7722 | Time: 12.76s
2025-03-05 03:31:42,261 - INFO - P1 (Round 3) - Epoch 2/10 | Loss: 0.5804 | Acc: 0.7704 | Val Loss: 0.5759 | Val Acc: 0.7738 | Time: 11.96s
2025-03-05 03:31:54,072 - INFO - P1 (Round 3) - Epoch 3/10 | Loss: 0.5724 | Acc: 0.7703 | Val Loss: 0.5701 | Val Acc: 0.7744 | Time: 11.81s
2025-03-05 03:32:06,145 - INFO - P1 (Round 3) - Epoch 4/10 | Loss: 0.5680 | Acc: 0.7708 | Val Loss: 0.5680 | Val Acc: 0.7659 | Time: 12.07s
2025-03-05 03:32:18,137 - INFO - P1 (Round 3) - Epoch 5/10 | Loss: 0.5644 | Acc: 0.7718 | Val Loss: 0.5631 | Val Acc: 0.7698 | Time: 11.99s
2025-03-05 03:32:31,126 - INFO - P1 (Round 3) - Epoch 6/10 | Loss: 0.5614 | Acc: 0.7729 | Val Loss: 0.5613 | Val Acc: 0.7705 | Time: 12.99s
2025-03-05 03:32:43,760 - INFO - P1 (Round 3) - Epoch 7/10 | Loss: 0.5594 | Acc: 0.7734 | Val Loss: 0.5609 | Val Acc: 0.7775 | Time: 12.63s
2025-03-05 03:32:55,670 - INFO - P1 (Round 3) - Epoch 8/10 | Loss: 0.5582 | Acc: 0.7737 | Val Loss: 0.5584 | Val Acc: 0.7726 | Time: 11.91s
2025-03-05 03:33:07,656 - INFO - P1 (Round 3) - Epoch 9/10 | Loss: 0.5569 | Acc: 0.7738 | Val Loss: 0.5561 | Val Acc: 0.7717 | Time: 11.99s
2025-03-05 03:33:19,730 - INFO - P1 (Round 3) - Epoch 10/10 | Loss: 0.5555 | Acc: 0.7739 | Val Loss: 0.5568 | Val Acc: 0.7716 | Time: 12.07s
2025-03-05 03:33:31,832 - INFO - P2 (Round 3) - Epoch 1/10 | Loss: 0.7985 | Acc: 0.6983 | Val Loss: 0.7909 | Val Acc: 0.7024 | Time: 12.10s
2025-03-05 03:33:44,684 - INFO - P2 (Round 3) - Epoch 2/10 | Loss: 0.7873 | Acc: 0.7007 | Val Loss: 0.7877 | Val Acc: 0.7048 | Time: 12.85s
2025-03-05 03:33:56,858 - INFO - P2 (Round 3) - Epoch 3/10 | Loss: 0.7849 | Acc: 0.7018 | Val Loss: 0.7859 | Val Acc: 0.6968 | Time: 12.17s
2025-03-05 03:34:08,692 - INFO - P2 (Round 3) - Epoch 4/10 | Loss: 0.7836 | Acc: 0.7022 | Val Loss: 0.7845 | Val Acc: 0.7048 | Time: 11.83s
2025-03-05 03:34:20,969 - INFO - P2 (Round 3) - Epoch 5/10 | Loss: 0.7829 | Acc: 0.7026 | Val Loss: 0.7851 | Val Acc: 0.7026 | Time: 12.28s
2025-03-05 03:34:32,936 - INFO - P2 (Round 3) - Epoch 6/10 | Loss: 0.7823 | Acc: 0.7029 | Val Loss: 0.7845 | Val Acc: 0.7048 | Time: 11.97s
2025-03-05 03:34:44,891 - INFO - P2 (Round 3) - Epoch 7/10 | Loss: 0.7818 | Acc: 0.7030 | Val Loss: 0.7847 | Val Acc: 0.7025 | Time: 11.96s
2025-03-05 03:34:58,072 - INFO - P2 (Round 3) - Epoch 8/10 | Loss: 0.7816 | Acc: 0.7031 | Val Loss: 0.7814 | Val Acc: 0.7048 | Time: 13.18s
2025-03-05 03:35:10,014 - INFO - P2 (Round 3) - Epoch 9/10 | Loss: 0.7813 | Acc: 0.7032 | Val Loss: 0.7830 | Val Acc: 0.7048 | Time: 11.94s
2025-03-05 03:35:21,892 - INFO - P2 (Round 3) - Epoch 10/10 | Loss: 0.7809 | Acc: 0.7034 | Val Loss: 0.7823 | Val Acc: 0.7026 | Time: 11.88s
2025-03-05 03:35:24,544 - INFO - Round 3 completed in 247.01s
2025-03-05 03:35:24,544 - INFO - Global Model - P1 Test: Loss = 1.2470, Accuracy = 0.6438
2025-03-05 03:35:24,544 - INFO - Global Model - P2 Test: Loss = 0.9566, Accuracy = 0.6815
2025-03-05 03:35:36,918 - INFO - P1 (Round 4) - Epoch 1/10 | Loss: 0.5932 | Acc: 0.7627 | Val Loss: 0.5725 | Val Acc: 0.7694 | Time: 12.37s
2025-03-05 03:35:47,081 - INFO - P1 (Round 4) - Epoch 2/10 | Loss: 0.5653 | Acc: 0.7740 | Val Loss: 0.5610 | Val Acc: 0.7763 | Time: 10.16s
2025-03-05 03:35:56,328 - INFO - P1 (Round 4) - Epoch 3/10 | Loss: 0.5565 | Acc: 0.7743 | Val Loss: 0.5572 | Val Acc: 0.7788 | Time: 9.25s
2025-03-05 03:36:06,522 - INFO - P1 (Round 4) - Epoch 4/10 | Loss: 0.5526 | Acc: 0.7744 | Val Loss: 0.5541 | Val Acc: 0.7745 | Time: 10.19s
2025-03-05 03:36:17,557 - INFO - P1 (Round 4) - Epoch 5/10 | Loss: 0.5491 | Acc: 0.7746 | Val Loss: 0.5495 | Val Acc: 0.7726 | Time: 11.04s
2025-03-05 03:36:28,245 - INFO - P1 (Round 4) - Epoch 6/10 | Loss: 0.5473 | Acc: 0.7754 | Val Loss: 0.5478 | Val Acc: 0.7774 | Time: 10.69s
2025-03-05 03:36:38,756 - INFO - P1 (Round 4) - Epoch 7/10 | Loss: 0.5456 | Acc: 0.7766 | Val Loss: 0.5481 | Val Acc: 0.7774 | Time: 10.51s
2025-03-05 03:36:49,365 - INFO - P1 (Round 4) - Epoch 8/10 | Loss: 0.5442 | Acc: 0.7778 | Val Loss: 0.5460 | Val Acc: 0.7757 | Time: 10.61s
2025-03-05 03:37:00,197 - INFO - P1 (Round 4) - Epoch 9/10 | Loss: 0.5432 | Acc: 0.7786 | Val Loss: 0.5438 | Val Acc: 0.7835 | Time: 10.83s
2025-03-05 03:37:10,959 - INFO - P1 (Round 4) - Epoch 10/10 | Loss: 0.5423 | Acc: 0.7792 | Val Loss: 0.5422 | Val Acc: 0.7832 | Time: 10.76s
2025-03-05 03:37:22,562 - INFO - P2 (Round 4) - Epoch 1/10 | Loss: 0.7868 | Acc: 0.7026 | Val Loss: 0.7847 | Val Acc: 0.7048 | Time: 11.60s
2025-03-05 03:37:33,402 - INFO - P2 (Round 4) - Epoch 2/10 | Loss: 0.7825 | Acc: 0.7033 | Val Loss: 0.7865 | Val Acc: 0.7052 | Time: 10.84s
2025-03-05 03:37:44,344 - INFO - P2 (Round 4) - Epoch 3/10 | Loss: 0.7809 | Acc: 0.7038 | Val Loss: 0.7889 | Val Acc: 0.7047 | Time: 10.94s
2025-03-05 03:37:55,177 - INFO - P2 (Round 4) - Epoch 4/10 | Loss: 0.7799 | Acc: 0.7040 | Val Loss: 0.7814 | Val Acc: 0.7051 | Time: 10.83s
2025-03-05 03:38:05,994 - INFO - P2 (Round 4) - Epoch 5/10 | Loss: 0.7790 | Acc: 0.7045 | Val Loss: 0.7825 | Val Acc: 0.7061 | Time: 10.82s
2025-03-05 03:38:16,723 - INFO - P2 (Round 4) - Epoch 6/10 | Loss: 0.7784 | Acc: 0.7049 | Val Loss: 0.7798 | Val Acc: 0.7037 | Time: 10.73s
2025-03-05 03:38:28,375 - INFO - P2 (Round 4) - Epoch 7/10 | Loss: 0.7779 | Acc: 0.7052 | Val Loss: 0.7793 | Val Acc: 0.7058 | Time: 11.65s
2025-03-05 03:38:39,542 - INFO - P2 (Round 4) - Epoch 8/10 | Loss: 0.7775 | Acc: 0.7054 | Val Loss: 0.7799 | Val Acc: 0.7060 | Time: 11.17s
2025-03-05 03:38:50,299 - INFO - P2 (Round 4) - Epoch 9/10 | Loss: 0.7773 | Acc: 0.7054 | Val Loss: 0.7794 | Val Acc: 0.7036 | Time: 10.76s
2025-03-05 03:39:00,760 - INFO - P2 (Round 4) - Epoch 10/10 | Loss: 0.7769 | Acc: 0.7056 | Val Loss: 0.7802 | Val Acc: 0.7060 | Time: 10.46s
2025-03-05 03:39:03,021 - INFO - Round 4 completed in 218.48s
2025-03-05 03:39:03,021 - INFO - Global Model - P1 Test: Loss = 1.4101, Accuracy = 0.5934
2025-03-05 03:39:03,021 - INFO - Global Model - P2 Test: Loss = 1.1354, Accuracy = 0.5702
2025-03-05 03:39:13,755 - INFO - P1 (Round 5) - Epoch 1/10 | Loss: 0.5626 | Acc: 0.7777 | Val Loss: 0.5519 | Val Acc: 0.7743 | Time: 10.73s
2025-03-05 03:39:24,634 - INFO - P1 (Round 5) - Epoch 2/10 | Loss: 0.5484 | Acc: 0.7792 | Val Loss: 0.5462 | Val Acc: 0.7836 | Time: 10.88s
2025-03-05 03:39:35,865 - INFO - P1 (Round 5) - Epoch 3/10 | Loss: 0.5450 | Acc: 0.7796 | Val Loss: 0.5440 | Val Acc: 0.7773 | Time: 11.23s
2025-03-05 03:39:47,512 - INFO - P1 (Round 5) - Epoch 4/10 | Loss: 0.5429 | Acc: 0.7798 | Val Loss: 0.5435 | Val Acc: 0.7865 | Time: 11.65s
2025-03-05 03:39:58,175 - INFO - P1 (Round 5) - Epoch 5/10 | Loss: 0.5416 | Acc: 0.7805 | Val Loss: 0.5406 | Val Acc: 0.7851 | Time: 10.66s
2025-03-05 03:40:08,989 - INFO - P1 (Round 5) - Epoch 6/10 | Loss: 0.5406 | Acc: 0.7809 | Val Loss: 0.5402 | Val Acc: 0.7861 | Time: 10.81s
2025-03-05 03:40:19,610 - INFO - P1 (Round 5) - Epoch 7/10 | Loss: 0.5395 | Acc: 0.7814 | Val Loss: 0.5393 | Val Acc: 0.7756 | Time: 10.62s
2025-03-05 03:40:30,370 - INFO - P1 (Round 5) - Epoch 8/10 | Loss: 0.5385 | Acc: 0.7818 | Val Loss: 0.5411 | Val Acc: 0.7851 | Time: 10.76s
2025-03-05 03:40:41,276 - INFO - P1 (Round 5) - Epoch 9/10 | Loss: 0.5376 | Acc: 0.7825 | Val Loss: 0.5378 | Val Acc: 0.7860 | Time: 10.91s
2025-03-05 03:40:52,996 - INFO - P1 (Round 5) - Epoch 10/10 | Loss: 0.5372 | Acc: 0.7829 | Val Loss: 0.5379 | Val Acc: 0.7795 | Time: 11.72s
2025-03-05 03:41:04,070 - INFO - P2 (Round 5) - Epoch 1/10 | Loss: 0.7829 | Acc: 0.7035 | Val Loss: 0.7838 | Val Acc: 0.7052 | Time: 11.07s
2025-03-05 03:41:14,630 - INFO - P2 (Round 5) - Epoch 2/10 | Loss: 0.7799 | Acc: 0.7040 | Val Loss: 0.7801 | Val Acc: 0.7052 | Time: 10.56s
2025-03-05 03:41:25,325 - INFO - P2 (Round 5) - Epoch 3/10 | Loss: 0.7792 | Acc: 0.7043 | Val Loss: 0.7802 | Val Acc: 0.7026 | Time: 10.70s
2025-03-05 03:41:36,069 - INFO - P2 (Round 5) - Epoch 4/10 | Loss: 0.7787 | Acc: 0.7045 | Val Loss: 0.7809 | Val Acc: 0.7039 | Time: 10.74s
2025-03-05 03:41:46,779 - INFO - P2 (Round 5) - Epoch 5/10 | Loss: 0.7781 | Acc: 0.7049 | Val Loss: 0.7798 | Val Acc: 0.7049 | Time: 10.71s
2025-03-05 03:41:57,549 - INFO - P2 (Round 5) - Epoch 6/10 | Loss: 0.7777 | Acc: 0.7054 | Val Loss: 0.7786 | Val Acc: 0.7061 | Time: 10.77s
2025-03-05 03:42:09,206 - INFO - P2 (Round 5) - Epoch 7/10 | Loss: 0.7771 | Acc: 0.7057 | Val Loss: 0.7790 | Val Acc: 0.7060 | Time: 11.66s
2025-03-05 03:42:20,366 - INFO - P2 (Round 5) - Epoch 8/10 | Loss: 0.7771 | Acc: 0.7057 | Val Loss: 0.7801 | Val Acc: 0.7057 | Time: 11.16s
2025-03-05 03:42:31,079 - INFO - P2 (Round 5) - Epoch 9/10 | Loss: 0.7770 | Acc: 0.7057 | Val Loss: 0.7776 | Val Acc: 0.7055 | Time: 10.71s
2025-03-05 03:42:41,717 - INFO - P2 (Round 5) - Epoch 10/10 | Loss: 0.7769 | Acc: 0.7057 | Val Loss: 0.7786 | Val Acc: 0.7060 | Time: 10.64s
2025-03-05 03:42:44,177 - INFO - Round 5 completed in 221.16s
2025-03-05 03:42:44,177 - INFO - Global Model - P1 Test: Loss = 1.3541, Accuracy = 0.5861
2025-03-05 03:42:44,177 - INFO - Global Model - P2 Test: Loss = 0.8947, Accuracy = 0.6974
2025-03-05 03:42:54,767 - INFO - P1 (Round 6) - Epoch 1/10 | Loss: 0.5635 | Acc: 0.7761 | Val Loss: 0.5534 | Val Acc: 0.7754 | Time: 10.59s
2025-03-05 03:43:05,391 - INFO - P1 (Round 6) - Epoch 2/10 | Loss: 0.5473 | Acc: 0.7785 | Val Loss: 0.5444 | Val Acc: 0.7747 | Time: 10.62s
2025-03-05 03:43:17,237 - INFO - P1 (Round 6) - Epoch 3/10 | Loss: 0.5427 | Acc: 0.7800 | Val Loss: 0.5422 | Val Acc: 0.7836 | Time: 11.85s
2025-03-05 03:43:28,156 - INFO - P1 (Round 6) - Epoch 4/10 | Loss: 0.5403 | Acc: 0.7817 | Val Loss: 0.5419 | Val Acc: 0.7849 | Time: 10.92s
2025-03-05 03:43:38,635 - INFO - P1 (Round 6) - Epoch 5/10 | Loss: 0.5389 | Acc: 0.7824 | Val Loss: 0.5395 | Val Acc: 0.7836 | Time: 10.48s
2025-03-05 03:43:49,413 - INFO - P1 (Round 6) - Epoch 6/10 | Loss: 0.5378 | Acc: 0.7832 | Val Loss: 0.5413 | Val Acc: 0.7808 | Time: 10.78s
2025-03-05 03:44:00,083 - INFO - P1 (Round 6) - Epoch 7/10 | Loss: 0.5371 | Acc: 0.7837 | Val Loss: 0.5371 | Val Acc: 0.7797 | Time: 10.67s
2025-03-05 03:44:10,696 - INFO - P1 (Round 6) - Epoch 8/10 | Loss: 0.5363 | Acc: 0.7845 | Val Loss: 0.5361 | Val Acc: 0.7867 | Time: 10.61s
2025-03-05 03:44:21,805 - INFO - P1 (Round 6) - Epoch 9/10 | Loss: 0.5359 | Acc: 0.7849 | Val Loss: 0.5374 | Val Acc: 0.7858 | Time: 11.11s
2025-03-05 03:44:33,391 - INFO - P1 (Round 6) - Epoch 10/10 | Loss: 0.5355 | Acc: 0.7851 | Val Loss: 0.5391 | Val Acc: 0.7848 | Time: 11.59s
2025-03-05 03:44:44,003 - INFO - P2 (Round 6) - Epoch 1/10 | Loss: 0.7796 | Acc: 0.7048 | Val Loss: 0.7797 | Val Acc: 0.7061 | Time: 10.61s
2025-03-05 03:44:54,674 - INFO - P2 (Round 6) - Epoch 2/10 | Loss: 0.7781 | Acc: 0.7052 | Val Loss: 0.7786 | Val Acc: 0.7064 | Time: 10.67s
2025-03-05 03:45:05,469 - INFO - P2 (Round 6) - Epoch 3/10 | Loss: 0.7774 | Acc: 0.7056 | Val Loss: 0.7808 | Val Acc: 0.7064 | Time: 10.79s
2025-03-05 03:45:15,999 - INFO - P2 (Round 6) - Epoch 4/10 | Loss: 0.7770 | Acc: 0.7057 | Val Loss: 0.7791 | Val Acc: 0.7064 | Time: 10.53s
2025-03-05 03:45:26,575 - INFO - P2 (Round 6) - Epoch 5/10 | Loss: 0.7768 | Acc: 0.7059 | Val Loss: 0.7805 | Val Acc: 0.7064 | Time: 10.58s
2025-03-05 03:45:38,182 - INFO - P2 (Round 6) - Epoch 6/10 | Loss: 0.7762 | Acc: 0.7059 | Val Loss: 0.7766 | Val Acc: 0.7064 | Time: 11.61s
2025-03-05 03:45:49,224 - INFO - P2 (Round 6) - Epoch 7/10 | Loss: 0.7765 | Acc: 0.7060 | Val Loss: 0.7773 | Val Acc: 0.7063 | Time: 11.04s
2025-03-05 03:45:59,924 - INFO - P2 (Round 6) - Epoch 8/10 | Loss: 0.7761 | Acc: 0.7060 | Val Loss: 0.7764 | Val Acc: 0.7063 | Time: 10.70s
2025-03-05 03:46:10,579 - INFO - P2 (Round 6) - Epoch 9/10 | Loss: 0.7761 | Acc: 0.7060 | Val Loss: 0.7768 | Val Acc: 0.7063 | Time: 10.65s
2025-03-05 03:46:21,485 - INFO - P2 (Round 6) - Epoch 10/10 | Loss: 0.7756 | Acc: 0.7060 | Val Loss: 0.7785 | Val Acc: 0.7064 | Time: 10.91s
2025-03-05 03:46:23,792 - INFO - Round 6 completed in 219.61s
2025-03-05 03:46:23,792 - INFO - Global Model - P1 Test: Loss = 1.6909, Accuracy = 0.5282
2025-03-05 03:46:23,792 - INFO - Global Model - P2 Test: Loss = 0.8923, Accuracy = 0.6986
2025-03-05 03:46:34,342 - INFO - P1 (Round 7) - Epoch 1/10 | Loss: 0.5500 | Acc: 0.7808 | Val Loss: 0.5428 | Val Acc: 0.7833 | Time: 10.55s
2025-03-05 03:46:45,659 - INFO - P1 (Round 7) - Epoch 2/10 | Loss: 0.5400 | Acc: 0.7827 | Val Loss: 0.5402 | Val Acc: 0.7841 | Time: 11.32s
2025-03-05 03:46:57,076 - INFO - P1 (Round 7) - Epoch 3/10 | Loss: 0.5383 | Acc: 0.7831 | Val Loss: 0.5410 | Val Acc: 0.7836 | Time: 11.42s
2025-03-05 03:47:07,528 - INFO - P1 (Round 7) - Epoch 4/10 | Loss: 0.5371 | Acc: 0.7839 | Val Loss: 0.5363 | Val Acc: 0.7874 | Time: 10.45s
2025-03-05 03:47:17,940 - INFO - P1 (Round 7) - Epoch 5/10 | Loss: 0.5364 | Acc: 0.7842 | Val Loss: 0.5396 | Val Acc: 0.7796 | Time: 10.41s
2025-03-05 03:47:28,620 - INFO - P1 (Round 7) - Epoch 6/10 | Loss: 0.5356 | Acc: 0.7848 | Val Loss: 0.5355 | Val Acc: 0.7866 | Time: 10.68s
2025-03-05 03:47:39,547 - INFO - P1 (Round 7) - Epoch 7/10 | Loss: 0.5351 | Acc: 0.7854 | Val Loss: 0.5353 | Val Acc: 0.7850 | Time: 10.93s
2025-03-05 03:47:50,188 - INFO - P1 (Round 7) - Epoch 8/10 | Loss: 0.5348 | Acc: 0.7857 | Val Loss: 0.5342 | Val Acc: 0.7875 | Time: 10.64s
2025-03-05 03:48:02,030 - INFO - P1 (Round 7) - Epoch 9/10 | Loss: 0.5342 | Acc: 0.7862 | Val Loss: 0.5334 | Val Acc: 0.7886 | Time: 11.84s
2025-03-05 03:48:12,964 - INFO - P1 (Round 7) - Epoch 10/10 | Loss: 0.5338 | Acc: 0.7864 | Val Loss: 0.5347 | Val Acc: 0.7846 | Time: 10.93s
2025-03-05 03:48:23,558 - INFO - P2 (Round 7) - Epoch 1/10 | Loss: 0.7789 | Acc: 0.7054 | Val Loss: 0.7854 | Val Acc: 0.7058 | Time: 10.59s
2025-03-05 03:48:34,385 - INFO - P2 (Round 7) - Epoch 2/10 | Loss: 0.7770 | Acc: 0.7056 | Val Loss: 0.7781 | Val Acc: 0.7064 | Time: 10.83s
2025-03-05 03:48:44,979 - INFO - P2 (Round 7) - Epoch 3/10 | Loss: 0.7766 | Acc: 0.7058 | Val Loss: 0.7826 | Val Acc: 0.7062 | Time: 10.59s
2025-03-05 03:48:55,544 - INFO - P2 (Round 7) - Epoch 4/10 | Loss: 0.7763 | Acc: 0.7059 | Val Loss: 0.7774 | Val Acc: 0.7063 | Time: 10.56s
2025-03-05 03:49:07,254 - INFO - P2 (Round 7) - Epoch 5/10 | Loss: 0.7762 | Acc: 0.7060 | Val Loss: 0.7767 | Val Acc: 0.7041 | Time: 11.71s
2025-03-05 03:49:18,678 - INFO - P2 (Round 7) - Epoch 6/10 | Loss: 0.7756 | Acc: 0.7061 | Val Loss: 0.7762 | Val Acc: 0.7063 | Time: 11.42s
2025-03-05 03:49:29,638 - INFO - P2 (Round 7) - Epoch 7/10 | Loss: 0.7756 | Acc: 0.7061 | Val Loss: 0.7775 | Val Acc: 0.7063 | Time: 10.96s
2025-03-05 03:49:40,716 - INFO - P2 (Round 7) - Epoch 8/10 | Loss: 0.7753 | Acc: 0.7061 | Val Loss: 0.7753 | Val Acc: 0.7063 | Time: 11.08s
2025-03-05 03:49:51,430 - INFO - P2 (Round 7) - Epoch 9/10 | Loss: 0.7751 | Acc: 0.7062 | Val Loss: 0.7789 | Val Acc: 0.7063 | Time: 10.71s
2025-03-05 03:50:01,990 - INFO - P2 (Round 7) - Epoch 10/10 | Loss: 0.7752 | Acc: 0.7062 | Val Loss: 0.7755 | Val Acc: 0.7063 | Time: 10.56s
2025-03-05 03:50:04,253 - INFO - Round 7 completed in 220.46s
2025-03-05 03:50:04,253 - INFO - Global Model - P1 Test: Loss = 1.8563, Accuracy = 0.5050
2025-03-05 03:50:04,253 - INFO - Global Model - P2 Test: Loss = 0.9838, Accuracy = 0.6877
2025-03-05 03:50:14,911 - INFO - P1 (Round 8) - Epoch 1/10 | Loss: 0.5440 | Acc: 0.7811 | Val Loss: 0.5380 | Val Acc: 0.7855 | Time: 10.66s
2025-03-05 03:50:26,768 - INFO - P1 (Round 8) - Epoch 2/10 | Loss: 0.5369 | Acc: 0.7827 | Val Loss: 0.5367 | Val Acc: 0.7849 | Time: 11.86s
2025-03-05 03:50:37,477 - INFO - P1 (Round 8) - Epoch 3/10 | Loss: 0.5360 | Acc: 0.7835 | Val Loss: 0.5360 | Val Acc: 0.7853 | Time: 10.71s
2025-03-05 03:50:48,192 - INFO - P1 (Round 8) - Epoch 4/10 | Loss: 0.5354 | Acc: 0.7842 | Val Loss: 0.5382 | Val Acc: 0.7798 | Time: 10.72s
2025-03-05 03:50:59,011 - INFO - P1 (Round 8) - Epoch 5/10 | Loss: 0.5348 | Acc: 0.7846 | Val Loss: 0.5360 | Val Acc: 0.7859 | Time: 10.82s
2025-03-05 03:51:09,777 - INFO - P1 (Round 8) - Epoch 6/10 | Loss: 0.5344 | Acc: 0.7850 | Val Loss: 0.5344 | Val Acc: 0.7881 | Time: 10.77s
2025-03-05 03:51:20,368 - INFO - P1 (Round 8) - Epoch 7/10 | Loss: 0.5342 | Acc: 0.7853 | Val Loss: 0.5341 | Val Acc: 0.7852 | Time: 10.59s
2025-03-05 03:51:31,876 - INFO - P1 (Round 8) - Epoch 8/10 | Loss: 0.5338 | Acc: 0.7854 | Val Loss: 0.5344 | Val Acc: 0.7791 | Time: 11.51s
2025-03-05 03:51:43,104 - INFO - P1 (Round 8) - Epoch 9/10 | Loss: 0.5334 | Acc: 0.7858 | Val Loss: 0.5339 | Val Acc: 0.7799 | Time: 11.23s
2025-03-05 03:51:53,930 - INFO - P1 (Round 8) - Epoch 10/10 | Loss: 0.5330 | Acc: 0.7864 | Val Loss: 0.5393 | Val Acc: 0.7881 | Time: 10.83s
2025-03-05 03:52:04,432 - INFO - P2 (Round 8) - Epoch 1/10 | Loss: 0.7780 | Acc: 0.7058 | Val Loss: 0.7767 | Val Acc: 0.7060 | Time: 10.50s
2025-03-05 03:52:15,132 - INFO - P2 (Round 8) - Epoch 2/10 | Loss: 0.7764 | Acc: 0.7060 | Val Loss: 0.7781 | Val Acc: 0.7063 | Time: 10.70s
2025-03-05 03:52:25,902 - INFO - P2 (Round 8) - Epoch 3/10 | Loss: 0.7760 | Acc: 0.7060 | Val Loss: 0.7780 | Val Acc: 0.7064 | Time: 10.77s
2025-03-05 03:52:36,721 - INFO - P2 (Round 8) - Epoch 4/10 | Loss: 0.7756 | Acc: 0.7060 | Val Loss: 0.7797 | Val Acc: 0.7063 | Time: 10.82s
2025-03-05 03:52:48,386 - INFO - P2 (Round 8) - Epoch 5/10 | Loss: 0.7753 | Acc: 0.7061 | Val Loss: 0.7760 | Val Acc: 0.7060 | Time: 11.66s
2025-03-05 03:52:59,107 - INFO - P2 (Round 8) - Epoch 6/10 | Loss: 0.7755 | Acc: 0.7061 | Val Loss: 0.7761 | Val Acc: 0.7063 | Time: 10.72s
2025-03-05 03:53:09,789 - INFO - P2 (Round 8) - Epoch 7/10 | Loss: 0.7752 | Acc: 0.7062 | Val Loss: 0.7785 | Val Acc: 0.7060 | Time: 10.68s
2025-03-05 03:53:20,732 - INFO - P2 (Round 8) - Epoch 8/10 | Loss: 0.7748 | Acc: 0.7062 | Val Loss: 0.7767 | Val Acc: 0.7063 | Time: 10.94s
2025-03-05 03:53:31,131 - INFO - P2 (Round 8) - Epoch 9/10 | Loss: 0.7747 | Acc: 0.7061 | Val Loss: 0.7763 | Val Acc: 0.7063 | Time: 10.40s
2025-03-05 03:53:41,731 - INFO - P2 (Round 8) - Epoch 10/10 | Loss: 0.7746 | Acc: 0.7062 | Val Loss: 0.7744 | Val Acc: 0.7063 | Time: 10.60s
2025-03-05 03:53:44,140 - INFO - Round 8 completed in 219.89s
2025-03-05 03:53:44,140 - INFO - Global Model - P1 Test: Loss = 1.9788, Accuracy = 0.4871
2025-03-05 03:53:44,140 - INFO - Global Model - P2 Test: Loss = 0.9794, Accuracy = 0.6876
2025-03-05 03:53:55,718 - INFO - P1 (Round 9) - Epoch 1/10 | Loss: 0.5439 | Acc: 0.7815 | Val Loss: 0.5406 | Val Acc: 0.7841 | Time: 11.58s
2025-03-05 03:54:06,997 - INFO - P1 (Round 9) - Epoch 2/10 | Loss: 0.5366 | Acc: 0.7840 | Val Loss: 0.5377 | Val Acc: 0.7847 | Time: 11.28s
2025-03-05 03:54:17,784 - INFO - P1 (Round 9) - Epoch 3/10 | Loss: 0.5353 | Acc: 0.7848 | Val Loss: 0.5377 | Val Acc: 0.7767 | Time: 10.79s
2025-03-05 03:54:28,806 - INFO - P1 (Round 9) - Epoch 4/10 | Loss: 0.5344 | Acc: 0.7852 | Val Loss: 0.5378 | Val Acc: 0.7869 | Time: 11.02s
2025-03-05 03:54:39,694 - INFO - P1 (Round 9) - Epoch 5/10 | Loss: 0.5338 | Acc: 0.7859 | Val Loss: 0.5340 | Val Acc: 0.7884 | Time: 10.89s
2025-03-05 03:54:50,602 - INFO - P1 (Round 9) - Epoch 6/10 | Loss: 0.5332 | Acc: 0.7856 | Val Loss: 0.5352 | Val Acc: 0.7859 | Time: 10.91s
2025-03-05 03:55:01,680 - INFO - P1 (Round 9) - Epoch 7/10 | Loss: 0.5324 | Acc: 0.7862 | Val Loss: 0.5362 | Val Acc: 0.7889 | Time: 11.08s
2025-03-05 03:55:13,354 - INFO - P1 (Round 9) - Epoch 8/10 | Loss: 0.5320 | Acc: 0.7863 | Val Loss: 0.5325 | Val Acc: 0.7888 | Time: 11.67s
2025-03-05 03:55:23,900 - INFO - P1 (Round 9) - Epoch 9/10 | Loss: 0.5315 | Acc: 0.7864 | Val Loss: 0.5356 | Val Acc: 0.7855 | Time: 10.55s
2025-03-05 03:55:34,768 - INFO - P1 (Round 9) - Epoch 10/10 | Loss: 0.5312 | Acc: 0.7867 | Val Loss: 0.5365 | Val Acc: 0.7874 | Time: 10.87s
2025-03-05 03:55:45,353 - INFO - P2 (Round 9) - Epoch 1/10 | Loss: 0.7775 | Acc: 0.7059 | Val Loss: 0.7795 | Val Acc: 0.7060 | Time: 10.58s
2025-03-05 03:55:56,158 - INFO - P2 (Round 9) - Epoch 2/10 | Loss: 0.7763 | Acc: 0.7060 | Val Loss: 0.7756 | Val Acc: 0.7063 | Time: 10.81s
2025-03-05 03:56:06,717 - INFO - P2 (Round 9) - Epoch 3/10 | Loss: 0.7755 | Acc: 0.7061 | Val Loss: 0.7766 | Val Acc: 0.7063 | Time: 10.56s
2025-03-05 03:56:18,092 - INFO - P2 (Round 9) - Epoch 4/10 | Loss: 0.7751 | Acc: 0.7061 | Val Loss: 0.7776 | Val Acc: 0.7063 | Time: 11.37s
2025-03-05 03:56:29,191 - INFO - P2 (Round 9) - Epoch 5/10 | Loss: 0.7751 | Acc: 0.7062 | Val Loss: 0.7750 | Val Acc: 0.7064 | Time: 11.10s
2025-03-05 03:56:40,288 - INFO - P2 (Round 9) - Epoch 6/10 | Loss: 0.7752 | Acc: 0.7061 | Val Loss: 0.7752 | Val Acc: 0.7064 | Time: 11.10s
2025-03-05 03:56:50,768 - INFO - P2 (Round 9) - Epoch 7/10 | Loss: 0.7748 | Acc: 0.7062 | Val Loss: 0.7772 | Val Acc: 0.7064 | Time: 10.48s
2025-03-05 03:57:01,402 - INFO - P2 (Round 9) - Epoch 8/10 | Loss: 0.7748 | Acc: 0.7062 | Val Loss: 0.7761 | Val Acc: 0.7064 | Time: 10.63s
2025-03-05 03:57:12,167 - INFO - P2 (Round 9) - Epoch 9/10 | Loss: 0.7744 | Acc: 0.7062 | Val Loss: 0.7749 | Val Acc: 0.7064 | Time: 10.76s
2025-03-05 03:57:22,932 - INFO - P2 (Round 9) - Epoch 10/10 | Loss: 0.7744 | Acc: 0.7062 | Val Loss: 0.7770 | Val Acc: 0.7081 | Time: 10.77s
2025-03-05 03:57:25,460 - INFO - Round 9 completed in 221.32s
2025-03-05 03:57:25,460 - INFO - Global Model - P1 Test: Loss = 2.1792, Accuracy = 0.4799
2025-03-05 03:57:25,460 - INFO - Global Model - P2 Test: Loss = 0.9626, Accuracy = 0.6887
2025-03-05 03:57:36,932 - INFO - P1 (Round 10) - Epoch 1/10 | Loss: 0.5422 | Acc: 0.7826 | Val Loss: 0.5398 | Val Acc: 0.7830 | Time: 11.47s
2025-03-05 03:57:47,608 - INFO - P1 (Round 10) - Epoch 2/10 | Loss: 0.5341 | Acc: 0.7850 | Val Loss: 0.5345 | Val Acc: 0.7854 | Time: 10.68s
2025-03-05 03:57:58,383 - INFO - P1 (Round 10) - Epoch 3/10 | Loss: 0.5329 | Acc: 0.7857 | Val Loss: 0.5324 | Val Acc: 0.7875 | Time: 10.77s
2025-03-05 03:58:09,120 - INFO - P1 (Round 10) - Epoch 4/10 | Loss: 0.5322 | Acc: 0.7861 | Val Loss: 0.5329 | Val Acc: 0.7863 | Time: 10.74s
2025-03-05 03:58:20,092 - INFO - P1 (Round 10) - Epoch 5/10 | Loss: 0.5320 | Acc: 0.7863 | Val Loss: 0.5324 | Val Acc: 0.7871 | Time: 10.97s
2025-03-05 03:58:30,956 - INFO - P1 (Round 10) - Epoch 6/10 | Loss: 0.5314 | Acc: 0.7862 | Val Loss: 0.5346 | Val Acc: 0.7851 | Time: 10.86s
2025-03-05 03:58:42,609 - INFO - P1 (Round 10) - Epoch 7/10 | Loss: 0.5310 | Acc: 0.7861 | Val Loss: 0.5329 | Val Acc: 0.7791 | Time: 11.65s
2025-03-05 03:58:53,649 - INFO - P1 (Round 10) - Epoch 8/10 | Loss: 0.5308 | Acc: 0.7863 | Val Loss: 0.5307 | Val Acc: 0.7885 | Time: 11.04s
2025-03-05 03:59:04,263 - INFO - P1 (Round 10) - Epoch 9/10 | Loss: 0.5303 | Acc: 0.7864 | Val Loss: 0.5309 | Val Acc: 0.7860 | Time: 10.61s
2025-03-05 03:59:15,054 - INFO - P1 (Round 10) - Epoch 10/10 | Loss: 0.5301 | Acc: 0.7867 | Val Loss: 0.5313 | Val Acc: 0.7868 | Time: 10.79s
2025-03-05 03:59:25,931 - INFO - P2 (Round 10) - Epoch 1/10 | Loss: 0.7768 | Acc: 0.7061 | Val Loss: 0.7810 | Val Acc: 0.7060 | Time: 10.88s
2025-03-05 03:59:36,583 - INFO - P2 (Round 10) - Epoch 2/10 | Loss: 0.7757 | Acc: 0.7061 | Val Loss: 0.7765 | Val Acc: 0.7063 | Time: 10.65s
2025-03-05 03:59:47,699 - INFO - P2 (Round 10) - Epoch 3/10 | Loss: 0.7754 | Acc: 0.7061 | Val Loss: 0.7777 | Val Acc: 0.7063 | Time: 11.12s
2025-03-05 03:59:59,306 - INFO - P2 (Round 10) - Epoch 4/10 | Loss: 0.7752 | Acc: 0.7061 | Val Loss: 0.7805 | Val Acc: 0.7063 | Time: 11.61s
2025-03-05 04:00:09,810 - INFO - P2 (Round 10) - Epoch 5/10 | Loss: 0.7751 | Acc: 0.7061 | Val Loss: 0.7750 | Val Acc: 0.7063 | Time: 10.50s
2025-03-05 04:00:20,414 - INFO - P2 (Round 10) - Epoch 6/10 | Loss: 0.7750 | Acc: 0.7062 | Val Loss: 0.7781 | Val Acc: 0.7063 | Time: 10.60s
2025-03-05 04:00:31,355 - INFO - P2 (Round 10) - Epoch 7/10 | Loss: 0.7747 | Acc: 0.7061 | Val Loss: 0.7784 | Val Acc: 0.7063 | Time: 10.94s
2025-03-05 04:00:42,167 - INFO - P2 (Round 10) - Epoch 8/10 | Loss: 0.7746 | Acc: 0.7061 | Val Loss: 0.7849 | Val Acc: 0.7063 | Time: 10.81s
2025-03-05 04:00:52,800 - INFO - P2 (Round 10) - Epoch 9/10 | Loss: 0.7744 | Acc: 0.7062 | Val Loss: 0.7751 | Val Acc: 0.7064 | Time: 10.63s
2025-03-05 04:01:04,276 - INFO - P2 (Round 10) - Epoch 10/10 | Loss: 0.7741 | Acc: 0.7062 | Val Loss: 0.7755 | Val Acc: 0.7064 | Time: 11.48s
2025-03-05 04:01:06,770 - INFO - Round 10 completed in 221.31s
2025-03-05 04:01:06,770 - INFO - Global Model - P1 Test: Loss = 2.2728, Accuracy = 0.4743
2025-03-05 04:01:06,770 - INFO - Global Model - P2 Test: Loss = 0.9587, Accuracy = 0.6885
2025-03-05 04:01:09,289 - INFO - Final Results after 10 rounds:
2025-03-05 04:01:09,289 - INFO - Global Model - P1 Test: Loss = 2.2728, Accuracy = 0.4743
2025-03-05 04:01:09,289 - INFO - Global Model - P2 Test: Loss = 0.9587, Accuracy = 0.6885
2025-03-05 04:01:09,294 - INFO - Experiment 167 results saved to results/suppression_experiments/exp_167_p1f3_p2f2.json
