2025-03-05 02:43:50,861 - INFO - Starting Suppression Experiment 171
2025-03-05 02:43:50,862 - INFO - P1 Features (2/14): ['protocol', 'bidirectional_min_ps']
2025-03-05 02:43:50,862 - INFO - P2 Features (12/14): ['protocol', 'bidirectional_min_ps', 'bidirectional_mean_ps', 'bidirectional_stddev_ps', 'bidirectional_max_ps', 'src2dst_stddev_ps', 'src2dst_max_ps', 'dst2src_min_ps', 'dst2src_mean_ps', 'dst2src_stddev_ps', 'dst2src_max_ps', 'bidirectional_stddev_piat_ms']
2025-03-05 02:44:01,243 - INFO - P1 (Round 1) - Epoch 1/10 | Loss: 0.9602 | Acc: 0.6417 | Val Loss: 0.8284 | Val Acc: 0.6869 | Time: 10.28s
2025-03-05 02:44:11,218 - INFO - P1 (Round 1) - Epoch 2/10 | Loss: 0.8179 | Acc: 0.6795 | Val Loss: 0.8160 | Val Acc: 0.6799 | Time: 9.97s
2025-03-05 02:44:21,650 - INFO - P1 (Round 1) - Epoch 3/10 | Loss: 0.8115 | Acc: 0.6799 | Val Loss: 0.8114 | Val Acc: 0.6825 | Time: 10.43s
2025-03-05 02:44:31,552 - INFO - P1 (Round 1) - Epoch 4/10 | Loss: 0.8086 | Acc: 0.6811 | Val Loss: 0.8088 | Val Acc: 0.6800 | Time: 9.90s
2025-03-05 02:44:41,917 - INFO - P1 (Round 1) - Epoch 5/10 | Loss: 0.8060 | Acc: 0.6836 | Val Loss: 0.8062 | Val Acc: 0.6825 | Time: 10.36s
2025-03-05 02:44:52,862 - INFO - P1 (Round 1) - Epoch 6/10 | Loss: 0.8009 | Acc: 0.6909 | Val Loss: 0.7999 | Val Acc: 0.6958 | Time: 10.94s
2025-03-05 02:45:06,312 - INFO - P1 (Round 1) - Epoch 7/10 | Loss: 0.7960 | Acc: 0.6961 | Val Loss: 0.7939 | Val Acc: 0.7016 | Time: 13.45s
2025-03-05 02:45:18,651 - INFO - P1 (Round 1) - Epoch 8/10 | Loss: 0.7924 | Acc: 0.6982 | Val Loss: 0.7929 | Val Acc: 0.6933 | Time: 12.34s
2025-03-05 02:45:30,659 - INFO - P1 (Round 1) - Epoch 9/10 | Loss: 0.7895 | Acc: 0.7001 | Val Loss: 0.7878 | Val Acc: 0.7012 | Time: 12.01s
2025-03-05 02:45:42,587 - INFO - P1 (Round 1) - Epoch 10/10 | Loss: 0.7871 | Acc: 0.7011 | Val Loss: 0.7853 | Val Acc: 0.7019 | Time: 11.93s
2025-03-05 02:45:54,241 - INFO - P2 (Round 1) - Epoch 1/10 | Loss: 0.3612 | Acc: 0.8738 | Val Loss: 0.2192 | Val Acc: 0.9229 | Time: 11.65s
2025-03-05 02:46:06,484 - INFO - P2 (Round 1) - Epoch 2/10 | Loss: 0.2046 | Acc: 0.9270 | Val Loss: 0.1898 | Val Acc: 0.9327 | Time: 12.24s
2025-03-05 02:46:19,601 - INFO - P2 (Round 1) - Epoch 3/10 | Loss: 0.1780 | Acc: 0.9379 | Val Loss: 0.1648 | Val Acc: 0.9433 | Time: 13.12s
2025-03-05 02:46:31,374 - INFO - P2 (Round 1) - Epoch 4/10 | Loss: 0.1469 | Acc: 0.9541 | Val Loss: 0.1324 | Val Acc: 0.9602 | Time: 11.77s
2025-03-05 02:46:43,069 - INFO - P2 (Round 1) - Epoch 5/10 | Loss: 0.1245 | Acc: 0.9621 | Val Loss: 0.1180 | Val Acc: 0.9638 | Time: 11.69s
2025-03-05 02:46:55,161 - INFO - P2 (Round 1) - Epoch 6/10 | Loss: 0.1156 | Acc: 0.9642 | Val Loss: 0.1124 | Val Acc: 0.9638 | Time: 12.09s
2025-03-05 02:47:07,374 - INFO - P2 (Round 1) - Epoch 7/10 | Loss: 0.1108 | Acc: 0.9656 | Val Loss: 0.1100 | Val Acc: 0.9672 | Time: 12.21s
2025-03-05 02:47:19,813 - INFO - P2 (Round 1) - Epoch 8/10 | Loss: 0.1074 | Acc: 0.9669 | Val Loss: 0.1042 | Val Acc: 0.9680 | Time: 12.44s
2025-03-05 02:47:32,718 - INFO - P2 (Round 1) - Epoch 9/10 | Loss: 0.1043 | Acc: 0.9681 | Val Loss: 0.1038 | Val Acc: 0.9679 | Time: 12.90s
2025-03-05 02:47:45,353 - INFO - P2 (Round 1) - Epoch 10/10 | Loss: 0.1019 | Acc: 0.9689 | Val Loss: 0.1008 | Val Acc: 0.9695 | Time: 12.63s
2025-03-05 02:47:48,148 - INFO - Round 1 completed in 237.18s
2025-03-05 02:47:48,148 - INFO - Global Model - P1 Test: Loss = 2.1747, Accuracy = 0.4383
2025-03-05 02:47:48,148 - INFO - Global Model - P2 Test: Loss = 1.9556, Accuracy = 0.4387
2025-03-05 02:48:00,673 - INFO - P1 (Round 2) - Epoch 1/10 | Loss: 0.8444 | Acc: 0.6900 | Val Loss: 0.8121 | Val Acc: 0.6969 | Time: 12.52s
2025-03-05 02:48:12,509 - INFO - P1 (Round 2) - Epoch 2/10 | Loss: 0.8068 | Acc: 0.6973 | Val Loss: 0.8026 | Val Acc: 0.7015 | Time: 11.84s
2025-03-05 02:48:24,518 - INFO - P1 (Round 2) - Epoch 3/10 | Loss: 0.7990 | Acc: 0.7002 | Val Loss: 0.7975 | Val Acc: 0.7012 | Time: 12.01s
2025-03-05 02:48:37,695 - INFO - P1 (Round 2) - Epoch 4/10 | Loss: 0.7958 | Acc: 0.7014 | Val Loss: 0.7966 | Val Acc: 0.7012 | Time: 13.18s
2025-03-05 02:48:49,488 - INFO - P1 (Round 2) - Epoch 5/10 | Loss: 0.7937 | Acc: 0.7019 | Val Loss: 0.7931 | Val Acc: 0.7037 | Time: 11.79s
2025-03-05 02:49:02,372 - INFO - P1 (Round 2) - Epoch 6/10 | Loss: 0.7920 | Acc: 0.7021 | Val Loss: 0.7909 | Val Acc: 0.7013 | Time: 12.88s
2025-03-05 02:49:12,720 - INFO - P1 (Round 2) - Epoch 7/10 | Loss: 0.7907 | Acc: 0.7022 | Val Loss: 0.7905 | Val Acc: 0.7037 | Time: 10.35s
2025-03-05 02:49:23,103 - INFO - P1 (Round 2) - Epoch 8/10 | Loss: 0.7893 | Acc: 0.7021 | Val Loss: 0.7911 | Val Acc: 0.7015 | Time: 10.38s
2025-03-05 02:49:34,794 - INFO - P1 (Round 2) - Epoch 9/10 | Loss: 0.7882 | Acc: 0.7023 | Val Loss: 0.7883 | Val Acc: 0.7035 | Time: 11.69s
2025-03-05 02:49:48,186 - INFO - P1 (Round 2) - Epoch 10/10 | Loss: 0.7875 | Acc: 0.7024 | Val Loss: 0.7876 | Val Acc: 0.7021 | Time: 13.39s
2025-03-05 02:50:00,327 - INFO - P2 (Round 2) - Epoch 1/10 | Loss: 0.2107 | Acc: 0.9317 | Val Loss: 0.1395 | Val Acc: 0.9571 | Time: 12.14s
2025-03-05 02:50:12,271 - INFO - P2 (Round 2) - Epoch 2/10 | Loss: 0.1246 | Acc: 0.9619 | Val Loss: 0.1168 | Val Acc: 0.9647 | Time: 11.94s
2025-03-05 02:50:24,169 - INFO - P2 (Round 2) - Epoch 3/10 | Loss: 0.1093 | Acc: 0.9664 | Val Loss: 0.1031 | Val Acc: 0.9684 | Time: 11.90s
2025-03-05 02:50:36,025 - INFO - P2 (Round 2) - Epoch 4/10 | Loss: 0.1010 | Acc: 0.9685 | Val Loss: 0.0976 | Val Acc: 0.9702 | Time: 11.86s
2025-03-05 02:50:48,069 - INFO - P2 (Round 2) - Epoch 5/10 | Loss: 0.0964 | Acc: 0.9697 | Val Loss: 0.0941 | Val Acc: 0.9713 | Time: 12.04s
2025-03-05 02:51:01,456 - INFO - P2 (Round 2) - Epoch 6/10 | Loss: 0.0932 | Acc: 0.9705 | Val Loss: 0.0909 | Val Acc: 0.9705 | Time: 13.39s
2025-03-05 02:51:13,764 - INFO - P2 (Round 2) - Epoch 7/10 | Loss: 0.0907 | Acc: 0.9711 | Val Loss: 0.0883 | Val Acc: 0.9718 | Time: 12.31s
2025-03-05 02:51:25,704 - INFO - P2 (Round 2) - Epoch 8/10 | Loss: 0.0885 | Acc: 0.9716 | Val Loss: 0.0878 | Val Acc: 0.9716 | Time: 11.94s
2025-03-05 02:51:37,893 - INFO - P2 (Round 2) - Epoch 9/10 | Loss: 0.0870 | Acc: 0.9720 | Val Loss: 0.0857 | Val Acc: 0.9726 | Time: 12.19s
2025-03-05 02:51:49,944 - INFO - P2 (Round 2) - Epoch 10/10 | Loss: 0.0861 | Acc: 0.9722 | Val Loss: 0.0844 | Val Acc: 0.9736 | Time: 12.05s
2025-03-05 02:51:52,458 - INFO - Round 2 completed in 244.31s
2025-03-05 02:51:52,458 - INFO - Global Model - P1 Test: Loss = 1.8072, Accuracy = 0.6033
2025-03-05 02:51:52,458 - INFO - Global Model - P2 Test: Loss = 2.9790, Accuracy = 0.4735
2025-03-05 02:52:04,740 - INFO - P1 (Round 3) - Epoch 1/10 | Loss: 0.8016 | Acc: 0.6989 | Val Loss: 0.7893 | Val Acc: 0.7016 | Time: 12.28s
2025-03-05 02:52:17,647 - INFO - P1 (Round 3) - Epoch 2/10 | Loss: 0.7889 | Acc: 0.7015 | Val Loss: 0.7884 | Val Acc: 0.7038 | Time: 12.91s
2025-03-05 02:52:29,514 - INFO - P1 (Round 3) - Epoch 3/10 | Loss: 0.7867 | Acc: 0.7021 | Val Loss: 0.7847 | Val Acc: 0.7009 | Time: 11.87s
2025-03-05 02:52:41,370 - INFO - P1 (Round 3) - Epoch 4/10 | Loss: 0.7851 | Acc: 0.7024 | Val Loss: 0.7844 | Val Acc: 0.7019 | Time: 11.86s
2025-03-05 02:52:53,485 - INFO - P1 (Round 3) - Epoch 5/10 | Loss: 0.7842 | Acc: 0.7029 | Val Loss: 0.7835 | Val Acc: 0.7040 | Time: 12.11s
2025-03-05 02:53:05,887 - INFO - P1 (Round 3) - Epoch 6/10 | Loss: 0.7832 | Acc: 0.7035 | Val Loss: 0.7826 | Val Acc: 0.7048 | Time: 12.40s
2025-03-05 02:53:18,818 - INFO - P1 (Round 3) - Epoch 7/10 | Loss: 0.7824 | Acc: 0.7037 | Val Loss: 0.7815 | Val Acc: 0.7057 | Time: 12.93s
2025-03-05 02:53:31,396 - INFO - P1 (Round 3) - Epoch 8/10 | Loss: 0.7817 | Acc: 0.7038 | Val Loss: 0.7807 | Val Acc: 0.7051 | Time: 12.58s
2025-03-05 02:53:43,606 - INFO - P1 (Round 3) - Epoch 9/10 | Loss: 0.7811 | Acc: 0.7040 | Val Loss: 0.7807 | Val Acc: 0.7030 | Time: 12.21s
2025-03-05 02:53:55,586 - INFO - P1 (Round 3) - Epoch 10/10 | Loss: 0.7808 | Acc: 0.7039 | Val Loss: 0.7805 | Val Acc: 0.7052 | Time: 11.98s
2025-03-05 02:54:07,871 - INFO - P2 (Round 3) - Epoch 1/10 | Loss: 0.1759 | Acc: 0.9456 | Val Loss: 0.1193 | Val Acc: 0.9624 | Time: 12.29s
2025-03-05 02:54:20,598 - INFO - P2 (Round 3) - Epoch 2/10 | Loss: 0.1051 | Acc: 0.9687 | Val Loss: 0.0987 | Val Acc: 0.9703 | Time: 12.73s
2025-03-05 02:54:33,723 - INFO - P2 (Round 3) - Epoch 3/10 | Loss: 0.0947 | Acc: 0.9713 | Val Loss: 0.0914 | Val Acc: 0.9731 | Time: 13.13s
2025-03-05 02:54:45,966 - INFO - P2 (Round 3) - Epoch 4/10 | Loss: 0.0895 | Acc: 0.9724 | Val Loss: 0.0865 | Val Acc: 0.9729 | Time: 12.24s
2025-03-05 02:54:58,151 - INFO - P2 (Round 3) - Epoch 5/10 | Loss: 0.0866 | Acc: 0.9731 | Val Loss: 0.0844 | Val Acc: 0.9740 | Time: 12.18s
2025-03-05 02:55:10,511 - INFO - P2 (Round 3) - Epoch 6/10 | Loss: 0.0844 | Acc: 0.9736 | Val Loss: 0.0860 | Val Acc: 0.9733 | Time: 12.36s
2025-03-05 02:55:22,655 - INFO - P2 (Round 3) - Epoch 7/10 | Loss: 0.0827 | Acc: 0.9740 | Val Loss: 0.0820 | Val Acc: 0.9747 | Time: 12.14s
2025-03-05 02:55:34,476 - INFO - P2 (Round 3) - Epoch 8/10 | Loss: 0.0812 | Acc: 0.9743 | Val Loss: 0.0802 | Val Acc: 0.9746 | Time: 11.82s
2025-03-05 02:55:47,310 - INFO - P2 (Round 3) - Epoch 9/10 | Loss: 0.0799 | Acc: 0.9747 | Val Loss: 0.0786 | Val Acc: 0.9754 | Time: 12.83s
2025-03-05 02:55:59,248 - INFO - P2 (Round 3) - Epoch 10/10 | Loss: 0.0788 | Acc: 0.9749 | Val Loss: 0.0784 | Val Acc: 0.9751 | Time: 11.94s
2025-03-05 02:56:01,732 - INFO - Round 3 completed in 249.27s
2025-03-05 02:56:01,732 - INFO - Global Model - P1 Test: Loss = 1.5391, Accuracy = 0.6002
2025-03-05 02:56:01,733 - INFO - Global Model - P2 Test: Loss = 1.9279, Accuracy = 0.6081
2025-03-05 02:56:13,507 - INFO - P1 (Round 4) - Epoch 1/10 | Loss: 0.7911 | Acc: 0.7014 | Val Loss: 0.7856 | Val Acc: 0.7039 | Time: 11.77s
2025-03-05 02:56:25,438 - INFO - P1 (Round 4) - Epoch 2/10 | Loss: 0.7846 | Acc: 0.7024 | Val Loss: 0.7841 | Val Acc: 0.7039 | Time: 11.93s
2025-03-05 02:56:37,452 - INFO - P1 (Round 4) - Epoch 3/10 | Loss: 0.7831 | Acc: 0.7032 | Val Loss: 0.7812 | Val Acc: 0.7030 | Time: 12.01s
2025-03-05 02:56:49,662 - INFO - P1 (Round 4) - Epoch 4/10 | Loss: 0.7825 | Acc: 0.7037 | Val Loss: 0.7828 | Val Acc: 0.7030 | Time: 12.21s
2025-03-05 02:57:02,513 - INFO - P1 (Round 4) - Epoch 5/10 | Loss: 0.7821 | Acc: 0.7038 | Val Loss: 0.7808 | Val Acc: 0.7028 | Time: 12.85s
2025-03-05 02:57:14,626 - INFO - P1 (Round 4) - Epoch 6/10 | Loss: 0.7819 | Acc: 0.7038 | Val Loss: 0.7803 | Val Acc: 0.7052 | Time: 12.11s
2025-03-05 02:57:27,080 - INFO - P1 (Round 4) - Epoch 7/10 | Loss: 0.7815 | Acc: 0.7039 | Val Loss: 0.7797 | Val Acc: 0.7052 | Time: 12.45s
2025-03-05 02:57:39,017 - INFO - P1 (Round 4) - Epoch 8/10 | Loss: 0.7813 | Acc: 0.7039 | Val Loss: 0.7823 | Val Acc: 0.7030 | Time: 11.94s
2025-03-05 02:57:51,216 - INFO - P1 (Round 4) - Epoch 9/10 | Loss: 0.7815 | Acc: 0.7038 | Val Loss: 0.7810 | Val Acc: 0.7052 | Time: 12.20s
2025-03-05 02:58:03,974 - INFO - P1 (Round 4) - Epoch 10/10 | Loss: 0.7810 | Acc: 0.7039 | Val Loss: 0.7801 | Val Acc: 0.7053 | Time: 12.76s
2025-03-05 02:58:16,129 - INFO - P2 (Round 4) - Epoch 1/10 | Loss: 0.1145 | Acc: 0.9671 | Val Loss: 0.0904 | Val Acc: 0.9726 | Time: 12.15s
2025-03-05 02:58:27,844 - INFO - P2 (Round 4) - Epoch 2/10 | Loss: 0.0868 | Acc: 0.9728 | Val Loss: 0.0828 | Val Acc: 0.9739 | Time: 11.72s
2025-03-05 02:58:40,202 - INFO - P2 (Round 4) - Epoch 3/10 | Loss: 0.0825 | Acc: 0.9739 | Val Loss: 0.0824 | Val Acc: 0.9734 | Time: 12.36s
2025-03-05 02:58:52,261 - INFO - P2 (Round 4) - Epoch 4/10 | Loss: 0.0807 | Acc: 0.9743 | Val Loss: 0.0789 | Val Acc: 0.9754 | Time: 12.06s
2025-03-05 02:59:03,993 - INFO - P2 (Round 4) - Epoch 5/10 | Loss: 0.0791 | Acc: 0.9748 | Val Loss: 0.0793 | Val Acc: 0.9758 | Time: 11.73s
2025-03-05 02:59:17,245 - INFO - P2 (Round 4) - Epoch 6/10 | Loss: 0.0780 | Acc: 0.9752 | Val Loss: 0.0772 | Val Acc: 0.9758 | Time: 13.25s
2025-03-05 02:59:29,198 - INFO - P2 (Round 4) - Epoch 7/10 | Loss: 0.0773 | Acc: 0.9752 | Val Loss: 0.0797 | Val Acc: 0.9742 | Time: 11.95s
2025-03-05 02:59:41,175 - INFO - P2 (Round 4) - Epoch 8/10 | Loss: 0.0765 | Acc: 0.9756 | Val Loss: 0.0756 | Val Acc: 0.9764 | Time: 11.98s
2025-03-05 02:59:53,135 - INFO - P2 (Round 4) - Epoch 9/10 | Loss: 0.0758 | Acc: 0.9759 | Val Loss: 0.0764 | Val Acc: 0.9753 | Time: 11.96s
2025-03-05 03:00:05,157 - INFO - P2 (Round 4) - Epoch 10/10 | Loss: 0.0752 | Acc: 0.9761 | Val Loss: 0.0743 | Val Acc: 0.9765 | Time: 12.02s
2025-03-05 03:00:07,714 - INFO - Round 4 completed in 245.98s
2025-03-05 03:00:07,714 - INFO - Global Model - P1 Test: Loss = 1.6086, Accuracy = 0.6562
2025-03-05 03:00:07,714 - INFO - Global Model - P2 Test: Loss = 1.2754, Accuracy = 0.6665
2025-03-05 03:00:19,930 - INFO - P1 (Round 5) - Epoch 1/10 | Loss: 0.7890 | Acc: 0.7021 | Val Loss: 0.7831 | Val Acc: 0.7026 | Time: 12.21s
2025-03-05 03:00:33,221 - INFO - P1 (Round 5) - Epoch 2/10 | Loss: 0.7832 | Acc: 0.7033 | Val Loss: 0.7816 | Val Acc: 0.7030 | Time: 13.29s
2025-03-05 03:00:48,180 - INFO - P1 (Round 5) - Epoch 3/10 | Loss: 0.7822 | Acc: 0.7036 | Val Loss: 0.7819 | Val Acc: 0.7029 | Time: 14.96s
2025-03-05 03:01:01,529 - INFO - P1 (Round 5) - Epoch 4/10 | Loss: 0.7819 | Acc: 0.7037 | Val Loss: 0.7807 | Val Acc: 0.7028 | Time: 13.35s
2025-03-05 03:01:14,520 - INFO - P1 (Round 5) - Epoch 5/10 | Loss: 0.7815 | Acc: 0.7039 | Val Loss: 0.7814 | Val Acc: 0.7052 | Time: 12.99s
2025-03-05 03:01:26,771 - INFO - P1 (Round 5) - Epoch 6/10 | Loss: 0.7813 | Acc: 0.7039 | Val Loss: 0.7803 | Val Acc: 0.7050 | Time: 12.25s
2025-03-05 03:01:38,886 - INFO - P1 (Round 5) - Epoch 7/10 | Loss: 0.7810 | Acc: 0.7040 | Val Loss: 0.7800 | Val Acc: 0.7052 | Time: 12.11s
2025-03-05 03:01:49,140 - INFO - P1 (Round 5) - Epoch 8/10 | Loss: 0.7809 | Acc: 0.7039 | Val Loss: 0.7791 | Val Acc: 0.7052 | Time: 10.25s
2025-03-05 03:01:59,146 - INFO - P1 (Round 5) - Epoch 9/10 | Loss: 0.7809 | Acc: 0.7040 | Val Loss: 0.7795 | Val Acc: 0.7056 | Time: 10.01s
2025-03-05 03:02:09,350 - INFO - P1 (Round 5) - Epoch 10/10 | Loss: 0.7805 | Acc: 0.7040 | Val Loss: 0.7805 | Val Acc: 0.7052 | Time: 10.20s
2025-03-05 03:02:19,650 - INFO - P2 (Round 5) - Epoch 1/10 | Loss: 0.0985 | Acc: 0.9701 | Val Loss: 0.0819 | Val Acc: 0.9746 | Time: 10.30s
2025-03-05 03:02:29,817 - INFO - P2 (Round 5) - Epoch 2/10 | Loss: 0.0796 | Acc: 0.9748 | Val Loss: 0.0799 | Val Acc: 0.9748 | Time: 10.17s
2025-03-05 03:02:39,899 - INFO - P2 (Round 5) - Epoch 3/10 | Loss: 0.0776 | Acc: 0.9754 | Val Loss: 0.0777 | Val Acc: 0.9752 | Time: 10.08s
2025-03-05 03:02:51,885 - INFO - P2 (Round 5) - Epoch 4/10 | Loss: 0.0762 | Acc: 0.9758 | Val Loss: 0.0755 | Val Acc: 0.9762 | Time: 11.99s
2025-03-05 03:03:01,999 - INFO - P2 (Round 5) - Epoch 5/10 | Loss: 0.0753 | Acc: 0.9762 | Val Loss: 0.0763 | Val Acc: 0.9753 | Time: 10.11s
2025-03-05 03:03:11,994 - INFO - P2 (Round 5) - Epoch 6/10 | Loss: 0.0748 | Acc: 0.9763 | Val Loss: 0.0741 | Val Acc: 0.9766 | Time: 9.99s
2025-03-05 03:03:22,056 - INFO - P2 (Round 5) - Epoch 7/10 | Loss: 0.0743 | Acc: 0.9764 | Val Loss: 0.0756 | Val Acc: 0.9763 | Time: 10.06s
2025-03-05 03:03:32,244 - INFO - P2 (Round 5) - Epoch 8/10 | Loss: 0.0737 | Acc: 0.9766 | Val Loss: 0.0734 | Val Acc: 0.9768 | Time: 10.19s
2025-03-05 03:03:42,295 - INFO - P2 (Round 5) - Epoch 9/10 | Loss: 0.0735 | Acc: 0.9766 | Val Loss: 0.0740 | Val Acc: 0.9766 | Time: 10.05s
2025-03-05 03:03:52,551 - INFO - P2 (Round 5) - Epoch 10/10 | Loss: 0.0729 | Acc: 0.9769 | Val Loss: 0.0727 | Val Acc: 0.9771 | Time: 10.26s
2025-03-05 03:03:55,346 - INFO - Round 5 completed in 227.63s
2025-03-05 03:03:55,346 - INFO - Global Model - P1 Test: Loss = 1.7681, Accuracy = 0.5704
2025-03-05 03:03:55,346 - INFO - Global Model - P2 Test: Loss = 1.0357, Accuracy = 0.7138
2025-03-05 03:04:06,948 - INFO - P1 (Round 6) - Epoch 1/10 | Loss: 0.7884 | Acc: 0.7029 | Val Loss: 0.7857 | Val Acc: 0.7052 | Time: 11.60s
2025-03-05 03:04:17,072 - INFO - P1 (Round 6) - Epoch 2/10 | Loss: 0.7826 | Acc: 0.7036 | Val Loss: 0.7813 | Val Acc: 0.7028 | Time: 10.12s
2025-03-05 03:04:29,264 - INFO - P1 (Round 6) - Epoch 3/10 | Loss: 0.7819 | Acc: 0.7037 | Val Loss: 0.7823 | Val Acc: 0.7052 | Time: 12.19s
2025-03-05 03:04:41,336 - INFO - P1 (Round 6) - Epoch 4/10 | Loss: 0.7815 | Acc: 0.7038 | Val Loss: 0.7796 | Val Acc: 0.7030 | Time: 12.07s
2025-03-05 03:04:53,243 - INFO - P1 (Round 6) - Epoch 5/10 | Loss: 0.7817 | Acc: 0.7037 | Val Loss: 0.7820 | Val Acc: 0.7026 | Time: 11.91s
2025-03-05 03:05:05,409 - INFO - P1 (Round 6) - Epoch 6/10 | Loss: 0.7815 | Acc: 0.7037 | Val Loss: 0.7811 | Val Acc: 0.7056 | Time: 12.17s
2025-03-05 03:05:18,173 - INFO - P1 (Round 6) - Epoch 7/10 | Loss: 0.7814 | Acc: 0.7039 | Val Loss: 0.7808 | Val Acc: 0.7049 | Time: 12.76s
2025-03-05 03:05:30,252 - INFO - P1 (Round 6) - Epoch 8/10 | Loss: 0.7812 | Acc: 0.7040 | Val Loss: 0.7808 | Val Acc: 0.7050 | Time: 12.08s
2025-03-05 03:05:42,457 - INFO - P1 (Round 6) - Epoch 9/10 | Loss: 0.7810 | Acc: 0.7041 | Val Loss: 0.7791 | Val Acc: 0.7054 | Time: 12.20s
2025-03-05 03:05:54,429 - INFO - P1 (Round 6) - Epoch 10/10 | Loss: 0.7809 | Acc: 0.7041 | Val Loss: 0.7815 | Val Acc: 0.7034 | Time: 11.97s
2025-03-05 03:06:06,460 - INFO - P2 (Round 6) - Epoch 1/10 | Loss: 0.0899 | Acc: 0.9724 | Val Loss: 0.0766 | Val Acc: 0.9764 | Time: 12.03s
2025-03-05 03:06:19,318 - INFO - P2 (Round 6) - Epoch 2/10 | Loss: 0.0761 | Acc: 0.9759 | Val Loss: 0.0756 | Val Acc: 0.9760 | Time: 12.86s
2025-03-05 03:06:32,162 - INFO - P2 (Round 6) - Epoch 3/10 | Loss: 0.0746 | Acc: 0.9764 | Val Loss: 0.0753 | Val Acc: 0.9765 | Time: 12.84s
2025-03-05 03:06:43,770 - INFO - P2 (Round 6) - Epoch 4/10 | Loss: 0.0734 | Acc: 0.9767 | Val Loss: 0.0726 | Val Acc: 0.9766 | Time: 11.61s
2025-03-05 03:06:55,791 - INFO - P2 (Round 6) - Epoch 5/10 | Loss: 0.0727 | Acc: 0.9769 | Val Loss: 0.0718 | Val Acc: 0.9770 | Time: 12.02s
2025-03-05 03:07:06,452 - INFO - P2 (Round 6) - Epoch 6/10 | Loss: 0.0724 | Acc: 0.9770 | Val Loss: 0.0729 | Val Acc: 0.9767 | Time: 10.66s
2025-03-05 03:07:16,623 - INFO - P2 (Round 6) - Epoch 7/10 | Loss: 0.0718 | Acc: 0.9772 | Val Loss: 0.0714 | Val Acc: 0.9777 | Time: 10.17s
2025-03-05 03:07:27,405 - INFO - P2 (Round 6) - Epoch 8/10 | Loss: 0.0716 | Acc: 0.9774 | Val Loss: 0.0711 | Val Acc: 0.9776 | Time: 10.78s
2025-03-05 03:07:39,404 - INFO - P2 (Round 6) - Epoch 9/10 | Loss: 0.0714 | Acc: 0.9774 | Val Loss: 0.0703 | Val Acc: 0.9776 | Time: 12.00s
2025-03-05 03:07:52,113 - INFO - P2 (Round 6) - Epoch 10/10 | Loss: 0.0710 | Acc: 0.9775 | Val Loss: 0.0721 | Val Acc: 0.9770 | Time: 12.71s
2025-03-05 03:07:54,498 - INFO - Round 6 completed in 239.15s
2025-03-05 03:07:54,498 - INFO - Global Model - P1 Test: Loss = 1.7859, Accuracy = 0.5858
2025-03-05 03:07:54,498 - INFO - Global Model - P2 Test: Loss = 0.9212, Accuracy = 0.7541
2025-03-05 03:08:04,633 - INFO - P1 (Round 7) - Epoch 1/10 | Loss: 0.7889 | Acc: 0.7024 | Val Loss: 0.7818 | Val Acc: 0.7027 | Time: 10.13s
2025-03-05 03:08:16,520 - INFO - P1 (Round 7) - Epoch 2/10 | Loss: 0.7824 | Acc: 0.7035 | Val Loss: 0.7828 | Val Acc: 0.7047 | Time: 11.89s
2025-03-05 03:08:28,571 - INFO - P1 (Round 7) - Epoch 3/10 | Loss: 0.7818 | Acc: 0.7036 | Val Loss: 0.7797 | Val Acc: 0.7026 | Time: 12.05s
2025-03-05 03:08:38,682 - INFO - P1 (Round 7) - Epoch 4/10 | Loss: 0.7816 | Acc: 0.7038 | Val Loss: 0.7798 | Val Acc: 0.7027 | Time: 10.11s
2025-03-05 03:08:50,362 - INFO - P1 (Round 7) - Epoch 5/10 | Loss: 0.7813 | Acc: 0.7040 | Val Loss: 0.7810 | Val Acc: 0.7047 | Time: 11.68s
2025-03-05 03:09:00,516 - INFO - P1 (Round 7) - Epoch 6/10 | Loss: 0.7810 | Acc: 0.7041 | Val Loss: 0.7803 | Val Acc: 0.7056 | Time: 10.15s
2025-03-05 03:09:10,554 - INFO - P1 (Round 7) - Epoch 7/10 | Loss: 0.7809 | Acc: 0.7042 | Val Loss: 0.7799 | Val Acc: 0.7053 | Time: 10.04s
2025-03-05 03:09:21,012 - INFO - P1 (Round 7) - Epoch 8/10 | Loss: 0.7807 | Acc: 0.7042 | Val Loss: 0.7791 | Val Acc: 0.7034 | Time: 10.46s
2025-03-05 03:09:31,060 - INFO - P1 (Round 7) - Epoch 9/10 | Loss: 0.7805 | Acc: 0.7042 | Val Loss: 0.7789 | Val Acc: 0.7055 | Time: 10.05s
2025-03-05 03:09:41,095 - INFO - P1 (Round 7) - Epoch 10/10 | Loss: 0.7804 | Acc: 0.7043 | Val Loss: 0.7801 | Val Acc: 0.7050 | Time: 10.04s
2025-03-05 03:09:51,642 - INFO - P2 (Round 7) - Epoch 1/10 | Loss: 0.0865 | Acc: 0.9732 | Val Loss: 0.0735 | Val Acc: 0.9767 | Time: 10.55s
2025-03-05 03:10:04,743 - INFO - P2 (Round 7) - Epoch 2/10 | Loss: 0.0740 | Acc: 0.9766 | Val Loss: 0.0735 | Val Acc: 0.9770 | Time: 13.10s
2025-03-05 03:10:17,309 - INFO - P2 (Round 7) - Epoch 3/10 | Loss: 0.0727 | Acc: 0.9770 | Val Loss: 0.0737 | Val Acc: 0.9767 | Time: 12.57s
2025-03-05 03:10:29,334 - INFO - P2 (Round 7) - Epoch 4/10 | Loss: 0.0718 | Acc: 0.9773 | Val Loss: 0.0713 | Val Acc: 0.9775 | Time: 12.02s
2025-03-05 03:10:41,461 - INFO - P2 (Round 7) - Epoch 5/10 | Loss: 0.0713 | Acc: 0.9774 | Val Loss: 0.0710 | Val Acc: 0.9779 | Time: 12.13s
2025-03-05 03:10:53,528 - INFO - P2 (Round 7) - Epoch 6/10 | Loss: 0.0708 | Acc: 0.9776 | Val Loss: 0.0707 | Val Acc: 0.9779 | Time: 12.07s
2025-03-05 03:11:06,320 - INFO - P2 (Round 7) - Epoch 7/10 | Loss: 0.0705 | Acc: 0.9777 | Val Loss: 0.0707 | Val Acc: 0.9779 | Time: 12.79s
2025-03-05 03:11:19,069 - INFO - P2 (Round 7) - Epoch 8/10 | Loss: 0.0701 | Acc: 0.9778 | Val Loss: 0.0699 | Val Acc: 0.9777 | Time: 12.75s
2025-03-05 03:11:31,062 - INFO - P2 (Round 7) - Epoch 9/10 | Loss: 0.0699 | Acc: 0.9779 | Val Loss: 0.0690 | Val Acc: 0.9775 | Time: 11.99s
2025-03-05 03:11:43,050 - INFO - P2 (Round 7) - Epoch 10/10 | Loss: 0.0696 | Acc: 0.9780 | Val Loss: 0.0707 | Val Acc: 0.9779 | Time: 11.99s
2025-03-05 03:11:45,620 - INFO - Round 7 completed in 231.12s
2025-03-05 03:11:45,620 - INFO - Global Model - P1 Test: Loss = 1.7887, Accuracy = 0.6561
2025-03-05 03:11:45,620 - INFO - Global Model - P2 Test: Loss = 1.5527, Accuracy = 0.6956
2025-03-05 03:11:57,330 - INFO - P1 (Round 8) - Epoch 1/10 | Loss: 0.7891 | Acc: 0.7024 | Val Loss: 0.7819 | Val Acc: 0.7047 | Time: 11.71s
2025-03-05 03:12:09,270 - INFO - P1 (Round 8) - Epoch 2/10 | Loss: 0.7819 | Acc: 0.7037 | Val Loss: 0.7811 | Val Acc: 0.7027 | Time: 11.94s
2025-03-05 03:12:22,452 - INFO - P1 (Round 8) - Epoch 3/10 | Loss: 0.7811 | Acc: 0.7039 | Val Loss: 0.7791 | Val Acc: 0.7034 | Time: 13.18s
2025-03-05 03:12:34,658 - INFO - P1 (Round 8) - Epoch 4/10 | Loss: 0.7803 | Acc: 0.7041 | Val Loss: 0.7819 | Val Acc: 0.7050 | Time: 12.21s
2025-03-05 03:12:46,410 - INFO - P1 (Round 8) - Epoch 5/10 | Loss: 0.7795 | Acc: 0.7043 | Val Loss: 0.7794 | Val Acc: 0.7055 | Time: 11.75s
2025-03-05 03:12:58,583 - INFO - P1 (Round 8) - Epoch 6/10 | Loss: 0.7786 | Acc: 0.7046 | Val Loss: 0.7804 | Val Acc: 0.7050 | Time: 12.17s
2025-03-05 03:13:10,560 - INFO - P1 (Round 8) - Epoch 7/10 | Loss: 0.7777 | Acc: 0.7047 | Val Loss: 0.7764 | Val Acc: 0.7055 | Time: 11.98s
2025-03-05 03:13:22,301 - INFO - P1 (Round 8) - Epoch 8/10 | Loss: 0.7767 | Acc: 0.7048 | Val Loss: 0.7750 | Val Acc: 0.7056 | Time: 11.74s
2025-03-05 03:13:35,231 - INFO - P1 (Round 8) - Epoch 9/10 | Loss: 0.7757 | Acc: 0.7050 | Val Loss: 0.7750 | Val Acc: 0.7055 | Time: 12.93s
2025-03-05 03:13:47,170 - INFO - P1 (Round 8) - Epoch 10/10 | Loss: 0.7747 | Acc: 0.7052 | Val Loss: 0.7758 | Val Acc: 0.7056 | Time: 11.94s
2025-03-05 03:13:58,923 - INFO - P2 (Round 8) - Epoch 1/10 | Loss: 0.0902 | Acc: 0.9730 | Val Loss: 0.0733 | Val Acc: 0.9774 | Time: 11.75s
2025-03-05 03:14:11,000 - INFO - P2 (Round 8) - Epoch 2/10 | Loss: 0.0725 | Acc: 0.9772 | Val Loss: 0.0722 | Val Acc: 0.9771 | Time: 12.08s
2025-03-05 03:14:23,037 - INFO - P2 (Round 8) - Epoch 3/10 | Loss: 0.0714 | Acc: 0.9775 | Val Loss: 0.0701 | Val Acc: 0.9775 | Time: 12.04s
2025-03-05 03:14:35,094 - INFO - P2 (Round 8) - Epoch 4/10 | Loss: 0.0708 | Acc: 0.9777 | Val Loss: 0.0736 | Val Acc: 0.9765 | Time: 12.06s
2025-03-05 03:14:48,214 - INFO - P2 (Round 8) - Epoch 5/10 | Loss: 0.0701 | Acc: 0.9779 | Val Loss: 0.0710 | Val Acc: 0.9778 | Time: 13.12s
2025-03-05 03:14:59,905 - INFO - P2 (Round 8) - Epoch 6/10 | Loss: 0.0698 | Acc: 0.9780 | Val Loss: 0.0681 | Val Acc: 0.9786 | Time: 11.69s
2025-03-05 03:15:12,019 - INFO - P2 (Round 8) - Epoch 7/10 | Loss: 0.0694 | Acc: 0.9781 | Val Loss: 0.0712 | Val Acc: 0.9778 | Time: 12.11s
2025-03-05 03:15:24,179 - INFO - P2 (Round 8) - Epoch 8/10 | Loss: 0.0693 | Acc: 0.9781 | Val Loss: 0.0690 | Val Acc: 0.9784 | Time: 12.16s
2025-03-05 03:15:35,937 - INFO - P2 (Round 8) - Epoch 9/10 | Loss: 0.0689 | Acc: 0.9782 | Val Loss: 0.0676 | Val Acc: 0.9792 | Time: 11.76s
2025-03-05 03:15:48,245 - INFO - P2 (Round 8) - Epoch 10/10 | Loss: 0.0688 | Acc: 0.9783 | Val Loss: 0.0691 | Val Acc: 0.9788 | Time: 12.31s
2025-03-05 03:15:50,961 - INFO - Round 8 completed in 245.34s
2025-03-05 03:15:50,961 - INFO - Global Model - P1 Test: Loss = 1.6595, Accuracy = 0.6526
2025-03-05 03:15:50,961 - INFO - Global Model - P2 Test: Loss = 2.1715, Accuracy = 0.6578
2025-03-05 03:16:03,753 - INFO - P1 (Round 9) - Epoch 1/10 | Loss: 0.7855 | Acc: 0.7028 | Val Loss: 0.7779 | Val Acc: 0.7049 | Time: 12.79s
2025-03-05 03:16:15,715 - INFO - P1 (Round 9) - Epoch 2/10 | Loss: 0.7779 | Acc: 0.7042 | Val Loss: 0.7788 | Val Acc: 0.7050 | Time: 11.96s
2025-03-05 03:16:28,148 - INFO - P1 (Round 9) - Epoch 3/10 | Loss: 0.7762 | Acc: 0.7045 | Val Loss: 0.7744 | Val Acc: 0.7049 | Time: 12.43s
2025-03-05 03:16:40,318 - INFO - P1 (Round 9) - Epoch 4/10 | Loss: 0.7753 | Acc: 0.7047 | Val Loss: 0.7761 | Val Acc: 0.7054 | Time: 12.17s
2025-03-05 03:16:52,378 - INFO - P1 (Round 9) - Epoch 5/10 | Loss: 0.7748 | Acc: 0.7048 | Val Loss: 0.7735 | Val Acc: 0.7049 | Time: 12.06s
2025-03-05 03:17:05,308 - INFO - P1 (Round 9) - Epoch 6/10 | Loss: 0.7742 | Acc: 0.7050 | Val Loss: 0.7747 | Val Acc: 0.7048 | Time: 12.93s
2025-03-05 03:17:17,477 - INFO - P1 (Round 9) - Epoch 7/10 | Loss: 0.7739 | Acc: 0.7050 | Val Loss: 0.7736 | Val Acc: 0.7054 | Time: 12.17s
2025-03-05 03:17:29,491 - INFO - P1 (Round 9) - Epoch 8/10 | Loss: 0.7737 | Acc: 0.7051 | Val Loss: 0.7736 | Val Acc: 0.7045 | Time: 12.01s
2025-03-05 03:17:41,400 - INFO - P1 (Round 9) - Epoch 9/10 | Loss: 0.7734 | Acc: 0.7052 | Val Loss: 0.7747 | Val Acc: 0.7047 | Time: 11.91s
2025-03-05 03:17:53,437 - INFO - P1 (Round 9) - Epoch 10/10 | Loss: 0.7733 | Acc: 0.7052 | Val Loss: 0.7738 | Val Acc: 0.7055 | Time: 12.04s
2025-03-05 03:18:05,443 - INFO - P2 (Round 9) - Epoch 1/10 | Loss: 0.1077 | Acc: 0.9701 | Val Loss: 0.0801 | Val Acc: 0.9755 | Time: 12.01s
2025-03-05 03:18:18,435 - INFO - P2 (Round 9) - Epoch 2/10 | Loss: 0.0768 | Acc: 0.9762 | Val Loss: 0.0748 | Val Acc: 0.9767 | Time: 12.99s
2025-03-05 03:18:31,124 - INFO - P2 (Round 9) - Epoch 3/10 | Loss: 0.0738 | Acc: 0.9769 | Val Loss: 0.0737 | Val Acc: 0.9768 | Time: 12.69s
2025-03-05 03:18:43,131 - INFO - P2 (Round 9) - Epoch 4/10 | Loss: 0.0721 | Acc: 0.9772 | Val Loss: 0.0728 | Val Acc: 0.9771 | Time: 12.01s
2025-03-05 03:18:55,175 - INFO - P2 (Round 9) - Epoch 5/10 | Loss: 0.0710 | Acc: 0.9775 | Val Loss: 0.0696 | Val Acc: 0.9778 | Time: 12.04s
2025-03-05 03:19:07,439 - INFO - P2 (Round 9) - Epoch 6/10 | Loss: 0.0702 | Acc: 0.9776 | Val Loss: 0.0702 | Val Acc: 0.9780 | Time: 12.26s
2025-03-05 03:19:19,315 - INFO - P2 (Round 9) - Epoch 7/10 | Loss: 0.0698 | Acc: 0.9778 | Val Loss: 0.0691 | Val Acc: 0.9778 | Time: 11.87s
2025-03-05 03:19:32,608 - INFO - P2 (Round 9) - Epoch 8/10 | Loss: 0.0694 | Acc: 0.9780 | Val Loss: 0.0692 | Val Acc: 0.9781 | Time: 13.29s
2025-03-05 03:19:44,609 - INFO - P2 (Round 9) - Epoch 9/10 | Loss: 0.0691 | Acc: 0.9780 | Val Loss: 0.0697 | Val Acc: 0.9777 | Time: 12.00s
2025-03-05 03:19:56,621 - INFO - P2 (Round 9) - Epoch 10/10 | Loss: 0.0687 | Acc: 0.9782 | Val Loss: 0.0676 | Val Acc: 0.9789 | Time: 12.01s
2025-03-05 03:19:59,062 - INFO - Round 9 completed in 248.10s
2025-03-05 03:19:59,062 - INFO - Global Model - P1 Test: Loss = 1.9374, Accuracy = 0.5806
2025-03-05 03:19:59,062 - INFO - Global Model - P2 Test: Loss = 1.2423, Accuracy = 0.7298
2025-03-05 03:20:11,621 - INFO - P1 (Round 10) - Epoch 1/10 | Loss: 0.7893 | Acc: 0.7015 | Val Loss: 0.7771 | Val Acc: 0.7048 | Time: 12.56s
2025-03-05 03:20:23,827 - INFO - P1 (Round 10) - Epoch 2/10 | Loss: 0.7765 | Acc: 0.7044 | Val Loss: 0.7748 | Val Acc: 0.7050 | Time: 12.21s
2025-03-05 03:20:36,298 - INFO - P1 (Round 10) - Epoch 3/10 | Loss: 0.7753 | Acc: 0.7046 | Val Loss: 0.7739 | Val Acc: 0.7049 | Time: 12.47s
2025-03-05 03:20:49,157 - INFO - P1 (Round 10) - Epoch 4/10 | Loss: 0.7748 | Acc: 0.7047 | Val Loss: 0.7735 | Val Acc: 0.7050 | Time: 12.86s
2025-03-05 03:21:01,072 - INFO - P1 (Round 10) - Epoch 5/10 | Loss: 0.7742 | Acc: 0.7048 | Val Loss: 0.7731 | Val Acc: 0.7049 | Time: 11.91s
2025-03-05 03:21:13,275 - INFO - P1 (Round 10) - Epoch 6/10 | Loss: 0.7738 | Acc: 0.7048 | Val Loss: 0.7752 | Val Acc: 0.7050 | Time: 12.20s
2025-03-05 03:21:25,128 - INFO - P1 (Round 10) - Epoch 7/10 | Loss: 0.7735 | Acc: 0.7049 | Val Loss: 0.7744 | Val Acc: 0.7054 | Time: 11.85s
2025-03-05 03:21:35,202 - INFO - P1 (Round 10) - Epoch 8/10 | Loss: 0.7735 | Acc: 0.7049 | Val Loss: 0.7728 | Val Acc: 0.7048 | Time: 10.07s
2025-03-05 03:21:45,991 - INFO - P1 (Round 10) - Epoch 9/10 | Loss: 0.7733 | Acc: 0.7050 | Val Loss: 0.7741 | Val Acc: 0.7048 | Time: 10.79s
2025-03-05 03:21:58,831 - INFO - P1 (Round 10) - Epoch 10/10 | Loss: 0.7731 | Acc: 0.7050 | Val Loss: 0.7727 | Val Acc: 0.7056 | Time: 12.84s
2025-03-05 03:22:10,860 - INFO - P2 (Round 10) - Epoch 1/10 | Loss: 0.0944 | Acc: 0.9714 | Val Loss: 0.0747 | Val Acc: 0.9772 | Time: 12.03s
2025-03-05 03:22:22,620 - INFO - P2 (Round 10) - Epoch 2/10 | Loss: 0.0740 | Acc: 0.9766 | Val Loss: 0.0711 | Val Acc: 0.9776 | Time: 11.76s
2025-03-05 03:22:34,729 - INFO - P2 (Round 10) - Epoch 3/10 | Loss: 0.0712 | Acc: 0.9774 | Val Loss: 0.0702 | Val Acc: 0.9774 | Time: 12.11s
2025-03-05 03:22:46,471 - INFO - P2 (Round 10) - Epoch 4/10 | Loss: 0.0703 | Acc: 0.9778 | Val Loss: 0.0695 | Val Acc: 0.9775 | Time: 11.74s
2025-03-05 03:22:58,931 - INFO - P2 (Round 10) - Epoch 5/10 | Loss: 0.0698 | Acc: 0.9777 | Val Loss: 0.0685 | Val Acc: 0.9785 | Time: 12.46s
2025-03-05 03:23:11,749 - INFO - P2 (Round 10) - Epoch 6/10 | Loss: 0.0690 | Acc: 0.9781 | Val Loss: 0.0680 | Val Acc: 0.9781 | Time: 12.82s
2025-03-05 03:23:23,596 - INFO - P2 (Round 10) - Epoch 7/10 | Loss: 0.0687 | Acc: 0.9782 | Val Loss: 0.0681 | Val Acc: 0.9785 | Time: 11.85s
2025-03-05 03:23:35,676 - INFO - P2 (Round 10) - Epoch 8/10 | Loss: 0.0682 | Acc: 0.9784 | Val Loss: 0.0675 | Val Acc: 0.9781 | Time: 12.08s
2025-03-05 03:23:46,359 - INFO - P2 (Round 10) - Epoch 9/10 | Loss: 0.0676 | Acc: 0.9787 | Val Loss: 0.0681 | Val Acc: 0.9782 | Time: 10.68s
2025-03-05 03:23:56,507 - INFO - P2 (Round 10) - Epoch 10/10 | Loss: 0.0674 | Acc: 0.9787 | Val Loss: 0.0676 | Val Acc: 0.9789 | Time: 10.15s
2025-03-05 03:23:59,040 - INFO - Round 10 completed in 239.98s
2025-03-05 03:23:59,040 - INFO - Global Model - P1 Test: Loss = 1.9207, Accuracy = 0.5805
2025-03-05 03:23:59,040 - INFO - Global Model - P2 Test: Loss = 1.6466, Accuracy = 0.6667
2025-03-05 03:24:01,267 - INFO - Final Results after 10 rounds:
2025-03-05 03:24:01,267 - INFO - Global Model - P1 Test: Loss = 1.9207, Accuracy = 0.5805
2025-03-05 03:24:01,267 - INFO - Global Model - P2 Test: Loss = 1.6466, Accuracy = 0.6667
2025-03-05 03:24:01,281 - INFO - Experiment 171 results saved to results/suppression_experiments/exp_171_p1f2_p2f12.json
