2025-03-05 05:20:33,716 - INFO - Starting Suppression Experiment 190
2025-03-05 05:20:33,717 - INFO - P1 Features (1/14): ['protocol']
2025-03-05 05:20:33,717 - INFO - P2 Features (7/14): ['protocol', 'bidirectional_min_ps', 'bidirectional_mean_ps', 'bidirectional_stddev_ps', 'bidirectional_max_ps', 'src2dst_stddev_ps', 'src2dst_max_ps']
2025-03-05 05:20:45,190 - INFO - P1 (Round 1) - Epoch 1/10 | Loss: 1.3674 | Acc: 0.4824 | Val Loss: 1.3323 | Val Acc: 0.4929 | Time: 11.39s
2025-03-05 05:20:55,938 - INFO - P1 (Round 1) - Epoch 2/10 | Loss: 1.3320 | Acc: 0.4929 | Val Loss: 1.3323 | Val Acc: 0.4929 | Time: 10.75s
2025-03-05 05:21:06,884 - INFO - P1 (Round 1) - Epoch 3/10 | Loss: 1.3319 | Acc: 0.4929 | Val Loss: 1.3321 | Val Acc: 0.4929 | Time: 10.95s
2025-03-05 05:21:17,478 - INFO - P1 (Round 1) - Epoch 4/10 | Loss: 1.3318 | Acc: 0.4929 | Val Loss: 1.3317 | Val Acc: 0.4929 | Time: 10.59s
2025-03-05 05:21:28,185 - INFO - P1 (Round 1) - Epoch 5/10 | Loss: 1.3318 | Acc: 0.4929 | Val Loss: 1.3320 | Val Acc: 0.4929 | Time: 10.71s
2025-03-05 05:21:39,453 - INFO - P1 (Round 1) - Epoch 6/10 | Loss: 1.3318 | Acc: 0.4929 | Val Loss: 1.3318 | Val Acc: 0.4929 | Time: 11.27s
2025-03-05 05:21:50,812 - INFO - P1 (Round 1) - Epoch 7/10 | Loss: 1.3318 | Acc: 0.4929 | Val Loss: 1.3315 | Val Acc: 0.4929 | Time: 11.36s
2025-03-05 05:22:01,641 - INFO - P1 (Round 1) - Epoch 8/10 | Loss: 1.3317 | Acc: 0.4929 | Val Loss: 1.3316 | Val Acc: 0.4929 | Time: 10.83s
2025-03-05 05:22:12,483 - INFO - P1 (Round 1) - Epoch 9/10 | Loss: 1.3317 | Acc: 0.4929 | Val Loss: 1.3317 | Val Acc: 0.4929 | Time: 10.84s
2025-03-05 05:22:23,090 - INFO - P1 (Round 1) - Epoch 10/10 | Loss: 1.3317 | Acc: 0.4929 | Val Loss: 1.3315 | Val Acc: 0.4929 | Time: 10.61s
2025-03-05 05:22:33,930 - INFO - P2 (Round 1) - Epoch 1/10 | Loss: 0.4662 | Acc: 0.8387 | Val Loss: 0.3009 | Val Acc: 0.8947 | Time: 10.84s
2025-03-05 05:22:44,705 - INFO - P2 (Round 1) - Epoch 2/10 | Loss: 0.2565 | Acc: 0.9176 | Val Loss: 0.2155 | Val Acc: 0.9382 | Time: 10.78s
2025-03-05 05:22:56,344 - INFO - P2 (Round 1) - Epoch 3/10 | Loss: 0.1948 | Acc: 0.9438 | Val Loss: 0.1816 | Val Acc: 0.9486 | Time: 11.64s
2025-03-05 05:23:07,196 - INFO - P2 (Round 1) - Epoch 4/10 | Loss: 0.1722 | Acc: 0.9512 | Val Loss: 0.1641 | Val Acc: 0.9527 | Time: 10.85s
2025-03-05 05:23:17,990 - INFO - P2 (Round 1) - Epoch 5/10 | Loss: 0.1584 | Acc: 0.9543 | Val Loss: 0.1537 | Val Acc: 0.9549 | Time: 10.79s
2025-03-05 05:23:28,531 - INFO - P2 (Round 1) - Epoch 6/10 | Loss: 0.1498 | Acc: 0.9563 | Val Loss: 0.1473 | Val Acc: 0.9572 | Time: 10.54s
2025-03-05 05:23:39,427 - INFO - P2 (Round 1) - Epoch 7/10 | Loss: 0.1439 | Acc: 0.9578 | Val Loss: 0.1419 | Val Acc: 0.9584 | Time: 10.90s
2025-03-05 05:23:50,183 - INFO - P2 (Round 1) - Epoch 8/10 | Loss: 0.1388 | Acc: 0.9588 | Val Loss: 0.1369 | Val Acc: 0.9589 | Time: 10.76s
2025-03-05 05:24:01,055 - INFO - P2 (Round 1) - Epoch 9/10 | Loss: 0.1345 | Acc: 0.9597 | Val Loss: 0.1336 | Val Acc: 0.9598 | Time: 10.87s
2025-03-05 05:24:12,848 - INFO - P2 (Round 1) - Epoch 10/10 | Loss: 0.1307 | Acc: 0.9607 | Val Loss: 0.1316 | Val Acc: 0.9609 | Time: 11.79s
2025-03-05 05:24:15,286 - INFO - Round 1 completed in 221.49s
2025-03-05 05:24:15,286 - INFO - Global Model - P1 Test: Loss = 2.2671, Accuracy = 0.3958
2025-03-05 05:24:15,286 - INFO - Global Model - P2 Test: Loss = 1.3838, Accuracy = 0.6340
2025-03-05 05:24:26,192 - INFO - P1 (Round 2) - Epoch 1/10 | Loss: 1.3387 | Acc: 0.4922 | Val Loss: 1.3327 | Val Acc: 0.4929 | Time: 10.91s
2025-03-05 05:24:37,112 - INFO - P1 (Round 2) - Epoch 2/10 | Loss: 1.3325 | Acc: 0.4929 | Val Loss: 1.3325 | Val Acc: 0.4929 | Time: 10.92s
2025-03-05 05:24:47,647 - INFO - P1 (Round 2) - Epoch 3/10 | Loss: 1.3323 | Acc: 0.4929 | Val Loss: 1.3322 | Val Acc: 0.4929 | Time: 10.53s
2025-03-05 05:24:58,370 - INFO - P1 (Round 2) - Epoch 4/10 | Loss: 1.3322 | Acc: 0.4929 | Val Loss: 1.3316 | Val Acc: 0.4929 | Time: 10.72s
2025-03-05 05:25:09,170 - INFO - P1 (Round 2) - Epoch 5/10 | Loss: 1.3321 | Acc: 0.4929 | Val Loss: 1.3318 | Val Acc: 0.4929 | Time: 10.80s
2025-03-05 05:25:20,945 - INFO - P1 (Round 2) - Epoch 6/10 | Loss: 1.3321 | Acc: 0.4929 | Val Loss: 1.3317 | Val Acc: 0.4929 | Time: 11.77s
2025-03-05 05:25:31,659 - INFO - P1 (Round 2) - Epoch 7/10 | Loss: 1.3320 | Acc: 0.4929 | Val Loss: 1.3319 | Val Acc: 0.4929 | Time: 10.71s
2025-03-05 05:25:42,352 - INFO - P1 (Round 2) - Epoch 8/10 | Loss: 1.3319 | Acc: 0.4929 | Val Loss: 1.3318 | Val Acc: 0.4929 | Time: 10.69s
2025-03-05 05:25:53,194 - INFO - P1 (Round 2) - Epoch 9/10 | Loss: 1.3319 | Acc: 0.4929 | Val Loss: 1.3319 | Val Acc: 0.4929 | Time: 10.84s
2025-03-05 05:26:04,023 - INFO - P1 (Round 2) - Epoch 10/10 | Loss: 1.3318 | Acc: 0.4929 | Val Loss: 1.3319 | Val Acc: 0.4929 | Time: 10.83s
2025-03-05 05:26:14,886 - INFO - P2 (Round 2) - Epoch 1/10 | Loss: 0.2178 | Acc: 0.9336 | Val Loss: 0.1658 | Val Acc: 0.9467 | Time: 10.86s
2025-03-05 05:26:26,162 - INFO - P2 (Round 2) - Epoch 2/10 | Loss: 0.1551 | Acc: 0.9516 | Val Loss: 0.1502 | Val Acc: 0.9563 | Time: 11.28s
2025-03-05 05:26:37,694 - INFO - P2 (Round 2) - Epoch 3/10 | Loss: 0.1437 | Acc: 0.9555 | Val Loss: 0.1411 | Val Acc: 0.9542 | Time: 11.53s
2025-03-05 05:26:48,627 - INFO - P2 (Round 2) - Epoch 4/10 | Loss: 0.1358 | Acc: 0.9579 | Val Loss: 0.1334 | Val Acc: 0.9605 | Time: 10.93s
2025-03-05 05:26:59,598 - INFO - P2 (Round 2) - Epoch 5/10 | Loss: 0.1294 | Acc: 0.9602 | Val Loss: 0.1271 | Val Acc: 0.9614 | Time: 10.97s
2025-03-05 05:27:10,442 - INFO - P2 (Round 2) - Epoch 6/10 | Loss: 0.1253 | Acc: 0.9615 | Val Loss: 0.1245 | Val Acc: 0.9633 | Time: 10.84s
2025-03-05 05:27:20,831 - INFO - P2 (Round 2) - Epoch 7/10 | Loss: 0.1217 | Acc: 0.9627 | Val Loss: 0.1207 | Val Acc: 0.9631 | Time: 10.39s
2025-03-05 05:27:31,607 - INFO - P2 (Round 2) - Epoch 8/10 | Loss: 0.1185 | Acc: 0.9638 | Val Loss: 0.1185 | Val Acc: 0.9640 | Time: 10.78s
2025-03-05 05:27:43,411 - INFO - P2 (Round 2) - Epoch 9/10 | Loss: 0.1165 | Acc: 0.9644 | Val Loss: 0.1169 | Val Acc: 0.9649 | Time: 11.80s
2025-03-05 05:27:54,158 - INFO - P2 (Round 2) - Epoch 10/10 | Loss: 0.1150 | Acc: 0.9650 | Val Loss: 0.1142 | Val Acc: 0.9656 | Time: 10.75s
2025-03-05 05:27:56,537 - INFO - Round 2 completed in 221.25s
2025-03-05 05:27:56,537 - INFO - Global Model - P1 Test: Loss = 2.6476, Accuracy = 0.3958
2025-03-05 05:27:56,537 - INFO - Global Model - P2 Test: Loss = 0.5513, Accuracy = 0.7931
2025-03-05 05:28:07,168 - INFO - P1 (Round 3) - Epoch 1/10 | Loss: 1.3415 | Acc: 0.4920 | Val Loss: 1.3324 | Val Acc: 0.4929 | Time: 10.63s
2025-03-05 05:28:17,899 - INFO - P1 (Round 3) - Epoch 2/10 | Loss: 1.3329 | Acc: 0.4929 | Val Loss: 1.3333 | Val Acc: 0.4929 | Time: 10.73s
2025-03-05 05:28:28,818 - INFO - P1 (Round 3) - Epoch 3/10 | Loss: 1.3329 | Acc: 0.4929 | Val Loss: 1.3321 | Val Acc: 0.4929 | Time: 10.92s
2025-03-05 05:28:39,739 - INFO - P1 (Round 3) - Epoch 4/10 | Loss: 1.3327 | Acc: 0.4929 | Val Loss: 1.3341 | Val Acc: 0.4929 | Time: 10.92s
2025-03-05 05:28:51,092 - INFO - P1 (Round 3) - Epoch 5/10 | Loss: 1.3327 | Acc: 0.4929 | Val Loss: 1.3328 | Val Acc: 0.4929 | Time: 11.35s
2025-03-05 05:29:02,397 - INFO - P1 (Round 3) - Epoch 6/10 | Loss: 1.3325 | Acc: 0.4929 | Val Loss: 1.3321 | Val Acc: 0.4929 | Time: 11.31s
2025-03-05 05:29:13,024 - INFO - P1 (Round 3) - Epoch 7/10 | Loss: 1.3324 | Acc: 0.4929 | Val Loss: 1.3324 | Val Acc: 0.4929 | Time: 10.63s
2025-03-05 05:29:23,906 - INFO - P1 (Round 3) - Epoch 8/10 | Loss: 1.3323 | Acc: 0.4929 | Val Loss: 1.3319 | Val Acc: 0.4929 | Time: 10.88s
2025-03-05 05:29:34,744 - INFO - P1 (Round 3) - Epoch 9/10 | Loss: 1.3323 | Acc: 0.4929 | Val Loss: 1.3316 | Val Acc: 0.4929 | Time: 10.84s
2025-03-05 05:29:45,461 - INFO - P1 (Round 3) - Epoch 10/10 | Loss: 1.3322 | Acc: 0.4929 | Val Loss: 1.3320 | Val Acc: 0.4929 | Time: 10.72s
2025-03-05 05:29:56,224 - INFO - P2 (Round 3) - Epoch 1/10 | Loss: 0.1441 | Acc: 0.9560 | Val Loss: 0.1294 | Val Acc: 0.9615 | Time: 10.76s
2025-03-05 05:30:08,235 - INFO - P2 (Round 3) - Epoch 2/10 | Loss: 0.1252 | Acc: 0.9616 | Val Loss: 0.1234 | Val Acc: 0.9619 | Time: 12.01s
2025-03-05 05:30:19,132 - INFO - P2 (Round 3) - Epoch 3/10 | Loss: 0.1194 | Acc: 0.9635 | Val Loss: 0.1190 | Val Acc: 0.9643 | Time: 10.90s
2025-03-05 05:30:30,398 - INFO - P2 (Round 3) - Epoch 4/10 | Loss: 0.1165 | Acc: 0.9644 | Val Loss: 0.1146 | Val Acc: 0.9656 | Time: 11.27s
2025-03-05 05:30:42,311 - INFO - P2 (Round 3) - Epoch 5/10 | Loss: 0.1144 | Acc: 0.9653 | Val Loss: 0.1161 | Val Acc: 0.9652 | Time: 11.91s
2025-03-05 05:30:53,015 - INFO - P2 (Round 3) - Epoch 6/10 | Loss: 0.1128 | Acc: 0.9657 | Val Loss: 0.1130 | Val Acc: 0.9655 | Time: 10.70s
2025-03-05 05:31:03,747 - INFO - P2 (Round 3) - Epoch 7/10 | Loss: 0.1111 | Acc: 0.9663 | Val Loss: 0.1117 | Val Acc: 0.9659 | Time: 10.73s
2025-03-05 05:31:15,531 - INFO - P2 (Round 3) - Epoch 8/10 | Loss: 0.1099 | Acc: 0.9668 | Val Loss: 0.1101 | Val Acc: 0.9669 | Time: 11.78s
2025-03-05 05:31:26,679 - INFO - P2 (Round 3) - Epoch 9/10 | Loss: 0.1085 | Acc: 0.9673 | Val Loss: 0.1084 | Val Acc: 0.9679 | Time: 11.15s
2025-03-05 05:31:37,501 - INFO - P2 (Round 3) - Epoch 10/10 | Loss: 0.1073 | Acc: 0.9676 | Val Loss: 0.1072 | Val Acc: 0.9675 | Time: 10.82s
2025-03-05 05:31:39,780 - INFO - Round 3 completed in 223.24s
2025-03-05 05:31:39,780 - INFO - Global Model - P1 Test: Loss = 2.7382, Accuracy = 0.3958
2025-03-05 05:31:39,780 - INFO - Global Model - P2 Test: Loss = 0.5647, Accuracy = 0.8219
2025-03-05 05:31:50,735 - INFO - P1 (Round 4) - Epoch 1/10 | Loss: 1.3427 | Acc: 0.4921 | Val Loss: 1.3326 | Val Acc: 0.4929 | Time: 10.95s
2025-03-05 05:32:01,456 - INFO - P1 (Round 4) - Epoch 2/10 | Loss: 1.3332 | Acc: 0.4929 | Val Loss: 1.3326 | Val Acc: 0.4929 | Time: 10.72s
2025-03-05 05:32:12,114 - INFO - P1 (Round 4) - Epoch 3/10 | Loss: 1.3332 | Acc: 0.4929 | Val Loss: 1.3333 | Val Acc: 0.4929 | Time: 10.66s
2025-03-05 05:32:23,563 - INFO - P1 (Round 4) - Epoch 4/10 | Loss: 1.3330 | Acc: 0.4929 | Val Loss: 1.3327 | Val Acc: 0.4929 | Time: 11.45s
2025-03-05 05:32:34,881 - INFO - P1 (Round 4) - Epoch 5/10 | Loss: 1.3330 | Acc: 0.4929 | Val Loss: 1.3362 | Val Acc: 0.4929 | Time: 11.32s
2025-03-05 05:32:45,646 - INFO - P1 (Round 4) - Epoch 6/10 | Loss: 1.3328 | Acc: 0.4929 | Val Loss: 1.3322 | Val Acc: 0.4929 | Time: 10.76s
2025-03-05 05:32:56,442 - INFO - P1 (Round 4) - Epoch 7/10 | Loss: 1.3327 | Acc: 0.4929 | Val Loss: 1.3316 | Val Acc: 0.4929 | Time: 10.80s
2025-03-05 05:33:07,256 - INFO - P1 (Round 4) - Epoch 8/10 | Loss: 1.3327 | Acc: 0.4929 | Val Loss: 1.3326 | Val Acc: 0.4929 | Time: 10.81s
2025-03-05 05:33:18,184 - INFO - P1 (Round 4) - Epoch 9/10 | Loss: 1.3327 | Acc: 0.4929 | Val Loss: 1.3333 | Val Acc: 0.4929 | Time: 10.93s
2025-03-05 05:33:29,322 - INFO - P1 (Round 4) - Epoch 10/10 | Loss: 1.3325 | Acc: 0.4929 | Val Loss: 1.3328 | Val Acc: 0.4929 | Time: 11.14s
2025-03-05 05:33:41,097 - INFO - P2 (Round 4) - Epoch 1/10 | Loss: 0.1235 | Acc: 0.9635 | Val Loss: 0.1156 | Val Acc: 0.9657 | Time: 11.77s
2025-03-05 05:33:51,855 - INFO - P2 (Round 4) - Epoch 2/10 | Loss: 0.1131 | Acc: 0.9662 | Val Loss: 0.1133 | Val Acc: 0.9673 | Time: 10.76s
2025-03-05 05:34:02,485 - INFO - P2 (Round 4) - Epoch 3/10 | Loss: 0.1104 | Acc: 0.9671 | Val Loss: 0.1103 | Val Acc: 0.9662 | Time: 10.63s
2025-03-05 05:34:13,009 - INFO - P2 (Round 4) - Epoch 4/10 | Loss: 0.1084 | Acc: 0.9677 | Val Loss: 0.1083 | Val Acc: 0.9677 | Time: 10.52s
2025-03-05 05:34:23,734 - INFO - P2 (Round 4) - Epoch 5/10 | Loss: 0.1072 | Acc: 0.9679 | Val Loss: 0.1086 | Val Acc: 0.9671 | Time: 10.72s
2025-03-05 05:34:34,450 - INFO - P2 (Round 4) - Epoch 6/10 | Loss: 0.1062 | Acc: 0.9682 | Val Loss: 0.1058 | Val Acc: 0.9682 | Time: 10.72s
2025-03-05 05:34:45,957 - INFO - P2 (Round 4) - Epoch 7/10 | Loss: 0.1052 | Acc: 0.9685 | Val Loss: 0.1049 | Val Acc: 0.9689 | Time: 11.51s
2025-03-05 05:34:57,298 - INFO - P2 (Round 4) - Epoch 8/10 | Loss: 0.1045 | Acc: 0.9688 | Val Loss: 0.1049 | Val Acc: 0.9686 | Time: 11.34s
2025-03-05 05:35:08,238 - INFO - P2 (Round 4) - Epoch 9/10 | Loss: 0.1038 | Acc: 0.9689 | Val Loss: 0.1051 | Val Acc: 0.9690 | Time: 10.94s
2025-03-05 05:35:18,965 - INFO - P2 (Round 4) - Epoch 10/10 | Loss: 0.1031 | Acc: 0.9692 | Val Loss: 0.1061 | Val Acc: 0.9689 | Time: 10.73s
2025-03-05 05:35:21,350 - INFO - Round 4 completed in 221.57s
2025-03-05 05:35:21,351 - INFO - Global Model - P1 Test: Loss = 2.8260, Accuracy = 0.3958
2025-03-05 05:35:21,351 - INFO - Global Model - P2 Test: Loss = 0.8801, Accuracy = 0.6368
2025-03-05 05:35:32,104 - INFO - P1 (Round 5) - Epoch 1/10 | Loss: 1.3444 | Acc: 0.4922 | Val Loss: 1.3333 | Val Acc: 0.4929 | Time: 10.75s
2025-03-05 05:35:42,821 - INFO - P1 (Round 5) - Epoch 2/10 | Loss: 1.3334 | Acc: 0.4929 | Val Loss: 1.3335 | Val Acc: 0.4929 | Time: 10.72s
2025-03-05 05:35:53,539 - INFO - P1 (Round 5) - Epoch 3/10 | Loss: 1.3334 | Acc: 0.4929 | Val Loss: 1.3323 | Val Acc: 0.4929 | Time: 10.72s
2025-03-05 05:36:05,161 - INFO - P1 (Round 5) - Epoch 4/10 | Loss: 1.3333 | Acc: 0.4929 | Val Loss: 1.3322 | Val Acc: 0.4929 | Time: 11.62s
2025-03-05 05:36:15,908 - INFO - P1 (Round 5) - Epoch 5/10 | Loss: 1.3331 | Acc: 0.4929 | Val Loss: 1.3321 | Val Acc: 0.4929 | Time: 10.75s
2025-03-05 05:36:26,682 - INFO - P1 (Round 5) - Epoch 6/10 | Loss: 1.3331 | Acc: 0.4929 | Val Loss: 1.3323 | Val Acc: 0.4929 | Time: 10.77s
2025-03-05 05:36:37,498 - INFO - P1 (Round 5) - Epoch 7/10 | Loss: 1.3329 | Acc: 0.4929 | Val Loss: 1.3331 | Val Acc: 0.4929 | Time: 10.82s
2025-03-05 05:36:48,010 - INFO - P1 (Round 5) - Epoch 8/10 | Loss: 1.3328 | Acc: 0.4929 | Val Loss: 1.3332 | Val Acc: 0.4929 | Time: 10.51s
2025-03-05 05:36:58,672 - INFO - P1 (Round 5) - Epoch 9/10 | Loss: 1.3328 | Acc: 0.4929 | Val Loss: 1.3321 | Val Acc: 0.4929 | Time: 10.66s
2025-03-05 05:37:10,183 - INFO - P1 (Round 5) - Epoch 10/10 | Loss: 1.3327 | Acc: 0.4929 | Val Loss: 1.3329 | Val Acc: 0.4929 | Time: 11.51s
2025-03-05 05:37:21,399 - INFO - P2 (Round 5) - Epoch 1/10 | Loss: 0.1154 | Acc: 0.9657 | Val Loss: 0.1094 | Val Acc: 0.9676 | Time: 11.22s
2025-03-05 05:37:31,881 - INFO - P2 (Round 5) - Epoch 2/10 | Loss: 0.1071 | Acc: 0.9680 | Val Loss: 0.1077 | Val Acc: 0.9674 | Time: 10.48s
2025-03-05 05:37:42,076 - INFO - P2 (Round 5) - Epoch 3/10 | Loss: 0.1055 | Acc: 0.9685 | Val Loss: 0.1056 | Val Acc: 0.9688 | Time: 10.20s
2025-03-05 05:37:51,450 - INFO - P2 (Round 5) - Epoch 4/10 | Loss: 0.1043 | Acc: 0.9688 | Val Loss: 0.1067 | Val Acc: 0.9683 | Time: 9.37s
2025-03-05 05:38:00,898 - INFO - P2 (Round 5) - Epoch 5/10 | Loss: 0.1035 | Acc: 0.9690 | Val Loss: 0.1061 | Val Acc: 0.9686 | Time: 9.45s
2025-03-05 05:38:10,677 - INFO - P2 (Round 5) - Epoch 6/10 | Loss: 0.1030 | Acc: 0.9693 | Val Loss: 0.1020 | Val Acc: 0.9696 | Time: 9.78s
2025-03-05 05:38:20,844 - INFO - P2 (Round 5) - Epoch 7/10 | Loss: 0.1024 | Acc: 0.9694 | Val Loss: 0.1039 | Val Acc: 0.9687 | Time: 10.17s
2025-03-05 05:38:31,044 - INFO - P2 (Round 5) - Epoch 8/10 | Loss: 0.1019 | Acc: 0.9696 | Val Loss: 0.1022 | Val Acc: 0.9698 | Time: 10.20s
2025-03-05 05:38:40,576 - INFO - P2 (Round 5) - Epoch 9/10 | Loss: 0.1016 | Acc: 0.9697 | Val Loss: 0.1036 | Val Acc: 0.9686 | Time: 9.53s
2025-03-05 05:38:50,154 - INFO - P2 (Round 5) - Epoch 10/10 | Loss: 0.1009 | Acc: 0.9700 | Val Loss: 0.1018 | Val Acc: 0.9697 | Time: 9.58s
2025-03-05 05:38:52,294 - INFO - Round 5 completed in 210.94s
2025-03-05 05:38:52,294 - INFO - Global Model - P1 Test: Loss = 2.9607, Accuracy = 0.3958
2025-03-05 05:38:52,294 - INFO - Global Model - P2 Test: Loss = 1.4894, Accuracy = 0.5873
2025-03-05 05:39:01,839 - INFO - P1 (Round 6) - Epoch 1/10 | Loss: 1.3445 | Acc: 0.4921 | Val Loss: 1.3329 | Val Acc: 0.4929 | Time: 9.54s
2025-03-05 05:39:11,313 - INFO - P1 (Round 6) - Epoch 2/10 | Loss: 1.3336 | Acc: 0.4929 | Val Loss: 1.3324 | Val Acc: 0.4929 | Time: 9.47s
2025-03-05 05:39:20,899 - INFO - P1 (Round 6) - Epoch 3/10 | Loss: 1.3334 | Acc: 0.4929 | Val Loss: 1.3343 | Val Acc: 0.4929 | Time: 9.59s
2025-03-05 05:39:31,066 - INFO - P1 (Round 6) - Epoch 4/10 | Loss: 1.3335 | Acc: 0.4929 | Val Loss: 1.3324 | Val Acc: 0.4929 | Time: 10.17s
2025-03-05 05:39:41,376 - INFO - P1 (Round 6) - Epoch 5/10 | Loss: 1.3333 | Acc: 0.4929 | Val Loss: 1.3337 | Val Acc: 0.4929 | Time: 10.31s
2025-03-05 05:39:50,614 - INFO - P1 (Round 6) - Epoch 6/10 | Loss: 1.3332 | Acc: 0.4929 | Val Loss: 1.3338 | Val Acc: 0.4929 | Time: 9.24s
2025-03-05 05:39:59,893 - INFO - P1 (Round 6) - Epoch 7/10 | Loss: 1.3331 | Acc: 0.4929 | Val Loss: 1.3345 | Val Acc: 0.4929 | Time: 9.28s
2025-03-05 05:40:09,358 - INFO - P1 (Round 6) - Epoch 8/10 | Loss: 1.3331 | Acc: 0.4929 | Val Loss: 1.3337 | Val Acc: 0.4929 | Time: 9.46s
2025-03-05 05:40:18,737 - INFO - P1 (Round 6) - Epoch 9/10 | Loss: 1.3329 | Acc: 0.4929 | Val Loss: 1.3334 | Val Acc: 0.4929 | Time: 9.38s
2025-03-05 05:40:28,377 - INFO - P1 (Round 6) - Epoch 10/10 | Loss: 1.3330 | Acc: 0.4929 | Val Loss: 1.3336 | Val Acc: 0.4929 | Time: 9.64s
2025-03-05 05:40:38,297 - INFO - P2 (Round 6) - Epoch 1/10 | Loss: 0.1132 | Acc: 0.9662 | Val Loss: 0.1057 | Val Acc: 0.9685 | Time: 9.92s
2025-03-05 05:40:48,998 - INFO - P2 (Round 6) - Epoch 2/10 | Loss: 0.1033 | Acc: 0.9691 | Val Loss: 0.1031 | Val Acc: 0.9693 | Time: 10.70s
2025-03-05 05:40:58,514 - INFO - P2 (Round 6) - Epoch 3/10 | Loss: 0.1020 | Acc: 0.9695 | Val Loss: 0.1033 | Val Acc: 0.9692 | Time: 9.52s
2025-03-05 05:41:08,185 - INFO - P2 (Round 6) - Epoch 4/10 | Loss: 0.1012 | Acc: 0.9697 | Val Loss: 0.1009 | Val Acc: 0.9698 | Time: 9.67s
2025-03-05 05:41:17,643 - INFO - P2 (Round 6) - Epoch 5/10 | Loss: 0.1003 | Acc: 0.9700 | Val Loss: 0.1017 | Val Acc: 0.9693 | Time: 9.46s
2025-03-05 05:41:27,353 - INFO - P2 (Round 6) - Epoch 6/10 | Loss: 0.1000 | Acc: 0.9701 | Val Loss: 0.0999 | Val Acc: 0.9701 | Time: 9.71s
2025-03-05 05:41:37,043 - INFO - P2 (Round 6) - Epoch 7/10 | Loss: 0.0993 | Acc: 0.9702 | Val Loss: 0.1001 | Val Acc: 0.9705 | Time: 9.69s
2025-03-05 05:41:46,491 - INFO - P2 (Round 6) - Epoch 8/10 | Loss: 0.0989 | Acc: 0.9704 | Val Loss: 0.1007 | Val Acc: 0.9698 | Time: 9.45s
2025-03-05 05:41:56,955 - INFO - P2 (Round 6) - Epoch 9/10 | Loss: 0.0984 | Acc: 0.9705 | Val Loss: 0.0995 | Val Acc: 0.9700 | Time: 10.46s
2025-03-05 05:42:06,990 - INFO - P2 (Round 6) - Epoch 10/10 | Loss: 0.0981 | Acc: 0.9706 | Val Loss: 0.0992 | Val Acc: 0.9705 | Time: 10.03s
2025-03-05 05:42:09,055 - INFO - Round 6 completed in 196.76s
2025-03-05 05:42:09,055 - INFO - Global Model - P1 Test: Loss = 3.2665, Accuracy = 0.3958
2025-03-05 05:42:09,055 - INFO - Global Model - P2 Test: Loss = 1.8893, Accuracy = 0.5090
2025-03-05 05:42:18,751 - INFO - P1 (Round 7) - Epoch 1/10 | Loss: 1.3464 | Acc: 0.4920 | Val Loss: 1.3336 | Val Acc: 0.4929 | Time: 9.70s
2025-03-05 05:42:28,547 - INFO - P1 (Round 7) - Epoch 2/10 | Loss: 1.3336 | Acc: 0.4929 | Val Loss: 1.3352 | Val Acc: 0.4929 | Time: 9.80s
2025-03-05 05:42:37,987 - INFO - P1 (Round 7) - Epoch 3/10 | Loss: 1.3336 | Acc: 0.4929 | Val Loss: 1.3322 | Val Acc: 0.4929 | Time: 9.44s
2025-03-05 05:42:47,657 - INFO - P1 (Round 7) - Epoch 4/10 | Loss: 1.3335 | Acc: 0.4929 | Val Loss: 1.3323 | Val Acc: 0.4929 | Time: 9.67s
2025-03-05 05:42:57,104 - INFO - P1 (Round 7) - Epoch 5/10 | Loss: 1.3334 | Acc: 0.4929 | Val Loss: 1.3338 | Val Acc: 0.4929 | Time: 9.45s
2025-03-05 05:43:07,630 - INFO - P1 (Round 7) - Epoch 6/10 | Loss: 1.3333 | Acc: 0.4929 | Val Loss: 1.3325 | Val Acc: 0.4929 | Time: 10.53s
2025-03-05 05:43:17,755 - INFO - P1 (Round 7) - Epoch 7/10 | Loss: 1.3333 | Acc: 0.4929 | Val Loss: 1.3328 | Val Acc: 0.4929 | Time: 10.12s
2025-03-05 05:43:27,396 - INFO - P1 (Round 7) - Epoch 8/10 | Loss: 1.3331 | Acc: 0.4929 | Val Loss: 1.3329 | Val Acc: 0.4929 | Time: 9.64s
2025-03-05 05:43:36,824 - INFO - P1 (Round 7) - Epoch 9/10 | Loss: 1.3329 | Acc: 0.4929 | Val Loss: 1.3322 | Val Acc: 0.4929 | Time: 9.43s
2025-03-05 05:43:46,331 - INFO - P1 (Round 7) - Epoch 10/10 | Loss: 1.3330 | Acc: 0.4929 | Val Loss: 1.3340 | Val Acc: 0.4929 | Time: 9.51s
2025-03-05 05:43:55,652 - INFO - P2 (Round 7) - Epoch 1/10 | Loss: 0.1130 | Acc: 0.9662 | Val Loss: 0.1025 | Val Acc: 0.9695 | Time: 9.32s
2025-03-05 05:44:05,014 - INFO - P2 (Round 7) - Epoch 2/10 | Loss: 0.1008 | Acc: 0.9698 | Val Loss: 0.0995 | Val Acc: 0.9700 | Time: 9.36s
2025-03-05 05:44:15,202 - INFO - P2 (Round 7) - Epoch 3/10 | Loss: 0.0997 | Acc: 0.9700 | Val Loss: 0.1020 | Val Acc: 0.9687 | Time: 10.19s
2025-03-05 05:44:25,536 - INFO - P2 (Round 7) - Epoch 4/10 | Loss: 0.0989 | Acc: 0.9702 | Val Loss: 0.1009 | Val Acc: 0.9699 | Time: 10.33s
2025-03-05 05:44:35,257 - INFO - P2 (Round 7) - Epoch 5/10 | Loss: 0.0984 | Acc: 0.9704 | Val Loss: 0.0995 | Val Acc: 0.9705 | Time: 9.72s
2025-03-05 05:44:44,862 - INFO - P2 (Round 7) - Epoch 6/10 | Loss: 0.0981 | Acc: 0.9706 | Val Loss: 0.0992 | Val Acc: 0.9701 | Time: 9.61s
2025-03-05 05:44:54,637 - INFO - P2 (Round 7) - Epoch 7/10 | Loss: 0.0977 | Acc: 0.9706 | Val Loss: 0.0979 | Val Acc: 0.9705 | Time: 9.77s
2025-03-05 05:45:04,322 - INFO - P2 (Round 7) - Epoch 8/10 | Loss: 0.0974 | Acc: 0.9707 | Val Loss: 0.0978 | Val Acc: 0.9706 | Time: 9.68s
2025-03-05 05:45:14,036 - INFO - P2 (Round 7) - Epoch 9/10 | Loss: 0.0971 | Acc: 0.9708 | Val Loss: 0.0977 | Val Acc: 0.9708 | Time: 9.71s
2025-03-05 05:45:23,716 - INFO - P2 (Round 7) - Epoch 10/10 | Loss: 0.0969 | Acc: 0.9708 | Val Loss: 0.1006 | Val Acc: 0.9702 | Time: 9.68s
2025-03-05 05:45:26,032 - INFO - Round 7 completed in 196.98s
2025-03-05 05:45:26,032 - INFO - Global Model - P1 Test: Loss = 3.3638, Accuracy = 0.3958
2025-03-05 05:45:26,032 - INFO - Global Model - P2 Test: Loss = 1.5344, Accuracy = 0.5781
2025-03-05 05:45:36,345 - INFO - P1 (Round 8) - Epoch 1/10 | Loss: 1.3464 | Acc: 0.4921 | Val Loss: 1.3317 | Val Acc: 0.4929 | Time: 10.31s
2025-03-05 05:45:45,915 - INFO - P1 (Round 8) - Epoch 2/10 | Loss: 1.3336 | Acc: 0.4929 | Val Loss: 1.3347 | Val Acc: 0.4929 | Time: 9.57s
2025-03-05 05:45:55,622 - INFO - P1 (Round 8) - Epoch 3/10 | Loss: 1.3336 | Acc: 0.4929 | Val Loss: 1.3334 | Val Acc: 0.4929 | Time: 9.71s
2025-03-05 05:46:05,371 - INFO - P1 (Round 8) - Epoch 4/10 | Loss: 1.3334 | Acc: 0.4929 | Val Loss: 1.3334 | Val Acc: 0.4929 | Time: 9.75s
2025-03-05 05:46:15,112 - INFO - P1 (Round 8) - Epoch 5/10 | Loss: 1.3334 | Acc: 0.4929 | Val Loss: 1.3328 | Val Acc: 0.4929 | Time: 9.74s
2025-03-05 05:46:24,083 - INFO - P1 (Round 8) - Epoch 6/10 | Loss: 1.3333 | Acc: 0.4929 | Val Loss: 1.3335 | Val Acc: 0.4929 | Time: 8.97s
2025-03-05 05:46:32,758 - INFO - P1 (Round 8) - Epoch 7/10 | Loss: 1.3333 | Acc: 0.4929 | Val Loss: 1.3335 | Val Acc: 0.4929 | Time: 8.67s
2025-03-05 05:46:42,116 - INFO - P1 (Round 8) - Epoch 8/10 | Loss: 1.3332 | Acc: 0.4929 | Val Loss: 1.3323 | Val Acc: 0.4929 | Time: 9.36s
2025-03-05 05:46:51,180 - INFO - P1 (Round 8) - Epoch 9/10 | Loss: 1.3330 | Acc: 0.4929 | Val Loss: 1.3318 | Val Acc: 0.4929 | Time: 9.06s
2025-03-05 05:46:59,748 - INFO - P1 (Round 8) - Epoch 10/10 | Loss: 1.3330 | Acc: 0.4929 | Val Loss: 1.3328 | Val Acc: 0.4929 | Time: 8.57s
2025-03-05 05:47:08,143 - INFO - P2 (Round 8) - Epoch 1/10 | Loss: 0.1072 | Acc: 0.9678 | Val Loss: 0.1009 | Val Acc: 0.9696 | Time: 8.39s
2025-03-05 05:47:16,963 - INFO - P2 (Round 8) - Epoch 2/10 | Loss: 0.0988 | Acc: 0.9702 | Val Loss: 0.0996 | Val Acc: 0.9705 | Time: 8.82s
2025-03-05 05:47:25,820 - INFO - P2 (Round 8) - Epoch 3/10 | Loss: 0.0980 | Acc: 0.9704 | Val Loss: 0.0991 | Val Acc: 0.9704 | Time: 8.86s
2025-03-05 05:47:34,283 - INFO - P2 (Round 8) - Epoch 4/10 | Loss: 0.0975 | Acc: 0.9706 | Val Loss: 0.1003 | Val Acc: 0.9698 | Time: 8.46s
2025-03-05 05:47:42,884 - INFO - P2 (Round 8) - Epoch 5/10 | Loss: 0.0971 | Acc: 0.9708 | Val Loss: 0.0980 | Val Acc: 0.9709 | Time: 8.60s
2025-03-05 05:47:52,153 - INFO - P2 (Round 8) - Epoch 6/10 | Loss: 0.0967 | Acc: 0.9709 | Val Loss: 0.0988 | Val Acc: 0.9709 | Time: 9.27s
2025-03-05 05:48:01,011 - INFO - P2 (Round 8) - Epoch 7/10 | Loss: 0.0964 | Acc: 0.9710 | Val Loss: 0.0986 | Val Acc: 0.9704 | Time: 8.86s
2025-03-05 05:48:09,550 - INFO - P2 (Round 8) - Epoch 8/10 | Loss: 0.0962 | Acc: 0.9710 | Val Loss: 0.0995 | Val Acc: 0.9700 | Time: 8.54s
2025-03-05 05:48:17,248 - INFO - P2 (Round 8) - Epoch 9/10 | Loss: 0.0961 | Acc: 0.9711 | Val Loss: 0.0964 | Val Acc: 0.9709 | Time: 7.70s
2025-03-05 05:48:25,045 - INFO - P2 (Round 8) - Epoch 10/10 | Loss: 0.0958 | Acc: 0.9711 | Val Loss: 0.0967 | Val Acc: 0.9711 | Time: 7.80s
2025-03-05 05:48:26,761 - INFO - Round 8 completed in 180.73s
2025-03-05 05:48:26,761 - INFO - Global Model - P1 Test: Loss = 3.4813, Accuracy = 0.3958
2025-03-05 05:48:26,761 - INFO - Global Model - P2 Test: Loss = 2.0789, Accuracy = 0.5123
2025-03-05 05:48:34,342 - INFO - P1 (Round 9) - Epoch 1/10 | Loss: 1.3473 | Acc: 0.4920 | Val Loss: 1.3326 | Val Acc: 0.4929 | Time: 7.58s
2025-03-05 05:48:41,757 - INFO - P1 (Round 9) - Epoch 2/10 | Loss: 1.3336 | Acc: 0.4929 | Val Loss: 1.3327 | Val Acc: 0.4929 | Time: 7.41s
2025-03-05 05:48:49,623 - INFO - P1 (Round 9) - Epoch 3/10 | Loss: 1.3336 | Acc: 0.4929 | Val Loss: 1.3354 | Val Acc: 0.4929 | Time: 7.87s
2025-03-05 05:48:57,563 - INFO - P1 (Round 9) - Epoch 4/10 | Loss: 1.3335 | Acc: 0.4929 | Val Loss: 1.3348 | Val Acc: 0.4929 | Time: 7.94s
2025-03-05 05:49:05,821 - INFO - P1 (Round 9) - Epoch 5/10 | Loss: 1.3334 | Acc: 0.4929 | Val Loss: 1.3320 | Val Acc: 0.4929 | Time: 8.26s
2025-03-05 05:49:12,204 - INFO - P1 (Round 9) - Epoch 6/10 | Loss: 1.3334 | Acc: 0.4929 | Val Loss: 1.3322 | Val Acc: 0.4929 | Time: 6.38s
2025-03-05 05:49:18,225 - INFO - P1 (Round 9) - Epoch 7/10 | Loss: 1.3333 | Acc: 0.4929 | Val Loss: 1.3326 | Val Acc: 0.4929 | Time: 6.02s
2025-03-05 05:49:24,265 - INFO - P1 (Round 9) - Epoch 8/10 | Loss: 1.3332 | Acc: 0.4929 | Val Loss: 1.3319 | Val Acc: 0.4929 | Time: 6.04s
2025-03-05 05:49:30,260 - INFO - P1 (Round 9) - Epoch 9/10 | Loss: 1.3332 | Acc: 0.4929 | Val Loss: 1.3330 | Val Acc: 0.4929 | Time: 5.99s
2025-03-05 05:49:35,937 - INFO - P1 (Round 9) - Epoch 10/10 | Loss: 1.3332 | Acc: 0.4929 | Val Loss: 1.3352 | Val Acc: 0.4929 | Time: 5.68s
2025-03-05 05:49:42,631 - INFO - P2 (Round 9) - Epoch 1/10 | Loss: 0.1110 | Acc: 0.9670 | Val Loss: 0.1005 | Val Acc: 0.9696 | Time: 6.69s
2025-03-05 05:49:48,160 - INFO - P2 (Round 9) - Epoch 2/10 | Loss: 0.0984 | Acc: 0.9703 | Val Loss: 0.1007 | Val Acc: 0.9693 | Time: 5.53s
2025-03-05 05:49:53,831 - INFO - P2 (Round 9) - Epoch 3/10 | Loss: 0.0975 | Acc: 0.9706 | Val Loss: 0.1006 | Val Acc: 0.9706 | Time: 5.67s
2025-03-05 05:49:59,418 - INFO - P2 (Round 9) - Epoch 4/10 | Loss: 0.0970 | Acc: 0.9708 | Val Loss: 0.0977 | Val Acc: 0.9709 | Time: 5.59s
2025-03-05 05:50:05,121 - INFO - P2 (Round 9) - Epoch 5/10 | Loss: 0.0967 | Acc: 0.9709 | Val Loss: 0.0966 | Val Acc: 0.9713 | Time: 5.70s
2025-03-05 05:50:11,157 - INFO - P2 (Round 9) - Epoch 6/10 | Loss: 0.0963 | Acc: 0.9711 | Val Loss: 0.0965 | Val Acc: 0.9711 | Time: 6.04s
2025-03-05 05:50:17,185 - INFO - P2 (Round 9) - Epoch 7/10 | Loss: 0.0960 | Acc: 0.9711 | Val Loss: 0.0968 | Val Acc: 0.9713 | Time: 6.03s
2025-03-05 05:50:22,825 - INFO - P2 (Round 9) - Epoch 8/10 | Loss: 0.0958 | Acc: 0.9712 | Val Loss: 0.0993 | Val Acc: 0.9699 | Time: 5.64s
2025-03-05 05:50:28,383 - INFO - P2 (Round 9) - Epoch 9/10 | Loss: 0.0956 | Acc: 0.9713 | Val Loss: 0.0958 | Val Acc: 0.9715 | Time: 5.56s
2025-03-05 05:50:34,039 - INFO - P2 (Round 9) - Epoch 10/10 | Loss: 0.0954 | Acc: 0.9714 | Val Loss: 0.0969 | Val Acc: 0.9710 | Time: 5.66s
2025-03-05 05:50:35,435 - INFO - Round 9 completed in 128.67s
2025-03-05 05:50:35,435 - INFO - Global Model - P1 Test: Loss = 3.7103, Accuracy = 0.3958
2025-03-05 05:50:35,435 - INFO - Global Model - P2 Test: Loss = 2.1243, Accuracy = 0.5755
2025-03-05 05:50:41,111 - INFO - P1 (Round 10) - Epoch 1/10 | Loss: 1.3482 | Acc: 0.4921 | Val Loss: 1.3331 | Val Acc: 0.4929 | Time: 5.68s
2025-03-05 05:50:46,727 - INFO - P1 (Round 10) - Epoch 2/10 | Loss: 1.3337 | Acc: 0.4929 | Val Loss: 1.3322 | Val Acc: 0.4929 | Time: 5.62s
2025-03-05 05:50:52,301 - INFO - P1 (Round 10) - Epoch 3/10 | Loss: 1.3336 | Acc: 0.4929 | Val Loss: 1.3322 | Val Acc: 0.4929 | Time: 5.57s
2025-03-05 05:50:57,874 - INFO - P1 (Round 10) - Epoch 4/10 | Loss: 1.3336 | Acc: 0.4929 | Val Loss: 1.3321 | Val Acc: 0.4929 | Time: 5.57s
2025-03-05 05:51:03,528 - INFO - P1 (Round 10) - Epoch 5/10 | Loss: 1.3336 | Acc: 0.4929 | Val Loss: 1.3323 | Val Acc: 0.4929 | Time: 5.65s
2025-03-05 05:51:09,107 - INFO - P1 (Round 10) - Epoch 6/10 | Loss: 1.3334 | Acc: 0.4929 | Val Loss: 1.3333 | Val Acc: 0.4929 | Time: 5.58s
2025-03-05 05:51:14,707 - INFO - P1 (Round 10) - Epoch 7/10 | Loss: 1.3333 | Acc: 0.4929 | Val Loss: 1.3338 | Val Acc: 0.4929 | Time: 5.60s
2025-03-05 05:51:20,468 - INFO - P1 (Round 10) - Epoch 8/10 | Loss: 1.3334 | Acc: 0.4929 | Val Loss: 1.3340 | Val Acc: 0.4929 | Time: 5.76s
2025-03-05 05:51:26,544 - INFO - P1 (Round 10) - Epoch 9/10 | Loss: 1.3333 | Acc: 0.4929 | Val Loss: 1.3380 | Val Acc: 0.4929 | Time: 6.08s
2025-03-05 05:51:31,827 - INFO - P1 (Round 10) - Epoch 10/10 | Loss: 1.3332 | Acc: 0.4929 | Val Loss: 1.3324 | Val Acc: 0.4929 | Time: 5.28s
2025-03-05 05:51:36,471 - INFO - P2 (Round 10) - Epoch 1/10 | Loss: 0.1135 | Acc: 0.9666 | Val Loss: 0.0993 | Val Acc: 0.9694 | Time: 4.64s
2025-03-05 05:51:41,291 - INFO - P2 (Round 10) - Epoch 2/10 | Loss: 0.0975 | Acc: 0.9706 | Val Loss: 0.0965 | Val Acc: 0.9708 | Time: 4.82s
2025-03-05 05:51:45,929 - INFO - P2 (Round 10) - Epoch 3/10 | Loss: 0.0967 | Acc: 0.9708 | Val Loss: 0.0973 | Val Acc: 0.9711 | Time: 4.64s
2025-03-05 05:51:50,635 - INFO - P2 (Round 10) - Epoch 4/10 | Loss: 0.0963 | Acc: 0.9710 | Val Loss: 0.0987 | Val Acc: 0.9701 | Time: 4.71s
2025-03-05 05:51:55,288 - INFO - P2 (Round 10) - Epoch 5/10 | Loss: 0.0960 | Acc: 0.9710 | Val Loss: 0.0977 | Val Acc: 0.9704 | Time: 4.65s
2025-03-05 05:52:00,007 - INFO - P2 (Round 10) - Epoch 6/10 | Loss: 0.0957 | Acc: 0.9713 | Val Loss: 0.0966 | Val Acc: 0.9712 | Time: 4.72s
2025-03-05 05:52:05,080 - INFO - P2 (Round 10) - Epoch 7/10 | Loss: 0.0955 | Acc: 0.9712 | Val Loss: 0.0949 | Val Acc: 0.9716 | Time: 5.07s
2025-03-05 05:52:13,544 - INFO - P2 (Round 10) - Epoch 8/10 | Loss: 0.0952 | Acc: 0.9714 | Val Loss: 0.0968 | Val Acc: 0.9708 | Time: 8.46s
2025-03-05 05:52:22,859 - INFO - P2 (Round 10) - Epoch 9/10 | Loss: 0.0949 | Acc: 0.9715 | Val Loss: 0.0964 | Val Acc: 0.9707 | Time: 9.31s
2025-03-05 05:52:27,938 - INFO - P2 (Round 10) - Epoch 10/10 | Loss: 0.0948 | Acc: 0.9715 | Val Loss: 0.0964 | Val Acc: 0.9706 | Time: 5.08s
2025-03-05 05:52:29,289 - INFO - Round 10 completed in 113.85s
2025-03-05 05:52:29,289 - INFO - Global Model - P1 Test: Loss = 3.8617, Accuracy = 0.3958
2025-03-05 05:52:29,289 - INFO - Global Model - P2 Test: Loss = 1.9236, Accuracy = 0.6168
2025-03-05 05:52:30,563 - INFO - Final Results after 10 rounds:
2025-03-05 05:52:30,563 - INFO - Global Model - P1 Test: Loss = 3.8617, Accuracy = 0.3958
2025-03-05 05:52:30,563 - INFO - Global Model - P2 Test: Loss = 1.9236, Accuracy = 0.6168
2025-03-05 05:52:30,570 - INFO - Experiment 190 results saved to results/suppression_experiments/exp_190_p1f1_p2f7.json
