2025-03-04 18:13:15,393 - INFO - Starting Suppression Experiment 33
2025-03-04 18:13:15,393 - INFO - P1 Features (12/14): ['protocol', 'bidirectional_min_ps', 'bidirectional_mean_ps', 'bidirectional_stddev_ps', 'bidirectional_max_ps', 'src2dst_stddev_ps', 'src2dst_max_ps', 'dst2src_min_ps', 'dst2src_mean_ps', 'dst2src_stddev_ps', 'dst2src_max_ps', 'bidirectional_stddev_piat_ms']
2025-03-04 18:13:15,393 - INFO - P2 Features (10/14): ['protocol', 'bidirectional_min_ps', 'bidirectional_mean_ps', 'bidirectional_stddev_ps', 'bidirectional_max_ps', 'src2dst_stddev_ps', 'src2dst_max_ps', 'dst2src_min_ps', 'dst2src_mean_ps', 'dst2src_stddev_ps']
2025-03-04 18:13:27,804 - INFO - P1 (Round 1) - Epoch 1/10 | Loss: 0.3590 | Acc: 0.8750 | Val Loss: 0.2170 | Val Acc: 0.9227 | Time: 12.26s
2025-03-04 18:13:40,008 - INFO - P1 (Round 1) - Epoch 2/10 | Loss: 0.2026 | Acc: 0.9287 | Val Loss: 0.1904 | Val Acc: 0.9341 | Time: 12.20s
2025-03-04 18:13:53,445 - INFO - P1 (Round 1) - Epoch 3/10 | Loss: 0.1833 | Acc: 0.9364 | Val Loss: 0.1744 | Val Acc: 0.9401 | Time: 13.44s
2025-03-04 18:14:05,715 - INFO - P1 (Round 1) - Epoch 4/10 | Loss: 0.1715 | Acc: 0.9418 | Val Loss: 0.1652 | Val Acc: 0.9440 | Time: 12.27s
2025-03-04 18:14:18,274 - INFO - P1 (Round 1) - Epoch 5/10 | Loss: 0.1622 | Acc: 0.9457 | Val Loss: 0.1583 | Val Acc: 0.9485 | Time: 12.56s
2025-03-04 18:14:30,529 - INFO - P1 (Round 1) - Epoch 6/10 | Loss: 0.1566 | Acc: 0.9475 | Val Loss: 0.1546 | Val Acc: 0.9459 | Time: 12.26s
2025-03-04 18:14:42,800 - INFO - P1 (Round 1) - Epoch 7/10 | Loss: 0.1524 | Acc: 0.9489 | Val Loss: 0.1490 | Val Acc: 0.9516 | Time: 12.27s
2025-03-04 18:14:55,433 - INFO - P1 (Round 1) - Epoch 8/10 | Loss: 0.1485 | Acc: 0.9500 | Val Loss: 0.1455 | Val Acc: 0.9512 | Time: 12.63s
2025-03-04 18:15:08,598 - INFO - P1 (Round 1) - Epoch 9/10 | Loss: 0.1454 | Acc: 0.9509 | Val Loss: 0.1439 | Val Acc: 0.9530 | Time: 13.16s
2025-03-04 18:15:20,642 - INFO - P1 (Round 1) - Epoch 10/10 | Loss: 0.1426 | Acc: 0.9519 | Val Loss: 0.1410 | Val Acc: 0.9540 | Time: 12.04s
2025-03-04 18:15:32,800 - INFO - P2 (Round 1) - Epoch 1/10 | Loss: 0.3946 | Acc: 0.8583 | Val Loss: 0.2470 | Val Acc: 0.9109 | Time: 12.16s
2025-03-04 18:15:45,308 - INFO - P2 (Round 1) - Epoch 2/10 | Loss: 0.2285 | Acc: 0.9167 | Val Loss: 0.2147 | Val Acc: 0.9229 | Time: 12.51s
2025-03-04 18:15:57,344 - INFO - P2 (Round 1) - Epoch 3/10 | Loss: 0.2041 | Acc: 0.9266 | Val Loss: 0.1936 | Val Acc: 0.9337 | Time: 12.04s
2025-03-04 18:16:10,021 - INFO - P2 (Round 1) - Epoch 4/10 | Loss: 0.1887 | Acc: 0.9323 | Val Loss: 0.1855 | Val Acc: 0.9316 | Time: 12.68s
2025-03-04 18:16:22,783 - INFO - P2 (Round 1) - Epoch 5/10 | Loss: 0.1806 | Acc: 0.9350 | Val Loss: 0.1774 | Val Acc: 0.9368 | Time: 12.76s
2025-03-04 18:16:34,619 - INFO - P2 (Round 1) - Epoch 6/10 | Loss: 0.1756 | Acc: 0.9367 | Val Loss: 0.1728 | Val Acc: 0.9365 | Time: 11.84s
2025-03-04 18:16:46,465 - INFO - P2 (Round 1) - Epoch 7/10 | Loss: 0.1714 | Acc: 0.9382 | Val Loss: 0.1701 | Val Acc: 0.9383 | Time: 11.85s
2025-03-04 18:16:58,424 - INFO - P2 (Round 1) - Epoch 8/10 | Loss: 0.1680 | Acc: 0.9395 | Val Loss: 0.1675 | Val Acc: 0.9392 | Time: 11.96s
2025-03-04 18:17:10,251 - INFO - P2 (Round 1) - Epoch 9/10 | Loss: 0.1649 | Acc: 0.9406 | Val Loss: 0.1617 | Val Acc: 0.9410 | Time: 11.83s
2025-03-04 18:17:23,539 - INFO - P2 (Round 1) - Epoch 10/10 | Loss: 0.1622 | Acc: 0.9417 | Val Loss: 0.1591 | Val Acc: 0.9434 | Time: 13.29s
2025-03-04 18:17:26,391 - INFO - Round 1 completed in 250.85s
2025-03-04 18:17:26,391 - INFO - Global Model - P1 Test: Loss = 2.6683, Accuracy = 0.5830
2025-03-04 18:17:26,391 - INFO - Global Model - P2 Test: Loss = 2.6845, Accuracy = 0.5517
2025-03-04 18:17:38,414 - INFO - P1 (Round 2) - Epoch 1/10 | Loss: 0.2324 | Acc: 0.9229 | Val Loss: 0.1789 | Val Acc: 0.9379 | Time: 12.02s
2025-03-04 18:17:50,538 - INFO - P1 (Round 2) - Epoch 2/10 | Loss: 0.1705 | Acc: 0.9413 | Val Loss: 0.1634 | Val Acc: 0.9425 | Time: 12.12s
2025-03-04 18:18:02,543 - INFO - P1 (Round 2) - Epoch 3/10 | Loss: 0.1592 | Acc: 0.9456 | Val Loss: 0.1561 | Val Acc: 0.9488 | Time: 12.00s
2025-03-04 18:18:14,384 - INFO - P1 (Round 2) - Epoch 4/10 | Loss: 0.1523 | Acc: 0.9489 | Val Loss: 0.1516 | Val Acc: 0.9508 | Time: 11.84s
2025-03-04 18:18:26,387 - INFO - P1 (Round 2) - Epoch 5/10 | Loss: 0.1454 | Acc: 0.9514 | Val Loss: 0.1419 | Val Acc: 0.9523 | Time: 12.00s
2025-03-04 18:18:39,434 - INFO - P1 (Round 2) - Epoch 6/10 | Loss: 0.1379 | Acc: 0.9541 | Val Loss: 0.1337 | Val Acc: 0.9571 | Time: 13.05s
2025-03-04 18:18:51,324 - INFO - P1 (Round 2) - Epoch 7/10 | Loss: 0.1285 | Acc: 0.9585 | Val Loss: 0.1241 | Val Acc: 0.9605 | Time: 11.89s
2025-03-04 18:19:03,594 - INFO - P1 (Round 2) - Epoch 8/10 | Loss: 0.1175 | Acc: 0.9632 | Val Loss: 0.1137 | Val Acc: 0.9639 | Time: 12.27s
2025-03-04 18:19:15,971 - INFO - P1 (Round 2) - Epoch 9/10 | Loss: 0.1083 | Acc: 0.9663 | Val Loss: 0.1056 | Val Acc: 0.9675 | Time: 12.38s
2025-03-04 18:19:27,704 - INFO - P1 (Round 2) - Epoch 10/10 | Loss: 0.1026 | Acc: 0.9681 | Val Loss: 0.1012 | Val Acc: 0.9699 | Time: 11.73s
2025-03-04 18:19:40,128 - INFO - P2 (Round 2) - Epoch 1/10 | Loss: 0.2622 | Acc: 0.9128 | Val Loss: 0.2042 | Val Acc: 0.9265 | Time: 12.42s
2025-03-04 18:19:52,974 - INFO - P2 (Round 2) - Epoch 2/10 | Loss: 0.1933 | Acc: 0.9328 | Val Loss: 0.1864 | Val Acc: 0.9366 | Time: 12.85s
2025-03-04 18:20:04,874 - INFO - P2 (Round 2) - Epoch 3/10 | Loss: 0.1796 | Acc: 0.9379 | Val Loss: 0.1756 | Val Acc: 0.9388 | Time: 11.90s
2025-03-04 18:20:16,813 - INFO - P2 (Round 2) - Epoch 4/10 | Loss: 0.1608 | Acc: 0.9468 | Val Loss: 0.1440 | Val Acc: 0.9549 | Time: 11.94s
2025-03-04 18:20:28,641 - INFO - P2 (Round 2) - Epoch 5/10 | Loss: 0.1288 | Acc: 0.9596 | Val Loss: 0.1202 | Val Acc: 0.9617 | Time: 11.83s
2025-03-04 18:20:40,596 - INFO - P2 (Round 2) - Epoch 6/10 | Loss: 0.1156 | Acc: 0.9632 | Val Loss: 0.1141 | Val Acc: 0.9653 | Time: 11.96s
2025-03-04 18:20:53,056 - INFO - P2 (Round 2) - Epoch 7/10 | Loss: 0.1094 | Acc: 0.9654 | Val Loss: 0.1085 | Val Acc: 0.9639 | Time: 12.46s
2025-03-04 18:21:05,616 - INFO - P2 (Round 2) - Epoch 8/10 | Loss: 0.1053 | Acc: 0.9668 | Val Loss: 0.1088 | Val Acc: 0.9664 | Time: 12.56s
2025-03-04 18:21:17,745 - INFO - P2 (Round 2) - Epoch 9/10 | Loss: 0.1023 | Acc: 0.9678 | Val Loss: 0.1007 | Val Acc: 0.9683 | Time: 12.13s
2025-03-04 18:21:29,820 - INFO - P2 (Round 2) - Epoch 10/10 | Loss: 0.1000 | Acc: 0.9686 | Val Loss: 0.0997 | Val Acc: 0.9687 | Time: 12.08s
2025-03-04 18:21:32,418 - INFO - Round 2 completed in 246.03s
2025-03-04 18:21:32,418 - INFO - Global Model - P1 Test: Loss = 1.7545, Accuracy = 0.6039
2025-03-04 18:21:32,418 - INFO - Global Model - P2 Test: Loss = 2.4039, Accuracy = 0.5199
2025-03-04 18:21:44,575 - INFO - P1 (Round 3) - Epoch 1/10 | Loss: 0.1475 | Acc: 0.9527 | Val Loss: 0.1191 | Val Acc: 0.9636 | Time: 12.16s
2025-03-04 18:21:57,142 - INFO - P1 (Round 3) - Epoch 2/10 | Loss: 0.1118 | Acc: 0.9647 | Val Loss: 0.1061 | Val Acc: 0.9652 | Time: 12.57s
2025-03-04 18:22:10,340 - INFO - P1 (Round 3) - Epoch 3/10 | Loss: 0.1020 | Acc: 0.9678 | Val Loss: 0.1015 | Val Acc: 0.9673 | Time: 13.20s
2025-03-04 18:22:22,152 - INFO - P1 (Round 3) - Epoch 4/10 | Loss: 0.0973 | Acc: 0.9694 | Val Loss: 0.0940 | Val Acc: 0.9707 | Time: 11.81s
2025-03-04 18:22:34,024 - INFO - P1 (Round 3) - Epoch 5/10 | Loss: 0.0937 | Acc: 0.9707 | Val Loss: 0.0930 | Val Acc: 0.9712 | Time: 11.87s
2025-03-04 18:22:46,163 - INFO - P1 (Round 3) - Epoch 6/10 | Loss: 0.0909 | Acc: 0.9715 | Val Loss: 0.0891 | Val Acc: 0.9722 | Time: 12.14s
2025-03-04 18:22:58,109 - INFO - P1 (Round 3) - Epoch 7/10 | Loss: 0.0890 | Acc: 0.9721 | Val Loss: 0.0893 | Val Acc: 0.9731 | Time: 11.95s
2025-03-04 18:23:10,299 - INFO - P1 (Round 3) - Epoch 8/10 | Loss: 0.0870 | Acc: 0.9728 | Val Loss: 0.0860 | Val Acc: 0.9737 | Time: 12.19s
2025-03-04 18:23:22,152 - INFO - P1 (Round 3) - Epoch 9/10 | Loss: 0.0854 | Acc: 0.9732 | Val Loss: 0.0839 | Val Acc: 0.9747 | Time: 11.85s
2025-03-04 18:23:32,333 - INFO - P1 (Round 3) - Epoch 10/10 | Loss: 0.0838 | Acc: 0.9738 | Val Loss: 0.0819 | Val Acc: 0.9746 | Time: 10.18s
2025-03-04 18:23:42,504 - INFO - P2 (Round 3) - Epoch 1/10 | Loss: 0.1579 | Acc: 0.9481 | Val Loss: 0.1187 | Val Acc: 0.9610 | Time: 10.17s
2025-03-04 18:23:52,754 - INFO - P2 (Round 3) - Epoch 2/10 | Loss: 0.1114 | Acc: 0.9645 | Val Loss: 0.1085 | Val Acc: 0.9653 | Time: 10.25s
2025-03-04 18:24:02,968 - INFO - P2 (Round 3) - Epoch 3/10 | Loss: 0.1048 | Acc: 0.9666 | Val Loss: 0.1017 | Val Acc: 0.9681 | Time: 10.21s
2025-03-04 18:24:12,958 - INFO - P2 (Round 3) - Epoch 4/10 | Loss: 0.1007 | Acc: 0.9680 | Val Loss: 0.0997 | Val Acc: 0.9686 | Time: 9.99s
2025-03-04 18:24:24,055 - INFO - P2 (Round 3) - Epoch 5/10 | Loss: 0.0975 | Acc: 0.9690 | Val Loss: 0.0960 | Val Acc: 0.9708 | Time: 11.10s
2025-03-04 18:24:35,315 - INFO - P2 (Round 3) - Epoch 6/10 | Loss: 0.0955 | Acc: 0.9696 | Val Loss: 0.0947 | Val Acc: 0.9695 | Time: 11.26s
2025-03-04 18:24:45,563 - INFO - P2 (Round 3) - Epoch 7/10 | Loss: 0.0936 | Acc: 0.9703 | Val Loss: 0.0935 | Val Acc: 0.9705 | Time: 10.25s
2025-03-04 18:24:55,732 - INFO - P2 (Round 3) - Epoch 8/10 | Loss: 0.0923 | Acc: 0.9706 | Val Loss: 0.0911 | Val Acc: 0.9709 | Time: 10.17s
2025-03-04 18:25:05,971 - INFO - P2 (Round 3) - Epoch 9/10 | Loss: 0.0912 | Acc: 0.9710 | Val Loss: 0.0923 | Val Acc: 0.9710 | Time: 10.24s
2025-03-04 18:25:16,343 - INFO - P2 (Round 3) - Epoch 10/10 | Loss: 0.0903 | Acc: 0.9713 | Val Loss: 0.0906 | Val Acc: 0.9700 | Time: 10.37s
2025-03-04 18:25:18,510 - INFO - Round 3 completed in 226.09s
2025-03-04 18:25:18,511 - INFO - Global Model - P1 Test: Loss = 1.5165, Accuracy = 0.7821
2025-03-04 18:25:18,511 - INFO - Global Model - P2 Test: Loss = 0.9626, Accuracy = 0.7179
2025-03-04 18:25:28,951 - INFO - P1 (Round 4) - Epoch 1/10 | Loss: 0.1153 | Acc: 0.9633 | Val Loss: 0.1003 | Val Acc: 0.9650 | Time: 10.44s
2025-03-04 18:25:41,115 - INFO - P1 (Round 4) - Epoch 2/10 | Loss: 0.0953 | Acc: 0.9686 | Val Loss: 0.0915 | Val Acc: 0.9698 | Time: 12.16s
2025-03-04 18:25:51,455 - INFO - P1 (Round 4) - Epoch 3/10 | Loss: 0.0897 | Acc: 0.9709 | Val Loss: 0.0882 | Val Acc: 0.9718 | Time: 10.34s
2025-03-04 18:26:01,611 - INFO - P1 (Round 4) - Epoch 4/10 | Loss: 0.0863 | Acc: 0.9723 | Val Loss: 0.0852 | Val Acc: 0.9716 | Time: 10.16s
2025-03-04 18:26:11,753 - INFO - P1 (Round 4) - Epoch 5/10 | Loss: 0.0837 | Acc: 0.9731 | Val Loss: 0.0836 | Val Acc: 0.9728 | Time: 10.14s
2025-03-04 18:26:22,154 - INFO - P1 (Round 4) - Epoch 6/10 | Loss: 0.0817 | Acc: 0.9738 | Val Loss: 0.0799 | Val Acc: 0.9736 | Time: 10.40s
2025-03-04 18:26:32,217 - INFO - P1 (Round 4) - Epoch 7/10 | Loss: 0.0799 | Acc: 0.9745 | Val Loss: 0.0802 | Val Acc: 0.9738 | Time: 10.06s
2025-03-04 18:26:42,272 - INFO - P1 (Round 4) - Epoch 8/10 | Loss: 0.0784 | Acc: 0.9750 | Val Loss: 0.0762 | Val Acc: 0.9754 | Time: 10.05s
2025-03-04 18:26:54,724 - INFO - P1 (Round 4) - Epoch 9/10 | Loss: 0.0770 | Acc: 0.9757 | Val Loss: 0.0761 | Val Acc: 0.9767 | Time: 12.45s
2025-03-04 18:27:04,972 - INFO - P1 (Round 4) - Epoch 10/10 | Loss: 0.0756 | Acc: 0.9763 | Val Loss: 0.0739 | Val Acc: 0.9770 | Time: 10.25s
2025-03-04 18:27:15,156 - INFO - P2 (Round 4) - Epoch 1/10 | Loss: 0.1150 | Acc: 0.9630 | Val Loss: 0.0987 | Val Acc: 0.9688 | Time: 10.18s
2025-03-04 18:27:25,291 - INFO - P2 (Round 4) - Epoch 2/10 | Loss: 0.0941 | Acc: 0.9701 | Val Loss: 0.0910 | Val Acc: 0.9708 | Time: 10.13s
2025-03-04 18:27:35,486 - INFO - P2 (Round 4) - Epoch 3/10 | Loss: 0.0896 | Acc: 0.9718 | Val Loss: 0.0880 | Val Acc: 0.9721 | Time: 10.20s
2025-03-04 18:27:45,598 - INFO - P2 (Round 4) - Epoch 4/10 | Loss: 0.0869 | Acc: 0.9731 | Val Loss: 0.0855 | Val Acc: 0.9740 | Time: 10.11s
2025-03-04 18:27:56,397 - INFO - P2 (Round 4) - Epoch 5/10 | Loss: 0.0846 | Acc: 0.9743 | Val Loss: 0.0860 | Val Acc: 0.9730 | Time: 10.80s
2025-03-04 18:28:08,826 - INFO - P2 (Round 4) - Epoch 6/10 | Loss: 0.0827 | Acc: 0.9751 | Val Loss: 0.0818 | Val Acc: 0.9754 | Time: 12.43s
2025-03-04 18:28:20,808 - INFO - P2 (Round 4) - Epoch 7/10 | Loss: 0.0811 | Acc: 0.9756 | Val Loss: 0.0811 | Val Acc: 0.9757 | Time: 11.98s
2025-03-04 18:28:32,908 - INFO - P2 (Round 4) - Epoch 8/10 | Loss: 0.0799 | Acc: 0.9760 | Val Loss: 0.0795 | Val Acc: 0.9760 | Time: 12.10s
2025-03-04 18:28:45,181 - INFO - P2 (Round 4) - Epoch 9/10 | Loss: 0.0786 | Acc: 0.9761 | Val Loss: 0.0792 | Val Acc: 0.9757 | Time: 12.27s
2025-03-04 18:28:57,497 - INFO - P2 (Round 4) - Epoch 10/10 | Loss: 0.0776 | Acc: 0.9764 | Val Loss: 0.0770 | Val Acc: 0.9765 | Time: 12.32s
2025-03-04 18:28:59,897 - INFO - Round 4 completed in 221.39s
2025-03-04 18:28:59,897 - INFO - Global Model - P1 Test: Loss = 1.4051, Accuracy = 0.7589
2025-03-04 18:28:59,897 - INFO - Global Model - P2 Test: Loss = 0.5117, Accuracy = 0.8623
2025-03-04 18:29:12,539 - INFO - P1 (Round 5) - Epoch 1/10 | Loss: 0.0929 | Acc: 0.9709 | Val Loss: 0.0820 | Val Acc: 0.9734 | Time: 12.64s
2025-03-04 18:29:25,079 - INFO - P1 (Round 5) - Epoch 2/10 | Loss: 0.0809 | Acc: 0.9744 | Val Loss: 0.0775 | Val Acc: 0.9755 | Time: 12.54s
2025-03-04 18:29:36,944 - INFO - P1 (Round 5) - Epoch 3/10 | Loss: 0.0779 | Acc: 0.9754 | Val Loss: 0.0750 | Val Acc: 0.9763 | Time: 11.86s
2025-03-04 18:29:49,235 - INFO - P1 (Round 5) - Epoch 4/10 | Loss: 0.0760 | Acc: 0.9760 | Val Loss: 0.0745 | Val Acc: 0.9765 | Time: 12.29s
2025-03-04 18:30:01,398 - INFO - P1 (Round 5) - Epoch 5/10 | Loss: 0.0748 | Acc: 0.9765 | Val Loss: 0.0724 | Val Acc: 0.9771 | Time: 12.16s
2025-03-04 18:30:13,057 - INFO - P1 (Round 5) - Epoch 6/10 | Loss: 0.0738 | Acc: 0.9765 | Val Loss: 0.0726 | Val Acc: 0.9774 | Time: 11.66s
2025-03-04 18:30:27,107 - INFO - P1 (Round 5) - Epoch 7/10 | Loss: 0.0729 | Acc: 0.9770 | Val Loss: 0.0705 | Val Acc: 0.9780 | Time: 14.05s
2025-03-04 18:30:39,702 - INFO - P1 (Round 5) - Epoch 8/10 | Loss: 0.0723 | Acc: 0.9771 | Val Loss: 0.0701 | Val Acc: 0.9778 | Time: 12.59s
2025-03-04 18:30:51,638 - INFO - P1 (Round 5) - Epoch 9/10 | Loss: 0.0719 | Acc: 0.9772 | Val Loss: 0.0705 | Val Acc: 0.9775 | Time: 11.94s
2025-03-04 18:31:04,017 - INFO - P1 (Round 5) - Epoch 10/10 | Loss: 0.0714 | Acc: 0.9774 | Val Loss: 0.0695 | Val Acc: 0.9780 | Time: 12.38s
2025-03-04 18:31:14,045 - INFO - P2 (Round 5) - Epoch 1/10 | Loss: 0.0929 | Acc: 0.9706 | Val Loss: 0.0838 | Val Acc: 0.9748 | Time: 10.03s
2025-03-04 18:31:23,958 - INFO - P2 (Round 5) - Epoch 2/10 | Loss: 0.0822 | Acc: 0.9750 | Val Loss: 0.0814 | Val Acc: 0.9751 | Time: 9.91s
2025-03-04 18:31:35,582 - INFO - P2 (Round 5) - Epoch 3/10 | Loss: 0.0800 | Acc: 0.9757 | Val Loss: 0.0816 | Val Acc: 0.9755 | Time: 11.62s
2025-03-04 18:31:46,923 - INFO - P2 (Round 5) - Epoch 4/10 | Loss: 0.0786 | Acc: 0.9762 | Val Loss: 0.0789 | Val Acc: 0.9765 | Time: 11.34s
2025-03-04 18:31:57,093 - INFO - P2 (Round 5) - Epoch 5/10 | Loss: 0.0774 | Acc: 0.9766 | Val Loss: 0.0794 | Val Acc: 0.9758 | Time: 10.17s
2025-03-04 18:32:07,281 - INFO - P2 (Round 5) - Epoch 6/10 | Loss: 0.0767 | Acc: 0.9767 | Val Loss: 0.0770 | Val Acc: 0.9768 | Time: 10.19s
2025-03-04 18:32:17,419 - INFO - P2 (Round 5) - Epoch 7/10 | Loss: 0.0761 | Acc: 0.9769 | Val Loss: 0.0784 | Val Acc: 0.9764 | Time: 10.14s
2025-03-04 18:32:27,828 - INFO - P2 (Round 5) - Epoch 8/10 | Loss: 0.0752 | Acc: 0.9771 | Val Loss: 0.0757 | Val Acc: 0.9774 | Time: 10.41s
2025-03-04 18:32:37,875 - INFO - P2 (Round 5) - Epoch 9/10 | Loss: 0.0746 | Acc: 0.9773 | Val Loss: 0.0774 | Val Acc: 0.9766 | Time: 10.05s
2025-03-04 18:32:50,367 - INFO - P2 (Round 5) - Epoch 10/10 | Loss: 0.0738 | Acc: 0.9776 | Val Loss: 0.0740 | Val Acc: 0.9777 | Time: 12.49s
2025-03-04 18:32:52,703 - INFO - Round 5 completed in 232.81s
2025-03-04 18:32:52,703 - INFO - Global Model - P1 Test: Loss = 1.0429, Accuracy = 0.7858
2025-03-04 18:32:52,703 - INFO - Global Model - P2 Test: Loss = 0.3979, Accuracy = 0.8776
2025-03-04 18:33:02,712 - INFO - P1 (Round 6) - Epoch 1/10 | Loss: 0.0823 | Acc: 0.9743 | Val Loss: 0.0752 | Val Acc: 0.9757 | Time: 10.01s
2025-03-04 18:33:12,732 - INFO - P1 (Round 6) - Epoch 2/10 | Loss: 0.0751 | Acc: 0.9762 | Val Loss: 0.0708 | Val Acc: 0.9780 | Time: 10.02s
2025-03-04 18:33:22,715 - INFO - P1 (Round 6) - Epoch 3/10 | Loss: 0.0731 | Acc: 0.9768 | Val Loss: 0.0706 | Val Acc: 0.9776 | Time: 9.98s
2025-03-04 18:33:33,062 - INFO - P1 (Round 6) - Epoch 4/10 | Loss: 0.0722 | Acc: 0.9771 | Val Loss: 0.0714 | Val Acc: 0.9781 | Time: 10.35s
2025-03-04 18:33:43,347 - INFO - P1 (Round 6) - Epoch 5/10 | Loss: 0.0715 | Acc: 0.9774 | Val Loss: 0.0684 | Val Acc: 0.9787 | Time: 10.28s
2025-03-04 18:33:54,432 - INFO - P1 (Round 6) - Epoch 6/10 | Loss: 0.0704 | Acc: 0.9776 | Val Loss: 0.0681 | Val Acc: 0.9788 | Time: 11.08s
2025-03-04 18:34:06,058 - INFO - P1 (Round 6) - Epoch 7/10 | Loss: 0.0678 | Acc: 0.9788 | Val Loss: 0.0663 | Val Acc: 0.9794 | Time: 11.63s
2025-03-04 18:34:16,155 - INFO - P1 (Round 6) - Epoch 8/10 | Loss: 0.0666 | Acc: 0.9793 | Val Loss: 0.0656 | Val Acc: 0.9797 | Time: 10.10s
2025-03-04 18:34:26,081 - INFO - P1 (Round 6) - Epoch 9/10 | Loss: 0.0658 | Acc: 0.9795 | Val Loss: 0.0661 | Val Acc: 0.9795 | Time: 9.93s
2025-03-04 18:34:36,166 - INFO - P1 (Round 6) - Epoch 10/10 | Loss: 0.0654 | Acc: 0.9798 | Val Loss: 0.0630 | Val Acc: 0.9808 | Time: 10.08s
2025-03-04 18:34:46,163 - INFO - P2 (Round 6) - Epoch 1/10 | Loss: 0.0933 | Acc: 0.9694 | Val Loss: 0.0878 | Val Acc: 0.9723 | Time: 10.00s
2025-03-04 18:34:56,287 - INFO - P2 (Round 6) - Epoch 2/10 | Loss: 0.0857 | Acc: 0.9725 | Val Loss: 0.0851 | Val Acc: 0.9728 | Time: 10.12s
2025-03-04 18:35:07,708 - INFO - P2 (Round 6) - Epoch 3/10 | Loss: 0.0839 | Acc: 0.9732 | Val Loss: 0.0835 | Val Acc: 0.9727 | Time: 11.42s
2025-03-04 18:35:19,049 - INFO - P2 (Round 6) - Epoch 4/10 | Loss: 0.0827 | Acc: 0.9735 | Val Loss: 0.0826 | Val Acc: 0.9745 | Time: 11.34s
2025-03-04 18:35:29,164 - INFO - P2 (Round 6) - Epoch 5/10 | Loss: 0.0808 | Acc: 0.9743 | Val Loss: 0.0801 | Val Acc: 0.9749 | Time: 10.11s
2025-03-04 18:35:39,152 - INFO - P2 (Round 6) - Epoch 6/10 | Loss: 0.0779 | Acc: 0.9753 | Val Loss: 0.0781 | Val Acc: 0.9759 | Time: 9.99s
2025-03-04 18:35:49,414 - INFO - P2 (Round 6) - Epoch 7/10 | Loss: 0.0750 | Acc: 0.9767 | Val Loss: 0.0754 | Val Acc: 0.9766 | Time: 10.26s
2025-03-04 18:35:59,640 - INFO - P2 (Round 6) - Epoch 8/10 | Loss: 0.0736 | Acc: 0.9773 | Val Loss: 0.0750 | Val Acc: 0.9776 | Time: 10.22s
2025-03-04 18:36:09,814 - INFO - P2 (Round 6) - Epoch 9/10 | Loss: 0.0728 | Acc: 0.9776 | Val Loss: 0.0808 | Val Acc: 0.9753 | Time: 10.17s
2025-03-04 18:36:21,786 - INFO - P2 (Round 6) - Epoch 10/10 | Loss: 0.0720 | Acc: 0.9779 | Val Loss: 0.0728 | Val Acc: 0.9784 | Time: 11.97s
2025-03-04 18:36:24,543 - INFO - Round 6 completed in 211.84s
2025-03-04 18:36:24,543 - INFO - Global Model - P1 Test: Loss = 0.6610, Accuracy = 0.8452
2025-03-04 18:36:24,543 - INFO - Global Model - P2 Test: Loss = 0.4262, Accuracy = 0.8835
2025-03-04 18:36:35,171 - INFO - P1 (Round 7) - Epoch 1/10 | Loss: 0.0704 | Acc: 0.9784 | Val Loss: 0.0645 | Val Acc: 0.9802 | Time: 10.63s
2025-03-04 18:36:45,598 - INFO - P1 (Round 7) - Epoch 2/10 | Loss: 0.0660 | Acc: 0.9795 | Val Loss: 0.0660 | Val Acc: 0.9799 | Time: 10.43s
2025-03-04 18:36:55,934 - INFO - P1 (Round 7) - Epoch 3/10 | Loss: 0.0649 | Acc: 0.9799 | Val Loss: 0.0657 | Val Acc: 0.9800 | Time: 10.34s
2025-03-04 18:37:06,060 - INFO - P1 (Round 7) - Epoch 4/10 | Loss: 0.0642 | Acc: 0.9801 | Val Loss: 0.0671 | Val Acc: 0.9791 | Time: 10.13s
2025-03-04 18:37:16,082 - INFO - P1 (Round 7) - Epoch 5/10 | Loss: 0.0636 | Acc: 0.9802 | Val Loss: 0.0619 | Val Acc: 0.9816 | Time: 10.02s
2025-03-04 18:37:25,981 - INFO - P1 (Round 7) - Epoch 6/10 | Loss: 0.0634 | Acc: 0.9804 | Val Loss: 0.0617 | Val Acc: 0.9813 | Time: 9.90s
2025-03-04 18:37:36,049 - INFO - P1 (Round 7) - Epoch 7/10 | Loss: 0.0629 | Acc: 0.9805 | Val Loss: 0.0619 | Val Acc: 0.9810 | Time: 10.07s
2025-03-04 18:37:46,242 - INFO - P1 (Round 7) - Epoch 8/10 | Loss: 0.0626 | Acc: 0.9807 | Val Loss: 0.0606 | Val Acc: 0.9811 | Time: 10.19s
2025-03-04 18:37:56,567 - INFO - P1 (Round 7) - Epoch 9/10 | Loss: 0.0623 | Acc: 0.9808 | Val Loss: 0.0603 | Val Acc: 0.9818 | Time: 10.32s
2025-03-04 18:38:06,486 - INFO - P1 (Round 7) - Epoch 10/10 | Loss: 0.0622 | Acc: 0.9809 | Val Loss: 0.0599 | Val Acc: 0.9819 | Time: 9.92s
2025-03-04 18:38:16,452 - INFO - P2 (Round 7) - Epoch 1/10 | Loss: 0.0779 | Acc: 0.9756 | Val Loss: 0.0750 | Val Acc: 0.9763 | Time: 9.97s
2025-03-04 18:38:26,459 - INFO - P2 (Round 7) - Epoch 2/10 | Loss: 0.0732 | Acc: 0.9772 | Val Loss: 0.0746 | Val Acc: 0.9772 | Time: 10.01s
2025-03-04 18:38:36,539 - INFO - P2 (Round 7) - Epoch 3/10 | Loss: 0.0723 | Acc: 0.9775 | Val Loss: 0.0752 | Val Acc: 0.9766 | Time: 10.08s
2025-03-04 18:38:46,848 - INFO - P2 (Round 7) - Epoch 4/10 | Loss: 0.0715 | Acc: 0.9777 | Val Loss: 0.0715 | Val Acc: 0.9781 | Time: 10.31s
2025-03-04 18:39:02,325 - INFO - P2 (Round 7) - Epoch 5/10 | Loss: 0.0712 | Acc: 0.9778 | Val Loss: 0.0736 | Val Acc: 0.9774 | Time: 15.48s
2025-03-04 18:39:15,509 - INFO - P2 (Round 7) - Epoch 6/10 | Loss: 0.0706 | Acc: 0.9780 | Val Loss: 0.0727 | Val Acc: 0.9773 | Time: 13.18s
2025-03-04 18:39:28,853 - INFO - P2 (Round 7) - Epoch 7/10 | Loss: 0.0701 | Acc: 0.9781 | Val Loss: 0.0721 | Val Acc: 0.9777 | Time: 13.34s
2025-03-04 18:39:39,865 - INFO - P2 (Round 7) - Epoch 8/10 | Loss: 0.0699 | Acc: 0.9782 | Val Loss: 0.0712 | Val Acc: 0.9779 | Time: 11.01s
2025-03-04 18:39:50,375 - INFO - P2 (Round 7) - Epoch 9/10 | Loss: 0.0696 | Acc: 0.9784 | Val Loss: 0.0715 | Val Acc: 0.9775 | Time: 10.51s
2025-03-04 18:40:02,840 - INFO - P2 (Round 7) - Epoch 10/10 | Loss: 0.0695 | Acc: 0.9784 | Val Loss: 0.0719 | Val Acc: 0.9778 | Time: 12.46s
2025-03-04 18:40:05,087 - INFO - Round 7 completed in 220.54s
2025-03-04 18:40:05,087 - INFO - Global Model - P1 Test: Loss = 0.6164, Accuracy = 0.8725
2025-03-04 18:40:05,087 - INFO - Global Model - P2 Test: Loss = 0.4598, Accuracy = 0.8744
2025-03-04 18:40:15,154 - INFO - P1 (Round 8) - Epoch 1/10 | Loss: 0.0682 | Acc: 0.9790 | Val Loss: 0.0625 | Val Acc: 0.9806 | Time: 10.07s
2025-03-04 18:40:25,409 - INFO - P1 (Round 8) - Epoch 2/10 | Loss: 0.0640 | Acc: 0.9802 | Val Loss: 0.0623 | Val Acc: 0.9809 | Time: 10.25s
2025-03-04 18:40:37,063 - INFO - P1 (Round 8) - Epoch 3/10 | Loss: 0.0632 | Acc: 0.9803 | Val Loss: 0.0617 | Val Acc: 0.9810 | Time: 11.65s
2025-03-04 18:40:48,804 - INFO - P1 (Round 8) - Epoch 4/10 | Loss: 0.0628 | Acc: 0.9806 | Val Loss: 0.0619 | Val Acc: 0.9811 | Time: 11.74s
2025-03-04 18:41:00,590 - INFO - P1 (Round 8) - Epoch 5/10 | Loss: 0.0627 | Acc: 0.9807 | Val Loss: 0.0607 | Val Acc: 0.9811 | Time: 11.79s
2025-03-04 18:41:13,905 - INFO - P1 (Round 8) - Epoch 6/10 | Loss: 0.0622 | Acc: 0.9808 | Val Loss: 0.0604 | Val Acc: 0.9817 | Time: 13.32s
2025-03-04 18:41:26,032 - INFO - P1 (Round 8) - Epoch 7/10 | Loss: 0.0620 | Acc: 0.9808 | Val Loss: 0.0597 | Val Acc: 0.9816 | Time: 12.13s
2025-03-04 18:41:37,845 - INFO - P1 (Round 8) - Epoch 8/10 | Loss: 0.0618 | Acc: 0.9809 | Val Loss: 0.0625 | Val Acc: 0.9806 | Time: 11.81s
2025-03-04 18:41:49,766 - INFO - P1 (Round 8) - Epoch 9/10 | Loss: 0.0619 | Acc: 0.9810 | Val Loss: 0.0602 | Val Acc: 0.9815 | Time: 11.92s
2025-03-04 18:42:01,799 - INFO - P1 (Round 8) - Epoch 10/10 | Loss: 0.0615 | Acc: 0.9810 | Val Loss: 0.0604 | Val Acc: 0.9812 | Time: 12.03s
2025-03-04 18:42:13,702 - INFO - P2 (Round 8) - Epoch 1/10 | Loss: 0.0752 | Acc: 0.9764 | Val Loss: 0.0717 | Val Acc: 0.9781 | Time: 11.90s
2025-03-04 18:42:26,131 - INFO - P2 (Round 8) - Epoch 2/10 | Loss: 0.0710 | Acc: 0.9780 | Val Loss: 0.0711 | Val Acc: 0.9776 | Time: 12.43s
2025-03-04 18:42:36,283 - INFO - P2 (Round 8) - Epoch 3/10 | Loss: 0.0704 | Acc: 0.9781 | Val Loss: 0.0710 | Val Acc: 0.9784 | Time: 10.15s
2025-03-04 18:42:46,510 - INFO - P2 (Round 8) - Epoch 4/10 | Loss: 0.0696 | Acc: 0.9782 | Val Loss: 0.0713 | Val Acc: 0.9783 | Time: 10.23s
2025-03-04 18:42:56,776 - INFO - P2 (Round 8) - Epoch 5/10 | Loss: 0.0693 | Acc: 0.9784 | Val Loss: 0.0698 | Val Acc: 0.9783 | Time: 10.27s
2025-03-04 18:43:06,917 - INFO - P2 (Round 8) - Epoch 6/10 | Loss: 0.0690 | Acc: 0.9785 | Val Loss: 0.0692 | Val Acc: 0.9792 | Time: 10.14s
2025-03-04 18:43:17,068 - INFO - P2 (Round 8) - Epoch 7/10 | Loss: 0.0688 | Acc: 0.9787 | Val Loss: 0.0703 | Val Acc: 0.9777 | Time: 10.15s
2025-03-04 18:43:27,540 - INFO - P2 (Round 8) - Epoch 8/10 | Loss: 0.0683 | Acc: 0.9788 | Val Loss: 0.0684 | Val Acc: 0.9787 | Time: 10.47s
2025-03-04 18:43:39,223 - INFO - P2 (Round 8) - Epoch 9/10 | Loss: 0.0682 | Acc: 0.9788 | Val Loss: 0.0692 | Val Acc: 0.9780 | Time: 11.68s
2025-03-04 18:43:49,473 - INFO - P2 (Round 8) - Epoch 10/10 | Loss: 0.0680 | Acc: 0.9789 | Val Loss: 0.0681 | Val Acc: 0.9790 | Time: 10.25s
2025-03-04 18:43:51,727 - INFO - Round 8 completed in 226.64s
2025-03-04 18:43:51,728 - INFO - Global Model - P1 Test: Loss = 0.6466, Accuracy = 0.8653
2025-03-04 18:43:51,728 - INFO - Global Model - P2 Test: Loss = 0.4736, Accuracy = 0.8638
2025-03-04 18:44:02,927 - INFO - P1 (Round 9) - Epoch 1/10 | Loss: 0.0678 | Acc: 0.9791 | Val Loss: 0.0634 | Val Acc: 0.9806 | Time: 11.20s
2025-03-04 18:44:15,587 - INFO - P1 (Round 9) - Epoch 2/10 | Loss: 0.0633 | Acc: 0.9803 | Val Loss: 0.0636 | Val Acc: 0.9805 | Time: 12.66s
2025-03-04 18:44:27,806 - INFO - P1 (Round 9) - Epoch 3/10 | Loss: 0.0626 | Acc: 0.9806 | Val Loss: 0.0610 | Val Acc: 0.9813 | Time: 12.22s
2025-03-04 18:44:40,557 - INFO - P1 (Round 9) - Epoch 4/10 | Loss: 0.0623 | Acc: 0.9807 | Val Loss: 0.0600 | Val Acc: 0.9814 | Time: 12.75s
2025-03-04 18:44:53,257 - INFO - P1 (Round 9) - Epoch 5/10 | Loss: 0.0622 | Acc: 0.9808 | Val Loss: 0.0618 | Val Acc: 0.9810 | Time: 12.70s
2025-03-04 18:45:05,530 - INFO - P1 (Round 9) - Epoch 6/10 | Loss: 0.0616 | Acc: 0.9809 | Val Loss: 0.0639 | Val Acc: 0.9802 | Time: 12.27s
2025-03-04 18:45:17,619 - INFO - P1 (Round 9) - Epoch 7/10 | Loss: 0.0614 | Acc: 0.9810 | Val Loss: 0.0604 | Val Acc: 0.9815 | Time: 12.09s
2025-03-04 18:45:29,950 - INFO - P1 (Round 9) - Epoch 8/10 | Loss: 0.0613 | Acc: 0.9810 | Val Loss: 0.0595 | Val Acc: 0.9821 | Time: 12.33s
2025-03-04 18:45:41,705 - INFO - P1 (Round 9) - Epoch 9/10 | Loss: 0.0613 | Acc: 0.9811 | Val Loss: 0.0585 | Val Acc: 0.9821 | Time: 11.75s
2025-03-04 18:45:55,154 - INFO - P1 (Round 9) - Epoch 10/10 | Loss: 0.0610 | Acc: 0.9812 | Val Loss: 0.0598 | Val Acc: 0.9814 | Time: 13.45s
2025-03-04 18:46:07,177 - INFO - P2 (Round 9) - Epoch 1/10 | Loss: 0.0740 | Acc: 0.9769 | Val Loss: 0.0707 | Val Acc: 0.9788 | Time: 12.02s
2025-03-04 18:46:18,987 - INFO - P2 (Round 9) - Epoch 2/10 | Loss: 0.0698 | Acc: 0.9783 | Val Loss: 0.0685 | Val Acc: 0.9785 | Time: 11.81s
2025-03-04 18:46:30,887 - INFO - P2 (Round 9) - Epoch 3/10 | Loss: 0.0690 | Acc: 0.9785 | Val Loss: 0.0737 | Val Acc: 0.9771 | Time: 11.90s
2025-03-04 18:46:42,741 - INFO - P2 (Round 9) - Epoch 4/10 | Loss: 0.0686 | Acc: 0.9785 | Val Loss: 0.0690 | Val Acc: 0.9785 | Time: 11.85s
2025-03-04 18:46:55,012 - INFO - P2 (Round 9) - Epoch 5/10 | Loss: 0.0684 | Acc: 0.9787 | Val Loss: 0.0709 | Val Acc: 0.9778 | Time: 12.27s
2025-03-04 18:47:07,901 - INFO - P2 (Round 9) - Epoch 6/10 | Loss: 0.0679 | Acc: 0.9787 | Val Loss: 0.0674 | Val Acc: 0.9793 | Time: 12.89s
2025-03-04 18:47:19,955 - INFO - P2 (Round 9) - Epoch 7/10 | Loss: 0.0675 | Acc: 0.9789 | Val Loss: 0.0691 | Val Acc: 0.9783 | Time: 12.05s
2025-03-04 18:47:32,555 - INFO - P2 (Round 9) - Epoch 8/10 | Loss: 0.0672 | Acc: 0.9790 | Val Loss: 0.0682 | Val Acc: 0.9792 | Time: 12.60s
2025-03-04 18:47:44,977 - INFO - P2 (Round 9) - Epoch 9/10 | Loss: 0.0671 | Acc: 0.9790 | Val Loss: 0.0669 | Val Acc: 0.9796 | Time: 12.42s
2025-03-04 18:47:57,213 - INFO - P2 (Round 9) - Epoch 10/10 | Loss: 0.0670 | Acc: 0.9791 | Val Loss: 0.0688 | Val Acc: 0.9785 | Time: 12.23s
2025-03-04 18:47:59,942 - INFO - Round 9 completed in 248.21s
2025-03-04 18:47:59,942 - INFO - Global Model - P1 Test: Loss = 0.6438, Accuracy = 0.8647
2025-03-04 18:47:59,942 - INFO - Global Model - P2 Test: Loss = 0.4703, Accuracy = 0.8624
2025-03-04 18:48:13,081 - INFO - P1 (Round 10) - Epoch 1/10 | Loss: 0.0667 | Acc: 0.9795 | Val Loss: 0.0601 | Val Acc: 0.9815 | Time: 13.14s
2025-03-04 18:48:24,894 - INFO - P1 (Round 10) - Epoch 2/10 | Loss: 0.0625 | Acc: 0.9806 | Val Loss: 0.0698 | Val Acc: 0.9787 | Time: 11.81s
2025-03-04 18:48:36,857 - INFO - P1 (Round 10) - Epoch 3/10 | Loss: 0.0620 | Acc: 0.9807 | Val Loss: 0.0596 | Val Acc: 0.9815 | Time: 11.96s
2025-03-04 18:48:49,128 - INFO - P1 (Round 10) - Epoch 4/10 | Loss: 0.0617 | Acc: 0.9808 | Val Loss: 0.0609 | Val Acc: 0.9815 | Time: 12.27s
2025-03-04 18:49:01,664 - INFO - P1 (Round 10) - Epoch 5/10 | Loss: 0.0613 | Acc: 0.9809 | Val Loss: 0.0602 | Val Acc: 0.9817 | Time: 12.54s
2025-03-04 18:49:15,319 - INFO - P1 (Round 10) - Epoch 6/10 | Loss: 0.0610 | Acc: 0.9810 | Val Loss: 0.0594 | Val Acc: 0.9817 | Time: 13.66s
2025-03-04 18:49:27,859 - INFO - P1 (Round 10) - Epoch 7/10 | Loss: 0.0608 | Acc: 0.9810 | Val Loss: 0.0597 | Val Acc: 0.9813 | Time: 12.54s
2025-03-04 18:49:39,873 - INFO - P1 (Round 10) - Epoch 8/10 | Loss: 0.0608 | Acc: 0.9811 | Val Loss: 0.0593 | Val Acc: 0.9817 | Time: 12.01s
2025-03-04 18:49:52,063 - INFO - P1 (Round 10) - Epoch 9/10 | Loss: 0.0607 | Acc: 0.9811 | Val Loss: 0.0592 | Val Acc: 0.9816 | Time: 12.19s
2025-03-04 18:50:04,294 - INFO - P1 (Round 10) - Epoch 10/10 | Loss: 0.0605 | Acc: 0.9812 | Val Loss: 0.0596 | Val Acc: 0.9810 | Time: 12.23s
2025-03-04 18:50:16,669 - INFO - P2 (Round 10) - Epoch 1/10 | Loss: 0.0867 | Acc: 0.9715 | Val Loss: 0.0815 | Val Acc: 0.9733 | Time: 12.37s
2025-03-04 18:50:29,741 - INFO - P2 (Round 10) - Epoch 2/10 | Loss: 0.0802 | Acc: 0.9740 | Val Loss: 0.0795 | Val Acc: 0.9735 | Time: 13.07s
2025-03-04 18:50:41,822 - INFO - P2 (Round 10) - Epoch 3/10 | Loss: 0.0789 | Acc: 0.9745 | Val Loss: 0.0792 | Val Acc: 0.9740 | Time: 12.08s
2025-03-04 18:50:53,639 - INFO - P2 (Round 10) - Epoch 4/10 | Loss: 0.0742 | Acc: 0.9763 | Val Loss: 0.0697 | Val Acc: 0.9780 | Time: 11.82s
2025-03-04 18:51:05,392 - INFO - P2 (Round 10) - Epoch 5/10 | Loss: 0.0685 | Acc: 0.9785 | Val Loss: 0.0666 | Val Acc: 0.9790 | Time: 11.75s
2025-03-04 18:51:17,242 - INFO - P2 (Round 10) - Epoch 6/10 | Loss: 0.0675 | Acc: 0.9788 | Val Loss: 0.0665 | Val Acc: 0.9792 | Time: 11.85s
2025-03-04 18:51:29,922 - INFO - P2 (Round 10) - Epoch 7/10 | Loss: 0.0673 | Acc: 0.9789 | Val Loss: 0.0690 | Val Acc: 0.9788 | Time: 12.68s
2025-03-04 18:51:43,000 - INFO - P2 (Round 10) - Epoch 8/10 | Loss: 0.0667 | Acc: 0.9791 | Val Loss: 0.0663 | Val Acc: 0.9794 | Time: 13.08s
2025-03-04 18:51:54,801 - INFO - P2 (Round 10) - Epoch 9/10 | Loss: 0.0666 | Acc: 0.9792 | Val Loss: 0.0670 | Val Acc: 0.9787 | Time: 11.80s
2025-03-04 18:52:07,006 - INFO - P2 (Round 10) - Epoch 10/10 | Loss: 0.0663 | Acc: 0.9792 | Val Loss: 0.0662 | Val Acc: 0.9793 | Time: 12.21s
2025-03-04 18:52:09,489 - INFO - Round 10 completed in 249.55s
2025-03-04 18:52:09,489 - INFO - Global Model - P1 Test: Loss = 0.6392, Accuracy = 0.8641
2025-03-04 18:52:09,489 - INFO - Global Model - P2 Test: Loss = 0.4223, Accuracy = 0.8687
2025-03-04 18:52:12,015 - INFO - Final Results after 10 rounds:
2025-03-04 18:52:12,015 - INFO - Global Model - P1 Test: Loss = 0.6392, Accuracy = 0.8641
2025-03-04 18:52:12,015 - INFO - Global Model - P2 Test: Loss = 0.4223, Accuracy = 0.8687
2025-03-04 18:52:12,026 - INFO - Experiment 33 results saved to results/suppression_experiments/exp_33_p1f12_p2f10.json
