2025-03-05 01:29:03,085 - INFO - Starting Suppression Experiment 134
2025-03-05 01:29:03,085 - INFO - P1 Features (5/14): ['protocol', 'bidirectional_min_ps', 'bidirectional_mean_ps', 'bidirectional_stddev_ps', 'bidirectional_max_ps']
2025-03-05 01:29:03,085 - INFO - P2 Features (7/14): ['protocol', 'bidirectional_min_ps', 'bidirectional_mean_ps', 'bidirectional_stddev_ps', 'bidirectional_max_ps', 'src2dst_stddev_ps', 'src2dst_max_ps']
2025-03-05 01:29:13,516 - INFO - P1 (Round 1) - Epoch 1/10 | Loss: 0.5989 | Acc: 0.7723 | Val Loss: 0.4153 | Val Acc: 0.8423 | Time: 10.31s
2025-03-05 01:29:23,752 - INFO - P1 (Round 1) - Epoch 2/10 | Loss: 0.3288 | Acc: 0.8816 | Val Loss: 0.2747 | Val Acc: 0.9043 | Time: 10.24s
2025-03-05 01:29:33,832 - INFO - P1 (Round 1) - Epoch 3/10 | Loss: 0.2588 | Acc: 0.9122 | Val Loss: 0.2452 | Val Acc: 0.9180 | Time: 10.08s
2025-03-05 01:29:44,189 - INFO - P1 (Round 1) - Epoch 4/10 | Loss: 0.2368 | Acc: 0.9212 | Val Loss: 0.2281 | Val Acc: 0.9236 | Time: 10.36s
2025-03-05 01:29:55,624 - INFO - P1 (Round 1) - Epoch 5/10 | Loss: 0.2211 | Acc: 0.9283 | Val Loss: 0.2140 | Val Acc: 0.9339 | Time: 11.43s
2025-03-05 01:30:05,939 - INFO - P1 (Round 1) - Epoch 6/10 | Loss: 0.2078 | Acc: 0.9342 | Val Loss: 0.2055 | Val Acc: 0.9348 | Time: 10.31s
2025-03-05 01:30:16,335 - INFO - P1 (Round 1) - Epoch 7/10 | Loss: 0.1997 | Acc: 0.9357 | Val Loss: 0.1989 | Val Acc: 0.9349 | Time: 10.39s
2025-03-05 01:30:26,257 - INFO - P1 (Round 1) - Epoch 8/10 | Loss: 0.1950 | Acc: 0.9365 | Val Loss: 0.1922 | Val Acc: 0.9388 | Time: 9.92s
2025-03-05 01:30:36,320 - INFO - P1 (Round 1) - Epoch 9/10 | Loss: 0.1911 | Acc: 0.9374 | Val Loss: 0.1910 | Val Acc: 0.9376 | Time: 10.06s
2025-03-05 01:30:46,538 - INFO - P1 (Round 1) - Epoch 10/10 | Loss: 0.1881 | Acc: 0.9378 | Val Loss: 0.1880 | Val Acc: 0.9397 | Time: 10.22s
2025-03-05 01:30:56,661 - INFO - P2 (Round 1) - Epoch 1/10 | Loss: 0.4662 | Acc: 0.8387 | Val Loss: 0.3009 | Val Acc: 0.8947 | Time: 10.12s
2025-03-05 01:31:08,617 - INFO - P2 (Round 1) - Epoch 2/10 | Loss: 0.2565 | Acc: 0.9176 | Val Loss: 0.2155 | Val Acc: 0.9382 | Time: 11.96s
2025-03-05 01:31:19,189 - INFO - P2 (Round 1) - Epoch 3/10 | Loss: 0.1948 | Acc: 0.9438 | Val Loss: 0.1816 | Val Acc: 0.9486 | Time: 10.57s
2025-03-05 01:31:29,716 - INFO - P2 (Round 1) - Epoch 4/10 | Loss: 0.1722 | Acc: 0.9512 | Val Loss: 0.1641 | Val Acc: 0.9527 | Time: 10.53s
2025-03-05 01:31:40,197 - INFO - P2 (Round 1) - Epoch 5/10 | Loss: 0.1584 | Acc: 0.9543 | Val Loss: 0.1537 | Val Acc: 0.9549 | Time: 10.48s
2025-03-05 01:31:50,362 - INFO - P2 (Round 1) - Epoch 6/10 | Loss: 0.1498 | Acc: 0.9563 | Val Loss: 0.1473 | Val Acc: 0.9572 | Time: 10.16s
2025-03-05 01:32:00,665 - INFO - P2 (Round 1) - Epoch 7/10 | Loss: 0.1439 | Acc: 0.9578 | Val Loss: 0.1419 | Val Acc: 0.9584 | Time: 10.30s
2025-03-05 01:32:11,027 - INFO - P2 (Round 1) - Epoch 8/10 | Loss: 0.1388 | Acc: 0.9588 | Val Loss: 0.1369 | Val Acc: 0.9589 | Time: 10.36s
2025-03-05 01:32:23,191 - INFO - P2 (Round 1) - Epoch 9/10 | Loss: 0.1345 | Acc: 0.9597 | Val Loss: 0.1336 | Val Acc: 0.9598 | Time: 12.16s
2025-03-05 01:32:33,343 - INFO - P2 (Round 1) - Epoch 10/10 | Loss: 0.1307 | Acc: 0.9607 | Val Loss: 0.1316 | Val Acc: 0.9609 | Time: 10.15s
2025-03-05 01:32:35,711 - INFO - Round 1 completed in 212.51s
2025-03-05 01:32:35,712 - INFO - Global Model - P1 Test: Loss = 4.7848, Accuracy = 0.4476
2025-03-05 01:32:35,712 - INFO - Global Model - P2 Test: Loss = 5.9811, Accuracy = 0.3984
2025-03-05 01:32:45,925 - INFO - P1 (Round 2) - Epoch 1/10 | Loss: 0.3143 | Acc: 0.8991 | Val Loss: 0.2344 | Val Acc: 0.9253 | Time: 10.21s
2025-03-05 01:32:56,176 - INFO - P1 (Round 2) - Epoch 2/10 | Loss: 0.2208 | Acc: 0.9283 | Val Loss: 0.2121 | Val Acc: 0.9342 | Time: 10.25s
2025-03-05 01:33:06,172 - INFO - P1 (Round 2) - Epoch 3/10 | Loss: 0.2068 | Acc: 0.9325 | Val Loss: 0.2016 | Val Acc: 0.9354 | Time: 10.00s
2025-03-05 01:33:16,164 - INFO - P1 (Round 2) - Epoch 4/10 | Loss: 0.1996 | Acc: 0.9344 | Val Loss: 0.1995 | Val Acc: 0.9344 | Time: 9.99s
2025-03-05 01:33:27,137 - INFO - P1 (Round 2) - Epoch 5/10 | Loss: 0.1956 | Acc: 0.9352 | Val Loss: 0.1965 | Val Acc: 0.9357 | Time: 10.97s
2025-03-05 01:33:39,503 - INFO - P1 (Round 2) - Epoch 6/10 | Loss: 0.1926 | Acc: 0.9361 | Val Loss: 0.1913 | Val Acc: 0.9383 | Time: 12.37s
2025-03-05 01:33:50,729 - INFO - P1 (Round 2) - Epoch 7/10 | Loss: 0.1902 | Acc: 0.9366 | Val Loss: 0.1888 | Val Acc: 0.9376 | Time: 11.23s
2025-03-05 01:34:00,868 - INFO - P1 (Round 2) - Epoch 8/10 | Loss: 0.1882 | Acc: 0.9372 | Val Loss: 0.1908 | Val Acc: 0.9350 | Time: 10.14s
2025-03-05 01:34:13,090 - INFO - P1 (Round 2) - Epoch 9/10 | Loss: 0.1863 | Acc: 0.9376 | Val Loss: 0.1861 | Val Acc: 0.9387 | Time: 12.22s
2025-03-05 01:34:25,212 - INFO - P1 (Round 2) - Epoch 10/10 | Loss: 0.1844 | Acc: 0.9381 | Val Loss: 0.1829 | Val Acc: 0.9401 | Time: 12.12s
2025-03-05 01:34:37,311 - INFO - P2 (Round 2) - Epoch 1/10 | Loss: 0.2772 | Acc: 0.9229 | Val Loss: 0.1743 | Val Acc: 0.9469 | Time: 12.10s
2025-03-05 01:34:50,490 - INFO - P2 (Round 2) - Epoch 2/10 | Loss: 0.1592 | Acc: 0.9521 | Val Loss: 0.1492 | Val Acc: 0.9556 | Time: 13.18s
2025-03-05 01:35:02,676 - INFO - P2 (Round 2) - Epoch 3/10 | Loss: 0.1408 | Acc: 0.9586 | Val Loss: 0.1386 | Val Acc: 0.9600 | Time: 12.19s
2025-03-05 01:35:14,601 - INFO - P2 (Round 2) - Epoch 4/10 | Loss: 0.1311 | Acc: 0.9616 | Val Loss: 0.1294 | Val Acc: 0.9626 | Time: 11.92s
2025-03-05 01:35:26,588 - INFO - P2 (Round 2) - Epoch 5/10 | Loss: 0.1247 | Acc: 0.9632 | Val Loss: 0.1242 | Val Acc: 0.9632 | Time: 11.99s
2025-03-05 01:35:38,748 - INFO - P2 (Round 2) - Epoch 6/10 | Loss: 0.1210 | Acc: 0.9639 | Val Loss: 0.1212 | Val Acc: 0.9641 | Time: 12.16s
2025-03-05 01:35:51,483 - INFO - P2 (Round 2) - Epoch 7/10 | Loss: 0.1186 | Acc: 0.9644 | Val Loss: 0.1200 | Val Acc: 0.9641 | Time: 12.73s
2025-03-05 01:36:04,203 - INFO - P2 (Round 2) - Epoch 8/10 | Loss: 0.1169 | Acc: 0.9648 | Val Loss: 0.1176 | Val Acc: 0.9648 | Time: 12.72s
2025-03-05 01:36:17,050 - INFO - P2 (Round 2) - Epoch 9/10 | Loss: 0.1151 | Acc: 0.9654 | Val Loss: 0.1163 | Val Acc: 0.9650 | Time: 12.85s
2025-03-05 01:36:29,344 - INFO - P2 (Round 2) - Epoch 10/10 | Loss: 0.1140 | Acc: 0.9658 | Val Loss: 0.1146 | Val Acc: 0.9653 | Time: 12.29s
2025-03-05 01:36:31,790 - INFO - Round 2 completed in 236.08s
2025-03-05 01:36:31,790 - INFO - Global Model - P1 Test: Loss = 0.8949, Accuracy = 0.7655
2025-03-05 01:36:31,790 - INFO - Global Model - P2 Test: Loss = 1.7155, Accuracy = 0.6913
2025-03-05 01:36:43,525 - INFO - P1 (Round 3) - Epoch 1/10 | Loss: 0.2086 | Acc: 0.9294 | Val Loss: 0.1968 | Val Acc: 0.9323 | Time: 11.73s
2025-03-05 01:36:55,799 - INFO - P1 (Round 3) - Epoch 2/10 | Loss: 0.1917 | Acc: 0.9350 | Val Loss: 0.1868 | Val Acc: 0.9387 | Time: 12.27s
2025-03-05 01:37:09,189 - INFO - P1 (Round 3) - Epoch 3/10 | Loss: 0.1853 | Acc: 0.9375 | Val Loss: 0.1815 | Val Acc: 0.9379 | Time: 13.39s
2025-03-05 01:37:21,116 - INFO - P1 (Round 3) - Epoch 4/10 | Loss: 0.1814 | Acc: 0.9383 | Val Loss: 0.1801 | Val Acc: 0.9386 | Time: 11.93s
2025-03-05 01:37:33,135 - INFO - P1 (Round 3) - Epoch 5/10 | Loss: 0.1792 | Acc: 0.9388 | Val Loss: 0.1784 | Val Acc: 0.9380 | Time: 12.02s
2025-03-05 01:37:45,293 - INFO - P1 (Round 3) - Epoch 6/10 | Loss: 0.1774 | Acc: 0.9393 | Val Loss: 0.1754 | Val Acc: 0.9391 | Time: 12.16s
2025-03-05 01:37:57,568 - INFO - P1 (Round 3) - Epoch 7/10 | Loss: 0.1757 | Acc: 0.9397 | Val Loss: 0.1775 | Val Acc: 0.9391 | Time: 12.28s
2025-03-05 01:38:09,986 - INFO - P1 (Round 3) - Epoch 8/10 | Loss: 0.1742 | Acc: 0.9401 | Val Loss: 0.1729 | Val Acc: 0.9411 | Time: 12.42s
2025-03-05 01:38:23,223 - INFO - P1 (Round 3) - Epoch 9/10 | Loss: 0.1732 | Acc: 0.9405 | Val Loss: 0.1723 | Val Acc: 0.9411 | Time: 13.24s
2025-03-05 01:38:35,352 - INFO - P1 (Round 3) - Epoch 10/10 | Loss: 0.1720 | Acc: 0.9408 | Val Loss: 0.1711 | Val Acc: 0.9422 | Time: 12.13s
2025-03-05 01:38:47,664 - INFO - P2 (Round 3) - Epoch 1/10 | Loss: 0.1506 | Acc: 0.9561 | Val Loss: 0.1321 | Val Acc: 0.9600 | Time: 12.31s
2025-03-05 01:38:59,694 - INFO - P2 (Round 3) - Epoch 2/10 | Loss: 0.1252 | Acc: 0.9636 | Val Loss: 0.1229 | Val Acc: 0.9642 | Time: 12.03s
2025-03-05 01:39:11,945 - INFO - P2 (Round 3) - Epoch 3/10 | Loss: 0.1201 | Acc: 0.9646 | Val Loss: 0.1208 | Val Acc: 0.9646 | Time: 12.25s
2025-03-05 01:39:24,573 - INFO - P2 (Round 3) - Epoch 4/10 | Loss: 0.1168 | Acc: 0.9654 | Val Loss: 0.1166 | Val Acc: 0.9653 | Time: 12.63s
2025-03-05 01:39:37,506 - INFO - P2 (Round 3) - Epoch 5/10 | Loss: 0.1141 | Acc: 0.9660 | Val Loss: 0.1146 | Val Acc: 0.9663 | Time: 12.93s
2025-03-05 01:39:49,422 - INFO - P2 (Round 3) - Epoch 6/10 | Loss: 0.1117 | Acc: 0.9666 | Val Loss: 0.1112 | Val Acc: 0.9663 | Time: 11.92s
2025-03-05 01:40:01,528 - INFO - P2 (Round 3) - Epoch 7/10 | Loss: 0.1099 | Acc: 0.9671 | Val Loss: 0.1094 | Val Acc: 0.9681 | Time: 12.11s
2025-03-05 01:40:13,710 - INFO - P2 (Round 3) - Epoch 8/10 | Loss: 0.1085 | Acc: 0.9675 | Val Loss: 0.1097 | Val Acc: 0.9676 | Time: 12.18s
2025-03-05 01:40:25,729 - INFO - P2 (Round 3) - Epoch 9/10 | Loss: 0.1070 | Acc: 0.9682 | Val Loss: 0.1076 | Val Acc: 0.9688 | Time: 12.02s
2025-03-05 01:40:38,590 - INFO - P2 (Round 3) - Epoch 10/10 | Loss: 0.1059 | Acc: 0.9685 | Val Loss: 0.1067 | Val Acc: 0.9679 | Time: 12.86s
2025-03-05 01:40:41,498 - INFO - Round 3 completed in 249.71s
2025-03-05 01:40:41,499 - INFO - Global Model - P1 Test: Loss = 1.2386, Accuracy = 0.8087
2025-03-05 01:40:41,499 - INFO - Global Model - P2 Test: Loss = 0.7708, Accuracy = 0.8057
2025-03-05 01:40:53,940 - INFO - P1 (Round 4) - Epoch 1/10 | Loss: 0.1864 | Acc: 0.9355 | Val Loss: 0.1797 | Val Acc: 0.9392 | Time: 12.44s
2025-03-05 01:41:05,974 - INFO - P1 (Round 4) - Epoch 2/10 | Loss: 0.1762 | Acc: 0.9392 | Val Loss: 0.1722 | Val Acc: 0.9411 | Time: 12.03s
2025-03-05 01:41:17,964 - INFO - P1 (Round 4) - Epoch 3/10 | Loss: 0.1737 | Acc: 0.9400 | Val Loss: 0.1721 | Val Acc: 0.9405 | Time: 11.99s
2025-03-05 01:41:30,311 - INFO - P1 (Round 4) - Epoch 4/10 | Loss: 0.1719 | Acc: 0.9404 | Val Loss: 0.1713 | Val Acc: 0.9400 | Time: 12.35s
2025-03-05 01:41:42,662 - INFO - P1 (Round 4) - Epoch 5/10 | Loss: 0.1704 | Acc: 0.9408 | Val Loss: 0.1672 | Val Acc: 0.9423 | Time: 12.35s
2025-03-05 01:41:55,910 - INFO - P1 (Round 4) - Epoch 6/10 | Loss: 0.1693 | Acc: 0.9411 | Val Loss: 0.1658 | Val Acc: 0.9422 | Time: 13.25s
2025-03-05 01:42:08,219 - INFO - P1 (Round 4) - Epoch 7/10 | Loss: 0.1684 | Acc: 0.9416 | Val Loss: 0.1709 | Val Acc: 0.9398 | Time: 12.31s
2025-03-05 01:42:19,962 - INFO - P1 (Round 4) - Epoch 8/10 | Loss: 0.1674 | Acc: 0.9420 | Val Loss: 0.1664 | Val Acc: 0.9422 | Time: 11.74s
2025-03-05 01:42:32,302 - INFO - P1 (Round 4) - Epoch 9/10 | Loss: 0.1666 | Acc: 0.9425 | Val Loss: 0.1652 | Val Acc: 0.9416 | Time: 12.34s
2025-03-05 01:42:44,047 - INFO - P1 (Round 4) - Epoch 10/10 | Loss: 0.1658 | Acc: 0.9426 | Val Loss: 0.1639 | Val Acc: 0.9427 | Time: 11.75s
2025-03-05 01:42:56,479 - INFO - P2 (Round 4) - Epoch 1/10 | Loss: 0.1204 | Acc: 0.9639 | Val Loss: 0.1119 | Val Acc: 0.9666 | Time: 12.43s
2025-03-05 01:43:09,324 - INFO - P2 (Round 4) - Epoch 2/10 | Loss: 0.1092 | Acc: 0.9672 | Val Loss: 0.1108 | Val Acc: 0.9670 | Time: 12.84s
2025-03-05 01:43:21,737 - INFO - P2 (Round 4) - Epoch 3/10 | Loss: 0.1070 | Acc: 0.9678 | Val Loss: 0.1078 | Val Acc: 0.9681 | Time: 12.41s
2025-03-05 01:43:33,626 - INFO - P2 (Round 4) - Epoch 4/10 | Loss: 0.1056 | Acc: 0.9684 | Val Loss: 0.1065 | Val Acc: 0.9675 | Time: 11.89s
2025-03-05 01:43:45,783 - INFO - P2 (Round 4) - Epoch 5/10 | Loss: 0.1046 | Acc: 0.9686 | Val Loss: 0.1050 | Val Acc: 0.9685 | Time: 12.16s
2025-03-05 01:43:57,908 - INFO - P2 (Round 4) - Epoch 6/10 | Loss: 0.1037 | Acc: 0.9689 | Val Loss: 0.1044 | Val Acc: 0.9692 | Time: 12.12s
2025-03-05 01:44:10,664 - INFO - P2 (Round 4) - Epoch 7/10 | Loss: 0.1029 | Acc: 0.9692 | Val Loss: 0.1050 | Val Acc: 0.9694 | Time: 12.76s
2025-03-05 01:44:23,319 - INFO - P2 (Round 4) - Epoch 8/10 | Loss: 0.1024 | Acc: 0.9693 | Val Loss: 0.1023 | Val Acc: 0.9695 | Time: 12.65s
2025-03-05 01:44:35,618 - INFO - P2 (Round 4) - Epoch 9/10 | Loss: 0.1018 | Acc: 0.9695 | Val Loss: 0.1024 | Val Acc: 0.9690 | Time: 12.30s
2025-03-05 01:44:47,380 - INFO - P2 (Round 4) - Epoch 10/10 | Loss: 0.1012 | Acc: 0.9698 | Val Loss: 0.1033 | Val Acc: 0.9694 | Time: 11.76s
2025-03-05 01:44:50,007 - INFO - Round 4 completed in 248.51s
2025-03-05 01:44:50,007 - INFO - Global Model - P1 Test: Loss = 1.7222, Accuracy = 0.8301
2025-03-05 01:44:50,007 - INFO - Global Model - P2 Test: Loss = 0.6710, Accuracy = 0.8313
2025-03-05 01:45:02,710 - INFO - P1 (Round 5) - Epoch 1/10 | Loss: 0.1802 | Acc: 0.9378 | Val Loss: 0.1708 | Val Acc: 0.9404 | Time: 12.70s
2025-03-05 01:45:15,011 - INFO - P1 (Round 5) - Epoch 2/10 | Loss: 0.1710 | Acc: 0.9403 | Val Loss: 0.1700 | Val Acc: 0.9380 | Time: 12.30s
2025-03-05 01:45:28,279 - INFO - P1 (Round 5) - Epoch 3/10 | Loss: 0.1684 | Acc: 0.9416 | Val Loss: 0.1655 | Val Acc: 0.9432 | Time: 13.27s
2025-03-05 01:45:40,534 - INFO - P1 (Round 5) - Epoch 4/10 | Loss: 0.1670 | Acc: 0.9421 | Val Loss: 0.1667 | Val Acc: 0.9396 | Time: 12.25s
2025-03-05 01:45:52,966 - INFO - P1 (Round 5) - Epoch 5/10 | Loss: 0.1660 | Acc: 0.9425 | Val Loss: 0.1664 | Val Acc: 0.9419 | Time: 12.43s
2025-03-05 01:46:05,190 - INFO - P1 (Round 5) - Epoch 6/10 | Loss: 0.1652 | Acc: 0.9427 | Val Loss: 0.1610 | Val Acc: 0.9435 | Time: 12.22s
2025-03-05 01:46:17,509 - INFO - P1 (Round 5) - Epoch 7/10 | Loss: 0.1644 | Acc: 0.9431 | Val Loss: 0.1612 | Val Acc: 0.9444 | Time: 12.32s
2025-03-05 01:46:29,865 - INFO - P1 (Round 5) - Epoch 8/10 | Loss: 0.1638 | Acc: 0.9432 | Val Loss: 0.1624 | Val Acc: 0.9443 | Time: 12.36s
2025-03-05 01:46:42,073 - INFO - P1 (Round 5) - Epoch 9/10 | Loss: 0.1633 | Acc: 0.9434 | Val Loss: 0.1632 | Val Acc: 0.9432 | Time: 12.21s
2025-03-05 01:46:53,993 - INFO - P1 (Round 5) - Epoch 10/10 | Loss: 0.1625 | Acc: 0.9437 | Val Loss: 0.1608 | Val Acc: 0.9447 | Time: 11.92s
2025-03-05 01:47:06,020 - INFO - P2 (Round 5) - Epoch 1/10 | Loss: 0.1145 | Acc: 0.9658 | Val Loss: 0.1074 | Val Acc: 0.9681 | Time: 12.03s
2025-03-05 01:47:18,121 - INFO - P2 (Round 5) - Epoch 2/10 | Loss: 0.1049 | Acc: 0.9689 | Val Loss: 0.1066 | Val Acc: 0.9686 | Time: 12.10s
2025-03-05 01:47:30,062 - INFO - P2 (Round 5) - Epoch 3/10 | Loss: 0.1033 | Acc: 0.9692 | Val Loss: 0.1069 | Val Acc: 0.9666 | Time: 11.94s
2025-03-05 01:47:41,899 - INFO - P2 (Round 5) - Epoch 4/10 | Loss: 0.1022 | Acc: 0.9695 | Val Loss: 0.1061 | Val Acc: 0.9690 | Time: 11.84s
2025-03-05 01:47:53,718 - INFO - P2 (Round 5) - Epoch 5/10 | Loss: 0.1013 | Acc: 0.9698 | Val Loss: 0.1034 | Val Acc: 0.9683 | Time: 11.82s
2025-03-05 01:48:05,907 - INFO - P2 (Round 5) - Epoch 6/10 | Loss: 0.1007 | Acc: 0.9699 | Val Loss: 0.1020 | Val Acc: 0.9692 | Time: 12.19s
2025-03-05 01:48:18,082 - INFO - P2 (Round 5) - Epoch 7/10 | Loss: 0.1004 | Acc: 0.9700 | Val Loss: 0.1022 | Val Acc: 0.9691 | Time: 12.18s
2025-03-05 01:48:29,840 - INFO - P2 (Round 5) - Epoch 8/10 | Loss: 0.0998 | Acc: 0.9702 | Val Loss: 0.1000 | Val Acc: 0.9705 | Time: 11.76s
2025-03-05 01:48:41,735 - INFO - P2 (Round 5) - Epoch 9/10 | Loss: 0.0994 | Acc: 0.9704 | Val Loss: 0.1017 | Val Acc: 0.9697 | Time: 11.90s
2025-03-05 01:48:54,685 - INFO - P2 (Round 5) - Epoch 10/10 | Loss: 0.0990 | Acc: 0.9706 | Val Loss: 0.1008 | Val Acc: 0.9702 | Time: 12.95s
2025-03-05 01:48:57,478 - INFO - Round 5 completed in 247.47s
2025-03-05 01:48:57,478 - INFO - Global Model - P1 Test: Loss = 2.0769, Accuracy = 0.8219
2025-03-05 01:48:57,478 - INFO - Global Model - P2 Test: Loss = 0.6454, Accuracy = 0.8692
2025-03-05 01:49:10,223 - INFO - P1 (Round 6) - Epoch 1/10 | Loss: 0.1771 | Acc: 0.9389 | Val Loss: 0.1710 | Val Acc: 0.9408 | Time: 12.74s
2025-03-05 01:49:22,079 - INFO - P1 (Round 6) - Epoch 2/10 | Loss: 0.1669 | Acc: 0.9417 | Val Loss: 0.1630 | Val Acc: 0.9422 | Time: 11.86s
2025-03-05 01:49:34,595 - INFO - P1 (Round 6) - Epoch 3/10 | Loss: 0.1647 | Acc: 0.9427 | Val Loss: 0.1613 | Val Acc: 0.9436 | Time: 12.52s
2025-03-05 01:49:46,551 - INFO - P1 (Round 6) - Epoch 4/10 | Loss: 0.1634 | Acc: 0.9432 | Val Loss: 0.1602 | Val Acc: 0.9443 | Time: 11.96s
2025-03-05 01:49:58,368 - INFO - P1 (Round 6) - Epoch 5/10 | Loss: 0.1625 | Acc: 0.9434 | Val Loss: 0.1594 | Val Acc: 0.9441 | Time: 11.82s
2025-03-05 01:50:10,966 - INFO - P1 (Round 6) - Epoch 6/10 | Loss: 0.1618 | Acc: 0.9435 | Val Loss: 0.1646 | Val Acc: 0.9401 | Time: 12.60s
2025-03-05 01:50:24,059 - INFO - P1 (Round 6) - Epoch 7/10 | Loss: 0.1610 | Acc: 0.9440 | Val Loss: 0.1620 | Val Acc: 0.9439 | Time: 13.09s
2025-03-05 01:50:35,850 - INFO - P1 (Round 6) - Epoch 8/10 | Loss: 0.1606 | Acc: 0.9439 | Val Loss: 0.1680 | Val Acc: 0.9397 | Time: 11.79s
2025-03-05 01:50:47,905 - INFO - P1 (Round 6) - Epoch 9/10 | Loss: 0.1600 | Acc: 0.9440 | Val Loss: 0.1577 | Val Acc: 0.9454 | Time: 12.05s
2025-03-05 01:51:00,508 - INFO - P1 (Round 6) - Epoch 10/10 | Loss: 0.1598 | Acc: 0.9441 | Val Loss: 0.1576 | Val Acc: 0.9447 | Time: 12.60s
2025-03-05 01:51:13,019 - INFO - P2 (Round 6) - Epoch 1/10 | Loss: 0.1116 | Acc: 0.9667 | Val Loss: 0.1042 | Val Acc: 0.9688 | Time: 12.51s
2025-03-05 01:51:25,554 - INFO - P2 (Round 6) - Epoch 2/10 | Loss: 0.1024 | Acc: 0.9695 | Val Loss: 0.1020 | Val Acc: 0.9699 | Time: 12.53s
2025-03-05 01:51:38,521 - INFO - P2 (Round 6) - Epoch 3/10 | Loss: 0.1008 | Acc: 0.9699 | Val Loss: 0.1009 | Val Acc: 0.9696 | Time: 12.97s
2025-03-05 01:51:50,825 - INFO - P2 (Round 6) - Epoch 4/10 | Loss: 0.0999 | Acc: 0.9702 | Val Loss: 0.1008 | Val Acc: 0.9699 | Time: 12.30s
2025-03-05 01:52:03,043 - INFO - P2 (Round 6) - Epoch 5/10 | Loss: 0.0992 | Acc: 0.9704 | Val Loss: 0.0992 | Val Acc: 0.9702 | Time: 12.22s
2025-03-05 01:52:15,308 - INFO - P2 (Round 6) - Epoch 6/10 | Loss: 0.0987 | Acc: 0.9704 | Val Loss: 0.1000 | Val Acc: 0.9698 | Time: 12.26s
2025-03-05 01:52:25,453 - INFO - P2 (Round 6) - Epoch 7/10 | Loss: 0.0981 | Acc: 0.9707 | Val Loss: 0.0992 | Val Acc: 0.9703 | Time: 10.15s
2025-03-05 01:52:37,107 - INFO - P2 (Round 6) - Epoch 8/10 | Loss: 0.0976 | Acc: 0.9708 | Val Loss: 0.0995 | Val Acc: 0.9702 | Time: 11.65s
2025-03-05 01:52:47,987 - INFO - P2 (Round 6) - Epoch 9/10 | Loss: 0.0973 | Acc: 0.9708 | Val Loss: 0.0994 | Val Acc: 0.9706 | Time: 10.88s
2025-03-05 01:52:58,118 - INFO - P2 (Round 6) - Epoch 10/10 | Loss: 0.0970 | Acc: 0.9708 | Val Loss: 0.0976 | Val Acc: 0.9707 | Time: 10.13s
2025-03-05 01:53:00,441 - INFO - Round 6 completed in 242.96s
2025-03-05 01:53:00,442 - INFO - Global Model - P1 Test: Loss = 1.9632, Accuracy = 0.8231
2025-03-05 01:53:00,442 - INFO - Global Model - P2 Test: Loss = 0.7750, Accuracy = 0.8510
2025-03-05 01:53:10,755 - INFO - P1 (Round 7) - Epoch 1/10 | Loss: 0.1736 | Acc: 0.9396 | Val Loss: 0.1639 | Val Acc: 0.9432 | Time: 10.31s
2025-03-05 01:53:20,949 - INFO - P1 (Round 7) - Epoch 2/10 | Loss: 0.1633 | Acc: 0.9425 | Val Loss: 0.1659 | Val Acc: 0.9410 | Time: 10.19s
2025-03-05 01:53:31,443 - INFO - P1 (Round 7) - Epoch 3/10 | Loss: 0.1614 | Acc: 0.9435 | Val Loss: 0.1593 | Val Acc: 0.9454 | Time: 10.49s
2025-03-05 01:53:41,581 - INFO - P1 (Round 7) - Epoch 4/10 | Loss: 0.1604 | Acc: 0.9438 | Val Loss: 0.1602 | Val Acc: 0.9439 | Time: 10.14s
2025-03-05 01:53:53,657 - INFO - P1 (Round 7) - Epoch 5/10 | Loss: 0.1598 | Acc: 0.9439 | Val Loss: 0.1617 | Val Acc: 0.9438 | Time: 12.08s
2025-03-05 01:54:03,672 - INFO - P1 (Round 7) - Epoch 6/10 | Loss: 0.1592 | Acc: 0.9442 | Val Loss: 0.1567 | Val Acc: 0.9463 | Time: 10.02s
2025-03-05 01:54:13,942 - INFO - P1 (Round 7) - Epoch 7/10 | Loss: 0.1587 | Acc: 0.9443 | Val Loss: 0.1595 | Val Acc: 0.9451 | Time: 10.27s
2025-03-05 01:54:24,228 - INFO - P1 (Round 7) - Epoch 8/10 | Loss: 0.1582 | Acc: 0.9443 | Val Loss: 0.1575 | Val Acc: 0.9458 | Time: 10.29s
2025-03-05 01:54:34,176 - INFO - P1 (Round 7) - Epoch 9/10 | Loss: 0.1577 | Acc: 0.9445 | Val Loss: 0.1587 | Val Acc: 0.9427 | Time: 9.95s
2025-03-05 01:54:44,239 - INFO - P1 (Round 7) - Epoch 10/10 | Loss: 0.1574 | Acc: 0.9445 | Val Loss: 0.1565 | Val Acc: 0.9461 | Time: 10.06s
2025-03-05 01:54:54,573 - INFO - P2 (Round 7) - Epoch 1/10 | Loss: 0.1095 | Acc: 0.9669 | Val Loss: 0.1027 | Val Acc: 0.9693 | Time: 10.33s
2025-03-05 01:55:06,309 - INFO - P2 (Round 7) - Epoch 2/10 | Loss: 0.1002 | Acc: 0.9699 | Val Loss: 0.0988 | Val Acc: 0.9700 | Time: 11.74s
2025-03-05 01:55:16,655 - INFO - P2 (Round 7) - Epoch 3/10 | Loss: 0.0988 | Acc: 0.9702 | Val Loss: 0.1022 | Val Acc: 0.9690 | Time: 10.35s
2025-03-05 01:55:27,331 - INFO - P2 (Round 7) - Epoch 4/10 | Loss: 0.0981 | Acc: 0.9706 | Val Loss: 0.0987 | Val Acc: 0.9708 | Time: 10.67s
2025-03-05 01:55:37,691 - INFO - P2 (Round 7) - Epoch 5/10 | Loss: 0.0974 | Acc: 0.9708 | Val Loss: 0.0971 | Val Acc: 0.9700 | Time: 10.36s
2025-03-05 01:55:47,722 - INFO - P2 (Round 7) - Epoch 6/10 | Loss: 0.0969 | Acc: 0.9710 | Val Loss: 0.0974 | Val Acc: 0.9710 | Time: 10.03s
2025-03-05 01:55:58,097 - INFO - P2 (Round 7) - Epoch 7/10 | Loss: 0.0964 | Acc: 0.9711 | Val Loss: 0.0970 | Val Acc: 0.9708 | Time: 10.37s
2025-03-05 01:56:08,816 - INFO - P2 (Round 7) - Epoch 8/10 | Loss: 0.0960 | Acc: 0.9712 | Val Loss: 0.0985 | Val Acc: 0.9706 | Time: 10.72s
2025-03-05 01:56:20,696 - INFO - P2 (Round 7) - Epoch 9/10 | Loss: 0.0957 | Acc: 0.9712 | Val Loss: 0.0961 | Val Acc: 0.9711 | Time: 11.88s
2025-03-05 01:56:30,998 - INFO - P2 (Round 7) - Epoch 10/10 | Loss: 0.0952 | Acc: 0.9714 | Val Loss: 0.0976 | Val Acc: 0.9708 | Time: 10.30s
2025-03-05 01:56:33,426 - INFO - Round 7 completed in 212.98s
2025-03-05 01:56:33,426 - INFO - Global Model - P1 Test: Loss = 2.1653, Accuracy = 0.8280
2025-03-05 01:56:33,426 - INFO - Global Model - P2 Test: Loss = 0.7414, Accuracy = 0.8551
2025-03-05 01:56:43,669 - INFO - P1 (Round 8) - Epoch 1/10 | Loss: 0.1715 | Acc: 0.9404 | Val Loss: 0.1609 | Val Acc: 0.9430 | Time: 10.24s
2025-03-05 01:56:54,040 - INFO - P1 (Round 8) - Epoch 2/10 | Loss: 0.1606 | Acc: 0.9437 | Val Loss: 0.1605 | Val Acc: 0.9401 | Time: 10.37s
2025-03-05 01:57:04,080 - INFO - P1 (Round 8) - Epoch 3/10 | Loss: 0.1593 | Acc: 0.9439 | Val Loss: 0.1588 | Val Acc: 0.9461 | Time: 10.04s
2025-03-05 01:57:14,407 - INFO - P1 (Round 8) - Epoch 4/10 | Loss: 0.1579 | Acc: 0.9445 | Val Loss: 0.1592 | Val Acc: 0.9406 | Time: 10.33s
2025-03-05 01:57:26,393 - INFO - P1 (Round 8) - Epoch 5/10 | Loss: 0.1570 | Acc: 0.9449 | Val Loss: 0.1571 | Val Acc: 0.9461 | Time: 11.99s
2025-03-05 01:57:37,370 - INFO - P1 (Round 8) - Epoch 6/10 | Loss: 0.1564 | Acc: 0.9450 | Val Loss: 0.1567 | Val Acc: 0.9449 | Time: 10.98s
2025-03-05 01:57:52,505 - INFO - P1 (Round 8) - Epoch 7/10 | Loss: 0.1560 | Acc: 0.9449 | Val Loss: 0.1544 | Val Acc: 0.9464 | Time: 15.13s
2025-03-05 01:58:06,748 - INFO - P1 (Round 8) - Epoch 8/10 | Loss: 0.1554 | Acc: 0.9452 | Val Loss: 0.1550 | Val Acc: 0.9457 | Time: 14.24s
2025-03-05 01:58:19,494 - INFO - P1 (Round 8) - Epoch 9/10 | Loss: 0.1550 | Acc: 0.9452 | Val Loss: 0.1552 | Val Acc: 0.9468 | Time: 12.75s
2025-03-05 01:58:30,051 - INFO - P1 (Round 8) - Epoch 10/10 | Loss: 0.1546 | Acc: 0.9452 | Val Loss: 0.1629 | Val Acc: 0.9404 | Time: 10.56s
2025-03-05 01:58:42,123 - INFO - P2 (Round 8) - Epoch 1/10 | Loss: 0.1082 | Acc: 0.9672 | Val Loss: 0.1004 | Val Acc: 0.9697 | Time: 12.07s
2025-03-05 01:58:52,253 - INFO - P2 (Round 8) - Epoch 2/10 | Loss: 0.0986 | Acc: 0.9704 | Val Loss: 0.1017 | Val Acc: 0.9691 | Time: 10.13s
2025-03-05 01:59:04,298 - INFO - P2 (Round 8) - Epoch 3/10 | Loss: 0.0975 | Acc: 0.9708 | Val Loss: 0.0979 | Val Acc: 0.9701 | Time: 12.04s
2025-03-05 01:59:17,213 - INFO - P2 (Round 8) - Epoch 4/10 | Loss: 0.0967 | Acc: 0.9710 | Val Loss: 0.0991 | Val Acc: 0.9707 | Time: 12.91s
2025-03-05 01:59:30,352 - INFO - P2 (Round 8) - Epoch 5/10 | Loss: 0.0960 | Acc: 0.9712 | Val Loss: 0.0975 | Val Acc: 0.9708 | Time: 13.14s
2025-03-05 01:59:42,635 - INFO - P2 (Round 8) - Epoch 6/10 | Loss: 0.0954 | Acc: 0.9714 | Val Loss: 0.0970 | Val Acc: 0.9709 | Time: 12.28s
2025-03-05 01:59:55,348 - INFO - P2 (Round 8) - Epoch 7/10 | Loss: 0.0950 | Acc: 0.9715 | Val Loss: 0.0959 | Val Acc: 0.9710 | Time: 12.71s
2025-03-05 02:00:07,611 - INFO - P2 (Round 8) - Epoch 8/10 | Loss: 0.0948 | Acc: 0.9716 | Val Loss: 0.1002 | Val Acc: 0.9702 | Time: 12.26s
2025-03-05 02:00:19,823 - INFO - P2 (Round 8) - Epoch 9/10 | Loss: 0.0945 | Acc: 0.9716 | Val Loss: 0.0951 | Val Acc: 0.9712 | Time: 12.21s
2025-03-05 02:00:31,785 - INFO - P2 (Round 8) - Epoch 10/10 | Loss: 0.0940 | Acc: 0.9718 | Val Loss: 0.0951 | Val Acc: 0.9718 | Time: 11.96s
2025-03-05 02:00:34,307 - INFO - Round 8 completed in 240.88s
2025-03-05 02:00:34,307 - INFO - Global Model - P1 Test: Loss = 2.0297, Accuracy = 0.8286
2025-03-05 02:00:34,308 - INFO - Global Model - P2 Test: Loss = 0.7919, Accuracy = 0.8515
2025-03-05 02:00:46,231 - INFO - P1 (Round 9) - Epoch 1/10 | Loss: 0.1686 | Acc: 0.9412 | Val Loss: 0.1569 | Val Acc: 0.9443 | Time: 11.92s
2025-03-05 02:00:59,456 - INFO - P1 (Round 9) - Epoch 2/10 | Loss: 0.1579 | Acc: 0.9440 | Val Loss: 0.1572 | Val Acc: 0.9456 | Time: 13.22s
2025-03-05 02:01:11,654 - INFO - P1 (Round 9) - Epoch 3/10 | Loss: 0.1562 | Acc: 0.9447 | Val Loss: 0.1548 | Val Acc: 0.9460 | Time: 12.20s
2025-03-05 02:01:23,488 - INFO - P1 (Round 9) - Epoch 4/10 | Loss: 0.1550 | Acc: 0.9452 | Val Loss: 0.1522 | Val Acc: 0.9456 | Time: 11.83s
2025-03-05 02:01:35,556 - INFO - P1 (Round 9) - Epoch 5/10 | Loss: 0.1541 | Acc: 0.9454 | Val Loss: 0.1528 | Val Acc: 0.9466 | Time: 12.07s
2025-03-05 02:01:47,994 - INFO - P1 (Round 9) - Epoch 6/10 | Loss: 0.1532 | Acc: 0.9456 | Val Loss: 0.1525 | Val Acc: 0.9454 | Time: 12.44s
2025-03-05 02:01:59,874 - INFO - P1 (Round 9) - Epoch 7/10 | Loss: 0.1527 | Acc: 0.9457 | Val Loss: 0.1520 | Val Acc: 0.9464 | Time: 11.88s
2025-03-05 02:02:13,170 - INFO - P1 (Round 9) - Epoch 8/10 | Loss: 0.1522 | Acc: 0.9460 | Val Loss: 0.1499 | Val Acc: 0.9471 | Time: 13.30s
2025-03-05 02:02:25,555 - INFO - P1 (Round 9) - Epoch 9/10 | Loss: 0.1516 | Acc: 0.9460 | Val Loss: 0.1503 | Val Acc: 0.9473 | Time: 12.39s
2025-03-05 02:02:37,682 - INFO - P1 (Round 9) - Epoch 10/10 | Loss: 0.1511 | Acc: 0.9463 | Val Loss: 0.1504 | Val Acc: 0.9467 | Time: 12.13s
2025-03-05 02:02:49,701 - INFO - P2 (Round 9) - Epoch 1/10 | Loss: 0.1071 | Acc: 0.9677 | Val Loss: 0.0996 | Val Acc: 0.9699 | Time: 12.02s
2025-03-05 02:03:01,722 - INFO - P2 (Round 9) - Epoch 2/10 | Loss: 0.0974 | Acc: 0.9705 | Val Loss: 0.0970 | Val Acc: 0.9704 | Time: 12.02s
2025-03-05 02:03:14,170 - INFO - P2 (Round 9) - Epoch 3/10 | Loss: 0.0960 | Acc: 0.9710 | Val Loss: 0.0969 | Val Acc: 0.9707 | Time: 12.45s
2025-03-05 02:03:27,328 - INFO - P2 (Round 9) - Epoch 4/10 | Loss: 0.0954 | Acc: 0.9712 | Val Loss: 0.0951 | Val Acc: 0.9714 | Time: 13.16s
2025-03-05 02:03:39,290 - INFO - P2 (Round 9) - Epoch 5/10 | Loss: 0.0947 | Acc: 0.9714 | Val Loss: 0.0955 | Val Acc: 0.9710 | Time: 11.96s
2025-03-05 02:03:51,512 - INFO - P2 (Round 9) - Epoch 6/10 | Loss: 0.0942 | Acc: 0.9715 | Val Loss: 0.0948 | Val Acc: 0.9711 | Time: 12.22s
2025-03-05 02:04:03,726 - INFO - P2 (Round 9) - Epoch 7/10 | Loss: 0.0938 | Acc: 0.9717 | Val Loss: 0.0947 | Val Acc: 0.9711 | Time: 12.21s
2025-03-05 02:04:15,891 - INFO - P2 (Round 9) - Epoch 8/10 | Loss: 0.0937 | Acc: 0.9717 | Val Loss: 0.0943 | Val Acc: 0.9713 | Time: 12.16s
2025-03-05 02:04:28,747 - INFO - P2 (Round 9) - Epoch 9/10 | Loss: 0.0931 | Acc: 0.9718 | Val Loss: 0.0952 | Val Acc: 0.9716 | Time: 12.85s
2025-03-05 02:04:41,477 - INFO - P2 (Round 9) - Epoch 10/10 | Loss: 0.0929 | Acc: 0.9719 | Val Loss: 0.0957 | Val Acc: 0.9703 | Time: 12.73s
2025-03-05 02:04:43,882 - INFO - Round 9 completed in 249.57s
2025-03-05 02:04:43,882 - INFO - Global Model - P1 Test: Loss = 2.0669, Accuracy = 0.8303
2025-03-05 02:04:43,882 - INFO - Global Model - P2 Test: Loss = 1.0288, Accuracy = 0.7892
2025-03-05 02:04:55,997 - INFO - P1 (Round 10) - Epoch 1/10 | Loss: 0.1639 | Acc: 0.9424 | Val Loss: 0.1531 | Val Acc: 0.9462 | Time: 12.11s
2025-03-05 02:05:08,049 - INFO - P1 (Round 10) - Epoch 2/10 | Loss: 0.1543 | Acc: 0.9448 | Val Loss: 0.1528 | Val Acc: 0.9463 | Time: 12.05s
2025-03-05 02:05:20,554 - INFO - P1 (Round 10) - Epoch 3/10 | Loss: 0.1527 | Acc: 0.9456 | Val Loss: 0.1519 | Val Acc: 0.9471 | Time: 12.51s
2025-03-05 02:05:32,806 - INFO - P1 (Round 10) - Epoch 4/10 | Loss: 0.1519 | Acc: 0.9459 | Val Loss: 0.1543 | Val Acc: 0.9449 | Time: 12.25s
2025-03-05 02:05:45,730 - INFO - P1 (Round 10) - Epoch 5/10 | Loss: 0.1511 | Acc: 0.9461 | Val Loss: 0.1501 | Val Acc: 0.9471 | Time: 12.92s
2025-03-05 02:05:58,441 - INFO - P1 (Round 10) - Epoch 6/10 | Loss: 0.1505 | Acc: 0.9462 | Val Loss: 0.1489 | Val Acc: 0.9470 | Time: 12.71s
2025-03-05 02:06:10,835 - INFO - P1 (Round 10) - Epoch 7/10 | Loss: 0.1501 | Acc: 0.9463 | Val Loss: 0.1514 | Val Acc: 0.9466 | Time: 12.39s
2025-03-05 02:06:22,917 - INFO - P1 (Round 10) - Epoch 8/10 | Loss: 0.1497 | Acc: 0.9465 | Val Loss: 0.1481 | Val Acc: 0.9474 | Time: 12.08s
2025-03-05 02:06:35,656 - INFO - P1 (Round 10) - Epoch 9/10 | Loss: 0.1493 | Acc: 0.9466 | Val Loss: 0.1488 | Val Acc: 0.9473 | Time: 12.74s
2025-03-05 02:06:47,558 - INFO - P1 (Round 10) - Epoch 10/10 | Loss: 0.1489 | Acc: 0.9467 | Val Loss: 0.1505 | Val Acc: 0.9433 | Time: 11.90s
2025-03-05 02:07:00,688 - INFO - P2 (Round 10) - Epoch 1/10 | Loss: 0.1050 | Acc: 0.9683 | Val Loss: 0.0975 | Val Acc: 0.9702 | Time: 13.13s
2025-03-05 02:07:12,740 - INFO - P2 (Round 10) - Epoch 2/10 | Loss: 0.0958 | Acc: 0.9710 | Val Loss: 0.0945 | Val Acc: 0.9713 | Time: 12.05s
2025-03-05 02:07:24,632 - INFO - P2 (Round 10) - Epoch 3/10 | Loss: 0.0946 | Acc: 0.9713 | Val Loss: 0.0962 | Val Acc: 0.9707 | Time: 11.89s
2025-03-05 02:07:36,890 - INFO - P2 (Round 10) - Epoch 4/10 | Loss: 0.0939 | Acc: 0.9715 | Val Loss: 0.0952 | Val Acc: 0.9709 | Time: 12.26s
2025-03-05 02:07:48,965 - INFO - P2 (Round 10) - Epoch 5/10 | Loss: 0.0934 | Acc: 0.9716 | Val Loss: 0.0932 | Val Acc: 0.9716 | Time: 12.07s
2025-03-05 02:08:02,207 - INFO - P2 (Round 10) - Epoch 6/10 | Loss: 0.0929 | Acc: 0.9717 | Val Loss: 0.0950 | Val Acc: 0.9711 | Time: 13.24s
2025-03-05 02:08:15,953 - INFO - P2 (Round 10) - Epoch 7/10 | Loss: 0.0926 | Acc: 0.9719 | Val Loss: 0.0940 | Val Acc: 0.9715 | Time: 13.75s
2025-03-05 02:08:28,063 - INFO - P2 (Round 10) - Epoch 8/10 | Loss: 0.0921 | Acc: 0.9720 | Val Loss: 0.0930 | Val Acc: 0.9716 | Time: 12.11s
2025-03-05 02:08:40,110 - INFO - P2 (Round 10) - Epoch 9/10 | Loss: 0.0920 | Acc: 0.9721 | Val Loss: 0.0926 | Val Acc: 0.9715 | Time: 12.05s
2025-03-05 02:08:51,886 - INFO - P2 (Round 10) - Epoch 10/10 | Loss: 0.0918 | Acc: 0.9721 | Val Loss: 0.0929 | Val Acc: 0.9719 | Time: 11.78s
2025-03-05 02:08:54,423 - INFO - Round 10 completed in 250.54s
2025-03-05 02:08:54,423 - INFO - Global Model - P1 Test: Loss = 2.0758, Accuracy = 0.8274
2025-03-05 02:08:54,423 - INFO - Global Model - P2 Test: Loss = 1.4180, Accuracy = 0.7790
2025-03-05 02:08:57,020 - INFO - Final Results after 10 rounds:
2025-03-05 02:08:57,020 - INFO - Global Model - P1 Test: Loss = 2.0758, Accuracy = 0.8274
2025-03-05 02:08:57,020 - INFO - Global Model - P2 Test: Loss = 1.4180, Accuracy = 0.7790
2025-03-05 02:08:57,028 - INFO - Experiment 134 results saved to results/suppression_experiments/exp_134_p1f5_p2f7.json
