2025-03-05 01:26:20,599 - INFO - Starting Suppression Experiment 119
2025-03-05 01:26:20,599 - INFO - P1 Features (6/14): ['protocol', 'bidirectional_min_ps', 'bidirectional_mean_ps', 'bidirectional_stddev_ps', 'bidirectional_max_ps', 'src2dst_stddev_ps']
2025-03-05 01:26:20,599 - INFO - P2 Features (8/14): ['protocol', 'bidirectional_min_ps', 'bidirectional_mean_ps', 'bidirectional_stddev_ps', 'bidirectional_max_ps', 'src2dst_stddev_ps', 'src2dst_max_ps', 'dst2src_min_ps']
2025-03-05 01:26:31,548 - INFO - P1 (Round 1) - Epoch 1/10 | Loss: 0.5257 | Acc: 0.8111 | Val Loss: 0.3439 | Val Acc: 0.8779 | Time: 10.82s
2025-03-05 01:26:41,648 - INFO - P1 (Round 1) - Epoch 2/10 | Loss: 0.2784 | Acc: 0.9039 | Val Loss: 0.2318 | Val Acc: 0.9264 | Time: 10.10s
2025-03-05 01:26:51,772 - INFO - P1 (Round 1) - Epoch 3/10 | Loss: 0.2170 | Acc: 0.9296 | Val Loss: 0.2016 | Val Acc: 0.9355 | Time: 10.12s
2025-03-05 01:27:01,884 - INFO - P1 (Round 1) - Epoch 4/10 | Loss: 0.1968 | Acc: 0.9369 | Val Loss: 0.1883 | Val Acc: 0.9401 | Time: 10.11s
2025-03-05 01:27:11,762 - INFO - P1 (Round 1) - Epoch 5/10 | Loss: 0.1855 | Acc: 0.9402 | Val Loss: 0.1803 | Val Acc: 0.9429 | Time: 9.88s
2025-03-05 01:27:21,832 - INFO - P1 (Round 1) - Epoch 6/10 | Loss: 0.1783 | Acc: 0.9425 | Val Loss: 0.1752 | Val Acc: 0.9448 | Time: 10.07s
2025-03-05 01:27:33,350 - INFO - P1 (Round 1) - Epoch 7/10 | Loss: 0.1725 | Acc: 0.9446 | Val Loss: 0.1724 | Val Acc: 0.9446 | Time: 11.52s
2025-03-05 01:27:43,806 - INFO - P1 (Round 1) - Epoch 8/10 | Loss: 0.1674 | Acc: 0.9462 | Val Loss: 0.1640 | Val Acc: 0.9479 | Time: 10.46s
2025-03-05 01:27:53,987 - INFO - P1 (Round 1) - Epoch 9/10 | Loss: 0.1628 | Acc: 0.9481 | Val Loss: 0.1611 | Val Acc: 0.9506 | Time: 10.18s
2025-03-05 01:28:04,180 - INFO - P1 (Round 1) - Epoch 10/10 | Loss: 0.1586 | Acc: 0.9496 | Val Loss: 0.1575 | Val Acc: 0.9517 | Time: 10.19s
2025-03-05 01:28:14,539 - INFO - P2 (Round 1) - Epoch 1/10 | Loss: 0.4226 | Acc: 0.8538 | Val Loss: 0.2670 | Val Acc: 0.9046 | Time: 10.36s
2025-03-05 01:28:24,428 - INFO - P2 (Round 1) - Epoch 2/10 | Loss: 0.2324 | Acc: 0.9192 | Val Loss: 0.1904 | Val Acc: 0.9379 | Time: 9.89s
2025-03-05 01:28:34,787 - INFO - P2 (Round 1) - Epoch 3/10 | Loss: 0.1655 | Acc: 0.9485 | Val Loss: 0.1515 | Val Acc: 0.9532 | Time: 10.36s
2025-03-05 01:28:46,852 - INFO - P2 (Round 1) - Epoch 4/10 | Loss: 0.1443 | Acc: 0.9553 | Val Loss: 0.1385 | Val Acc: 0.9561 | Time: 12.07s
2025-03-05 01:28:57,224 - INFO - P2 (Round 1) - Epoch 5/10 | Loss: 0.1334 | Acc: 0.9583 | Val Loss: 0.1286 | Val Acc: 0.9599 | Time: 10.37s
2025-03-05 01:29:07,554 - INFO - P2 (Round 1) - Epoch 6/10 | Loss: 0.1250 | Acc: 0.9610 | Val Loss: 0.1235 | Val Acc: 0.9628 | Time: 10.33s
2025-03-05 01:29:17,619 - INFO - P2 (Round 1) - Epoch 7/10 | Loss: 0.1192 | Acc: 0.9631 | Val Loss: 0.1174 | Val Acc: 0.9644 | Time: 10.06s
2025-03-05 01:29:27,800 - INFO - P2 (Round 1) - Epoch 8/10 | Loss: 0.1145 | Acc: 0.9643 | Val Loss: 0.1127 | Val Acc: 0.9648 | Time: 10.18s
2025-03-05 01:29:37,839 - INFO - P2 (Round 1) - Epoch 9/10 | Loss: 0.1107 | Acc: 0.9655 | Val Loss: 0.1105 | Val Acc: 0.9662 | Time: 10.04s
2025-03-05 01:29:48,158 - INFO - P2 (Round 1) - Epoch 10/10 | Loss: 0.1075 | Acc: 0.9665 | Val Loss: 0.1065 | Val Acc: 0.9672 | Time: 10.32s
2025-03-05 01:29:50,965 - INFO - Round 1 completed in 210.24s
2025-03-05 01:29:50,965 - INFO - Global Model - P1 Test: Loss = 8.5477, Accuracy = 0.4427
2025-03-05 01:29:50,965 - INFO - Global Model - P2 Test: Loss = 6.3522, Accuracy = 0.5140
2025-03-05 01:30:02,784 - INFO - P1 (Round 2) - Epoch 1/10 | Loss: 0.3307 | Acc: 0.9017 | Val Loss: 0.2131 | Val Acc: 0.9240 | Time: 11.82s
2025-03-05 01:30:13,292 - INFO - P1 (Round 2) - Epoch 2/10 | Loss: 0.1963 | Acc: 0.9326 | Val Loss: 0.1847 | Val Acc: 0.9361 | Time: 10.51s
2025-03-05 01:30:23,575 - INFO - P1 (Round 2) - Epoch 3/10 | Loss: 0.1795 | Acc: 0.9398 | Val Loss: 0.1725 | Val Acc: 0.9421 | Time: 10.28s
2025-03-05 01:30:33,923 - INFO - P1 (Round 2) - Epoch 4/10 | Loss: 0.1701 | Acc: 0.9445 | Val Loss: 0.1666 | Val Acc: 0.9471 | Time: 10.35s
2025-03-05 01:30:44,175 - INFO - P1 (Round 2) - Epoch 5/10 | Loss: 0.1633 | Acc: 0.9471 | Val Loss: 0.1612 | Val Acc: 0.9454 | Time: 10.25s
2025-03-05 01:30:54,434 - INFO - P1 (Round 2) - Epoch 6/10 | Loss: 0.1577 | Acc: 0.9489 | Val Loss: 0.1531 | Val Acc: 0.9524 | Time: 10.26s
2025-03-05 01:31:05,750 - INFO - P1 (Round 2) - Epoch 7/10 | Loss: 0.1521 | Acc: 0.9515 | Val Loss: 0.1480 | Val Acc: 0.9547 | Time: 11.32s
2025-03-05 01:31:16,759 - INFO - P1 (Round 2) - Epoch 8/10 | Loss: 0.1482 | Acc: 0.9527 | Val Loss: 0.1459 | Val Acc: 0.9532 | Time: 11.01s
2025-03-05 01:31:26,966 - INFO - P1 (Round 2) - Epoch 9/10 | Loss: 0.1453 | Acc: 0.9534 | Val Loss: 0.1438 | Val Acc: 0.9548 | Time: 10.21s
2025-03-05 01:31:36,913 - INFO - P1 (Round 2) - Epoch 10/10 | Loss: 0.1430 | Acc: 0.9540 | Val Loss: 0.1407 | Val Acc: 0.9552 | Time: 9.95s
2025-03-05 01:31:47,430 - INFO - P2 (Round 2) - Epoch 1/10 | Loss: 0.2368 | Acc: 0.9342 | Val Loss: 0.1489 | Val Acc: 0.9511 | Time: 10.52s
2025-03-05 01:31:57,624 - INFO - P2 (Round 2) - Epoch 2/10 | Loss: 0.1376 | Acc: 0.9563 | Val Loss: 0.1310 | Val Acc: 0.9597 | Time: 10.19s
2025-03-05 01:32:07,773 - INFO - P2 (Round 2) - Epoch 3/10 | Loss: 0.1237 | Acc: 0.9614 | Val Loss: 0.1208 | Val Acc: 0.9628 | Time: 10.15s
2025-03-05 01:32:19,744 - INFO - P2 (Round 2) - Epoch 4/10 | Loss: 0.1153 | Acc: 0.9648 | Val Loss: 0.1134 | Val Acc: 0.9676 | Time: 11.97s
2025-03-05 01:32:30,147 - INFO - P2 (Round 2) - Epoch 5/10 | Loss: 0.1089 | Acc: 0.9676 | Val Loss: 0.1080 | Val Acc: 0.9677 | Time: 10.40s
2025-03-05 01:32:40,072 - INFO - P2 (Round 2) - Epoch 6/10 | Loss: 0.1047 | Acc: 0.9690 | Val Loss: 0.1051 | Val Acc: 0.9689 | Time: 9.92s
2025-03-05 01:32:50,190 - INFO - P2 (Round 2) - Epoch 7/10 | Loss: 0.1018 | Acc: 0.9698 | Val Loss: 0.1025 | Val Acc: 0.9690 | Time: 10.12s
2025-03-05 01:33:00,290 - INFO - P2 (Round 2) - Epoch 8/10 | Loss: 0.0994 | Acc: 0.9704 | Val Loss: 0.1005 | Val Acc: 0.9700 | Time: 10.10s
2025-03-05 01:33:10,371 - INFO - P2 (Round 2) - Epoch 9/10 | Loss: 0.0976 | Acc: 0.9707 | Val Loss: 0.0995 | Val Acc: 0.9705 | Time: 10.08s
2025-03-05 01:33:20,459 - INFO - P2 (Round 2) - Epoch 10/10 | Loss: 0.0961 | Acc: 0.9709 | Val Loss: 0.0976 | Val Acc: 0.9708 | Time: 10.09s
2025-03-05 01:33:22,820 - INFO - Round 2 completed in 211.85s
2025-03-05 01:33:22,820 - INFO - Global Model - P1 Test: Loss = 1.3432, Accuracy = 0.6350
2025-03-05 01:33:22,820 - INFO - Global Model - P2 Test: Loss = 0.4154, Accuracy = 0.8827
2025-03-05 01:33:35,235 - INFO - P1 (Round 3) - Epoch 1/10 | Loss: 0.1757 | Acc: 0.9409 | Val Loss: 0.1608 | Val Acc: 0.9491 | Time: 12.41s
2025-03-05 01:33:47,021 - INFO - P1 (Round 3) - Epoch 2/10 | Loss: 0.1520 | Acc: 0.9515 | Val Loss: 0.1480 | Val Acc: 0.9525 | Time: 11.79s
2025-03-05 01:33:56,962 - INFO - P1 (Round 3) - Epoch 3/10 | Loss: 0.1458 | Acc: 0.9528 | Val Loss: 0.1420 | Val Acc: 0.9543 | Time: 9.94s
2025-03-05 01:34:08,216 - INFO - P1 (Round 3) - Epoch 4/10 | Loss: 0.1420 | Acc: 0.9538 | Val Loss: 0.1399 | Val Acc: 0.9554 | Time: 11.25s
2025-03-05 01:34:20,236 - INFO - P1 (Round 3) - Epoch 5/10 | Loss: 0.1395 | Acc: 0.9546 | Val Loss: 0.1437 | Val Acc: 0.9513 | Time: 12.02s
2025-03-05 01:34:32,040 - INFO - P1 (Round 3) - Epoch 6/10 | Loss: 0.1377 | Acc: 0.9552 | Val Loss: 0.1353 | Val Acc: 0.9569 | Time: 11.80s
2025-03-05 01:34:44,989 - INFO - P1 (Round 3) - Epoch 7/10 | Loss: 0.1362 | Acc: 0.9558 | Val Loss: 0.1392 | Val Acc: 0.9535 | Time: 12.95s
2025-03-05 01:34:57,281 - INFO - P1 (Round 3) - Epoch 8/10 | Loss: 0.1350 | Acc: 0.9560 | Val Loss: 0.1349 | Val Acc: 0.9564 | Time: 12.29s
2025-03-05 01:35:09,093 - INFO - P1 (Round 3) - Epoch 9/10 | Loss: 0.1339 | Acc: 0.9564 | Val Loss: 0.1332 | Val Acc: 0.9568 | Time: 11.81s
2025-03-05 01:35:20,946 - INFO - P1 (Round 3) - Epoch 10/10 | Loss: 0.1328 | Acc: 0.9566 | Val Loss: 0.1318 | Val Acc: 0.9568 | Time: 11.85s
2025-03-05 01:35:32,984 - INFO - P2 (Round 3) - Epoch 1/10 | Loss: 0.1205 | Acc: 0.9643 | Val Loss: 0.1089 | Val Acc: 0.9695 | Time: 12.04s
2025-03-05 01:35:45,282 - INFO - P2 (Round 3) - Epoch 2/10 | Loss: 0.1037 | Acc: 0.9699 | Val Loss: 0.1033 | Val Acc: 0.9702 | Time: 12.30s
2025-03-05 01:35:58,490 - INFO - P2 (Round 3) - Epoch 3/10 | Loss: 0.0988 | Acc: 0.9711 | Val Loss: 0.0991 | Val Acc: 0.9710 | Time: 13.21s
2025-03-05 01:36:10,729 - INFO - P2 (Round 3) - Epoch 4/10 | Loss: 0.0956 | Acc: 0.9717 | Val Loss: 0.0944 | Val Acc: 0.9717 | Time: 12.24s
2025-03-05 01:36:23,153 - INFO - P2 (Round 3) - Epoch 5/10 | Loss: 0.0933 | Acc: 0.9723 | Val Loss: 0.0935 | Val Acc: 0.9728 | Time: 12.42s
2025-03-05 01:36:35,251 - INFO - P2 (Round 3) - Epoch 6/10 | Loss: 0.0917 | Acc: 0.9727 | Val Loss: 0.0921 | Val Acc: 0.9727 | Time: 12.10s
2025-03-05 01:36:47,079 - INFO - P2 (Round 3) - Epoch 7/10 | Loss: 0.0905 | Acc: 0.9731 | Val Loss: 0.0920 | Val Acc: 0.9737 | Time: 11.83s
2025-03-05 01:36:59,411 - INFO - P2 (Round 3) - Epoch 8/10 | Loss: 0.0897 | Acc: 0.9732 | Val Loss: 0.0908 | Val Acc: 0.9731 | Time: 12.33s
2025-03-05 01:37:12,290 - INFO - P2 (Round 3) - Epoch 9/10 | Loss: 0.0890 | Acc: 0.9735 | Val Loss: 0.0900 | Val Acc: 0.9741 | Time: 12.88s
2025-03-05 01:37:24,188 - INFO - P2 (Round 3) - Epoch 10/10 | Loss: 0.0883 | Acc: 0.9736 | Val Loss: 0.0886 | Val Acc: 0.9738 | Time: 11.90s
2025-03-05 01:37:26,684 - INFO - Round 3 completed in 243.86s
2025-03-05 01:37:26,684 - INFO - Global Model - P1 Test: Loss = 1.2872, Accuracy = 0.7004
2025-03-05 01:37:26,684 - INFO - Global Model - P2 Test: Loss = 0.5917, Accuracy = 0.8650
2025-03-05 01:37:38,485 - INFO - P1 (Round 4) - Epoch 1/10 | Loss: 0.1500 | Acc: 0.9518 | Val Loss: 0.1411 | Val Acc: 0.9549 | Time: 11.80s
2025-03-05 01:37:50,360 - INFO - P1 (Round 4) - Epoch 2/10 | Loss: 0.1376 | Acc: 0.9553 | Val Loss: 0.1352 | Val Acc: 0.9549 | Time: 11.87s
2025-03-05 01:38:02,060 - INFO - P1 (Round 4) - Epoch 3/10 | Loss: 0.1349 | Acc: 0.9560 | Val Loss: 0.1322 | Val Acc: 0.9576 | Time: 11.70s
2025-03-05 01:38:15,032 - INFO - P1 (Round 4) - Epoch 4/10 | Loss: 0.1336 | Acc: 0.9563 | Val Loss: 0.1319 | Val Acc: 0.9579 | Time: 12.97s
2025-03-05 01:38:27,395 - INFO - P1 (Round 4) - Epoch 5/10 | Loss: 0.1323 | Acc: 0.9567 | Val Loss: 0.1322 | Val Acc: 0.9568 | Time: 12.36s
2025-03-05 01:38:39,385 - INFO - P1 (Round 4) - Epoch 6/10 | Loss: 0.1314 | Acc: 0.9568 | Val Loss: 0.1310 | Val Acc: 0.9571 | Time: 11.99s
2025-03-05 01:38:51,402 - INFO - P1 (Round 4) - Epoch 7/10 | Loss: 0.1307 | Acc: 0.9571 | Val Loss: 0.1304 | Val Acc: 0.9570 | Time: 12.02s
2025-03-05 01:39:03,765 - INFO - P1 (Round 4) - Epoch 8/10 | Loss: 0.1300 | Acc: 0.9574 | Val Loss: 0.1276 | Val Acc: 0.9584 | Time: 12.36s
2025-03-05 01:39:15,952 - INFO - P1 (Round 4) - Epoch 9/10 | Loss: 0.1294 | Acc: 0.9575 | Val Loss: 0.1296 | Val Acc: 0.9574 | Time: 12.19s
2025-03-05 01:39:28,816 - INFO - P1 (Round 4) - Epoch 10/10 | Loss: 0.1287 | Acc: 0.9578 | Val Loss: 0.1273 | Val Acc: 0.9582 | Time: 12.86s
2025-03-05 01:39:41,264 - INFO - P2 (Round 4) - Epoch 1/10 | Loss: 0.1017 | Acc: 0.9697 | Val Loss: 0.0977 | Val Acc: 0.9704 | Time: 12.45s
2025-03-05 01:39:53,285 - INFO - P2 (Round 4) - Epoch 2/10 | Loss: 0.0924 | Acc: 0.9719 | Val Loss: 0.0926 | Val Acc: 0.9725 | Time: 12.02s
2025-03-05 01:40:05,166 - INFO - P2 (Round 4) - Epoch 3/10 | Loss: 0.0896 | Acc: 0.9727 | Val Loss: 0.0894 | Val Acc: 0.9726 | Time: 11.88s
2025-03-05 01:40:17,056 - INFO - P2 (Round 4) - Epoch 4/10 | Loss: 0.0880 | Acc: 0.9733 | Val Loss: 0.0895 | Val Acc: 0.9729 | Time: 11.89s
2025-03-05 01:40:29,021 - INFO - P2 (Round 4) - Epoch 5/10 | Loss: 0.0871 | Acc: 0.9734 | Val Loss: 0.0887 | Val Acc: 0.9733 | Time: 11.97s
2025-03-05 01:40:42,195 - INFO - P2 (Round 4) - Epoch 6/10 | Loss: 0.0862 | Acc: 0.9737 | Val Loss: 0.0872 | Val Acc: 0.9745 | Time: 13.17s
2025-03-05 01:40:53,963 - INFO - P2 (Round 4) - Epoch 7/10 | Loss: 0.0855 | Acc: 0.9738 | Val Loss: 0.0869 | Val Acc: 0.9737 | Time: 11.77s
2025-03-05 01:41:05,875 - INFO - P2 (Round 4) - Epoch 8/10 | Loss: 0.0848 | Acc: 0.9740 | Val Loss: 0.0855 | Val Acc: 0.9745 | Time: 11.91s
2025-03-05 01:41:17,788 - INFO - P2 (Round 4) - Epoch 9/10 | Loss: 0.0842 | Acc: 0.9741 | Val Loss: 0.0863 | Val Acc: 0.9740 | Time: 11.91s
2025-03-05 01:41:30,051 - INFO - P2 (Round 4) - Epoch 10/10 | Loss: 0.0836 | Acc: 0.9743 | Val Loss: 0.0846 | Val Acc: 0.9741 | Time: 12.26s
2025-03-05 01:41:32,844 - INFO - Round 4 completed in 246.16s
2025-03-05 01:41:32,844 - INFO - Global Model - P1 Test: Loss = 0.8535, Accuracy = 0.7871
2025-03-05 01:41:32,844 - INFO - Global Model - P2 Test: Loss = 0.6908, Accuracy = 0.8375
2025-03-05 01:41:45,277 - INFO - P1 (Round 5) - Epoch 1/10 | Loss: 0.1443 | Acc: 0.9525 | Val Loss: 0.1343 | Val Acc: 0.9563 | Time: 12.43s
2025-03-05 01:41:58,089 - INFO - P1 (Round 5) - Epoch 2/10 | Loss: 0.1325 | Acc: 0.9567 | Val Loss: 0.1330 | Val Acc: 0.9551 | Time: 12.81s
2025-03-05 01:42:10,048 - INFO - P1 (Round 5) - Epoch 3/10 | Loss: 0.1305 | Acc: 0.9574 | Val Loss: 0.1282 | Val Acc: 0.9586 | Time: 11.96s
2025-03-05 01:42:22,164 - INFO - P1 (Round 5) - Epoch 4/10 | Loss: 0.1294 | Acc: 0.9576 | Val Loss: 0.1281 | Val Acc: 0.9578 | Time: 12.12s
2025-03-05 01:42:34,346 - INFO - P1 (Round 5) - Epoch 5/10 | Loss: 0.1285 | Acc: 0.9580 | Val Loss: 0.1278 | Val Acc: 0.9590 | Time: 12.18s
2025-03-05 01:42:46,253 - INFO - P1 (Round 5) - Epoch 6/10 | Loss: 0.1277 | Acc: 0.9583 | Val Loss: 0.1271 | Val Acc: 0.9592 | Time: 11.91s
2025-03-05 01:42:58,892 - INFO - P1 (Round 5) - Epoch 7/10 | Loss: 0.1272 | Acc: 0.9585 | Val Loss: 0.1249 | Val Acc: 0.9594 | Time: 12.64s
2025-03-05 01:43:11,756 - INFO - P1 (Round 5) - Epoch 8/10 | Loss: 0.1266 | Acc: 0.9587 | Val Loss: 0.1283 | Val Acc: 0.9573 | Time: 12.86s
2025-03-05 01:43:23,980 - INFO - P1 (Round 5) - Epoch 9/10 | Loss: 0.1261 | Acc: 0.9588 | Val Loss: 0.1240 | Val Acc: 0.9596 | Time: 12.22s
2025-03-05 01:43:36,074 - INFO - P1 (Round 5) - Epoch 10/10 | Loss: 0.1256 | Acc: 0.9590 | Val Loss: 0.1238 | Val Acc: 0.9592 | Time: 12.09s
2025-03-05 01:43:48,095 - INFO - P2 (Round 5) - Epoch 1/10 | Loss: 0.0973 | Acc: 0.9705 | Val Loss: 0.0923 | Val Acc: 0.9713 | Time: 12.02s
2025-03-05 01:43:59,918 - INFO - P2 (Round 5) - Epoch 2/10 | Loss: 0.0887 | Acc: 0.9728 | Val Loss: 0.0892 | Val Acc: 0.9729 | Time: 11.82s
2025-03-05 01:44:12,962 - INFO - P2 (Round 5) - Epoch 3/10 | Loss: 0.0865 | Acc: 0.9735 | Val Loss: 0.0877 | Val Acc: 0.9728 | Time: 13.04s
2025-03-05 01:44:25,337 - INFO - P2 (Round 5) - Epoch 4/10 | Loss: 0.0850 | Acc: 0.9739 | Val Loss: 0.0877 | Val Acc: 0.9743 | Time: 12.37s
2025-03-05 01:44:37,386 - INFO - P2 (Round 5) - Epoch 5/10 | Loss: 0.0839 | Acc: 0.9742 | Val Loss: 0.0850 | Val Acc: 0.9738 | Time: 12.05s
2025-03-05 01:44:49,508 - INFO - P2 (Round 5) - Epoch 6/10 | Loss: 0.0834 | Acc: 0.9745 | Val Loss: 0.0834 | Val Acc: 0.9745 | Time: 12.12s
2025-03-05 01:45:01,825 - INFO - P2 (Round 5) - Epoch 7/10 | Loss: 0.0826 | Acc: 0.9746 | Val Loss: 0.0858 | Val Acc: 0.9738 | Time: 12.32s
2025-03-05 01:45:14,155 - INFO - P2 (Round 5) - Epoch 8/10 | Loss: 0.0820 | Acc: 0.9748 | Val Loss: 0.0829 | Val Acc: 0.9747 | Time: 12.33s
2025-03-05 01:45:27,176 - INFO - P2 (Round 5) - Epoch 9/10 | Loss: 0.0815 | Acc: 0.9750 | Val Loss: 0.0839 | Val Acc: 0.9749 | Time: 13.02s
2025-03-05 01:45:39,278 - INFO - P2 (Round 5) - Epoch 10/10 | Loss: 0.0810 | Acc: 0.9751 | Val Loss: 0.0825 | Val Acc: 0.9746 | Time: 12.10s
2025-03-05 01:45:42,091 - INFO - Round 5 completed in 249.25s
2025-03-05 01:45:42,091 - INFO - Global Model - P1 Test: Loss = 0.9565, Accuracy = 0.7910
2025-03-05 01:45:42,091 - INFO - Global Model - P2 Test: Loss = 0.6275, Accuracy = 0.8456
2025-03-05 01:45:54,348 - INFO - P1 (Round 6) - Epoch 1/10 | Loss: 0.1392 | Acc: 0.9541 | Val Loss: 0.1319 | Val Acc: 0.9559 | Time: 12.26s
2025-03-05 01:46:06,487 - INFO - P1 (Round 6) - Epoch 2/10 | Loss: 0.1297 | Acc: 0.9574 | Val Loss: 0.1272 | Val Acc: 0.9579 | Time: 12.14s
2025-03-05 01:46:18,486 - INFO - P1 (Round 6) - Epoch 3/10 | Loss: 0.1274 | Acc: 0.9581 | Val Loss: 0.1251 | Val Acc: 0.9595 | Time: 12.00s
2025-03-05 01:46:30,662 - INFO - P1 (Round 6) - Epoch 4/10 | Loss: 0.1262 | Acc: 0.9585 | Val Loss: 0.1233 | Val Acc: 0.9598 | Time: 12.18s
2025-03-05 01:46:42,674 - INFO - P1 (Round 6) - Epoch 5/10 | Loss: 0.1255 | Acc: 0.9588 | Val Loss: 0.1233 | Val Acc: 0.9605 | Time: 12.01s
2025-03-05 01:46:54,671 - INFO - P1 (Round 6) - Epoch 6/10 | Loss: 0.1247 | Acc: 0.9592 | Val Loss: 0.1247 | Val Acc: 0.9593 | Time: 12.00s
2025-03-05 01:47:06,467 - INFO - P1 (Round 6) - Epoch 7/10 | Loss: 0.1242 | Acc: 0.9592 | Val Loss: 0.1246 | Val Acc: 0.9595 | Time: 11.80s
2025-03-05 01:47:18,434 - INFO - P1 (Round 6) - Epoch 8/10 | Loss: 0.1237 | Acc: 0.9595 | Val Loss: 0.1262 | Val Acc: 0.9596 | Time: 11.97s
2025-03-05 01:47:30,190 - INFO - P1 (Round 6) - Epoch 9/10 | Loss: 0.1233 | Acc: 0.9595 | Val Loss: 0.1203 | Val Acc: 0.9610 | Time: 11.76s
2025-03-05 01:47:42,138 - INFO - P1 (Round 6) - Epoch 10/10 | Loss: 0.1229 | Acc: 0.9596 | Val Loss: 0.1226 | Val Acc: 0.9594 | Time: 11.95s
2025-03-05 01:47:53,841 - INFO - P2 (Round 6) - Epoch 1/10 | Loss: 0.0914 | Acc: 0.9720 | Val Loss: 0.0873 | Val Acc: 0.9735 | Time: 11.70s
2025-03-05 01:48:05,895 - INFO - P2 (Round 6) - Epoch 2/10 | Loss: 0.0844 | Acc: 0.9738 | Val Loss: 0.0852 | Val Acc: 0.9747 | Time: 12.05s
2025-03-05 01:48:18,150 - INFO - P2 (Round 6) - Epoch 3/10 | Loss: 0.0830 | Acc: 0.9743 | Val Loss: 0.0849 | Val Acc: 0.9732 | Time: 12.26s
2025-03-05 01:48:30,041 - INFO - P2 (Round 6) - Epoch 4/10 | Loss: 0.0821 | Acc: 0.9746 | Val Loss: 0.0828 | Val Acc: 0.9743 | Time: 11.89s
2025-03-05 01:48:41,750 - INFO - P2 (Round 6) - Epoch 5/10 | Loss: 0.0812 | Acc: 0.9748 | Val Loss: 0.0818 | Val Acc: 0.9741 | Time: 11.71s
2025-03-05 01:48:54,715 - INFO - P2 (Round 6) - Epoch 6/10 | Loss: 0.0807 | Acc: 0.9750 | Val Loss: 0.0825 | Val Acc: 0.9743 | Time: 12.96s
2025-03-05 01:49:07,529 - INFO - P2 (Round 6) - Epoch 7/10 | Loss: 0.0804 | Acc: 0.9751 | Val Loss: 0.0818 | Val Acc: 0.9750 | Time: 12.81s
2025-03-05 01:49:19,630 - INFO - P2 (Round 6) - Epoch 8/10 | Loss: 0.0797 | Acc: 0.9752 | Val Loss: 0.0827 | Val Acc: 0.9743 | Time: 12.10s
2025-03-05 01:49:32,390 - INFO - P2 (Round 6) - Epoch 9/10 | Loss: 0.0793 | Acc: 0.9753 | Val Loss: 0.0835 | Val Acc: 0.9748 | Time: 12.76s
2025-03-05 01:49:44,203 - INFO - P2 (Round 6) - Epoch 10/10 | Loss: 0.0791 | Acc: 0.9753 | Val Loss: 0.0806 | Val Acc: 0.9749 | Time: 11.81s
2025-03-05 01:49:46,758 - INFO - Round 6 completed in 244.67s
2025-03-05 01:49:46,758 - INFO - Global Model - P1 Test: Loss = 0.8685, Accuracy = 0.8072
2025-03-05 01:49:46,758 - INFO - Global Model - P2 Test: Loss = 0.5731, Accuracy = 0.8607
2025-03-05 01:49:58,582 - INFO - P1 (Round 7) - Epoch 1/10 | Loss: 0.1360 | Acc: 0.9546 | Val Loss: 0.1260 | Val Acc: 0.9588 | Time: 11.82s
2025-03-05 01:50:10,864 - INFO - P1 (Round 7) - Epoch 2/10 | Loss: 0.1272 | Acc: 0.9578 | Val Loss: 0.1266 | Val Acc: 0.9570 | Time: 12.28s
2025-03-05 01:50:23,992 - INFO - P1 (Round 7) - Epoch 3/10 | Loss: 0.1251 | Acc: 0.9586 | Val Loss: 0.1232 | Val Acc: 0.9594 | Time: 13.13s
2025-03-05 01:50:35,903 - INFO - P1 (Round 7) - Epoch 4/10 | Loss: 0.1241 | Acc: 0.9591 | Val Loss: 0.1226 | Val Acc: 0.9592 | Time: 11.91s
2025-03-05 01:50:47,799 - INFO - P1 (Round 7) - Epoch 5/10 | Loss: 0.1233 | Acc: 0.9594 | Val Loss: 0.1257 | Val Acc: 0.9578 | Time: 11.90s
2025-03-05 01:51:00,209 - INFO - P1 (Round 7) - Epoch 6/10 | Loss: 0.1228 | Acc: 0.9596 | Val Loss: 0.1208 | Val Acc: 0.9611 | Time: 12.41s
2025-03-05 01:51:12,496 - INFO - P1 (Round 7) - Epoch 7/10 | Loss: 0.1224 | Acc: 0.9597 | Val Loss: 0.1216 | Val Acc: 0.9605 | Time: 12.29s
2025-03-05 01:51:24,685 - INFO - P1 (Round 7) - Epoch 8/10 | Loss: 0.1220 | Acc: 0.9599 | Val Loss: 0.1212 | Val Acc: 0.9606 | Time: 12.19s
2025-03-05 01:51:37,767 - INFO - P1 (Round 7) - Epoch 9/10 | Loss: 0.1217 | Acc: 0.9599 | Val Loss: 0.1195 | Val Acc: 0.9608 | Time: 13.08s
2025-03-05 01:51:50,142 - INFO - P1 (Round 7) - Epoch 10/10 | Loss: 0.1212 | Acc: 0.9601 | Val Loss: 0.1202 | Val Acc: 0.9606 | Time: 12.37s
2025-03-05 01:52:02,056 - INFO - P2 (Round 7) - Epoch 1/10 | Loss: 0.0946 | Acc: 0.9710 | Val Loss: 0.0858 | Val Acc: 0.9745 | Time: 11.91s
2025-03-05 01:52:14,046 - INFO - P2 (Round 7) - Epoch 2/10 | Loss: 0.0829 | Acc: 0.9745 | Val Loss: 0.0832 | Val Acc: 0.9744 | Time: 11.99s
2025-03-05 01:52:24,407 - INFO - P2 (Round 7) - Epoch 3/10 | Loss: 0.0814 | Acc: 0.9748 | Val Loss: 0.0847 | Val Acc: 0.9741 | Time: 10.36s
2025-03-05 01:52:35,532 - INFO - P2 (Round 7) - Epoch 4/10 | Loss: 0.0806 | Acc: 0.9749 | Val Loss: 0.0811 | Val Acc: 0.9742 | Time: 11.12s
2025-03-05 01:52:46,722 - INFO - P2 (Round 7) - Epoch 5/10 | Loss: 0.0800 | Acc: 0.9751 | Val Loss: 0.0806 | Val Acc: 0.9754 | Time: 11.19s
2025-03-05 01:52:56,676 - INFO - P2 (Round 7) - Epoch 6/10 | Loss: 0.0795 | Acc: 0.9753 | Val Loss: 0.0819 | Val Acc: 0.9756 | Time: 9.95s
2025-03-05 01:53:06,592 - INFO - P2 (Round 7) - Epoch 7/10 | Loss: 0.0790 | Acc: 0.9755 | Val Loss: 0.0806 | Val Acc: 0.9755 | Time: 9.92s
2025-03-05 01:53:16,493 - INFO - P2 (Round 7) - Epoch 8/10 | Loss: 0.0788 | Acc: 0.9755 | Val Loss: 0.0794 | Val Acc: 0.9757 | Time: 9.90s
2025-03-05 01:53:26,471 - INFO - P2 (Round 7) - Epoch 9/10 | Loss: 0.0785 | Acc: 0.9757 | Val Loss: 0.0788 | Val Acc: 0.9759 | Time: 9.98s
2025-03-05 01:53:36,390 - INFO - P2 (Round 7) - Epoch 10/10 | Loss: 0.0783 | Acc: 0.9758 | Val Loss: 0.0803 | Val Acc: 0.9761 | Time: 9.92s
2025-03-05 01:53:38,775 - INFO - Round 7 completed in 232.02s
2025-03-05 01:53:38,775 - INFO - Global Model - P1 Test: Loss = 0.7857, Accuracy = 0.8311
2025-03-05 01:53:38,775 - INFO - Global Model - P2 Test: Loss = 0.5206, Accuracy = 0.8744
2025-03-05 01:53:50,443 - INFO - P1 (Round 8) - Epoch 1/10 | Loss: 0.1347 | Acc: 0.9552 | Val Loss: 0.1248 | Val Acc: 0.9592 | Time: 11.67s
2025-03-05 01:54:01,152 - INFO - P1 (Round 8) - Epoch 2/10 | Loss: 0.1258 | Acc: 0.9584 | Val Loss: 0.1243 | Val Acc: 0.9572 | Time: 10.71s
2025-03-05 01:54:11,134 - INFO - P1 (Round 8) - Epoch 3/10 | Loss: 0.1241 | Acc: 0.9590 | Val Loss: 0.1219 | Val Acc: 0.9605 | Time: 9.98s
2025-03-05 01:54:21,194 - INFO - P1 (Round 8) - Epoch 4/10 | Loss: 0.1231 | Acc: 0.9596 | Val Loss: 0.1234 | Val Acc: 0.9588 | Time: 10.06s
2025-03-05 01:54:31,222 - INFO - P1 (Round 8) - Epoch 5/10 | Loss: 0.1224 | Acc: 0.9599 | Val Loss: 0.1216 | Val Acc: 0.9605 | Time: 10.03s
2025-03-05 01:54:41,224 - INFO - P1 (Round 8) - Epoch 6/10 | Loss: 0.1219 | Acc: 0.9601 | Val Loss: 0.1208 | Val Acc: 0.9599 | Time: 10.00s
2025-03-05 01:54:51,178 - INFO - P1 (Round 8) - Epoch 7/10 | Loss: 0.1214 | Acc: 0.9601 | Val Loss: 0.1191 | Val Acc: 0.9611 | Time: 9.95s
2025-03-05 01:55:03,160 - INFO - P1 (Round 8) - Epoch 8/10 | Loss: 0.1209 | Acc: 0.9605 | Val Loss: 0.1233 | Val Acc: 0.9590 | Time: 11.98s
2025-03-05 01:55:13,610 - INFO - P1 (Round 8) - Epoch 9/10 | Loss: 0.1206 | Acc: 0.9605 | Val Loss: 0.1215 | Val Acc: 0.9601 | Time: 10.45s
2025-03-05 01:55:23,820 - INFO - P1 (Round 8) - Epoch 10/10 | Loss: 0.1204 | Acc: 0.9606 | Val Loss: 0.1199 | Val Acc: 0.9613 | Time: 10.21s
2025-03-05 01:55:34,487 - INFO - P2 (Round 8) - Epoch 1/10 | Loss: 0.0873 | Acc: 0.9733 | Val Loss: 0.0837 | Val Acc: 0.9753 | Time: 10.67s
2025-03-05 01:55:44,492 - INFO - P2 (Round 8) - Epoch 2/10 | Loss: 0.0812 | Acc: 0.9751 | Val Loss: 0.0818 | Val Acc: 0.9753 | Time: 10.00s
2025-03-05 01:55:54,602 - INFO - P2 (Round 8) - Epoch 3/10 | Loss: 0.0799 | Acc: 0.9754 | Val Loss: 0.0807 | Val Acc: 0.9753 | Time: 10.11s
2025-03-05 01:56:04,621 - INFO - P2 (Round 8) - Epoch 4/10 | Loss: 0.0796 | Acc: 0.9754 | Val Loss: 0.0815 | Val Acc: 0.9750 | Time: 10.02s
2025-03-05 01:56:17,105 - INFO - P2 (Round 8) - Epoch 5/10 | Loss: 0.0790 | Acc: 0.9755 | Val Loss: 0.0799 | Val Acc: 0.9762 | Time: 12.48s
2025-03-05 01:56:27,515 - INFO - P2 (Round 8) - Epoch 6/10 | Loss: 0.0785 | Acc: 0.9758 | Val Loss: 0.0801 | Val Acc: 0.9757 | Time: 10.41s
2025-03-05 01:56:37,336 - INFO - P2 (Round 8) - Epoch 7/10 | Loss: 0.0783 | Acc: 0.9759 | Val Loss: 0.0816 | Val Acc: 0.9758 | Time: 9.82s
2025-03-05 01:56:47,453 - INFO - P2 (Round 8) - Epoch 8/10 | Loss: 0.0781 | Acc: 0.9759 | Val Loss: 0.0800 | Val Acc: 0.9755 | Time: 10.12s
2025-03-05 01:56:57,888 - INFO - P2 (Round 8) - Epoch 9/10 | Loss: 0.0777 | Acc: 0.9759 | Val Loss: 0.0814 | Val Acc: 0.9759 | Time: 10.43s
2025-03-05 01:57:08,045 - INFO - P2 (Round 8) - Epoch 10/10 | Loss: 0.0775 | Acc: 0.9762 | Val Loss: 0.0791 | Val Acc: 0.9764 | Time: 10.16s
2025-03-05 01:57:10,467 - INFO - Round 8 completed in 211.69s
2025-03-05 01:57:10,467 - INFO - Global Model - P1 Test: Loss = 0.7466, Accuracy = 0.8343
2025-03-05 01:57:10,467 - INFO - Global Model - P2 Test: Loss = 0.5581, Accuracy = 0.8609
2025-03-05 01:57:21,168 - INFO - P1 (Round 9) - Epoch 1/10 | Loss: 0.1317 | Acc: 0.9560 | Val Loss: 0.1237 | Val Acc: 0.9588 | Time: 10.70s
2025-03-05 01:57:32,641 - INFO - P1 (Round 9) - Epoch 2/10 | Loss: 0.1234 | Acc: 0.9594 | Val Loss: 0.1217 | Val Acc: 0.9599 | Time: 11.47s
2025-03-05 01:57:46,176 - INFO - P1 (Round 9) - Epoch 3/10 | Loss: 0.1221 | Acc: 0.9599 | Val Loss: 0.1224 | Val Acc: 0.9588 | Time: 13.53s
2025-03-05 01:58:00,379 - INFO - P1 (Round 9) - Epoch 4/10 | Loss: 0.1214 | Acc: 0.9601 | Val Loss: 0.1188 | Val Acc: 0.9612 | Time: 14.20s
2025-03-05 01:58:13,857 - INFO - P1 (Round 9) - Epoch 5/10 | Loss: 0.1208 | Acc: 0.9604 | Val Loss: 0.1193 | Val Acc: 0.9613 | Time: 13.48s
2025-03-05 01:58:25,467 - INFO - P1 (Round 9) - Epoch 6/10 | Loss: 0.1202 | Acc: 0.9607 | Val Loss: 0.1206 | Val Acc: 0.9604 | Time: 11.61s
2025-03-05 01:58:37,545 - INFO - P1 (Round 9) - Epoch 7/10 | Loss: 0.1201 | Acc: 0.9606 | Val Loss: 0.1190 | Val Acc: 0.9611 | Time: 12.08s
2025-03-05 01:58:47,934 - INFO - P1 (Round 9) - Epoch 8/10 | Loss: 0.1197 | Acc: 0.9607 | Val Loss: 0.1196 | Val Acc: 0.9610 | Time: 10.39s
2025-03-05 01:58:58,454 - INFO - P1 (Round 9) - Epoch 9/10 | Loss: 0.1192 | Acc: 0.9609 | Val Loss: 0.1194 | Val Acc: 0.9605 | Time: 10.52s
2025-03-05 01:59:11,211 - INFO - P1 (Round 9) - Epoch 10/10 | Loss: 0.1190 | Acc: 0.9610 | Val Loss: 0.1172 | Val Acc: 0.9619 | Time: 12.76s
2025-03-05 01:59:24,783 - INFO - P2 (Round 9) - Epoch 1/10 | Loss: 0.0865 | Acc: 0.9738 | Val Loss: 0.0830 | Val Acc: 0.9752 | Time: 13.57s
2025-03-05 01:59:36,765 - INFO - P2 (Round 9) - Epoch 2/10 | Loss: 0.0807 | Acc: 0.9753 | Val Loss: 0.0818 | Val Acc: 0.9756 | Time: 11.98s
2025-03-05 01:59:49,918 - INFO - P2 (Round 9) - Epoch 3/10 | Loss: 0.0793 | Acc: 0.9755 | Val Loss: 0.0820 | Val Acc: 0.9750 | Time: 13.15s
2025-03-05 02:00:02,229 - INFO - P2 (Round 9) - Epoch 4/10 | Loss: 0.0786 | Acc: 0.9758 | Val Loss: 0.0798 | Val Acc: 0.9757 | Time: 12.31s
2025-03-05 02:00:14,317 - INFO - P2 (Round 9) - Epoch 5/10 | Loss: 0.0782 | Acc: 0.9759 | Val Loss: 0.0787 | Val Acc: 0.9761 | Time: 12.09s
2025-03-05 02:00:26,309 - INFO - P2 (Round 9) - Epoch 6/10 | Loss: 0.0776 | Acc: 0.9760 | Val Loss: 0.0784 | Val Acc: 0.9761 | Time: 11.99s
2025-03-05 02:00:38,172 - INFO - P2 (Round 9) - Epoch 7/10 | Loss: 0.0773 | Acc: 0.9761 | Val Loss: 0.0786 | Val Acc: 0.9763 | Time: 11.86s
2025-03-05 02:00:50,260 - INFO - P2 (Round 9) - Epoch 8/10 | Loss: 0.0770 | Acc: 0.9762 | Val Loss: 0.0788 | Val Acc: 0.9756 | Time: 12.09s
2025-03-05 02:01:03,592 - INFO - P2 (Round 9) - Epoch 9/10 | Loss: 0.0769 | Acc: 0.9761 | Val Loss: 0.0785 | Val Acc: 0.9763 | Time: 13.33s
2025-03-05 02:01:15,466 - INFO - P2 (Round 9) - Epoch 10/10 | Loss: 0.0766 | Acc: 0.9763 | Val Loss: 0.0796 | Val Acc: 0.9761 | Time: 11.87s
2025-03-05 02:01:17,995 - INFO - Round 9 completed in 247.53s
2025-03-05 02:01:17,995 - INFO - Global Model - P1 Test: Loss = 0.7378, Accuracy = 0.8318
2025-03-05 02:01:17,995 - INFO - Global Model - P2 Test: Loss = 0.7824, Accuracy = 0.8651
2025-03-05 02:01:30,074 - INFO - P1 (Round 10) - Epoch 1/10 | Loss: 0.1317 | Acc: 0.9562 | Val Loss: 0.1227 | Val Acc: 0.9595 | Time: 12.08s
2025-03-05 02:01:42,333 - INFO - P1 (Round 10) - Epoch 2/10 | Loss: 0.1231 | Acc: 0.9590 | Val Loss: 0.1216 | Val Acc: 0.9586 | Time: 12.26s
2025-03-05 02:01:54,620 - INFO - P1 (Round 10) - Epoch 3/10 | Loss: 0.1213 | Acc: 0.9599 | Val Loss: 0.1191 | Val Acc: 0.9611 | Time: 12.29s
2025-03-05 02:02:07,080 - INFO - P1 (Round 10) - Epoch 4/10 | Loss: 0.1206 | Acc: 0.9601 | Val Loss: 0.1193 | Val Acc: 0.9606 | Time: 12.46s
2025-03-05 02:02:20,108 - INFO - P1 (Round 10) - Epoch 5/10 | Loss: 0.1198 | Acc: 0.9604 | Val Loss: 0.1189 | Val Acc: 0.9608 | Time: 13.03s
2025-03-05 02:02:32,122 - INFO - P1 (Round 10) - Epoch 6/10 | Loss: 0.1194 | Acc: 0.9606 | Val Loss: 0.1174 | Val Acc: 0.9611 | Time: 12.01s
2025-03-05 02:02:44,129 - INFO - P1 (Round 10) - Epoch 7/10 | Loss: 0.1189 | Acc: 0.9609 | Val Loss: 0.1180 | Val Acc: 0.9598 | Time: 12.01s
2025-03-05 02:02:56,335 - INFO - P1 (Round 10) - Epoch 8/10 | Loss: 0.1186 | Acc: 0.9608 | Val Loss: 0.1167 | Val Acc: 0.9619 | Time: 12.21s
2025-03-05 02:03:08,702 - INFO - P1 (Round 10) - Epoch 9/10 | Loss: 0.1183 | Acc: 0.9609 | Val Loss: 0.1195 | Val Acc: 0.9611 | Time: 12.37s
2025-03-05 02:03:21,832 - INFO - P1 (Round 10) - Epoch 10/10 | Loss: 0.1180 | Acc: 0.9610 | Val Loss: 0.1197 | Val Acc: 0.9595 | Time: 13.13s
2025-03-05 02:03:34,075 - INFO - P2 (Round 10) - Epoch 1/10 | Loss: 0.0867 | Acc: 0.9737 | Val Loss: 0.0840 | Val Acc: 0.9749 | Time: 12.24s
2025-03-05 02:03:46,163 - INFO - P2 (Round 10) - Epoch 2/10 | Loss: 0.0798 | Acc: 0.9755 | Val Loss: 0.0788 | Val Acc: 0.9763 | Time: 12.09s
2025-03-05 02:03:58,348 - INFO - P2 (Round 10) - Epoch 3/10 | Loss: 0.0782 | Acc: 0.9759 | Val Loss: 0.0804 | Val Acc: 0.9756 | Time: 12.18s
2025-03-05 02:04:10,383 - INFO - P2 (Round 10) - Epoch 4/10 | Loss: 0.0775 | Acc: 0.9760 | Val Loss: 0.0815 | Val Acc: 0.9746 | Time: 12.03s
2025-03-05 02:04:22,848 - INFO - P2 (Round 10) - Epoch 5/10 | Loss: 0.0771 | Acc: 0.9761 | Val Loss: 0.0773 | Val Acc: 0.9766 | Time: 12.46s
2025-03-05 02:04:36,320 - INFO - P2 (Round 10) - Epoch 6/10 | Loss: 0.0767 | Acc: 0.9762 | Val Loss: 0.0781 | Val Acc: 0.9760 | Time: 13.47s
2025-03-05 02:04:48,605 - INFO - P2 (Round 10) - Epoch 7/10 | Loss: 0.0764 | Acc: 0.9763 | Val Loss: 0.0777 | Val Acc: 0.9761 | Time: 12.28s
2025-03-05 02:05:00,850 - INFO - P2 (Round 10) - Epoch 8/10 | Loss: 0.0763 | Acc: 0.9763 | Val Loss: 0.0793 | Val Acc: 0.9755 | Time: 12.24s
2025-03-05 02:05:13,100 - INFO - P2 (Round 10) - Epoch 9/10 | Loss: 0.0760 | Acc: 0.9763 | Val Loss: 0.0767 | Val Acc: 0.9766 | Time: 12.25s
2025-03-05 02:05:25,680 - INFO - P2 (Round 10) - Epoch 10/10 | Loss: 0.0758 | Acc: 0.9764 | Val Loss: 0.0775 | Val Acc: 0.9761 | Time: 12.58s
2025-03-05 02:05:28,245 - INFO - Round 10 completed in 250.25s
2025-03-05 02:05:28,245 - INFO - Global Model - P1 Test: Loss = 0.7582, Accuracy = 0.8296
2025-03-05 02:05:28,245 - INFO - Global Model - P2 Test: Loss = 0.6698, Accuracy = 0.8782
2025-03-05 02:05:30,856 - INFO - Final Results after 10 rounds:
2025-03-05 02:05:30,856 - INFO - Global Model - P1 Test: Loss = 0.7582, Accuracy = 0.8296
2025-03-05 02:05:30,856 - INFO - Global Model - P2 Test: Loss = 0.6698, Accuracy = 0.8782
2025-03-05 02:05:30,864 - INFO - Experiment 119 results saved to results/suppression_experiments/exp_119_p1f6_p2f8.json
