2025-03-05 02:07:06,816 - INFO - Starting Suppression Experiment 130
2025-03-05 02:07:06,816 - INFO - P1 Features (5/14): ['protocol', 'bidirectional_min_ps', 'bidirectional_mean_ps', 'bidirectional_stddev_ps', 'bidirectional_max_ps']
2025-03-05 02:07:06,816 - INFO - P2 Features (11/14): ['protocol', 'bidirectional_min_ps', 'bidirectional_mean_ps', 'bidirectional_stddev_ps', 'bidirectional_max_ps', 'src2dst_stddev_ps', 'src2dst_max_ps', 'dst2src_min_ps', 'dst2src_mean_ps', 'dst2src_stddev_ps', 'dst2src_max_ps']
2025-03-05 02:07:18,759 - INFO - P1 (Round 1) - Epoch 1/10 | Loss: 0.5989 | Acc: 0.7723 | Val Loss: 0.4153 | Val Acc: 0.8423 | Time: 11.83s
2025-03-05 02:07:30,988 - INFO - P1 (Round 1) - Epoch 2/10 | Loss: 0.3288 | Acc: 0.8816 | Val Loss: 0.2747 | Val Acc: 0.9043 | Time: 12.23s
2025-03-05 02:07:43,262 - INFO - P1 (Round 1) - Epoch 3/10 | Loss: 0.2588 | Acc: 0.9122 | Val Loss: 0.2452 | Val Acc: 0.9180 | Time: 12.27s
2025-03-05 02:07:55,697 - INFO - P1 (Round 1) - Epoch 4/10 | Loss: 0.2368 | Acc: 0.9212 | Val Loss: 0.2281 | Val Acc: 0.9236 | Time: 12.43s
2025-03-05 02:08:09,517 - INFO - P1 (Round 1) - Epoch 5/10 | Loss: 0.2211 | Acc: 0.9283 | Val Loss: 0.2140 | Val Acc: 0.9339 | Time: 13.82s
2025-03-05 02:08:22,166 - INFO - P1 (Round 1) - Epoch 6/10 | Loss: 0.2078 | Acc: 0.9342 | Val Loss: 0.2055 | Val Acc: 0.9348 | Time: 12.65s
2025-03-05 02:08:34,031 - INFO - P1 (Round 1) - Epoch 7/10 | Loss: 0.1997 | Acc: 0.9357 | Val Loss: 0.1989 | Val Acc: 0.9349 | Time: 11.86s
2025-03-05 02:08:45,630 - INFO - P1 (Round 1) - Epoch 8/10 | Loss: 0.1950 | Acc: 0.9365 | Val Loss: 0.1922 | Val Acc: 0.9388 | Time: 11.60s
2025-03-05 02:08:57,420 - INFO - P1 (Round 1) - Epoch 9/10 | Loss: 0.1911 | Acc: 0.9374 | Val Loss: 0.1910 | Val Acc: 0.9376 | Time: 11.79s
2025-03-05 02:09:09,439 - INFO - P1 (Round 1) - Epoch 10/10 | Loss: 0.1881 | Acc: 0.9378 | Val Loss: 0.1880 | Val Acc: 0.9397 | Time: 12.02s
2025-03-05 02:09:22,655 - INFO - P2 (Round 1) - Epoch 1/10 | Loss: 0.3917 | Acc: 0.8586 | Val Loss: 0.2350 | Val Acc: 0.9141 | Time: 13.22s
2025-03-05 02:09:35,055 - INFO - P2 (Round 1) - Epoch 2/10 | Loss: 0.2168 | Acc: 0.9234 | Val Loss: 0.2040 | Val Acc: 0.9271 | Time: 12.40s
2025-03-05 02:09:47,334 - INFO - P2 (Round 1) - Epoch 3/10 | Loss: 0.1934 | Acc: 0.9308 | Val Loss: 0.1854 | Val Acc: 0.9336 | Time: 12.28s
2025-03-05 02:09:59,561 - INFO - P2 (Round 1) - Epoch 4/10 | Loss: 0.1774 | Acc: 0.9368 | Val Loss: 0.1687 | Val Acc: 0.9393 | Time: 12.23s
2025-03-05 02:10:12,421 - INFO - P2 (Round 1) - Epoch 5/10 | Loss: 0.1596 | Acc: 0.9456 | Val Loss: 0.1506 | Val Acc: 0.9487 | Time: 12.86s
2025-03-05 02:10:24,985 - INFO - P2 (Round 1) - Epoch 6/10 | Loss: 0.1390 | Acc: 0.9535 | Val Loss: 0.1268 | Val Acc: 0.9580 | Time: 12.56s
2025-03-05 02:10:36,759 - INFO - P2 (Round 1) - Epoch 7/10 | Loss: 0.1186 | Acc: 0.9621 | Val Loss: 0.1122 | Val Acc: 0.9645 | Time: 11.77s
2025-03-05 02:10:47,032 - INFO - P2 (Round 1) - Epoch 8/10 | Loss: 0.1094 | Acc: 0.9650 | Val Loss: 0.1077 | Val Acc: 0.9656 | Time: 10.27s
2025-03-05 02:10:57,384 - INFO - P2 (Round 1) - Epoch 9/10 | Loss: 0.1035 | Acc: 0.9673 | Val Loss: 0.1021 | Val Acc: 0.9670 | Time: 10.35s
2025-03-05 02:11:07,544 - INFO - P2 (Round 1) - Epoch 10/10 | Loss: 0.0990 | Acc: 0.9689 | Val Loss: 0.0972 | Val Acc: 0.9679 | Time: 10.16s
2025-03-05 02:11:09,842 - INFO - Round 1 completed in 242.91s
2025-03-05 02:11:09,842 - INFO - Global Model - P1 Test: Loss = 6.8385, Accuracy = 0.4129
2025-03-05 02:11:09,842 - INFO - Global Model - P2 Test: Loss = 5.1670, Accuracy = 0.4498
2025-03-05 02:11:20,288 - INFO - P1 (Round 2) - Epoch 1/10 | Loss: 0.3598 | Acc: 0.8840 | Val Loss: 0.2559 | Val Acc: 0.9137 | Time: 10.44s
2025-03-05 02:11:30,515 - INFO - P1 (Round 2) - Epoch 2/10 | Loss: 0.2384 | Acc: 0.9179 | Val Loss: 0.2251 | Val Acc: 0.9274 | Time: 10.23s
2025-03-05 02:11:42,942 - INFO - P1 (Round 2) - Epoch 3/10 | Loss: 0.2173 | Acc: 0.9295 | Val Loss: 0.2103 | Val Acc: 0.9321 | Time: 12.43s
2025-03-05 02:11:53,149 - INFO - P1 (Round 2) - Epoch 4/10 | Loss: 0.2048 | Acc: 0.9333 | Val Loss: 0.2041 | Val Acc: 0.9326 | Time: 10.21s
2025-03-05 02:12:03,260 - INFO - P1 (Round 2) - Epoch 5/10 | Loss: 0.1973 | Acc: 0.9349 | Val Loss: 0.1964 | Val Acc: 0.9355 | Time: 10.11s
2025-03-05 02:12:13,350 - INFO - P1 (Round 2) - Epoch 6/10 | Loss: 0.1913 | Acc: 0.9361 | Val Loss: 0.1897 | Val Acc: 0.9379 | Time: 10.09s
2025-03-05 02:12:23,796 - INFO - P1 (Round 2) - Epoch 7/10 | Loss: 0.1856 | Acc: 0.9374 | Val Loss: 0.1848 | Val Acc: 0.9375 | Time: 10.45s
2025-03-05 02:12:33,760 - INFO - P1 (Round 2) - Epoch 8/10 | Loss: 0.1814 | Acc: 0.9382 | Val Loss: 0.1831 | Val Acc: 0.9386 | Time: 9.96s
2025-03-05 02:12:43,836 - INFO - P1 (Round 2) - Epoch 9/10 | Loss: 0.1786 | Acc: 0.9388 | Val Loss: 0.1783 | Val Acc: 0.9402 | Time: 10.08s
2025-03-05 02:12:55,933 - INFO - P1 (Round 2) - Epoch 10/10 | Loss: 0.1765 | Acc: 0.9393 | Val Loss: 0.1762 | Val Acc: 0.9402 | Time: 12.10s
2025-03-05 02:13:06,069 - INFO - P2 (Round 2) - Epoch 1/10 | Loss: 0.2328 | Acc: 0.9325 | Val Loss: 0.1350 | Val Acc: 0.9581 | Time: 10.14s
2025-03-05 02:13:16,198 - INFO - P2 (Round 2) - Epoch 2/10 | Loss: 0.1239 | Acc: 0.9611 | Val Loss: 0.1145 | Val Acc: 0.9629 | Time: 10.13s
2025-03-05 02:13:26,544 - INFO - P2 (Round 2) - Epoch 3/10 | Loss: 0.1102 | Acc: 0.9646 | Val Loss: 0.1069 | Val Acc: 0.9652 | Time: 10.35s
2025-03-05 02:13:36,514 - INFO - P2 (Round 2) - Epoch 4/10 | Loss: 0.1032 | Acc: 0.9667 | Val Loss: 0.1000 | Val Acc: 0.9679 | Time: 9.97s
2025-03-05 02:13:46,709 - INFO - P2 (Round 2) - Epoch 5/10 | Loss: 0.0978 | Acc: 0.9687 | Val Loss: 0.0949 | Val Acc: 0.9697 | Time: 10.20s
2025-03-05 02:13:57,214 - INFO - P2 (Round 2) - Epoch 6/10 | Loss: 0.0936 | Acc: 0.9703 | Val Loss: 0.0936 | Val Acc: 0.9709 | Time: 10.50s
2025-03-05 02:14:08,863 - INFO - P2 (Round 2) - Epoch 7/10 | Loss: 0.0902 | Acc: 0.9714 | Val Loss: 0.0884 | Val Acc: 0.9719 | Time: 11.65s
2025-03-05 02:14:18,998 - INFO - P2 (Round 2) - Epoch 8/10 | Loss: 0.0869 | Acc: 0.9727 | Val Loss: 0.0868 | Val Acc: 0.9727 | Time: 10.13s
2025-03-05 02:14:29,431 - INFO - P2 (Round 2) - Epoch 9/10 | Loss: 0.0844 | Acc: 0.9735 | Val Loss: 0.0846 | Val Acc: 0.9733 | Time: 10.43s
2025-03-05 02:14:39,689 - INFO - P2 (Round 2) - Epoch 10/10 | Loss: 0.0822 | Acc: 0.9743 | Val Loss: 0.0826 | Val Acc: 0.9739 | Time: 10.26s
2025-03-05 02:14:42,084 - INFO - Round 2 completed in 212.24s
2025-03-05 02:14:42,084 - INFO - Global Model - P1 Test: Loss = 2.5648, Accuracy = 0.5394
2025-03-05 02:14:42,084 - INFO - Global Model - P2 Test: Loss = 6.8008, Accuracy = 0.4550
2025-03-05 02:14:52,081 - INFO - P1 (Round 3) - Epoch 1/10 | Loss: 0.2507 | Acc: 0.9145 | Val Loss: 0.2088 | Val Acc: 0.9290 | Time: 10.00s
2025-03-05 02:15:02,248 - INFO - P1 (Round 3) - Epoch 2/10 | Loss: 0.2004 | Acc: 0.9333 | Val Loss: 0.1937 | Val Acc: 0.9335 | Time: 10.17s
2025-03-05 02:15:13,755 - INFO - P1 (Round 3) - Epoch 3/10 | Loss: 0.1914 | Acc: 0.9359 | Val Loss: 0.1873 | Val Acc: 0.9379 | Time: 11.51s
2025-03-05 02:15:24,820 - INFO - P1 (Round 3) - Epoch 4/10 | Loss: 0.1864 | Acc: 0.9376 | Val Loss: 0.1837 | Val Acc: 0.9395 | Time: 11.06s
2025-03-05 02:15:35,036 - INFO - P1 (Round 3) - Epoch 5/10 | Loss: 0.1825 | Acc: 0.9386 | Val Loss: 0.1808 | Val Acc: 0.9399 | Time: 10.22s
2025-03-05 02:15:45,109 - INFO - P1 (Round 3) - Epoch 6/10 | Loss: 0.1797 | Acc: 0.9391 | Val Loss: 0.1771 | Val Acc: 0.9398 | Time: 10.07s
2025-03-05 02:15:55,280 - INFO - P1 (Round 3) - Epoch 7/10 | Loss: 0.1775 | Acc: 0.9397 | Val Loss: 0.1800 | Val Acc: 0.9391 | Time: 10.17s
2025-03-05 02:16:05,345 - INFO - P1 (Round 3) - Epoch 8/10 | Loss: 0.1756 | Acc: 0.9401 | Val Loss: 0.1741 | Val Acc: 0.9395 | Time: 10.06s
2025-03-05 02:16:16,017 - INFO - P1 (Round 3) - Epoch 9/10 | Loss: 0.1738 | Acc: 0.9403 | Val Loss: 0.1749 | Val Acc: 0.9415 | Time: 10.67s
2025-03-05 02:16:28,078 - INFO - P1 (Round 3) - Epoch 10/10 | Loss: 0.1722 | Acc: 0.9408 | Val Loss: 0.1727 | Val Acc: 0.9412 | Time: 12.06s
2025-03-05 02:16:38,582 - INFO - P2 (Round 3) - Epoch 1/10 | Loss: 0.1782 | Acc: 0.9490 | Val Loss: 0.1233 | Val Acc: 0.9591 | Time: 10.50s
2025-03-05 02:16:48,996 - INFO - P2 (Round 3) - Epoch 2/10 | Loss: 0.1124 | Acc: 0.9620 | Val Loss: 0.1050 | Val Acc: 0.9646 | Time: 10.41s
2025-03-05 02:16:59,187 - INFO - P2 (Round 3) - Epoch 3/10 | Loss: 0.0999 | Acc: 0.9668 | Val Loss: 0.0963 | Val Acc: 0.9684 | Time: 10.19s
2025-03-05 02:17:09,207 - INFO - P2 (Round 3) - Epoch 4/10 | Loss: 0.0943 | Acc: 0.9691 | Val Loss: 0.0918 | Val Acc: 0.9687 | Time: 10.02s
2025-03-05 02:17:19,210 - INFO - P2 (Round 3) - Epoch 5/10 | Loss: 0.0906 | Acc: 0.9709 | Val Loss: 0.0890 | Val Acc: 0.9702 | Time: 10.00s
2025-03-05 02:17:29,273 - INFO - P2 (Round 3) - Epoch 6/10 | Loss: 0.0878 | Acc: 0.9719 | Val Loss: 0.0878 | Val Acc: 0.9736 | Time: 10.06s
2025-03-05 02:17:41,305 - INFO - P2 (Round 3) - Epoch 7/10 | Loss: 0.0857 | Acc: 0.9728 | Val Loss: 0.0851 | Val Acc: 0.9713 | Time: 12.03s
2025-03-05 02:17:51,449 - INFO - P2 (Round 3) - Epoch 8/10 | Loss: 0.0840 | Acc: 0.9736 | Val Loss: 0.0815 | Val Acc: 0.9762 | Time: 10.14s
2025-03-05 02:18:01,929 - INFO - P2 (Round 3) - Epoch 9/10 | Loss: 0.0812 | Acc: 0.9749 | Val Loss: 0.0816 | Val Acc: 0.9724 | Time: 10.48s
2025-03-05 02:18:16,199 - INFO - P2 (Round 3) - Epoch 10/10 | Loss: 0.0792 | Acc: 0.9757 | Val Loss: 0.0788 | Val Acc: 0.9772 | Time: 14.27s
2025-03-05 02:18:18,834 - INFO - Round 3 completed in 216.75s
2025-03-05 02:18:18,834 - INFO - Global Model - P1 Test: Loss = 2.1509, Accuracy = 0.5715
2025-03-05 02:18:18,834 - INFO - Global Model - P2 Test: Loss = 6.0236, Accuracy = 0.5198
2025-03-05 02:18:30,779 - INFO - P1 (Round 4) - Epoch 1/10 | Loss: 0.2157 | Acc: 0.9272 | Val Loss: 0.1935 | Val Acc: 0.9324 | Time: 11.94s
2025-03-05 02:18:42,651 - INFO - P1 (Round 4) - Epoch 2/10 | Loss: 0.1851 | Acc: 0.9383 | Val Loss: 0.1822 | Val Acc: 0.9372 | Time: 11.87s
2025-03-05 02:18:55,971 - INFO - P1 (Round 4) - Epoch 3/10 | Loss: 0.1795 | Acc: 0.9401 | Val Loss: 0.1776 | Val Acc: 0.9401 | Time: 13.32s
2025-03-05 02:19:08,253 - INFO - P1 (Round 4) - Epoch 4/10 | Loss: 0.1759 | Acc: 0.9411 | Val Loss: 0.1733 | Val Acc: 0.9433 | Time: 12.28s
2025-03-05 02:19:20,778 - INFO - P1 (Round 4) - Epoch 5/10 | Loss: 0.1731 | Acc: 0.9415 | Val Loss: 0.1709 | Val Acc: 0.9423 | Time: 12.52s
2025-03-05 02:19:33,271 - INFO - P1 (Round 4) - Epoch 6/10 | Loss: 0.1708 | Acc: 0.9419 | Val Loss: 0.1702 | Val Acc: 0.9420 | Time: 12.49s
2025-03-05 02:19:45,685 - INFO - P1 (Round 4) - Epoch 7/10 | Loss: 0.1689 | Acc: 0.9424 | Val Loss: 0.1716 | Val Acc: 0.9426 | Time: 12.41s
2025-03-05 02:19:58,085 - INFO - P1 (Round 4) - Epoch 8/10 | Loss: 0.1674 | Acc: 0.9427 | Val Loss: 0.1669 | Val Acc: 0.9427 | Time: 12.40s
2025-03-05 02:20:10,985 - INFO - P1 (Round 4) - Epoch 9/10 | Loss: 0.1661 | Acc: 0.9429 | Val Loss: 0.1663 | Val Acc: 0.9430 | Time: 12.90s
2025-03-05 02:20:22,692 - INFO - P1 (Round 4) - Epoch 10/10 | Loss: 0.1648 | Acc: 0.9432 | Val Loss: 0.1633 | Val Acc: 0.9453 | Time: 11.71s
2025-03-05 02:20:35,227 - INFO - P2 (Round 4) - Epoch 1/10 | Loss: 0.1418 | Acc: 0.9613 | Val Loss: 0.0976 | Val Acc: 0.9718 | Time: 12.53s
2025-03-05 02:20:47,706 - INFO - P2 (Round 4) - Epoch 2/10 | Loss: 0.0903 | Acc: 0.9732 | Val Loss: 0.0868 | Val Acc: 0.9716 | Time: 12.48s
2025-03-05 02:20:59,725 - INFO - P2 (Round 4) - Epoch 3/10 | Loss: 0.0847 | Acc: 0.9744 | Val Loss: 0.0841 | Val Acc: 0.9745 | Time: 12.02s
2025-03-05 02:21:12,503 - INFO - P2 (Round 4) - Epoch 4/10 | Loss: 0.0819 | Acc: 0.9752 | Val Loss: 0.0826 | Val Acc: 0.9749 | Time: 12.78s
2025-03-05 02:21:25,382 - INFO - P2 (Round 4) - Epoch 5/10 | Loss: 0.0801 | Acc: 0.9756 | Val Loss: 0.0806 | Val Acc: 0.9750 | Time: 12.88s
2025-03-05 02:21:37,452 - INFO - P2 (Round 4) - Epoch 6/10 | Loss: 0.0785 | Acc: 0.9761 | Val Loss: 0.0773 | Val Acc: 0.9761 | Time: 12.07s
2025-03-05 02:21:49,349 - INFO - P2 (Round 4) - Epoch 7/10 | Loss: 0.0771 | Acc: 0.9764 | Val Loss: 0.0775 | Val Acc: 0.9768 | Time: 11.90s
2025-03-05 02:22:01,175 - INFO - P2 (Round 4) - Epoch 8/10 | Loss: 0.0759 | Acc: 0.9771 | Val Loss: 0.0765 | Val Acc: 0.9772 | Time: 11.83s
2025-03-05 02:22:12,919 - INFO - P2 (Round 4) - Epoch 9/10 | Loss: 0.0748 | Acc: 0.9774 | Val Loss: 0.0755 | Val Acc: 0.9771 | Time: 11.74s
2025-03-05 02:22:26,061 - INFO - P2 (Round 4) - Epoch 10/10 | Loss: 0.0738 | Acc: 0.9778 | Val Loss: 0.0733 | Val Acc: 0.9783 | Time: 13.14s
2025-03-05 02:22:28,777 - INFO - Round 4 completed in 249.94s
2025-03-05 02:22:28,777 - INFO - Global Model - P1 Test: Loss = 1.6908, Accuracy = 0.6446
2025-03-05 02:22:28,777 - INFO - Global Model - P2 Test: Loss = 5.7881, Accuracy = 0.5791
2025-03-05 02:22:40,840 - INFO - P1 (Round 5) - Epoch 1/10 | Loss: 0.1990 | Acc: 0.9334 | Val Loss: 0.1781 | Val Acc: 0.9397 | Time: 12.06s
2025-03-05 02:22:53,249 - INFO - P1 (Round 5) - Epoch 2/10 | Loss: 0.1755 | Acc: 0.9403 | Val Loss: 0.1734 | Val Acc: 0.9407 | Time: 12.41s
2025-03-05 02:23:05,405 - INFO - P1 (Round 5) - Epoch 3/10 | Loss: 0.1715 | Acc: 0.9413 | Val Loss: 0.1684 | Val Acc: 0.9422 | Time: 12.16s
2025-03-05 02:23:17,568 - INFO - P1 (Round 5) - Epoch 4/10 | Loss: 0.1691 | Acc: 0.9415 | Val Loss: 0.1684 | Val Acc: 0.9424 | Time: 12.16s
2025-03-05 02:23:29,829 - INFO - P1 (Round 5) - Epoch 5/10 | Loss: 0.1675 | Acc: 0.9416 | Val Loss: 0.1679 | Val Acc: 0.9412 | Time: 12.26s
2025-03-05 02:23:42,748 - INFO - P1 (Round 5) - Epoch 6/10 | Loss: 0.1662 | Acc: 0.9418 | Val Loss: 0.1646 | Val Acc: 0.9423 | Time: 12.92s
2025-03-05 02:23:54,527 - INFO - P1 (Round 5) - Epoch 7/10 | Loss: 0.1645 | Acc: 0.9420 | Val Loss: 0.1636 | Val Acc: 0.9421 | Time: 11.78s
2025-03-05 02:24:06,482 - INFO - P1 (Round 5) - Epoch 8/10 | Loss: 0.1632 | Acc: 0.9423 | Val Loss: 0.1721 | Val Acc: 0.9397 | Time: 11.95s
2025-03-05 02:24:18,338 - INFO - P1 (Round 5) - Epoch 9/10 | Loss: 0.1620 | Acc: 0.9426 | Val Loss: 0.1605 | Val Acc: 0.9432 | Time: 11.86s
2025-03-05 02:24:30,430 - INFO - P1 (Round 5) - Epoch 10/10 | Loss: 0.1609 | Acc: 0.9429 | Val Loss: 0.1634 | Val Acc: 0.9419 | Time: 12.09s
2025-03-05 02:24:42,710 - INFO - P2 (Round 5) - Epoch 1/10 | Loss: 0.1252 | Acc: 0.9667 | Val Loss: 0.0900 | Val Acc: 0.9741 | Time: 12.28s
2025-03-05 02:24:55,407 - INFO - P2 (Round 5) - Epoch 2/10 | Loss: 0.0871 | Acc: 0.9740 | Val Loss: 0.0856 | Val Acc: 0.9717 | Time: 12.70s
2025-03-05 02:25:07,163 - INFO - P2 (Round 5) - Epoch 3/10 | Loss: 0.0828 | Acc: 0.9758 | Val Loss: 0.0849 | Val Acc: 0.9753 | Time: 11.76s
2025-03-05 02:25:18,965 - INFO - P2 (Round 5) - Epoch 4/10 | Loss: 0.0803 | Acc: 0.9767 | Val Loss: 0.0792 | Val Acc: 0.9775 | Time: 11.80s
2025-03-05 02:25:30,776 - INFO - P2 (Round 5) - Epoch 5/10 | Loss: 0.0781 | Acc: 0.9774 | Val Loss: 0.0782 | Val Acc: 0.9775 | Time: 11.81s
2025-03-05 02:25:42,752 - INFO - P2 (Round 5) - Epoch 6/10 | Loss: 0.0768 | Acc: 0.9778 | Val Loss: 0.0771 | Val Acc: 0.9770 | Time: 11.98s
2025-03-05 02:25:54,944 - INFO - P2 (Round 5) - Epoch 7/10 | Loss: 0.0759 | Acc: 0.9780 | Val Loss: 0.0771 | Val Acc: 0.9779 | Time: 12.19s
2025-03-05 02:26:07,622 - INFO - P2 (Round 5) - Epoch 8/10 | Loss: 0.0750 | Acc: 0.9781 | Val Loss: 0.0756 | Val Acc: 0.9782 | Time: 12.68s
2025-03-05 02:26:19,580 - INFO - P2 (Round 5) - Epoch 9/10 | Loss: 0.0742 | Acc: 0.9783 | Val Loss: 0.0742 | Val Acc: 0.9784 | Time: 11.96s
2025-03-05 02:26:31,557 - INFO - P2 (Round 5) - Epoch 10/10 | Loss: 0.0735 | Acc: 0.9786 | Val Loss: 0.0748 | Val Acc: 0.9780 | Time: 11.98s
2025-03-05 02:26:34,230 - INFO - Round 5 completed in 245.45s
2025-03-05 02:26:34,230 - INFO - Global Model - P1 Test: Loss = 2.2248, Accuracy = 0.5739
2025-03-05 02:26:34,230 - INFO - Global Model - P2 Test: Loss = 5.5462, Accuracy = 0.5105
2025-03-05 02:26:46,583 - INFO - P1 (Round 6) - Epoch 1/10 | Loss: 0.1978 | Acc: 0.9325 | Val Loss: 0.1782 | Val Acc: 0.9364 | Time: 12.35s
2025-03-05 02:26:58,720 - INFO - P1 (Round 6) - Epoch 2/10 | Loss: 0.1718 | Acc: 0.9399 | Val Loss: 0.1688 | Val Acc: 0.9430 | Time: 12.14s
2025-03-05 02:27:11,833 - INFO - P1 (Round 6) - Epoch 3/10 | Loss: 0.1679 | Acc: 0.9409 | Val Loss: 0.1678 | Val Acc: 0.9386 | Time: 13.11s
2025-03-05 02:27:24,007 - INFO - P1 (Round 6) - Epoch 4/10 | Loss: 0.1654 | Acc: 0.9418 | Val Loss: 0.1618 | Val Acc: 0.9441 | Time: 12.17s
2025-03-05 02:27:35,847 - INFO - P1 (Round 6) - Epoch 5/10 | Loss: 0.1637 | Acc: 0.9421 | Val Loss: 0.1612 | Val Acc: 0.9408 | Time: 11.84s
2025-03-05 02:27:47,700 - INFO - P1 (Round 6) - Epoch 6/10 | Loss: 0.1625 | Acc: 0.9424 | Val Loss: 0.1705 | Val Acc: 0.9386 | Time: 11.85s
2025-03-05 02:27:59,119 - INFO - P1 (Round 6) - Epoch 7/10 | Loss: 0.1615 | Acc: 0.9428 | Val Loss: 0.1642 | Val Acc: 0.9379 | Time: 11.42s
2025-03-05 02:28:11,505 - INFO - P1 (Round 6) - Epoch 8/10 | Loss: 0.1606 | Acc: 0.9428 | Val Loss: 0.1602 | Val Acc: 0.9411 | Time: 12.39s
2025-03-05 02:28:24,537 - INFO - P1 (Round 6) - Epoch 9/10 | Loss: 0.1597 | Acc: 0.9430 | Val Loss: 0.1572 | Val Acc: 0.9448 | Time: 13.03s
2025-03-05 02:28:37,098 - INFO - P1 (Round 6) - Epoch 10/10 | Loss: 0.1589 | Acc: 0.9435 | Val Loss: 0.1579 | Val Acc: 0.9434 | Time: 12.56s
2025-03-05 02:28:49,451 - INFO - P2 (Round 6) - Epoch 1/10 | Loss: 0.1162 | Acc: 0.9692 | Val Loss: 0.0856 | Val Acc: 0.9758 | Time: 12.35s
2025-03-05 02:29:01,242 - INFO - P2 (Round 6) - Epoch 2/10 | Loss: 0.0813 | Acc: 0.9766 | Val Loss: 0.0798 | Val Acc: 0.9775 | Time: 11.79s
2025-03-05 02:29:13,160 - INFO - P2 (Round 6) - Epoch 3/10 | Loss: 0.0775 | Acc: 0.9776 | Val Loss: 0.0764 | Val Acc: 0.9772 | Time: 11.92s
2025-03-05 02:29:25,179 - INFO - P2 (Round 6) - Epoch 4/10 | Loss: 0.0753 | Acc: 0.9779 | Val Loss: 0.0763 | Val Acc: 0.9780 | Time: 12.02s
2025-03-05 02:29:38,091 - INFO - P2 (Round 6) - Epoch 5/10 | Loss: 0.0739 | Acc: 0.9782 | Val Loss: 0.0726 | Val Acc: 0.9786 | Time: 12.91s
2025-03-05 02:29:50,411 - INFO - P2 (Round 6) - Epoch 6/10 | Loss: 0.0729 | Acc: 0.9783 | Val Loss: 0.0726 | Val Acc: 0.9786 | Time: 12.32s
2025-03-05 02:30:02,335 - INFO - P2 (Round 6) - Epoch 7/10 | Loss: 0.0720 | Acc: 0.9785 | Val Loss: 0.0712 | Val Acc: 0.9789 | Time: 11.92s
2025-03-05 02:30:14,186 - INFO - P2 (Round 6) - Epoch 8/10 | Loss: 0.0711 | Acc: 0.9787 | Val Loss: 0.0711 | Val Acc: 0.9788 | Time: 11.85s
2025-03-05 02:30:28,309 - INFO - P2 (Round 6) - Epoch 9/10 | Loss: 0.0706 | Acc: 0.9789 | Val Loss: 0.0726 | Val Acc: 0.9784 | Time: 14.12s
2025-03-05 02:30:42,317 - INFO - P2 (Round 6) - Epoch 10/10 | Loss: 0.0700 | Acc: 0.9790 | Val Loss: 0.0699 | Val Acc: 0.9795 | Time: 14.01s
2025-03-05 02:30:45,275 - INFO - Round 6 completed in 251.04s
2025-03-05 02:30:45,275 - INFO - Global Model - P1 Test: Loss = 2.2933, Accuracy = 0.5379
2025-03-05 02:30:45,275 - INFO - Global Model - P2 Test: Loss = 6.2219, Accuracy = 0.5130
2025-03-05 02:30:56,775 - INFO - P1 (Round 7) - Epoch 1/10 | Loss: 0.1997 | Acc: 0.9327 | Val Loss: 0.1750 | Val Acc: 0.9387 | Time: 11.50s
2025-03-05 02:31:06,700 - INFO - P1 (Round 7) - Epoch 2/10 | Loss: 0.1713 | Acc: 0.9408 | Val Loss: 0.1730 | Val Acc: 0.9396 | Time: 9.92s
2025-03-05 02:31:16,881 - INFO - P1 (Round 7) - Epoch 3/10 | Loss: 0.1669 | Acc: 0.9420 | Val Loss: 0.1647 | Val Acc: 0.9449 | Time: 10.18s
2025-03-05 02:31:26,910 - INFO - P1 (Round 7) - Epoch 4/10 | Loss: 0.1649 | Acc: 0.9424 | Val Loss: 0.1637 | Val Acc: 0.9442 | Time: 10.03s
2025-03-05 02:31:36,961 - INFO - P1 (Round 7) - Epoch 5/10 | Loss: 0.1635 | Acc: 0.9429 | Val Loss: 0.1639 | Val Acc: 0.9445 | Time: 10.05s
2025-03-05 02:31:47,653 - INFO - P1 (Round 7) - Epoch 6/10 | Loss: 0.1618 | Acc: 0.9434 | Val Loss: 0.1582 | Val Acc: 0.9446 | Time: 10.69s
2025-03-05 02:31:59,094 - INFO - P1 (Round 7) - Epoch 7/10 | Loss: 0.1604 | Acc: 0.9436 | Val Loss: 0.1598 | Val Acc: 0.9440 | Time: 11.44s
2025-03-05 02:32:09,083 - INFO - P1 (Round 7) - Epoch 8/10 | Loss: 0.1594 | Acc: 0.9438 | Val Loss: 0.1597 | Val Acc: 0.9448 | Time: 9.99s
2025-03-05 02:32:19,461 - INFO - P1 (Round 7) - Epoch 9/10 | Loss: 0.1587 | Acc: 0.9439 | Val Loss: 0.1579 | Val Acc: 0.9441 | Time: 10.38s
2025-03-05 02:32:29,474 - INFO - P1 (Round 7) - Epoch 10/10 | Loss: 0.1580 | Acc: 0.9439 | Val Loss: 0.1585 | Val Acc: 0.9441 | Time: 10.01s
2025-03-05 02:32:39,605 - INFO - P2 (Round 7) - Epoch 1/10 | Loss: 0.1218 | Acc: 0.9666 | Val Loss: 0.0892 | Val Acc: 0.9724 | Time: 10.13s
2025-03-05 02:32:49,612 - INFO - P2 (Round 7) - Epoch 2/10 | Loss: 0.0817 | Acc: 0.9750 | Val Loss: 0.0821 | Val Acc: 0.9750 | Time: 10.01s
2025-03-05 02:33:00,653 - INFO - P2 (Round 7) - Epoch 3/10 | Loss: 0.0777 | Acc: 0.9768 | Val Loss: 0.0782 | Val Acc: 0.9740 | Time: 11.04s
2025-03-05 02:33:11,652 - INFO - P2 (Round 7) - Epoch 4/10 | Loss: 0.0753 | Acc: 0.9778 | Val Loss: 0.0772 | Val Acc: 0.9780 | Time: 11.00s
2025-03-05 02:33:21,400 - INFO - P2 (Round 7) - Epoch 5/10 | Loss: 0.0738 | Acc: 0.9782 | Val Loss: 0.0769 | Val Acc: 0.9777 | Time: 9.75s
2025-03-05 02:33:31,705 - INFO - P2 (Round 7) - Epoch 6/10 | Loss: 0.0725 | Acc: 0.9786 | Val Loss: 0.0716 | Val Acc: 0.9793 | Time: 10.30s
2025-03-05 02:33:42,073 - INFO - P2 (Round 7) - Epoch 7/10 | Loss: 0.0716 | Acc: 0.9789 | Val Loss: 0.0722 | Val Acc: 0.9788 | Time: 10.37s
2025-03-05 02:33:52,286 - INFO - P2 (Round 7) - Epoch 8/10 | Loss: 0.0706 | Acc: 0.9791 | Val Loss: 0.0698 | Val Acc: 0.9794 | Time: 10.21s
2025-03-05 02:34:02,475 - INFO - P2 (Round 7) - Epoch 9/10 | Loss: 0.0700 | Acc: 0.9792 | Val Loss: 0.0703 | Val Acc: 0.9789 | Time: 10.19s
2025-03-05 02:34:14,021 - INFO - P2 (Round 7) - Epoch 10/10 | Loss: 0.0693 | Acc: 0.9793 | Val Loss: 0.0694 | Val Acc: 0.9795 | Time: 11.55s
2025-03-05 02:34:16,861 - INFO - Round 7 completed in 211.59s
2025-03-05 02:34:16,861 - INFO - Global Model - P1 Test: Loss = 2.2461, Accuracy = 0.6033
2025-03-05 02:34:16,861 - INFO - Global Model - P2 Test: Loss = 5.9773, Accuracy = 0.5263
2025-03-05 02:34:27,170 - INFO - P1 (Round 8) - Epoch 1/10 | Loss: 0.2097 | Acc: 0.9286 | Val Loss: 0.1765 | Val Acc: 0.9424 | Time: 10.31s
2025-03-05 02:34:37,460 - INFO - P1 (Round 8) - Epoch 2/10 | Loss: 0.1704 | Acc: 0.9409 | Val Loss: 0.1669 | Val Acc: 0.9408 | Time: 10.29s
2025-03-05 02:34:47,475 - INFO - P1 (Round 8) - Epoch 3/10 | Loss: 0.1655 | Acc: 0.9422 | Val Loss: 0.1639 | Val Acc: 0.9440 | Time: 10.01s
2025-03-05 02:34:57,386 - INFO - P1 (Round 8) - Epoch 4/10 | Loss: 0.1631 | Acc: 0.9426 | Val Loss: 0.1674 | Val Acc: 0.9405 | Time: 9.91s
2025-03-05 02:35:07,647 - INFO - P1 (Round 8) - Epoch 5/10 | Loss: 0.1617 | Acc: 0.9428 | Val Loss: 0.1605 | Val Acc: 0.9456 | Time: 10.26s
2025-03-05 02:35:17,623 - INFO - P1 (Round 8) - Epoch 6/10 | Loss: 0.1607 | Acc: 0.9430 | Val Loss: 0.1614 | Val Acc: 0.9437 | Time: 9.98s
2025-03-05 02:35:29,569 - INFO - P1 (Round 8) - Epoch 7/10 | Loss: 0.1598 | Acc: 0.9431 | Val Loss: 0.1592 | Val Acc: 0.9427 | Time: 11.95s
2025-03-05 02:35:39,672 - INFO - P1 (Round 8) - Epoch 8/10 | Loss: 0.1588 | Acc: 0.9432 | Val Loss: 0.1610 | Val Acc: 0.9407 | Time: 10.10s
2025-03-05 02:35:49,821 - INFO - P1 (Round 8) - Epoch 9/10 | Loss: 0.1580 | Acc: 0.9433 | Val Loss: 0.1583 | Val Acc: 0.9450 | Time: 10.15s
2025-03-05 02:35:59,964 - INFO - P1 (Round 8) - Epoch 10/10 | Loss: 0.1575 | Acc: 0.9434 | Val Loss: 0.1636 | Val Acc: 0.9404 | Time: 10.14s
2025-03-05 02:36:10,116 - INFO - P2 (Round 8) - Epoch 1/10 | Loss: 0.1148 | Acc: 0.9697 | Val Loss: 0.0828 | Val Acc: 0.9766 | Time: 10.15s
2025-03-05 02:36:20,201 - INFO - P2 (Round 8) - Epoch 2/10 | Loss: 0.0782 | Acc: 0.9772 | Val Loss: 0.0782 | Val Acc: 0.9780 | Time: 10.08s
2025-03-05 02:36:30,062 - INFO - P2 (Round 8) - Epoch 3/10 | Loss: 0.0747 | Acc: 0.9781 | Val Loss: 0.0727 | Val Acc: 0.9789 | Time: 9.86s
2025-03-05 02:36:42,117 - INFO - P2 (Round 8) - Epoch 4/10 | Loss: 0.0727 | Acc: 0.9786 | Val Loss: 0.0749 | Val Acc: 0.9773 | Time: 12.05s
2025-03-05 02:36:52,025 - INFO - P2 (Round 8) - Epoch 5/10 | Loss: 0.0714 | Acc: 0.9790 | Val Loss: 0.0716 | Val Acc: 0.9794 | Time: 9.91s
2025-03-05 02:37:02,288 - INFO - P2 (Round 8) - Epoch 6/10 | Loss: 0.0704 | Acc: 0.9791 | Val Loss: 0.0709 | Val Acc: 0.9787 | Time: 10.26s
2025-03-05 02:37:12,143 - INFO - P2 (Round 8) - Epoch 7/10 | Loss: 0.0698 | Acc: 0.9793 | Val Loss: 0.0708 | Val Acc: 0.9787 | Time: 9.85s
2025-03-05 02:37:22,237 - INFO - P2 (Round 8) - Epoch 8/10 | Loss: 0.0691 | Acc: 0.9794 | Val Loss: 0.0691 | Val Acc: 0.9796 | Time: 10.09s
2025-03-05 02:37:32,278 - INFO - P2 (Round 8) - Epoch 9/10 | Loss: 0.0685 | Acc: 0.9796 | Val Loss: 0.0686 | Val Acc: 0.9798 | Time: 10.04s
2025-03-05 02:37:42,795 - INFO - P2 (Round 8) - Epoch 10/10 | Loss: 0.0681 | Acc: 0.9796 | Val Loss: 0.0687 | Val Acc: 0.9795 | Time: 10.52s
2025-03-05 02:37:45,603 - INFO - Round 8 completed in 208.74s
2025-03-05 02:37:45,603 - INFO - Global Model - P1 Test: Loss = 2.5331, Accuracy = 0.5146
2025-03-05 02:37:45,603 - INFO - Global Model - P2 Test: Loss = 5.6601, Accuracy = 0.5221
2025-03-05 02:37:57,251 - INFO - P1 (Round 9) - Epoch 1/10 | Loss: 0.2096 | Acc: 0.9279 | Val Loss: 0.1806 | Val Acc: 0.9373 | Time: 11.65s
2025-03-05 02:38:07,278 - INFO - P1 (Round 9) - Epoch 2/10 | Loss: 0.1752 | Acc: 0.9379 | Val Loss: 0.1686 | Val Acc: 0.9425 | Time: 10.03s
2025-03-05 02:38:17,359 - INFO - P1 (Round 9) - Epoch 3/10 | Loss: 0.1642 | Acc: 0.9421 | Val Loss: 0.1626 | Val Acc: 0.9420 | Time: 10.08s
2025-03-05 02:38:27,435 - INFO - P1 (Round 9) - Epoch 4/10 | Loss: 0.1615 | Acc: 0.9426 | Val Loss: 0.1599 | Val Acc: 0.9440 | Time: 10.08s
2025-03-05 02:38:37,472 - INFO - P1 (Round 9) - Epoch 5/10 | Loss: 0.1596 | Acc: 0.9430 | Val Loss: 0.1596 | Val Acc: 0.9436 | Time: 10.04s
2025-03-05 02:38:47,661 - INFO - P1 (Round 9) - Epoch 6/10 | Loss: 0.1585 | Acc: 0.9431 | Val Loss: 0.1607 | Val Acc: 0.9425 | Time: 10.19s
2025-03-05 02:38:58,695 - INFO - P1 (Round 9) - Epoch 7/10 | Loss: 0.1577 | Acc: 0.9433 | Val Loss: 0.1589 | Val Acc: 0.9433 | Time: 11.03s
2025-03-05 02:39:10,025 - INFO - P1 (Round 9) - Epoch 8/10 | Loss: 0.1570 | Acc: 0.9433 | Val Loss: 0.1569 | Val Acc: 0.9451 | Time: 11.33s
2025-03-05 02:39:20,263 - INFO - P1 (Round 9) - Epoch 9/10 | Loss: 0.1563 | Acc: 0.9436 | Val Loss: 0.1568 | Val Acc: 0.9439 | Time: 10.24s
2025-03-05 02:39:30,513 - INFO - P1 (Round 9) - Epoch 10/10 | Loss: 0.1560 | Acc: 0.9436 | Val Loss: 0.1603 | Val Acc: 0.9423 | Time: 10.25s
2025-03-05 02:39:40,482 - INFO - P2 (Round 9) - Epoch 1/10 | Loss: 0.1083 | Acc: 0.9709 | Val Loss: 0.0799 | Val Acc: 0.9779 | Time: 9.97s
2025-03-05 02:39:50,854 - INFO - P2 (Round 9) - Epoch 2/10 | Loss: 0.0756 | Acc: 0.9779 | Val Loss: 0.0742 | Val Acc: 0.9786 | Time: 10.37s
2025-03-05 02:40:03,336 - INFO - P2 (Round 9) - Epoch 3/10 | Loss: 0.0723 | Acc: 0.9787 | Val Loss: 0.0737 | Val Acc: 0.9786 | Time: 12.48s
2025-03-05 02:40:16,538 - INFO - P2 (Round 9) - Epoch 4/10 | Loss: 0.0706 | Acc: 0.9791 | Val Loss: 0.0702 | Val Acc: 0.9795 | Time: 13.20s
2025-03-05 02:40:27,292 - INFO - P2 (Round 9) - Epoch 5/10 | Loss: 0.0698 | Acc: 0.9792 | Val Loss: 0.0711 | Val Acc: 0.9793 | Time: 10.75s
2025-03-05 02:40:37,386 - INFO - P2 (Round 9) - Epoch 6/10 | Loss: 0.0689 | Acc: 0.9795 | Val Loss: 0.0691 | Val Acc: 0.9804 | Time: 10.09s
2025-03-05 02:40:47,269 - INFO - P2 (Round 9) - Epoch 7/10 | Loss: 0.0683 | Acc: 0.9795 | Val Loss: 0.0696 | Val Acc: 0.9793 | Time: 9.88s
2025-03-05 02:40:57,123 - INFO - P2 (Round 9) - Epoch 8/10 | Loss: 0.0679 | Acc: 0.9797 | Val Loss: 0.0687 | Val Acc: 0.9799 | Time: 9.85s
2025-03-05 02:41:07,342 - INFO - P2 (Round 9) - Epoch 9/10 | Loss: 0.0675 | Acc: 0.9798 | Val Loss: 0.0687 | Val Acc: 0.9799 | Time: 10.22s
2025-03-05 02:41:17,755 - INFO - P2 (Round 9) - Epoch 10/10 | Loss: 0.0670 | Acc: 0.9799 | Val Loss: 0.0688 | Val Acc: 0.9796 | Time: 10.41s
2025-03-05 02:41:20,694 - INFO - Round 9 completed in 215.09s
2025-03-05 02:41:20,694 - INFO - Global Model - P1 Test: Loss = 2.5592, Accuracy = 0.5204
2025-03-05 02:41:20,694 - INFO - Global Model - P2 Test: Loss = 6.0017, Accuracy = 0.5118
2025-03-05 02:41:31,986 - INFO - P1 (Round 10) - Epoch 1/10 | Loss: 0.2066 | Acc: 0.9289 | Val Loss: 0.1781 | Val Acc: 0.9378 | Time: 11.29s
2025-03-05 02:41:41,959 - INFO - P1 (Round 10) - Epoch 2/10 | Loss: 0.1742 | Acc: 0.9376 | Val Loss: 0.1725 | Val Acc: 0.9402 | Time: 9.97s
2025-03-05 02:41:52,006 - INFO - P1 (Round 10) - Epoch 3/10 | Loss: 0.1666 | Acc: 0.9405 | Val Loss: 0.1622 | Val Acc: 0.9430 | Time: 10.05s
2025-03-05 02:42:02,657 - INFO - P1 (Round 10) - Epoch 4/10 | Loss: 0.1605 | Acc: 0.9422 | Val Loss: 0.1620 | Val Acc: 0.9429 | Time: 10.65s
2025-03-05 02:42:12,998 - INFO - P1 (Round 10) - Epoch 5/10 | Loss: 0.1589 | Acc: 0.9425 | Val Loss: 0.1585 | Val Acc: 0.9434 | Time: 10.34s
2025-03-05 02:42:23,245 - INFO - P1 (Round 10) - Epoch 6/10 | Loss: 0.1578 | Acc: 0.9425 | Val Loss: 0.1566 | Val Acc: 0.9436 | Time: 10.25s
2025-03-05 02:42:34,697 - INFO - P1 (Round 10) - Epoch 7/10 | Loss: 0.1570 | Acc: 0.9427 | Val Loss: 0.1640 | Val Acc: 0.9425 | Time: 11.45s
2025-03-05 02:42:45,357 - INFO - P1 (Round 10) - Epoch 8/10 | Loss: 0.1562 | Acc: 0.9430 | Val Loss: 0.1578 | Val Acc: 0.9425 | Time: 10.66s
2025-03-05 02:42:55,252 - INFO - P1 (Round 10) - Epoch 9/10 | Loss: 0.1557 | Acc: 0.9428 | Val Loss: 0.1576 | Val Acc: 0.9444 | Time: 9.89s
2025-03-05 02:43:05,397 - INFO - P1 (Round 10) - Epoch 10/10 | Loss: 0.1552 | Acc: 0.9431 | Val Loss: 0.1558 | Val Acc: 0.9418 | Time: 10.15s
2025-03-05 02:43:15,610 - INFO - P2 (Round 10) - Epoch 1/10 | Loss: 0.1054 | Acc: 0.9721 | Val Loss: 0.0786 | Val Acc: 0.9769 | Time: 10.21s
2025-03-05 02:43:25,642 - INFO - P2 (Round 10) - Epoch 2/10 | Loss: 0.0729 | Acc: 0.9784 | Val Loss: 0.0718 | Val Acc: 0.9792 | Time: 10.03s
2025-03-05 02:43:35,927 - INFO - P2 (Round 10) - Epoch 3/10 | Loss: 0.0698 | Acc: 0.9791 | Val Loss: 0.0696 | Val Acc: 0.9793 | Time: 10.28s
2025-03-05 02:43:48,236 - INFO - P2 (Round 10) - Epoch 4/10 | Loss: 0.0683 | Acc: 0.9795 | Val Loss: 0.0686 | Val Acc: 0.9800 | Time: 12.31s
2025-03-05 02:43:58,664 - INFO - P2 (Round 10) - Epoch 5/10 | Loss: 0.0673 | Acc: 0.9797 | Val Loss: 0.0701 | Val Acc: 0.9790 | Time: 10.43s
2025-03-05 02:44:08,674 - INFO - P2 (Round 10) - Epoch 6/10 | Loss: 0.0668 | Acc: 0.9800 | Val Loss: 0.0672 | Val Acc: 0.9800 | Time: 10.01s
2025-03-05 02:44:19,207 - INFO - P2 (Round 10) - Epoch 7/10 | Loss: 0.0662 | Acc: 0.9801 | Val Loss: 0.0678 | Val Acc: 0.9800 | Time: 10.53s
2025-03-05 02:44:28,978 - INFO - P2 (Round 10) - Epoch 8/10 | Loss: 0.0659 | Acc: 0.9800 | Val Loss: 0.0663 | Val Acc: 0.9804 | Time: 9.77s
2025-03-05 02:44:39,283 - INFO - P2 (Round 10) - Epoch 9/10 | Loss: 0.0654 | Acc: 0.9802 | Val Loss: 0.0675 | Val Acc: 0.9799 | Time: 10.30s
2025-03-05 02:44:49,348 - INFO - P2 (Round 10) - Epoch 10/10 | Loss: 0.0653 | Acc: 0.9803 | Val Loss: 0.0677 | Val Acc: 0.9800 | Time: 10.06s
2025-03-05 02:44:52,074 - INFO - Round 10 completed in 211.38s
2025-03-05 02:44:52,075 - INFO - Global Model - P1 Test: Loss = 3.2348, Accuracy = 0.4859
2025-03-05 02:44:52,075 - INFO - Global Model - P2 Test: Loss = 6.7706, Accuracy = 0.4809
2025-03-05 02:44:54,920 - INFO - Final Results after 10 rounds:
2025-03-05 02:44:54,920 - INFO - Global Model - P1 Test: Loss = 3.2348, Accuracy = 0.4859
2025-03-05 02:44:54,920 - INFO - Global Model - P2 Test: Loss = 6.7706, Accuracy = 0.4809
2025-03-05 02:44:54,930 - INFO - Experiment 130 results saved to results/suppression_experiments/exp_130_p1f5_p2f11.json
