2025-03-05 04:36:16,049 - INFO - Starting Suppression Experiment 164
2025-03-05 04:36:16,049 - INFO - P1 Features (3/14): ['protocol', 'bidirectional_min_ps', 'bidirectional_mean_ps']
2025-03-05 04:36:16,049 - INFO - P2 Features (5/14): ['protocol', 'bidirectional_min_ps', 'bidirectional_mean_ps', 'bidirectional_stddev_ps', 'bidirectional_max_ps']
2025-03-05 04:36:26,755 - INFO - P1 (Round 1) - Epoch 1/10 | Loss: 0.7959 | Acc: 0.6955 | Val Loss: 0.6380 | Val Acc: 0.7567 | Time: 10.65s
2025-03-05 04:36:38,649 - INFO - P1 (Round 1) - Epoch 2/10 | Loss: 0.6136 | Acc: 0.7614 | Val Loss: 0.6014 | Val Acc: 0.7630 | Time: 11.89s
2025-03-05 04:36:49,451 - INFO - P1 (Round 1) - Epoch 3/10 | Loss: 0.5913 | Acc: 0.7665 | Val Loss: 0.5843 | Val Acc: 0.7681 | Time: 10.80s
2025-03-05 04:37:00,248 - INFO - P1 (Round 1) - Epoch 4/10 | Loss: 0.5791 | Acc: 0.7694 | Val Loss: 0.5759 | Val Acc: 0.7689 | Time: 10.80s
2025-03-05 04:37:11,010 - INFO - P1 (Round 1) - Epoch 5/10 | Loss: 0.5733 | Acc: 0.7710 | Val Loss: 0.5726 | Val Acc: 0.7743 | Time: 10.76s
2025-03-05 04:37:21,802 - INFO - P1 (Round 1) - Epoch 6/10 | Loss: 0.5695 | Acc: 0.7720 | Val Loss: 0.5714 | Val Acc: 0.7714 | Time: 10.79s
2025-03-05 04:37:32,636 - INFO - P1 (Round 1) - Epoch 7/10 | Loss: 0.5663 | Acc: 0.7727 | Val Loss: 0.5659 | Val Acc: 0.7743 | Time: 10.83s
2025-03-05 04:37:43,967 - INFO - P1 (Round 1) - Epoch 8/10 | Loss: 0.5633 | Acc: 0.7733 | Val Loss: 0.5623 | Val Acc: 0.7738 | Time: 11.33s
2025-03-05 04:37:55,136 - INFO - P1 (Round 1) - Epoch 9/10 | Loss: 0.5605 | Acc: 0.7736 | Val Loss: 0.5600 | Val Acc: 0.7766 | Time: 11.17s
2025-03-05 04:38:05,752 - INFO - P1 (Round 1) - Epoch 10/10 | Loss: 0.5582 | Acc: 0.7742 | Val Loss: 0.5572 | Val Acc: 0.7741 | Time: 10.62s
2025-03-05 04:38:16,576 - INFO - P2 (Round 1) - Epoch 1/10 | Loss: 0.6067 | Acc: 0.7700 | Val Loss: 0.4317 | Val Acc: 0.8318 | Time: 10.82s
2025-03-05 04:38:27,163 - INFO - P2 (Round 1) - Epoch 2/10 | Loss: 0.3436 | Acc: 0.8701 | Val Loss: 0.2819 | Val Acc: 0.8958 | Time: 10.59s
2025-03-05 04:38:37,987 - INFO - P2 (Round 1) - Epoch 3/10 | Loss: 0.2578 | Acc: 0.9080 | Val Loss: 0.2409 | Val Acc: 0.9129 | Time: 10.82s
2025-03-05 04:38:48,476 - INFO - P2 (Round 1) - Epoch 4/10 | Loss: 0.2299 | Acc: 0.9176 | Val Loss: 0.2217 | Val Acc: 0.9224 | Time: 10.49s
2025-03-05 04:39:00,279 - INFO - P2 (Round 1) - Epoch 5/10 | Loss: 0.2165 | Acc: 0.9235 | Val Loss: 0.2140 | Val Acc: 0.9229 | Time: 11.80s
2025-03-05 04:39:10,966 - INFO - P2 (Round 1) - Epoch 6/10 | Loss: 0.2087 | Acc: 0.9269 | Val Loss: 0.2063 | Val Acc: 0.9283 | Time: 10.69s
2025-03-05 04:39:21,597 - INFO - P2 (Round 1) - Epoch 7/10 | Loss: 0.2032 | Acc: 0.9287 | Val Loss: 0.2013 | Val Acc: 0.9285 | Time: 10.63s
2025-03-05 04:39:32,117 - INFO - P2 (Round 1) - Epoch 8/10 | Loss: 0.1990 | Acc: 0.9301 | Val Loss: 0.1980 | Val Acc: 0.9307 | Time: 10.52s
2025-03-05 04:39:42,826 - INFO - P2 (Round 1) - Epoch 9/10 | Loss: 0.1956 | Acc: 0.9317 | Val Loss: 0.1969 | Val Acc: 0.9302 | Time: 10.71s
2025-03-05 04:39:53,560 - INFO - P2 (Round 1) - Epoch 10/10 | Loss: 0.1924 | Acc: 0.9334 | Val Loss: 0.1923 | Val Acc: 0.9347 | Time: 10.73s
2025-03-05 04:39:56,128 - INFO - Round 1 completed in 220.03s
2025-03-05 04:39:56,128 - INFO - Global Model - P1 Test: Loss = 6.5780, Accuracy = 0.3482
2025-03-05 04:39:56,128 - INFO - Global Model - P2 Test: Loss = 7.4040, Accuracy = 0.3158
2025-03-05 04:40:07,576 - INFO - P1 (Round 2) - Epoch 1/10 | Loss: 0.7643 | Acc: 0.7245 | Val Loss: 0.6116 | Val Acc: 0.7717 | Time: 11.45s
2025-03-05 04:40:18,703 - INFO - P1 (Round 2) - Epoch 2/10 | Loss: 0.5941 | Acc: 0.7674 | Val Loss: 0.5885 | Val Acc: 0.7704 | Time: 11.13s
2025-03-05 04:40:29,455 - INFO - P1 (Round 2) - Epoch 3/10 | Loss: 0.5799 | Acc: 0.7717 | Val Loss: 0.5777 | Val Acc: 0.7712 | Time: 10.75s
2025-03-05 04:40:39,948 - INFO - P1 (Round 2) - Epoch 4/10 | Loss: 0.5741 | Acc: 0.7728 | Val Loss: 0.5720 | Val Acc: 0.7748 | Time: 10.49s
2025-03-05 04:40:50,501 - INFO - P1 (Round 2) - Epoch 5/10 | Loss: 0.5700 | Acc: 0.7732 | Val Loss: 0.5718 | Val Acc: 0.7695 | Time: 10.55s
2025-03-05 04:41:01,979 - INFO - P1 (Round 2) - Epoch 6/10 | Loss: 0.5663 | Acc: 0.7736 | Val Loss: 0.5632 | Val Acc: 0.7740 | Time: 11.48s
2025-03-05 04:41:13,978 - INFO - P1 (Round 2) - Epoch 7/10 | Loss: 0.5616 | Acc: 0.7745 | Val Loss: 0.5637 | Val Acc: 0.7751 | Time: 12.00s
2025-03-05 04:41:25,685 - INFO - P1 (Round 2) - Epoch 8/10 | Loss: 0.5569 | Acc: 0.7755 | Val Loss: 0.5539 | Val Acc: 0.7754 | Time: 11.71s
2025-03-05 04:41:36,507 - INFO - P1 (Round 2) - Epoch 9/10 | Loss: 0.5530 | Acc: 0.7765 | Val Loss: 0.5521 | Val Acc: 0.7793 | Time: 10.82s
2025-03-05 04:41:47,175 - INFO - P1 (Round 2) - Epoch 10/10 | Loss: 0.5494 | Acc: 0.7787 | Val Loss: 0.5470 | Val Acc: 0.7806 | Time: 10.67s
2025-03-05 04:41:57,995 - INFO - P2 (Round 2) - Epoch 1/10 | Loss: 0.4236 | Acc: 0.8667 | Val Loss: 0.2782 | Val Acc: 0.9012 | Time: 10.82s
2025-03-05 04:42:08,349 - INFO - P2 (Round 2) - Epoch 2/10 | Loss: 0.2567 | Acc: 0.9098 | Val Loss: 0.2482 | Val Acc: 0.9108 | Time: 10.35s
2025-03-05 04:42:19,227 - INFO - P2 (Round 2) - Epoch 3/10 | Loss: 0.2317 | Acc: 0.9199 | Val Loss: 0.2248 | Val Acc: 0.9245 | Time: 10.88s
2025-03-05 04:42:30,784 - INFO - P2 (Round 2) - Epoch 4/10 | Loss: 0.2181 | Acc: 0.9254 | Val Loss: 0.2163 | Val Acc: 0.9270 | Time: 11.56s
2025-03-05 04:42:41,886 - INFO - P2 (Round 2) - Epoch 5/10 | Loss: 0.2096 | Acc: 0.9280 | Val Loss: 0.2071 | Val Acc: 0.9307 | Time: 11.10s
2025-03-05 04:42:52,439 - INFO - P2 (Round 2) - Epoch 6/10 | Loss: 0.2025 | Acc: 0.9310 | Val Loss: 0.2008 | Val Acc: 0.9321 | Time: 10.55s
2025-03-05 04:43:03,246 - INFO - P2 (Round 2) - Epoch 7/10 | Loss: 0.1968 | Acc: 0.9336 | Val Loss: 0.1973 | Val Acc: 0.9339 | Time: 10.81s
2025-03-05 04:43:13,726 - INFO - P2 (Round 2) - Epoch 8/10 | Loss: 0.1926 | Acc: 0.9349 | Val Loss: 0.1913 | Val Acc: 0.9351 | Time: 10.48s
2025-03-05 04:43:24,533 - INFO - P2 (Round 2) - Epoch 9/10 | Loss: 0.1890 | Acc: 0.9361 | Val Loss: 0.1889 | Val Acc: 0.9369 | Time: 10.81s
2025-03-05 04:43:35,426 - INFO - P2 (Round 2) - Epoch 10/10 | Loss: 0.1859 | Acc: 0.9370 | Val Loss: 0.1883 | Val Acc: 0.9368 | Time: 10.89s
2025-03-05 04:43:38,057 - INFO - Round 2 completed in 221.93s
2025-03-05 04:43:38,057 - INFO - Global Model - P1 Test: Loss = 2.4561, Accuracy = 0.5748
2025-03-05 04:43:38,057 - INFO - Global Model - P2 Test: Loss = 3.7724, Accuracy = 0.5258
2025-03-05 04:43:49,387 - INFO - P1 (Round 3) - Epoch 1/10 | Loss: 0.5988 | Acc: 0.7657 | Val Loss: 0.5692 | Val Acc: 0.7757 | Time: 11.33s
2025-03-05 04:44:00,038 - INFO - P1 (Round 3) - Epoch 2/10 | Loss: 0.5648 | Acc: 0.7751 | Val Loss: 0.5653 | Val Acc: 0.7709 | Time: 10.65s
2025-03-05 04:44:10,743 - INFO - P1 (Round 3) - Epoch 3/10 | Loss: 0.5587 | Acc: 0.7760 | Val Loss: 0.5550 | Val Acc: 0.7777 | Time: 10.70s
2025-03-05 04:44:21,487 - INFO - P1 (Round 3) - Epoch 4/10 | Loss: 0.5544 | Acc: 0.7775 | Val Loss: 0.5540 | Val Acc: 0.7806 | Time: 10.74s
2025-03-05 04:44:32,110 - INFO - P1 (Round 3) - Epoch 5/10 | Loss: 0.5513 | Acc: 0.7782 | Val Loss: 0.5518 | Val Acc: 0.7795 | Time: 10.62s
2025-03-05 04:44:42,650 - INFO - P1 (Round 3) - Epoch 6/10 | Loss: 0.5495 | Acc: 0.7787 | Val Loss: 0.5501 | Val Acc: 0.7790 | Time: 10.54s
2025-03-05 04:44:54,317 - INFO - P1 (Round 3) - Epoch 7/10 | Loss: 0.5479 | Acc: 0.7791 | Val Loss: 0.5464 | Val Acc: 0.7785 | Time: 11.67s
2025-03-05 04:45:05,330 - INFO - P1 (Round 3) - Epoch 8/10 | Loss: 0.5468 | Acc: 0.7793 | Val Loss: 0.5463 | Val Acc: 0.7812 | Time: 11.01s
2025-03-05 04:45:16,115 - INFO - P1 (Round 3) - Epoch 9/10 | Loss: 0.5456 | Acc: 0.7795 | Val Loss: 0.5462 | Val Acc: 0.7816 | Time: 10.78s
2025-03-05 04:45:26,642 - INFO - P1 (Round 3) - Epoch 10/10 | Loss: 0.5451 | Acc: 0.7794 | Val Loss: 0.5442 | Val Acc: 0.7808 | Time: 10.53s
2025-03-05 04:45:37,269 - INFO - P2 (Round 3) - Epoch 1/10 | Loss: 0.2758 | Acc: 0.9088 | Val Loss: 0.2155 | Val Acc: 0.9284 | Time: 10.63s
2025-03-05 04:45:47,842 - INFO - P2 (Round 3) - Epoch 2/10 | Loss: 0.2052 | Acc: 0.9316 | Val Loss: 0.2018 | Val Acc: 0.9321 | Time: 10.57s
2025-03-05 04:45:58,811 - INFO - P2 (Round 3) - Epoch 3/10 | Loss: 0.1951 | Acc: 0.9346 | Val Loss: 0.1941 | Val Acc: 0.9355 | Time: 10.97s
2025-03-05 04:46:10,496 - INFO - P2 (Round 3) - Epoch 4/10 | Loss: 0.1891 | Acc: 0.9358 | Val Loss: 0.1872 | Val Acc: 0.9366 | Time: 11.68s
2025-03-05 04:46:21,072 - INFO - P2 (Round 3) - Epoch 5/10 | Loss: 0.1843 | Acc: 0.9371 | Val Loss: 0.1863 | Val Acc: 0.9366 | Time: 10.58s
2025-03-05 04:46:31,788 - INFO - P2 (Round 3) - Epoch 6/10 | Loss: 0.1809 | Acc: 0.9379 | Val Loss: 0.1819 | Val Acc: 0.9383 | Time: 10.71s
2025-03-05 04:46:42,525 - INFO - P2 (Round 3) - Epoch 7/10 | Loss: 0.1787 | Acc: 0.9385 | Val Loss: 0.1799 | Val Acc: 0.9380 | Time: 10.74s
2025-03-05 04:46:53,213 - INFO - P2 (Round 3) - Epoch 8/10 | Loss: 0.1770 | Acc: 0.9388 | Val Loss: 0.1799 | Val Acc: 0.9394 | Time: 10.69s
2025-03-05 04:47:03,778 - INFO - P2 (Round 3) - Epoch 9/10 | Loss: 0.1752 | Acc: 0.9391 | Val Loss: 0.1761 | Val Acc: 0.9381 | Time: 10.56s
2025-03-05 04:47:15,020 - INFO - P2 (Round 3) - Epoch 10/10 | Loss: 0.1739 | Acc: 0.9392 | Val Loss: 0.1745 | Val Acc: 0.9391 | Time: 11.24s
2025-03-05 04:47:17,496 - INFO - Round 3 completed in 219.44s
2025-03-05 04:47:17,496 - INFO - Global Model - P1 Test: Loss = 5.3025, Accuracy = 0.5475
2025-03-05 04:47:17,496 - INFO - Global Model - P2 Test: Loss = 1.9782, Accuracy = 0.5684
2025-03-05 04:47:28,350 - INFO - P1 (Round 4) - Epoch 1/10 | Loss: 0.6155 | Acc: 0.7605 | Val Loss: 0.5653 | Val Acc: 0.7752 | Time: 10.85s
2025-03-05 04:47:39,064 - INFO - P1 (Round 4) - Epoch 2/10 | Loss: 0.5581 | Acc: 0.7757 | Val Loss: 0.5589 | Val Acc: 0.7759 | Time: 10.71s
2025-03-05 04:47:49,583 - INFO - P1 (Round 4) - Epoch 3/10 | Loss: 0.5533 | Acc: 0.7764 | Val Loss: 0.5533 | Val Acc: 0.7783 | Time: 10.52s
2025-03-05 04:48:00,155 - INFO - P1 (Round 4) - Epoch 4/10 | Loss: 0.5513 | Acc: 0.7765 | Val Loss: 0.5520 | Val Acc: 0.7785 | Time: 10.57s
2025-03-05 04:48:10,792 - INFO - P1 (Round 4) - Epoch 5/10 | Loss: 0.5498 | Acc: 0.7769 | Val Loss: 0.5527 | Val Acc: 0.7773 | Time: 10.64s
2025-03-05 04:48:21,870 - INFO - P1 (Round 4) - Epoch 6/10 | Loss: 0.5484 | Acc: 0.7772 | Val Loss: 0.5471 | Val Acc: 0.7785 | Time: 11.08s
2025-03-05 04:48:33,655 - INFO - P1 (Round 4) - Epoch 7/10 | Loss: 0.5475 | Acc: 0.7777 | Val Loss: 0.5475 | Val Acc: 0.7781 | Time: 11.78s
2025-03-05 04:48:44,420 - INFO - P1 (Round 4) - Epoch 8/10 | Loss: 0.5466 | Acc: 0.7777 | Val Loss: 0.5498 | Val Acc: 0.7778 | Time: 10.76s
2025-03-05 04:48:54,945 - INFO - P1 (Round 4) - Epoch 9/10 | Loss: 0.5459 | Acc: 0.7781 | Val Loss: 0.5449 | Val Acc: 0.7778 | Time: 10.52s
2025-03-05 04:49:05,951 - INFO - P1 (Round 4) - Epoch 10/10 | Loss: 0.5452 | Acc: 0.7783 | Val Loss: 0.5452 | Val Acc: 0.7806 | Time: 11.01s
2025-03-05 04:49:16,541 - INFO - P2 (Round 4) - Epoch 1/10 | Loss: 0.2168 | Acc: 0.9267 | Val Loss: 0.1924 | Val Acc: 0.9337 | Time: 10.59s
2025-03-05 04:49:27,245 - INFO - P2 (Round 4) - Epoch 2/10 | Loss: 0.1849 | Acc: 0.9369 | Val Loss: 0.1825 | Val Acc: 0.9365 | Time: 10.70s
2025-03-05 04:49:39,328 - INFO - P2 (Round 4) - Epoch 3/10 | Loss: 0.1789 | Acc: 0.9381 | Val Loss: 0.1799 | Val Acc: 0.9381 | Time: 12.08s
2025-03-05 04:49:50,438 - INFO - P2 (Round 4) - Epoch 4/10 | Loss: 0.1762 | Acc: 0.9387 | Val Loss: 0.1806 | Val Acc: 0.9383 | Time: 11.11s
2025-03-05 04:50:01,002 - INFO - P2 (Round 4) - Epoch 5/10 | Loss: 0.1742 | Acc: 0.9393 | Val Loss: 0.1758 | Val Acc: 0.9381 | Time: 10.56s
2025-03-05 04:50:11,694 - INFO - P2 (Round 4) - Epoch 6/10 | Loss: 0.1725 | Acc: 0.9397 | Val Loss: 0.1750 | Val Acc: 0.9388 | Time: 10.69s
2025-03-05 04:50:22,565 - INFO - P2 (Round 4) - Epoch 7/10 | Loss: 0.1711 | Acc: 0.9400 | Val Loss: 0.1742 | Val Acc: 0.9400 | Time: 10.87s
2025-03-05 04:50:33,022 - INFO - P2 (Round 4) - Epoch 8/10 | Loss: 0.1699 | Acc: 0.9404 | Val Loss: 0.1713 | Val Acc: 0.9404 | Time: 10.46s
2025-03-05 04:50:43,623 - INFO - P2 (Round 4) - Epoch 9/10 | Loss: 0.1687 | Acc: 0.9407 | Val Loss: 0.1715 | Val Acc: 0.9385 | Time: 10.60s
2025-03-05 04:50:55,060 - INFO - P2 (Round 4) - Epoch 10/10 | Loss: 0.1678 | Acc: 0.9408 | Val Loss: 0.1700 | Val Acc: 0.9428 | Time: 11.44s
2025-03-05 04:50:57,323 - INFO - Round 4 completed in 219.83s
2025-03-05 04:50:57,323 - INFO - Global Model - P1 Test: Loss = 6.0650, Accuracy = 0.5837
2025-03-05 04:50:57,323 - INFO - Global Model - P2 Test: Loss = 6.5786, Accuracy = 0.6752
2025-03-05 04:51:08,185 - INFO - P1 (Round 5) - Epoch 1/10 | Loss: 0.6008 | Acc: 0.7713 | Val Loss: 0.5594 | Val Acc: 0.7745 | Time: 10.86s
2025-03-05 04:51:19,009 - INFO - P1 (Round 5) - Epoch 2/10 | Loss: 0.5548 | Acc: 0.7775 | Val Loss: 0.5509 | Val Acc: 0.7792 | Time: 10.82s
2025-03-05 04:51:29,472 - INFO - P1 (Round 5) - Epoch 3/10 | Loss: 0.5513 | Acc: 0.7771 | Val Loss: 0.5488 | Val Acc: 0.7775 | Time: 10.46s
2025-03-05 04:51:39,968 - INFO - P1 (Round 5) - Epoch 4/10 | Loss: 0.5498 | Acc: 0.7772 | Val Loss: 0.5480 | Val Acc: 0.7805 | Time: 10.50s
2025-03-05 04:51:50,856 - INFO - P1 (Round 5) - Epoch 5/10 | Loss: 0.5481 | Acc: 0.7776 | Val Loss: 0.5481 | Val Acc: 0.7789 | Time: 10.89s
2025-03-05 04:52:02,434 - INFO - P1 (Round 5) - Epoch 6/10 | Loss: 0.5470 | Acc: 0.7776 | Val Loss: 0.5488 | Val Acc: 0.7777 | Time: 11.58s
2025-03-05 04:52:13,212 - INFO - P1 (Round 5) - Epoch 7/10 | Loss: 0.5461 | Acc: 0.7778 | Val Loss: 0.5451 | Val Acc: 0.7775 | Time: 10.78s
2025-03-05 04:52:23,925 - INFO - P1 (Round 5) - Epoch 8/10 | Loss: 0.5448 | Acc: 0.7783 | Val Loss: 0.5480 | Val Acc: 0.7787 | Time: 10.71s
2025-03-05 04:52:34,804 - INFO - P1 (Round 5) - Epoch 9/10 | Loss: 0.5441 | Acc: 0.7785 | Val Loss: 0.5452 | Val Acc: 0.7774 | Time: 10.88s
2025-03-05 04:52:45,370 - INFO - P1 (Round 5) - Epoch 10/10 | Loss: 0.5433 | Acc: 0.7787 | Val Loss: 0.5464 | Val Acc: 0.7786 | Time: 10.57s
2025-03-05 04:52:56,039 - INFO - P2 (Round 5) - Epoch 1/10 | Loss: 0.2441 | Acc: 0.9294 | Val Loss: 0.1848 | Val Acc: 0.9386 | Time: 10.67s
2025-03-05 04:53:06,951 - INFO - P2 (Round 5) - Epoch 2/10 | Loss: 0.1792 | Acc: 0.9389 | Val Loss: 0.1775 | Val Acc: 0.9396 | Time: 10.91s
2025-03-05 04:53:18,470 - INFO - P2 (Round 5) - Epoch 3/10 | Loss: 0.1746 | Acc: 0.9395 | Val Loss: 0.1782 | Val Acc: 0.9372 | Time: 11.52s
2025-03-05 04:53:28,988 - INFO - P2 (Round 5) - Epoch 4/10 | Loss: 0.1716 | Acc: 0.9398 | Val Loss: 0.1754 | Val Acc: 0.9372 | Time: 10.52s
2025-03-05 04:53:39,651 - INFO - P2 (Round 5) - Epoch 5/10 | Loss: 0.1693 | Acc: 0.9402 | Val Loss: 0.1698 | Val Acc: 0.9396 | Time: 10.66s
2025-03-05 04:53:50,268 - INFO - P2 (Round 5) - Epoch 6/10 | Loss: 0.1680 | Acc: 0.9405 | Val Loss: 0.1688 | Val Acc: 0.9403 | Time: 10.62s
2025-03-05 04:54:01,048 - INFO - P2 (Round 5) - Epoch 7/10 | Loss: 0.1667 | Acc: 0.9410 | Val Loss: 0.1708 | Val Acc: 0.9403 | Time: 10.78s
2025-03-05 04:54:11,526 - INFO - P2 (Round 5) - Epoch 8/10 | Loss: 0.1659 | Acc: 0.9412 | Val Loss: 0.1681 | Val Acc: 0.9408 | Time: 10.48s
2025-03-05 04:54:22,898 - INFO - P2 (Round 5) - Epoch 9/10 | Loss: 0.1652 | Acc: 0.9414 | Val Loss: 0.1669 | Val Acc: 0.9403 | Time: 11.37s
2025-03-05 04:54:34,083 - INFO - P2 (Round 5) - Epoch 10/10 | Loss: 0.1642 | Acc: 0.9420 | Val Loss: 0.1670 | Val Acc: 0.9396 | Time: 11.18s
2025-03-05 04:54:36,377 - INFO - Round 5 completed in 219.05s
2025-03-05 04:54:36,377 - INFO - Global Model - P1 Test: Loss = 6.6048, Accuracy = 0.5479
2025-03-05 04:54:36,377 - INFO - Global Model - P2 Test: Loss = 6.0099, Accuracy = 0.5615
2025-03-05 04:54:47,133 - INFO - P1 (Round 6) - Epoch 1/10 | Loss: 0.6212 | Acc: 0.7673 | Val Loss: 0.5773 | Val Acc: 0.7774 | Time: 10.76s
2025-03-05 04:54:57,406 - INFO - P1 (Round 6) - Epoch 2/10 | Loss: 0.5674 | Acc: 0.7771 | Val Loss: 0.5636 | Val Acc: 0.7748 | Time: 10.27s
2025-03-05 04:55:08,131 - INFO - P1 (Round 6) - Epoch 3/10 | Loss: 0.5583 | Acc: 0.7777 | Val Loss: 0.5540 | Val Acc: 0.7770 | Time: 10.72s
2025-03-05 04:55:18,723 - INFO - P1 (Round 6) - Epoch 4/10 | Loss: 0.5518 | Acc: 0.7779 | Val Loss: 0.5502 | Val Acc: 0.7775 | Time: 10.59s
2025-03-05 04:55:29,412 - INFO - P1 (Round 6) - Epoch 5/10 | Loss: 0.5487 | Acc: 0.7780 | Val Loss: 0.5474 | Val Acc: 0.7793 | Time: 10.69s
2025-03-05 04:55:41,012 - INFO - P1 (Round 6) - Epoch 6/10 | Loss: 0.5468 | Acc: 0.7782 | Val Loss: 0.5505 | Val Acc: 0.7766 | Time: 11.60s
2025-03-05 04:55:51,741 - INFO - P1 (Round 6) - Epoch 7/10 | Loss: 0.5455 | Acc: 0.7785 | Val Loss: 0.5454 | Val Acc: 0.7795 | Time: 10.73s
2025-03-05 04:56:02,658 - INFO - P1 (Round 6) - Epoch 8/10 | Loss: 0.5442 | Acc: 0.7785 | Val Loss: 0.5514 | Val Acc: 0.7772 | Time: 10.92s
2025-03-05 04:56:13,096 - INFO - P1 (Round 6) - Epoch 9/10 | Loss: 0.5432 | Acc: 0.7791 | Val Loss: 0.5429 | Val Acc: 0.7785 | Time: 10.44s
2025-03-05 04:56:24,092 - INFO - P1 (Round 6) - Epoch 10/10 | Loss: 0.5429 | Acc: 0.7788 | Val Loss: 0.5482 | Val Acc: 0.7775 | Time: 10.99s
2025-03-05 04:56:34,854 - INFO - P2 (Round 6) - Epoch 1/10 | Loss: 0.2507 | Acc: 0.9223 | Val Loss: 0.1856 | Val Acc: 0.9371 | Time: 10.76s
2025-03-05 04:56:46,283 - INFO - P2 (Round 6) - Epoch 2/10 | Loss: 0.1773 | Acc: 0.9388 | Val Loss: 0.1773 | Val Acc: 0.9371 | Time: 11.43s
2025-03-05 04:56:57,620 - INFO - P2 (Round 6) - Epoch 3/10 | Loss: 0.1718 | Acc: 0.9395 | Val Loss: 0.1716 | Val Acc: 0.9398 | Time: 11.34s
2025-03-05 04:57:08,171 - INFO - P2 (Round 6) - Epoch 4/10 | Loss: 0.1688 | Acc: 0.9402 | Val Loss: 0.1714 | Val Acc: 0.9410 | Time: 10.55s
2025-03-05 04:57:18,727 - INFO - P2 (Round 6) - Epoch 5/10 | Loss: 0.1672 | Acc: 0.9410 | Val Loss: 0.1716 | Val Acc: 0.9389 | Time: 10.56s
2025-03-05 04:57:29,232 - INFO - P2 (Round 6) - Epoch 6/10 | Loss: 0.1658 | Acc: 0.9416 | Val Loss: 0.1662 | Val Acc: 0.9422 | Time: 10.51s
2025-03-05 04:57:39,877 - INFO - P2 (Round 6) - Epoch 7/10 | Loss: 0.1647 | Acc: 0.9423 | Val Loss: 0.1670 | Val Acc: 0.9410 | Time: 10.64s
2025-03-05 04:57:50,466 - INFO - P2 (Round 6) - Epoch 8/10 | Loss: 0.1638 | Acc: 0.9425 | Val Loss: 0.1686 | Val Acc: 0.9402 | Time: 10.59s
2025-03-05 04:58:02,272 - INFO - P2 (Round 6) - Epoch 9/10 | Loss: 0.1632 | Acc: 0.9429 | Val Loss: 0.1665 | Val Acc: 0.9431 | Time: 11.81s
2025-03-05 04:58:13,004 - INFO - P2 (Round 6) - Epoch 10/10 | Loss: 0.1626 | Acc: 0.9430 | Val Loss: 0.1641 | Val Acc: 0.9421 | Time: 10.73s
2025-03-05 04:58:15,359 - INFO - Round 6 completed in 218.98s
2025-03-05 04:58:15,359 - INFO - Global Model - P1 Test: Loss = 6.6281, Accuracy = 0.4596
2025-03-05 04:58:15,359 - INFO - Global Model - P2 Test: Loss = 3.7015, Accuracy = 0.5956
2025-03-05 04:58:26,067 - INFO - P1 (Round 7) - Epoch 1/10 | Loss: 0.6077 | Acc: 0.7744 | Val Loss: 0.5556 | Val Acc: 0.7773 | Time: 10.71s
2025-03-05 04:58:37,222 - INFO - P1 (Round 7) - Epoch 2/10 | Loss: 0.5516 | Acc: 0.7782 | Val Loss: 0.5505 | Val Acc: 0.7776 | Time: 11.15s
2025-03-05 04:58:47,958 - INFO - P1 (Round 7) - Epoch 3/10 | Loss: 0.5478 | Acc: 0.7784 | Val Loss: 0.5471 | Val Acc: 0.7793 | Time: 10.74s
2025-03-05 04:58:58,770 - INFO - P1 (Round 7) - Epoch 4/10 | Loss: 0.5455 | Acc: 0.7785 | Val Loss: 0.5454 | Val Acc: 0.7787 | Time: 10.81s
2025-03-05 04:59:10,263 - INFO - P1 (Round 7) - Epoch 5/10 | Loss: 0.5443 | Acc: 0.7787 | Val Loss: 0.5441 | Val Acc: 0.7803 | Time: 11.49s
2025-03-05 04:59:21,318 - INFO - P1 (Round 7) - Epoch 6/10 | Loss: 0.5433 | Acc: 0.7790 | Val Loss: 0.5420 | Val Acc: 0.7784 | Time: 11.06s
2025-03-05 04:59:32,223 - INFO - P1 (Round 7) - Epoch 7/10 | Loss: 0.5427 | Acc: 0.7790 | Val Loss: 0.5432 | Val Acc: 0.7795 | Time: 10.90s
2025-03-05 04:59:42,874 - INFO - P1 (Round 7) - Epoch 8/10 | Loss: 0.5422 | Acc: 0.7791 | Val Loss: 0.5442 | Val Acc: 0.7799 | Time: 10.65s
2025-03-05 04:59:53,554 - INFO - P1 (Round 7) - Epoch 9/10 | Loss: 0.5414 | Acc: 0.7794 | Val Loss: 0.5419 | Val Acc: 0.7799 | Time: 10.68s
2025-03-05 05:00:04,263 - INFO - P1 (Round 7) - Epoch 10/10 | Loss: 0.5411 | Acc: 0.7795 | Val Loss: 0.5434 | Val Acc: 0.7790 | Time: 10.71s
2025-03-05 05:00:15,013 - INFO - P2 (Round 7) - Epoch 1/10 | Loss: 0.2212 | Acc: 0.9303 | Val Loss: 0.1812 | Val Acc: 0.9400 | Time: 10.75s
2025-03-05 05:00:26,797 - INFO - P2 (Round 7) - Epoch 2/10 | Loss: 0.1731 | Acc: 0.9407 | Val Loss: 0.1711 | Val Acc: 0.9419 | Time: 11.78s
2025-03-05 05:00:37,250 - INFO - P2 (Round 7) - Epoch 3/10 | Loss: 0.1676 | Acc: 0.9420 | Val Loss: 0.1678 | Val Acc: 0.9413 | Time: 10.45s
2025-03-05 05:00:48,010 - INFO - P2 (Round 7) - Epoch 4/10 | Loss: 0.1645 | Acc: 0.9431 | Val Loss: 0.1659 | Val Acc: 0.9430 | Time: 10.76s
2025-03-05 05:00:58,812 - INFO - P2 (Round 7) - Epoch 5/10 | Loss: 0.1636 | Acc: 0.9433 | Val Loss: 0.1666 | Val Acc: 0.9419 | Time: 10.80s
2025-03-05 05:01:09,342 - INFO - P2 (Round 7) - Epoch 6/10 | Loss: 0.1625 | Acc: 0.9437 | Val Loss: 0.1649 | Val Acc: 0.9434 | Time: 10.53s
2025-03-05 05:01:20,232 - INFO - P2 (Round 7) - Epoch 7/10 | Loss: 0.1619 | Acc: 0.9439 | Val Loss: 0.1643 | Val Acc: 0.9438 | Time: 10.89s
2025-03-05 05:01:31,443 - INFO - P2 (Round 7) - Epoch 8/10 | Loss: 0.1612 | Acc: 0.9440 | Val Loss: 0.1625 | Val Acc: 0.9413 | Time: 11.21s
2025-03-05 05:01:42,562 - INFO - P2 (Round 7) - Epoch 9/10 | Loss: 0.1607 | Acc: 0.9443 | Val Loss: 0.1624 | Val Acc: 0.9442 | Time: 11.12s
2025-03-05 05:01:53,300 - INFO - P2 (Round 7) - Epoch 10/10 | Loss: 0.1604 | Acc: 0.9443 | Val Loss: 0.1652 | Val Acc: 0.9409 | Time: 10.74s
2025-03-05 05:01:55,635 - INFO - Round 7 completed in 220.28s
2025-03-05 05:01:55,635 - INFO - Global Model - P1 Test: Loss = 7.0093, Accuracy = 0.4414
2025-03-05 05:01:55,635 - INFO - Global Model - P2 Test: Loss = 2.4221, Accuracy = 0.6558
2025-03-05 05:02:06,070 - INFO - P1 (Round 8) - Epoch 1/10 | Loss: 0.6172 | Acc: 0.7738 | Val Loss: 0.5531 | Val Acc: 0.7775 | Time: 10.43s
2025-03-05 05:02:16,512 - INFO - P1 (Round 8) - Epoch 2/10 | Loss: 0.5499 | Acc: 0.7786 | Val Loss: 0.5470 | Val Acc: 0.7794 | Time: 10.44s
2025-03-05 05:02:27,300 - INFO - P1 (Round 8) - Epoch 3/10 | Loss: 0.5462 | Acc: 0.7789 | Val Loss: 0.5452 | Val Acc: 0.7799 | Time: 10.79s
2025-03-05 05:02:37,918 - INFO - P1 (Round 8) - Epoch 4/10 | Loss: 0.5442 | Acc: 0.7788 | Val Loss: 0.5446 | Val Acc: 0.7785 | Time: 10.62s
2025-03-05 05:02:49,622 - INFO - P1 (Round 8) - Epoch 5/10 | Loss: 0.5432 | Acc: 0.7791 | Val Loss: 0.5461 | Val Acc: 0.7831 | Time: 11.70s
2025-03-05 05:03:00,331 - INFO - P1 (Round 8) - Epoch 6/10 | Loss: 0.5425 | Acc: 0.7792 | Val Loss: 0.5430 | Val Acc: 0.7780 | Time: 10.71s
2025-03-05 05:03:10,660 - INFO - P1 (Round 8) - Epoch 7/10 | Loss: 0.5421 | Acc: 0.7795 | Val Loss: 0.5424 | Val Acc: 0.7779 | Time: 10.33s
2025-03-05 05:03:21,459 - INFO - P1 (Round 8) - Epoch 8/10 | Loss: 0.5417 | Acc: 0.7795 | Val Loss: 0.5403 | Val Acc: 0.7823 | Time: 10.80s
2025-03-05 05:03:32,108 - INFO - P1 (Round 8) - Epoch 9/10 | Loss: 0.5414 | Acc: 0.7794 | Val Loss: 0.5419 | Val Acc: 0.7809 | Time: 10.65s
2025-03-05 05:03:42,816 - INFO - P1 (Round 8) - Epoch 10/10 | Loss: 0.5408 | Acc: 0.7793 | Val Loss: 0.5407 | Val Acc: 0.7779 | Time: 10.71s
2025-03-05 05:03:53,931 - INFO - P2 (Round 8) - Epoch 1/10 | Loss: 0.2119 | Acc: 0.9321 | Val Loss: 0.1742 | Val Acc: 0.9393 | Time: 11.11s
2025-03-05 05:04:05,377 - INFO - P2 (Round 8) - Epoch 2/10 | Loss: 0.1697 | Acc: 0.9411 | Val Loss: 0.1691 | Val Acc: 0.9418 | Time: 11.45s
2025-03-05 05:04:16,008 - INFO - P2 (Round 8) - Epoch 3/10 | Loss: 0.1660 | Acc: 0.9420 | Val Loss: 0.1659 | Val Acc: 0.9427 | Time: 10.63s
2025-03-05 05:04:26,834 - INFO - P2 (Round 8) - Epoch 4/10 | Loss: 0.1640 | Acc: 0.9427 | Val Loss: 0.1691 | Val Acc: 0.9411 | Time: 10.83s
2025-03-05 05:04:37,888 - INFO - P2 (Round 8) - Epoch 5/10 | Loss: 0.1627 | Acc: 0.9430 | Val Loss: 0.1662 | Val Acc: 0.9401 | Time: 11.05s
2025-03-05 05:04:51,062 - INFO - P2 (Round 8) - Epoch 6/10 | Loss: 0.1619 | Acc: 0.9434 | Val Loss: 0.1630 | Val Acc: 0.9439 | Time: 13.17s
2025-03-05 05:05:03,367 - INFO - P2 (Round 8) - Epoch 7/10 | Loss: 0.1612 | Acc: 0.9438 | Val Loss: 0.1653 | Val Acc: 0.9408 | Time: 12.30s
2025-03-05 05:05:15,378 - INFO - P2 (Round 8) - Epoch 8/10 | Loss: 0.1607 | Acc: 0.9440 | Val Loss: 0.1647 | Val Acc: 0.9441 | Time: 12.01s
2025-03-05 05:05:27,044 - INFO - P2 (Round 8) - Epoch 9/10 | Loss: 0.1602 | Acc: 0.9444 | Val Loss: 0.1612 | Val Acc: 0.9444 | Time: 11.67s
2025-03-05 05:05:37,693 - INFO - P2 (Round 8) - Epoch 10/10 | Loss: 0.1597 | Acc: 0.9444 | Val Loss: 0.1618 | Val Acc: 0.9439 | Time: 10.65s
2025-03-05 05:05:39,896 - INFO - Round 8 completed in 224.26s
2025-03-05 05:05:39,896 - INFO - Global Model - P1 Test: Loss = 7.8682, Accuracy = 0.4142
2025-03-05 05:05:39,896 - INFO - Global Model - P2 Test: Loss = 2.5489, Accuracy = 0.6392
2025-03-05 05:05:50,419 - INFO - P1 (Round 9) - Epoch 1/10 | Loss: 0.6215 | Acc: 0.7732 | Val Loss: 0.5516 | Val Acc: 0.7788 | Time: 10.52s
2025-03-05 05:06:00,855 - INFO - P1 (Round 9) - Epoch 2/10 | Loss: 0.5497 | Acc: 0.7788 | Val Loss: 0.5491 | Val Acc: 0.7807 | Time: 10.44s
2025-03-05 05:06:11,895 - INFO - P1 (Round 9) - Epoch 3/10 | Loss: 0.5460 | Acc: 0.7789 | Val Loss: 0.5444 | Val Acc: 0.7799 | Time: 11.04s
2025-03-05 05:06:23,461 - INFO - P1 (Round 9) - Epoch 4/10 | Loss: 0.5442 | Acc: 0.7792 | Val Loss: 0.5471 | Val Acc: 0.7781 | Time: 11.57s
2025-03-05 05:06:34,028 - INFO - P1 (Round 9) - Epoch 5/10 | Loss: 0.5433 | Acc: 0.7793 | Val Loss: 0.5406 | Val Acc: 0.7820 | Time: 10.57s
2025-03-05 05:06:44,656 - INFO - P1 (Round 9) - Epoch 6/10 | Loss: 0.5426 | Acc: 0.7793 | Val Loss: 0.5419 | Val Acc: 0.7789 | Time: 10.63s
2025-03-05 05:06:55,189 - INFO - P1 (Round 9) - Epoch 7/10 | Loss: 0.5420 | Acc: 0.7794 | Val Loss: 0.5443 | Val Acc: 0.7817 | Time: 10.53s
2025-03-05 05:07:05,659 - INFO - P1 (Round 9) - Epoch 8/10 | Loss: 0.5416 | Acc: 0.7794 | Val Loss: 0.5418 | Val Acc: 0.7823 | Time: 10.47s
2025-03-05 05:07:16,240 - INFO - P1 (Round 9) - Epoch 9/10 | Loss: 0.5411 | Acc: 0.7798 | Val Loss: 0.5425 | Val Acc: 0.7798 | Time: 10.58s
2025-03-05 05:07:27,419 - INFO - P1 (Round 9) - Epoch 10/10 | Loss: 0.5403 | Acc: 0.7799 | Val Loss: 0.5453 | Val Acc: 0.7783 | Time: 11.18s
2025-03-05 05:07:38,684 - INFO - P2 (Round 9) - Epoch 1/10 | Loss: 0.2071 | Acc: 0.9333 | Val Loss: 0.1749 | Val Acc: 0.9381 | Time: 11.27s
2025-03-05 05:07:49,213 - INFO - P2 (Round 9) - Epoch 2/10 | Loss: 0.1683 | Acc: 0.9415 | Val Loss: 0.1697 | Val Acc: 0.9411 | Time: 10.53s
2025-03-05 05:07:59,679 - INFO - P2 (Round 9) - Epoch 3/10 | Loss: 0.1649 | Acc: 0.9424 | Val Loss: 0.1669 | Val Acc: 0.9422 | Time: 10.47s
2025-03-05 05:08:10,241 - INFO - P2 (Round 9) - Epoch 4/10 | Loss: 0.1632 | Acc: 0.9430 | Val Loss: 0.1651 | Val Acc: 0.9424 | Time: 10.56s
2025-03-05 05:08:21,372 - INFO - P2 (Round 9) - Epoch 5/10 | Loss: 0.1621 | Acc: 0.9433 | Val Loss: 0.1621 | Val Acc: 0.9441 | Time: 11.13s
2025-03-05 05:08:32,001 - INFO - P2 (Round 9) - Epoch 6/10 | Loss: 0.1612 | Acc: 0.9436 | Val Loss: 0.1658 | Val Acc: 0.9412 | Time: 10.63s
2025-03-05 05:08:44,384 - INFO - P2 (Round 9) - Epoch 7/10 | Loss: 0.1609 | Acc: 0.9436 | Val Loss: 0.1625 | Val Acc: 0.9438 | Time: 12.38s
2025-03-05 05:08:56,172 - INFO - P2 (Round 9) - Epoch 8/10 | Loss: 0.1601 | Acc: 0.9441 | Val Loss: 0.1614 | Val Acc: 0.9440 | Time: 11.79s
2025-03-05 05:09:06,947 - INFO - P2 (Round 9) - Epoch 9/10 | Loss: 0.1596 | Acc: 0.9440 | Val Loss: 0.1616 | Val Acc: 0.9448 | Time: 10.78s
2025-03-05 05:09:17,693 - INFO - P2 (Round 9) - Epoch 10/10 | Loss: 0.1593 | Acc: 0.9442 | Val Loss: 0.1632 | Val Acc: 0.9426 | Time: 10.75s
2025-03-05 05:09:19,945 - INFO - Round 9 completed in 220.05s
2025-03-05 05:09:19,945 - INFO - Global Model - P1 Test: Loss = 8.1305, Accuracy = 0.3652
2025-03-05 05:09:19,945 - INFO - Global Model - P2 Test: Loss = 2.6514, Accuracy = 0.6330
2025-03-05 05:09:30,424 - INFO - P1 (Round 10) - Epoch 1/10 | Loss: 0.6164 | Acc: 0.7737 | Val Loss: 0.5535 | Val Acc: 0.7782 | Time: 10.48s
2025-03-05 05:09:40,915 - INFO - P1 (Round 10) - Epoch 2/10 | Loss: 0.5488 | Acc: 0.7793 | Val Loss: 0.5443 | Val Acc: 0.7795 | Time: 10.49s
2025-03-05 05:09:52,568 - INFO - P1 (Round 10) - Epoch 3/10 | Loss: 0.5457 | Acc: 0.7797 | Val Loss: 0.5433 | Val Acc: 0.7786 | Time: 11.65s
2025-03-05 05:10:03,579 - INFO - P1 (Round 10) - Epoch 4/10 | Loss: 0.5445 | Acc: 0.7795 | Val Loss: 0.5425 | Val Acc: 0.7784 | Time: 11.01s
2025-03-05 05:10:14,290 - INFO - P1 (Round 10) - Epoch 5/10 | Loss: 0.5440 | Acc: 0.7796 | Val Loss: 0.5428 | Val Acc: 0.7810 | Time: 10.71s
2025-03-05 05:10:25,253 - INFO - P1 (Round 10) - Epoch 6/10 | Loss: 0.5430 | Acc: 0.7798 | Val Loss: 0.5462 | Val Acc: 0.7772 | Time: 10.96s
2025-03-05 05:10:36,026 - INFO - P1 (Round 10) - Epoch 7/10 | Loss: 0.5426 | Acc: 0.7798 | Val Loss: 0.5439 | Val Acc: 0.7830 | Time: 10.77s
2025-03-05 05:10:46,714 - INFO - P1 (Round 10) - Epoch 8/10 | Loss: 0.5420 | Acc: 0.7796 | Val Loss: 0.5420 | Val Acc: 0.7819 | Time: 10.69s
2025-03-05 05:10:57,661 - INFO - P1 (Round 10) - Epoch 9/10 | Loss: 0.5417 | Acc: 0.7798 | Val Loss: 0.5431 | Val Acc: 0.7774 | Time: 10.95s
2025-03-05 05:11:09,370 - INFO - P1 (Round 10) - Epoch 10/10 | Loss: 0.5416 | Acc: 0.7799 | Val Loss: 0.5450 | Val Acc: 0.7813 | Time: 11.71s
2025-03-05 05:11:19,892 - INFO - P2 (Round 10) - Epoch 1/10 | Loss: 0.1979 | Acc: 0.9350 | Val Loss: 0.1726 | Val Acc: 0.9412 | Time: 10.52s
2025-03-05 05:11:30,575 - INFO - P2 (Round 10) - Epoch 2/10 | Loss: 0.1657 | Acc: 0.9428 | Val Loss: 0.1665 | Val Acc: 0.9430 | Time: 10.68s
2025-03-05 05:11:41,212 - INFO - P2 (Round 10) - Epoch 3/10 | Loss: 0.1633 | Acc: 0.9432 | Val Loss: 0.1673 | Val Acc: 0.9421 | Time: 10.64s
2025-03-05 05:11:51,627 - INFO - P2 (Round 10) - Epoch 4/10 | Loss: 0.1619 | Acc: 0.9435 | Val Loss: 0.1650 | Val Acc: 0.9434 | Time: 10.41s
2025-03-05 05:12:02,130 - INFO - P2 (Round 10) - Epoch 5/10 | Loss: 0.1608 | Acc: 0.9436 | Val Loss: 0.1643 | Val Acc: 0.9417 | Time: 10.50s
2025-03-05 05:12:13,496 - INFO - P2 (Round 10) - Epoch 6/10 | Loss: 0.1603 | Acc: 0.9440 | Val Loss: 0.1625 | Val Acc: 0.9437 | Time: 11.37s
2025-03-05 05:12:24,684 - INFO - P2 (Round 10) - Epoch 7/10 | Loss: 0.1597 | Acc: 0.9442 | Val Loss: 0.1627 | Val Acc: 0.9434 | Time: 11.19s
2025-03-05 05:12:35,353 - INFO - P2 (Round 10) - Epoch 8/10 | Loss: 0.1592 | Acc: 0.9443 | Val Loss: 0.1615 | Val Acc: 0.9439 | Time: 10.67s
2025-03-05 05:12:46,127 - INFO - P2 (Round 10) - Epoch 9/10 | Loss: 0.1588 | Acc: 0.9443 | Val Loss: 0.1616 | Val Acc: 0.9431 | Time: 10.77s
2025-03-05 05:12:56,682 - INFO - P2 (Round 10) - Epoch 10/10 | Loss: 0.1584 | Acc: 0.9445 | Val Loss: 0.1605 | Val Acc: 0.9444 | Time: 10.55s
2025-03-05 05:12:58,995 - INFO - Round 10 completed in 219.05s
2025-03-05 05:12:58,995 - INFO - Global Model - P1 Test: Loss = 8.0521, Accuracy = 0.4040
2025-03-05 05:12:58,995 - INFO - Global Model - P2 Test: Loss = 2.4766, Accuracy = 0.6428
2025-03-05 05:13:01,329 - INFO - Final Results after 10 rounds:
2025-03-05 05:13:01,329 - INFO - Global Model - P1 Test: Loss = 8.0521, Accuracy = 0.4040
2025-03-05 05:13:01,329 - INFO - Global Model - P2 Test: Loss = 2.4766, Accuracy = 0.6428
2025-03-05 05:13:01,336 - INFO - Experiment 164 results saved to results/suppression_experiments/exp_164_p1f3_p2f5.json
