2025-03-05 02:55:25,686 - INFO - Starting Suppression Experiment 196
2025-03-05 02:55:25,686 - INFO - P1 Features (1/14): ['protocol']
2025-03-05 02:55:25,686 - INFO - P2 Features (1/14): ['protocol']
2025-03-05 02:55:38,236 - INFO - P1 (Round 1) - Epoch 1/10 | Loss: 1.3674 | Acc: 0.4824 | Val Loss: 1.3323 | Val Acc: 0.4929 | Time: 12.51s
2025-03-05 02:55:51,177 - INFO - P1 (Round 1) - Epoch 2/10 | Loss: 1.3320 | Acc: 0.4929 | Val Loss: 1.3323 | Val Acc: 0.4929 | Time: 12.94s
2025-03-05 02:56:03,231 - INFO - P1 (Round 1) - Epoch 3/10 | Loss: 1.3319 | Acc: 0.4929 | Val Loss: 1.3321 | Val Acc: 0.4929 | Time: 12.05s
2025-03-05 02:56:15,444 - INFO - P1 (Round 1) - Epoch 4/10 | Loss: 1.3318 | Acc: 0.4929 | Val Loss: 1.3317 | Val Acc: 0.4929 | Time: 12.21s
2025-03-05 02:56:27,430 - INFO - P1 (Round 1) - Epoch 5/10 | Loss: 1.3318 | Acc: 0.4929 | Val Loss: 1.3320 | Val Acc: 0.4929 | Time: 11.99s
2025-03-05 02:56:39,602 - INFO - P1 (Round 1) - Epoch 6/10 | Loss: 1.3318 | Acc: 0.4929 | Val Loss: 1.3318 | Val Acc: 0.4929 | Time: 12.17s
2025-03-05 02:56:52,423 - INFO - P1 (Round 1) - Epoch 7/10 | Loss: 1.3318 | Acc: 0.4929 | Val Loss: 1.3315 | Val Acc: 0.4929 | Time: 12.82s
2025-03-05 02:57:05,121 - INFO - P1 (Round 1) - Epoch 8/10 | Loss: 1.3317 | Acc: 0.4929 | Val Loss: 1.3316 | Val Acc: 0.4929 | Time: 12.70s
2025-03-05 02:57:17,648 - INFO - P1 (Round 1) - Epoch 9/10 | Loss: 1.3317 | Acc: 0.4929 | Val Loss: 1.3317 | Val Acc: 0.4929 | Time: 12.53s
2025-03-05 02:57:30,088 - INFO - P1 (Round 1) - Epoch 10/10 | Loss: 1.3317 | Acc: 0.4929 | Val Loss: 1.3315 | Val Acc: 0.4929 | Time: 12.44s
2025-03-05 02:57:42,212 - INFO - P2 (Round 1) - Epoch 1/10 | Loss: 1.3674 | Acc: 0.4824 | Val Loss: 1.3323 | Val Acc: 0.4929 | Time: 12.12s
2025-03-05 02:57:54,126 - INFO - P2 (Round 1) - Epoch 2/10 | Loss: 1.3320 | Acc: 0.4929 | Val Loss: 1.3323 | Val Acc: 0.4929 | Time: 11.91s
2025-03-05 02:58:07,580 - INFO - P2 (Round 1) - Epoch 3/10 | Loss: 1.3319 | Acc: 0.4929 | Val Loss: 1.3321 | Val Acc: 0.4929 | Time: 13.45s
2025-03-05 02:58:19,714 - INFO - P2 (Round 1) - Epoch 4/10 | Loss: 1.3318 | Acc: 0.4929 | Val Loss: 1.3318 | Val Acc: 0.4929 | Time: 12.13s
2025-03-05 02:58:32,103 - INFO - P2 (Round 1) - Epoch 5/10 | Loss: 1.3318 | Acc: 0.4929 | Val Loss: 1.3320 | Val Acc: 0.4929 | Time: 12.39s
2025-03-05 02:58:44,661 - INFO - P2 (Round 1) - Epoch 6/10 | Loss: 1.3318 | Acc: 0.4929 | Val Loss: 1.3318 | Val Acc: 0.4929 | Time: 12.56s
2025-03-05 02:58:56,741 - INFO - P2 (Round 1) - Epoch 7/10 | Loss: 1.3318 | Acc: 0.4929 | Val Loss: 1.3315 | Val Acc: 0.4929 | Time: 12.08s
2025-03-05 02:59:09,309 - INFO - P2 (Round 1) - Epoch 8/10 | Loss: 1.3317 | Acc: 0.4929 | Val Loss: 1.3316 | Val Acc: 0.4929 | Time: 12.57s
2025-03-05 02:59:22,420 - INFO - P2 (Round 1) - Epoch 9/10 | Loss: 1.3317 | Acc: 0.4929 | Val Loss: 1.3317 | Val Acc: 0.4929 | Time: 13.11s
2025-03-05 02:59:34,618 - INFO - P2 (Round 1) - Epoch 10/10 | Loss: 1.3317 | Acc: 0.4929 | Val Loss: 1.3315 | Val Acc: 0.4929 | Time: 12.20s
2025-03-05 02:59:37,184 - INFO - Round 1 completed in 251.46s
2025-03-05 02:59:37,184 - INFO - Global Model - P1 Test: Loss = 1.3315, Accuracy = 0.4929
2025-03-05 02:59:37,184 - INFO - Global Model - P2 Test: Loss = 1.3315, Accuracy = 0.4929
2025-03-05 02:59:49,300 - INFO - P1 (Round 2) - Epoch 1/10 | Loss: 1.3317 | Acc: 0.4929 | Val Loss: 1.3317 | Val Acc: 0.4929 | Time: 12.12s
2025-03-05 03:00:01,366 - INFO - P1 (Round 2) - Epoch 2/10 | Loss: 1.3317 | Acc: 0.4929 | Val Loss: 1.3316 | Val Acc: 0.4929 | Time: 12.07s
2025-03-05 03:00:13,616 - INFO - P1 (Round 2) - Epoch 3/10 | Loss: 1.3317 | Acc: 0.4929 | Val Loss: 1.3315 | Val Acc: 0.4929 | Time: 12.25s
2025-03-05 03:00:26,895 - INFO - P1 (Round 2) - Epoch 4/10 | Loss: 1.3316 | Acc: 0.4929 | Val Loss: 1.3315 | Val Acc: 0.4929 | Time: 13.28s
2025-03-05 03:00:40,887 - INFO - P1 (Round 2) - Epoch 5/10 | Loss: 1.3316 | Acc: 0.4929 | Val Loss: 1.3315 | Val Acc: 0.4929 | Time: 13.99s
2025-03-05 03:00:55,496 - INFO - P1 (Round 2) - Epoch 6/10 | Loss: 1.3316 | Acc: 0.4929 | Val Loss: 1.3316 | Val Acc: 0.4929 | Time: 14.61s
2025-03-05 03:01:09,435 - INFO - P1 (Round 2) - Epoch 7/10 | Loss: 1.3316 | Acc: 0.4929 | Val Loss: 1.3316 | Val Acc: 0.4929 | Time: 13.94s
2025-03-05 03:01:21,138 - INFO - P1 (Round 2) - Epoch 8/10 | Loss: 1.3316 | Acc: 0.4929 | Val Loss: 1.3315 | Val Acc: 0.4929 | Time: 11.70s
2025-03-05 03:01:33,278 - INFO - P1 (Round 2) - Epoch 9/10 | Loss: 1.3316 | Acc: 0.4929 | Val Loss: 1.3316 | Val Acc: 0.4929 | Time: 12.14s
2025-03-05 03:01:44,847 - INFO - P1 (Round 2) - Epoch 10/10 | Loss: 1.3316 | Acc: 0.4929 | Val Loss: 1.3316 | Val Acc: 0.4929 | Time: 11.57s
2025-03-05 03:01:55,084 - INFO - P2 (Round 2) - Epoch 1/10 | Loss: 1.3317 | Acc: 0.4929 | Val Loss: 1.3317 | Val Acc: 0.4929 | Time: 10.24s
2025-03-05 03:02:05,177 - INFO - P2 (Round 2) - Epoch 2/10 | Loss: 1.3317 | Acc: 0.4929 | Val Loss: 1.3316 | Val Acc: 0.4929 | Time: 10.09s
2025-03-05 03:02:15,554 - INFO - P2 (Round 2) - Epoch 3/10 | Loss: 1.3317 | Acc: 0.4929 | Val Loss: 1.3315 | Val Acc: 0.4929 | Time: 10.38s
2025-03-05 03:02:26,040 - INFO - P2 (Round 2) - Epoch 4/10 | Loss: 1.3316 | Acc: 0.4929 | Val Loss: 1.3315 | Val Acc: 0.4929 | Time: 10.49s
2025-03-05 03:02:36,202 - INFO - P2 (Round 2) - Epoch 5/10 | Loss: 1.3316 | Acc: 0.4929 | Val Loss: 1.3315 | Val Acc: 0.4929 | Time: 10.16s
2025-03-05 03:02:47,934 - INFO - P2 (Round 2) - Epoch 6/10 | Loss: 1.3316 | Acc: 0.4929 | Val Loss: 1.3316 | Val Acc: 0.4929 | Time: 11.73s
2025-03-05 03:02:58,640 - INFO - P2 (Round 2) - Epoch 7/10 | Loss: 1.3316 | Acc: 0.4929 | Val Loss: 1.3316 | Val Acc: 0.4929 | Time: 10.71s
2025-03-05 03:03:09,129 - INFO - P2 (Round 2) - Epoch 8/10 | Loss: 1.3316 | Acc: 0.4929 | Val Loss: 1.3315 | Val Acc: 0.4929 | Time: 10.49s
2025-03-05 03:03:19,355 - INFO - P2 (Round 2) - Epoch 9/10 | Loss: 1.3316 | Acc: 0.4929 | Val Loss: 1.3316 | Val Acc: 0.4929 | Time: 10.23s
2025-03-05 03:03:29,686 - INFO - P2 (Round 2) - Epoch 10/10 | Loss: 1.3316 | Acc: 0.4929 | Val Loss: 1.3316 | Val Acc: 0.4929 | Time: 10.33s
2025-03-05 03:03:32,018 - INFO - Round 2 completed in 234.83s
2025-03-05 03:03:32,019 - INFO - Global Model - P1 Test: Loss = 1.3317, Accuracy = 0.4929
2025-03-05 03:03:32,019 - INFO - Global Model - P2 Test: Loss = 1.3317, Accuracy = 0.4929
2025-03-05 03:03:42,135 - INFO - P1 (Round 3) - Epoch 1/10 | Loss: 1.3316 | Acc: 0.4929 | Val Loss: 1.3316 | Val Acc: 0.4929 | Time: 10.12s
2025-03-05 03:03:52,375 - INFO - P1 (Round 3) - Epoch 2/10 | Loss: 1.3316 | Acc: 0.4929 | Val Loss: 1.3316 | Val Acc: 0.4929 | Time: 10.24s
2025-03-05 03:04:04,671 - INFO - P1 (Round 3) - Epoch 3/10 | Loss: 1.3316 | Acc: 0.4929 | Val Loss: 1.3315 | Val Acc: 0.4929 | Time: 12.30s
2025-03-05 03:04:15,169 - INFO - P1 (Round 3) - Epoch 4/10 | Loss: 1.3316 | Acc: 0.4929 | Val Loss: 1.3315 | Val Acc: 0.4929 | Time: 10.50s
2025-03-05 03:04:27,159 - INFO - P1 (Round 3) - Epoch 5/10 | Loss: 1.3316 | Acc: 0.4929 | Val Loss: 1.3316 | Val Acc: 0.4929 | Time: 11.99s
2025-03-05 03:04:39,687 - INFO - P1 (Round 3) - Epoch 6/10 | Loss: 1.3316 | Acc: 0.4929 | Val Loss: 1.3318 | Val Acc: 0.4929 | Time: 12.53s
2025-03-05 03:04:52,036 - INFO - P1 (Round 3) - Epoch 7/10 | Loss: 1.3316 | Acc: 0.4929 | Val Loss: 1.3318 | Val Acc: 0.4929 | Time: 12.35s
2025-03-05 03:05:04,083 - INFO - P1 (Round 3) - Epoch 8/10 | Loss: 1.3316 | Acc: 0.4929 | Val Loss: 1.3315 | Val Acc: 0.4929 | Time: 12.05s
2025-03-05 03:05:17,291 - INFO - P1 (Round 3) - Epoch 9/10 | Loss: 1.3316 | Acc: 0.4929 | Val Loss: 1.3315 | Val Acc: 0.4929 | Time: 13.21s
2025-03-05 03:05:29,203 - INFO - P1 (Round 3) - Epoch 10/10 | Loss: 1.3316 | Acc: 0.4929 | Val Loss: 1.3316 | Val Acc: 0.4929 | Time: 11.91s
2025-03-05 03:05:41,550 - INFO - P2 (Round 3) - Epoch 1/10 | Loss: 1.3316 | Acc: 0.4929 | Val Loss: 1.3316 | Val Acc: 0.4929 | Time: 12.35s
2025-03-05 03:05:53,961 - INFO - P2 (Round 3) - Epoch 2/10 | Loss: 1.3316 | Acc: 0.4929 | Val Loss: 1.3316 | Val Acc: 0.4929 | Time: 12.41s
2025-03-05 03:06:06,145 - INFO - P2 (Round 3) - Epoch 3/10 | Loss: 1.3316 | Acc: 0.4929 | Val Loss: 1.3316 | Val Acc: 0.4929 | Time: 12.18s
2025-03-05 03:06:18,892 - INFO - P2 (Round 3) - Epoch 4/10 | Loss: 1.3316 | Acc: 0.4929 | Val Loss: 1.3315 | Val Acc: 0.4929 | Time: 12.75s
2025-03-05 03:06:31,611 - INFO - P2 (Round 3) - Epoch 5/10 | Loss: 1.3316 | Acc: 0.4929 | Val Loss: 1.3316 | Val Acc: 0.4929 | Time: 12.72s
2025-03-05 03:06:43,490 - INFO - P2 (Round 3) - Epoch 6/10 | Loss: 1.3316 | Acc: 0.4929 | Val Loss: 1.3318 | Val Acc: 0.4929 | Time: 11.88s
2025-03-05 03:06:55,531 - INFO - P2 (Round 3) - Epoch 7/10 | Loss: 1.3316 | Acc: 0.4929 | Val Loss: 1.3318 | Val Acc: 0.4929 | Time: 12.04s
2025-03-05 03:07:06,052 - INFO - P2 (Round 3) - Epoch 8/10 | Loss: 1.3316 | Acc: 0.4929 | Val Loss: 1.3315 | Val Acc: 0.4929 | Time: 10.52s
2025-03-05 03:07:16,151 - INFO - P2 (Round 3) - Epoch 9/10 | Loss: 1.3316 | Acc: 0.4929 | Val Loss: 1.3315 | Val Acc: 0.4929 | Time: 10.10s
2025-03-05 03:07:26,951 - INFO - P2 (Round 3) - Epoch 10/10 | Loss: 1.3316 | Acc: 0.4929 | Val Loss: 1.3316 | Val Acc: 0.4929 | Time: 10.80s
2025-03-05 03:07:30,031 - INFO - Round 3 completed in 238.01s
2025-03-05 03:07:30,031 - INFO - Global Model - P1 Test: Loss = 1.3316, Accuracy = 0.4929
2025-03-05 03:07:30,031 - INFO - Global Model - P2 Test: Loss = 1.3316, Accuracy = 0.4929
2025-03-05 03:07:42,589 - INFO - P1 (Round 4) - Epoch 1/10 | Loss: 1.3316 | Acc: 0.4929 | Val Loss: 1.3316 | Val Acc: 0.4929 | Time: 12.56s
2025-03-05 03:07:54,838 - INFO - P1 (Round 4) - Epoch 2/10 | Loss: 1.3316 | Acc: 0.4929 | Val Loss: 1.3316 | Val Acc: 0.4929 | Time: 12.25s
2025-03-05 03:08:04,958 - INFO - P1 (Round 4) - Epoch 3/10 | Loss: 1.3315 | Acc: 0.4929 | Val Loss: 1.3315 | Val Acc: 0.4929 | Time: 10.12s
2025-03-05 03:08:17,008 - INFO - P1 (Round 4) - Epoch 4/10 | Loss: 1.3316 | Acc: 0.4929 | Val Loss: 1.3316 | Val Acc: 0.4929 | Time: 12.05s
2025-03-05 03:08:28,846 - INFO - P1 (Round 4) - Epoch 5/10 | Loss: 1.3316 | Acc: 0.4929 | Val Loss: 1.3315 | Val Acc: 0.4929 | Time: 11.84s
2025-03-05 03:08:39,465 - INFO - P1 (Round 4) - Epoch 6/10 | Loss: 1.3315 | Acc: 0.4929 | Val Loss: 1.3316 | Val Acc: 0.4929 | Time: 10.62s
2025-03-05 03:08:51,430 - INFO - P1 (Round 4) - Epoch 7/10 | Loss: 1.3316 | Acc: 0.4929 | Val Loss: 1.3315 | Val Acc: 0.4929 | Time: 11.96s
2025-03-05 03:09:01,606 - INFO - P1 (Round 4) - Epoch 8/10 | Loss: 1.3316 | Acc: 0.4929 | Val Loss: 1.3315 | Val Acc: 0.4929 | Time: 10.18s
2025-03-05 03:09:12,065 - INFO - P1 (Round 4) - Epoch 9/10 | Loss: 1.3315 | Acc: 0.4929 | Val Loss: 1.3315 | Val Acc: 0.4929 | Time: 10.46s
2025-03-05 03:09:22,469 - INFO - P1 (Round 4) - Epoch 10/10 | Loss: 1.3315 | Acc: 0.4929 | Val Loss: 1.3317 | Val Acc: 0.4929 | Time: 10.40s
2025-03-05 03:09:32,828 - INFO - P2 (Round 4) - Epoch 1/10 | Loss: 1.3316 | Acc: 0.4929 | Val Loss: 1.3316 | Val Acc: 0.4929 | Time: 10.36s
2025-03-05 03:09:43,074 - INFO - P2 (Round 4) - Epoch 2/10 | Loss: 1.3316 | Acc: 0.4929 | Val Loss: 1.3316 | Val Acc: 0.4929 | Time: 10.25s
2025-03-05 03:09:54,916 - INFO - P2 (Round 4) - Epoch 3/10 | Loss: 1.3315 | Acc: 0.4929 | Val Loss: 1.3315 | Val Acc: 0.4929 | Time: 11.84s
2025-03-05 03:10:07,966 - INFO - P2 (Round 4) - Epoch 4/10 | Loss: 1.3316 | Acc: 0.4929 | Val Loss: 1.3316 | Val Acc: 0.4929 | Time: 13.05s
2025-03-05 03:10:20,703 - INFO - P2 (Round 4) - Epoch 5/10 | Loss: 1.3316 | Acc: 0.4929 | Val Loss: 1.3315 | Val Acc: 0.4929 | Time: 12.74s
2025-03-05 03:10:32,784 - INFO - P2 (Round 4) - Epoch 6/10 | Loss: 1.3315 | Acc: 0.4929 | Val Loss: 1.3316 | Val Acc: 0.4929 | Time: 12.08s
2025-03-05 03:10:45,125 - INFO - P2 (Round 4) - Epoch 7/10 | Loss: 1.3316 | Acc: 0.4929 | Val Loss: 1.3315 | Val Acc: 0.4929 | Time: 12.34s
2025-03-05 03:10:57,455 - INFO - P2 (Round 4) - Epoch 8/10 | Loss: 1.3316 | Acc: 0.4929 | Val Loss: 1.3315 | Val Acc: 0.4929 | Time: 12.33s
2025-03-05 03:11:10,697 - INFO - P2 (Round 4) - Epoch 9/10 | Loss: 1.3315 | Acc: 0.4929 | Val Loss: 1.3315 | Val Acc: 0.4929 | Time: 13.24s
2025-03-05 03:11:23,046 - INFO - P2 (Round 4) - Epoch 10/10 | Loss: 1.3315 | Acc: 0.4929 | Val Loss: 1.3317 | Val Acc: 0.4929 | Time: 12.35s
2025-03-05 03:11:25,622 - INFO - Round 4 completed in 235.59s
2025-03-05 03:11:25,622 - INFO - Global Model - P1 Test: Loss = 1.3317, Accuracy = 0.4929
2025-03-05 03:11:25,622 - INFO - Global Model - P2 Test: Loss = 1.3317, Accuracy = 0.4929
2025-03-05 03:11:37,967 - INFO - P1 (Round 5) - Epoch 1/10 | Loss: 1.3315 | Acc: 0.4929 | Val Loss: 1.3315 | Val Acc: 0.4929 | Time: 12.34s
2025-03-05 03:11:50,177 - INFO - P1 (Round 5) - Epoch 2/10 | Loss: 1.3315 | Acc: 0.4929 | Val Loss: 1.3315 | Val Acc: 0.4929 | Time: 12.21s
2025-03-05 03:12:02,249 - INFO - P1 (Round 5) - Epoch 3/10 | Loss: 1.3315 | Acc: 0.4929 | Val Loss: 1.3315 | Val Acc: 0.4929 | Time: 12.07s
2025-03-05 03:12:14,803 - INFO - P1 (Round 5) - Epoch 4/10 | Loss: 1.3315 | Acc: 0.4929 | Val Loss: 1.3315 | Val Acc: 0.4929 | Time: 12.55s
2025-03-05 03:12:28,019 - INFO - P1 (Round 5) - Epoch 5/10 | Loss: 1.3315 | Acc: 0.4929 | Val Loss: 1.3315 | Val Acc: 0.4929 | Time: 13.22s
2025-03-05 03:12:40,282 - INFO - P1 (Round 5) - Epoch 6/10 | Loss: 1.3315 | Acc: 0.4929 | Val Loss: 1.3315 | Val Acc: 0.4929 | Time: 12.26s
2025-03-05 03:12:52,593 - INFO - P1 (Round 5) - Epoch 7/10 | Loss: 1.3315 | Acc: 0.4929 | Val Loss: 1.3316 | Val Acc: 0.4929 | Time: 12.31s
2025-03-05 03:13:04,531 - INFO - P1 (Round 5) - Epoch 8/10 | Loss: 1.3315 | Acc: 0.4929 | Val Loss: 1.3315 | Val Acc: 0.4929 | Time: 11.94s
2025-03-05 03:13:16,556 - INFO - P1 (Round 5) - Epoch 9/10 | Loss: 1.3315 | Acc: 0.4929 | Val Loss: 1.3315 | Val Acc: 0.4929 | Time: 12.03s
2025-03-05 03:13:29,239 - INFO - P1 (Round 5) - Epoch 10/10 | Loss: 1.3315 | Acc: 0.4929 | Val Loss: 1.3314 | Val Acc: 0.4929 | Time: 12.68s
2025-03-05 03:13:41,970 - INFO - P2 (Round 5) - Epoch 1/10 | Loss: 1.3315 | Acc: 0.4929 | Val Loss: 1.3315 | Val Acc: 0.4929 | Time: 12.73s
2025-03-05 03:13:54,378 - INFO - P2 (Round 5) - Epoch 2/10 | Loss: 1.3316 | Acc: 0.4929 | Val Loss: 1.3315 | Val Acc: 0.4929 | Time: 12.41s
2025-03-05 03:14:06,833 - INFO - P2 (Round 5) - Epoch 3/10 | Loss: 1.3315 | Acc: 0.4929 | Val Loss: 1.3315 | Val Acc: 0.4929 | Time: 12.46s
2025-03-05 03:14:19,109 - INFO - P2 (Round 5) - Epoch 4/10 | Loss: 1.3315 | Acc: 0.4929 | Val Loss: 1.3315 | Val Acc: 0.4929 | Time: 12.28s
2025-03-05 03:14:31,222 - INFO - P2 (Round 5) - Epoch 5/10 | Loss: 1.3315 | Acc: 0.4929 | Val Loss: 1.3315 | Val Acc: 0.4929 | Time: 12.11s
2025-03-05 03:14:44,310 - INFO - P2 (Round 5) - Epoch 6/10 | Loss: 1.3315 | Acc: 0.4929 | Val Loss: 1.3315 | Val Acc: 0.4929 | Time: 13.09s
2025-03-05 03:14:56,710 - INFO - P2 (Round 5) - Epoch 7/10 | Loss: 1.3315 | Acc: 0.4929 | Val Loss: 1.3316 | Val Acc: 0.4929 | Time: 12.40s
2025-03-05 03:15:08,882 - INFO - P2 (Round 5) - Epoch 8/10 | Loss: 1.3315 | Acc: 0.4929 | Val Loss: 1.3315 | Val Acc: 0.4929 | Time: 12.17s
2025-03-05 03:15:21,314 - INFO - P2 (Round 5) - Epoch 9/10 | Loss: 1.3315 | Acc: 0.4929 | Val Loss: 1.3315 | Val Acc: 0.4929 | Time: 12.43s
2025-03-05 03:15:33,501 - INFO - P2 (Round 5) - Epoch 10/10 | Loss: 1.3315 | Acc: 0.4929 | Val Loss: 1.3314 | Val Acc: 0.4929 | Time: 12.19s
2025-03-05 03:15:35,976 - INFO - Round 5 completed in 250.35s
2025-03-05 03:15:35,976 - INFO - Global Model - P1 Test: Loss = 1.3314, Accuracy = 0.4929
2025-03-05 03:15:35,976 - INFO - Global Model - P2 Test: Loss = 1.3314, Accuracy = 0.4929
2025-03-05 03:15:48,571 - INFO - P1 (Round 6) - Epoch 1/10 | Loss: 1.3315 | Acc: 0.4929 | Val Loss: 1.3314 | Val Acc: 0.4929 | Time: 12.59s
2025-03-05 03:16:01,786 - INFO - P1 (Round 6) - Epoch 2/10 | Loss: 1.3315 | Acc: 0.4929 | Val Loss: 1.3315 | Val Acc: 0.4929 | Time: 13.22s
2025-03-05 03:16:13,986 - INFO - P1 (Round 6) - Epoch 3/10 | Loss: 1.3315 | Acc: 0.4929 | Val Loss: 1.3316 | Val Acc: 0.4929 | Time: 12.20s
2025-03-05 03:16:26,429 - INFO - P1 (Round 6) - Epoch 4/10 | Loss: 1.3315 | Acc: 0.4929 | Val Loss: 1.3315 | Val Acc: 0.4929 | Time: 12.44s
2025-03-05 03:16:38,855 - INFO - P1 (Round 6) - Epoch 5/10 | Loss: 1.3315 | Acc: 0.4929 | Val Loss: 1.3315 | Val Acc: 0.4929 | Time: 12.43s
2025-03-05 03:16:50,943 - INFO - P1 (Round 6) - Epoch 6/10 | Loss: 1.3315 | Acc: 0.4929 | Val Loss: 1.3316 | Val Acc: 0.4929 | Time: 12.09s
2025-03-05 03:17:04,142 - INFO - P1 (Round 6) - Epoch 7/10 | Loss: 1.3315 | Acc: 0.4929 | Val Loss: 1.3315 | Val Acc: 0.4929 | Time: 13.20s
2025-03-05 03:17:16,718 - INFO - P1 (Round 6) - Epoch 8/10 | Loss: 1.3315 | Acc: 0.4929 | Val Loss: 1.3315 | Val Acc: 0.4929 | Time: 12.57s
2025-03-05 03:17:28,760 - INFO - P1 (Round 6) - Epoch 9/10 | Loss: 1.3315 | Acc: 0.4929 | Val Loss: 1.3315 | Val Acc: 0.4929 | Time: 12.04s
2025-03-05 03:17:40,961 - INFO - P1 (Round 6) - Epoch 10/10 | Loss: 1.3315 | Acc: 0.4929 | Val Loss: 1.3315 | Val Acc: 0.4929 | Time: 12.20s
2025-03-05 03:17:53,365 - INFO - P2 (Round 6) - Epoch 1/10 | Loss: 1.3315 | Acc: 0.4929 | Val Loss: 1.3315 | Val Acc: 0.4929 | Time: 12.40s
2025-03-05 03:18:05,578 - INFO - P2 (Round 6) - Epoch 2/10 | Loss: 1.3315 | Acc: 0.4929 | Val Loss: 1.3315 | Val Acc: 0.4929 | Time: 12.21s
2025-03-05 03:18:18,920 - INFO - P2 (Round 6) - Epoch 3/10 | Loss: 1.3315 | Acc: 0.4929 | Val Loss: 1.3316 | Val Acc: 0.4929 | Time: 13.34s
2025-03-05 03:18:31,610 - INFO - P2 (Round 6) - Epoch 4/10 | Loss: 1.3315 | Acc: 0.4929 | Val Loss: 1.3315 | Val Acc: 0.4929 | Time: 12.69s
2025-03-05 03:18:43,776 - INFO - P2 (Round 6) - Epoch 5/10 | Loss: 1.3315 | Acc: 0.4929 | Val Loss: 1.3315 | Val Acc: 0.4929 | Time: 12.17s
2025-03-05 03:18:56,033 - INFO - P2 (Round 6) - Epoch 6/10 | Loss: 1.3315 | Acc: 0.4929 | Val Loss: 1.3316 | Val Acc: 0.4929 | Time: 12.26s
2025-03-05 03:19:08,689 - INFO - P2 (Round 6) - Epoch 7/10 | Loss: 1.3315 | Acc: 0.4929 | Val Loss: 1.3315 | Val Acc: 0.4929 | Time: 12.66s
2025-03-05 03:19:20,841 - INFO - P2 (Round 6) - Epoch 8/10 | Loss: 1.3315 | Acc: 0.4929 | Val Loss: 1.3315 | Val Acc: 0.4929 | Time: 12.15s
2025-03-05 03:19:34,192 - INFO - P2 (Round 6) - Epoch 9/10 | Loss: 1.3315 | Acc: 0.4929 | Val Loss: 1.3315 | Val Acc: 0.4929 | Time: 13.35s
2025-03-05 03:19:46,278 - INFO - P2 (Round 6) - Epoch 10/10 | Loss: 1.3315 | Acc: 0.4929 | Val Loss: 1.3315 | Val Acc: 0.4929 | Time: 12.09s
2025-03-05 03:19:49,077 - INFO - Round 6 completed in 253.10s
2025-03-05 03:19:49,077 - INFO - Global Model - P1 Test: Loss = 1.3315, Accuracy = 0.4929
2025-03-05 03:19:49,077 - INFO - Global Model - P2 Test: Loss = 1.3315, Accuracy = 0.4929
2025-03-05 03:20:01,494 - INFO - P1 (Round 7) - Epoch 1/10 | Loss: 1.3315 | Acc: 0.4929 | Val Loss: 1.3315 | Val Acc: 0.4929 | Time: 12.42s
2025-03-05 03:20:14,160 - INFO - P1 (Round 7) - Epoch 2/10 | Loss: 1.3315 | Acc: 0.4929 | Val Loss: 1.3315 | Val Acc: 0.4929 | Time: 12.67s
2025-03-05 03:20:26,543 - INFO - P1 (Round 7) - Epoch 3/10 | Loss: 1.3315 | Acc: 0.4929 | Val Loss: 1.3315 | Val Acc: 0.4929 | Time: 12.38s
2025-03-05 03:20:39,662 - INFO - P1 (Round 7) - Epoch 4/10 | Loss: 1.3315 | Acc: 0.4929 | Val Loss: 1.3315 | Val Acc: 0.4929 | Time: 13.12s
2025-03-05 03:20:52,117 - INFO - P1 (Round 7) - Epoch 5/10 | Loss: 1.3315 | Acc: 0.4929 | Val Loss: 1.3315 | Val Acc: 0.4929 | Time: 12.45s
2025-03-05 03:21:04,316 - INFO - P1 (Round 7) - Epoch 6/10 | Loss: 1.3315 | Acc: 0.4929 | Val Loss: 1.3315 | Val Acc: 0.4929 | Time: 12.20s
2025-03-05 03:21:17,034 - INFO - P1 (Round 7) - Epoch 7/10 | Loss: 1.3315 | Acc: 0.4929 | Val Loss: 1.3315 | Val Acc: 0.4929 | Time: 12.72s
2025-03-05 03:21:28,046 - INFO - P1 (Round 7) - Epoch 8/10 | Loss: 1.3315 | Acc: 0.4929 | Val Loss: 1.3315 | Val Acc: 0.4929 | Time: 11.01s
2025-03-05 03:21:38,306 - INFO - P1 (Round 7) - Epoch 9/10 | Loss: 1.3315 | Acc: 0.4929 | Val Loss: 1.3315 | Val Acc: 0.4929 | Time: 10.26s
2025-03-05 03:21:50,486 - INFO - P1 (Round 7) - Epoch 10/10 | Loss: 1.3315 | Acc: 0.4929 | Val Loss: 1.3315 | Val Acc: 0.4929 | Time: 12.18s
2025-03-05 03:22:02,714 - INFO - P2 (Round 7) - Epoch 1/10 | Loss: 1.3315 | Acc: 0.4929 | Val Loss: 1.3315 | Val Acc: 0.4929 | Time: 12.23s
2025-03-05 03:22:14,866 - INFO - P2 (Round 7) - Epoch 2/10 | Loss: 1.3315 | Acc: 0.4929 | Val Loss: 1.3315 | Val Acc: 0.4929 | Time: 12.15s
2025-03-05 03:22:27,067 - INFO - P2 (Round 7) - Epoch 3/10 | Loss: 1.3315 | Acc: 0.4929 | Val Loss: 1.3315 | Val Acc: 0.4929 | Time: 12.20s
2025-03-05 03:22:39,437 - INFO - P2 (Round 7) - Epoch 4/10 | Loss: 1.3315 | Acc: 0.4929 | Val Loss: 1.3315 | Val Acc: 0.4929 | Time: 12.37s
2025-03-05 03:22:51,399 - INFO - P2 (Round 7) - Epoch 5/10 | Loss: 1.3315 | Acc: 0.4929 | Val Loss: 1.3315 | Val Acc: 0.4929 | Time: 11.96s
2025-03-05 03:23:04,853 - INFO - P2 (Round 7) - Epoch 6/10 | Loss: 1.3315 | Acc: 0.4929 | Val Loss: 1.3315 | Val Acc: 0.4929 | Time: 13.45s
2025-03-05 03:23:17,132 - INFO - P2 (Round 7) - Epoch 7/10 | Loss: 1.3315 | Acc: 0.4929 | Val Loss: 1.3315 | Val Acc: 0.4929 | Time: 12.28s
2025-03-05 03:23:29,624 - INFO - P2 (Round 7) - Epoch 8/10 | Loss: 1.3315 | Acc: 0.4929 | Val Loss: 1.3315 | Val Acc: 0.4929 | Time: 12.49s
2025-03-05 03:23:41,719 - INFO - P2 (Round 7) - Epoch 9/10 | Loss: 1.3315 | Acc: 0.4929 | Val Loss: 1.3315 | Val Acc: 0.4929 | Time: 12.09s
2025-03-05 03:23:52,167 - INFO - P2 (Round 7) - Epoch 10/10 | Loss: 1.3315 | Acc: 0.4929 | Val Loss: 1.3315 | Val Acc: 0.4929 | Time: 10.45s
2025-03-05 03:23:54,612 - INFO - Round 7 completed in 245.53s
2025-03-05 03:23:54,612 - INFO - Global Model - P1 Test: Loss = 1.3315, Accuracy = 0.4929
2025-03-05 03:23:54,612 - INFO - Global Model - P2 Test: Loss = 1.3315, Accuracy = 0.4929
2025-03-05 03:24:04,980 - INFO - P1 (Round 8) - Epoch 1/10 | Loss: 1.3315 | Acc: 0.4929 | Val Loss: 1.3316 | Val Acc: 0.4929 | Time: 10.37s
2025-03-05 03:24:17,165 - INFO - P1 (Round 8) - Epoch 2/10 | Loss: 1.3315 | Acc: 0.4929 | Val Loss: 1.3315 | Val Acc: 0.4929 | Time: 12.19s
2025-03-05 03:24:27,348 - INFO - P1 (Round 8) - Epoch 3/10 | Loss: 1.3315 | Acc: 0.4929 | Val Loss: 1.3314 | Val Acc: 0.4929 | Time: 10.18s
2025-03-05 03:24:37,722 - INFO - P1 (Round 8) - Epoch 4/10 | Loss: 1.3315 | Acc: 0.4929 | Val Loss: 1.3315 | Val Acc: 0.4929 | Time: 10.37s
2025-03-05 03:24:47,916 - INFO - P1 (Round 8) - Epoch 5/10 | Loss: 1.3315 | Acc: 0.4929 | Val Loss: 1.3315 | Val Acc: 0.4929 | Time: 10.19s
2025-03-05 03:24:58,074 - INFO - P1 (Round 8) - Epoch 6/10 | Loss: 1.3315 | Acc: 0.4929 | Val Loss: 1.3315 | Val Acc: 0.4929 | Time: 10.16s
2025-03-05 03:25:08,321 - INFO - P1 (Round 8) - Epoch 7/10 | Loss: 1.3315 | Acc: 0.4929 | Val Loss: 1.3315 | Val Acc: 0.4929 | Time: 10.25s
2025-03-05 03:25:19,255 - INFO - P1 (Round 8) - Epoch 8/10 | Loss: 1.3315 | Acc: 0.4929 | Val Loss: 1.3315 | Val Acc: 0.4929 | Time: 10.93s
2025-03-05 03:25:30,890 - INFO - P1 (Round 8) - Epoch 9/10 | Loss: 1.3315 | Acc: 0.4929 | Val Loss: 1.3315 | Val Acc: 0.4929 | Time: 11.63s
2025-03-05 03:25:41,531 - INFO - P1 (Round 8) - Epoch 10/10 | Loss: 1.3315 | Acc: 0.4929 | Val Loss: 1.3315 | Val Acc: 0.4929 | Time: 10.64s
2025-03-05 03:25:51,975 - INFO - P2 (Round 8) - Epoch 1/10 | Loss: 1.3315 | Acc: 0.4929 | Val Loss: 1.3316 | Val Acc: 0.4929 | Time: 10.44s
2025-03-05 03:26:02,258 - INFO - P2 (Round 8) - Epoch 2/10 | Loss: 1.3315 | Acc: 0.4929 | Val Loss: 1.3315 | Val Acc: 0.4929 | Time: 10.28s
2025-03-05 03:26:12,574 - INFO - P2 (Round 8) - Epoch 3/10 | Loss: 1.3315 | Acc: 0.4929 | Val Loss: 1.3315 | Val Acc: 0.4929 | Time: 10.32s
2025-03-05 03:26:22,896 - INFO - P2 (Round 8) - Epoch 4/10 | Loss: 1.3315 | Acc: 0.4929 | Val Loss: 1.3315 | Val Acc: 0.4929 | Time: 10.32s
2025-03-05 03:26:34,679 - INFO - P2 (Round 8) - Epoch 5/10 | Loss: 1.3315 | Acc: 0.4929 | Val Loss: 1.3315 | Val Acc: 0.4929 | Time: 11.78s
2025-03-05 03:26:45,364 - INFO - P2 (Round 8) - Epoch 6/10 | Loss: 1.3315 | Acc: 0.4929 | Val Loss: 1.3315 | Val Acc: 0.4929 | Time: 10.69s
2025-03-05 03:26:55,606 - INFO - P2 (Round 8) - Epoch 7/10 | Loss: 1.3315 | Acc: 0.4929 | Val Loss: 1.3315 | Val Acc: 0.4929 | Time: 10.24s
2025-03-05 03:27:05,762 - INFO - P2 (Round 8) - Epoch 8/10 | Loss: 1.3315 | Acc: 0.4929 | Val Loss: 1.3315 | Val Acc: 0.4929 | Time: 10.16s
2025-03-05 03:27:15,977 - INFO - P2 (Round 8) - Epoch 9/10 | Loss: 1.3315 | Acc: 0.4929 | Val Loss: 1.3315 | Val Acc: 0.4929 | Time: 10.21s
2025-03-05 03:27:26,456 - INFO - P2 (Round 8) - Epoch 10/10 | Loss: 1.3315 | Acc: 0.4929 | Val Loss: 1.3315 | Val Acc: 0.4929 | Time: 10.48s
2025-03-05 03:27:28,786 - INFO - Round 8 completed in 214.17s
2025-03-05 03:27:28,786 - INFO - Global Model - P1 Test: Loss = 1.3315, Accuracy = 0.4929
2025-03-05 03:27:28,786 - INFO - Global Model - P2 Test: Loss = 1.3315, Accuracy = 0.4929
2025-03-05 03:27:39,628 - INFO - P1 (Round 9) - Epoch 1/10 | Loss: 1.3315 | Acc: 0.4929 | Val Loss: 1.3315 | Val Acc: 0.4929 | Time: 10.84s
2025-03-05 03:27:51,653 - INFO - P1 (Round 9) - Epoch 2/10 | Loss: 1.3315 | Acc: 0.4929 | Val Loss: 1.3315 | Val Acc: 0.4929 | Time: 12.02s
2025-03-05 03:28:02,280 - INFO - P1 (Round 9) - Epoch 3/10 | Loss: 1.3315 | Acc: 0.4929 | Val Loss: 1.3315 | Val Acc: 0.4929 | Time: 10.63s
2025-03-05 03:28:12,686 - INFO - P1 (Round 9) - Epoch 4/10 | Loss: 1.3315 | Acc: 0.4929 | Val Loss: 1.3315 | Val Acc: 0.4929 | Time: 10.41s
2025-03-05 03:28:23,063 - INFO - P1 (Round 9) - Epoch 5/10 | Loss: 1.3315 | Acc: 0.4929 | Val Loss: 1.3315 | Val Acc: 0.4929 | Time: 10.38s
2025-03-05 03:28:33,524 - INFO - P1 (Round 9) - Epoch 6/10 | Loss: 1.3315 | Acc: 0.4929 | Val Loss: 1.3315 | Val Acc: 0.4929 | Time: 10.46s
2025-03-05 03:28:45,507 - INFO - P1 (Round 9) - Epoch 7/10 | Loss: 1.3315 | Acc: 0.4929 | Val Loss: 1.3315 | Val Acc: 0.4929 | Time: 11.98s
2025-03-05 03:28:58,472 - INFO - P1 (Round 9) - Epoch 8/10 | Loss: 1.3315 | Acc: 0.4929 | Val Loss: 1.3315 | Val Acc: 0.4929 | Time: 12.97s
2025-03-05 03:29:11,159 - INFO - P1 (Round 9) - Epoch 9/10 | Loss: 1.3315 | Acc: 0.4929 | Val Loss: 1.3315 | Val Acc: 0.4929 | Time: 12.69s
2025-03-05 03:29:23,400 - INFO - P1 (Round 9) - Epoch 10/10 | Loss: 1.3315 | Acc: 0.4929 | Val Loss: 1.3315 | Val Acc: 0.4929 | Time: 12.24s
2025-03-05 03:29:35,290 - INFO - P2 (Round 9) - Epoch 1/10 | Loss: 1.3315 | Acc: 0.4929 | Val Loss: 1.3315 | Val Acc: 0.4929 | Time: 11.89s
2025-03-05 03:29:47,402 - INFO - P2 (Round 9) - Epoch 2/10 | Loss: 1.3315 | Acc: 0.4929 | Val Loss: 1.3315 | Val Acc: 0.4929 | Time: 12.11s
2025-03-05 03:29:59,848 - INFO - P2 (Round 9) - Epoch 3/10 | Loss: 1.3315 | Acc: 0.4929 | Val Loss: 1.3315 | Val Acc: 0.4929 | Time: 12.45s
2025-03-05 03:30:13,159 - INFO - P2 (Round 9) - Epoch 4/10 | Loss: 1.3315 | Acc: 0.4929 | Val Loss: 1.3316 | Val Acc: 0.4929 | Time: 13.31s
2025-03-05 03:30:25,888 - INFO - P2 (Round 9) - Epoch 5/10 | Loss: 1.3315 | Acc: 0.4929 | Val Loss: 1.3315 | Val Acc: 0.4929 | Time: 12.73s
2025-03-05 03:30:39,249 - INFO - P2 (Round 9) - Epoch 6/10 | Loss: 1.3315 | Acc: 0.4929 | Val Loss: 1.3315 | Val Acc: 0.4929 | Time: 13.36s
2025-03-05 03:30:51,265 - INFO - P2 (Round 9) - Epoch 7/10 | Loss: 1.3315 | Acc: 0.4929 | Val Loss: 1.3315 | Val Acc: 0.4929 | Time: 12.02s
2025-03-05 03:31:03,518 - INFO - P2 (Round 9) - Epoch 8/10 | Loss: 1.3315 | Acc: 0.4929 | Val Loss: 1.3315 | Val Acc: 0.4929 | Time: 12.25s
2025-03-05 03:31:16,175 - INFO - P2 (Round 9) - Epoch 9/10 | Loss: 1.3315 | Acc: 0.4929 | Val Loss: 1.3315 | Val Acc: 0.4929 | Time: 12.66s
2025-03-05 03:31:29,040 - INFO - P2 (Round 9) - Epoch 10/10 | Loss: 1.3315 | Acc: 0.4929 | Val Loss: 1.3315 | Val Acc: 0.4929 | Time: 12.86s
2025-03-05 03:31:31,671 - INFO - Round 9 completed in 242.88s
2025-03-05 03:31:31,671 - INFO - Global Model - P1 Test: Loss = 1.3315, Accuracy = 0.4929
2025-03-05 03:31:31,671 - INFO - Global Model - P2 Test: Loss = 1.3315, Accuracy = 0.4929
2025-03-05 03:31:43,920 - INFO - P1 (Round 10) - Epoch 1/10 | Loss: 1.3315 | Acc: 0.4929 | Val Loss: 1.3315 | Val Acc: 0.4929 | Time: 12.25s
2025-03-05 03:31:55,845 - INFO - P1 (Round 10) - Epoch 2/10 | Loss: 1.3315 | Acc: 0.4929 | Val Loss: 1.3314 | Val Acc: 0.4929 | Time: 11.92s
2025-03-05 03:32:07,696 - INFO - P1 (Round 10) - Epoch 3/10 | Loss: 1.3315 | Acc: 0.4929 | Val Loss: 1.3315 | Val Acc: 0.4929 | Time: 11.85s
2025-03-05 03:32:19,869 - INFO - P1 (Round 10) - Epoch 4/10 | Loss: 1.3315 | Acc: 0.4929 | Val Loss: 1.3315 | Val Acc: 0.4929 | Time: 12.17s
2025-03-05 03:32:33,167 - INFO - P1 (Round 10) - Epoch 5/10 | Loss: 1.3315 | Acc: 0.4929 | Val Loss: 1.3315 | Val Acc: 0.4929 | Time: 13.30s
2025-03-05 03:32:45,669 - INFO - P1 (Round 10) - Epoch 6/10 | Loss: 1.3315 | Acc: 0.4929 | Val Loss: 1.3315 | Val Acc: 0.4929 | Time: 12.50s
2025-03-05 03:32:57,664 - INFO - P1 (Round 10) - Epoch 7/10 | Loss: 1.3315 | Acc: 0.4929 | Val Loss: 1.3315 | Val Acc: 0.4929 | Time: 12.00s
2025-03-05 03:33:09,812 - INFO - P1 (Round 10) - Epoch 8/10 | Loss: 1.3315 | Acc: 0.4929 | Val Loss: 1.3315 | Val Acc: 0.4929 | Time: 12.15s
2025-03-05 03:33:21,785 - INFO - P1 (Round 10) - Epoch 9/10 | Loss: 1.3315 | Acc: 0.4929 | Val Loss: 1.3315 | Val Acc: 0.4929 | Time: 11.97s
2025-03-05 03:33:33,779 - INFO - P1 (Round 10) - Epoch 10/10 | Loss: 1.3315 | Acc: 0.4929 | Val Loss: 1.3315 | Val Acc: 0.4929 | Time: 11.99s
2025-03-05 03:33:47,049 - INFO - P2 (Round 10) - Epoch 1/10 | Loss: 1.3315 | Acc: 0.4929 | Val Loss: 1.3315 | Val Acc: 0.4929 | Time: 13.27s
2025-03-05 03:33:59,026 - INFO - P2 (Round 10) - Epoch 2/10 | Loss: 1.3315 | Acc: 0.4929 | Val Loss: 1.3314 | Val Acc: 0.4929 | Time: 11.98s
2025-03-05 03:34:11,154 - INFO - P2 (Round 10) - Epoch 3/10 | Loss: 1.3315 | Acc: 0.4929 | Val Loss: 1.3315 | Val Acc: 0.4929 | Time: 12.13s
2025-03-05 03:34:23,486 - INFO - P2 (Round 10) - Epoch 4/10 | Loss: 1.3315 | Acc: 0.4929 | Val Loss: 1.3315 | Val Acc: 0.4929 | Time: 12.33s
2025-03-05 03:34:35,600 - INFO - P2 (Round 10) - Epoch 5/10 | Loss: 1.3315 | Acc: 0.4929 | Val Loss: 1.3315 | Val Acc: 0.4929 | Time: 12.11s
2025-03-05 03:34:47,616 - INFO - P2 (Round 10) - Epoch 6/10 | Loss: 1.3315 | Acc: 0.4929 | Val Loss: 1.3315 | Val Acc: 0.4929 | Time: 12.02s
2025-03-05 03:35:00,855 - INFO - P2 (Round 10) - Epoch 7/10 | Loss: 1.3315 | Acc: 0.4929 | Val Loss: 1.3315 | Val Acc: 0.4929 | Time: 13.24s
2025-03-05 03:35:12,784 - INFO - P2 (Round 10) - Epoch 8/10 | Loss: 1.3315 | Acc: 0.4929 | Val Loss: 1.3315 | Val Acc: 0.4929 | Time: 11.93s
2025-03-05 03:35:25,255 - INFO - P2 (Round 10) - Epoch 9/10 | Loss: 1.3315 | Acc: 0.4929 | Val Loss: 1.3315 | Val Acc: 0.4929 | Time: 12.47s
2025-03-05 03:35:37,801 - INFO - P2 (Round 10) - Epoch 10/10 | Loss: 1.3315 | Acc: 0.4929 | Val Loss: 1.3315 | Val Acc: 0.4929 | Time: 12.55s
2025-03-05 03:35:40,391 - INFO - Round 10 completed in 248.72s
2025-03-05 03:35:40,391 - INFO - Global Model - P1 Test: Loss = 1.3315, Accuracy = 0.4929
2025-03-05 03:35:40,391 - INFO - Global Model - P2 Test: Loss = 1.3315, Accuracy = 0.4929
2025-03-05 03:35:42,777 - INFO - Final Results after 10 rounds:
2025-03-05 03:35:42,777 - INFO - Global Model - P1 Test: Loss = 1.3315, Accuracy = 0.4929
2025-03-05 03:35:42,777 - INFO - Global Model - P2 Test: Loss = 1.3315, Accuracy = 0.4929
2025-03-05 03:35:42,782 - INFO - Experiment 196 results saved to results/suppression_experiments/exp_196_p1f1_p2f1.json
