2025-03-05 04:41:36,365 - INFO - Starting Suppression Experiment 184
2025-03-05 04:41:36,365 - INFO - P1 Features (1/14): ['protocol']
2025-03-05 04:41:36,365 - INFO - P2 Features (13/14): ['protocol', 'bidirectional_min_ps', 'bidirectional_mean_ps', 'bidirectional_stddev_ps', 'bidirectional_max_ps', 'src2dst_stddev_ps', 'src2dst_max_ps', 'dst2src_min_ps', 'dst2src_mean_ps', 'dst2src_stddev_ps', 'dst2src_max_ps', 'bidirectional_stddev_piat_ms', 'bidirectional_max_piat_ms']
2025-03-05 04:41:47,177 - INFO - P1 (Round 1) - Epoch 1/10 | Loss: 1.3674 | Acc: 0.4824 | Val Loss: 1.3323 | Val Acc: 0.4929 | Time: 10.73s
2025-03-05 04:41:57,913 - INFO - P1 (Round 1) - Epoch 2/10 | Loss: 1.3320 | Acc: 0.4929 | Val Loss: 1.3323 | Val Acc: 0.4929 | Time: 10.74s
2025-03-05 04:42:08,740 - INFO - P1 (Round 1) - Epoch 3/10 | Loss: 1.3319 | Acc: 0.4929 | Val Loss: 1.3321 | Val Acc: 0.4929 | Time: 10.83s
2025-03-05 04:42:19,729 - INFO - P1 (Round 1) - Epoch 4/10 | Loss: 1.3318 | Acc: 0.4929 | Val Loss: 1.3317 | Val Acc: 0.4929 | Time: 10.99s
2025-03-05 04:42:31,385 - INFO - P1 (Round 1) - Epoch 5/10 | Loss: 1.3318 | Acc: 0.4929 | Val Loss: 1.3320 | Val Acc: 0.4929 | Time: 11.66s
2025-03-05 04:42:42,419 - INFO - P1 (Round 1) - Epoch 6/10 | Loss: 1.3318 | Acc: 0.4929 | Val Loss: 1.3318 | Val Acc: 0.4929 | Time: 11.03s
2025-03-05 04:42:52,949 - INFO - P1 (Round 1) - Epoch 7/10 | Loss: 1.3318 | Acc: 0.4929 | Val Loss: 1.3315 | Val Acc: 0.4929 | Time: 10.53s
2025-03-05 04:43:03,904 - INFO - P1 (Round 1) - Epoch 8/10 | Loss: 1.3317 | Acc: 0.4929 | Val Loss: 1.3316 | Val Acc: 0.4929 | Time: 10.95s
2025-03-05 04:43:14,747 - INFO - P1 (Round 1) - Epoch 9/10 | Loss: 1.3317 | Acc: 0.4929 | Val Loss: 1.3317 | Val Acc: 0.4929 | Time: 10.84s
2025-03-05 04:43:25,918 - INFO - P1 (Round 1) - Epoch 10/10 | Loss: 1.3317 | Acc: 0.4929 | Val Loss: 1.3315 | Val Acc: 0.4929 | Time: 11.17s
2025-03-05 04:43:37,070 - INFO - P2 (Round 1) - Epoch 1/10 | Loss: 0.3620 | Acc: 0.8696 | Val Loss: 0.2209 | Val Acc: 0.9191 | Time: 11.15s
2025-03-05 04:43:48,522 - INFO - P2 (Round 1) - Epoch 2/10 | Loss: 0.2007 | Acc: 0.9254 | Val Loss: 0.1861 | Val Acc: 0.9306 | Time: 11.45s
2025-03-05 04:43:59,070 - INFO - P2 (Round 1) - Epoch 3/10 | Loss: 0.1782 | Acc: 0.9344 | Val Loss: 0.1717 | Val Acc: 0.9400 | Time: 10.55s
2025-03-05 04:44:10,276 - INFO - P2 (Round 1) - Epoch 4/10 | Loss: 0.1659 | Acc: 0.9401 | Val Loss: 0.1620 | Val Acc: 0.9420 | Time: 11.21s
2025-03-05 04:44:21,245 - INFO - P2 (Round 1) - Epoch 5/10 | Loss: 0.1580 | Acc: 0.9445 | Val Loss: 0.1547 | Val Acc: 0.9468 | Time: 10.97s
2025-03-05 04:44:31,996 - INFO - P2 (Round 1) - Epoch 6/10 | Loss: 0.1524 | Acc: 0.9472 | Val Loss: 0.1502 | Val Acc: 0.9475 | Time: 10.75s
2025-03-05 04:44:42,440 - INFO - P2 (Round 1) - Epoch 7/10 | Loss: 0.1477 | Acc: 0.9493 | Val Loss: 0.1441 | Val Acc: 0.9516 | Time: 10.44s
2025-03-05 04:44:53,914 - INFO - P2 (Round 1) - Epoch 8/10 | Loss: 0.1396 | Acc: 0.9529 | Val Loss: 0.1368 | Val Acc: 0.9548 | Time: 11.47s
2025-03-05 04:45:04,941 - INFO - P2 (Round 1) - Epoch 9/10 | Loss: 0.1302 | Acc: 0.9574 | Val Loss: 0.1259 | Val Acc: 0.9611 | Time: 11.03s
2025-03-05 04:45:15,800 - INFO - P2 (Round 1) - Epoch 10/10 | Loss: 0.1199 | Acc: 0.9629 | Val Loss: 0.1178 | Val Acc: 0.9635 | Time: 10.86s
2025-03-05 04:45:18,123 - INFO - Round 1 completed in 221.68s
2025-03-05 04:45:18,123 - INFO - Global Model - P1 Test: Loss = 1.8226, Accuracy = 0.3958
2025-03-05 04:45:18,123 - INFO - Global Model - P2 Test: Loss = 0.8573, Accuracy = 0.6360
2025-03-05 04:45:28,910 - INFO - P1 (Round 2) - Epoch 1/10 | Loss: 1.3346 | Acc: 0.4924 | Val Loss: 1.3323 | Val Acc: 0.4929 | Time: 10.79s
2025-03-05 04:45:40,014 - INFO - P1 (Round 2) - Epoch 2/10 | Loss: 1.3323 | Acc: 0.4929 | Val Loss: 1.3324 | Val Acc: 0.4929 | Time: 11.10s
2025-03-05 04:45:50,532 - INFO - P1 (Round 2) - Epoch 3/10 | Loss: 1.3322 | Acc: 0.4929 | Val Loss: 1.3322 | Val Acc: 0.4929 | Time: 10.52s
2025-03-05 04:46:01,572 - INFO - P1 (Round 2) - Epoch 4/10 | Loss: 1.3321 | Acc: 0.4929 | Val Loss: 1.3315 | Val Acc: 0.4929 | Time: 11.04s
2025-03-05 04:46:13,078 - INFO - P1 (Round 2) - Epoch 5/10 | Loss: 1.3320 | Acc: 0.4929 | Val Loss: 1.3321 | Val Acc: 0.4929 | Time: 11.51s
2025-03-05 04:46:23,978 - INFO - P1 (Round 2) - Epoch 6/10 | Loss: 1.3320 | Acc: 0.4929 | Val Loss: 1.3317 | Val Acc: 0.4929 | Time: 10.90s
2025-03-05 04:46:34,823 - INFO - P1 (Round 2) - Epoch 7/10 | Loss: 1.3319 | Acc: 0.4929 | Val Loss: 1.3318 | Val Acc: 0.4929 | Time: 10.85s
2025-03-05 04:46:45,608 - INFO - P1 (Round 2) - Epoch 8/10 | Loss: 1.3319 | Acc: 0.4929 | Val Loss: 1.3316 | Val Acc: 0.4929 | Time: 10.78s
2025-03-05 04:46:56,530 - INFO - P1 (Round 2) - Epoch 9/10 | Loss: 1.3318 | Acc: 0.4929 | Val Loss: 1.3318 | Val Acc: 0.4929 | Time: 10.92s
2025-03-05 04:47:07,232 - INFO - P1 (Round 2) - Epoch 10/10 | Loss: 1.3317 | Acc: 0.4929 | Val Loss: 1.3317 | Val Acc: 0.4929 | Time: 10.70s
2025-03-05 04:47:18,893 - INFO - P2 (Round 2) - Epoch 1/10 | Loss: 0.1693 | Acc: 0.9447 | Val Loss: 0.1317 | Val Acc: 0.9606 | Time: 11.66s
2025-03-05 04:47:29,949 - INFO - P2 (Round 2) - Epoch 2/10 | Loss: 0.1215 | Acc: 0.9630 | Val Loss: 0.1151 | Val Acc: 0.9649 | Time: 11.06s
2025-03-05 04:47:40,670 - INFO - P2 (Round 2) - Epoch 3/10 | Loss: 0.1091 | Acc: 0.9664 | Val Loss: 0.1051 | Val Acc: 0.9677 | Time: 10.72s
2025-03-05 04:47:51,493 - INFO - P2 (Round 2) - Epoch 4/10 | Loss: 0.1025 | Acc: 0.9679 | Val Loss: 0.0996 | Val Acc: 0.9687 | Time: 10.82s
2025-03-05 04:48:02,132 - INFO - P2 (Round 2) - Epoch 5/10 | Loss: 0.0983 | Acc: 0.9691 | Val Loss: 0.0965 | Val Acc: 0.9691 | Time: 10.64s
2025-03-05 04:48:12,847 - INFO - P2 (Round 2) - Epoch 6/10 | Loss: 0.0953 | Acc: 0.9699 | Val Loss: 0.0931 | Val Acc: 0.9710 | Time: 10.72s
2025-03-05 04:48:24,307 - INFO - P2 (Round 2) - Epoch 7/10 | Loss: 0.0930 | Acc: 0.9705 | Val Loss: 0.0923 | Val Acc: 0.9706 | Time: 11.46s
2025-03-05 04:48:36,027 - INFO - P2 (Round 2) - Epoch 8/10 | Loss: 0.0912 | Acc: 0.9711 | Val Loss: 0.0934 | Val Acc: 0.9714 | Time: 11.72s
2025-03-05 04:48:46,992 - INFO - P2 (Round 2) - Epoch 9/10 | Loss: 0.0896 | Acc: 0.9717 | Val Loss: 0.0890 | Val Acc: 0.9721 | Time: 10.96s
2025-03-05 04:48:57,753 - INFO - P2 (Round 2) - Epoch 10/10 | Loss: 0.0885 | Acc: 0.9720 | Val Loss: 0.0876 | Val Acc: 0.9717 | Time: 10.76s
2025-03-05 04:49:00,384 - INFO - Round 2 completed in 222.26s
2025-03-05 04:49:00,384 - INFO - Global Model - P1 Test: Loss = 2.2307, Accuracy = 0.3958
2025-03-05 04:49:00,384 - INFO - Global Model - P2 Test: Loss = 0.6646, Accuracy = 0.8052
2025-03-05 04:49:11,407 - INFO - P1 (Round 3) - Epoch 1/10 | Loss: 1.3383 | Acc: 0.4911 | Val Loss: 1.3319 | Val Acc: 0.4929 | Time: 11.02s
2025-03-05 04:49:22,094 - INFO - P1 (Round 3) - Epoch 2/10 | Loss: 1.3325 | Acc: 0.4929 | Val Loss: 1.3332 | Val Acc: 0.4929 | Time: 10.69s
2025-03-05 04:49:33,372 - INFO - P1 (Round 3) - Epoch 3/10 | Loss: 1.3324 | Acc: 0.4929 | Val Loss: 1.3320 | Val Acc: 0.4929 | Time: 11.28s
2025-03-05 04:49:45,501 - INFO - P1 (Round 3) - Epoch 4/10 | Loss: 1.3323 | Acc: 0.4929 | Val Loss: 1.3325 | Val Acc: 0.4929 | Time: 12.13s
2025-03-05 04:49:56,306 - INFO - P1 (Round 3) - Epoch 5/10 | Loss: 1.3323 | Acc: 0.4929 | Val Loss: 1.3323 | Val Acc: 0.4929 | Time: 10.80s
2025-03-05 04:50:07,068 - INFO - P1 (Round 3) - Epoch 6/10 | Loss: 1.3322 | Acc: 0.4929 | Val Loss: 1.3322 | Val Acc: 0.4929 | Time: 10.76s
2025-03-05 04:50:17,549 - INFO - P1 (Round 3) - Epoch 7/10 | Loss: 1.3321 | Acc: 0.4929 | Val Loss: 1.3327 | Val Acc: 0.4929 | Time: 10.48s
2025-03-05 04:50:28,270 - INFO - P1 (Round 3) - Epoch 8/10 | Loss: 1.3321 | Acc: 0.4929 | Val Loss: 1.3316 | Val Acc: 0.4929 | Time: 10.72s
2025-03-05 04:50:38,951 - INFO - P1 (Round 3) - Epoch 9/10 | Loss: 1.3320 | Acc: 0.4929 | Val Loss: 1.3318 | Val Acc: 0.4929 | Time: 10.68s
2025-03-05 04:50:50,644 - INFO - P1 (Round 3) - Epoch 10/10 | Loss: 1.3320 | Acc: 0.4929 | Val Loss: 1.3321 | Val Acc: 0.4929 | Time: 11.69s
2025-03-05 04:51:01,675 - INFO - P2 (Round 3) - Epoch 1/10 | Loss: 0.1200 | Acc: 0.9641 | Val Loss: 0.1022 | Val Acc: 0.9689 | Time: 11.03s
2025-03-05 04:51:12,305 - INFO - P2 (Round 3) - Epoch 2/10 | Loss: 0.0977 | Acc: 0.9697 | Val Loss: 0.0935 | Val Acc: 0.9708 | Time: 10.63s
2025-03-05 04:51:22,902 - INFO - P2 (Round 3) - Epoch 3/10 | Loss: 0.0926 | Acc: 0.9708 | Val Loss: 0.0905 | Val Acc: 0.9722 | Time: 10.60s
2025-03-05 04:51:33,674 - INFO - P2 (Round 3) - Epoch 4/10 | Loss: 0.0897 | Acc: 0.9714 | Val Loss: 0.0890 | Val Acc: 0.9715 | Time: 10.77s
2025-03-05 04:51:44,198 - INFO - P2 (Round 3) - Epoch 5/10 | Loss: 0.0879 | Acc: 0.9720 | Val Loss: 0.0865 | Val Acc: 0.9725 | Time: 10.52s
2025-03-05 04:51:54,836 - INFO - P2 (Round 3) - Epoch 6/10 | Loss: 0.0865 | Acc: 0.9724 | Val Loss: 0.0872 | Val Acc: 0.9725 | Time: 10.64s
2025-03-05 04:52:06,617 - INFO - P2 (Round 3) - Epoch 7/10 | Loss: 0.0853 | Acc: 0.9725 | Val Loss: 0.0836 | Val Acc: 0.9732 | Time: 11.78s
2025-03-05 04:52:17,667 - INFO - P2 (Round 3) - Epoch 8/10 | Loss: 0.0843 | Acc: 0.9729 | Val Loss: 0.0842 | Val Acc: 0.9726 | Time: 11.05s
2025-03-05 04:52:28,359 - INFO - P2 (Round 3) - Epoch 9/10 | Loss: 0.0835 | Acc: 0.9731 | Val Loss: 0.0837 | Val Acc: 0.9736 | Time: 10.69s
2025-03-05 04:52:38,890 - INFO - P2 (Round 3) - Epoch 10/10 | Loss: 0.0829 | Acc: 0.9732 | Val Loss: 0.0831 | Val Acc: 0.9725 | Time: 10.53s
2025-03-05 04:52:41,099 - INFO - Round 3 completed in 220.72s
2025-03-05 04:52:41,100 - INFO - Global Model - P1 Test: Loss = 2.9279, Accuracy = 0.3958
2025-03-05 04:52:41,100 - INFO - Global Model - P2 Test: Loss = 1.9783, Accuracy = 0.6911
2025-03-05 04:52:51,888 - INFO - P1 (Round 4) - Epoch 1/10 | Loss: 1.3446 | Acc: 0.4919 | Val Loss: 1.3333 | Val Acc: 0.4929 | Time: 10.79s
2025-03-05 04:53:02,504 - INFO - P1 (Round 4) - Epoch 2/10 | Loss: 1.3329 | Acc: 0.4929 | Val Loss: 1.3332 | Val Acc: 0.4929 | Time: 10.62s
2025-03-05 04:53:14,025 - INFO - P1 (Round 4) - Epoch 3/10 | Loss: 1.3328 | Acc: 0.4929 | Val Loss: 1.3323 | Val Acc: 0.4929 | Time: 11.52s
2025-03-05 04:53:24,961 - INFO - P1 (Round 4) - Epoch 4/10 | Loss: 1.3327 | Acc: 0.4929 | Val Loss: 1.3335 | Val Acc: 0.4929 | Time: 10.94s
2025-03-05 04:53:35,786 - INFO - P1 (Round 4) - Epoch 5/10 | Loss: 1.3327 | Acc: 0.4929 | Val Loss: 1.3323 | Val Acc: 0.4929 | Time: 10.83s
2025-03-05 04:53:46,461 - INFO - P1 (Round 4) - Epoch 6/10 | Loss: 1.3326 | Acc: 0.4929 | Val Loss: 1.3331 | Val Acc: 0.4929 | Time: 10.67s
2025-03-05 04:53:57,189 - INFO - P1 (Round 4) - Epoch 7/10 | Loss: 1.3326 | Acc: 0.4929 | Val Loss: 1.3316 | Val Acc: 0.4929 | Time: 10.73s
2025-03-05 04:54:07,949 - INFO - P1 (Round 4) - Epoch 8/10 | Loss: 1.3325 | Acc: 0.4929 | Val Loss: 1.3321 | Val Acc: 0.4929 | Time: 10.76s
2025-03-05 04:54:18,815 - INFO - P1 (Round 4) - Epoch 9/10 | Loss: 1.3324 | Acc: 0.4929 | Val Loss: 1.3318 | Val Acc: 0.4929 | Time: 10.87s
2025-03-05 04:54:30,402 - INFO - P1 (Round 4) - Epoch 10/10 | Loss: 1.3323 | Acc: 0.4929 | Val Loss: 1.3325 | Val Acc: 0.4929 | Time: 11.59s
2025-03-05 04:54:41,040 - INFO - P2 (Round 4) - Epoch 1/10 | Loss: 0.1059 | Acc: 0.9677 | Val Loss: 0.0912 | Val Acc: 0.9714 | Time: 10.64s
2025-03-05 04:54:51,999 - INFO - P2 (Round 4) - Epoch 2/10 | Loss: 0.0890 | Acc: 0.9717 | Val Loss: 0.0887 | Val Acc: 0.9711 | Time: 10.96s
2025-03-05 04:55:02,529 - INFO - P2 (Round 4) - Epoch 3/10 | Loss: 0.0860 | Acc: 0.9724 | Val Loss: 0.0887 | Val Acc: 0.9701 | Time: 10.53s
2025-03-05 04:55:13,102 - INFO - P2 (Round 4) - Epoch 4/10 | Loss: 0.0846 | Acc: 0.9728 | Val Loss: 0.0837 | Val Acc: 0.9738 | Time: 10.57s
2025-03-05 04:55:23,626 - INFO - P2 (Round 4) - Epoch 5/10 | Loss: 0.0832 | Acc: 0.9732 | Val Loss: 0.0825 | Val Acc: 0.9743 | Time: 10.52s
2025-03-05 04:55:34,873 - INFO - P2 (Round 4) - Epoch 6/10 | Loss: 0.0823 | Acc: 0.9732 | Val Loss: 0.0827 | Val Acc: 0.9735 | Time: 11.25s
2025-03-05 04:55:45,871 - INFO - P2 (Round 4) - Epoch 7/10 | Loss: 0.0815 | Acc: 0.9736 | Val Loss: 0.0869 | Val Acc: 0.9707 | Time: 11.00s
2025-03-05 04:55:56,392 - INFO - P2 (Round 4) - Epoch 8/10 | Loss: 0.0811 | Acc: 0.9738 | Val Loss: 0.0799 | Val Acc: 0.9746 | Time: 10.52s
2025-03-05 04:56:07,191 - INFO - P2 (Round 4) - Epoch 9/10 | Loss: 0.0804 | Acc: 0.9740 | Val Loss: 0.0821 | Val Acc: 0.9732 | Time: 10.80s
2025-03-05 04:56:17,896 - INFO - P2 (Round 4) - Epoch 10/10 | Loss: 0.0799 | Acc: 0.9742 | Val Loss: 0.0830 | Val Acc: 0.9735 | Time: 10.70s
2025-03-05 04:56:20,191 - INFO - Round 4 completed in 219.09s
2025-03-05 04:56:20,191 - INFO - Global Model - P1 Test: Loss = 3.2249, Accuracy = 0.3958
2025-03-05 04:56:20,191 - INFO - Global Model - P2 Test: Loss = 1.8028, Accuracy = 0.7091
2025-03-05 04:56:31,182 - INFO - P1 (Round 5) - Epoch 1/10 | Loss: 1.3474 | Acc: 0.4919 | Val Loss: 1.3351 | Val Acc: 0.4929 | Time: 10.99s
2025-03-05 04:56:42,043 - INFO - P1 (Round 5) - Epoch 2/10 | Loss: 1.3331 | Acc: 0.4929 | Val Loss: 1.3322 | Val Acc: 0.4929 | Time: 10.86s
2025-03-05 04:56:53,744 - INFO - P1 (Round 5) - Epoch 3/10 | Loss: 1.3330 | Acc: 0.4929 | Val Loss: 1.3327 | Val Acc: 0.4929 | Time: 11.70s
2025-03-05 04:57:04,693 - INFO - P1 (Round 5) - Epoch 4/10 | Loss: 1.3330 | Acc: 0.4929 | Val Loss: 1.3330 | Val Acc: 0.4929 | Time: 10.95s
2025-03-05 04:57:15,618 - INFO - P1 (Round 5) - Epoch 5/10 | Loss: 1.3328 | Acc: 0.4929 | Val Loss: 1.3320 | Val Acc: 0.4929 | Time: 10.92s
2025-03-05 04:57:26,280 - INFO - P1 (Round 5) - Epoch 6/10 | Loss: 1.3328 | Acc: 0.4929 | Val Loss: 1.3325 | Val Acc: 0.4929 | Time: 10.66s
2025-03-05 04:57:37,126 - INFO - P1 (Round 5) - Epoch 7/10 | Loss: 1.3327 | Acc: 0.4929 | Val Loss: 1.3323 | Val Acc: 0.4929 | Time: 10.85s
2025-03-05 04:57:47,733 - INFO - P1 (Round 5) - Epoch 8/10 | Loss: 1.3327 | Acc: 0.4929 | Val Loss: 1.3326 | Val Acc: 0.4929 | Time: 10.61s
2025-03-05 04:57:59,178 - INFO - P1 (Round 5) - Epoch 9/10 | Loss: 1.3326 | Acc: 0.4929 | Val Loss: 1.3320 | Val Acc: 0.4929 | Time: 11.45s
2025-03-05 04:58:10,390 - INFO - P1 (Round 5) - Epoch 10/10 | Loss: 1.3325 | Acc: 0.4929 | Val Loss: 1.3325 | Val Acc: 0.4929 | Time: 11.21s
2025-03-05 04:58:20,899 - INFO - P2 (Round 5) - Epoch 1/10 | Loss: 0.0966 | Acc: 0.9696 | Val Loss: 0.0841 | Val Acc: 0.9726 | Time: 10.51s
2025-03-05 04:58:31,772 - INFO - P2 (Round 5) - Epoch 2/10 | Loss: 0.0835 | Acc: 0.9730 | Val Loss: 0.0817 | Val Acc: 0.9738 | Time: 10.87s
2025-03-05 04:58:42,546 - INFO - P2 (Round 5) - Epoch 3/10 | Loss: 0.0820 | Acc: 0.9735 | Val Loss: 0.0806 | Val Acc: 0.9740 | Time: 10.77s
2025-03-05 04:58:53,036 - INFO - P2 (Round 5) - Epoch 4/10 | Loss: 0.0809 | Acc: 0.9739 | Val Loss: 0.0829 | Val Acc: 0.9729 | Time: 10.49s
2025-03-05 04:59:04,099 - INFO - P2 (Round 5) - Epoch 5/10 | Loss: 0.0799 | Acc: 0.9743 | Val Loss: 0.0808 | Val Acc: 0.9741 | Time: 11.06s
2025-03-05 04:59:15,824 - INFO - P2 (Round 5) - Epoch 6/10 | Loss: 0.0794 | Acc: 0.9745 | Val Loss: 0.0779 | Val Acc: 0.9751 | Time: 11.72s
2025-03-05 04:59:26,692 - INFO - P2 (Round 5) - Epoch 7/10 | Loss: 0.0786 | Acc: 0.9748 | Val Loss: 0.0794 | Val Acc: 0.9746 | Time: 10.87s
2025-03-05 04:59:37,253 - INFO - P2 (Round 5) - Epoch 8/10 | Loss: 0.0782 | Acc: 0.9748 | Val Loss: 0.0794 | Val Acc: 0.9749 | Time: 10.56s
2025-03-05 04:59:48,313 - INFO - P2 (Round 5) - Epoch 9/10 | Loss: 0.0778 | Acc: 0.9750 | Val Loss: 0.0810 | Val Acc: 0.9724 | Time: 11.06s
2025-03-05 04:59:59,140 - INFO - P2 (Round 5) - Epoch 10/10 | Loss: 0.0775 | Acc: 0.9752 | Val Loss: 0.0753 | Val Acc: 0.9756 | Time: 10.83s
2025-03-05 05:00:01,677 - INFO - Round 5 completed in 221.49s
2025-03-05 05:00:01,677 - INFO - Global Model - P1 Test: Loss = 3.7085, Accuracy = 0.3958
2025-03-05 05:00:01,677 - INFO - Global Model - P2 Test: Loss = 1.4013, Accuracy = 0.7368
2025-03-05 05:00:12,253 - INFO - P1 (Round 6) - Epoch 1/10 | Loss: 1.3511 | Acc: 0.4917 | Val Loss: 1.3328 | Val Acc: 0.4929 | Time: 10.57s
2025-03-05 05:00:23,979 - INFO - P1 (Round 6) - Epoch 2/10 | Loss: 1.3332 | Acc: 0.4929 | Val Loss: 1.3335 | Val Acc: 0.4929 | Time: 11.73s
2025-03-05 05:00:35,045 - INFO - P1 (Round 6) - Epoch 3/10 | Loss: 1.3331 | Acc: 0.4929 | Val Loss: 1.3335 | Val Acc: 0.4929 | Time: 11.07s
2025-03-05 05:00:45,715 - INFO - P1 (Round 6) - Epoch 4/10 | Loss: 1.3332 | Acc: 0.4929 | Val Loss: 1.3324 | Val Acc: 0.4929 | Time: 10.67s
2025-03-05 05:00:56,590 - INFO - P1 (Round 6) - Epoch 5/10 | Loss: 1.3330 | Acc: 0.4929 | Val Loss: 1.3318 | Val Acc: 0.4929 | Time: 10.88s
2025-03-05 05:01:07,398 - INFO - P1 (Round 6) - Epoch 6/10 | Loss: 1.3329 | Acc: 0.4929 | Val Loss: 1.3328 | Val Acc: 0.4929 | Time: 10.81s
2025-03-05 05:01:18,405 - INFO - P1 (Round 6) - Epoch 7/10 | Loss: 1.3329 | Acc: 0.4929 | Val Loss: 1.3324 | Val Acc: 0.4929 | Time: 11.01s
2025-03-05 05:01:29,559 - INFO - P1 (Round 6) - Epoch 8/10 | Loss: 1.3329 | Acc: 0.4929 | Val Loss: 1.3322 | Val Acc: 0.4929 | Time: 11.15s
2025-03-05 05:01:40,880 - INFO - P1 (Round 6) - Epoch 9/10 | Loss: 1.3328 | Acc: 0.4929 | Val Loss: 1.3319 | Val Acc: 0.4929 | Time: 11.32s
2025-03-05 05:01:51,625 - INFO - P1 (Round 6) - Epoch 10/10 | Loss: 1.3328 | Acc: 0.4929 | Val Loss: 1.3343 | Val Acc: 0.4929 | Time: 10.74s
2025-03-05 05:02:02,318 - INFO - P2 (Round 6) - Epoch 1/10 | Loss: 0.0909 | Acc: 0.9709 | Val Loss: 0.0800 | Val Acc: 0.9741 | Time: 10.69s
2025-03-05 05:02:13,073 - INFO - P2 (Round 6) - Epoch 2/10 | Loss: 0.0799 | Acc: 0.9744 | Val Loss: 0.0791 | Val Acc: 0.9749 | Time: 10.75s
2025-03-05 05:02:23,969 - INFO - P2 (Round 6) - Epoch 3/10 | Loss: 0.0789 | Acc: 0.9747 | Val Loss: 0.0767 | Val Acc: 0.9756 | Time: 10.90s
2025-03-05 05:02:34,664 - INFO - P2 (Round 6) - Epoch 4/10 | Loss: 0.0782 | Acc: 0.9749 | Val Loss: 0.0785 | Val Acc: 0.9745 | Time: 10.69s
2025-03-05 05:02:46,325 - INFO - P2 (Round 6) - Epoch 5/10 | Loss: 0.0776 | Acc: 0.9751 | Val Loss: 0.0769 | Val Acc: 0.9753 | Time: 11.66s
2025-03-05 05:02:57,206 - INFO - P2 (Round 6) - Epoch 6/10 | Loss: 0.0772 | Acc: 0.9752 | Val Loss: 0.0794 | Val Acc: 0.9746 | Time: 10.88s
2025-03-05 05:03:07,770 - INFO - P2 (Round 6) - Epoch 7/10 | Loss: 0.0767 | Acc: 0.9753 | Val Loss: 0.0757 | Val Acc: 0.9767 | Time: 10.56s
2025-03-05 05:03:18,539 - INFO - P2 (Round 6) - Epoch 8/10 | Loss: 0.0766 | Acc: 0.9754 | Val Loss: 0.0773 | Val Acc: 0.9754 | Time: 10.77s
2025-03-05 05:03:29,394 - INFO - P2 (Round 6) - Epoch 9/10 | Loss: 0.0762 | Acc: 0.9755 | Val Loss: 0.0773 | Val Acc: 0.9754 | Time: 10.86s
2025-03-05 05:03:40,089 - INFO - P2 (Round 6) - Epoch 10/10 | Loss: 0.0758 | Acc: 0.9755 | Val Loss: 0.0764 | Val Acc: 0.9756 | Time: 10.69s
2025-03-05 05:03:42,347 - INFO - Round 6 completed in 220.67s
2025-03-05 05:03:42,348 - INFO - Global Model - P1 Test: Loss = 4.0904, Accuracy = 0.3958
2025-03-05 05:03:42,348 - INFO - Global Model - P2 Test: Loss = 1.0012, Accuracy = 0.8224
2025-03-05 05:03:53,505 - INFO - P1 (Round 7) - Epoch 1/10 | Loss: 1.3536 | Acc: 0.4917 | Val Loss: 1.3324 | Val Acc: 0.4929 | Time: 11.16s
2025-03-05 05:04:05,119 - INFO - P1 (Round 7) - Epoch 2/10 | Loss: 1.3333 | Acc: 0.4929 | Val Loss: 1.3347 | Val Acc: 0.4929 | Time: 11.61s
2025-03-05 05:04:15,823 - INFO - P1 (Round 7) - Epoch 3/10 | Loss: 1.3333 | Acc: 0.4929 | Val Loss: 1.3326 | Val Acc: 0.4929 | Time: 10.70s
2025-03-05 05:04:26,543 - INFO - P1 (Round 7) - Epoch 4/10 | Loss: 1.3333 | Acc: 0.4929 | Val Loss: 1.3321 | Val Acc: 0.4929 | Time: 10.72s
2025-03-05 05:04:37,404 - INFO - P1 (Round 7) - Epoch 5/10 | Loss: 1.3331 | Acc: 0.4929 | Val Loss: 1.3339 | Val Acc: 0.4929 | Time: 10.86s
2025-03-05 05:04:50,426 - INFO - P1 (Round 7) - Epoch 6/10 | Loss: 1.3331 | Acc: 0.4929 | Val Loss: 1.3341 | Val Acc: 0.4929 | Time: 13.02s
2025-03-05 05:05:02,939 - INFO - P1 (Round 7) - Epoch 7/10 | Loss: 1.3331 | Acc: 0.4929 | Val Loss: 1.3323 | Val Acc: 0.4929 | Time: 12.51s
2025-03-05 05:05:15,060 - INFO - P1 (Round 7) - Epoch 8/10 | Loss: 1.3330 | Acc: 0.4929 | Val Loss: 1.3326 | Val Acc: 0.4929 | Time: 12.12s
2025-03-05 05:05:26,544 - INFO - P1 (Round 7) - Epoch 9/10 | Loss: 1.3329 | Acc: 0.4929 | Val Loss: 1.3321 | Val Acc: 0.4929 | Time: 11.48s
2025-03-05 05:05:37,230 - INFO - P1 (Round 7) - Epoch 10/10 | Loss: 1.3329 | Acc: 0.4929 | Val Loss: 1.3338 | Val Acc: 0.4929 | Time: 10.69s
2025-03-05 05:05:47,891 - INFO - P2 (Round 7) - Epoch 1/10 | Loss: 0.0852 | Acc: 0.9728 | Val Loss: 0.0775 | Val Acc: 0.9758 | Time: 10.66s
2025-03-05 05:05:58,658 - INFO - P2 (Round 7) - Epoch 2/10 | Loss: 0.0777 | Acc: 0.9749 | Val Loss: 0.0775 | Val Acc: 0.9753 | Time: 10.77s
2025-03-05 05:06:09,419 - INFO - P2 (Round 7) - Epoch 3/10 | Loss: 0.0767 | Acc: 0.9753 | Val Loss: 0.0773 | Val Acc: 0.9750 | Time: 10.76s
2025-03-05 05:06:21,201 - INFO - P2 (Round 7) - Epoch 4/10 | Loss: 0.0764 | Acc: 0.9753 | Val Loss: 0.0783 | Val Acc: 0.9754 | Time: 11.78s
2025-03-05 05:06:32,009 - INFO - P2 (Round 7) - Epoch 5/10 | Loss: 0.0761 | Acc: 0.9755 | Val Loss: 0.0759 | Val Acc: 0.9759 | Time: 10.81s
2025-03-05 05:06:42,578 - INFO - P2 (Round 7) - Epoch 6/10 | Loss: 0.0755 | Acc: 0.9756 | Val Loss: 0.0770 | Val Acc: 0.9759 | Time: 10.57s
2025-03-05 05:06:53,197 - INFO - P2 (Round 7) - Epoch 7/10 | Loss: 0.0752 | Acc: 0.9757 | Val Loss: 0.0739 | Val Acc: 0.9763 | Time: 10.62s
2025-03-05 05:07:03,847 - INFO - P2 (Round 7) - Epoch 8/10 | Loss: 0.0748 | Acc: 0.9758 | Val Loss: 0.0724 | Val Acc: 0.9770 | Time: 10.65s
2025-03-05 05:07:14,656 - INFO - P2 (Round 7) - Epoch 9/10 | Loss: 0.0747 | Acc: 0.9760 | Val Loss: 0.0736 | Val Acc: 0.9767 | Time: 10.81s
2025-03-05 05:07:25,618 - INFO - P2 (Round 7) - Epoch 10/10 | Loss: 0.0743 | Acc: 0.9761 | Val Loss: 0.0735 | Val Acc: 0.9762 | Time: 10.96s
2025-03-05 05:07:28,202 - INFO - Round 7 completed in 225.85s
2025-03-05 05:07:28,203 - INFO - Global Model - P1 Test: Loss = 4.2623, Accuracy = 0.3958
2025-03-05 05:07:28,203 - INFO - Global Model - P2 Test: Loss = 0.9767, Accuracy = 0.8012
2025-03-05 05:07:39,219 - INFO - P1 (Round 8) - Epoch 1/10 | Loss: 1.3550 | Acc: 0.4918 | Val Loss: 1.3320 | Val Acc: 0.4929 | Time: 11.02s
2025-03-05 05:07:49,910 - INFO - P1 (Round 8) - Epoch 2/10 | Loss: 1.3335 | Acc: 0.4929 | Val Loss: 1.3349 | Val Acc: 0.4929 | Time: 10.69s
2025-03-05 05:08:00,601 - INFO - P1 (Round 8) - Epoch 3/10 | Loss: 1.3334 | Acc: 0.4929 | Val Loss: 1.3330 | Val Acc: 0.4929 | Time: 10.69s
2025-03-05 05:08:11,367 - INFO - P1 (Round 8) - Epoch 4/10 | Loss: 1.3333 | Acc: 0.4929 | Val Loss: 1.3331 | Val Acc: 0.4929 | Time: 10.77s
2025-03-05 05:08:22,325 - INFO - P1 (Round 8) - Epoch 5/10 | Loss: 1.3332 | Acc: 0.4929 | Val Loss: 1.3327 | Val Acc: 0.4929 | Time: 10.96s
2025-03-05 05:08:33,287 - INFO - P1 (Round 8) - Epoch 6/10 | Loss: 1.3331 | Acc: 0.4929 | Val Loss: 1.3342 | Val Acc: 0.4929 | Time: 10.96s
2025-03-05 05:08:45,737 - INFO - P1 (Round 8) - Epoch 7/10 | Loss: 1.3331 | Acc: 0.4929 | Val Loss: 1.3329 | Val Acc: 0.4929 | Time: 12.45s
2025-03-05 05:08:57,414 - INFO - P1 (Round 8) - Epoch 8/10 | Loss: 1.3331 | Acc: 0.4929 | Val Loss: 1.3321 | Val Acc: 0.4929 | Time: 11.68s
2025-03-05 05:09:08,352 - INFO - P1 (Round 8) - Epoch 9/10 | Loss: 1.3330 | Acc: 0.4929 | Val Loss: 1.3318 | Val Acc: 0.4929 | Time: 10.94s
2025-03-05 05:09:19,040 - INFO - P1 (Round 8) - Epoch 10/10 | Loss: 1.3330 | Acc: 0.4929 | Val Loss: 1.3330 | Val Acc: 0.4929 | Time: 10.69s
2025-03-05 05:09:29,717 - INFO - P2 (Round 8) - Epoch 1/10 | Loss: 0.0819 | Acc: 0.9738 | Val Loss: 0.0757 | Val Acc: 0.9751 | Time: 10.68s
2025-03-05 05:09:40,405 - INFO - P2 (Round 8) - Epoch 2/10 | Loss: 0.0760 | Acc: 0.9755 | Val Loss: 0.0788 | Val Acc: 0.9725 | Time: 10.69s
2025-03-05 05:09:51,898 - INFO - P2 (Round 8) - Epoch 3/10 | Loss: 0.0752 | Acc: 0.9757 | Val Loss: 0.0752 | Val Acc: 0.9760 | Time: 11.49s
2025-03-05 05:10:02,892 - INFO - P2 (Round 8) - Epoch 4/10 | Loss: 0.0747 | Acc: 0.9759 | Val Loss: 0.0762 | Val Acc: 0.9745 | Time: 10.99s
2025-03-05 05:10:13,685 - INFO - P2 (Round 8) - Epoch 5/10 | Loss: 0.0744 | Acc: 0.9760 | Val Loss: 0.0733 | Val Acc: 0.9765 | Time: 10.79s
2025-03-05 05:10:24,531 - INFO - P2 (Round 8) - Epoch 6/10 | Loss: 0.0742 | Acc: 0.9761 | Val Loss: 0.0722 | Val Acc: 0.9772 | Time: 10.85s
2025-03-05 05:10:35,418 - INFO - P2 (Round 8) - Epoch 7/10 | Loss: 0.0739 | Acc: 0.9762 | Val Loss: 0.0724 | Val Acc: 0.9771 | Time: 10.89s
2025-03-05 05:10:46,203 - INFO - P2 (Round 8) - Epoch 8/10 | Loss: 0.0737 | Acc: 0.9763 | Val Loss: 0.0736 | Val Acc: 0.9766 | Time: 10.78s
2025-03-05 05:10:57,049 - INFO - P2 (Round 8) - Epoch 9/10 | Loss: 0.0734 | Acc: 0.9764 | Val Loss: 0.0715 | Val Acc: 0.9771 | Time: 10.85s
2025-03-05 05:11:08,858 - INFO - P2 (Round 8) - Epoch 10/10 | Loss: 0.0731 | Acc: 0.9765 | Val Loss: 0.0722 | Val Acc: 0.9774 | Time: 11.81s
2025-03-05 05:11:11,225 - INFO - Round 8 completed in 223.02s
2025-03-05 05:11:11,226 - INFO - Global Model - P1 Test: Loss = 4.3687, Accuracy = 0.3958
2025-03-05 05:11:11,226 - INFO - Global Model - P2 Test: Loss = 0.9459, Accuracy = 0.7931
2025-03-05 05:11:22,188 - INFO - P1 (Round 9) - Epoch 1/10 | Loss: 1.3557 | Acc: 0.4917 | Val Loss: 1.3325 | Val Acc: 0.4929 | Time: 10.96s
2025-03-05 05:11:32,941 - INFO - P1 (Round 9) - Epoch 2/10 | Loss: 1.3336 | Acc: 0.4929 | Val Loss: 1.3335 | Val Acc: 0.4929 | Time: 10.75s
2025-03-05 05:11:43,516 - INFO - P1 (Round 9) - Epoch 3/10 | Loss: 1.3335 | Acc: 0.4929 | Val Loss: 1.3350 | Val Acc: 0.4929 | Time: 10.57s
2025-03-05 05:11:54,270 - INFO - P1 (Round 9) - Epoch 4/10 | Loss: 1.3333 | Acc: 0.4929 | Val Loss: 1.3348 | Val Acc: 0.4929 | Time: 10.75s
2025-03-05 05:12:04,977 - INFO - P1 (Round 9) - Epoch 5/10 | Loss: 1.3333 | Acc: 0.4929 | Val Loss: 1.3322 | Val Acc: 0.4929 | Time: 10.71s
2025-03-05 05:12:16,667 - INFO - P1 (Round 9) - Epoch 6/10 | Loss: 1.3333 | Acc: 0.4929 | Val Loss: 1.3322 | Val Acc: 0.4929 | Time: 11.69s
2025-03-05 05:12:27,491 - INFO - P1 (Round 9) - Epoch 7/10 | Loss: 1.3333 | Acc: 0.4929 | Val Loss: 1.3325 | Val Acc: 0.4929 | Time: 10.82s
2025-03-05 05:12:38,220 - INFO - P1 (Round 9) - Epoch 8/10 | Loss: 1.3332 | Acc: 0.4929 | Val Loss: 1.3326 | Val Acc: 0.4929 | Time: 10.73s
2025-03-05 05:12:49,041 - INFO - P1 (Round 9) - Epoch 9/10 | Loss: 1.3332 | Acc: 0.4929 | Val Loss: 1.3324 | Val Acc: 0.4929 | Time: 10.82s
2025-03-05 05:12:59,794 - INFO - P1 (Round 9) - Epoch 10/10 | Loss: 1.3331 | Acc: 0.4929 | Val Loss: 1.3336 | Val Acc: 0.4929 | Time: 10.75s
2025-03-05 05:13:10,696 - INFO - P2 (Round 9) - Epoch 1/10 | Loss: 0.0800 | Acc: 0.9745 | Val Loss: 0.0746 | Val Acc: 0.9749 | Time: 10.90s
2025-03-05 05:13:21,901 - INFO - P2 (Round 9) - Epoch 2/10 | Loss: 0.0746 | Acc: 0.9759 | Val Loss: 0.0738 | Val Acc: 0.9766 | Time: 11.20s
2025-03-05 05:13:33,398 - INFO - P2 (Round 9) - Epoch 3/10 | Loss: 0.0740 | Acc: 0.9761 | Val Loss: 0.0781 | Val Acc: 0.9727 | Time: 11.50s
2025-03-05 05:13:44,225 - INFO - P2 (Round 9) - Epoch 4/10 | Loss: 0.0736 | Acc: 0.9763 | Val Loss: 0.0720 | Val Acc: 0.9772 | Time: 10.83s
2025-03-05 05:13:54,757 - INFO - P2 (Round 9) - Epoch 5/10 | Loss: 0.0734 | Acc: 0.9763 | Val Loss: 0.0730 | Val Acc: 0.9770 | Time: 10.53s
2025-03-05 05:14:05,436 - INFO - P2 (Round 9) - Epoch 6/10 | Loss: 0.0733 | Acc: 0.9764 | Val Loss: 0.0744 | Val Acc: 0.9764 | Time: 10.68s
2025-03-05 05:14:16,656 - INFO - P2 (Round 9) - Epoch 7/10 | Loss: 0.0731 | Acc: 0.9765 | Val Loss: 0.0728 | Val Acc: 0.9757 | Time: 11.22s
2025-03-05 05:14:27,267 - INFO - P2 (Round 9) - Epoch 8/10 | Loss: 0.0729 | Acc: 0.9765 | Val Loss: 0.0757 | Val Acc: 0.9749 | Time: 10.61s
2025-03-05 05:14:39,172 - INFO - P2 (Round 9) - Epoch 9/10 | Loss: 0.0728 | Acc: 0.9765 | Val Loss: 0.0715 | Val Acc: 0.9778 | Time: 11.90s
2025-03-05 05:14:50,583 - INFO - P2 (Round 9) - Epoch 10/10 | Loss: 0.0724 | Acc: 0.9767 | Val Loss: 0.0746 | Val Acc: 0.9757 | Time: 11.41s
2025-03-05 05:14:52,899 - INFO - Round 9 completed in 221.67s
2025-03-05 05:14:52,899 - INFO - Global Model - P1 Test: Loss = 4.4876, Accuracy = 0.3958
2025-03-05 05:14:52,899 - INFO - Global Model - P2 Test: Loss = 0.9470, Accuracy = 0.7804
2025-03-05 05:15:03,754 - INFO - P1 (Round 10) - Epoch 1/10 | Loss: 1.3589 | Acc: 0.4916 | Val Loss: 1.3334 | Val Acc: 0.4929 | Time: 10.85s
2025-03-05 05:15:14,854 - INFO - P1 (Round 10) - Epoch 2/10 | Loss: 1.3335 | Acc: 0.4929 | Val Loss: 1.3318 | Val Acc: 0.4929 | Time: 11.10s
2025-03-05 05:15:25,533 - INFO - P1 (Round 10) - Epoch 3/10 | Loss: 1.3334 | Acc: 0.4929 | Val Loss: 1.3327 | Val Acc: 0.4929 | Time: 10.68s
2025-03-05 05:15:36,515 - INFO - P1 (Round 10) - Epoch 4/10 | Loss: 1.3335 | Acc: 0.4929 | Val Loss: 1.3319 | Val Acc: 0.4929 | Time: 10.98s
2025-03-05 05:15:48,272 - INFO - P1 (Round 10) - Epoch 5/10 | Loss: 1.3334 | Acc: 0.4929 | Val Loss: 1.3317 | Val Acc: 0.4929 | Time: 11.76s
2025-03-05 05:15:59,531 - INFO - P1 (Round 10) - Epoch 6/10 | Loss: 1.3332 | Acc: 0.4929 | Val Loss: 1.3336 | Val Acc: 0.4929 | Time: 11.26s
2025-03-05 05:16:09,924 - INFO - P1 (Round 10) - Epoch 7/10 | Loss: 1.3332 | Acc: 0.4929 | Val Loss: 1.3320 | Val Acc: 0.4929 | Time: 10.39s
2025-03-05 05:16:20,633 - INFO - P1 (Round 10) - Epoch 8/10 | Loss: 1.3331 | Acc: 0.4929 | Val Loss: 1.3352 | Val Acc: 0.4929 | Time: 10.71s
2025-03-05 05:16:31,305 - INFO - P1 (Round 10) - Epoch 9/10 | Loss: 1.3331 | Acc: 0.4929 | Val Loss: 1.3330 | Val Acc: 0.4929 | Time: 10.67s
2025-03-05 05:16:41,975 - INFO - P1 (Round 10) - Epoch 10/10 | Loss: 1.3330 | Acc: 0.4929 | Val Loss: 1.3333 | Val Acc: 0.4929 | Time: 10.67s
2025-03-05 05:16:53,038 - INFO - P2 (Round 10) - Epoch 1/10 | Loss: 0.0788 | Acc: 0.9747 | Val Loss: 0.0769 | Val Acc: 0.9737 | Time: 11.06s
2025-03-05 05:17:04,896 - INFO - P2 (Round 10) - Epoch 2/10 | Loss: 0.0737 | Acc: 0.9762 | Val Loss: 0.0732 | Val Acc: 0.9755 | Time: 11.86s
2025-03-05 05:17:15,754 - INFO - P2 (Round 10) - Epoch 3/10 | Loss: 0.0732 | Acc: 0.9765 | Val Loss: 0.0711 | Val Acc: 0.9774 | Time: 10.86s
2025-03-05 05:17:26,474 - INFO - P2 (Round 10) - Epoch 4/10 | Loss: 0.0727 | Acc: 0.9765 | Val Loss: 0.0732 | Val Acc: 0.9759 | Time: 10.72s
2025-03-05 05:17:37,343 - INFO - P2 (Round 10) - Epoch 5/10 | Loss: 0.0726 | Acc: 0.9766 | Val Loss: 0.0708 | Val Acc: 0.9773 | Time: 10.87s
2025-03-05 05:17:47,944 - INFO - P2 (Round 10) - Epoch 6/10 | Loss: 0.0724 | Acc: 0.9767 | Val Loss: 0.0751 | Val Acc: 0.9748 | Time: 10.60s
2025-03-05 05:17:58,497 - INFO - P2 (Round 10) - Epoch 7/10 | Loss: 0.0722 | Acc: 0.9767 | Val Loss: 0.0718 | Val Acc: 0.9763 | Time: 10.55s
2025-03-05 05:18:09,851 - INFO - P2 (Round 10) - Epoch 8/10 | Loss: 0.0721 | Acc: 0.9768 | Val Loss: 0.0727 | Val Acc: 0.9760 | Time: 11.35s
2025-03-05 05:18:21,355 - INFO - P2 (Round 10) - Epoch 9/10 | Loss: 0.0720 | Acc: 0.9769 | Val Loss: 0.0701 | Val Acc: 0.9777 | Time: 11.50s
2025-03-05 05:18:32,233 - INFO - P2 (Round 10) - Epoch 10/10 | Loss: 0.0717 | Acc: 0.9770 | Val Loss: 0.0725 | Val Acc: 0.9765 | Time: 10.88s
2025-03-05 05:18:34,574 - INFO - Round 10 completed in 221.67s
2025-03-05 05:18:34,574 - INFO - Global Model - P1 Test: Loss = 4.4496, Accuracy = 0.3958
2025-03-05 05:18:34,574 - INFO - Global Model - P2 Test: Loss = 0.8191, Accuracy = 0.8076
2025-03-05 05:18:36,916 - INFO - Final Results after 10 rounds:
2025-03-05 05:18:36,917 - INFO - Global Model - P1 Test: Loss = 4.4496, Accuracy = 0.3958
2025-03-05 05:18:36,917 - INFO - Global Model - P2 Test: Loss = 0.8191, Accuracy = 0.8076
2025-03-05 05:18:36,925 - INFO - Experiment 184 results saved to results/suppression_experiments/exp_184_p1f1_p2f13.json
