2025-03-04 17:33:47,690 - INFO - Starting Suppression Experiment 37
2025-03-04 17:33:47,690 - INFO - P1 Features (12/14): ['protocol', 'bidirectional_min_ps', 'bidirectional_mean_ps', 'bidirectional_stddev_ps', 'bidirectional_max_ps', 'src2dst_stddev_ps', 'src2dst_max_ps', 'dst2src_min_ps', 'dst2src_mean_ps', 'dst2src_stddev_ps', 'dst2src_max_ps', 'bidirectional_stddev_piat_ms']
2025-03-04 17:33:47,690 - INFO - P2 Features (6/14): ['protocol', 'bidirectional_min_ps', 'bidirectional_mean_ps', 'bidirectional_stddev_ps', 'bidirectional_max_ps', 'src2dst_stddev_ps']
2025-03-04 17:33:58,196 - INFO - P1 (Round 1) - Epoch 1/10 | Loss: 0.3590 | Acc: 0.8750 | Val Loss: 0.2170 | Val Acc: 0.9227 | Time: 10.36s
2025-03-04 17:34:08,581 - INFO - P1 (Round 1) - Epoch 2/10 | Loss: 0.2026 | Acc: 0.9287 | Val Loss: 0.1904 | Val Acc: 0.9341 | Time: 10.39s
2025-03-04 17:34:19,210 - INFO - P1 (Round 1) - Epoch 3/10 | Loss: 0.1833 | Acc: 0.9364 | Val Loss: 0.1744 | Val Acc: 0.9401 | Time: 10.63s
2025-03-04 17:34:31,256 - INFO - P1 (Round 1) - Epoch 4/10 | Loss: 0.1715 | Acc: 0.9418 | Val Loss: 0.1652 | Val Acc: 0.9440 | Time: 12.05s
2025-03-04 17:34:44,657 - INFO - P1 (Round 1) - Epoch 5/10 | Loss: 0.1622 | Acc: 0.9457 | Val Loss: 0.1583 | Val Acc: 0.9485 | Time: 13.40s
2025-03-04 17:34:56,831 - INFO - P1 (Round 1) - Epoch 6/10 | Loss: 0.1566 | Acc: 0.9475 | Val Loss: 0.1546 | Val Acc: 0.9459 | Time: 12.17s
2025-03-04 17:35:08,984 - INFO - P1 (Round 1) - Epoch 7/10 | Loss: 0.1524 | Acc: 0.9489 | Val Loss: 0.1490 | Val Acc: 0.9516 | Time: 12.15s
2025-03-04 17:35:21,080 - INFO - P1 (Round 1) - Epoch 8/10 | Loss: 0.1485 | Acc: 0.9500 | Val Loss: 0.1455 | Val Acc: 0.9512 | Time: 12.10s
2025-03-04 17:35:33,078 - INFO - P1 (Round 1) - Epoch 9/10 | Loss: 0.1454 | Acc: 0.9509 | Val Loss: 0.1439 | Val Acc: 0.9530 | Time: 12.00s
2025-03-04 17:35:45,303 - INFO - P1 (Round 1) - Epoch 10/10 | Loss: 0.1426 | Acc: 0.9519 | Val Loss: 0.1410 | Val Acc: 0.9540 | Time: 12.23s
2025-03-04 17:35:58,552 - INFO - P2 (Round 1) - Epoch 1/10 | Loss: 0.5229 | Acc: 0.8145 | Val Loss: 0.3283 | Val Acc: 0.8842 | Time: 13.25s
2025-03-04 17:36:10,506 - INFO - P2 (Round 1) - Epoch 2/10 | Loss: 0.2669 | Acc: 0.9110 | Val Loss: 0.2343 | Val Acc: 0.9228 | Time: 11.95s
2025-03-04 17:36:22,618 - INFO - P2 (Round 1) - Epoch 3/10 | Loss: 0.2200 | Acc: 0.9293 | Val Loss: 0.2108 | Val Acc: 0.9327 | Time: 12.11s
2025-03-04 17:36:34,690 - INFO - P2 (Round 1) - Epoch 4/10 | Loss: 0.2019 | Acc: 0.9368 | Val Loss: 0.1954 | Val Acc: 0.9400 | Time: 12.07s
2025-03-04 17:36:47,232 - INFO - P2 (Round 1) - Epoch 5/10 | Loss: 0.1902 | Acc: 0.9405 | Val Loss: 0.1866 | Val Acc: 0.9422 | Time: 12.54s
2025-03-04 17:36:58,300 - INFO - P2 (Round 1) - Epoch 6/10 | Loss: 0.1831 | Acc: 0.9428 | Val Loss: 0.1816 | Val Acc: 0.9428 | Time: 11.07s
2025-03-04 17:37:10,668 - INFO - P2 (Round 1) - Epoch 7/10 | Loss: 0.1777 | Acc: 0.9444 | Val Loss: 0.1768 | Val Acc: 0.9451 | Time: 12.37s
2025-03-04 17:37:21,058 - INFO - P2 (Round 1) - Epoch 8/10 | Loss: 0.1727 | Acc: 0.9461 | Val Loss: 0.1714 | Val Acc: 0.9461 | Time: 10.39s
2025-03-04 17:37:31,291 - INFO - P2 (Round 1) - Epoch 9/10 | Loss: 0.1670 | Acc: 0.9475 | Val Loss: 0.1641 | Val Acc: 0.9486 | Time: 10.23s
2025-03-04 17:37:42,454 - INFO - P2 (Round 1) - Epoch 10/10 | Loss: 0.1614 | Acc: 0.9498 | Val Loss: 0.1603 | Val Acc: 0.9495 | Time: 11.16s
2025-03-04 17:37:45,128 - INFO - Round 1 completed in 237.29s
2025-03-04 17:37:45,128 - INFO - Global Model - P1 Test: Loss = 4.8192, Accuracy = 0.4915
2025-03-04 17:37:45,128 - INFO - Global Model - P2 Test: Loss = 3.8990, Accuracy = 0.3080
2025-03-04 17:38:01,509 - INFO - P1 (Round 2) - Epoch 1/10 | Loss: 0.2331 | Acc: 0.9328 | Val Loss: 0.1405 | Val Acc: 0.9536 | Time: 16.38s
2025-03-04 17:38:15,347 - INFO - P1 (Round 2) - Epoch 2/10 | Loss: 0.1267 | Acc: 0.9602 | Val Loss: 0.1166 | Val Acc: 0.9644 | Time: 13.84s
2025-03-04 17:38:28,463 - INFO - P1 (Round 2) - Epoch 3/10 | Loss: 0.1094 | Acc: 0.9663 | Val Loss: 0.1051 | Val Acc: 0.9672 | Time: 13.12s
2025-03-04 17:38:38,944 - INFO - P1 (Round 2) - Epoch 4/10 | Loss: 0.0998 | Acc: 0.9698 | Val Loss: 0.0960 | Val Acc: 0.9710 | Time: 10.48s
2025-03-04 17:38:49,191 - INFO - P1 (Round 2) - Epoch 5/10 | Loss: 0.0937 | Acc: 0.9716 | Val Loss: 0.0892 | Val Acc: 0.9729 | Time: 10.25s
2025-03-04 17:38:59,832 - INFO - P1 (Round 2) - Epoch 6/10 | Loss: 0.0894 | Acc: 0.9732 | Val Loss: 0.0859 | Val Acc: 0.9739 | Time: 10.64s
2025-03-04 17:39:10,279 - INFO - P1 (Round 2) - Epoch 7/10 | Loss: 0.0863 | Acc: 0.9739 | Val Loss: 0.0845 | Val Acc: 0.9741 | Time: 10.45s
2025-03-04 17:39:21,726 - INFO - P1 (Round 2) - Epoch 8/10 | Loss: 0.0839 | Acc: 0.9747 | Val Loss: 0.0827 | Val Acc: 0.9746 | Time: 11.45s
2025-03-04 17:39:33,029 - INFO - P1 (Round 2) - Epoch 9/10 | Loss: 0.0820 | Acc: 0.9751 | Val Loss: 0.0806 | Val Acc: 0.9764 | Time: 11.30s
2025-03-04 17:39:43,737 - INFO - P1 (Round 2) - Epoch 10/10 | Loss: 0.0801 | Acc: 0.9757 | Val Loss: 0.0773 | Val Acc: 0.9765 | Time: 10.71s
2025-03-04 17:39:53,911 - INFO - P2 (Round 2) - Epoch 1/10 | Loss: 0.3354 | Acc: 0.8939 | Val Loss: 0.2247 | Val Acc: 0.9308 | Time: 10.17s
2025-03-04 17:40:04,324 - INFO - P2 (Round 2) - Epoch 2/10 | Loss: 0.2046 | Acc: 0.9374 | Val Loss: 0.1926 | Val Acc: 0.9415 | Time: 10.41s
2025-03-04 17:40:14,517 - INFO - P2 (Round 2) - Epoch 3/10 | Loss: 0.1818 | Acc: 0.9443 | Val Loss: 0.1752 | Val Acc: 0.9465 | Time: 10.19s
2025-03-04 17:40:24,741 - INFO - P2 (Round 2) - Epoch 4/10 | Loss: 0.1686 | Acc: 0.9480 | Val Loss: 0.1680 | Val Acc: 0.9468 | Time: 10.22s
2025-03-04 17:40:36,932 - INFO - P2 (Round 2) - Epoch 5/10 | Loss: 0.1605 | Acc: 0.9504 | Val Loss: 0.1585 | Val Acc: 0.9515 | Time: 12.19s
2025-03-04 17:40:47,532 - INFO - P2 (Round 2) - Epoch 6/10 | Loss: 0.1551 | Acc: 0.9520 | Val Loss: 0.1537 | Val Acc: 0.9534 | Time: 10.60s
2025-03-04 17:40:58,131 - INFO - P2 (Round 2) - Epoch 7/10 | Loss: 0.1512 | Acc: 0.9530 | Val Loss: 0.1503 | Val Acc: 0.9530 | Time: 10.60s
2025-03-04 17:41:08,297 - INFO - P2 (Round 2) - Epoch 8/10 | Loss: 0.1481 | Acc: 0.9537 | Val Loss: 0.1474 | Val Acc: 0.9536 | Time: 10.17s
2025-03-04 17:41:18,711 - INFO - P2 (Round 2) - Epoch 9/10 | Loss: 0.1455 | Acc: 0.9543 | Val Loss: 0.1457 | Val Acc: 0.9539 | Time: 10.41s
2025-03-04 17:41:29,058 - INFO - P2 (Round 2) - Epoch 10/10 | Loss: 0.1437 | Acc: 0.9546 | Val Loss: 0.1431 | Val Acc: 0.9550 | Time: 10.35s
2025-03-04 17:41:31,383 - INFO - Round 2 completed in 226.26s
2025-03-04 17:41:31,383 - INFO - Global Model - P1 Test: Loss = 3.7857, Accuracy = 0.7471
2025-03-04 17:41:31,383 - INFO - Global Model - P2 Test: Loss = 1.7915, Accuracy = 0.6928
2025-03-04 17:41:42,810 - INFO - P1 (Round 3) - Epoch 1/10 | Loss: 0.1343 | Acc: 0.9609 | Val Loss: 0.0972 | Val Acc: 0.9711 | Time: 11.43s
2025-03-04 17:41:54,851 - INFO - P1 (Round 3) - Epoch 2/10 | Loss: 0.0923 | Acc: 0.9717 | Val Loss: 0.0878 | Val Acc: 0.9725 | Time: 12.04s
2025-03-04 17:42:05,654 - INFO - P1 (Round 3) - Epoch 3/10 | Loss: 0.0853 | Acc: 0.9740 | Val Loss: 0.0827 | Val Acc: 0.9751 | Time: 10.80s
2025-03-04 17:42:17,968 - INFO - P1 (Round 3) - Epoch 4/10 | Loss: 0.0819 | Acc: 0.9752 | Val Loss: 0.0795 | Val Acc: 0.9765 | Time: 12.31s
2025-03-04 17:42:29,981 - INFO - P1 (Round 3) - Epoch 5/10 | Loss: 0.0798 | Acc: 0.9756 | Val Loss: 0.0805 | Val Acc: 0.9760 | Time: 12.01s
2025-03-04 17:42:41,809 - INFO - P1 (Round 3) - Epoch 6/10 | Loss: 0.0780 | Acc: 0.9762 | Val Loss: 0.0760 | Val Acc: 0.9770 | Time: 11.83s
2025-03-04 17:42:54,278 - INFO - P1 (Round 3) - Epoch 7/10 | Loss: 0.0764 | Acc: 0.9767 | Val Loss: 0.0756 | Val Acc: 0.9768 | Time: 12.47s
2025-03-04 17:43:07,493 - INFO - P1 (Round 3) - Epoch 8/10 | Loss: 0.0751 | Acc: 0.9772 | Val Loss: 0.0736 | Val Acc: 0.9776 | Time: 13.21s
2025-03-04 17:43:19,779 - INFO - P1 (Round 3) - Epoch 9/10 | Loss: 0.0741 | Acc: 0.9773 | Val Loss: 0.0728 | Val Acc: 0.9777 | Time: 12.29s
2025-03-04 17:43:31,610 - INFO - P1 (Round 3) - Epoch 10/10 | Loss: 0.0732 | Acc: 0.9776 | Val Loss: 0.0713 | Val Acc: 0.9784 | Time: 11.83s
2025-03-04 17:43:43,548 - INFO - P2 (Round 3) - Epoch 1/10 | Loss: 0.1953 | Acc: 0.9387 | Val Loss: 0.1719 | Val Acc: 0.9464 | Time: 11.94s
2025-03-04 17:43:55,429 - INFO - P2 (Round 3) - Epoch 2/10 | Loss: 0.1636 | Acc: 0.9477 | Val Loss: 0.1583 | Val Acc: 0.9502 | Time: 11.88s
2025-03-04 17:44:08,002 - INFO - P2 (Round 3) - Epoch 3/10 | Loss: 0.1546 | Acc: 0.9506 | Val Loss: 0.1524 | Val Acc: 0.9530 | Time: 12.57s
2025-03-04 17:44:20,766 - INFO - P2 (Round 3) - Epoch 4/10 | Loss: 0.1494 | Acc: 0.9524 | Val Loss: 0.1484 | Val Acc: 0.9534 | Time: 12.76s
2025-03-04 17:44:31,383 - INFO - P2 (Round 3) - Epoch 5/10 | Loss: 0.1460 | Acc: 0.9537 | Val Loss: 0.1460 | Val Acc: 0.9549 | Time: 10.62s
2025-03-04 17:44:41,575 - INFO - P2 (Round 3) - Epoch 6/10 | Loss: 0.1438 | Acc: 0.9545 | Val Loss: 0.1437 | Val Acc: 0.9551 | Time: 10.19s
2025-03-04 17:44:51,841 - INFO - P2 (Round 3) - Epoch 7/10 | Loss: 0.1422 | Acc: 0.9549 | Val Loss: 0.1438 | Val Acc: 0.9556 | Time: 10.27s
2025-03-04 17:45:02,086 - INFO - P2 (Round 3) - Epoch 8/10 | Loss: 0.1409 | Acc: 0.9552 | Val Loss: 0.1420 | Val Acc: 0.9545 | Time: 10.25s
2025-03-04 17:45:15,835 - INFO - P2 (Round 3) - Epoch 9/10 | Loss: 0.1398 | Acc: 0.9554 | Val Loss: 0.1428 | Val Acc: 0.9541 | Time: 13.75s
2025-03-04 17:45:28,580 - INFO - P2 (Round 3) - Epoch 10/10 | Loss: 0.1388 | Acc: 0.9556 | Val Loss: 0.1393 | Val Acc: 0.9548 | Time: 12.74s
2025-03-04 17:45:31,213 - INFO - Round 3 completed in 239.83s
2025-03-04 17:45:31,213 - INFO - Global Model - P1 Test: Loss = 3.8176, Accuracy = 0.6405
2025-03-04 17:45:31,213 - INFO - Global Model - P2 Test: Loss = 1.5844, Accuracy = 0.6555
2025-03-04 17:45:43,503 - INFO - P1 (Round 4) - Epoch 1/10 | Loss: 0.1067 | Acc: 0.9693 | Val Loss: 0.0844 | Val Acc: 0.9729 | Time: 12.29s
2025-03-04 17:45:55,569 - INFO - P1 (Round 4) - Epoch 2/10 | Loss: 0.0804 | Acc: 0.9756 | Val Loss: 0.0793 | Val Acc: 0.9765 | Time: 12.07s
2025-03-04 17:46:07,664 - INFO - P1 (Round 4) - Epoch 3/10 | Loss: 0.0767 | Acc: 0.9766 | Val Loss: 0.0755 | Val Acc: 0.9773 | Time: 12.09s
2025-03-04 17:46:19,583 - INFO - P1 (Round 4) - Epoch 4/10 | Loss: 0.0748 | Acc: 0.9771 | Val Loss: 0.0729 | Val Acc: 0.9778 | Time: 11.92s
2025-03-04 17:46:31,553 - INFO - P1 (Round 4) - Epoch 5/10 | Loss: 0.0733 | Acc: 0.9774 | Val Loss: 0.0717 | Val Acc: 0.9783 | Time: 11.97s
2025-03-04 17:46:42,553 - INFO - P1 (Round 4) - Epoch 6/10 | Loss: 0.0721 | Acc: 0.9779 | Val Loss: 0.0711 | Val Acc: 0.9788 | Time: 11.00s
2025-03-04 17:46:52,854 - INFO - P1 (Round 4) - Epoch 7/10 | Loss: 0.0711 | Acc: 0.9780 | Val Loss: 0.0711 | Val Acc: 0.9787 | Time: 10.30s
2025-03-04 17:47:03,173 - INFO - P1 (Round 4) - Epoch 8/10 | Loss: 0.0702 | Acc: 0.9783 | Val Loss: 0.0698 | Val Acc: 0.9789 | Time: 10.32s
2025-03-04 17:47:13,277 - INFO - P1 (Round 4) - Epoch 9/10 | Loss: 0.0693 | Acc: 0.9785 | Val Loss: 0.0686 | Val Acc: 0.9789 | Time: 10.10s
2025-03-04 17:47:23,500 - INFO - P1 (Round 4) - Epoch 10/10 | Loss: 0.0685 | Acc: 0.9786 | Val Loss: 0.0672 | Val Acc: 0.9790 | Time: 10.22s
2025-03-04 17:47:33,573 - INFO - P2 (Round 4) - Epoch 1/10 | Loss: 0.1725 | Acc: 0.9447 | Val Loss: 0.1546 | Val Acc: 0.9518 | Time: 10.07s
2025-03-04 17:47:46,892 - INFO - P2 (Round 4) - Epoch 2/10 | Loss: 0.1490 | Acc: 0.9527 | Val Loss: 0.1476 | Val Acc: 0.9520 | Time: 13.32s
2025-03-04 17:47:59,388 - INFO - P2 (Round 4) - Epoch 3/10 | Loss: 0.1440 | Acc: 0.9541 | Val Loss: 0.1435 | Val Acc: 0.9544 | Time: 12.50s
2025-03-04 17:48:11,731 - INFO - P2 (Round 4) - Epoch 4/10 | Loss: 0.1415 | Acc: 0.9548 | Val Loss: 0.1451 | Val Acc: 0.9519 | Time: 12.34s
2025-03-04 17:48:23,533 - INFO - P2 (Round 4) - Epoch 5/10 | Loss: 0.1398 | Acc: 0.9551 | Val Loss: 0.1405 | Val Acc: 0.9564 | Time: 11.80s
2025-03-04 17:48:35,338 - INFO - P2 (Round 4) - Epoch 6/10 | Loss: 0.1384 | Acc: 0.9557 | Val Loss: 0.1393 | Val Acc: 0.9559 | Time: 11.80s
2025-03-04 17:48:47,558 - INFO - P2 (Round 4) - Epoch 7/10 | Loss: 0.1373 | Acc: 0.9560 | Val Loss: 0.1398 | Val Acc: 0.9554 | Time: 12.22s
2025-03-04 17:49:01,264 - INFO - P2 (Round 4) - Epoch 8/10 | Loss: 0.1364 | Acc: 0.9562 | Val Loss: 0.1366 | Val Acc: 0.9569 | Time: 13.71s
2025-03-04 17:49:13,539 - INFO - P2 (Round 4) - Epoch 9/10 | Loss: 0.1354 | Acc: 0.9564 | Val Loss: 0.1400 | Val Acc: 0.9553 | Time: 12.27s
2025-03-04 17:49:25,554 - INFO - P2 (Round 4) - Epoch 10/10 | Loss: 0.1347 | Acc: 0.9568 | Val Loss: 0.1353 | Val Acc: 0.9566 | Time: 12.01s
2025-03-04 17:49:28,183 - INFO - Round 4 completed in 236.97s
2025-03-04 17:49:28,183 - INFO - Global Model - P1 Test: Loss = 4.4605, Accuracy = 0.6037
2025-03-04 17:49:28,183 - INFO - Global Model - P2 Test: Loss = 1.5751, Accuracy = 0.6438
2025-03-04 17:49:40,166 - INFO - P1 (Round 5) - Epoch 1/10 | Loss: 0.1008 | Acc: 0.9709 | Val Loss: 0.0794 | Val Acc: 0.9760 | Time: 11.98s
2025-03-04 17:49:52,329 - INFO - P1 (Round 5) - Epoch 2/10 | Loss: 0.0762 | Acc: 0.9763 | Val Loss: 0.0752 | Val Acc: 0.9763 | Time: 12.16s
2025-03-04 17:50:05,257 - INFO - P1 (Round 5) - Epoch 3/10 | Loss: 0.0734 | Acc: 0.9772 | Val Loss: 0.0725 | Val Acc: 0.9772 | Time: 12.93s
2025-03-04 17:50:17,864 - INFO - P1 (Round 5) - Epoch 4/10 | Loss: 0.0717 | Acc: 0.9776 | Val Loss: 0.0715 | Val Acc: 0.9774 | Time: 12.61s
2025-03-04 17:50:29,962 - INFO - P1 (Round 5) - Epoch 5/10 | Loss: 0.0704 | Acc: 0.9780 | Val Loss: 0.0699 | Val Acc: 0.9779 | Time: 12.10s
2025-03-04 17:50:42,482 - INFO - P1 (Round 5) - Epoch 6/10 | Loss: 0.0694 | Acc: 0.9784 | Val Loss: 0.0692 | Val Acc: 0.9785 | Time: 12.52s
2025-03-04 17:50:54,408 - INFO - P1 (Round 5) - Epoch 7/10 | Loss: 0.0687 | Acc: 0.9786 | Val Loss: 0.0677 | Val Acc: 0.9790 | Time: 11.93s
2025-03-04 17:51:06,323 - INFO - P1 (Round 5) - Epoch 8/10 | Loss: 0.0681 | Acc: 0.9787 | Val Loss: 0.0664 | Val Acc: 0.9793 | Time: 11.92s
2025-03-04 17:51:19,600 - INFO - P1 (Round 5) - Epoch 9/10 | Loss: 0.0675 | Acc: 0.9789 | Val Loss: 0.0676 | Val Acc: 0.9787 | Time: 13.28s
2025-03-04 17:51:31,440 - INFO - P1 (Round 5) - Epoch 10/10 | Loss: 0.0670 | Acc: 0.9790 | Val Loss: 0.0666 | Val Acc: 0.9786 | Time: 11.84s
2025-03-04 17:51:43,299 - INFO - P2 (Round 5) - Epoch 1/10 | Loss: 0.1648 | Acc: 0.9461 | Val Loss: 0.1480 | Val Acc: 0.9516 | Time: 11.86s
2025-03-04 17:51:55,349 - INFO - P2 (Round 5) - Epoch 2/10 | Loss: 0.1438 | Acc: 0.9527 | Val Loss: 0.1424 | Val Acc: 0.9542 | Time: 12.05s
2025-03-04 17:52:07,445 - INFO - P2 (Round 5) - Epoch 3/10 | Loss: 0.1393 | Acc: 0.9547 | Val Loss: 0.1473 | Val Acc: 0.9505 | Time: 12.10s
2025-03-04 17:52:19,755 - INFO - P2 (Round 5) - Epoch 4/10 | Loss: 0.1371 | Acc: 0.9554 | Val Loss: 0.1389 | Val Acc: 0.9542 | Time: 12.31s
2025-03-04 17:52:32,996 - INFO - P2 (Round 5) - Epoch 5/10 | Loss: 0.1356 | Acc: 0.9559 | Val Loss: 0.1366 | Val Acc: 0.9552 | Time: 13.24s
2025-03-04 17:52:44,862 - INFO - P2 (Round 5) - Epoch 6/10 | Loss: 0.1346 | Acc: 0.9563 | Val Loss: 0.1341 | Val Acc: 0.9563 | Time: 11.87s
2025-03-04 17:52:57,062 - INFO - P2 (Round 5) - Epoch 7/10 | Loss: 0.1337 | Acc: 0.9565 | Val Loss: 0.1350 | Val Acc: 0.9559 | Time: 12.20s
2025-03-04 17:53:08,854 - INFO - P2 (Round 5) - Epoch 8/10 | Loss: 0.1327 | Acc: 0.9568 | Val Loss: 0.1336 | Val Acc: 0.9577 | Time: 11.79s
2025-03-04 17:53:20,795 - INFO - P2 (Round 5) - Epoch 9/10 | Loss: 0.1322 | Acc: 0.9568 | Val Loss: 0.1358 | Val Acc: 0.9554 | Time: 11.94s
2025-03-04 17:53:33,331 - INFO - P2 (Round 5) - Epoch 10/10 | Loss: 0.1314 | Acc: 0.9571 | Val Loss: 0.1315 | Val Acc: 0.9564 | Time: 12.54s
2025-03-04 17:53:36,149 - INFO - Round 5 completed in 247.97s
2025-03-04 17:53:36,149 - INFO - Global Model - P1 Test: Loss = 4.4380, Accuracy = 0.6128
2025-03-04 17:53:36,149 - INFO - Global Model - P2 Test: Loss = 1.5248, Accuracy = 0.6661
2025-03-04 17:53:49,418 - INFO - P1 (Round 6) - Epoch 1/10 | Loss: 0.0970 | Acc: 0.9715 | Val Loss: 0.0780 | Val Acc: 0.9758 | Time: 13.27s
2025-03-04 17:54:01,370 - INFO - P1 (Round 6) - Epoch 2/10 | Loss: 0.0740 | Acc: 0.9767 | Val Loss: 0.0714 | Val Acc: 0.9780 | Time: 11.95s
2025-03-04 17:54:13,851 - INFO - P1 (Round 6) - Epoch 3/10 | Loss: 0.0707 | Acc: 0.9777 | Val Loss: 0.0706 | Val Acc: 0.9771 | Time: 12.48s
2025-03-04 17:54:26,116 - INFO - P1 (Round 6) - Epoch 4/10 | Loss: 0.0691 | Acc: 0.9781 | Val Loss: 0.0681 | Val Acc: 0.9781 | Time: 12.26s
2025-03-04 17:54:38,055 - INFO - P1 (Round 6) - Epoch 5/10 | Loss: 0.0680 | Acc: 0.9784 | Val Loss: 0.0663 | Val Acc: 0.9789 | Time: 11.94s
2025-03-04 17:54:51,048 - INFO - P1 (Round 6) - Epoch 6/10 | Loss: 0.0673 | Acc: 0.9786 | Val Loss: 0.0669 | Val Acc: 0.9785 | Time: 12.99s
2025-03-04 17:55:03,617 - INFO - P1 (Round 6) - Epoch 7/10 | Loss: 0.0665 | Acc: 0.9788 | Val Loss: 0.0663 | Val Acc: 0.9791 | Time: 12.57s
2025-03-04 17:55:15,632 - INFO - P1 (Round 6) - Epoch 8/10 | Loss: 0.0659 | Acc: 0.9789 | Val Loss: 0.0664 | Val Acc: 0.9785 | Time: 12.01s
2025-03-04 17:55:27,500 - INFO - P1 (Round 6) - Epoch 9/10 | Loss: 0.0653 | Acc: 0.9790 | Val Loss: 0.0650 | Val Acc: 0.9787 | Time: 11.87s
2025-03-04 17:55:39,613 - INFO - P1 (Round 6) - Epoch 10/10 | Loss: 0.0650 | Acc: 0.9792 | Val Loss: 0.0644 | Val Acc: 0.9795 | Time: 12.11s
2025-03-04 17:55:51,736 - INFO - P2 (Round 6) - Epoch 1/10 | Loss: 0.1598 | Acc: 0.9475 | Val Loss: 0.1441 | Val Acc: 0.9533 | Time: 12.12s
2025-03-04 17:56:05,114 - INFO - P2 (Round 6) - Epoch 2/10 | Loss: 0.1403 | Acc: 0.9535 | Val Loss: 0.1403 | Val Acc: 0.9532 | Time: 13.38s
2025-03-04 17:56:17,156 - INFO - P2 (Round 6) - Epoch 3/10 | Loss: 0.1374 | Acc: 0.9545 | Val Loss: 0.1378 | Val Acc: 0.9552 | Time: 12.04s
2025-03-04 17:56:28,999 - INFO - P2 (Round 6) - Epoch 4/10 | Loss: 0.1354 | Acc: 0.9555 | Val Loss: 0.1360 | Val Acc: 0.9557 | Time: 11.84s
2025-03-04 17:56:40,962 - INFO - P2 (Round 6) - Epoch 5/10 | Loss: 0.1341 | Acc: 0.9560 | Val Loss: 0.1363 | Val Acc: 0.9539 | Time: 11.96s
2025-03-04 17:56:53,261 - INFO - P2 (Round 6) - Epoch 6/10 | Loss: 0.1330 | Acc: 0.9564 | Val Loss: 0.1335 | Val Acc: 0.9569 | Time: 12.30s
2025-03-04 17:57:06,188 - INFO - P2 (Round 6) - Epoch 7/10 | Loss: 0.1324 | Acc: 0.9567 | Val Loss: 0.1326 | Val Acc: 0.9570 | Time: 12.93s
2025-03-04 17:57:19,089 - INFO - P2 (Round 6) - Epoch 8/10 | Loss: 0.1316 | Acc: 0.9569 | Val Loss: 0.1331 | Val Acc: 0.9569 | Time: 12.90s
2025-03-04 17:57:31,271 - INFO - P2 (Round 6) - Epoch 9/10 | Loss: 0.1311 | Acc: 0.9571 | Val Loss: 0.1324 | Val Acc: 0.9571 | Time: 12.18s
2025-03-04 17:57:43,191 - INFO - P2 (Round 6) - Epoch 10/10 | Loss: 0.1305 | Acc: 0.9574 | Val Loss: 0.1320 | Val Acc: 0.9568 | Time: 11.92s
2025-03-04 17:57:45,769 - INFO - Round 6 completed in 249.62s
2025-03-04 17:57:45,769 - INFO - Global Model - P1 Test: Loss = 4.1322, Accuracy = 0.6159
2025-03-04 17:57:45,769 - INFO - Global Model - P2 Test: Loss = 1.6083, Accuracy = 0.6196
2025-03-04 17:57:57,793 - INFO - P1 (Round 7) - Epoch 1/10 | Loss: 0.0938 | Acc: 0.9726 | Val Loss: 0.0735 | Val Acc: 0.9769 | Time: 12.02s
2025-03-04 17:58:10,025 - INFO - P1 (Round 7) - Epoch 2/10 | Loss: 0.0718 | Acc: 0.9772 | Val Loss: 0.0708 | Val Acc: 0.9769 | Time: 12.23s
2025-03-04 17:58:23,000 - INFO - P1 (Round 7) - Epoch 3/10 | Loss: 0.0691 | Acc: 0.9780 | Val Loss: 0.0682 | Val Acc: 0.9784 | Time: 12.98s
2025-03-04 17:58:35,267 - INFO - P1 (Round 7) - Epoch 4/10 | Loss: 0.0676 | Acc: 0.9785 | Val Loss: 0.0683 | Val Acc: 0.9784 | Time: 12.27s
2025-03-04 17:58:47,378 - INFO - P1 (Round 7) - Epoch 5/10 | Loss: 0.0667 | Acc: 0.9787 | Val Loss: 0.0663 | Val Acc: 0.9789 | Time: 12.11s
2025-03-04 17:58:59,559 - INFO - P1 (Round 7) - Epoch 6/10 | Loss: 0.0658 | Acc: 0.9789 | Val Loss: 0.0655 | Val Acc: 0.9788 | Time: 12.18s
2025-03-04 17:59:12,018 - INFO - P1 (Round 7) - Epoch 7/10 | Loss: 0.0653 | Acc: 0.9790 | Val Loss: 0.0646 | Val Acc: 0.9799 | Time: 12.46s
2025-03-04 17:59:23,786 - INFO - P1 (Round 7) - Epoch 8/10 | Loss: 0.0648 | Acc: 0.9793 | Val Loss: 0.0642 | Val Acc: 0.9796 | Time: 11.77s
2025-03-04 17:59:36,756 - INFO - P1 (Round 7) - Epoch 9/10 | Loss: 0.0645 | Acc: 0.9793 | Val Loss: 0.0638 | Val Acc: 0.9797 | Time: 12.97s
2025-03-04 17:59:49,229 - INFO - P1 (Round 7) - Epoch 10/10 | Loss: 0.0640 | Acc: 0.9795 | Val Loss: 0.0641 | Val Acc: 0.9798 | Time: 12.47s
2025-03-04 18:00:01,177 - INFO - P2 (Round 7) - Epoch 1/10 | Loss: 0.1589 | Acc: 0.9470 | Val Loss: 0.1421 | Val Acc: 0.9532 | Time: 11.95s
2025-03-04 18:00:13,559 - INFO - P2 (Round 7) - Epoch 2/10 | Loss: 0.1381 | Acc: 0.9541 | Val Loss: 0.1400 | Val Acc: 0.9539 | Time: 12.38s
2025-03-04 18:00:25,790 - INFO - P2 (Round 7) - Epoch 3/10 | Loss: 0.1351 | Acc: 0.9555 | Val Loss: 0.1348 | Val Acc: 0.9555 | Time: 12.23s
2025-03-04 18:00:38,126 - INFO - P2 (Round 7) - Epoch 4/10 | Loss: 0.1334 | Acc: 0.9561 | Val Loss: 0.1375 | Val Acc: 0.9558 | Time: 12.34s
2025-03-04 18:00:51,294 - INFO - P2 (Round 7) - Epoch 5/10 | Loss: 0.1323 | Acc: 0.9566 | Val Loss: 0.1328 | Val Acc: 0.9568 | Time: 13.17s
2025-03-04 18:01:03,521 - INFO - P2 (Round 7) - Epoch 6/10 | Loss: 0.1315 | Acc: 0.9569 | Val Loss: 0.1338 | Val Acc: 0.9567 | Time: 12.23s
2025-03-04 18:01:15,734 - INFO - P2 (Round 7) - Epoch 7/10 | Loss: 0.1307 | Acc: 0.9572 | Val Loss: 0.1344 | Val Acc: 0.9567 | Time: 12.21s
2025-03-04 18:01:27,597 - INFO - P2 (Round 7) - Epoch 8/10 | Loss: 0.1301 | Acc: 0.9574 | Val Loss: 0.1334 | Val Acc: 0.9554 | Time: 11.86s
2025-03-04 18:01:39,545 - INFO - P2 (Round 7) - Epoch 9/10 | Loss: 0.1295 | Acc: 0.9575 | Val Loss: 0.1293 | Val Acc: 0.9575 | Time: 11.95s
2025-03-04 18:01:52,077 - INFO - P2 (Round 7) - Epoch 10/10 | Loss: 0.1292 | Acc: 0.9578 | Val Loss: 0.1315 | Val Acc: 0.9576 | Time: 12.53s
2025-03-04 18:01:54,909 - INFO - Round 7 completed in 249.14s
2025-03-04 18:01:54,909 - INFO - Global Model - P1 Test: Loss = 3.9809, Accuracy = 0.6083
2025-03-04 18:01:54,909 - INFO - Global Model - P2 Test: Loss = 1.7551, Accuracy = 0.6115
2025-03-04 18:02:07,830 - INFO - P1 (Round 8) - Epoch 1/10 | Loss: 0.0929 | Acc: 0.9729 | Val Loss: 0.0737 | Val Acc: 0.9766 | Time: 12.92s
2025-03-04 18:02:19,811 - INFO - P1 (Round 8) - Epoch 2/10 | Loss: 0.0704 | Acc: 0.9777 | Val Loss: 0.0680 | Val Acc: 0.9784 | Time: 11.98s
2025-03-04 18:02:31,729 - INFO - P1 (Round 8) - Epoch 3/10 | Loss: 0.0677 | Acc: 0.9783 | Val Loss: 0.0671 | Val Acc: 0.9789 | Time: 11.92s
2025-03-04 18:02:43,642 - INFO - P1 (Round 8) - Epoch 4/10 | Loss: 0.0665 | Acc: 0.9787 | Val Loss: 0.0669 | Val Acc: 0.9787 | Time: 11.91s
2025-03-04 18:02:55,689 - INFO - P1 (Round 8) - Epoch 5/10 | Loss: 0.0656 | Acc: 0.9790 | Val Loss: 0.0650 | Val Acc: 0.9793 | Time: 12.05s
2025-03-04 18:03:08,478 - INFO - P1 (Round 8) - Epoch 6/10 | Loss: 0.0650 | Acc: 0.9793 | Val Loss: 0.0660 | Val Acc: 0.9782 | Time: 12.79s
2025-03-04 18:03:21,034 - INFO - P1 (Round 8) - Epoch 7/10 | Loss: 0.0645 | Acc: 0.9793 | Val Loss: 0.0659 | Val Acc: 0.9788 | Time: 12.56s
2025-03-04 18:03:33,039 - INFO - P1 (Round 8) - Epoch 8/10 | Loss: 0.0642 | Acc: 0.9795 | Val Loss: 0.0671 | Val Acc: 0.9784 | Time: 12.00s
2025-03-04 18:03:45,183 - INFO - P1 (Round 8) - Epoch 9/10 | Loss: 0.0640 | Acc: 0.9795 | Val Loss: 0.0626 | Val Acc: 0.9799 | Time: 12.14s
2025-03-04 18:03:57,182 - INFO - P1 (Round 8) - Epoch 10/10 | Loss: 0.0635 | Acc: 0.9796 | Val Loss: 0.0653 | Val Acc: 0.9782 | Time: 12.00s
2025-03-04 18:04:09,049 - INFO - P2 (Round 8) - Epoch 1/10 | Loss: 0.1582 | Acc: 0.9472 | Val Loss: 0.1402 | Val Acc: 0.9527 | Time: 11.87s
2025-03-04 18:04:22,116 - INFO - P2 (Round 8) - Epoch 2/10 | Loss: 0.1365 | Acc: 0.9545 | Val Loss: 0.1360 | Val Acc: 0.9548 | Time: 13.07s
2025-03-04 18:04:34,211 - INFO - P2 (Round 8) - Epoch 3/10 | Loss: 0.1337 | Acc: 0.9558 | Val Loss: 0.1340 | Val Acc: 0.9561 | Time: 12.09s
2025-03-04 18:04:46,303 - INFO - P2 (Round 8) - Epoch 4/10 | Loss: 0.1321 | Acc: 0.9565 | Val Loss: 0.1335 | Val Acc: 0.9570 | Time: 12.09s
2025-03-04 18:04:58,094 - INFO - P2 (Round 8) - Epoch 5/10 | Loss: 0.1310 | Acc: 0.9569 | Val Loss: 0.1317 | Val Acc: 0.9568 | Time: 11.79s
2025-03-04 18:05:10,104 - INFO - P2 (Round 8) - Epoch 6/10 | Loss: 0.1302 | Acc: 0.9573 | Val Loss: 0.1302 | Val Acc: 0.9575 | Time: 12.01s
2025-03-04 18:05:22,636 - INFO - P2 (Round 8) - Epoch 7/10 | Loss: 0.1297 | Acc: 0.9575 | Val Loss: 0.1310 | Val Acc: 0.9578 | Time: 12.53s
2025-03-04 18:05:35,907 - INFO - P2 (Round 8) - Epoch 8/10 | Loss: 0.1290 | Acc: 0.9578 | Val Loss: 0.1308 | Val Acc: 0.9576 | Time: 13.27s
2025-03-04 18:05:48,449 - INFO - P2 (Round 8) - Epoch 9/10 | Loss: 0.1284 | Acc: 0.9581 | Val Loss: 0.1290 | Val Acc: 0.9579 | Time: 12.54s
2025-03-04 18:05:59,897 - INFO - P2 (Round 8) - Epoch 10/10 | Loss: 0.1282 | Acc: 0.9581 | Val Loss: 0.1290 | Val Acc: 0.9583 | Time: 11.45s
2025-03-04 18:06:02,821 - INFO - Round 8 completed in 247.91s
2025-03-04 18:06:02,821 - INFO - Global Model - P1 Test: Loss = 3.8552, Accuracy = 0.6107
2025-03-04 18:06:02,821 - INFO - Global Model - P2 Test: Loss = 1.9210, Accuracy = 0.5565
2025-03-04 18:06:15,257 - INFO - P1 (Round 9) - Epoch 1/10 | Loss: 0.0908 | Acc: 0.9733 | Val Loss: 0.0719 | Val Acc: 0.9776 | Time: 12.43s
2025-03-04 18:06:27,623 - INFO - P1 (Round 9) - Epoch 2/10 | Loss: 0.0690 | Acc: 0.9779 | Val Loss: 0.0688 | Val Acc: 0.9786 | Time: 12.37s
2025-03-04 18:06:40,572 - INFO - P1 (Round 9) - Epoch 3/10 | Loss: 0.0664 | Acc: 0.9789 | Val Loss: 0.0674 | Val Acc: 0.9792 | Time: 12.95s
2025-03-04 18:06:53,097 - INFO - P1 (Round 9) - Epoch 4/10 | Loss: 0.0652 | Acc: 0.9793 | Val Loss: 0.0650 | Val Acc: 0.9794 | Time: 12.52s
2025-03-04 18:07:05,238 - INFO - P1 (Round 9) - Epoch 5/10 | Loss: 0.0644 | Acc: 0.9794 | Val Loss: 0.0662 | Val Acc: 0.9788 | Time: 12.14s
2025-03-04 18:07:17,329 - INFO - P1 (Round 9) - Epoch 6/10 | Loss: 0.0639 | Acc: 0.9796 | Val Loss: 0.0654 | Val Acc: 0.9791 | Time: 12.09s
2025-03-04 18:07:29,284 - INFO - P1 (Round 9) - Epoch 7/10 | Loss: 0.0635 | Acc: 0.9796 | Val Loss: 0.0650 | Val Acc: 0.9795 | Time: 11.96s
2025-03-04 18:07:41,342 - INFO - P1 (Round 9) - Epoch 8/10 | Loss: 0.0633 | Acc: 0.9798 | Val Loss: 0.0624 | Val Acc: 0.9801 | Time: 12.06s
2025-03-04 18:07:54,345 - INFO - P1 (Round 9) - Epoch 9/10 | Loss: 0.0629 | Acc: 0.9798 | Val Loss: 0.0623 | Val Acc: 0.9799 | Time: 13.00s
2025-03-04 18:08:06,679 - INFO - P1 (Round 9) - Epoch 10/10 | Loss: 0.0626 | Acc: 0.9799 | Val Loss: 0.0638 | Val Acc: 0.9797 | Time: 12.33s
2025-03-04 18:08:18,833 - INFO - P2 (Round 9) - Epoch 1/10 | Loss: 0.1594 | Acc: 0.9464 | Val Loss: 0.1414 | Val Acc: 0.9519 | Time: 12.15s
2025-03-04 18:08:29,932 - INFO - P2 (Round 9) - Epoch 2/10 | Loss: 0.1355 | Acc: 0.9548 | Val Loss: 0.1348 | Val Acc: 0.9560 | Time: 11.10s
2025-03-04 18:08:39,990 - INFO - P2 (Round 9) - Epoch 3/10 | Loss: 0.1326 | Acc: 0.9563 | Val Loss: 0.1325 | Val Acc: 0.9564 | Time: 10.06s
2025-03-04 18:08:50,133 - INFO - P2 (Round 9) - Epoch 4/10 | Loss: 0.1308 | Acc: 0.9569 | Val Loss: 0.1319 | Val Acc: 0.9574 | Time: 10.14s
2025-03-04 18:09:01,781 - INFO - P2 (Round 9) - Epoch 5/10 | Loss: 0.1299 | Acc: 0.9575 | Val Loss: 0.1298 | Val Acc: 0.9572 | Time: 11.65s
2025-03-04 18:09:13,536 - INFO - P2 (Round 9) - Epoch 6/10 | Loss: 0.1290 | Acc: 0.9578 | Val Loss: 0.1291 | Val Acc: 0.9576 | Time: 11.76s
2025-03-04 18:09:23,577 - INFO - P2 (Round 9) - Epoch 7/10 | Loss: 0.1284 | Acc: 0.9580 | Val Loss: 0.1292 | Val Acc: 0.9576 | Time: 10.04s
2025-03-04 18:09:33,830 - INFO - P2 (Round 9) - Epoch 8/10 | Loss: 0.1279 | Acc: 0.9583 | Val Loss: 0.1293 | Val Acc: 0.9575 | Time: 10.25s
2025-03-04 18:09:44,410 - INFO - P2 (Round 9) - Epoch 9/10 | Loss: 0.1274 | Acc: 0.9586 | Val Loss: 0.1281 | Val Acc: 0.9583 | Time: 10.58s
2025-03-04 18:09:54,541 - INFO - P2 (Round 9) - Epoch 10/10 | Loss: 0.1269 | Acc: 0.9586 | Val Loss: 0.1321 | Val Acc: 0.9568 | Time: 10.13s
2025-03-04 18:09:56,980 - INFO - Round 9 completed in 234.16s
2025-03-04 18:09:56,980 - INFO - Global Model - P1 Test: Loss = 3.7335, Accuracy = 0.6019
2025-03-04 18:09:56,980 - INFO - Global Model - P2 Test: Loss = 1.9735, Accuracy = 0.5716
2025-03-04 18:10:07,900 - INFO - P1 (Round 10) - Epoch 1/10 | Loss: 0.0875 | Acc: 0.9740 | Val Loss: 0.0705 | Val Acc: 0.9779 | Time: 10.92s
2025-03-04 18:10:20,508 - INFO - P1 (Round 10) - Epoch 2/10 | Loss: 0.0676 | Acc: 0.9784 | Val Loss: 0.0666 | Val Acc: 0.9787 | Time: 12.61s
2025-03-04 18:10:32,310 - INFO - P1 (Round 10) - Epoch 3/10 | Loss: 0.0654 | Acc: 0.9792 | Val Loss: 0.0647 | Val Acc: 0.9794 | Time: 11.80s
2025-03-04 18:10:44,040 - INFO - P1 (Round 10) - Epoch 4/10 | Loss: 0.0644 | Acc: 0.9794 | Val Loss: 0.0658 | Val Acc: 0.9792 | Time: 11.73s
2025-03-04 18:10:56,484 - INFO - P1 (Round 10) - Epoch 5/10 | Loss: 0.0638 | Acc: 0.9796 | Val Loss: 0.0630 | Val Acc: 0.9801 | Time: 12.44s
2025-03-04 18:11:08,916 - INFO - P1 (Round 10) - Epoch 6/10 | Loss: 0.0631 | Acc: 0.9798 | Val Loss: 0.0631 | Val Acc: 0.9802 | Time: 12.43s
2025-03-04 18:11:21,045 - INFO - P1 (Round 10) - Epoch 7/10 | Loss: 0.0628 | Acc: 0.9799 | Val Loss: 0.0631 | Val Acc: 0.9797 | Time: 12.13s
2025-03-04 18:11:34,223 - INFO - P1 (Round 10) - Epoch 8/10 | Loss: 0.0625 | Acc: 0.9800 | Val Loss: 0.0615 | Val Acc: 0.9805 | Time: 13.18s
2025-03-04 18:11:46,277 - INFO - P1 (Round 10) - Epoch 9/10 | Loss: 0.0621 | Acc: 0.9801 | Val Loss: 0.0624 | Val Acc: 0.9802 | Time: 12.05s
2025-03-04 18:11:58,325 - INFO - P1 (Round 10) - Epoch 10/10 | Loss: 0.0620 | Acc: 0.9800 | Val Loss: 0.0620 | Val Acc: 0.9801 | Time: 12.05s
2025-03-04 18:12:10,292 - INFO - P2 (Round 10) - Epoch 1/10 | Loss: 0.1588 | Acc: 0.9464 | Val Loss: 0.1396 | Val Acc: 0.9533 | Time: 11.97s
2025-03-04 18:12:22,291 - INFO - P2 (Round 10) - Epoch 2/10 | Loss: 0.1353 | Acc: 0.9550 | Val Loss: 0.1358 | Val Acc: 0.9551 | Time: 12.00s
2025-03-04 18:12:34,738 - INFO - P2 (Round 10) - Epoch 3/10 | Loss: 0.1316 | Acc: 0.9567 | Val Loss: 0.1310 | Val Acc: 0.9572 | Time: 12.45s
2025-03-04 18:12:47,392 - INFO - P2 (Round 10) - Epoch 4/10 | Loss: 0.1298 | Acc: 0.9576 | Val Loss: 0.1324 | Val Acc: 0.9568 | Time: 12.65s
2025-03-04 18:12:59,568 - INFO - P2 (Round 10) - Epoch 5/10 | Loss: 0.1285 | Acc: 0.9581 | Val Loss: 0.1283 | Val Acc: 0.9592 | Time: 12.18s
2025-03-04 18:13:11,618 - INFO - P2 (Round 10) - Epoch 6/10 | Loss: 0.1274 | Acc: 0.9586 | Val Loss: 0.1276 | Val Acc: 0.9589 | Time: 12.05s
2025-03-04 18:13:24,138 - INFO - P2 (Round 10) - Epoch 7/10 | Loss: 0.1266 | Acc: 0.9589 | Val Loss: 0.1277 | Val Acc: 0.9588 | Time: 12.52s
2025-03-04 18:13:36,303 - INFO - P2 (Round 10) - Epoch 8/10 | Loss: 0.1258 | Acc: 0.9592 | Val Loss: 0.1260 | Val Acc: 0.9588 | Time: 12.16s
2025-03-04 18:13:49,275 - INFO - P2 (Round 10) - Epoch 9/10 | Loss: 0.1252 | Acc: 0.9594 | Val Loss: 0.1273 | Val Acc: 0.9582 | Time: 12.97s
2025-03-04 18:14:01,638 - INFO - P2 (Round 10) - Epoch 10/10 | Loss: 0.1249 | Acc: 0.9595 | Val Loss: 0.1265 | Val Acc: 0.9587 | Time: 12.36s
2025-03-04 18:14:04,295 - INFO - Round 10 completed in 247.31s
2025-03-04 18:14:04,295 - INFO - Global Model - P1 Test: Loss = 3.7656, Accuracy = 0.5879
2025-03-04 18:14:04,295 - INFO - Global Model - P2 Test: Loss = 2.1322, Accuracy = 0.5597
2025-03-04 18:14:06,910 - INFO - Final Results after 10 rounds:
2025-03-04 18:14:06,910 - INFO - Global Model - P1 Test: Loss = 3.7656, Accuracy = 0.5879
2025-03-04 18:14:06,910 - INFO - Global Model - P2 Test: Loss = 2.1322, Accuracy = 0.5597
2025-03-04 18:14:06,919 - INFO - Experiment 37 results saved to results/suppression_experiments/exp_37_p1f12_p2f6.json
