2025-03-04 23:30:58,373 - INFO - Starting Suppression Experiment 136
2025-03-04 23:30:58,373 - INFO - P1 Features (5/14): ['protocol', 'bidirectional_min_ps', 'bidirectional_mean_ps', 'bidirectional_stddev_ps', 'bidirectional_max_ps']
2025-03-04 23:30:58,373 - INFO - P2 Features (5/14): ['protocol', 'bidirectional_min_ps', 'bidirectional_mean_ps', 'bidirectional_stddev_ps', 'bidirectional_max_ps']
2025-03-04 23:31:12,132 - INFO - P1 (Round 1) - Epoch 1/10 | Loss: 0.5989 | Acc: 0.7723 | Val Loss: 0.4153 | Val Acc: 0.8423 | Time: 13.68s
2025-03-04 23:31:24,797 - INFO - P1 (Round 1) - Epoch 2/10 | Loss: 0.3288 | Acc: 0.8816 | Val Loss: 0.2747 | Val Acc: 0.9043 | Time: 12.66s
2025-03-04 23:31:36,990 - INFO - P1 (Round 1) - Epoch 3/10 | Loss: 0.2588 | Acc: 0.9122 | Val Loss: 0.2452 | Val Acc: 0.9180 | Time: 12.19s
2025-03-04 23:31:49,291 - INFO - P1 (Round 1) - Epoch 4/10 | Loss: 0.2368 | Acc: 0.9212 | Val Loss: 0.2281 | Val Acc: 0.9236 | Time: 12.30s
2025-03-04 23:32:01,717 - INFO - P1 (Round 1) - Epoch 5/10 | Loss: 0.2211 | Acc: 0.9283 | Val Loss: 0.2140 | Val Acc: 0.9339 | Time: 12.43s
2025-03-04 23:32:14,761 - INFO - P1 (Round 1) - Epoch 6/10 | Loss: 0.2078 | Acc: 0.9342 | Val Loss: 0.2055 | Val Acc: 0.9348 | Time: 13.04s
2025-03-04 23:32:27,670 - INFO - P1 (Round 1) - Epoch 7/10 | Loss: 0.1997 | Acc: 0.9357 | Val Loss: 0.1989 | Val Acc: 0.9349 | Time: 12.91s
2025-03-04 23:32:39,863 - INFO - P1 (Round 1) - Epoch 8/10 | Loss: 0.1950 | Acc: 0.9365 | Val Loss: 0.1922 | Val Acc: 0.9388 | Time: 12.19s
2025-03-04 23:32:51,939 - INFO - P1 (Round 1) - Epoch 9/10 | Loss: 0.1911 | Acc: 0.9374 | Val Loss: 0.1910 | Val Acc: 0.9376 | Time: 12.08s
2025-03-04 23:33:03,963 - INFO - P1 (Round 1) - Epoch 10/10 | Loss: 0.1881 | Acc: 0.9378 | Val Loss: 0.1880 | Val Acc: 0.9397 | Time: 12.02s
2025-03-04 23:33:16,210 - INFO - P2 (Round 1) - Epoch 1/10 | Loss: 0.6067 | Acc: 0.7700 | Val Loss: 0.4317 | Val Acc: 0.8318 | Time: 12.25s
2025-03-04 23:33:29,446 - INFO - P2 (Round 1) - Epoch 2/10 | Loss: 0.3436 | Acc: 0.8701 | Val Loss: 0.2819 | Val Acc: 0.8958 | Time: 13.24s
2025-03-04 23:33:42,140 - INFO - P2 (Round 1) - Epoch 3/10 | Loss: 0.2578 | Acc: 0.9080 | Val Loss: 0.2409 | Val Acc: 0.9129 | Time: 12.69s
2025-03-04 23:33:54,309 - INFO - P2 (Round 1) - Epoch 4/10 | Loss: 0.2299 | Acc: 0.9176 | Val Loss: 0.2217 | Val Acc: 0.9224 | Time: 12.17s
2025-03-04 23:34:06,600 - INFO - P2 (Round 1) - Epoch 5/10 | Loss: 0.2165 | Acc: 0.9235 | Val Loss: 0.2140 | Val Acc: 0.9229 | Time: 12.29s
2025-03-04 23:34:18,810 - INFO - P2 (Round 1) - Epoch 6/10 | Loss: 0.2087 | Acc: 0.9269 | Val Loss: 0.2063 | Val Acc: 0.9283 | Time: 12.21s
2025-03-04 23:34:31,445 - INFO - P2 (Round 1) - Epoch 7/10 | Loss: 0.2032 | Acc: 0.9287 | Val Loss: 0.2013 | Val Acc: 0.9285 | Time: 12.64s
2025-03-04 23:34:44,797 - INFO - P2 (Round 1) - Epoch 8/10 | Loss: 0.1990 | Acc: 0.9301 | Val Loss: 0.1980 | Val Acc: 0.9307 | Time: 13.35s
2025-03-04 23:34:56,948 - INFO - P2 (Round 1) - Epoch 9/10 | Loss: 0.1956 | Acc: 0.9317 | Val Loss: 0.1969 | Val Acc: 0.9302 | Time: 12.15s
2025-03-04 23:35:09,435 - INFO - P2 (Round 1) - Epoch 10/10 | Loss: 0.1924 | Acc: 0.9334 | Val Loss: 0.1923 | Val Acc: 0.9347 | Time: 12.49s
2025-03-04 23:35:11,991 - INFO - Round 1 completed in 253.54s
2025-03-04 23:35:11,991 - INFO - Global Model - P1 Test: Loss = 1.6439, Accuracy = 0.6328
2025-03-04 23:35:11,991 - INFO - Global Model - P2 Test: Loss = 1.6423, Accuracy = 0.6323
2025-03-04 23:35:24,187 - INFO - P1 (Round 2) - Epoch 1/10 | Loss: 0.2147 | Acc: 0.9274 | Val Loss: 0.1996 | Val Acc: 0.9362 | Time: 12.20s
2025-03-04 23:35:35,945 - INFO - P1 (Round 2) - Epoch 2/10 | Loss: 0.1957 | Acc: 0.9353 | Val Loss: 0.1926 | Val Acc: 0.9366 | Time: 11.76s
2025-03-04 23:35:48,832 - INFO - P1 (Round 2) - Epoch 3/10 | Loss: 0.1895 | Acc: 0.9370 | Val Loss: 0.1858 | Val Acc: 0.9385 | Time: 12.89s
2025-03-04 23:36:01,719 - INFO - P1 (Round 2) - Epoch 4/10 | Loss: 0.1851 | Acc: 0.9382 | Val Loss: 0.1844 | Val Acc: 0.9385 | Time: 12.89s
2025-03-04 23:36:13,861 - INFO - P1 (Round 2) - Epoch 5/10 | Loss: 0.1822 | Acc: 0.9391 | Val Loss: 0.1828 | Val Acc: 0.9403 | Time: 12.14s
2025-03-04 23:36:25,994 - INFO - P1 (Round 2) - Epoch 6/10 | Loss: 0.1798 | Acc: 0.9398 | Val Loss: 0.1802 | Val Acc: 0.9412 | Time: 12.13s
2025-03-04 23:36:38,352 - INFO - P1 (Round 2) - Epoch 7/10 | Loss: 0.1777 | Acc: 0.9400 | Val Loss: 0.1766 | Val Acc: 0.9421 | Time: 12.36s
2025-03-04 23:36:50,500 - INFO - P1 (Round 2) - Epoch 8/10 | Loss: 0.1757 | Acc: 0.9404 | Val Loss: 0.1750 | Val Acc: 0.9407 | Time: 12.15s
2025-03-04 23:37:03,576 - INFO - P1 (Round 2) - Epoch 9/10 | Loss: 0.1740 | Acc: 0.9408 | Val Loss: 0.1731 | Val Acc: 0.9426 | Time: 13.07s
2025-03-04 23:37:16,028 - INFO - P1 (Round 2) - Epoch 10/10 | Loss: 0.1725 | Acc: 0.9412 | Val Loss: 0.1708 | Val Acc: 0.9427 | Time: 12.45s
2025-03-04 23:37:28,298 - INFO - P2 (Round 2) - Epoch 1/10 | Loss: 0.2146 | Acc: 0.9277 | Val Loss: 0.2015 | Val Acc: 0.9342 | Time: 12.27s
2025-03-04 23:37:40,359 - INFO - P2 (Round 2) - Epoch 2/10 | Loss: 0.1957 | Acc: 0.9354 | Val Loss: 0.1948 | Val Acc: 0.9359 | Time: 12.06s
2025-03-04 23:37:52,671 - INFO - P2 (Round 2) - Epoch 3/10 | Loss: 0.1902 | Acc: 0.9369 | Val Loss: 0.1891 | Val Acc: 0.9381 | Time: 12.31s
2025-03-04 23:38:04,734 - INFO - P2 (Round 2) - Epoch 4/10 | Loss: 0.1861 | Acc: 0.9379 | Val Loss: 0.1870 | Val Acc: 0.9385 | Time: 12.06s
2025-03-04 23:38:18,002 - INFO - P2 (Round 2) - Epoch 5/10 | Loss: 0.1826 | Acc: 0.9391 | Val Loss: 0.1837 | Val Acc: 0.9397 | Time: 13.27s
2025-03-04 23:38:30,526 - INFO - P2 (Round 2) - Epoch 6/10 | Loss: 0.1796 | Acc: 0.9399 | Val Loss: 0.1798 | Val Acc: 0.9408 | Time: 12.52s
2025-03-04 23:38:42,755 - INFO - P2 (Round 2) - Epoch 7/10 | Loss: 0.1771 | Acc: 0.9404 | Val Loss: 0.1794 | Val Acc: 0.9395 | Time: 12.23s
2025-03-04 23:38:54,574 - INFO - P2 (Round 2) - Epoch 8/10 | Loss: 0.1750 | Acc: 0.9409 | Val Loss: 0.1781 | Val Acc: 0.9410 | Time: 11.82s
2025-03-04 23:39:06,863 - INFO - P2 (Round 2) - Epoch 9/10 | Loss: 0.1730 | Acc: 0.9415 | Val Loss: 0.1765 | Val Acc: 0.9411 | Time: 12.29s
2025-03-04 23:39:19,464 - INFO - P2 (Round 2) - Epoch 10/10 | Loss: 0.1716 | Acc: 0.9418 | Val Loss: 0.1741 | Val Acc: 0.9420 | Time: 12.60s
2025-03-04 23:39:22,365 - INFO - Round 2 completed in 250.37s
2025-03-04 23:39:22,365 - INFO - Global Model - P1 Test: Loss = 0.1700, Accuracy = 0.9421
2025-03-04 23:39:22,365 - INFO - Global Model - P2 Test: Loss = 0.1723, Accuracy = 0.9412
2025-03-04 23:39:35,260 - INFO - P1 (Round 3) - Epoch 1/10 | Loss: 0.1702 | Acc: 0.9417 | Val Loss: 0.1702 | Val Acc: 0.9439 | Time: 12.89s
2025-03-04 23:39:47,196 - INFO - P1 (Round 3) - Epoch 2/10 | Loss: 0.1686 | Acc: 0.9421 | Val Loss: 0.1683 | Val Acc: 0.9429 | Time: 11.93s
2025-03-04 23:39:59,220 - INFO - P1 (Round 3) - Epoch 3/10 | Loss: 0.1671 | Acc: 0.9426 | Val Loss: 0.1660 | Val Acc: 0.9436 | Time: 12.02s
2025-03-04 23:40:11,208 - INFO - P1 (Round 3) - Epoch 4/10 | Loss: 0.1660 | Acc: 0.9429 | Val Loss: 0.1655 | Val Acc: 0.9415 | Time: 11.99s
2025-03-04 23:40:23,262 - INFO - P1 (Round 3) - Epoch 5/10 | Loss: 0.1651 | Acc: 0.9432 | Val Loss: 0.1663 | Val Acc: 0.9432 | Time: 12.05s
2025-03-04 23:40:36,187 - INFO - P1 (Round 3) - Epoch 6/10 | Loss: 0.1639 | Acc: 0.9435 | Val Loss: 0.1622 | Val Acc: 0.9448 | Time: 12.93s
2025-03-04 23:40:48,661 - INFO - P1 (Round 3) - Epoch 7/10 | Loss: 0.1630 | Acc: 0.9439 | Val Loss: 0.1641 | Val Acc: 0.9443 | Time: 12.47s
2025-03-04 23:41:00,609 - INFO - P1 (Round 3) - Epoch 8/10 | Loss: 0.1619 | Acc: 0.9441 | Val Loss: 0.1617 | Val Acc: 0.9454 | Time: 11.95s
2025-03-04 23:41:12,523 - INFO - P1 (Round 3) - Epoch 9/10 | Loss: 0.1610 | Acc: 0.9444 | Val Loss: 0.1608 | Val Acc: 0.9445 | Time: 11.91s
2025-03-04 23:41:24,965 - INFO - P1 (Round 3) - Epoch 10/10 | Loss: 0.1602 | Acc: 0.9445 | Val Loss: 0.1599 | Val Acc: 0.9467 | Time: 12.44s
2025-03-04 23:41:37,399 - INFO - P2 (Round 3) - Epoch 1/10 | Loss: 0.1706 | Acc: 0.9416 | Val Loss: 0.1729 | Val Acc: 0.9411 | Time: 12.43s
2025-03-04 23:41:50,574 - INFO - P2 (Round 3) - Epoch 2/10 | Loss: 0.1689 | Acc: 0.9421 | Val Loss: 0.1717 | Val Acc: 0.9414 | Time: 13.17s
2025-03-04 23:42:02,941 - INFO - P2 (Round 3) - Epoch 3/10 | Loss: 0.1676 | Acc: 0.9425 | Val Loss: 0.1696 | Val Acc: 0.9418 | Time: 12.37s
2025-03-04 23:42:15,433 - INFO - P2 (Round 3) - Epoch 4/10 | Loss: 0.1663 | Acc: 0.9428 | Val Loss: 0.1665 | Val Acc: 0.9434 | Time: 12.49s
2025-03-04 23:42:27,868 - INFO - P2 (Round 3) - Epoch 5/10 | Loss: 0.1654 | Acc: 0.9433 | Val Loss: 0.1670 | Val Acc: 0.9433 | Time: 12.43s
2025-03-04 23:42:40,279 - INFO - P2 (Round 3) - Epoch 6/10 | Loss: 0.1642 | Acc: 0.9436 | Val Loss: 0.1666 | Val Acc: 0.9436 | Time: 12.41s
2025-03-04 23:42:52,647 - INFO - P2 (Round 3) - Epoch 7/10 | Loss: 0.1632 | Acc: 0.9440 | Val Loss: 0.1643 | Val Acc: 0.9435 | Time: 12.37s
2025-03-04 23:43:05,937 - INFO - P2 (Round 3) - Epoch 8/10 | Loss: 0.1621 | Acc: 0.9442 | Val Loss: 0.1653 | Val Acc: 0.9440 | Time: 13.29s
2025-03-04 23:43:18,010 - INFO - P2 (Round 3) - Epoch 9/10 | Loss: 0.1615 | Acc: 0.9443 | Val Loss: 0.1621 | Val Acc: 0.9444 | Time: 12.07s
2025-03-04 23:43:30,098 - INFO - P2 (Round 3) - Epoch 10/10 | Loss: 0.1605 | Acc: 0.9445 | Val Loss: 0.1631 | Val Acc: 0.9451 | Time: 12.09s
2025-03-04 23:43:32,800 - INFO - Round 3 completed in 250.44s
2025-03-04 23:43:32,800 - INFO - Global Model - P1 Test: Loss = 0.1589, Accuracy = 0.9470
2025-03-04 23:43:32,800 - INFO - Global Model - P2 Test: Loss = 0.1620, Accuracy = 0.9460
2025-03-04 23:43:45,295 - INFO - P1 (Round 4) - Epoch 1/10 | Loss: 0.1595 | Acc: 0.9447 | Val Loss: 0.1610 | Val Acc: 0.9454 | Time: 12.49s
2025-03-04 23:43:57,355 - INFO - P1 (Round 4) - Epoch 2/10 | Loss: 0.1587 | Acc: 0.9449 | Val Loss: 0.1572 | Val Acc: 0.9458 | Time: 12.06s
2025-03-04 23:44:10,385 - INFO - P1 (Round 4) - Epoch 3/10 | Loss: 0.1579 | Acc: 0.9449 | Val Loss: 0.1569 | Val Acc: 0.9452 | Time: 13.03s
2025-03-04 23:44:23,023 - INFO - P1 (Round 4) - Epoch 4/10 | Loss: 0.1573 | Acc: 0.9452 | Val Loss: 0.1564 | Val Acc: 0.9440 | Time: 12.64s
2025-03-04 23:44:35,209 - INFO - P1 (Round 4) - Epoch 5/10 | Loss: 0.1567 | Acc: 0.9452 | Val Loss: 0.1583 | Val Acc: 0.9453 | Time: 12.19s
2025-03-04 23:44:47,249 - INFO - P1 (Round 4) - Epoch 6/10 | Loss: 0.1563 | Acc: 0.9454 | Val Loss: 0.1556 | Val Acc: 0.9461 | Time: 12.04s
2025-03-04 23:44:59,260 - INFO - P1 (Round 4) - Epoch 7/10 | Loss: 0.1558 | Acc: 0.9455 | Val Loss: 0.1593 | Val Acc: 0.9438 | Time: 12.01s
2025-03-04 23:45:10,937 - INFO - P1 (Round 4) - Epoch 8/10 | Loss: 0.1553 | Acc: 0.9456 | Val Loss: 0.1562 | Val Acc: 0.9444 | Time: 11.68s
2025-03-04 23:45:23,944 - INFO - P1 (Round 4) - Epoch 9/10 | Loss: 0.1549 | Acc: 0.9457 | Val Loss: 0.1537 | Val Acc: 0.9448 | Time: 13.01s
2025-03-04 23:45:36,378 - INFO - P1 (Round 4) - Epoch 10/10 | Loss: 0.1544 | Acc: 0.9458 | Val Loss: 0.1539 | Val Acc: 0.9463 | Time: 12.43s
2025-03-04 23:45:48,406 - INFO - P2 (Round 4) - Epoch 1/10 | Loss: 0.1598 | Acc: 0.9447 | Val Loss: 0.1617 | Val Acc: 0.9449 | Time: 12.03s
2025-03-04 23:46:00,604 - INFO - P2 (Round 4) - Epoch 2/10 | Loss: 0.1590 | Acc: 0.9450 | Val Loss: 0.1604 | Val Acc: 0.9457 | Time: 12.20s
2025-03-04 23:46:12,527 - INFO - P2 (Round 4) - Epoch 3/10 | Loss: 0.1584 | Acc: 0.9452 | Val Loss: 0.1619 | Val Acc: 0.9432 | Time: 11.92s
2025-03-04 23:46:24,530 - INFO - P2 (Round 4) - Epoch 4/10 | Loss: 0.1577 | Acc: 0.9451 | Val Loss: 0.1606 | Val Acc: 0.9448 | Time: 12.00s
2025-03-04 23:46:37,818 - INFO - P2 (Round 4) - Epoch 5/10 | Loss: 0.1571 | Acc: 0.9453 | Val Loss: 0.1592 | Val Acc: 0.9455 | Time: 13.29s
2025-03-04 23:46:50,461 - INFO - P2 (Round 4) - Epoch 6/10 | Loss: 0.1567 | Acc: 0.9455 | Val Loss: 0.1571 | Val Acc: 0.9458 | Time: 12.64s
2025-03-04 23:47:02,525 - INFO - P2 (Round 4) - Epoch 7/10 | Loss: 0.1561 | Acc: 0.9456 | Val Loss: 0.1604 | Val Acc: 0.9441 | Time: 12.06s
2025-03-04 23:47:14,805 - INFO - P2 (Round 4) - Epoch 8/10 | Loss: 0.1560 | Acc: 0.9457 | Val Loss: 0.1570 | Val Acc: 0.9447 | Time: 12.28s
2025-03-04 23:47:27,114 - INFO - P2 (Round 4) - Epoch 9/10 | Loss: 0.1554 | Acc: 0.9458 | Val Loss: 0.1586 | Val Acc: 0.9450 | Time: 12.31s
2025-03-04 23:47:39,513 - INFO - P2 (Round 4) - Epoch 10/10 | Loss: 0.1551 | Acc: 0.9459 | Val Loss: 0.1581 | Val Acc: 0.9459 | Time: 12.40s
2025-03-04 23:47:42,365 - INFO - Round 4 completed in 249.56s
2025-03-04 23:47:42,366 - INFO - Global Model - P1 Test: Loss = 0.1526, Accuracy = 0.9469
2025-03-04 23:47:42,366 - INFO - Global Model - P2 Test: Loss = 0.1560, Accuracy = 0.9459
2025-03-04 23:47:55,056 - INFO - P1 (Round 5) - Epoch 1/10 | Loss: 0.1544 | Acc: 0.9459 | Val Loss: 0.1532 | Val Acc: 0.9463 | Time: 12.69s
2025-03-04 23:48:07,024 - INFO - P1 (Round 5) - Epoch 2/10 | Loss: 0.1540 | Acc: 0.9459 | Val Loss: 0.1550 | Val Acc: 0.9437 | Time: 11.97s
2025-03-04 23:48:19,099 - INFO - P1 (Round 5) - Epoch 3/10 | Loss: 0.1536 | Acc: 0.9461 | Val Loss: 0.1516 | Val Acc: 0.9467 | Time: 12.07s
2025-03-04 23:48:29,224 - INFO - P1 (Round 5) - Epoch 4/10 | Loss: 0.1534 | Acc: 0.9461 | Val Loss: 0.1521 | Val Acc: 0.9464 | Time: 10.13s
2025-03-04 23:48:39,458 - INFO - P1 (Round 5) - Epoch 5/10 | Loss: 0.1530 | Acc: 0.9462 | Val Loss: 0.1519 | Val Acc: 0.9474 | Time: 10.23s
2025-03-04 23:48:50,021 - INFO - P1 (Round 5) - Epoch 6/10 | Loss: 0.1527 | Acc: 0.9462 | Val Loss: 0.1520 | Val Acc: 0.9478 | Time: 10.56s
2025-03-04 23:49:03,216 - INFO - P1 (Round 5) - Epoch 7/10 | Loss: 0.1523 | Acc: 0.9465 | Val Loss: 0.1529 | Val Acc: 0.9465 | Time: 13.19s
2025-03-04 23:49:15,499 - INFO - P1 (Round 5) - Epoch 8/10 | Loss: 0.1520 | Acc: 0.9466 | Val Loss: 0.1517 | Val Acc: 0.9470 | Time: 12.28s
2025-03-04 23:49:28,030 - INFO - P1 (Round 5) - Epoch 9/10 | Loss: 0.1518 | Acc: 0.9466 | Val Loss: 0.1492 | Val Acc: 0.9477 | Time: 12.53s
2025-03-04 23:49:40,038 - INFO - P1 (Round 5) - Epoch 10/10 | Loss: 0.1514 | Acc: 0.9468 | Val Loss: 0.1518 | Val Acc: 0.9469 | Time: 12.01s
2025-03-04 23:49:52,067 - INFO - P2 (Round 5) - Epoch 1/10 | Loss: 0.1548 | Acc: 0.9461 | Val Loss: 0.1577 | Val Acc: 0.9452 | Time: 12.03s
2025-03-04 23:50:05,135 - INFO - P2 (Round 5) - Epoch 2/10 | Loss: 0.1544 | Acc: 0.9462 | Val Loss: 0.1563 | Val Acc: 0.9448 | Time: 13.07s
2025-03-04 23:50:18,001 - INFO - P2 (Round 5) - Epoch 3/10 | Loss: 0.1540 | Acc: 0.9462 | Val Loss: 0.1591 | Val Acc: 0.9411 | Time: 12.87s
2025-03-04 23:50:29,981 - INFO - P2 (Round 5) - Epoch 4/10 | Loss: 0.1539 | Acc: 0.9462 | Val Loss: 0.1571 | Val Acc: 0.9457 | Time: 11.98s
2025-03-04 23:50:42,035 - INFO - P2 (Round 5) - Epoch 5/10 | Loss: 0.1534 | Acc: 0.9464 | Val Loss: 0.1561 | Val Acc: 0.9471 | Time: 12.05s
2025-03-04 23:50:54,744 - INFO - P2 (Round 5) - Epoch 6/10 | Loss: 0.1534 | Acc: 0.9462 | Val Loss: 0.1549 | Val Acc: 0.9449 | Time: 12.71s
2025-03-04 23:51:07,441 - INFO - P2 (Round 5) - Epoch 7/10 | Loss: 0.1528 | Acc: 0.9466 | Val Loss: 0.1566 | Val Acc: 0.9443 | Time: 12.70s
2025-03-04 23:51:20,478 - INFO - P2 (Round 5) - Epoch 8/10 | Loss: 0.1525 | Acc: 0.9468 | Val Loss: 0.1540 | Val Acc: 0.9462 | Time: 13.04s
2025-03-04 23:51:32,652 - INFO - P2 (Round 5) - Epoch 9/10 | Loss: 0.1523 | Acc: 0.9468 | Val Loss: 0.1548 | Val Acc: 0.9462 | Time: 12.17s
2025-03-04 23:51:44,754 - INFO - P2 (Round 5) - Epoch 10/10 | Loss: 0.1519 | Acc: 0.9469 | Val Loss: 0.1535 | Val Acc: 0.9472 | Time: 12.10s
2025-03-04 23:51:47,302 - INFO - Round 5 completed in 244.94s
2025-03-04 23:51:47,302 - INFO - Global Model - P1 Test: Loss = 0.1491, Accuracy = 0.9484
2025-03-04 23:51:47,302 - INFO - Global Model - P2 Test: Loss = 0.1522, Accuracy = 0.9473
2025-03-04 23:51:59,322 - INFO - P1 (Round 6) - Epoch 1/10 | Loss: 0.1515 | Acc: 0.9467 | Val Loss: 0.1517 | Val Acc: 0.9452 | Time: 12.02s
2025-03-04 23:52:11,452 - INFO - P1 (Round 6) - Epoch 2/10 | Loss: 0.1512 | Acc: 0.9469 | Val Loss: 0.1512 | Val Acc: 0.9478 | Time: 12.13s
2025-03-04 23:52:24,070 - INFO - P1 (Round 6) - Epoch 3/10 | Loss: 0.1509 | Acc: 0.9469 | Val Loss: 0.1502 | Val Acc: 0.9478 | Time: 12.62s
2025-03-04 23:52:37,305 - INFO - P1 (Round 6) - Epoch 4/10 | Loss: 0.1508 | Acc: 0.9469 | Val Loss: 0.1489 | Val Acc: 0.9478 | Time: 13.23s
2025-03-04 23:52:49,271 - INFO - P1 (Round 6) - Epoch 5/10 | Loss: 0.1505 | Acc: 0.9469 | Val Loss: 0.1486 | Val Acc: 0.9470 | Time: 11.97s
2025-03-04 23:53:00,377 - INFO - P1 (Round 6) - Epoch 6/10 | Loss: 0.1503 | Acc: 0.9471 | Val Loss: 0.1521 | Val Acc: 0.9470 | Time: 11.11s
2025-03-04 23:53:10,572 - INFO - P1 (Round 6) - Epoch 7/10 | Loss: 0.1501 | Acc: 0.9471 | Val Loss: 0.1516 | Val Acc: 0.9475 | Time: 10.19s
2025-03-04 23:53:21,202 - INFO - P1 (Round 6) - Epoch 8/10 | Loss: 0.1500 | Acc: 0.9472 | Val Loss: 0.1496 | Val Acc: 0.9489 | Time: 10.63s
2025-03-04 23:53:36,857 - INFO - P1 (Round 6) - Epoch 9/10 | Loss: 0.1499 | Acc: 0.9471 | Val Loss: 0.1480 | Val Acc: 0.9486 | Time: 15.66s
2025-03-04 23:53:51,907 - INFO - P1 (Round 6) - Epoch 10/10 | Loss: 0.1497 | Acc: 0.9473 | Val Loss: 0.1493 | Val Acc: 0.9483 | Time: 15.05s
2025-03-04 23:54:05,257 - INFO - P2 (Round 6) - Epoch 1/10 | Loss: 0.1520 | Acc: 0.9470 | Val Loss: 0.1526 | Val Acc: 0.9468 | Time: 13.35s
2025-03-04 23:54:17,019 - INFO - P2 (Round 6) - Epoch 2/10 | Loss: 0.1518 | Acc: 0.9471 | Val Loss: 0.1560 | Val Acc: 0.9455 | Time: 11.76s
2025-03-04 23:54:29,116 - INFO - P2 (Round 6) - Epoch 3/10 | Loss: 0.1515 | Acc: 0.9470 | Val Loss: 0.1555 | Val Acc: 0.9443 | Time: 12.10s
2025-03-04 23:54:41,343 - INFO - P2 (Round 6) - Epoch 4/10 | Loss: 0.1514 | Acc: 0.9471 | Val Loss: 0.1546 | Val Acc: 0.9455 | Time: 12.23s
2025-03-04 23:54:54,597 - INFO - P2 (Round 6) - Epoch 5/10 | Loss: 0.1512 | Acc: 0.9472 | Val Loss: 0.1579 | Val Acc: 0.9459 | Time: 13.25s
2025-03-04 23:55:07,076 - INFO - P2 (Round 6) - Epoch 6/10 | Loss: 0.1509 | Acc: 0.9472 | Val Loss: 0.1508 | Val Acc: 0.9478 | Time: 12.48s
2025-03-04 23:55:19,261 - INFO - P2 (Round 6) - Epoch 7/10 | Loss: 0.1508 | Acc: 0.9472 | Val Loss: 0.1514 | Val Acc: 0.9478 | Time: 12.18s
2025-03-04 23:55:31,202 - INFO - P2 (Round 6) - Epoch 8/10 | Loss: 0.1505 | Acc: 0.9474 | Val Loss: 0.1526 | Val Acc: 0.9466 | Time: 11.94s
2025-03-04 23:55:43,142 - INFO - P2 (Round 6) - Epoch 9/10 | Loss: 0.1505 | Acc: 0.9473 | Val Loss: 0.1568 | Val Acc: 0.9453 | Time: 11.94s
2025-03-04 23:55:55,420 - INFO - P2 (Round 6) - Epoch 10/10 | Loss: 0.1502 | Acc: 0.9474 | Val Loss: 0.1518 | Val Acc: 0.9465 | Time: 12.28s
2025-03-04 23:55:58,245 - INFO - Round 6 completed in 250.94s
2025-03-04 23:55:58,246 - INFO - Global Model - P1 Test: Loss = 0.1477, Accuracy = 0.9488
2025-03-04 23:55:58,246 - INFO - Global Model - P2 Test: Loss = 0.1506, Accuracy = 0.9477
2025-03-04 23:56:11,506 - INFO - P1 (Round 7) - Epoch 1/10 | Loss: 0.1497 | Acc: 0.9473 | Val Loss: 0.1485 | Val Acc: 0.9483 | Time: 13.26s
2025-03-04 23:56:22,210 - INFO - P1 (Round 7) - Epoch 2/10 | Loss: 0.1496 | Acc: 0.9474 | Val Loss: 0.1502 | Val Acc: 0.9468 | Time: 10.70s
2025-03-04 23:56:32,827 - INFO - P1 (Round 7) - Epoch 3/10 | Loss: 0.1492 | Acc: 0.9475 | Val Loss: 0.1488 | Val Acc: 0.9487 | Time: 10.62s
2025-03-04 23:56:43,193 - INFO - P1 (Round 7) - Epoch 4/10 | Loss: 0.1493 | Acc: 0.9474 | Val Loss: 0.1489 | Val Acc: 0.9487 | Time: 10.37s
2025-03-04 23:56:53,142 - INFO - P1 (Round 7) - Epoch 5/10 | Loss: 0.1491 | Acc: 0.9475 | Val Loss: 0.1507 | Val Acc: 0.9473 | Time: 9.95s
2025-03-04 23:57:03,515 - INFO - P1 (Round 7) - Epoch 6/10 | Loss: 0.1490 | Acc: 0.9476 | Val Loss: 0.1477 | Val Acc: 0.9488 | Time: 10.37s
2025-03-04 23:57:15,584 - INFO - P1 (Round 7) - Epoch 7/10 | Loss: 0.1490 | Acc: 0.9474 | Val Loss: 0.1498 | Val Acc: 0.9479 | Time: 12.07s
2025-03-04 23:57:25,707 - INFO - P1 (Round 7) - Epoch 8/10 | Loss: 0.1487 | Acc: 0.9476 | Val Loss: 0.1505 | Val Acc: 0.9483 | Time: 10.12s
2025-03-04 23:57:35,779 - INFO - P1 (Round 7) - Epoch 9/10 | Loss: 0.1486 | Acc: 0.9476 | Val Loss: 0.1492 | Val Acc: 0.9480 | Time: 10.07s
2025-03-04 23:57:45,859 - INFO - P1 (Round 7) - Epoch 10/10 | Loss: 0.1485 | Acc: 0.9477 | Val Loss: 0.1470 | Val Acc: 0.9487 | Time: 10.08s
2025-03-04 23:57:56,100 - INFO - P2 (Round 7) - Epoch 1/10 | Loss: 0.1502 | Acc: 0.9474 | Val Loss: 0.1517 | Val Acc: 0.9477 | Time: 10.24s
2025-03-04 23:58:06,164 - INFO - P2 (Round 7) - Epoch 2/10 | Loss: 0.1499 | Acc: 0.9476 | Val Loss: 0.1508 | Val Acc: 0.9473 | Time: 10.06s
2025-03-04 23:58:16,434 - INFO - P2 (Round 7) - Epoch 3/10 | Loss: 0.1498 | Acc: 0.9477 | Val Loss: 0.1520 | Val Acc: 0.9473 | Time: 10.27s
2025-03-04 23:58:29,026 - INFO - P2 (Round 7) - Epoch 4/10 | Loss: 0.1497 | Acc: 0.9478 | Val Loss: 0.1508 | Val Acc: 0.9479 | Time: 12.59s
2025-03-04 23:58:39,432 - INFO - P2 (Round 7) - Epoch 5/10 | Loss: 0.1495 | Acc: 0.9478 | Val Loss: 0.1517 | Val Acc: 0.9477 | Time: 10.41s
2025-03-04 23:58:49,521 - INFO - P2 (Round 7) - Epoch 6/10 | Loss: 0.1494 | Acc: 0.9478 | Val Loss: 0.1511 | Val Acc: 0.9473 | Time: 10.09s
2025-03-04 23:58:59,616 - INFO - P2 (Round 7) - Epoch 7/10 | Loss: 0.1493 | Acc: 0.9480 | Val Loss: 0.1528 | Val Acc: 0.9463 | Time: 10.09s
2025-03-04 23:59:09,736 - INFO - P2 (Round 7) - Epoch 8/10 | Loss: 0.1492 | Acc: 0.9478 | Val Loss: 0.1504 | Val Acc: 0.9480 | Time: 10.12s
2025-03-04 23:59:19,816 - INFO - P2 (Round 7) - Epoch 9/10 | Loss: 0.1491 | Acc: 0.9479 | Val Loss: 0.1519 | Val Acc: 0.9464 | Time: 10.08s
2025-03-04 23:59:30,415 - INFO - P2 (Round 7) - Epoch 10/10 | Loss: 0.1491 | Acc: 0.9479 | Val Loss: 0.1520 | Val Acc: 0.9479 | Time: 10.60s
2025-03-04 23:59:33,415 - INFO - Round 7 completed in 215.17s
2025-03-04 23:59:33,415 - INFO - Global Model - P1 Test: Loss = 0.1464, Accuracy = 0.9491
2025-03-04 23:59:33,415 - INFO - Global Model - P2 Test: Loss = 0.1496, Accuracy = 0.9482
2025-03-04 23:59:44,620 - INFO - P1 (Round 8) - Epoch 1/10 | Loss: 0.1484 | Acc: 0.9475 | Val Loss: 0.1472 | Val Acc: 0.9482 | Time: 11.20s
2025-03-04 23:59:54,733 - INFO - P1 (Round 8) - Epoch 2/10 | Loss: 0.1483 | Acc: 0.9478 | Val Loss: 0.1479 | Val Acc: 0.9460 | Time: 10.11s
2025-03-05 00:00:06,509 - INFO - P1 (Round 8) - Epoch 3/10 | Loss: 0.1482 | Acc: 0.9478 | Val Loss: 0.1484 | Val Acc: 0.9498 | Time: 11.78s
2025-03-05 00:00:18,705 - INFO - P1 (Round 8) - Epoch 4/10 | Loss: 0.1481 | Acc: 0.9476 | Val Loss: 0.1487 | Val Acc: 0.9468 | Time: 12.20s
2025-03-05 00:00:30,771 - INFO - P1 (Round 8) - Epoch 5/10 | Loss: 0.1479 | Acc: 0.9478 | Val Loss: 0.1494 | Val Acc: 0.9476 | Time: 12.07s
2025-03-05 00:00:42,863 - INFO - P1 (Round 8) - Epoch 6/10 | Loss: 0.1479 | Acc: 0.9479 | Val Loss: 0.1505 | Val Acc: 0.9472 | Time: 12.09s
2025-03-05 00:00:55,847 - INFO - P1 (Round 8) - Epoch 7/10 | Loss: 0.1478 | Acc: 0.9478 | Val Loss: 0.1477 | Val Acc: 0.9482 | Time: 12.98s
2025-03-05 00:01:07,242 - INFO - P1 (Round 8) - Epoch 8/10 | Loss: 0.1476 | Acc: 0.9479 | Val Loss: 0.1484 | Val Acc: 0.9486 | Time: 11.39s
2025-03-05 00:01:17,404 - INFO - P1 (Round 8) - Epoch 9/10 | Loss: 0.1475 | Acc: 0.9479 | Val Loss: 0.1483 | Val Acc: 0.9494 | Time: 10.16s
2025-03-05 00:01:27,335 - INFO - P1 (Round 8) - Epoch 10/10 | Loss: 0.1474 | Acc: 0.9479 | Val Loss: 0.1479 | Val Acc: 0.9496 | Time: 9.93s
2025-03-05 00:01:37,310 - INFO - P2 (Round 8) - Epoch 1/10 | Loss: 0.1490 | Acc: 0.9479 | Val Loss: 0.1506 | Val Acc: 0.9485 | Time: 9.97s
2025-03-05 00:01:47,391 - INFO - P2 (Round 8) - Epoch 2/10 | Loss: 0.1489 | Acc: 0.9479 | Val Loss: 0.1504 | Val Acc: 0.9480 | Time: 10.08s
2025-03-05 00:01:58,958 - INFO - P2 (Round 8) - Epoch 3/10 | Loss: 0.1487 | Acc: 0.9480 | Val Loss: 0.1500 | Val Acc: 0.9469 | Time: 11.57s
2025-03-05 00:02:09,780 - INFO - P2 (Round 8) - Epoch 4/10 | Loss: 0.1485 | Acc: 0.9480 | Val Loss: 0.1533 | Val Acc: 0.9467 | Time: 10.82s
2025-03-05 00:02:19,749 - INFO - P2 (Round 8) - Epoch 5/10 | Loss: 0.1485 | Acc: 0.9481 | Val Loss: 0.1489 | Val Acc: 0.9481 | Time: 9.97s
2025-03-05 00:02:30,039 - INFO - P2 (Round 8) - Epoch 6/10 | Loss: 0.1483 | Acc: 0.9480 | Val Loss: 0.1505 | Val Acc: 0.9457 | Time: 10.29s
2025-03-05 00:02:40,168 - INFO - P2 (Round 8) - Epoch 7/10 | Loss: 0.1484 | Acc: 0.9479 | Val Loss: 0.1505 | Val Acc: 0.9481 | Time: 10.13s
2025-03-05 00:02:50,156 - INFO - P2 (Round 8) - Epoch 8/10 | Loss: 0.1481 | Acc: 0.9480 | Val Loss: 0.1513 | Val Acc: 0.9483 | Time: 9.99s
2025-03-05 00:03:00,282 - INFO - P2 (Round 8) - Epoch 9/10 | Loss: 0.1481 | Acc: 0.9480 | Val Loss: 0.1491 | Val Acc: 0.9485 | Time: 10.13s
2025-03-05 00:03:12,479 - INFO - P2 (Round 8) - Epoch 10/10 | Loss: 0.1480 | Acc: 0.9481 | Val Loss: 0.1483 | Val Acc: 0.9482 | Time: 12.20s
2025-03-05 00:03:14,974 - INFO - Round 8 completed in 221.56s
2025-03-05 00:03:14,975 - INFO - Global Model - P1 Test: Loss = 0.1455, Accuracy = 0.9500
2025-03-05 00:03:14,975 - INFO - Global Model - P2 Test: Loss = 0.1481, Accuracy = 0.9489
2025-03-05 00:03:25,425 - INFO - P1 (Round 9) - Epoch 1/10 | Loss: 0.1476 | Acc: 0.9479 | Val Loss: 0.1458 | Val Acc: 0.9488 | Time: 10.45s
2025-03-05 00:03:35,658 - INFO - P1 (Round 9) - Epoch 2/10 | Loss: 0.1473 | Acc: 0.9478 | Val Loss: 0.1486 | Val Acc: 0.9485 | Time: 10.23s
2025-03-05 00:03:45,760 - INFO - P1 (Round 9) - Epoch 3/10 | Loss: 0.1473 | Acc: 0.9479 | Val Loss: 0.1460 | Val Acc: 0.9488 | Time: 10.10s
2025-03-05 00:03:55,875 - INFO - P1 (Round 9) - Epoch 4/10 | Loss: 0.1472 | Acc: 0.9479 | Val Loss: 0.1449 | Val Acc: 0.9491 | Time: 10.11s
2025-03-05 00:04:06,019 - INFO - P1 (Round 9) - Epoch 5/10 | Loss: 0.1471 | Acc: 0.9480 | Val Loss: 0.1463 | Val Acc: 0.9485 | Time: 10.14s
2025-03-05 00:04:16,949 - INFO - P1 (Round 9) - Epoch 6/10 | Loss: 0.1470 | Acc: 0.9480 | Val Loss: 0.1460 | Val Acc: 0.9482 | Time: 10.93s
2025-03-05 00:04:28,959 - INFO - P1 (Round 9) - Epoch 7/10 | Loss: 0.1468 | Acc: 0.9479 | Val Loss: 0.1464 | Val Acc: 0.9480 | Time: 12.01s
2025-03-05 00:04:39,039 - INFO - P1 (Round 9) - Epoch 8/10 | Loss: 0.1467 | Acc: 0.9480 | Val Loss: 0.1464 | Val Acc: 0.9485 | Time: 10.08s
2025-03-05 00:04:49,385 - INFO - P1 (Round 9) - Epoch 9/10 | Loss: 0.1466 | Acc: 0.9479 | Val Loss: 0.1459 | Val Acc: 0.9492 | Time: 10.35s
2025-03-05 00:04:59,586 - INFO - P1 (Round 9) - Epoch 10/10 | Loss: 0.1466 | Acc: 0.9479 | Val Loss: 0.1501 | Val Acc: 0.9477 | Time: 10.20s
2025-03-05 00:05:09,923 - INFO - P2 (Round 9) - Epoch 1/10 | Loss: 0.1480 | Acc: 0.9482 | Val Loss: 0.1530 | Val Acc: 0.9482 | Time: 10.34s
2025-03-05 00:05:19,886 - INFO - P2 (Round 9) - Epoch 2/10 | Loss: 0.1479 | Acc: 0.9480 | Val Loss: 0.1530 | Val Acc: 0.9461 | Time: 9.96s
2025-03-05 00:05:30,880 - INFO - P2 (Round 9) - Epoch 3/10 | Loss: 0.1477 | Acc: 0.9481 | Val Loss: 0.1503 | Val Acc: 0.9440 | Time: 10.99s
2025-03-05 00:05:41,876 - INFO - P2 (Round 9) - Epoch 4/10 | Loss: 0.1475 | Acc: 0.9481 | Val Loss: 0.1484 | Val Acc: 0.9461 | Time: 11.00s
2025-03-05 00:05:52,056 - INFO - P2 (Round 9) - Epoch 5/10 | Loss: 0.1477 | Acc: 0.9482 | Val Loss: 0.1490 | Val Acc: 0.9470 | Time: 10.18s
2025-03-05 00:06:02,232 - INFO - P2 (Round 9) - Epoch 6/10 | Loss: 0.1474 | Acc: 0.9481 | Val Loss: 0.1486 | Val Acc: 0.9478 | Time: 10.18s
2025-03-05 00:06:12,573 - INFO - P2 (Round 9) - Epoch 7/10 | Loss: 0.1473 | Acc: 0.9482 | Val Loss: 0.1494 | Val Acc: 0.9475 | Time: 10.34s
2025-03-05 00:06:22,727 - INFO - P2 (Round 9) - Epoch 8/10 | Loss: 0.1471 | Acc: 0.9481 | Val Loss: 0.1494 | Val Acc: 0.9478 | Time: 10.15s
2025-03-05 00:06:32,908 - INFO - P2 (Round 9) - Epoch 9/10 | Loss: 0.1470 | Acc: 0.9481 | Val Loss: 0.1483 | Val Acc: 0.9482 | Time: 10.18s
2025-03-05 00:06:44,095 - INFO - P2 (Round 9) - Epoch 10/10 | Loss: 0.1469 | Acc: 0.9482 | Val Loss: 0.1500 | Val Acc: 0.9477 | Time: 11.19s
2025-03-05 00:06:47,048 - INFO - Round 9 completed in 212.07s
2025-03-05 00:06:47,048 - INFO - Global Model - P1 Test: Loss = 0.1458, Accuracy = 0.9494
2025-03-05 00:06:47,048 - INFO - Global Model - P2 Test: Loss = 0.1483, Accuracy = 0.9484
2025-03-05 00:06:58,482 - INFO - P1 (Round 10) - Epoch 1/10 | Loss: 0.1465 | Acc: 0.9481 | Val Loss: 0.1456 | Val Acc: 0.9493 | Time: 11.43s
2025-03-05 00:07:08,454 - INFO - P1 (Round 10) - Epoch 2/10 | Loss: 0.1464 | Acc: 0.9479 | Val Loss: 0.1454 | Val Acc: 0.9493 | Time: 9.97s
2025-03-05 00:07:19,427 - INFO - P1 (Round 10) - Epoch 3/10 | Loss: 0.1462 | Acc: 0.9481 | Val Loss: 0.1453 | Val Acc: 0.9491 | Time: 10.97s
2025-03-05 00:07:31,411 - INFO - P1 (Round 10) - Epoch 4/10 | Loss: 0.1461 | Acc: 0.9480 | Val Loss: 0.1468 | Val Acc: 0.9498 | Time: 11.98s
2025-03-05 00:07:42,723 - INFO - P1 (Round 10) - Epoch 5/10 | Loss: 0.1459 | Acc: 0.9480 | Val Loss: 0.1472 | Val Acc: 0.9486 | Time: 11.31s
2025-03-05 00:07:53,849 - INFO - P1 (Round 10) - Epoch 6/10 | Loss: 0.1458 | Acc: 0.9481 | Val Loss: 0.1456 | Val Acc: 0.9488 | Time: 11.13s
2025-03-05 00:08:05,255 - INFO - P1 (Round 10) - Epoch 7/10 | Loss: 0.1455 | Acc: 0.9481 | Val Loss: 0.1477 | Val Acc: 0.9486 | Time: 11.40s
2025-03-05 00:08:15,324 - INFO - P1 (Round 10) - Epoch 8/10 | Loss: 0.1454 | Acc: 0.9481 | Val Loss: 0.1450 | Val Acc: 0.9488 | Time: 10.07s
2025-03-05 00:08:25,456 - INFO - P1 (Round 10) - Epoch 9/10 | Loss: 0.1450 | Acc: 0.9481 | Val Loss: 0.1475 | Val Acc: 0.9485 | Time: 10.13s
2025-03-05 00:08:36,142 - INFO - P1 (Round 10) - Epoch 10/10 | Loss: 0.1448 | Acc: 0.9481 | Val Loss: 0.1470 | Val Acc: 0.9449 | Time: 10.69s
2025-03-05 00:08:46,777 - INFO - P2 (Round 10) - Epoch 1/10 | Loss: 0.1470 | Acc: 0.9482 | Val Loss: 0.1526 | Val Acc: 0.9475 | Time: 10.63s
2025-03-05 00:08:57,216 - INFO - P2 (Round 10) - Epoch 2/10 | Loss: 0.1467 | Acc: 0.9481 | Val Loss: 0.1475 | Val Acc: 0.9485 | Time: 10.44s
2025-03-05 00:09:08,821 - INFO - P2 (Round 10) - Epoch 3/10 | Loss: 0.1467 | Acc: 0.9482 | Val Loss: 0.1482 | Val Acc: 0.9483 | Time: 11.60s
2025-03-05 00:09:19,568 - INFO - P2 (Round 10) - Epoch 4/10 | Loss: 0.1467 | Acc: 0.9481 | Val Loss: 0.1466 | Val Acc: 0.9482 | Time: 10.75s
2025-03-05 00:09:29,784 - INFO - P2 (Round 10) - Epoch 5/10 | Loss: 0.1465 | Acc: 0.9481 | Val Loss: 0.1478 | Val Acc: 0.9483 | Time: 10.22s
2025-03-05 00:09:40,043 - INFO - P2 (Round 10) - Epoch 6/10 | Loss: 0.1463 | Acc: 0.9483 | Val Loss: 0.1482 | Val Acc: 0.9476 | Time: 10.26s
2025-03-05 00:09:50,071 - INFO - P2 (Round 10) - Epoch 7/10 | Loss: 0.1461 | Acc: 0.9481 | Val Loss: 0.1486 | Val Acc: 0.9470 | Time: 10.03s
2025-03-05 00:10:00,433 - INFO - P2 (Round 10) - Epoch 8/10 | Loss: 0.1459 | Acc: 0.9482 | Val Loss: 0.1483 | Val Acc: 0.9479 | Time: 10.36s
2025-03-05 00:10:10,551 - INFO - P2 (Round 10) - Epoch 9/10 | Loss: 0.1455 | Acc: 0.9483 | Val Loss: 0.1456 | Val Acc: 0.9490 | Time: 10.12s
2025-03-05 00:10:22,796 - INFO - P2 (Round 10) - Epoch 10/10 | Loss: 0.1455 | Acc: 0.9483 | Val Loss: 0.1497 | Val Acc: 0.9475 | Time: 12.24s
2025-03-05 00:10:25,275 - INFO - Round 10 completed in 218.23s
2025-03-05 00:10:25,276 - INFO - Global Model - P1 Test: Loss = 0.1445, Accuracy = 0.9482
2025-03-05 00:10:25,276 - INFO - Global Model - P2 Test: Loss = 0.1466, Accuracy = 0.9472
2025-03-05 00:10:27,855 - INFO - Final Results after 10 rounds:
2025-03-05 00:10:27,855 - INFO - Global Model - P1 Test: Loss = 0.1445, Accuracy = 0.9482
2025-03-05 00:10:27,855 - INFO - Global Model - P2 Test: Loss = 0.1466, Accuracy = 0.9472
2025-03-05 00:10:27,867 - INFO - Experiment 136 results saved to results/suppression_experiments/exp_136_p1f5_p2f5.json
