2025-03-05 00:08:30,932 - INFO - Starting Suppression Experiment 127
2025-03-05 00:08:30,933 - INFO - P1 Features (5/14): ['protocol', 'bidirectional_min_ps', 'bidirectional_mean_ps', 'bidirectional_stddev_ps', 'bidirectional_max_ps']
2025-03-05 00:08:30,933 - INFO - P2 Features (14/14): ['protocol', 'bidirectional_min_ps', 'bidirectional_mean_ps', 'bidirectional_stddev_ps', 'bidirectional_max_ps', 'src2dst_stddev_ps', 'src2dst_max_ps', 'dst2src_min_ps', 'dst2src_mean_ps', 'dst2src_stddev_ps', 'dst2src_max_ps', 'bidirectional_stddev_piat_ms', 'bidirectional_max_piat_ms', 'bidirectional_rst_packets']
2025-03-05 00:08:41,512 - INFO - P1 (Round 1) - Epoch 1/10 | Loss: 0.5989 | Acc: 0.7723 | Val Loss: 0.4153 | Val Acc: 0.8423 | Time: 10.42s
2025-03-05 00:08:52,138 - INFO - P1 (Round 1) - Epoch 2/10 | Loss: 0.3288 | Acc: 0.8816 | Val Loss: 0.2747 | Val Acc: 0.9043 | Time: 10.63s
2025-03-05 00:09:02,487 - INFO - P1 (Round 1) - Epoch 3/10 | Loss: 0.2588 | Acc: 0.9122 | Val Loss: 0.2452 | Val Acc: 0.9180 | Time: 10.35s
2025-03-05 00:09:14,432 - INFO - P1 (Round 1) - Epoch 4/10 | Loss: 0.2368 | Acc: 0.9212 | Val Loss: 0.2281 | Val Acc: 0.9236 | Time: 11.95s
2025-03-05 00:09:24,777 - INFO - P1 (Round 1) - Epoch 5/10 | Loss: 0.2211 | Acc: 0.9283 | Val Loss: 0.2140 | Val Acc: 0.9339 | Time: 10.34s
2025-03-05 00:09:34,921 - INFO - P1 (Round 1) - Epoch 6/10 | Loss: 0.2078 | Acc: 0.9342 | Val Loss: 0.2055 | Val Acc: 0.9348 | Time: 10.14s
2025-03-05 00:09:45,006 - INFO - P1 (Round 1) - Epoch 7/10 | Loss: 0.1997 | Acc: 0.9357 | Val Loss: 0.1989 | Val Acc: 0.9349 | Time: 10.08s
2025-03-05 00:09:55,204 - INFO - P1 (Round 1) - Epoch 8/10 | Loss: 0.1950 | Acc: 0.9365 | Val Loss: 0.1922 | Val Acc: 0.9388 | Time: 10.20s
2025-03-05 00:10:05,378 - INFO - P1 (Round 1) - Epoch 9/10 | Loss: 0.1911 | Acc: 0.9374 | Val Loss: 0.1910 | Val Acc: 0.9376 | Time: 10.17s
2025-03-05 00:10:16,261 - INFO - P1 (Round 1) - Epoch 10/10 | Loss: 0.1881 | Acc: 0.9378 | Val Loss: 0.1880 | Val Acc: 0.9397 | Time: 10.88s
2025-03-05 00:10:27,412 - INFO - P2 (Round 1) - Epoch 1/10 | Loss: 0.3578 | Acc: 0.8737 | Val Loss: 0.2162 | Val Acc: 0.9229 | Time: 11.15s
2025-03-05 00:10:37,759 - INFO - P2 (Round 1) - Epoch 2/10 | Loss: 0.1984 | Acc: 0.9297 | Val Loss: 0.1832 | Val Acc: 0.9349 | Time: 10.35s
2025-03-05 00:10:47,729 - INFO - P2 (Round 1) - Epoch 3/10 | Loss: 0.1755 | Acc: 0.9384 | Val Loss: 0.1671 | Val Acc: 0.9449 | Time: 9.97s
2025-03-05 00:10:57,923 - INFO - P2 (Round 1) - Epoch 4/10 | Loss: 0.1632 | Acc: 0.9445 | Val Loss: 0.1565 | Val Acc: 0.9478 | Time: 10.19s
2025-03-05 00:11:08,435 - INFO - P2 (Round 1) - Epoch 5/10 | Loss: 0.1552 | Acc: 0.9483 | Val Loss: 0.1503 | Val Acc: 0.9506 | Time: 10.51s
2025-03-05 00:11:18,612 - INFO - P2 (Round 1) - Epoch 6/10 | Loss: 0.1497 | Acc: 0.9504 | Val Loss: 0.1458 | Val Acc: 0.9515 | Time: 10.18s
2025-03-05 00:11:30,286 - INFO - P2 (Round 1) - Epoch 7/10 | Loss: 0.1441 | Acc: 0.9524 | Val Loss: 0.1383 | Val Acc: 0.9539 | Time: 11.67s
2025-03-05 00:11:40,935 - INFO - P2 (Round 1) - Epoch 8/10 | Loss: 0.1352 | Acc: 0.9553 | Val Loss: 0.1282 | Val Acc: 0.9570 | Time: 10.65s
2025-03-05 00:11:50,947 - INFO - P2 (Round 1) - Epoch 9/10 | Loss: 0.1255 | Acc: 0.9591 | Val Loss: 0.1195 | Val Acc: 0.9616 | Time: 10.01s
2025-03-05 00:12:01,096 - INFO - P2 (Round 1) - Epoch 10/10 | Loss: 0.1148 | Acc: 0.9633 | Val Loss: 0.1076 | Val Acc: 0.9655 | Time: 10.15s
2025-03-05 00:12:03,669 - INFO - Round 1 completed in 212.57s
2025-03-05 00:12:03,670 - INFO - Global Model - P1 Test: Loss = 2.4711, Accuracy = 0.5869
2025-03-05 00:12:03,670 - INFO - Global Model - P2 Test: Loss = 3.7419, Accuracy = 0.6586
2025-03-05 00:12:13,851 - INFO - P1 (Round 2) - Epoch 1/10 | Loss: 0.3453 | Acc: 0.8836 | Val Loss: 0.2562 | Val Acc: 0.9088 | Time: 10.18s
2025-03-05 00:12:24,202 - INFO - P1 (Round 2) - Epoch 2/10 | Loss: 0.2370 | Acc: 0.9164 | Val Loss: 0.2225 | Val Acc: 0.9224 | Time: 10.35s
2025-03-05 00:12:34,095 - INFO - P1 (Round 2) - Epoch 3/10 | Loss: 0.2110 | Acc: 0.9260 | Val Loss: 0.2026 | Val Acc: 0.9330 | Time: 9.89s
2025-03-05 00:12:46,102 - INFO - P1 (Round 2) - Epoch 4/10 | Loss: 0.1979 | Acc: 0.9322 | Val Loss: 0.1952 | Val Acc: 0.9347 | Time: 12.01s
2025-03-05 00:12:56,139 - INFO - P1 (Round 2) - Epoch 5/10 | Loss: 0.1909 | Acc: 0.9347 | Val Loss: 0.1901 | Val Acc: 0.9360 | Time: 10.04s
2025-03-05 00:13:06,235 - INFO - P1 (Round 2) - Epoch 6/10 | Loss: 0.1859 | Acc: 0.9366 | Val Loss: 0.1839 | Val Acc: 0.9377 | Time: 10.10s
2025-03-05 00:13:16,537 - INFO - P1 (Round 2) - Epoch 7/10 | Loss: 0.1818 | Acc: 0.9379 | Val Loss: 0.1828 | Val Acc: 0.9397 | Time: 10.30s
2025-03-05 00:13:26,973 - INFO - P1 (Round 2) - Epoch 8/10 | Loss: 0.1787 | Acc: 0.9385 | Val Loss: 0.1789 | Val Acc: 0.9395 | Time: 10.44s
2025-03-05 00:13:37,126 - INFO - P1 (Round 2) - Epoch 9/10 | Loss: 0.1762 | Acc: 0.9387 | Val Loss: 0.1758 | Val Acc: 0.9408 | Time: 10.15s
2025-03-05 00:13:47,386 - INFO - P1 (Round 2) - Epoch 10/10 | Loss: 0.1739 | Acc: 0.9391 | Val Loss: 0.1739 | Val Acc: 0.9405 | Time: 10.26s
2025-03-05 00:14:00,514 - INFO - P2 (Round 2) - Epoch 1/10 | Loss: 0.2362 | Acc: 0.9261 | Val Loss: 0.1349 | Val Acc: 0.9555 | Time: 13.13s
2025-03-05 00:14:11,483 - INFO - P2 (Round 2) - Epoch 2/10 | Loss: 0.1256 | Acc: 0.9597 | Val Loss: 0.1191 | Val Acc: 0.9618 | Time: 10.97s
2025-03-05 00:14:21,851 - INFO - P2 (Round 2) - Epoch 3/10 | Loss: 0.1124 | Acc: 0.9638 | Val Loss: 0.1076 | Val Acc: 0.9660 | Time: 10.37s
2025-03-05 00:14:31,699 - INFO - P2 (Round 2) - Epoch 4/10 | Loss: 0.1052 | Acc: 0.9662 | Val Loss: 0.1023 | Val Acc: 0.9674 | Time: 9.85s
2025-03-05 00:14:41,845 - INFO - P2 (Round 2) - Epoch 5/10 | Loss: 0.1003 | Acc: 0.9674 | Val Loss: 0.0971 | Val Acc: 0.9687 | Time: 10.15s
2025-03-05 00:14:51,888 - INFO - P2 (Round 2) - Epoch 6/10 | Loss: 0.0963 | Acc: 0.9687 | Val Loss: 0.0955 | Val Acc: 0.9690 | Time: 10.04s
2025-03-05 00:15:03,242 - INFO - P2 (Round 2) - Epoch 7/10 | Loss: 0.0929 | Acc: 0.9699 | Val Loss: 0.0907 | Val Acc: 0.9712 | Time: 11.35s
2025-03-05 00:15:14,321 - INFO - P2 (Round 2) - Epoch 8/10 | Loss: 0.0896 | Acc: 0.9708 | Val Loss: 0.0898 | Val Acc: 0.9700 | Time: 11.08s
2025-03-05 00:15:24,304 - INFO - P2 (Round 2) - Epoch 9/10 | Loss: 0.0878 | Acc: 0.9714 | Val Loss: 0.0878 | Val Acc: 0.9716 | Time: 9.98s
2025-03-05 00:15:34,533 - INFO - P2 (Round 2) - Epoch 10/10 | Loss: 0.0863 | Acc: 0.9718 | Val Loss: 0.0868 | Val Acc: 0.9714 | Time: 10.23s
2025-03-05 00:15:36,969 - INFO - Round 2 completed in 213.30s
2025-03-05 00:15:36,969 - INFO - Global Model - P1 Test: Loss = 1.3144, Accuracy = 0.7035
2025-03-05 00:15:36,969 - INFO - Global Model - P2 Test: Loss = 2.6714, Accuracy = 0.6846
2025-03-05 00:15:46,689 - INFO - P1 (Round 3) - Epoch 1/10 | Loss: 0.2256 | Acc: 0.9227 | Val Loss: 0.1977 | Val Acc: 0.9321 | Time: 9.72s
2025-03-05 00:15:56,710 - INFO - P1 (Round 3) - Epoch 2/10 | Loss: 0.1930 | Acc: 0.9338 | Val Loss: 0.1903 | Val Acc: 0.9350 | Time: 10.02s
2025-03-05 00:16:07,278 - INFO - P1 (Round 3) - Epoch 3/10 | Loss: 0.1858 | Acc: 0.9366 | Val Loss: 0.1813 | Val Acc: 0.9393 | Time: 10.57s
2025-03-05 00:16:19,486 - INFO - P1 (Round 3) - Epoch 4/10 | Loss: 0.1811 | Acc: 0.9378 | Val Loss: 0.1810 | Val Acc: 0.9372 | Time: 12.21s
2025-03-05 00:16:29,545 - INFO - P1 (Round 3) - Epoch 5/10 | Loss: 0.1780 | Acc: 0.9383 | Val Loss: 0.1757 | Val Acc: 0.9392 | Time: 10.06s
2025-03-05 00:16:39,592 - INFO - P1 (Round 3) - Epoch 6/10 | Loss: 0.1757 | Acc: 0.9389 | Val Loss: 0.1737 | Val Acc: 0.9384 | Time: 10.05s
2025-03-05 00:16:49,583 - INFO - P1 (Round 3) - Epoch 7/10 | Loss: 0.1738 | Acc: 0.9392 | Val Loss: 0.1760 | Val Acc: 0.9416 | Time: 9.99s
2025-03-05 00:16:59,503 - INFO - P1 (Round 3) - Epoch 8/10 | Loss: 0.1718 | Acc: 0.9400 | Val Loss: 0.1720 | Val Acc: 0.9406 | Time: 9.92s
2025-03-05 00:17:09,463 - INFO - P1 (Round 3) - Epoch 9/10 | Loss: 0.1700 | Acc: 0.9405 | Val Loss: 0.1702 | Val Acc: 0.9409 | Time: 9.96s
2025-03-05 00:17:19,907 - INFO - P1 (Round 3) - Epoch 10/10 | Loss: 0.1685 | Acc: 0.9411 | Val Loss: 0.1697 | Val Acc: 0.9426 | Time: 10.44s
2025-03-05 00:17:32,209 - INFO - P2 (Round 3) - Epoch 1/10 | Loss: 0.1354 | Acc: 0.9611 | Val Loss: 0.0980 | Val Acc: 0.9697 | Time: 12.30s
2025-03-05 00:17:42,402 - INFO - P2 (Round 3) - Epoch 2/10 | Loss: 0.0918 | Acc: 0.9717 | Val Loss: 0.0880 | Val Acc: 0.9726 | Time: 10.19s
2025-03-05 00:17:52,562 - INFO - P2 (Round 3) - Epoch 3/10 | Loss: 0.0852 | Acc: 0.9740 | Val Loss: 0.0842 | Val Acc: 0.9743 | Time: 10.16s
2025-03-05 00:18:02,792 - INFO - P2 (Round 3) - Epoch 4/10 | Loss: 0.0821 | Acc: 0.9748 | Val Loss: 0.0802 | Val Acc: 0.9745 | Time: 10.23s
2025-03-05 00:18:12,801 - INFO - P2 (Round 3) - Epoch 5/10 | Loss: 0.0797 | Acc: 0.9752 | Val Loss: 0.0807 | Val Acc: 0.9750 | Time: 10.01s
2025-03-05 00:18:22,964 - INFO - P2 (Round 3) - Epoch 6/10 | Loss: 0.0775 | Acc: 0.9758 | Val Loss: 0.0778 | Val Acc: 0.9757 | Time: 10.16s
2025-03-05 00:18:33,147 - INFO - P2 (Round 3) - Epoch 7/10 | Loss: 0.0753 | Acc: 0.9766 | Val Loss: 0.0748 | Val Acc: 0.9770 | Time: 10.18s
2025-03-05 00:18:44,956 - INFO - P2 (Round 3) - Epoch 8/10 | Loss: 0.0734 | Acc: 0.9771 | Val Loss: 0.0738 | Val Acc: 0.9767 | Time: 11.81s
2025-03-05 00:18:55,029 - INFO - P2 (Round 3) - Epoch 9/10 | Loss: 0.0720 | Acc: 0.9775 | Val Loss: 0.0741 | Val Acc: 0.9772 | Time: 10.07s
2025-03-05 00:19:06,145 - INFO - P2 (Round 3) - Epoch 10/10 | Loss: 0.0711 | Acc: 0.9779 | Val Loss: 0.0716 | Val Acc: 0.9779 | Time: 11.12s
2025-03-05 00:19:08,396 - INFO - Round 3 completed in 211.43s
2025-03-05 00:19:08,396 - INFO - Global Model - P1 Test: Loss = 1.7793, Accuracy = 0.6708
2025-03-05 00:19:08,396 - INFO - Global Model - P2 Test: Loss = 1.9685, Accuracy = 0.7607
2025-03-05 00:19:20,454 - INFO - P1 (Round 4) - Epoch 1/10 | Loss: 0.2158 | Acc: 0.9256 | Val Loss: 0.1918 | Val Acc: 0.9354 | Time: 12.06s
2025-03-05 00:19:32,830 - INFO - P1 (Round 4) - Epoch 2/10 | Loss: 0.1863 | Acc: 0.9360 | Val Loss: 0.1806 | Val Acc: 0.9397 | Time: 12.38s
2025-03-05 00:19:44,769 - INFO - P1 (Round 4) - Epoch 3/10 | Loss: 0.1799 | Acc: 0.9386 | Val Loss: 0.1763 | Val Acc: 0.9410 | Time: 11.94s
2025-03-05 00:19:57,875 - INFO - P1 (Round 4) - Epoch 4/10 | Loss: 0.1760 | Acc: 0.9399 | Val Loss: 0.1752 | Val Acc: 0.9375 | Time: 13.11s
2025-03-05 00:20:09,732 - INFO - P1 (Round 4) - Epoch 5/10 | Loss: 0.1733 | Acc: 0.9407 | Val Loss: 0.1725 | Val Acc: 0.9422 | Time: 11.86s
2025-03-05 00:20:21,478 - INFO - P1 (Round 4) - Epoch 6/10 | Loss: 0.1713 | Acc: 0.9412 | Val Loss: 0.1692 | Val Acc: 0.9420 | Time: 11.74s
2025-03-05 00:20:33,347 - INFO - P1 (Round 4) - Epoch 7/10 | Loss: 0.1692 | Acc: 0.9420 | Val Loss: 0.1703 | Val Acc: 0.9424 | Time: 11.87s
2025-03-05 00:20:45,525 - INFO - P1 (Round 4) - Epoch 8/10 | Loss: 0.1673 | Acc: 0.9424 | Val Loss: 0.1661 | Val Acc: 0.9426 | Time: 12.18s
2025-03-05 00:20:58,062 - INFO - P1 (Round 4) - Epoch 9/10 | Loss: 0.1659 | Acc: 0.9428 | Val Loss: 0.1643 | Val Acc: 0.9430 | Time: 12.54s
2025-03-05 00:21:11,106 - INFO - P1 (Round 4) - Epoch 10/10 | Loss: 0.1646 | Acc: 0.9432 | Val Loss: 0.1625 | Val Acc: 0.9437 | Time: 13.04s
2025-03-05 00:21:23,036 - INFO - P2 (Round 4) - Epoch 1/10 | Loss: 0.1055 | Acc: 0.9694 | Val Loss: 0.0851 | Val Acc: 0.9745 | Time: 11.93s
2025-03-05 00:21:35,344 - INFO - P2 (Round 4) - Epoch 2/10 | Loss: 0.0816 | Acc: 0.9747 | Val Loss: 0.0808 | Val Acc: 0.9743 | Time: 12.31s
2025-03-05 00:21:47,542 - INFO - P2 (Round 4) - Epoch 3/10 | Loss: 0.0778 | Acc: 0.9754 | Val Loss: 0.0772 | Val Acc: 0.9757 | Time: 12.20s
2025-03-05 00:21:59,911 - INFO - P2 (Round 4) - Epoch 4/10 | Loss: 0.0754 | Acc: 0.9760 | Val Loss: 0.0741 | Val Acc: 0.9763 | Time: 12.37s
2025-03-05 00:22:12,315 - INFO - P2 (Round 4) - Epoch 5/10 | Loss: 0.0735 | Acc: 0.9765 | Val Loss: 0.0744 | Val Acc: 0.9758 | Time: 12.40s
2025-03-05 00:22:25,107 - INFO - P2 (Round 4) - Epoch 6/10 | Loss: 0.0722 | Acc: 0.9766 | Val Loss: 0.0734 | Val Acc: 0.9760 | Time: 12.79s
2025-03-05 00:22:37,247 - INFO - P2 (Round 4) - Epoch 7/10 | Loss: 0.0710 | Acc: 0.9770 | Val Loss: 0.0733 | Val Acc: 0.9763 | Time: 12.14s
2025-03-05 00:22:48,994 - INFO - P2 (Round 4) - Epoch 8/10 | Loss: 0.0700 | Acc: 0.9774 | Val Loss: 0.0696 | Val Acc: 0.9773 | Time: 11.75s
2025-03-05 00:23:00,742 - INFO - P2 (Round 4) - Epoch 9/10 | Loss: 0.0692 | Acc: 0.9777 | Val Loss: 0.0699 | Val Acc: 0.9771 | Time: 11.75s
2025-03-05 00:23:12,483 - INFO - P2 (Round 4) - Epoch 10/10 | Loss: 0.0686 | Acc: 0.9779 | Val Loss: 0.0717 | Val Acc: 0.9766 | Time: 11.74s
2025-03-05 00:23:15,024 - INFO - Round 4 completed in 246.63s
2025-03-05 00:23:15,025 - INFO - Global Model - P1 Test: Loss = 2.4642, Accuracy = 0.6832
2025-03-05 00:23:15,025 - INFO - Global Model - P2 Test: Loss = 1.6789, Accuracy = 0.7112
2025-03-05 00:23:27,887 - INFO - P1 (Round 5) - Epoch 1/10 | Loss: 0.2114 | Acc: 0.9302 | Val Loss: 0.1816 | Val Acc: 0.9373 | Time: 12.86s
2025-03-05 00:23:40,317 - INFO - P1 (Round 5) - Epoch 2/10 | Loss: 0.1777 | Acc: 0.9393 | Val Loss: 0.1759 | Val Acc: 0.9375 | Time: 12.43s
2025-03-05 00:23:52,064 - INFO - P1 (Round 5) - Epoch 3/10 | Loss: 0.1719 | Acc: 0.9412 | Val Loss: 0.1684 | Val Acc: 0.9419 | Time: 11.75s
2025-03-05 00:24:04,172 - INFO - P1 (Round 5) - Epoch 4/10 | Loss: 0.1683 | Acc: 0.9421 | Val Loss: 0.1658 | Val Acc: 0.9430 | Time: 12.11s
2025-03-05 00:24:16,258 - INFO - P1 (Round 5) - Epoch 5/10 | Loss: 0.1659 | Acc: 0.9431 | Val Loss: 0.1630 | Val Acc: 0.9441 | Time: 12.09s
2025-03-05 00:24:28,161 - INFO - P1 (Round 5) - Epoch 6/10 | Loss: 0.1640 | Acc: 0.9436 | Val Loss: 0.1615 | Val Acc: 0.9447 | Time: 11.90s
2025-03-05 00:24:41,249 - INFO - P1 (Round 5) - Epoch 7/10 | Loss: 0.1626 | Acc: 0.9441 | Val Loss: 0.1607 | Val Acc: 0.9445 | Time: 13.09s
2025-03-05 00:24:53,892 - INFO - P1 (Round 5) - Epoch 8/10 | Loss: 0.1614 | Acc: 0.9446 | Val Loss: 0.1617 | Val Acc: 0.9446 | Time: 12.64s
2025-03-05 00:25:05,969 - INFO - P1 (Round 5) - Epoch 9/10 | Loss: 0.1604 | Acc: 0.9449 | Val Loss: 0.1567 | Val Acc: 0.9457 | Time: 12.08s
2025-03-05 00:25:18,076 - INFO - P1 (Round 5) - Epoch 10/10 | Loss: 0.1595 | Acc: 0.9449 | Val Loss: 0.1574 | Val Acc: 0.9457 | Time: 12.11s
2025-03-05 00:25:29,856 - INFO - P2 (Round 5) - Epoch 1/10 | Loss: 0.0957 | Acc: 0.9715 | Val Loss: 0.0814 | Val Acc: 0.9752 | Time: 11.78s
2025-03-05 00:25:42,070 - INFO - P2 (Round 5) - Epoch 2/10 | Loss: 0.0774 | Acc: 0.9761 | Val Loss: 0.0763 | Val Acc: 0.9757 | Time: 12.21s
2025-03-05 00:25:55,054 - INFO - P2 (Round 5) - Epoch 3/10 | Loss: 0.0735 | Acc: 0.9768 | Val Loss: 0.0754 | Val Acc: 0.9762 | Time: 12.98s
2025-03-05 00:26:06,857 - INFO - P2 (Round 5) - Epoch 4/10 | Loss: 0.0714 | Acc: 0.9777 | Val Loss: 0.0736 | Val Acc: 0.9752 | Time: 11.80s
2025-03-05 00:26:18,768 - INFO - P2 (Round 5) - Epoch 5/10 | Loss: 0.0699 | Acc: 0.9782 | Val Loss: 0.0716 | Val Acc: 0.9769 | Time: 11.91s
2025-03-05 00:26:30,606 - INFO - P2 (Round 5) - Epoch 6/10 | Loss: 0.0689 | Acc: 0.9783 | Val Loss: 0.0680 | Val Acc: 0.9789 | Time: 11.84s
2025-03-05 00:26:42,575 - INFO - P2 (Round 5) - Epoch 7/10 | Loss: 0.0681 | Acc: 0.9786 | Val Loss: 0.0696 | Val Acc: 0.9782 | Time: 11.97s
2025-03-05 00:26:54,530 - INFO - P2 (Round 5) - Epoch 8/10 | Loss: 0.0673 | Acc: 0.9788 | Val Loss: 0.0701 | Val Acc: 0.9782 | Time: 11.95s
2025-03-05 00:27:07,591 - INFO - P2 (Round 5) - Epoch 9/10 | Loss: 0.0668 | Acc: 0.9790 | Val Loss: 0.0684 | Val Acc: 0.9782 | Time: 13.06s
2025-03-05 00:27:19,690 - INFO - P2 (Round 5) - Epoch 10/10 | Loss: 0.0662 | Acc: 0.9792 | Val Loss: 0.0662 | Val Acc: 0.9790 | Time: 12.10s
2025-03-05 00:27:22,271 - INFO - Round 5 completed in 247.25s
2025-03-05 00:27:22,271 - INFO - Global Model - P1 Test: Loss = 2.5905, Accuracy = 0.7291
2025-03-05 00:27:22,271 - INFO - Global Model - P2 Test: Loss = 2.1697, Accuracy = 0.6634
2025-03-05 00:27:34,857 - INFO - P1 (Round 6) - Epoch 1/10 | Loss: 0.2045 | Acc: 0.9332 | Val Loss: 0.1768 | Val Acc: 0.9406 | Time: 12.59s
2025-03-05 00:27:47,340 - INFO - P1 (Round 6) - Epoch 2/10 | Loss: 0.1711 | Acc: 0.9420 | Val Loss: 0.1668 | Val Acc: 0.9432 | Time: 12.48s
2025-03-05 00:27:59,198 - INFO - P1 (Round 6) - Epoch 3/10 | Loss: 0.1658 | Acc: 0.9432 | Val Loss: 0.1630 | Val Acc: 0.9450 | Time: 11.86s
2025-03-05 00:28:11,827 - INFO - P1 (Round 6) - Epoch 4/10 | Loss: 0.1634 | Acc: 0.9437 | Val Loss: 0.1599 | Val Acc: 0.9453 | Time: 12.63s
2025-03-05 00:28:24,452 - INFO - P1 (Round 6) - Epoch 5/10 | Loss: 0.1617 | Acc: 0.9443 | Val Loss: 0.1596 | Val Acc: 0.9446 | Time: 12.62s
2025-03-05 00:28:36,451 - INFO - P1 (Round 6) - Epoch 6/10 | Loss: 0.1604 | Acc: 0.9444 | Val Loss: 0.1633 | Val Acc: 0.9441 | Time: 12.00s
2025-03-05 00:28:48,372 - INFO - P1 (Round 6) - Epoch 7/10 | Loss: 0.1592 | Acc: 0.9446 | Val Loss: 0.1570 | Val Acc: 0.9462 | Time: 11.92s
2025-03-05 00:29:00,629 - INFO - P1 (Round 6) - Epoch 8/10 | Loss: 0.1584 | Acc: 0.9448 | Val Loss: 0.1582 | Val Acc: 0.9470 | Time: 12.26s
2025-03-05 00:29:12,544 - INFO - P1 (Round 6) - Epoch 9/10 | Loss: 0.1577 | Acc: 0.9449 | Val Loss: 0.1546 | Val Acc: 0.9468 | Time: 11.91s
2025-03-05 00:29:25,504 - INFO - P1 (Round 6) - Epoch 10/10 | Loss: 0.1571 | Acc: 0.9451 | Val Loss: 0.1550 | Val Acc: 0.9451 | Time: 12.96s
2025-03-05 00:29:37,606 - INFO - P2 (Round 6) - Epoch 1/10 | Loss: 0.0962 | Acc: 0.9716 | Val Loss: 0.0792 | Val Acc: 0.9757 | Time: 12.10s
2025-03-05 00:29:49,507 - INFO - P2 (Round 6) - Epoch 2/10 | Loss: 0.0743 | Acc: 0.9773 | Val Loss: 0.0744 | Val Acc: 0.9772 | Time: 11.90s
2025-03-05 00:30:01,666 - INFO - P2 (Round 6) - Epoch 3/10 | Loss: 0.0708 | Acc: 0.9782 | Val Loss: 0.0717 | Val Acc: 0.9783 | Time: 12.16s
2025-03-05 00:30:13,669 - INFO - P2 (Round 6) - Epoch 4/10 | Loss: 0.0689 | Acc: 0.9787 | Val Loss: 0.0696 | Val Acc: 0.9786 | Time: 12.00s
2025-03-05 00:30:25,507 - INFO - P2 (Round 6) - Epoch 5/10 | Loss: 0.0675 | Acc: 0.9790 | Val Loss: 0.0677 | Val Acc: 0.9791 | Time: 11.84s
2025-03-05 00:30:38,398 - INFO - P2 (Round 6) - Epoch 6/10 | Loss: 0.0664 | Acc: 0.9795 | Val Loss: 0.0682 | Val Acc: 0.9788 | Time: 12.89s
2025-03-05 00:30:50,592 - INFO - P2 (Round 6) - Epoch 7/10 | Loss: 0.0656 | Acc: 0.9798 | Val Loss: 0.0663 | Val Acc: 0.9798 | Time: 12.19s
2025-03-05 00:31:02,559 - INFO - P2 (Round 6) - Epoch 8/10 | Loss: 0.0648 | Acc: 0.9800 | Val Loss: 0.0679 | Val Acc: 0.9795 | Time: 11.97s
2025-03-05 00:31:14,472 - INFO - P2 (Round 6) - Epoch 9/10 | Loss: 0.0645 | Acc: 0.9801 | Val Loss: 0.0662 | Val Acc: 0.9797 | Time: 11.91s
2025-03-05 00:31:26,288 - INFO - P2 (Round 6) - Epoch 10/10 | Loss: 0.0637 | Acc: 0.9802 | Val Loss: 0.0670 | Val Acc: 0.9794 | Time: 11.82s
2025-03-05 00:31:28,849 - INFO - Round 6 completed in 246.58s
2025-03-05 00:31:28,849 - INFO - Global Model - P1 Test: Loss = 3.3588, Accuracy = 0.6186
2025-03-05 00:31:28,849 - INFO - Global Model - P2 Test: Loss = 2.5920, Accuracy = 0.6849
2025-03-05 00:31:41,318 - INFO - P1 (Round 7) - Epoch 1/10 | Loss: 0.2006 | Acc: 0.9328 | Val Loss: 0.1751 | Val Acc: 0.9393 | Time: 12.47s
2025-03-05 00:31:54,274 - INFO - P1 (Round 7) - Epoch 2/10 | Loss: 0.1723 | Acc: 0.9400 | Val Loss: 0.1730 | Val Acc: 0.9382 | Time: 12.96s
2025-03-05 00:32:04,278 - INFO - P1 (Round 7) - Epoch 3/10 | Loss: 0.1678 | Acc: 0.9413 | Val Loss: 0.1653 | Val Acc: 0.9433 | Time: 10.00s
2025-03-05 00:32:14,760 - INFO - P1 (Round 7) - Epoch 4/10 | Loss: 0.1649 | Acc: 0.9421 | Val Loss: 0.1636 | Val Acc: 0.9437 | Time: 10.48s
2025-03-05 00:32:24,988 - INFO - P1 (Round 7) - Epoch 5/10 | Loss: 0.1625 | Acc: 0.9430 | Val Loss: 0.1618 | Val Acc: 0.9435 | Time: 10.23s
2025-03-05 00:32:35,163 - INFO - P1 (Round 7) - Epoch 6/10 | Loss: 0.1608 | Acc: 0.9437 | Val Loss: 0.1573 | Val Acc: 0.9451 | Time: 10.17s
2025-03-05 00:32:45,185 - INFO - P1 (Round 7) - Epoch 7/10 | Loss: 0.1596 | Acc: 0.9439 | Val Loss: 0.1586 | Val Acc: 0.9455 | Time: 10.02s
2025-03-05 00:32:56,857 - INFO - P1 (Round 7) - Epoch 8/10 | Loss: 0.1585 | Acc: 0.9444 | Val Loss: 0.1586 | Val Acc: 0.9448 | Time: 11.67s
2025-03-05 00:33:07,508 - INFO - P1 (Round 7) - Epoch 9/10 | Loss: 0.1577 | Acc: 0.9447 | Val Loss: 0.1577 | Val Acc: 0.9442 | Time: 10.65s
2025-03-05 00:33:17,437 - INFO - P1 (Round 7) - Epoch 10/10 | Loss: 0.1569 | Acc: 0.9450 | Val Loss: 0.1547 | Val Acc: 0.9470 | Time: 9.93s
2025-03-05 00:33:27,600 - INFO - P2 (Round 7) - Epoch 1/10 | Loss: 0.0918 | Acc: 0.9727 | Val Loss: 0.0790 | Val Acc: 0.9758 | Time: 10.16s
2025-03-05 00:33:37,799 - INFO - P2 (Round 7) - Epoch 2/10 | Loss: 0.0716 | Acc: 0.9784 | Val Loss: 0.0724 | Val Acc: 0.9786 | Time: 10.20s
2025-03-05 00:33:47,679 - INFO - P2 (Round 7) - Epoch 3/10 | Loss: 0.0686 | Acc: 0.9793 | Val Loss: 0.0718 | Val Acc: 0.9787 | Time: 9.88s
2025-03-05 00:33:57,867 - INFO - P2 (Round 7) - Epoch 4/10 | Loss: 0.0671 | Acc: 0.9797 | Val Loss: 0.0672 | Val Acc: 0.9801 | Time: 10.19s
2025-03-05 00:34:09,837 - INFO - P2 (Round 7) - Epoch 5/10 | Loss: 0.0658 | Acc: 0.9800 | Val Loss: 0.0661 | Val Acc: 0.9798 | Time: 11.97s
2025-03-05 00:34:20,026 - INFO - P2 (Round 7) - Epoch 6/10 | Loss: 0.0646 | Acc: 0.9804 | Val Loss: 0.0659 | Val Acc: 0.9804 | Time: 10.19s
2025-03-05 00:34:30,271 - INFO - P2 (Round 7) - Epoch 7/10 | Loss: 0.0639 | Acc: 0.9806 | Val Loss: 0.0672 | Val Acc: 0.9791 | Time: 10.24s
2025-03-05 00:34:40,440 - INFO - P2 (Round 7) - Epoch 8/10 | Loss: 0.0633 | Acc: 0.9807 | Val Loss: 0.0659 | Val Acc: 0.9800 | Time: 10.17s
2025-03-05 00:34:50,495 - INFO - P2 (Round 7) - Epoch 9/10 | Loss: 0.0628 | Acc: 0.9808 | Val Loss: 0.0639 | Val Acc: 0.9808 | Time: 10.05s
2025-03-05 00:35:00,534 - INFO - P2 (Round 7) - Epoch 10/10 | Loss: 0.0625 | Acc: 0.9809 | Val Loss: 0.0640 | Val Acc: 0.9806 | Time: 10.04s
2025-03-05 00:35:03,241 - INFO - Round 7 completed in 214.39s
2025-03-05 00:35:03,241 - INFO - Global Model - P1 Test: Loss = 3.7964, Accuracy = 0.5970
2025-03-05 00:35:03,241 - INFO - Global Model - P2 Test: Loss = 2.8244, Accuracy = 0.7047
2025-03-05 00:35:13,711 - INFO - P1 (Round 8) - Epoch 1/10 | Loss: 0.2109 | Acc: 0.9299 | Val Loss: 0.1744 | Val Acc: 0.9408 | Time: 10.47s
2025-03-05 00:35:26,950 - INFO - P1 (Round 8) - Epoch 2/10 | Loss: 0.1705 | Acc: 0.9404 | Val Loss: 0.1670 | Val Acc: 0.9386 | Time: 13.24s
2025-03-05 00:35:39,526 - INFO - P1 (Round 8) - Epoch 3/10 | Loss: 0.1629 | Acc: 0.9428 | Val Loss: 0.1594 | Val Acc: 0.9445 | Time: 12.58s
2025-03-05 00:35:51,970 - INFO - P1 (Round 8) - Epoch 4/10 | Loss: 0.1599 | Acc: 0.9439 | Val Loss: 0.1600 | Val Acc: 0.9438 | Time: 12.44s
2025-03-05 00:36:04,468 - INFO - P1 (Round 8) - Epoch 5/10 | Loss: 0.1582 | Acc: 0.9446 | Val Loss: 0.1585 | Val Acc: 0.9449 | Time: 12.50s
2025-03-05 00:36:16,563 - INFO - P1 (Round 8) - Epoch 6/10 | Loss: 0.1571 | Acc: 0.9449 | Val Loss: 0.1548 | Val Acc: 0.9456 | Time: 12.09s
2025-03-05 00:36:28,790 - INFO - P1 (Round 8) - Epoch 7/10 | Loss: 0.1562 | Acc: 0.9452 | Val Loss: 0.1544 | Val Acc: 0.9460 | Time: 12.23s
2025-03-05 00:36:41,679 - INFO - P1 (Round 8) - Epoch 8/10 | Loss: 0.1554 | Acc: 0.9455 | Val Loss: 0.1544 | Val Acc: 0.9459 | Time: 12.89s
2025-03-05 00:36:53,483 - INFO - P1 (Round 8) - Epoch 9/10 | Loss: 0.1549 | Acc: 0.9456 | Val Loss: 0.1560 | Val Acc: 0.9459 | Time: 11.80s
2025-03-05 00:37:05,589 - INFO - P1 (Round 8) - Epoch 10/10 | Loss: 0.1543 | Acc: 0.9458 | Val Loss: 0.1548 | Val Acc: 0.9470 | Time: 12.11s
2025-03-05 00:37:17,414 - INFO - P2 (Round 8) - Epoch 1/10 | Loss: 0.0864 | Acc: 0.9748 | Val Loss: 0.0725 | Val Acc: 0.9791 | Time: 11.82s
2025-03-05 00:37:29,289 - INFO - P2 (Round 8) - Epoch 2/10 | Loss: 0.0690 | Acc: 0.9795 | Val Loss: 0.0690 | Val Acc: 0.9789 | Time: 11.88s
2025-03-05 00:37:42,164 - INFO - P2 (Round 8) - Epoch 3/10 | Loss: 0.0661 | Acc: 0.9802 | Val Loss: 0.0658 | Val Acc: 0.9809 | Time: 12.87s
2025-03-05 00:37:54,777 - INFO - P2 (Round 8) - Epoch 4/10 | Loss: 0.0645 | Acc: 0.9806 | Val Loss: 0.0665 | Val Acc: 0.9798 | Time: 12.61s
2025-03-05 00:38:06,671 - INFO - P2 (Round 8) - Epoch 5/10 | Loss: 0.0637 | Acc: 0.9808 | Val Loss: 0.0637 | Val Acc: 0.9812 | Time: 11.89s
2025-03-05 00:38:19,236 - INFO - P2 (Round 8) - Epoch 6/10 | Loss: 0.0629 | Acc: 0.9809 | Val Loss: 0.0644 | Val Acc: 0.9808 | Time: 12.57s
2025-03-05 00:38:31,720 - INFO - P2 (Round 8) - Epoch 7/10 | Loss: 0.0623 | Acc: 0.9812 | Val Loss: 0.0640 | Val Acc: 0.9810 | Time: 12.48s
2025-03-05 00:38:44,106 - INFO - P2 (Round 8) - Epoch 8/10 | Loss: 0.0617 | Acc: 0.9812 | Val Loss: 0.0635 | Val Acc: 0.9810 | Time: 12.39s
2025-03-05 00:38:57,246 - INFO - P2 (Round 8) - Epoch 9/10 | Loss: 0.0612 | Acc: 0.9814 | Val Loss: 0.0622 | Val Acc: 0.9810 | Time: 13.14s
2025-03-05 00:39:09,331 - INFO - P2 (Round 8) - Epoch 10/10 | Loss: 0.0609 | Acc: 0.9814 | Val Loss: 0.0621 | Val Acc: 0.9815 | Time: 12.08s
2025-03-05 00:39:11,851 - INFO - Round 8 completed in 248.61s
2025-03-05 00:39:11,851 - INFO - Global Model - P1 Test: Loss = 4.2029, Accuracy = 0.5732
2025-03-05 00:39:11,851 - INFO - Global Model - P2 Test: Loss = 3.2402, Accuracy = 0.6840
2025-03-05 00:39:23,672 - INFO - P1 (Round 9) - Epoch 1/10 | Loss: 0.2037 | Acc: 0.9319 | Val Loss: 0.1674 | Val Acc: 0.9397 | Time: 11.82s
2025-03-05 00:39:35,756 - INFO - P1 (Round 9) - Epoch 2/10 | Loss: 0.1633 | Acc: 0.9419 | Val Loss: 0.1606 | Val Acc: 0.9441 | Time: 12.08s
2025-03-05 00:39:47,589 - INFO - P1 (Round 9) - Epoch 3/10 | Loss: 0.1596 | Acc: 0.9432 | Val Loss: 0.1568 | Val Acc: 0.9446 | Time: 11.83s
2025-03-05 00:39:59,705 - INFO - P1 (Round 9) - Epoch 4/10 | Loss: 0.1578 | Acc: 0.9439 | Val Loss: 0.1551 | Val Acc: 0.9455 | Time: 12.12s
2025-03-05 00:40:11,973 - INFO - P1 (Round 9) - Epoch 5/10 | Loss: 0.1564 | Acc: 0.9443 | Val Loss: 0.1560 | Val Acc: 0.9450 | Time: 12.27s
2025-03-05 00:40:22,004 - INFO - P1 (Round 9) - Epoch 6/10 | Loss: 0.1554 | Acc: 0.9446 | Val Loss: 0.1539 | Val Acc: 0.9449 | Time: 10.03s
2025-03-05 00:40:32,229 - INFO - P1 (Round 9) - Epoch 7/10 | Loss: 0.1547 | Acc: 0.9449 | Val Loss: 0.1543 | Val Acc: 0.9457 | Time: 10.23s
2025-03-05 00:40:42,497 - INFO - P1 (Round 9) - Epoch 8/10 | Loss: 0.1541 | Acc: 0.9451 | Val Loss: 0.1542 | Val Acc: 0.9449 | Time: 10.27s
2025-03-05 00:40:52,469 - INFO - P1 (Round 9) - Epoch 9/10 | Loss: 0.1534 | Acc: 0.9454 | Val Loss: 0.1518 | Val Acc: 0.9451 | Time: 9.97s
2025-03-05 00:41:02,516 - INFO - P1 (Round 9) - Epoch 10/10 | Loss: 0.1529 | Acc: 0.9455 | Val Loss: 0.1539 | Val Acc: 0.9459 | Time: 10.05s
2025-03-05 00:41:13,892 - INFO - P2 (Round 9) - Epoch 1/10 | Loss: 0.0907 | Acc: 0.9739 | Val Loss: 0.0715 | Val Acc: 0.9793 | Time: 11.38s
2025-03-05 00:41:24,938 - INFO - P2 (Round 9) - Epoch 2/10 | Loss: 0.0683 | Acc: 0.9798 | Val Loss: 0.0678 | Val Acc: 0.9801 | Time: 11.05s
2025-03-05 00:41:35,038 - INFO - P2 (Round 9) - Epoch 3/10 | Loss: 0.0650 | Acc: 0.9806 | Val Loss: 0.0664 | Val Acc: 0.9803 | Time: 10.10s
2025-03-05 00:41:45,147 - INFO - P2 (Round 9) - Epoch 4/10 | Loss: 0.0632 | Acc: 0.9811 | Val Loss: 0.0638 | Val Acc: 0.9812 | Time: 10.11s
2025-03-05 00:41:55,084 - INFO - P2 (Round 9) - Epoch 5/10 | Loss: 0.0624 | Acc: 0.9811 | Val Loss: 0.0635 | Val Acc: 0.9807 | Time: 9.94s
2025-03-05 00:42:05,029 - INFO - P2 (Round 9) - Epoch 6/10 | Loss: 0.0618 | Acc: 0.9814 | Val Loss: 0.0625 | Val Acc: 0.9811 | Time: 9.95s
2025-03-05 00:42:15,063 - INFO - P2 (Round 9) - Epoch 7/10 | Loss: 0.0614 | Acc: 0.9814 | Val Loss: 0.0636 | Val Acc: 0.9802 | Time: 10.03s
2025-03-05 00:42:26,724 - INFO - P2 (Round 9) - Epoch 8/10 | Loss: 0.0609 | Acc: 0.9815 | Val Loss: 0.0632 | Val Acc: 0.9812 | Time: 11.66s
2025-03-05 00:42:37,195 - INFO - P2 (Round 9) - Epoch 9/10 | Loss: 0.0605 | Acc: 0.9815 | Val Loss: 0.0611 | Val Acc: 0.9815 | Time: 10.47s
2025-03-05 00:42:47,149 - INFO - P2 (Round 9) - Epoch 10/10 | Loss: 0.0601 | Acc: 0.9817 | Val Loss: 0.0622 | Val Acc: 0.9812 | Time: 9.95s
2025-03-05 00:42:49,434 - INFO - Round 9 completed in 217.58s
2025-03-05 00:42:49,435 - INFO - Global Model - P1 Test: Loss = 4.2038, Accuracy = 0.6707
2025-03-05 00:42:49,435 - INFO - Global Model - P2 Test: Loss = 3.5862, Accuracy = 0.6674
2025-03-05 00:42:59,302 - INFO - P1 (Round 10) - Epoch 1/10 | Loss: 0.1989 | Acc: 0.9336 | Val Loss: 0.1632 | Val Acc: 0.9424 | Time: 9.87s
2025-03-05 00:43:09,870 - INFO - P1 (Round 10) - Epoch 2/10 | Loss: 0.1614 | Acc: 0.9424 | Val Loss: 0.1594 | Val Acc: 0.9423 | Time: 10.57s
2025-03-05 00:43:20,043 - INFO - P1 (Round 10) - Epoch 3/10 | Loss: 0.1582 | Acc: 0.9436 | Val Loss: 0.1571 | Val Acc: 0.9441 | Time: 10.17s
2025-03-05 00:43:30,009 - INFO - P1 (Round 10) - Epoch 4/10 | Loss: 0.1565 | Acc: 0.9442 | Val Loss: 0.1564 | Val Acc: 0.9449 | Time: 9.97s
2025-03-05 00:43:42,119 - INFO - P1 (Round 10) - Epoch 5/10 | Loss: 0.1548 | Acc: 0.9448 | Val Loss: 0.1540 | Val Acc: 0.9451 | Time: 12.11s
2025-03-05 00:43:52,253 - INFO - P1 (Round 10) - Epoch 6/10 | Loss: 0.1545 | Acc: 0.9450 | Val Loss: 0.1525 | Val Acc: 0.9469 | Time: 10.13s
2025-03-05 00:44:02,108 - INFO - P1 (Round 10) - Epoch 7/10 | Loss: 0.1538 | Acc: 0.9455 | Val Loss: 0.1574 | Val Acc: 0.9433 | Time: 9.85s
2025-03-05 00:44:12,325 - INFO - P1 (Round 10) - Epoch 8/10 | Loss: 0.1528 | Acc: 0.9459 | Val Loss: 0.1500 | Val Acc: 0.9480 | Time: 10.22s
2025-03-05 00:44:24,665 - INFO - P1 (Round 10) - Epoch 9/10 | Loss: 0.1521 | Acc: 0.9460 | Val Loss: 0.1523 | Val Acc: 0.9471 | Time: 12.34s
2025-03-05 00:44:36,771 - INFO - P1 (Round 10) - Epoch 10/10 | Loss: 0.1517 | Acc: 0.9461 | Val Loss: 0.1522 | Val Acc: 0.9444 | Time: 12.11s
2025-03-05 00:44:48,210 - INFO - P2 (Round 10) - Epoch 1/10 | Loss: 0.0921 | Acc: 0.9731 | Val Loss: 0.0750 | Val Acc: 0.9767 | Time: 11.44s
2025-03-05 00:44:59,353 - INFO - P2 (Round 10) - Epoch 2/10 | Loss: 0.0707 | Acc: 0.9781 | Val Loss: 0.0688 | Val Acc: 0.9786 | Time: 11.14s
2025-03-05 00:45:09,573 - INFO - P2 (Round 10) - Epoch 3/10 | Loss: 0.0676 | Acc: 0.9793 | Val Loss: 0.0672 | Val Acc: 0.9806 | Time: 10.22s
2025-03-05 00:45:19,647 - INFO - P2 (Round 10) - Epoch 4/10 | Loss: 0.0658 | Acc: 0.9803 | Val Loss: 0.0654 | Val Acc: 0.9812 | Time: 10.07s
2025-03-05 00:45:31,251 - INFO - P2 (Round 10) - Epoch 5/10 | Loss: 0.0646 | Acc: 0.9808 | Val Loss: 0.0650 | Val Acc: 0.9813 | Time: 11.60s
2025-03-05 00:45:43,174 - INFO - P2 (Round 10) - Epoch 6/10 | Loss: 0.0637 | Acc: 0.9811 | Val Loss: 0.0644 | Val Acc: 0.9814 | Time: 11.92s
2025-03-05 00:45:55,023 - INFO - P2 (Round 10) - Epoch 7/10 | Loss: 0.0628 | Acc: 0.9814 | Val Loss: 0.0648 | Val Acc: 0.9811 | Time: 11.85s
2025-03-05 00:46:08,121 - INFO - P2 (Round 10) - Epoch 8/10 | Loss: 0.0620 | Acc: 0.9817 | Val Loss: 0.0616 | Val Acc: 0.9823 | Time: 13.10s
2025-03-05 00:46:20,719 - INFO - P2 (Round 10) - Epoch 9/10 | Loss: 0.0606 | Acc: 0.9822 | Val Loss: 0.0619 | Val Acc: 0.9819 | Time: 12.60s
2025-03-05 00:46:33,066 - INFO - P2 (Round 10) - Epoch 10/10 | Loss: 0.0601 | Acc: 0.9824 | Val Loss: 0.0621 | Val Acc: 0.9818 | Time: 12.35s
2025-03-05 00:46:35,748 - INFO - Round 10 completed in 226.31s
2025-03-05 00:46:35,749 - INFO - Global Model - P1 Test: Loss = 4.4226, Accuracy = 0.7009
2025-03-05 00:46:35,749 - INFO - Global Model - P2 Test: Loss = 3.4256, Accuracy = 0.6737
2025-03-05 00:46:38,412 - INFO - Final Results after 10 rounds:
2025-03-05 00:46:38,412 - INFO - Global Model - P1 Test: Loss = 4.4226, Accuracy = 0.7009
2025-03-05 00:46:38,412 - INFO - Global Model - P2 Test: Loss = 3.4256, Accuracy = 0.6737
2025-03-05 00:46:38,422 - INFO - Experiment 127 results saved to results/suppression_experiments/exp_127_p1f5_p2f14.json
