2025-03-05 04:06:14,619 - INFO - Starting Suppression Experiment 188
2025-03-05 04:06:14,619 - INFO - P1 Features (1/14): ['protocol']
2025-03-05 04:06:14,619 - INFO - P2 Features (9/14): ['protocol', 'bidirectional_min_ps', 'bidirectional_mean_ps', 'bidirectional_stddev_ps', 'bidirectional_max_ps', 'src2dst_stddev_ps', 'src2dst_max_ps', 'dst2src_min_ps', 'dst2src_mean_ps']
2025-03-05 04:06:25,467 - INFO - P1 (Round 1) - Epoch 1/10 | Loss: 1.3674 | Acc: 0.4824 | Val Loss: 1.3323 | Val Acc: 0.4929 | Time: 10.78s
2025-03-05 04:06:36,469 - INFO - P1 (Round 1) - Epoch 2/10 | Loss: 1.3320 | Acc: 0.4929 | Val Loss: 1.3323 | Val Acc: 0.4929 | Time: 11.00s
2025-03-05 04:06:47,282 - INFO - P1 (Round 1) - Epoch 3/10 | Loss: 1.3319 | Acc: 0.4929 | Val Loss: 1.3321 | Val Acc: 0.4929 | Time: 10.81s
2025-03-05 04:06:58,729 - INFO - P1 (Round 1) - Epoch 4/10 | Loss: 1.3318 | Acc: 0.4929 | Val Loss: 1.3317 | Val Acc: 0.4929 | Time: 11.45s
2025-03-05 04:07:09,915 - INFO - P1 (Round 1) - Epoch 5/10 | Loss: 1.3318 | Acc: 0.4929 | Val Loss: 1.3320 | Val Acc: 0.4929 | Time: 11.19s
2025-03-05 04:07:20,455 - INFO - P1 (Round 1) - Epoch 6/10 | Loss: 1.3318 | Acc: 0.4929 | Val Loss: 1.3318 | Val Acc: 0.4929 | Time: 10.54s
2025-03-05 04:07:31,255 - INFO - P1 (Round 1) - Epoch 7/10 | Loss: 1.3318 | Acc: 0.4929 | Val Loss: 1.3315 | Val Acc: 0.4929 | Time: 10.80s
2025-03-05 04:07:42,121 - INFO - P1 (Round 1) - Epoch 8/10 | Loss: 1.3317 | Acc: 0.4929 | Val Loss: 1.3316 | Val Acc: 0.4929 | Time: 10.87s
2025-03-05 04:07:52,956 - INFO - P1 (Round 1) - Epoch 9/10 | Loss: 1.3317 | Acc: 0.4929 | Val Loss: 1.3317 | Val Acc: 0.4929 | Time: 10.84s
2025-03-05 04:08:04,291 - INFO - P1 (Round 1) - Epoch 10/10 | Loss: 1.3317 | Acc: 0.4929 | Val Loss: 1.3315 | Val Acc: 0.4929 | Time: 11.34s
2025-03-05 04:08:16,294 - INFO - P2 (Round 1) - Epoch 1/10 | Loss: 0.4212 | Acc: 0.8553 | Val Loss: 0.2570 | Val Acc: 0.9128 | Time: 12.00s
2025-03-05 04:08:27,518 - INFO - P2 (Round 1) - Epoch 2/10 | Loss: 0.2305 | Acc: 0.9219 | Val Loss: 0.2050 | Val Acc: 0.9317 | Time: 11.22s
2025-03-05 04:08:39,560 - INFO - P2 (Round 1) - Epoch 3/10 | Loss: 0.1798 | Acc: 0.9418 | Val Loss: 0.1602 | Val Acc: 0.9513 | Time: 12.04s
2025-03-05 04:08:50,302 - INFO - P2 (Round 1) - Epoch 4/10 | Loss: 0.1453 | Acc: 0.9553 | Val Loss: 0.1354 | Val Acc: 0.9577 | Time: 10.74s
2025-03-05 04:09:00,896 - INFO - P2 (Round 1) - Epoch 5/10 | Loss: 0.1293 | Acc: 0.9605 | Val Loss: 0.1255 | Val Acc: 0.9622 | Time: 10.59s
2025-03-05 04:09:11,766 - INFO - P2 (Round 1) - Epoch 6/10 | Loss: 0.1218 | Acc: 0.9630 | Val Loss: 0.1187 | Val Acc: 0.9630 | Time: 10.87s
2025-03-05 04:09:23,564 - INFO - P2 (Round 1) - Epoch 7/10 | Loss: 0.1154 | Acc: 0.9652 | Val Loss: 0.1131 | Val Acc: 0.9662 | Time: 11.80s
2025-03-05 04:09:34,588 - INFO - P2 (Round 1) - Epoch 8/10 | Loss: 0.1106 | Acc: 0.9668 | Val Loss: 0.1089 | Val Acc: 0.9677 | Time: 11.02s
2025-03-05 04:09:45,468 - INFO - P2 (Round 1) - Epoch 9/10 | Loss: 0.1068 | Acc: 0.9681 | Val Loss: 0.1062 | Val Acc: 0.9673 | Time: 10.88s
2025-03-05 04:09:56,111 - INFO - P2 (Round 1) - Epoch 10/10 | Loss: 0.1037 | Acc: 0.9689 | Val Loss: 0.1035 | Val Acc: 0.9696 | Time: 10.64s
2025-03-05 04:09:58,411 - INFO - Round 1 completed in 223.72s
2025-03-05 04:09:58,411 - INFO - Global Model - P1 Test: Loss = 2.1113, Accuracy = 0.3958
2025-03-05 04:09:58,411 - INFO - Global Model - P2 Test: Loss = 0.8990, Accuracy = 0.7107
2025-03-05 04:10:09,202 - INFO - P1 (Round 2) - Epoch 1/10 | Loss: 1.3363 | Acc: 0.4918 | Val Loss: 1.3320 | Val Acc: 0.4929 | Time: 10.79s
2025-03-05 04:10:20,247 - INFO - P1 (Round 2) - Epoch 2/10 | Loss: 1.3324 | Acc: 0.4929 | Val Loss: 1.3323 | Val Acc: 0.4929 | Time: 11.04s
2025-03-05 04:10:31,056 - INFO - P1 (Round 2) - Epoch 3/10 | Loss: 1.3323 | Acc: 0.4929 | Val Loss: 1.3324 | Val Acc: 0.4929 | Time: 10.81s
2025-03-05 04:10:41,754 - INFO - P1 (Round 2) - Epoch 4/10 | Loss: 1.3322 | Acc: 0.4929 | Val Loss: 1.3316 | Val Acc: 0.4929 | Time: 10.70s
2025-03-05 04:10:52,413 - INFO - P1 (Round 2) - Epoch 5/10 | Loss: 1.3320 | Acc: 0.4929 | Val Loss: 1.3318 | Val Acc: 0.4929 | Time: 10.66s
2025-03-05 04:11:03,183 - INFO - P1 (Round 2) - Epoch 6/10 | Loss: 1.3320 | Acc: 0.4929 | Val Loss: 1.3320 | Val Acc: 0.4929 | Time: 10.77s
2025-03-05 04:11:13,884 - INFO - P1 (Round 2) - Epoch 7/10 | Loss: 1.3319 | Acc: 0.4929 | Val Loss: 1.3317 | Val Acc: 0.4929 | Time: 10.70s
2025-03-05 04:11:24,814 - INFO - P1 (Round 2) - Epoch 8/10 | Loss: 1.3318 | Acc: 0.4929 | Val Loss: 1.3316 | Val Acc: 0.4929 | Time: 10.93s
2025-03-05 04:11:35,434 - INFO - P1 (Round 2) - Epoch 9/10 | Loss: 1.3318 | Acc: 0.4929 | Val Loss: 1.3317 | Val Acc: 0.4929 | Time: 10.62s
2025-03-05 04:11:46,188 - INFO - P1 (Round 2) - Epoch 10/10 | Loss: 1.3317 | Acc: 0.4929 | Val Loss: 1.3318 | Val Acc: 0.4929 | Time: 10.75s
2025-03-05 04:11:56,875 - INFO - P2 (Round 2) - Epoch 1/10 | Loss: 0.1587 | Acc: 0.9542 | Val Loss: 0.1214 | Val Acc: 0.9652 | Time: 10.69s
2025-03-05 04:12:07,418 - INFO - P2 (Round 2) - Epoch 2/10 | Loss: 0.1148 | Acc: 0.9665 | Val Loss: 0.1122 | Val Acc: 0.9668 | Time: 10.54s
2025-03-05 04:12:18,257 - INFO - P2 (Round 2) - Epoch 3/10 | Loss: 0.1066 | Acc: 0.9683 | Val Loss: 0.1041 | Val Acc: 0.9690 | Time: 10.84s
2025-03-05 04:12:29,030 - INFO - P2 (Round 2) - Epoch 4/10 | Loss: 0.1021 | Acc: 0.9692 | Val Loss: 0.1018 | Val Acc: 0.9686 | Time: 10.77s
2025-03-05 04:12:39,820 - INFO - P2 (Round 2) - Epoch 5/10 | Loss: 0.0992 | Acc: 0.9699 | Val Loss: 0.0986 | Val Acc: 0.9700 | Time: 10.79s
2025-03-05 04:12:51,649 - INFO - P2 (Round 2) - Epoch 6/10 | Loss: 0.0971 | Acc: 0.9704 | Val Loss: 0.0983 | Val Acc: 0.9700 | Time: 11.83s
2025-03-05 04:13:02,450 - INFO - P2 (Round 2) - Epoch 7/10 | Loss: 0.0954 | Acc: 0.9709 | Val Loss: 0.0959 | Val Acc: 0.9702 | Time: 10.80s
2025-03-05 04:13:13,353 - INFO - P2 (Round 2) - Epoch 8/10 | Loss: 0.0939 | Acc: 0.9712 | Val Loss: 0.0941 | Val Acc: 0.9712 | Time: 10.90s
2025-03-05 04:13:24,117 - INFO - P2 (Round 2) - Epoch 9/10 | Loss: 0.0925 | Acc: 0.9716 | Val Loss: 0.0942 | Val Acc: 0.9698 | Time: 10.76s
2025-03-05 04:13:34,863 - INFO - P2 (Round 2) - Epoch 10/10 | Loss: 0.0912 | Acc: 0.9720 | Val Loss: 0.0909 | Val Acc: 0.9718 | Time: 10.75s
2025-03-05 04:13:37,239 - INFO - Round 2 completed in 218.83s
2025-03-05 04:13:37,239 - INFO - Global Model - P1 Test: Loss = 1.9053, Accuracy = 0.3958
2025-03-05 04:13:37,239 - INFO - Global Model - P2 Test: Loss = 2.9424, Accuracy = 0.6924
2025-03-05 04:13:48,194 - INFO - P1 (Round 3) - Epoch 1/10 | Loss: 1.3349 | Acc: 0.4923 | Val Loss: 1.3319 | Val Acc: 0.4929 | Time: 10.95s
2025-03-05 04:13:59,655 - INFO - P1 (Round 3) - Epoch 2/10 | Loss: 1.3327 | Acc: 0.4929 | Val Loss: 1.3329 | Val Acc: 0.4929 | Time: 11.46s
2025-03-05 04:14:10,639 - INFO - P1 (Round 3) - Epoch 3/10 | Loss: 1.3326 | Acc: 0.4929 | Val Loss: 1.3318 | Val Acc: 0.4929 | Time: 10.98s
2025-03-05 04:14:21,612 - INFO - P1 (Round 3) - Epoch 4/10 | Loss: 1.3325 | Acc: 0.4929 | Val Loss: 1.3326 | Val Acc: 0.4929 | Time: 10.97s
2025-03-05 04:14:32,408 - INFO - P1 (Round 3) - Epoch 5/10 | Loss: 1.3324 | Acc: 0.4929 | Val Loss: 1.3329 | Val Acc: 0.4929 | Time: 10.80s
2025-03-05 04:14:43,212 - INFO - P1 (Round 3) - Epoch 6/10 | Loss: 1.3323 | Acc: 0.4929 | Val Loss: 1.3325 | Val Acc: 0.4929 | Time: 10.80s
2025-03-05 04:14:54,129 - INFO - P1 (Round 3) - Epoch 7/10 | Loss: 1.3321 | Acc: 0.4929 | Val Loss: 1.3331 | Val Acc: 0.4929 | Time: 10.92s
2025-03-05 04:15:04,930 - INFO - P1 (Round 3) - Epoch 8/10 | Loss: 1.3321 | Acc: 0.4929 | Val Loss: 1.3317 | Val Acc: 0.4929 | Time: 10.80s
2025-03-05 04:15:16,853 - INFO - P1 (Round 3) - Epoch 9/10 | Loss: 1.3320 | Acc: 0.4929 | Val Loss: 1.3317 | Val Acc: 0.4929 | Time: 11.92s
2025-03-05 04:15:27,835 - INFO - P1 (Round 3) - Epoch 10/10 | Loss: 1.3319 | Acc: 0.4929 | Val Loss: 1.3321 | Val Acc: 0.4929 | Time: 10.98s
2025-03-05 04:15:38,988 - INFO - P2 (Round 3) - Epoch 1/10 | Loss: 0.1377 | Acc: 0.9619 | Val Loss: 0.1039 | Val Acc: 0.9684 | Time: 11.15s
2025-03-05 04:15:49,962 - INFO - P2 (Round 3) - Epoch 2/10 | Loss: 0.1001 | Acc: 0.9700 | Val Loss: 0.0967 | Val Acc: 0.9708 | Time: 10.97s
2025-03-05 04:16:00,504 - INFO - P2 (Round 3) - Epoch 3/10 | Loss: 0.0946 | Acc: 0.9712 | Val Loss: 0.0941 | Val Acc: 0.9718 | Time: 10.54s
2025-03-05 04:16:11,169 - INFO - P2 (Round 3) - Epoch 4/10 | Loss: 0.0916 | Acc: 0.9719 | Val Loss: 0.0920 | Val Acc: 0.9715 | Time: 10.66s
2025-03-05 04:16:22,687 - INFO - P2 (Round 3) - Epoch 5/10 | Loss: 0.0898 | Acc: 0.9726 | Val Loss: 0.0902 | Val Acc: 0.9727 | Time: 11.52s
2025-03-05 04:16:34,597 - INFO - P2 (Round 3) - Epoch 6/10 | Loss: 0.0885 | Acc: 0.9730 | Val Loss: 0.0895 | Val Acc: 0.9725 | Time: 11.91s
2025-03-05 04:16:45,496 - INFO - P2 (Round 3) - Epoch 7/10 | Loss: 0.0876 | Acc: 0.9733 | Val Loss: 0.0895 | Val Acc: 0.9733 | Time: 10.90s
2025-03-05 04:16:56,261 - INFO - P2 (Round 3) - Epoch 8/10 | Loss: 0.0867 | Acc: 0.9735 | Val Loss: 0.0870 | Val Acc: 0.9736 | Time: 10.77s
2025-03-05 04:17:07,051 - INFO - P2 (Round 3) - Epoch 9/10 | Loss: 0.0859 | Acc: 0.9737 | Val Loss: 0.0880 | Val Acc: 0.9732 | Time: 10.79s
2025-03-05 04:17:17,754 - INFO - P2 (Round 3) - Epoch 10/10 | Loss: 0.0852 | Acc: 0.9739 | Val Loss: 0.0857 | Val Acc: 0.9738 | Time: 10.70s
2025-03-05 04:17:20,059 - INFO - Round 3 completed in 222.82s
2025-03-05 04:17:20,059 - INFO - Global Model - P1 Test: Loss = 1.8474, Accuracy = 0.3398
2025-03-05 04:17:20,059 - INFO - Global Model - P2 Test: Loss = 2.9907, Accuracy = 0.6466
2025-03-05 04:17:31,178 - INFO - P1 (Round 4) - Epoch 1/10 | Loss: 1.3343 | Acc: 0.4923 | Val Loss: 1.3332 | Val Acc: 0.4929 | Time: 11.12s
2025-03-05 04:17:42,839 - INFO - P1 (Round 4) - Epoch 2/10 | Loss: 1.3326 | Acc: 0.4929 | Val Loss: 1.3326 | Val Acc: 0.4929 | Time: 11.66s
2025-03-05 04:17:53,766 - INFO - P1 (Round 4) - Epoch 3/10 | Loss: 1.3325 | Acc: 0.4929 | Val Loss: 1.3321 | Val Acc: 0.4929 | Time: 10.93s
2025-03-05 04:18:04,480 - INFO - P1 (Round 4) - Epoch 4/10 | Loss: 1.3324 | Acc: 0.4929 | Val Loss: 1.3333 | Val Acc: 0.4929 | Time: 10.71s
2025-03-05 04:18:15,099 - INFO - P1 (Round 4) - Epoch 5/10 | Loss: 1.3323 | Acc: 0.4929 | Val Loss: 1.3317 | Val Acc: 0.4929 | Time: 10.62s
2025-03-05 04:18:26,027 - INFO - P1 (Round 4) - Epoch 6/10 | Loss: 1.3322 | Acc: 0.4929 | Val Loss: 1.3325 | Val Acc: 0.4929 | Time: 10.93s
2025-03-05 04:18:37,055 - INFO - P1 (Round 4) - Epoch 7/10 | Loss: 1.3321 | Acc: 0.4929 | Val Loss: 1.3316 | Val Acc: 0.4929 | Time: 11.03s
2025-03-05 04:18:48,857 - INFO - P1 (Round 4) - Epoch 8/10 | Loss: 1.3320 | Acc: 0.4929 | Val Loss: 1.3318 | Val Acc: 0.4929 | Time: 11.80s
2025-03-05 04:18:59,829 - INFO - P1 (Round 4) - Epoch 9/10 | Loss: 1.3320 | Acc: 0.4929 | Val Loss: 1.3317 | Val Acc: 0.4929 | Time: 10.97s
2025-03-05 04:19:10,874 - INFO - P1 (Round 4) - Epoch 10/10 | Loss: 1.3319 | Acc: 0.4929 | Val Loss: 1.3324 | Val Acc: 0.4929 | Time: 11.04s
2025-03-05 04:19:21,826 - INFO - P2 (Round 4) - Epoch 1/10 | Loss: 0.1089 | Acc: 0.9686 | Val Loss: 0.0927 | Val Acc: 0.9717 | Time: 10.95s
2025-03-05 04:19:32,717 - INFO - P2 (Round 4) - Epoch 2/10 | Loss: 0.0907 | Acc: 0.9725 | Val Loss: 0.0897 | Val Acc: 0.9725 | Time: 10.89s
2025-03-05 04:19:43,566 - INFO - P2 (Round 4) - Epoch 3/10 | Loss: 0.0878 | Acc: 0.9731 | Val Loss: 0.0893 | Val Acc: 0.9720 | Time: 10.85s
2025-03-05 04:19:54,753 - INFO - P2 (Round 4) - Epoch 4/10 | Loss: 0.0865 | Acc: 0.9734 | Val Loss: 0.0869 | Val Acc: 0.9736 | Time: 11.19s
2025-03-05 04:20:06,290 - INFO - P2 (Round 4) - Epoch 5/10 | Loss: 0.0854 | Acc: 0.9737 | Val Loss: 0.0853 | Val Acc: 0.9738 | Time: 11.54s
2025-03-05 04:20:17,140 - INFO - P2 (Round 4) - Epoch 6/10 | Loss: 0.0843 | Acc: 0.9740 | Val Loss: 0.0860 | Val Acc: 0.9737 | Time: 10.85s
2025-03-05 04:20:28,119 - INFO - P2 (Round 4) - Epoch 7/10 | Loss: 0.0840 | Acc: 0.9741 | Val Loss: 0.0846 | Val Acc: 0.9739 | Time: 10.98s
2025-03-05 04:20:38,855 - INFO - P2 (Round 4) - Epoch 8/10 | Loss: 0.0831 | Acc: 0.9745 | Val Loss: 0.0829 | Val Acc: 0.9746 | Time: 10.74s
2025-03-05 04:20:49,432 - INFO - P2 (Round 4) - Epoch 9/10 | Loss: 0.0824 | Acc: 0.9746 | Val Loss: 0.0851 | Val Acc: 0.9730 | Time: 10.58s
2025-03-05 04:21:00,081 - INFO - P2 (Round 4) - Epoch 10/10 | Loss: 0.0820 | Acc: 0.9747 | Val Loss: 0.0842 | Val Acc: 0.9742 | Time: 10.65s
2025-03-05 04:21:02,709 - INFO - Round 4 completed in 222.65s
2025-03-05 04:21:02,709 - INFO - Global Model - P1 Test: Loss = 1.7196, Accuracy = 0.3958
2025-03-05 04:21:02,709 - INFO - Global Model - P2 Test: Loss = 7.3715, Accuracy = 0.5319
2025-03-05 04:21:14,508 - INFO - P1 (Round 5) - Epoch 1/10 | Loss: 1.3342 | Acc: 0.4926 | Val Loss: 1.3369 | Val Acc: 0.4929 | Time: 11.80s
2025-03-05 04:21:25,335 - INFO - P1 (Round 5) - Epoch 2/10 | Loss: 1.3328 | Acc: 0.4929 | Val Loss: 1.3329 | Val Acc: 0.4929 | Time: 10.83s
2025-03-05 04:21:36,233 - INFO - P1 (Round 5) - Epoch 3/10 | Loss: 1.3326 | Acc: 0.4929 | Val Loss: 1.3325 | Val Acc: 0.4929 | Time: 10.90s
2025-03-05 04:21:46,926 - INFO - P1 (Round 5) - Epoch 4/10 | Loss: 1.3326 | Acc: 0.4929 | Val Loss: 1.3325 | Val Acc: 0.4929 | Time: 10.69s
2025-03-05 04:21:57,447 - INFO - P1 (Round 5) - Epoch 5/10 | Loss: 1.3324 | Acc: 0.4929 | Val Loss: 1.3323 | Val Acc: 0.4929 | Time: 10.52s
2025-03-05 04:22:08,353 - INFO - P1 (Round 5) - Epoch 6/10 | Loss: 1.3323 | Acc: 0.4929 | Val Loss: 1.3322 | Val Acc: 0.4929 | Time: 10.91s
2025-03-05 04:22:19,928 - INFO - P1 (Round 5) - Epoch 7/10 | Loss: 1.3322 | Acc: 0.4929 | Val Loss: 1.3319 | Val Acc: 0.4929 | Time: 11.58s
2025-03-05 04:22:30,960 - INFO - P1 (Round 5) - Epoch 8/10 | Loss: 1.3321 | Acc: 0.4929 | Val Loss: 1.3322 | Val Acc: 0.4929 | Time: 11.03s
2025-03-05 04:22:41,600 - INFO - P1 (Round 5) - Epoch 9/10 | Loss: 1.3320 | Acc: 0.4929 | Val Loss: 1.3317 | Val Acc: 0.4929 | Time: 10.64s
2025-03-05 04:22:52,516 - INFO - P1 (Round 5) - Epoch 10/10 | Loss: 1.3320 | Acc: 0.4929 | Val Loss: 1.3322 | Val Acc: 0.4929 | Time: 10.92s
2025-03-05 04:23:03,144 - INFO - P2 (Round 5) - Epoch 1/10 | Loss: 0.1255 | Acc: 0.9666 | Val Loss: 0.0888 | Val Acc: 0.9729 | Time: 10.63s
2025-03-05 04:23:14,065 - INFO - P2 (Round 5) - Epoch 2/10 | Loss: 0.0875 | Acc: 0.9736 | Val Loss: 0.0865 | Val Acc: 0.9733 | Time: 10.92s
2025-03-05 04:23:25,154 - INFO - P2 (Round 5) - Epoch 3/10 | Loss: 0.0845 | Acc: 0.9740 | Val Loss: 0.0843 | Val Acc: 0.9740 | Time: 11.09s
2025-03-05 04:23:36,785 - INFO - P2 (Round 5) - Epoch 4/10 | Loss: 0.0837 | Acc: 0.9744 | Val Loss: 0.0845 | Val Acc: 0.9745 | Time: 11.63s
2025-03-05 04:23:47,535 - INFO - P2 (Round 5) - Epoch 5/10 | Loss: 0.0830 | Acc: 0.9746 | Val Loss: 0.0816 | Val Acc: 0.9749 | Time: 10.75s
2025-03-05 04:23:58,321 - INFO - P2 (Round 5) - Epoch 6/10 | Loss: 0.0820 | Acc: 0.9747 | Val Loss: 0.0810 | Val Acc: 0.9746 | Time: 10.79s
2025-03-05 04:24:09,474 - INFO - P2 (Round 5) - Epoch 7/10 | Loss: 0.0815 | Acc: 0.9749 | Val Loss: 0.0828 | Val Acc: 0.9744 | Time: 11.15s
2025-03-05 04:24:20,191 - INFO - P2 (Round 5) - Epoch 8/10 | Loss: 0.0811 | Acc: 0.9749 | Val Loss: 0.0816 | Val Acc: 0.9749 | Time: 10.72s
2025-03-05 04:24:30,736 - INFO - P2 (Round 5) - Epoch 9/10 | Loss: 0.0808 | Acc: 0.9750 | Val Loss: 0.0810 | Val Acc: 0.9750 | Time: 10.55s
2025-03-05 04:24:42,206 - INFO - P2 (Round 5) - Epoch 10/10 | Loss: 0.0802 | Acc: 0.9752 | Val Loss: 0.0815 | Val Acc: 0.9752 | Time: 11.47s
2025-03-05 04:24:44,722 - INFO - Round 5 completed in 222.01s
2025-03-05 04:24:44,722 - INFO - Global Model - P1 Test: Loss = 1.8822, Accuracy = 0.3958
2025-03-05 04:24:44,723 - INFO - Global Model - P2 Test: Loss = 4.9063, Accuracy = 0.5727
2025-03-05 04:24:55,542 - INFO - P1 (Round 6) - Epoch 1/10 | Loss: 1.3349 | Acc: 0.4925 | Val Loss: 1.3333 | Val Acc: 0.4929 | Time: 10.82s
2025-03-05 04:25:06,269 - INFO - P1 (Round 6) - Epoch 2/10 | Loss: 1.3329 | Acc: 0.4929 | Val Loss: 1.3324 | Val Acc: 0.4929 | Time: 10.73s
2025-03-05 04:25:17,272 - INFO - P1 (Round 6) - Epoch 3/10 | Loss: 1.3327 | Acc: 0.4929 | Val Loss: 1.3334 | Val Acc: 0.4929 | Time: 11.00s
2025-03-05 04:25:28,117 - INFO - P1 (Round 6) - Epoch 4/10 | Loss: 1.3326 | Acc: 0.4929 | Val Loss: 1.3320 | Val Acc: 0.4929 | Time: 10.84s
2025-03-05 04:25:39,044 - INFO - P1 (Round 6) - Epoch 5/10 | Loss: 1.3325 | Acc: 0.4929 | Val Loss: 1.3317 | Val Acc: 0.4929 | Time: 10.93s
2025-03-05 04:25:49,951 - INFO - P1 (Round 6) - Epoch 6/10 | Loss: 1.3323 | Acc: 0.4929 | Val Loss: 1.3323 | Val Acc: 0.4929 | Time: 10.91s
2025-03-05 04:26:01,645 - INFO - P1 (Round 6) - Epoch 7/10 | Loss: 1.3323 | Acc: 0.4929 | Val Loss: 1.3321 | Val Acc: 0.4929 | Time: 11.69s
2025-03-05 04:26:12,431 - INFO - P1 (Round 6) - Epoch 8/10 | Loss: 1.3322 | Acc: 0.4929 | Val Loss: 1.3316 | Val Acc: 0.4929 | Time: 10.79s
2025-03-05 04:26:23,452 - INFO - P1 (Round 6) - Epoch 9/10 | Loss: 1.3321 | Acc: 0.4929 | Val Loss: 1.3317 | Val Acc: 0.4929 | Time: 11.02s
2025-03-05 04:26:34,211 - INFO - P1 (Round 6) - Epoch 10/10 | Loss: 1.3321 | Acc: 0.4929 | Val Loss: 1.3332 | Val Acc: 0.4929 | Time: 10.76s
2025-03-05 04:26:44,996 - INFO - P2 (Round 6) - Epoch 1/10 | Loss: 0.1043 | Acc: 0.9705 | Val Loss: 0.0841 | Val Acc: 0.9752 | Time: 10.78s
2025-03-05 04:26:55,837 - INFO - P2 (Round 6) - Epoch 2/10 | Loss: 0.0835 | Acc: 0.9745 | Val Loss: 0.0838 | Val Acc: 0.9755 | Time: 10.84s
2025-03-05 04:27:07,651 - INFO - P2 (Round 6) - Epoch 3/10 | Loss: 0.0820 | Acc: 0.9748 | Val Loss: 0.0823 | Val Acc: 0.9742 | Time: 11.81s
2025-03-05 04:27:18,493 - INFO - P2 (Round 6) - Epoch 4/10 | Loss: 0.0813 | Acc: 0.9750 | Val Loss: 0.0806 | Val Acc: 0.9751 | Time: 10.84s
2025-03-05 04:27:29,420 - INFO - P2 (Round 6) - Epoch 5/10 | Loss: 0.0804 | Acc: 0.9752 | Val Loss: 0.0815 | Val Acc: 0.9756 | Time: 10.93s
2025-03-05 04:27:40,490 - INFO - P2 (Round 6) - Epoch 6/10 | Loss: 0.0803 | Acc: 0.9753 | Val Loss: 0.0806 | Val Acc: 0.9752 | Time: 11.07s
2025-03-05 04:27:51,095 - INFO - P2 (Round 6) - Epoch 7/10 | Loss: 0.0798 | Acc: 0.9753 | Val Loss: 0.0799 | Val Acc: 0.9761 | Time: 10.60s
2025-03-05 04:28:02,135 - INFO - P2 (Round 6) - Epoch 8/10 | Loss: 0.0795 | Acc: 0.9755 | Val Loss: 0.0807 | Val Acc: 0.9743 | Time: 11.04s
2025-03-05 04:28:13,246 - INFO - P2 (Round 6) - Epoch 9/10 | Loss: 0.0788 | Acc: 0.9756 | Val Loss: 0.0809 | Val Acc: 0.9744 | Time: 11.11s
2025-03-05 04:28:24,802 - INFO - P2 (Round 6) - Epoch 10/10 | Loss: 0.0789 | Acc: 0.9756 | Val Loss: 0.0788 | Val Acc: 0.9760 | Time: 11.56s
2025-03-05 04:28:27,269 - INFO - Round 6 completed in 222.55s
2025-03-05 04:28:27,270 - INFO - Global Model - P1 Test: Loss = 2.0171, Accuracy = 0.3360
2025-03-05 04:28:27,270 - INFO - Global Model - P2 Test: Loss = 3.1119, Accuracy = 0.6660
2025-03-05 04:28:38,293 - INFO - P1 (Round 7) - Epoch 1/10 | Loss: 1.3351 | Acc: 0.4924 | Val Loss: 1.3320 | Val Acc: 0.4929 | Time: 11.02s
2025-03-05 04:28:48,907 - INFO - P1 (Round 7) - Epoch 2/10 | Loss: 1.3328 | Acc: 0.4929 | Val Loss: 1.3335 | Val Acc: 0.4929 | Time: 10.61s
2025-03-05 04:28:59,656 - INFO - P1 (Round 7) - Epoch 3/10 | Loss: 1.3327 | Acc: 0.4929 | Val Loss: 1.3319 | Val Acc: 0.4929 | Time: 10.75s
2025-03-05 04:29:10,375 - INFO - P1 (Round 7) - Epoch 4/10 | Loss: 1.3327 | Acc: 0.4929 | Val Loss: 1.3319 | Val Acc: 0.4929 | Time: 10.72s
2025-03-05 04:29:20,938 - INFO - P1 (Round 7) - Epoch 5/10 | Loss: 1.3325 | Acc: 0.4929 | Val Loss: 1.3329 | Val Acc: 0.4929 | Time: 10.56s
2025-03-05 04:29:32,823 - INFO - P1 (Round 7) - Epoch 6/10 | Loss: 1.3325 | Acc: 0.4929 | Val Loss: 1.3338 | Val Acc: 0.4929 | Time: 11.88s
2025-03-05 04:29:43,672 - INFO - P1 (Round 7) - Epoch 7/10 | Loss: 1.3325 | Acc: 0.4929 | Val Loss: 1.3316 | Val Acc: 0.4929 | Time: 10.85s
2025-03-05 04:29:54,484 - INFO - P1 (Round 7) - Epoch 8/10 | Loss: 1.3323 | Acc: 0.4929 | Val Loss: 1.3318 | Val Acc: 0.4929 | Time: 10.81s
2025-03-05 04:30:05,172 - INFO - P1 (Round 7) - Epoch 9/10 | Loss: 1.3322 | Acc: 0.4929 | Val Loss: 1.3319 | Val Acc: 0.4929 | Time: 10.69s
2025-03-05 04:30:15,704 - INFO - P1 (Round 7) - Epoch 10/10 | Loss: 1.3322 | Acc: 0.4929 | Val Loss: 1.3324 | Val Acc: 0.4929 | Time: 10.53s
2025-03-05 04:30:27,379 - INFO - P2 (Round 7) - Epoch 1/10 | Loss: 0.0931 | Acc: 0.9726 | Val Loss: 0.0813 | Val Acc: 0.9755 | Time: 11.67s
2025-03-05 04:30:39,427 - INFO - P2 (Round 7) - Epoch 2/10 | Loss: 0.0808 | Acc: 0.9751 | Val Loss: 0.0801 | Val Acc: 0.9752 | Time: 12.05s
2025-03-05 04:30:50,655 - INFO - P2 (Round 7) - Epoch 3/10 | Loss: 0.0801 | Acc: 0.9753 | Val Loss: 0.0825 | Val Acc: 0.9741 | Time: 11.23s
2025-03-05 04:31:01,703 - INFO - P2 (Round 7) - Epoch 4/10 | Loss: 0.0794 | Acc: 0.9754 | Val Loss: 0.0790 | Val Acc: 0.9752 | Time: 11.05s
2025-03-05 04:31:12,431 - INFO - P2 (Round 7) - Epoch 5/10 | Loss: 0.0791 | Acc: 0.9755 | Val Loss: 0.0790 | Val Acc: 0.9760 | Time: 10.73s
2025-03-05 04:31:23,264 - INFO - P2 (Round 7) - Epoch 6/10 | Loss: 0.0786 | Acc: 0.9757 | Val Loss: 0.0800 | Val Acc: 0.9751 | Time: 10.83s
2025-03-05 04:31:34,115 - INFO - P2 (Round 7) - Epoch 7/10 | Loss: 0.0790 | Acc: 0.9757 | Val Loss: 0.0798 | Val Acc: 0.9757 | Time: 10.85s
2025-03-05 04:31:45,485 - INFO - P2 (Round 7) - Epoch 8/10 | Loss: 0.0781 | Acc: 0.9758 | Val Loss: 0.0780 | Val Acc: 0.9763 | Time: 11.37s
2025-03-05 04:31:57,250 - INFO - P2 (Round 7) - Epoch 9/10 | Loss: 0.0780 | Acc: 0.9757 | Val Loss: 0.0785 | Val Acc: 0.9749 | Time: 11.76s
2025-03-05 04:32:07,853 - INFO - P2 (Round 7) - Epoch 10/10 | Loss: 0.0777 | Acc: 0.9758 | Val Loss: 0.0779 | Val Acc: 0.9763 | Time: 10.60s
2025-03-05 04:32:10,352 - INFO - Round 7 completed in 223.08s
2025-03-05 04:32:10,352 - INFO - Global Model - P1 Test: Loss = 2.0979, Accuracy = 0.3360
2025-03-05 04:32:10,352 - INFO - Global Model - P2 Test: Loss = 2.4483, Accuracy = 0.6787
2025-03-05 04:32:21,082 - INFO - P1 (Round 8) - Epoch 1/10 | Loss: 1.3352 | Acc: 0.4923 | Val Loss: 1.3320 | Val Acc: 0.4929 | Time: 10.73s
2025-03-05 04:32:31,791 - INFO - P1 (Round 8) - Epoch 2/10 | Loss: 1.3328 | Acc: 0.4929 | Val Loss: 1.3348 | Val Acc: 0.4929 | Time: 10.71s
2025-03-05 04:32:42,800 - INFO - P1 (Round 8) - Epoch 3/10 | Loss: 1.3328 | Acc: 0.4929 | Val Loss: 1.3321 | Val Acc: 0.4929 | Time: 11.01s
2025-03-05 04:32:53,666 - INFO - P1 (Round 8) - Epoch 4/10 | Loss: 1.3327 | Acc: 0.4929 | Val Loss: 1.3325 | Val Acc: 0.4929 | Time: 10.87s
2025-03-05 04:33:05,376 - INFO - P1 (Round 8) - Epoch 5/10 | Loss: 1.3326 | Acc: 0.4929 | Val Loss: 1.3331 | Val Acc: 0.4929 | Time: 11.71s
2025-03-05 04:33:16,119 - INFO - P1 (Round 8) - Epoch 6/10 | Loss: 1.3325 | Acc: 0.4929 | Val Loss: 1.3326 | Val Acc: 0.4929 | Time: 10.74s
2025-03-05 04:33:26,685 - INFO - P1 (Round 8) - Epoch 7/10 | Loss: 1.3325 | Acc: 0.4929 | Val Loss: 1.3343 | Val Acc: 0.4929 | Time: 10.57s
2025-03-05 04:33:37,352 - INFO - P1 (Round 8) - Epoch 8/10 | Loss: 1.3323 | Acc: 0.4929 | Val Loss: 1.3320 | Val Acc: 0.4929 | Time: 10.67s
2025-03-05 04:33:48,176 - INFO - P1 (Round 8) - Epoch 9/10 | Loss: 1.3323 | Acc: 0.4929 | Val Loss: 1.3321 | Val Acc: 0.4929 | Time: 10.82s
2025-03-05 04:33:59,076 - INFO - P1 (Round 8) - Epoch 10/10 | Loss: 1.3322 | Acc: 0.4929 | Val Loss: 1.3317 | Val Acc: 0.4929 | Time: 10.90s
2025-03-05 04:34:10,395 - INFO - P2 (Round 8) - Epoch 1/10 | Loss: 0.0870 | Acc: 0.9735 | Val Loss: 0.0797 | Val Acc: 0.9755 | Time: 11.32s
2025-03-05 04:34:21,807 - INFO - P2 (Round 8) - Epoch 2/10 | Loss: 0.0790 | Acc: 0.9755 | Val Loss: 0.0787 | Val Acc: 0.9753 | Time: 11.41s
2025-03-05 04:34:32,528 - INFO - P2 (Round 8) - Epoch 3/10 | Loss: 0.0785 | Acc: 0.9756 | Val Loss: 0.0781 | Val Acc: 0.9759 | Time: 10.72s
2025-03-05 04:34:43,479 - INFO - P2 (Round 8) - Epoch 4/10 | Loss: 0.0783 | Acc: 0.9757 | Val Loss: 0.0798 | Val Acc: 0.9749 | Time: 10.95s
2025-03-05 04:34:54,339 - INFO - P2 (Round 8) - Epoch 5/10 | Loss: 0.0777 | Acc: 0.9758 | Val Loss: 0.0779 | Val Acc: 0.9763 | Time: 10.86s
2025-03-05 04:35:05,204 - INFO - P2 (Round 8) - Epoch 6/10 | Loss: 0.0774 | Acc: 0.9758 | Val Loss: 0.0771 | Val Acc: 0.9766 | Time: 10.86s
2025-03-05 04:35:15,939 - INFO - P2 (Round 8) - Epoch 7/10 | Loss: 0.0772 | Acc: 0.9760 | Val Loss: 0.0774 | Val Acc: 0.9755 | Time: 10.73s
2025-03-05 04:35:27,899 - INFO - P2 (Round 8) - Epoch 8/10 | Loss: 0.0771 | Acc: 0.9760 | Val Loss: 0.0803 | Val Acc: 0.9749 | Time: 11.96s
2025-03-05 04:35:38,564 - INFO - P2 (Round 8) - Epoch 9/10 | Loss: 0.0767 | Acc: 0.9761 | Val Loss: 0.0783 | Val Acc: 0.9755 | Time: 10.67s
2025-03-05 04:35:49,456 - INFO - P2 (Round 8) - Epoch 10/10 | Loss: 0.0766 | Acc: 0.9761 | Val Loss: 0.0767 | Val Acc: 0.9762 | Time: 10.89s
2025-03-05 04:35:51,773 - INFO - Round 8 completed in 221.42s
2025-03-05 04:35:51,773 - INFO - Global Model - P1 Test: Loss = 2.2606, Accuracy = 0.3360
2025-03-05 04:35:51,773 - INFO - Global Model - P2 Test: Loss = 2.2299, Accuracy = 0.5948
2025-03-05 04:36:02,687 - INFO - P1 (Round 9) - Epoch 1/10 | Loss: 1.3362 | Acc: 0.4920 | Val Loss: 1.3328 | Val Acc: 0.4929 | Time: 10.91s
2025-03-05 04:36:13,446 - INFO - P1 (Round 9) - Epoch 2/10 | Loss: 1.3330 | Acc: 0.4929 | Val Loss: 1.3317 | Val Acc: 0.4929 | Time: 10.76s
2025-03-05 04:36:24,468 - INFO - P1 (Round 9) - Epoch 3/10 | Loss: 1.3328 | Acc: 0.4929 | Val Loss: 1.3334 | Val Acc: 0.4929 | Time: 11.02s
2025-03-05 04:36:36,247 - INFO - P1 (Round 9) - Epoch 4/10 | Loss: 1.3327 | Acc: 0.4929 | Val Loss: 1.3342 | Val Acc: 0.4929 | Time: 11.78s
2025-03-05 04:36:47,241 - INFO - P1 (Round 9) - Epoch 5/10 | Loss: 1.3327 | Acc: 0.4929 | Val Loss: 1.3319 | Val Acc: 0.4929 | Time: 10.99s
2025-03-05 04:36:58,164 - INFO - P1 (Round 9) - Epoch 6/10 | Loss: 1.3326 | Acc: 0.4929 | Val Loss: 1.3323 | Val Acc: 0.4929 | Time: 10.92s
2025-03-05 04:37:08,910 - INFO - P1 (Round 9) - Epoch 7/10 | Loss: 1.3325 | Acc: 0.4929 | Val Loss: 1.3324 | Val Acc: 0.4929 | Time: 10.75s
2025-03-05 04:37:20,008 - INFO - P1 (Round 9) - Epoch 8/10 | Loss: 1.3325 | Acc: 0.4929 | Val Loss: 1.3319 | Val Acc: 0.4929 | Time: 11.10s
2025-03-05 04:37:31,044 - INFO - P1 (Round 9) - Epoch 9/10 | Loss: 1.3323 | Acc: 0.4929 | Val Loss: 1.3328 | Val Acc: 0.4929 | Time: 11.04s
2025-03-05 04:37:42,420 - INFO - P1 (Round 9) - Epoch 10/10 | Loss: 1.3323 | Acc: 0.4929 | Val Loss: 1.3317 | Val Acc: 0.4929 | Time: 11.38s
2025-03-05 04:37:54,090 - INFO - P2 (Round 9) - Epoch 1/10 | Loss: 0.0850 | Acc: 0.9738 | Val Loss: 0.0786 | Val Acc: 0.9752 | Time: 11.67s
2025-03-05 04:38:04,971 - INFO - P2 (Round 9) - Epoch 2/10 | Loss: 0.0781 | Acc: 0.9758 | Val Loss: 0.0776 | Val Acc: 0.9756 | Time: 10.88s
2025-03-05 04:38:15,805 - INFO - P2 (Round 9) - Epoch 3/10 | Loss: 0.0774 | Acc: 0.9759 | Val Loss: 0.0801 | Val Acc: 0.9748 | Time: 10.83s
2025-03-05 04:38:26,769 - INFO - P2 (Round 9) - Epoch 4/10 | Loss: 0.0770 | Acc: 0.9760 | Val Loss: 0.0774 | Val Acc: 0.9759 | Time: 10.96s
2025-03-05 04:38:37,638 - INFO - P2 (Round 9) - Epoch 5/10 | Loss: 0.0768 | Acc: 0.9761 | Val Loss: 0.0769 | Val Acc: 0.9764 | Time: 10.87s
2025-03-05 04:38:48,434 - INFO - P2 (Round 9) - Epoch 6/10 | Loss: 0.0766 | Acc: 0.9761 | Val Loss: 0.0763 | Val Acc: 0.9766 | Time: 10.80s
2025-03-05 04:39:00,197 - INFO - P2 (Round 9) - Epoch 7/10 | Loss: 0.0763 | Acc: 0.9762 | Val Loss: 0.1310 | Val Acc: 0.9745 | Time: 11.76s
2025-03-05 04:39:11,333 - INFO - P2 (Round 9) - Epoch 8/10 | Loss: 0.0763 | Acc: 0.9763 | Val Loss: 0.0773 | Val Acc: 0.9761 | Time: 11.14s
2025-03-05 04:39:22,111 - INFO - P2 (Round 9) - Epoch 9/10 | Loss: 0.0759 | Acc: 0.9764 | Val Loss: 0.0760 | Val Acc: 0.9768 | Time: 10.78s
2025-03-05 04:39:32,934 - INFO - P2 (Round 9) - Epoch 10/10 | Loss: 0.0758 | Acc: 0.9764 | Val Loss: 0.0773 | Val Acc: 0.9761 | Time: 10.82s
2025-03-05 04:39:35,276 - INFO - Round 9 completed in 223.50s
2025-03-05 04:39:35,276 - INFO - Global Model - P1 Test: Loss = 2.4619, Accuracy = 0.3360
2025-03-05 04:39:35,276 - INFO - Global Model - P2 Test: Loss = 2.0263, Accuracy = 0.6116
2025-03-05 04:39:45,697 - INFO - P1 (Round 10) - Epoch 1/10 | Loss: 1.3368 | Acc: 0.4918 | Val Loss: 1.3325 | Val Acc: 0.4929 | Time: 10.42s
2025-03-05 04:39:56,530 - INFO - P1 (Round 10) - Epoch 2/10 | Loss: 1.3329 | Acc: 0.4929 | Val Loss: 1.3325 | Val Acc: 0.4929 | Time: 10.83s
2025-03-05 04:40:07,832 - INFO - P1 (Round 10) - Epoch 3/10 | Loss: 1.3328 | Acc: 0.4929 | Val Loss: 1.3325 | Val Acc: 0.4929 | Time: 11.30s
2025-03-05 04:40:19,264 - INFO - P1 (Round 10) - Epoch 4/10 | Loss: 1.3328 | Acc: 0.4929 | Val Loss: 1.3321 | Val Acc: 0.4929 | Time: 11.43s
2025-03-05 04:40:30,002 - INFO - P1 (Round 10) - Epoch 5/10 | Loss: 1.3327 | Acc: 0.4929 | Val Loss: 1.3321 | Val Acc: 0.4929 | Time: 10.74s
2025-03-05 04:40:40,741 - INFO - P1 (Round 10) - Epoch 6/10 | Loss: 1.3325 | Acc: 0.4929 | Val Loss: 1.3332 | Val Acc: 0.4929 | Time: 10.74s
2025-03-05 04:40:51,515 - INFO - P1 (Round 10) - Epoch 7/10 | Loss: 1.3325 | Acc: 0.4929 | Val Loss: 1.3319 | Val Acc: 0.4929 | Time: 10.77s
2025-03-05 04:41:02,859 - INFO - P1 (Round 10) - Epoch 8/10 | Loss: 1.3325 | Acc: 0.4929 | Val Loss: 1.3324 | Val Acc: 0.4929 | Time: 11.34s
2025-03-05 04:41:15,033 - INFO - P1 (Round 10) - Epoch 9/10 | Loss: 1.3323 | Acc: 0.4929 | Val Loss: 1.3325 | Val Acc: 0.4929 | Time: 12.17s
2025-03-05 04:41:26,994 - INFO - P1 (Round 10) - Epoch 10/10 | Loss: 1.3323 | Acc: 0.4929 | Val Loss: 1.3319 | Val Acc: 0.4929 | Time: 11.96s
2025-03-05 04:41:37,768 - INFO - P2 (Round 10) - Epoch 1/10 | Loss: 0.0827 | Acc: 0.9745 | Val Loss: 0.0782 | Val Acc: 0.9760 | Time: 10.77s
2025-03-05 04:41:48,527 - INFO - P2 (Round 10) - Epoch 2/10 | Loss: 0.0768 | Acc: 0.9761 | Val Loss: 0.0763 | Val Acc: 0.9765 | Time: 10.76s
2025-03-05 04:41:59,502 - INFO - P2 (Round 10) - Epoch 3/10 | Loss: 0.0764 | Acc: 0.9763 | Val Loss: 0.0769 | Val Acc: 0.9761 | Time: 10.98s
2025-03-05 04:42:10,431 - INFO - P2 (Round 10) - Epoch 4/10 | Loss: 0.0761 | Acc: 0.9763 | Val Loss: 0.0791 | Val Acc: 0.9754 | Time: 10.93s
2025-03-05 04:42:20,987 - INFO - P2 (Round 10) - Epoch 5/10 | Loss: 0.0759 | Acc: 0.9765 | Val Loss: 0.0752 | Val Acc: 0.9766 | Time: 10.56s
2025-03-05 04:42:32,798 - INFO - P2 (Round 10) - Epoch 6/10 | Loss: 0.0754 | Acc: 0.9766 | Val Loss: 0.0758 | Val Acc: 0.9763 | Time: 11.81s
2025-03-05 04:42:43,590 - INFO - P2 (Round 10) - Epoch 7/10 | Loss: 0.0752 | Acc: 0.9767 | Val Loss: 0.0755 | Val Acc: 0.9761 | Time: 10.79s
2025-03-05 04:42:54,361 - INFO - P2 (Round 10) - Epoch 8/10 | Loss: 0.0750 | Acc: 0.9768 | Val Loss: 0.0753 | Val Acc: 0.9768 | Time: 10.77s
2025-03-05 04:43:05,281 - INFO - P2 (Round 10) - Epoch 9/10 | Loss: 0.0748 | Acc: 0.9768 | Val Loss: 0.0759 | Val Acc: 0.9767 | Time: 10.92s
2025-03-05 04:43:16,327 - INFO - P2 (Round 10) - Epoch 10/10 | Loss: 0.0745 | Acc: 0.9769 | Val Loss: 0.0756 | Val Acc: 0.9765 | Time: 11.05s
2025-03-05 04:43:18,738 - INFO - Round 10 completed in 223.46s
2025-03-05 04:43:18,738 - INFO - Global Model - P1 Test: Loss = 2.4892, Accuracy = 0.3360
2025-03-05 04:43:18,738 - INFO - Global Model - P2 Test: Loss = 1.7977, Accuracy = 0.6064
2025-03-05 04:43:21,012 - INFO - Final Results after 10 rounds:
2025-03-05 04:43:21,012 - INFO - Global Model - P1 Test: Loss = 2.4892, Accuracy = 0.3360
2025-03-05 04:43:21,012 - INFO - Global Model - P2 Test: Loss = 1.7977, Accuracy = 0.6064
2025-03-05 04:43:21,019 - INFO - Experiment 188 results saved to results/suppression_experiments/exp_188_p1f1_p2f9.json
