2025-03-05 01:31:16,902 - INFO - Starting Suppression Experiment 144
2025-03-05 01:31:16,903 - INFO - P1 Features (4/14): ['protocol', 'bidirectional_min_ps', 'bidirectional_mean_ps', 'bidirectional_stddev_ps']
2025-03-05 01:31:16,903 - INFO - P2 Features (11/14): ['protocol', 'bidirectional_min_ps', 'bidirectional_mean_ps', 'bidirectional_stddev_ps', 'bidirectional_max_ps', 'src2dst_stddev_ps', 'src2dst_max_ps', 'dst2src_min_ps', 'dst2src_mean_ps', 'dst2src_stddev_ps', 'dst2src_max_ps']
2025-03-05 01:31:27,314 - INFO - P1 (Round 1) - Epoch 1/10 | Loss: 0.6803 | Acc: 0.7392 | Val Loss: 0.5331 | Val Acc: 0.7842 | Time: 10.25s
2025-03-05 01:31:37,522 - INFO - P1 (Round 1) - Epoch 2/10 | Loss: 0.5001 | Acc: 0.7958 | Val Loss: 0.4809 | Val Acc: 0.8040 | Time: 10.21s
2025-03-05 01:31:48,024 - INFO - P1 (Round 1) - Epoch 3/10 | Loss: 0.4631 | Acc: 0.8104 | Val Loss: 0.4516 | Val Acc: 0.8134 | Time: 10.50s
2025-03-05 01:31:58,111 - INFO - P1 (Round 1) - Epoch 4/10 | Loss: 0.4363 | Acc: 0.8193 | Val Loss: 0.4285 | Val Acc: 0.8220 | Time: 10.09s
2025-03-05 01:32:08,434 - INFO - P1 (Round 1) - Epoch 5/10 | Loss: 0.4205 | Acc: 0.8259 | Val Loss: 0.4174 | Val Acc: 0.8287 | Time: 10.32s
2025-03-05 01:32:20,455 - INFO - P1 (Round 1) - Epoch 6/10 | Loss: 0.4090 | Acc: 0.8309 | Val Loss: 0.4089 | Val Acc: 0.8342 | Time: 12.02s
2025-03-05 01:32:31,073 - INFO - P1 (Round 1) - Epoch 7/10 | Loss: 0.4013 | Acc: 0.8351 | Val Loss: 0.4002 | Val Acc: 0.8394 | Time: 10.62s
2025-03-05 01:32:41,342 - INFO - P1 (Round 1) - Epoch 8/10 | Loss: 0.3946 | Acc: 0.8391 | Val Loss: 0.3924 | Val Acc: 0.8423 | Time: 10.27s
2025-03-05 01:32:51,682 - INFO - P1 (Round 1) - Epoch 9/10 | Loss: 0.3890 | Acc: 0.8419 | Val Loss: 0.3901 | Val Acc: 0.8429 | Time: 10.34s
2025-03-05 01:33:01,766 - INFO - P1 (Round 1) - Epoch 10/10 | Loss: 0.3863 | Acc: 0.8438 | Val Loss: 0.3866 | Val Acc: 0.8454 | Time: 10.08s
2025-03-05 01:33:11,926 - INFO - P2 (Round 1) - Epoch 1/10 | Loss: 0.3917 | Acc: 0.8586 | Val Loss: 0.2350 | Val Acc: 0.9141 | Time: 10.16s
2025-03-05 01:33:22,025 - INFO - P2 (Round 1) - Epoch 2/10 | Loss: 0.2168 | Acc: 0.9234 | Val Loss: 0.2040 | Val Acc: 0.9271 | Time: 10.10s
2025-03-05 01:33:34,456 - INFO - P2 (Round 1) - Epoch 3/10 | Loss: 0.1934 | Acc: 0.9308 | Val Loss: 0.1854 | Val Acc: 0.9336 | Time: 12.43s
2025-03-05 01:33:46,414 - INFO - P2 (Round 1) - Epoch 4/10 | Loss: 0.1774 | Acc: 0.9368 | Val Loss: 0.1687 | Val Acc: 0.9393 | Time: 11.96s
2025-03-05 01:33:56,713 - INFO - P2 (Round 1) - Epoch 5/10 | Loss: 0.1596 | Acc: 0.9456 | Val Loss: 0.1506 | Val Acc: 0.9487 | Time: 10.30s
2025-03-05 01:34:08,134 - INFO - P2 (Round 1) - Epoch 6/10 | Loss: 0.1390 | Acc: 0.9535 | Val Loss: 0.1268 | Val Acc: 0.9580 | Time: 11.42s
2025-03-05 01:34:20,486 - INFO - P2 (Round 1) - Epoch 7/10 | Loss: 0.1186 | Acc: 0.9621 | Val Loss: 0.1122 | Val Acc: 0.9645 | Time: 12.35s
2025-03-05 01:34:32,517 - INFO - P2 (Round 1) - Epoch 8/10 | Loss: 0.1094 | Acc: 0.9650 | Val Loss: 0.1077 | Val Acc: 0.9656 | Time: 12.03s
2025-03-05 01:34:45,639 - INFO - P2 (Round 1) - Epoch 9/10 | Loss: 0.1035 | Acc: 0.9673 | Val Loss: 0.1021 | Val Acc: 0.9670 | Time: 13.12s
2025-03-05 01:34:58,083 - INFO - P2 (Round 1) - Epoch 10/10 | Loss: 0.0990 | Acc: 0.9689 | Val Loss: 0.0972 | Val Acc: 0.9679 | Time: 12.44s
2025-03-05 01:35:00,603 - INFO - Round 1 completed in 223.54s
2025-03-05 01:35:00,603 - INFO - Global Model - P1 Test: Loss = 5.4828, Accuracy = 0.4116
2025-03-05 01:35:00,603 - INFO - Global Model - P2 Test: Loss = 6.7843, Accuracy = 0.4520
2025-03-05 01:35:12,640 - INFO - P1 (Round 2) - Epoch 1/10 | Loss: 0.5479 | Acc: 0.7903 | Val Loss: 0.4403 | Val Acc: 0.8206 | Time: 12.04s
2025-03-05 01:35:24,584 - INFO - P1 (Round 2) - Epoch 2/10 | Loss: 0.4254 | Acc: 0.8278 | Val Loss: 0.4156 | Val Acc: 0.8277 | Time: 11.94s
2025-03-05 01:35:36,958 - INFO - P1 (Round 2) - Epoch 3/10 | Loss: 0.4089 | Acc: 0.8333 | Val Loss: 0.4055 | Val Acc: 0.8346 | Time: 12.37s
2025-03-05 01:35:49,766 - INFO - P1 (Round 2) - Epoch 4/10 | Loss: 0.4010 | Acc: 0.8354 | Val Loss: 0.3978 | Val Acc: 0.8334 | Time: 12.81s
2025-03-05 01:36:02,783 - INFO - P1 (Round 2) - Epoch 5/10 | Loss: 0.3955 | Acc: 0.8370 | Val Loss: 0.3934 | Val Acc: 0.8379 | Time: 13.02s
2025-03-05 01:36:15,396 - INFO - P1 (Round 2) - Epoch 6/10 | Loss: 0.3916 | Acc: 0.8379 | Val Loss: 0.3897 | Val Acc: 0.8378 | Time: 12.61s
2025-03-05 01:36:27,590 - INFO - P1 (Round 2) - Epoch 7/10 | Loss: 0.3886 | Acc: 0.8385 | Val Loss: 0.3868 | Val Acc: 0.8386 | Time: 12.19s
2025-03-05 01:36:39,683 - INFO - P1 (Round 2) - Epoch 8/10 | Loss: 0.3858 | Acc: 0.8395 | Val Loss: 0.3834 | Val Acc: 0.8402 | Time: 12.09s
2025-03-05 01:36:51,703 - INFO - P1 (Round 2) - Epoch 9/10 | Loss: 0.3836 | Acc: 0.8407 | Val Loss: 0.3846 | Val Acc: 0.8411 | Time: 12.02s
2025-03-05 01:37:04,386 - INFO - P1 (Round 2) - Epoch 10/10 | Loss: 0.3818 | Acc: 0.8415 | Val Loss: 0.3806 | Val Acc: 0.8429 | Time: 12.68s
2025-03-05 01:37:16,952 - INFO - P2 (Round 2) - Epoch 1/10 | Loss: 0.2622 | Acc: 0.9254 | Val Loss: 0.1393 | Val Acc: 0.9611 | Time: 12.57s
2025-03-05 01:37:28,999 - INFO - P2 (Round 2) - Epoch 2/10 | Loss: 0.1223 | Acc: 0.9642 | Val Loss: 0.1101 | Val Acc: 0.9682 | Time: 12.05s
2025-03-05 01:37:41,048 - INFO - P2 (Round 2) - Epoch 3/10 | Loss: 0.1029 | Acc: 0.9696 | Val Loss: 0.0975 | Val Acc: 0.9727 | Time: 12.05s
2025-03-05 01:37:53,209 - INFO - P2 (Round 2) - Epoch 4/10 | Loss: 0.0940 | Acc: 0.9722 | Val Loss: 0.0914 | Val Acc: 0.9720 | Time: 12.16s
2025-03-05 01:38:05,301 - INFO - P2 (Round 2) - Epoch 5/10 | Loss: 0.0895 | Acc: 0.9735 | Val Loss: 0.0872 | Val Acc: 0.9732 | Time: 12.09s
2025-03-05 01:38:18,529 - INFO - P2 (Round 2) - Epoch 6/10 | Loss: 0.0864 | Acc: 0.9742 | Val Loss: 0.0853 | Val Acc: 0.9741 | Time: 13.23s
2025-03-05 01:38:30,723 - INFO - P2 (Round 2) - Epoch 7/10 | Loss: 0.0841 | Acc: 0.9749 | Val Loss: 0.0831 | Val Acc: 0.9756 | Time: 12.19s
2025-03-05 01:38:42,929 - INFO - P2 (Round 2) - Epoch 8/10 | Loss: 0.0821 | Acc: 0.9754 | Val Loss: 0.0811 | Val Acc: 0.9758 | Time: 12.21s
2025-03-05 01:38:55,040 - INFO - P2 (Round 2) - Epoch 9/10 | Loss: 0.0806 | Acc: 0.9757 | Val Loss: 0.0831 | Val Acc: 0.9743 | Time: 12.11s
2025-03-05 01:39:07,351 - INFO - P2 (Round 2) - Epoch 10/10 | Loss: 0.0794 | Acc: 0.9760 | Val Loss: 0.0811 | Val Acc: 0.9761 | Time: 12.31s
2025-03-05 01:39:09,962 - INFO - Round 2 completed in 249.36s
2025-03-05 01:39:09,962 - INFO - Global Model - P1 Test: Loss = 3.4939, Accuracy = 0.4752
2025-03-05 01:39:09,962 - INFO - Global Model - P2 Test: Loss = 2.5960, Accuracy = 0.5738
2025-03-05 01:39:22,386 - INFO - P1 (Round 3) - Epoch 1/10 | Loss: 0.4550 | Acc: 0.8191 | Val Loss: 0.4147 | Val Acc: 0.8294 | Time: 12.42s
2025-03-05 01:39:35,642 - INFO - P1 (Round 3) - Epoch 2/10 | Loss: 0.4108 | Acc: 0.8319 | Val Loss: 0.4064 | Val Acc: 0.8336 | Time: 13.26s
2025-03-05 01:39:47,572 - INFO - P1 (Round 3) - Epoch 3/10 | Loss: 0.4035 | Acc: 0.8360 | Val Loss: 0.4009 | Val Acc: 0.8359 | Time: 11.93s
2025-03-05 01:39:59,647 - INFO - P1 (Round 3) - Epoch 4/10 | Loss: 0.3995 | Acc: 0.8379 | Val Loss: 0.3993 | Val Acc: 0.8373 | Time: 12.08s
2025-03-05 01:40:11,599 - INFO - P1 (Round 3) - Epoch 5/10 | Loss: 0.3961 | Acc: 0.8391 | Val Loss: 0.3962 | Val Acc: 0.8370 | Time: 11.95s
2025-03-05 01:40:23,677 - INFO - P1 (Round 3) - Epoch 6/10 | Loss: 0.3936 | Acc: 0.8399 | Val Loss: 0.3923 | Val Acc: 0.8405 | Time: 12.08s
2025-03-05 01:40:35,981 - INFO - P1 (Round 3) - Epoch 7/10 | Loss: 0.3913 | Acc: 0.8406 | Val Loss: 0.3928 | Val Acc: 0.8429 | Time: 12.30s
2025-03-05 01:40:48,825 - INFO - P1 (Round 3) - Epoch 8/10 | Loss: 0.3897 | Acc: 0.8409 | Val Loss: 0.3888 | Val Acc: 0.8423 | Time: 12.84s
2025-03-05 01:41:00,774 - INFO - P1 (Round 3) - Epoch 9/10 | Loss: 0.3881 | Acc: 0.8412 | Val Loss: 0.3889 | Val Acc: 0.8419 | Time: 11.95s
2025-03-05 01:41:12,821 - INFO - P1 (Round 3) - Epoch 10/10 | Loss: 0.3868 | Acc: 0.8418 | Val Loss: 0.3873 | Val Acc: 0.8428 | Time: 12.05s
2025-03-05 01:41:25,107 - INFO - P2 (Round 3) - Epoch 1/10 | Loss: 0.1588 | Acc: 0.9534 | Val Loss: 0.1104 | Val Acc: 0.9679 | Time: 12.29s
2025-03-05 01:41:37,363 - INFO - P2 (Round 3) - Epoch 2/10 | Loss: 0.1048 | Acc: 0.9677 | Val Loss: 0.0998 | Val Acc: 0.9670 | Time: 12.26s
2025-03-05 01:41:50,425 - INFO - P2 (Round 3) - Epoch 3/10 | Loss: 0.0964 | Acc: 0.9707 | Val Loss: 0.0927 | Val Acc: 0.9727 | Time: 13.06s
2025-03-05 01:42:03,015 - INFO - P2 (Round 3) - Epoch 4/10 | Loss: 0.0914 | Acc: 0.9720 | Val Loss: 0.0881 | Val Acc: 0.9738 | Time: 12.59s
2025-03-05 01:42:14,954 - INFO - P2 (Round 3) - Epoch 5/10 | Loss: 0.0878 | Acc: 0.9730 | Val Loss: 0.0866 | Val Acc: 0.9742 | Time: 11.94s
2025-03-05 01:42:27,240 - INFO - P2 (Round 3) - Epoch 6/10 | Loss: 0.0851 | Acc: 0.9736 | Val Loss: 0.0838 | Val Acc: 0.9737 | Time: 12.29s
2025-03-05 01:42:39,776 - INFO - P2 (Round 3) - Epoch 7/10 | Loss: 0.0831 | Acc: 0.9742 | Val Loss: 0.0827 | Val Acc: 0.9748 | Time: 12.54s
2025-03-05 01:42:51,858 - INFO - P2 (Round 3) - Epoch 8/10 | Loss: 0.0818 | Acc: 0.9743 | Val Loss: 0.0807 | Val Acc: 0.9745 | Time: 12.08s
2025-03-05 01:43:04,929 - INFO - P2 (Round 3) - Epoch 9/10 | Loss: 0.0804 | Acc: 0.9747 | Val Loss: 0.0807 | Val Acc: 0.9750 | Time: 13.07s
2025-03-05 01:43:17,411 - INFO - P2 (Round 3) - Epoch 10/10 | Loss: 0.0792 | Acc: 0.9751 | Val Loss: 0.0785 | Val Acc: 0.9761 | Time: 12.48s
2025-03-05 01:43:20,060 - INFO - Round 3 completed in 250.10s
2025-03-05 01:43:20,061 - INFO - Global Model - P1 Test: Loss = 2.5639, Accuracy = 0.4820
2025-03-05 01:43:20,061 - INFO - Global Model - P2 Test: Loss = 2.3454, Accuracy = 0.6942
2025-03-05 01:43:32,094 - INFO - P1 (Round 4) - Epoch 1/10 | Loss: 0.4422 | Acc: 0.8253 | Val Loss: 0.4140 | Val Acc: 0.8315 | Time: 12.03s
2025-03-05 01:43:44,060 - INFO - P1 (Round 4) - Epoch 2/10 | Loss: 0.4049 | Acc: 0.8337 | Val Loss: 0.4039 | Val Acc: 0.8352 | Time: 11.97s
2025-03-05 01:43:56,084 - INFO - P1 (Round 4) - Epoch 3/10 | Loss: 0.3977 | Acc: 0.8359 | Val Loss: 0.3954 | Val Acc: 0.8333 | Time: 12.02s
2025-03-05 01:44:08,742 - INFO - P1 (Round 4) - Epoch 4/10 | Loss: 0.3925 | Acc: 0.8379 | Val Loss: 0.3921 | Val Acc: 0.8384 | Time: 12.66s
2025-03-05 01:44:21,543 - INFO - P1 (Round 4) - Epoch 5/10 | Loss: 0.3888 | Acc: 0.8389 | Val Loss: 0.3888 | Val Acc: 0.8385 | Time: 12.80s
2025-03-05 01:44:33,947 - INFO - P1 (Round 4) - Epoch 6/10 | Loss: 0.3862 | Acc: 0.8401 | Val Loss: 0.3876 | Val Acc: 0.8366 | Time: 12.40s
2025-03-05 01:44:46,148 - INFO - P1 (Round 4) - Epoch 7/10 | Loss: 0.3842 | Acc: 0.8406 | Val Loss: 0.3892 | Val Acc: 0.8387 | Time: 12.20s
2025-03-05 01:44:58,626 - INFO - P1 (Round 4) - Epoch 8/10 | Loss: 0.3824 | Acc: 0.8412 | Val Loss: 0.3828 | Val Acc: 0.8426 | Time: 12.48s
2025-03-05 01:45:11,097 - INFO - P1 (Round 4) - Epoch 9/10 | Loss: 0.3808 | Acc: 0.8417 | Val Loss: 0.3839 | Val Acc: 0.8409 | Time: 12.47s
2025-03-05 01:45:24,029 - INFO - P1 (Round 4) - Epoch 10/10 | Loss: 0.3794 | Acc: 0.8425 | Val Loss: 0.3822 | Val Acc: 0.8410 | Time: 12.93s
2025-03-05 01:45:36,564 - INFO - P2 (Round 4) - Epoch 1/10 | Loss: 0.1433 | Acc: 0.9608 | Val Loss: 0.0999 | Val Acc: 0.9714 | Time: 12.53s
2025-03-05 01:45:49,071 - INFO - P2 (Round 4) - Epoch 2/10 | Loss: 0.0940 | Acc: 0.9718 | Val Loss: 0.0914 | Val Acc: 0.9725 | Time: 12.51s
2025-03-05 01:46:01,376 - INFO - P2 (Round 4) - Epoch 3/10 | Loss: 0.0882 | Acc: 0.9729 | Val Loss: 0.0858 | Val Acc: 0.9734 | Time: 12.31s
2025-03-05 01:46:13,586 - INFO - P2 (Round 4) - Epoch 4/10 | Loss: 0.0847 | Acc: 0.9737 | Val Loss: 0.0836 | Val Acc: 0.9736 | Time: 12.21s
2025-03-05 01:46:25,933 - INFO - P2 (Round 4) - Epoch 5/10 | Loss: 0.0823 | Acc: 0.9741 | Val Loss: 0.0851 | Val Acc: 0.9726 | Time: 12.35s
2025-03-05 01:46:38,234 - INFO - P2 (Round 4) - Epoch 6/10 | Loss: 0.0805 | Acc: 0.9745 | Val Loss: 0.0812 | Val Acc: 0.9743 | Time: 12.30s
2025-03-05 01:46:50,210 - INFO - P2 (Round 4) - Epoch 7/10 | Loss: 0.0788 | Acc: 0.9748 | Val Loss: 0.0784 | Val Acc: 0.9755 | Time: 11.98s
2025-03-05 01:47:02,111 - INFO - P2 (Round 4) - Epoch 8/10 | Loss: 0.0774 | Acc: 0.9752 | Val Loss: 0.0782 | Val Acc: 0.9753 | Time: 11.90s
2025-03-05 01:47:13,775 - INFO - P2 (Round 4) - Epoch 9/10 | Loss: 0.0764 | Acc: 0.9755 | Val Loss: 0.0767 | Val Acc: 0.9754 | Time: 11.66s
2025-03-05 01:47:25,768 - INFO - P2 (Round 4) - Epoch 10/10 | Loss: 0.0753 | Acc: 0.9759 | Val Loss: 0.0773 | Val Acc: 0.9759 | Time: 11.99s
2025-03-05 01:47:28,344 - INFO - Round 4 completed in 248.28s
2025-03-05 01:47:28,344 - INFO - Global Model - P1 Test: Loss = 1.6807, Accuracy = 0.6182
2025-03-05 01:47:28,344 - INFO - Global Model - P2 Test: Loss = 8.8620, Accuracy = 0.6135
2025-03-05 01:47:40,379 - INFO - P1 (Round 5) - Epoch 1/10 | Loss: 0.4185 | Acc: 0.8297 | Val Loss: 0.3980 | Val Acc: 0.8354 | Time: 12.03s
2025-03-05 01:47:52,199 - INFO - P1 (Round 5) - Epoch 2/10 | Loss: 0.3910 | Acc: 0.8388 | Val Loss: 0.3882 | Val Acc: 0.8411 | Time: 11.82s
2025-03-05 01:48:04,248 - INFO - P1 (Round 5) - Epoch 3/10 | Loss: 0.3856 | Acc: 0.8399 | Val Loss: 0.3832 | Val Acc: 0.8413 | Time: 12.05s
2025-03-05 01:48:16,824 - INFO - P1 (Round 5) - Epoch 4/10 | Loss: 0.3827 | Acc: 0.8407 | Val Loss: 0.3840 | Val Acc: 0.8405 | Time: 12.58s
2025-03-05 01:48:28,636 - INFO - P1 (Round 5) - Epoch 5/10 | Loss: 0.3807 | Acc: 0.8415 | Val Loss: 0.3816 | Val Acc: 0.8432 | Time: 11.81s
2025-03-05 01:48:40,610 - INFO - P1 (Round 5) - Epoch 6/10 | Loss: 0.3792 | Acc: 0.8422 | Val Loss: 0.3800 | Val Acc: 0.8424 | Time: 11.97s
2025-03-05 01:48:53,604 - INFO - P1 (Round 5) - Epoch 7/10 | Loss: 0.3769 | Acc: 0.8436 | Val Loss: 0.3763 | Val Acc: 0.8460 | Time: 12.99s
2025-03-05 01:49:06,761 - INFO - P1 (Round 5) - Epoch 8/10 | Loss: 0.3746 | Acc: 0.8454 | Val Loss: 0.3755 | Val Acc: 0.8447 | Time: 13.16s
2025-03-05 01:49:18,972 - INFO - P1 (Round 5) - Epoch 9/10 | Loss: 0.3734 | Acc: 0.8460 | Val Loss: 0.3724 | Val Acc: 0.8476 | Time: 12.21s
2025-03-05 01:49:31,856 - INFO - P1 (Round 5) - Epoch 10/10 | Loss: 0.3723 | Acc: 0.8464 | Val Loss: 0.3742 | Val Acc: 0.8476 | Time: 12.88s
2025-03-05 01:49:43,930 - INFO - P2 (Round 5) - Epoch 1/10 | Loss: 0.1899 | Acc: 0.9563 | Val Loss: 0.1047 | Val Acc: 0.9679 | Time: 12.07s
2025-03-05 01:49:56,022 - INFO - P2 (Round 5) - Epoch 2/10 | Loss: 0.0954 | Acc: 0.9709 | Val Loss: 0.0903 | Val Acc: 0.9726 | Time: 12.09s
2025-03-05 01:50:08,411 - INFO - P2 (Round 5) - Epoch 3/10 | Loss: 0.0866 | Acc: 0.9732 | Val Loss: 0.0863 | Val Acc: 0.9735 | Time: 12.39s
2025-03-05 01:50:21,871 - INFO - P2 (Round 5) - Epoch 4/10 | Loss: 0.0820 | Acc: 0.9745 | Val Loss: 0.0807 | Val Acc: 0.9754 | Time: 13.46s
2025-03-05 01:50:34,015 - INFO - P2 (Round 5) - Epoch 5/10 | Loss: 0.0789 | Acc: 0.9753 | Val Loss: 0.0796 | Val Acc: 0.9747 | Time: 12.14s
2025-03-05 01:50:46,393 - INFO - P2 (Round 5) - Epoch 6/10 | Loss: 0.0769 | Acc: 0.9756 | Val Loss: 0.0768 | Val Acc: 0.9754 | Time: 12.38s
2025-03-05 01:50:58,857 - INFO - P2 (Round 5) - Epoch 7/10 | Loss: 0.0753 | Acc: 0.9761 | Val Loss: 0.0756 | Val Acc: 0.9757 | Time: 12.46s
2025-03-05 01:51:11,209 - INFO - P2 (Round 5) - Epoch 8/10 | Loss: 0.0744 | Acc: 0.9762 | Val Loss: 0.0746 | Val Acc: 0.9760 | Time: 12.35s
2025-03-05 01:51:23,426 - INFO - P2 (Round 5) - Epoch 9/10 | Loss: 0.0733 | Acc: 0.9766 | Val Loss: 0.0732 | Val Acc: 0.9766 | Time: 12.22s
2025-03-05 01:51:36,559 - INFO - P2 (Round 5) - Epoch 10/10 | Loss: 0.0725 | Acc: 0.9769 | Val Loss: 0.0745 | Val Acc: 0.9759 | Time: 13.13s
2025-03-05 01:51:39,270 - INFO - Round 5 completed in 250.93s
2025-03-05 01:51:39,270 - INFO - Global Model - P1 Test: Loss = 2.3617, Accuracy = 0.5240
2025-03-05 01:51:39,270 - INFO - Global Model - P2 Test: Loss = 5.7691, Accuracy = 0.6137
2025-03-05 01:51:51,754 - INFO - P1 (Round 6) - Epoch 1/10 | Loss: 0.4146 | Acc: 0.8322 | Val Loss: 0.3900 | Val Acc: 0.8412 | Time: 12.48s
2025-03-05 01:52:03,794 - INFO - P1 (Round 6) - Epoch 2/10 | Loss: 0.3860 | Acc: 0.8402 | Val Loss: 0.3882 | Val Acc: 0.8423 | Time: 12.04s
2025-03-05 01:52:15,985 - INFO - P1 (Round 6) - Epoch 3/10 | Loss: 0.3821 | Acc: 0.8415 | Val Loss: 0.3807 | Val Acc: 0.8426 | Time: 12.19s
2025-03-05 01:52:26,426 - INFO - P1 (Round 6) - Epoch 4/10 | Loss: 0.3799 | Acc: 0.8418 | Val Loss: 0.3777 | Val Acc: 0.8438 | Time: 10.44s
2025-03-05 01:52:38,386 - INFO - P1 (Round 6) - Epoch 5/10 | Loss: 0.3784 | Acc: 0.8425 | Val Loss: 0.3784 | Val Acc: 0.8439 | Time: 11.96s
2025-03-05 01:52:49,197 - INFO - P1 (Round 6) - Epoch 6/10 | Loss: 0.3774 | Acc: 0.8430 | Val Loss: 0.3795 | Val Acc: 0.8422 | Time: 10.81s
2025-03-05 01:52:59,266 - INFO - P1 (Round 6) - Epoch 7/10 | Loss: 0.3762 | Acc: 0.8433 | Val Loss: 0.3750 | Val Acc: 0.8458 | Time: 10.07s
2025-03-05 01:53:09,382 - INFO - P1 (Round 6) - Epoch 8/10 | Loss: 0.3754 | Acc: 0.8437 | Val Loss: 0.3797 | Val Acc: 0.8451 | Time: 10.12s
2025-03-05 01:53:19,758 - INFO - P1 (Round 6) - Epoch 9/10 | Loss: 0.3749 | Acc: 0.8443 | Val Loss: 0.3772 | Val Acc: 0.8417 | Time: 10.38s
2025-03-05 01:53:29,960 - INFO - P1 (Round 6) - Epoch 10/10 | Loss: 0.3742 | Acc: 0.8446 | Val Loss: 0.3745 | Val Acc: 0.8427 | Time: 10.20s
2025-03-05 01:53:40,015 - INFO - P2 (Round 6) - Epoch 1/10 | Loss: 0.1678 | Acc: 0.9550 | Val Loss: 0.1010 | Val Acc: 0.9671 | Time: 10.06s
2025-03-05 01:53:52,020 - INFO - P2 (Round 6) - Epoch 2/10 | Loss: 0.0932 | Acc: 0.9711 | Val Loss: 0.0863 | Val Acc: 0.9737 | Time: 12.00s
2025-03-05 01:54:02,366 - INFO - P2 (Round 6) - Epoch 3/10 | Loss: 0.0847 | Acc: 0.9738 | Val Loss: 0.0837 | Val Acc: 0.9709 | Time: 10.35s
2025-03-05 01:54:12,622 - INFO - P2 (Round 6) - Epoch 4/10 | Loss: 0.0806 | Acc: 0.9750 | Val Loss: 0.0822 | Val Acc: 0.9743 | Time: 10.26s
2025-03-05 01:54:22,969 - INFO - P2 (Round 6) - Epoch 5/10 | Loss: 0.0786 | Acc: 0.9756 | Val Loss: 0.0773 | Val Acc: 0.9765 | Time: 10.35s
2025-03-05 01:54:33,117 - INFO - P2 (Round 6) - Epoch 6/10 | Loss: 0.0769 | Acc: 0.9760 | Val Loss: 0.0783 | Val Acc: 0.9757 | Time: 10.15s
2025-03-05 01:54:43,202 - INFO - P2 (Round 6) - Epoch 7/10 | Loss: 0.0755 | Acc: 0.9764 | Val Loss: 0.0746 | Val Acc: 0.9770 | Time: 10.09s
2025-03-05 01:54:53,401 - INFO - P2 (Round 6) - Epoch 8/10 | Loss: 0.0745 | Acc: 0.9767 | Val Loss: 0.0745 | Val Acc: 0.9768 | Time: 10.20s
2025-03-05 01:55:05,558 - INFO - P2 (Round 6) - Epoch 9/10 | Loss: 0.0737 | Acc: 0.9769 | Val Loss: 0.0744 | Val Acc: 0.9766 | Time: 12.16s
2025-03-05 01:55:16,209 - INFO - P2 (Round 6) - Epoch 10/10 | Loss: 0.0729 | Acc: 0.9771 | Val Loss: 0.0728 | Val Acc: 0.9772 | Time: 10.65s
2025-03-05 01:55:18,467 - INFO - Round 6 completed in 219.20s
2025-03-05 01:55:18,467 - INFO - Global Model - P1 Test: Loss = 2.1354, Accuracy = 0.5939
2025-03-05 01:55:18,467 - INFO - Global Model - P2 Test: Loss = 4.1958, Accuracy = 0.6631
2025-03-05 01:55:29,376 - INFO - P1 (Round 7) - Epoch 1/10 | Loss: 0.4083 | Acc: 0.8342 | Val Loss: 0.3854 | Val Acc: 0.8428 | Time: 10.91s
2025-03-05 01:55:39,469 - INFO - P1 (Round 7) - Epoch 2/10 | Loss: 0.3815 | Acc: 0.8427 | Val Loss: 0.3842 | Val Acc: 0.8442 | Time: 10.09s
2025-03-05 01:55:50,026 - INFO - P1 (Round 7) - Epoch 3/10 | Loss: 0.3778 | Acc: 0.8435 | Val Loss: 0.3770 | Val Acc: 0.8445 | Time: 10.56s
2025-03-05 01:56:00,268 - INFO - P1 (Round 7) - Epoch 4/10 | Loss: 0.3759 | Acc: 0.8441 | Val Loss: 0.3767 | Val Acc: 0.8429 | Time: 10.24s
2025-03-05 01:56:11,811 - INFO - P1 (Round 7) - Epoch 5/10 | Loss: 0.3749 | Acc: 0.8445 | Val Loss: 0.3777 | Val Acc: 0.8449 | Time: 11.54s
2025-03-05 01:56:23,244 - INFO - P1 (Round 7) - Epoch 6/10 | Loss: 0.3740 | Acc: 0.8450 | Val Loss: 0.3750 | Val Acc: 0.8451 | Time: 11.43s
2025-03-05 01:56:33,570 - INFO - P1 (Round 7) - Epoch 7/10 | Loss: 0.3735 | Acc: 0.8452 | Val Loss: 0.3767 | Val Acc: 0.8431 | Time: 10.32s
2025-03-05 01:56:43,850 - INFO - P1 (Round 7) - Epoch 8/10 | Loss: 0.3726 | Acc: 0.8457 | Val Loss: 0.3739 | Val Acc: 0.8450 | Time: 10.28s
2025-03-05 01:56:54,172 - INFO - P1 (Round 7) - Epoch 9/10 | Loss: 0.3718 | Acc: 0.8461 | Val Loss: 0.3750 | Val Acc: 0.8444 | Time: 10.32s
2025-03-05 01:57:04,230 - INFO - P1 (Round 7) - Epoch 10/10 | Loss: 0.3712 | Acc: 0.8466 | Val Loss: 0.3713 | Val Acc: 0.8466 | Time: 10.06s
2025-03-05 01:57:14,623 - INFO - P2 (Round 7) - Epoch 1/10 | Loss: 0.1454 | Acc: 0.9592 | Val Loss: 0.0924 | Val Acc: 0.9683 | Time: 10.39s
2025-03-05 01:57:26,765 - INFO - P2 (Round 7) - Epoch 2/10 | Loss: 0.0856 | Acc: 0.9736 | Val Loss: 0.0806 | Val Acc: 0.9750 | Time: 12.14s
2025-03-05 01:57:37,808 - INFO - P2 (Round 7) - Epoch 3/10 | Loss: 0.0793 | Acc: 0.9754 | Val Loss: 0.0802 | Val Acc: 0.9749 | Time: 11.04s
2025-03-05 01:57:52,731 - INFO - P2 (Round 7) - Epoch 4/10 | Loss: 0.0764 | Acc: 0.9764 | Val Loss: 0.0748 | Val Acc: 0.9771 | Time: 14.92s
2025-03-05 01:58:06,695 - INFO - P2 (Round 7) - Epoch 5/10 | Loss: 0.0748 | Acc: 0.9766 | Val Loss: 0.0726 | Val Acc: 0.9776 | Time: 13.96s
2025-03-05 01:58:19,561 - INFO - P2 (Round 7) - Epoch 6/10 | Loss: 0.0736 | Acc: 0.9770 | Val Loss: 0.0729 | Val Acc: 0.9766 | Time: 12.87s
2025-03-05 01:58:29,674 - INFO - P2 (Round 7) - Epoch 7/10 | Loss: 0.0726 | Acc: 0.9773 | Val Loss: 0.0734 | Val Acc: 0.9769 | Time: 10.11s
2025-03-05 01:58:41,843 - INFO - P2 (Round 7) - Epoch 8/10 | Loss: 0.0720 | Acc: 0.9776 | Val Loss: 0.0726 | Val Acc: 0.9776 | Time: 12.17s
2025-03-05 01:58:52,066 - INFO - P2 (Round 7) - Epoch 9/10 | Loss: 0.0715 | Acc: 0.9776 | Val Loss: 0.0722 | Val Acc: 0.9780 | Time: 10.22s
2025-03-05 01:59:03,788 - INFO - P2 (Round 7) - Epoch 10/10 | Loss: 0.0711 | Acc: 0.9779 | Val Loss: 0.0719 | Val Acc: 0.9776 | Time: 11.72s
2025-03-05 01:59:06,719 - INFO - Round 7 completed in 228.25s
2025-03-05 01:59:06,719 - INFO - Global Model - P1 Test: Loss = 2.4406, Accuracy = 0.5906
2025-03-05 01:59:06,719 - INFO - Global Model - P2 Test: Loss = 3.6299, Accuracy = 0.6874
2025-03-05 01:59:20,198 - INFO - P1 (Round 8) - Epoch 1/10 | Loss: 0.4113 | Acc: 0.8348 | Val Loss: 0.3871 | Val Acc: 0.8406 | Time: 13.48s
2025-03-05 01:59:32,465 - INFO - P1 (Round 8) - Epoch 2/10 | Loss: 0.3811 | Acc: 0.8425 | Val Loss: 0.3831 | Val Acc: 0.8418 | Time: 12.27s
2025-03-05 01:59:45,123 - INFO - P1 (Round 8) - Epoch 3/10 | Loss: 0.3758 | Acc: 0.8448 | Val Loss: 0.3768 | Val Acc: 0.8468 | Time: 12.66s
2025-03-05 01:59:58,056 - INFO - P1 (Round 8) - Epoch 4/10 | Loss: 0.3741 | Acc: 0.8457 | Val Loss: 0.3732 | Val Acc: 0.8464 | Time: 12.93s
2025-03-05 02:00:10,104 - INFO - P1 (Round 8) - Epoch 5/10 | Loss: 0.3730 | Acc: 0.8461 | Val Loss: 0.3734 | Val Acc: 0.8482 | Time: 12.05s
2025-03-05 02:00:22,117 - INFO - P1 (Round 8) - Epoch 6/10 | Loss: 0.3721 | Acc: 0.8465 | Val Loss: 0.3717 | Val Acc: 0.8461 | Time: 12.01s
2025-03-05 02:00:34,041 - INFO - P1 (Round 8) - Epoch 7/10 | Loss: 0.3716 | Acc: 0.8469 | Val Loss: 0.3710 | Val Acc: 0.8484 | Time: 11.92s
2025-03-05 02:00:46,136 - INFO - P1 (Round 8) - Epoch 8/10 | Loss: 0.3708 | Acc: 0.8466 | Val Loss: 0.3715 | Val Acc: 0.8462 | Time: 12.09s
2025-03-05 02:00:59,205 - INFO - P1 (Round 8) - Epoch 9/10 | Loss: 0.3702 | Acc: 0.8474 | Val Loss: 0.3727 | Val Acc: 0.8460 | Time: 13.07s
2025-03-05 02:01:11,734 - INFO - P1 (Round 8) - Epoch 10/10 | Loss: 0.3694 | Acc: 0.8475 | Val Loss: 0.3757 | Val Acc: 0.8442 | Time: 12.53s
2025-03-05 02:01:23,416 - INFO - P2 (Round 8) - Epoch 1/10 | Loss: 0.1347 | Acc: 0.9629 | Val Loss: 0.0865 | Val Acc: 0.9738 | Time: 11.68s
2025-03-05 02:01:35,442 - INFO - P2 (Round 8) - Epoch 2/10 | Loss: 0.0811 | Acc: 0.9751 | Val Loss: 0.0788 | Val Acc: 0.9762 | Time: 12.03s
2025-03-05 02:01:47,782 - INFO - P2 (Round 8) - Epoch 3/10 | Loss: 0.0762 | Acc: 0.9763 | Val Loss: 0.0741 | Val Acc: 0.9771 | Time: 12.34s
2025-03-05 02:01:59,921 - INFO - P2 (Round 8) - Epoch 4/10 | Loss: 0.0742 | Acc: 0.9769 | Val Loss: 0.0756 | Val Acc: 0.9761 | Time: 12.14s
2025-03-05 02:02:13,261 - INFO - P2 (Round 8) - Epoch 5/10 | Loss: 0.0730 | Acc: 0.9771 | Val Loss: 0.0724 | Val Acc: 0.9777 | Time: 13.34s
2025-03-05 02:02:25,723 - INFO - P2 (Round 8) - Epoch 6/10 | Loss: 0.0721 | Acc: 0.9773 | Val Loss: 0.0723 | Val Acc: 0.9778 | Time: 12.46s
2025-03-05 02:02:37,850 - INFO - P2 (Round 8) - Epoch 7/10 | Loss: 0.0714 | Acc: 0.9774 | Val Loss: 0.0714 | Val Acc: 0.9772 | Time: 12.13s
2025-03-05 02:02:49,859 - INFO - P2 (Round 8) - Epoch 8/10 | Loss: 0.0710 | Acc: 0.9776 | Val Loss: 0.0710 | Val Acc: 0.9780 | Time: 12.01s
2025-03-05 02:03:02,031 - INFO - P2 (Round 8) - Epoch 9/10 | Loss: 0.0705 | Acc: 0.9777 | Val Loss: 0.0702 | Val Acc: 0.9780 | Time: 12.17s
2025-03-05 02:03:14,714 - INFO - P2 (Round 8) - Epoch 10/10 | Loss: 0.0701 | Acc: 0.9780 | Val Loss: 0.0698 | Val Acc: 0.9786 | Time: 12.68s
2025-03-05 02:03:17,492 - INFO - Round 8 completed in 250.77s
2025-03-05 02:03:17,493 - INFO - Global Model - P1 Test: Loss = 2.5899, Accuracy = 0.5814
2025-03-05 02:03:17,493 - INFO - Global Model - P2 Test: Loss = 4.9439, Accuracy = 0.6549
2025-03-05 02:03:30,302 - INFO - P1 (Round 9) - Epoch 1/10 | Loss: 0.4113 | Acc: 0.8349 | Val Loss: 0.3859 | Val Acc: 0.8405 | Time: 12.81s
2025-03-05 02:03:42,465 - INFO - P1 (Round 9) - Epoch 2/10 | Loss: 0.3819 | Acc: 0.8422 | Val Loss: 0.3854 | Val Acc: 0.8351 | Time: 12.16s
2025-03-05 02:03:54,941 - INFO - P1 (Round 9) - Epoch 3/10 | Loss: 0.3770 | Acc: 0.8433 | Val Loss: 0.3781 | Val Acc: 0.8449 | Time: 12.47s
2025-03-05 02:04:07,134 - INFO - P1 (Round 9) - Epoch 4/10 | Loss: 0.3746 | Acc: 0.8442 | Val Loss: 0.3736 | Val Acc: 0.8446 | Time: 12.19s
2025-03-05 02:04:19,505 - INFO - P1 (Round 9) - Epoch 5/10 | Loss: 0.3723 | Acc: 0.8446 | Val Loss: 0.3709 | Val Acc: 0.8451 | Time: 12.37s
2025-03-05 02:04:32,403 - INFO - P1 (Round 9) - Epoch 6/10 | Loss: 0.3703 | Acc: 0.8455 | Val Loss: 0.3709 | Val Acc: 0.8449 | Time: 12.90s
2025-03-05 02:04:45,052 - INFO - P1 (Round 9) - Epoch 7/10 | Loss: 0.3688 | Acc: 0.8463 | Val Loss: 0.3696 | Val Acc: 0.8472 | Time: 12.65s
2025-03-05 02:04:57,291 - INFO - P1 (Round 9) - Epoch 8/10 | Loss: 0.3669 | Acc: 0.8471 | Val Loss: 0.3678 | Val Acc: 0.8477 | Time: 12.24s
2025-03-05 02:05:09,358 - INFO - P1 (Round 9) - Epoch 9/10 | Loss: 0.3652 | Acc: 0.8479 | Val Loss: 0.3672 | Val Acc: 0.8486 | Time: 12.07s
2025-03-05 02:05:21,858 - INFO - P1 (Round 9) - Epoch 10/10 | Loss: 0.3636 | Acc: 0.8493 | Val Loss: 0.3658 | Val Acc: 0.8534 | Time: 12.50s
2025-03-05 02:05:34,266 - INFO - P2 (Round 9) - Epoch 1/10 | Loss: 0.1407 | Acc: 0.9622 | Val Loss: 0.0853 | Val Acc: 0.9743 | Time: 12.41s
2025-03-05 02:05:47,660 - INFO - P2 (Round 9) - Epoch 2/10 | Loss: 0.0799 | Acc: 0.9752 | Val Loss: 0.0786 | Val Acc: 0.9762 | Time: 13.39s
2025-03-05 02:06:00,371 - INFO - P2 (Round 9) - Epoch 3/10 | Loss: 0.0747 | Acc: 0.9766 | Val Loss: 0.0748 | Val Acc: 0.9769 | Time: 12.71s
2025-03-05 02:06:12,395 - INFO - P2 (Round 9) - Epoch 4/10 | Loss: 0.0728 | Acc: 0.9771 | Val Loss: 0.0720 | Val Acc: 0.9780 | Time: 12.02s
2025-03-05 02:06:24,733 - INFO - P2 (Round 9) - Epoch 5/10 | Loss: 0.0718 | Acc: 0.9774 | Val Loss: 0.0717 | Val Acc: 0.9776 | Time: 12.34s
2025-03-05 02:06:37,410 - INFO - P2 (Round 9) - Epoch 6/10 | Loss: 0.0710 | Acc: 0.9776 | Val Loss: 0.0703 | Val Acc: 0.9781 | Time: 12.68s
2025-03-05 02:06:49,683 - INFO - P2 (Round 9) - Epoch 7/10 | Loss: 0.0705 | Acc: 0.9777 | Val Loss: 0.0696 | Val Acc: 0.9783 | Time: 12.27s
2025-03-05 02:07:02,688 - INFO - P2 (Round 9) - Epoch 8/10 | Loss: 0.0702 | Acc: 0.9779 | Val Loss: 0.0704 | Val Acc: 0.9780 | Time: 13.00s
2025-03-05 02:07:14,899 - INFO - P2 (Round 9) - Epoch 9/10 | Loss: 0.0696 | Acc: 0.9780 | Val Loss: 0.0697 | Val Acc: 0.9784 | Time: 12.21s
2025-03-05 02:07:26,917 - INFO - P2 (Round 9) - Epoch 10/10 | Loss: 0.0692 | Acc: 0.9780 | Val Loss: 0.0718 | Val Acc: 0.9774 | Time: 12.02s
2025-03-05 02:07:29,704 - INFO - Round 9 completed in 252.21s
2025-03-05 02:07:29,705 - INFO - Global Model - P1 Test: Loss = 2.7881, Accuracy = 0.5976
2025-03-05 02:07:29,705 - INFO - Global Model - P2 Test: Loss = 4.1899, Accuracy = 0.6571
2025-03-05 02:07:42,025 - INFO - P1 (Round 10) - Epoch 1/10 | Loss: 0.4082 | Acc: 0.8365 | Val Loss: 0.3820 | Val Acc: 0.8401 | Time: 12.32s
2025-03-05 02:07:54,414 - INFO - P1 (Round 10) - Epoch 2/10 | Loss: 0.3783 | Acc: 0.8435 | Val Loss: 0.3805 | Val Acc: 0.8418 | Time: 12.39s
2025-03-05 02:08:08,407 - INFO - P1 (Round 10) - Epoch 3/10 | Loss: 0.3743 | Acc: 0.8445 | Val Loss: 0.3725 | Val Acc: 0.8459 | Time: 13.99s
2025-03-05 02:08:21,366 - INFO - P1 (Round 10) - Epoch 4/10 | Loss: 0.3712 | Acc: 0.8459 | Val Loss: 0.3696 | Val Acc: 0.8474 | Time: 12.96s
2025-03-05 02:08:33,514 - INFO - P1 (Round 10) - Epoch 5/10 | Loss: 0.3685 | Acc: 0.8468 | Val Loss: 0.3714 | Val Acc: 0.8461 | Time: 12.15s
2025-03-05 02:08:45,635 - INFO - P1 (Round 10) - Epoch 6/10 | Loss: 0.3656 | Acc: 0.8477 | Val Loss: 0.3644 | Val Acc: 0.8490 | Time: 12.12s
2025-03-05 02:08:57,823 - INFO - P1 (Round 10) - Epoch 7/10 | Loss: 0.3636 | Acc: 0.8488 | Val Loss: 0.3677 | Val Acc: 0.8493 | Time: 12.19s
2025-03-05 02:09:09,744 - INFO - P1 (Round 10) - Epoch 8/10 | Loss: 0.3616 | Acc: 0.8506 | Val Loss: 0.3625 | Val Acc: 0.8510 | Time: 11.92s
2025-03-05 02:09:22,977 - INFO - P1 (Round 10) - Epoch 9/10 | Loss: 0.3604 | Acc: 0.8516 | Val Loss: 0.3622 | Val Acc: 0.8487 | Time: 13.23s
2025-03-05 02:09:35,194 - INFO - P1 (Round 10) - Epoch 10/10 | Loss: 0.3589 | Acc: 0.8524 | Val Loss: 0.3610 | Val Acc: 0.8541 | Time: 12.22s
2025-03-05 02:09:47,728 - INFO - P2 (Round 10) - Epoch 1/10 | Loss: 0.1277 | Acc: 0.9635 | Val Loss: 0.0841 | Val Acc: 0.9741 | Time: 12.53s
2025-03-05 02:10:00,243 - INFO - P2 (Round 10) - Epoch 2/10 | Loss: 0.0781 | Acc: 0.9755 | Val Loss: 0.0761 | Val Acc: 0.9761 | Time: 12.51s
2025-03-05 02:10:13,129 - INFO - P2 (Round 10) - Epoch 3/10 | Loss: 0.0740 | Acc: 0.9768 | Val Loss: 0.0734 | Val Acc: 0.9772 | Time: 12.89s
2025-03-05 02:10:25,570 - INFO - P2 (Round 10) - Epoch 4/10 | Loss: 0.0722 | Acc: 0.9773 | Val Loss: 0.0712 | Val Acc: 0.9775 | Time: 12.44s
2025-03-05 02:10:37,324 - INFO - P2 (Round 10) - Epoch 5/10 | Loss: 0.0711 | Acc: 0.9776 | Val Loss: 0.0705 | Val Acc: 0.9783 | Time: 11.75s
2025-03-05 02:10:47,535 - INFO - P2 (Round 10) - Epoch 6/10 | Loss: 0.0701 | Acc: 0.9779 | Val Loss: 0.0696 | Val Acc: 0.9783 | Time: 10.21s
2025-03-05 02:10:58,124 - INFO - P2 (Round 10) - Epoch 7/10 | Loss: 0.0696 | Acc: 0.9780 | Val Loss: 0.0695 | Val Acc: 0.9779 | Time: 10.59s
2025-03-05 02:11:08,177 - INFO - P2 (Round 10) - Epoch 8/10 | Loss: 0.0690 | Acc: 0.9782 | Val Loss: 0.0701 | Val Acc: 0.9776 | Time: 10.05s
2025-03-05 02:11:18,241 - INFO - P2 (Round 10) - Epoch 9/10 | Loss: 0.0687 | Acc: 0.9784 | Val Loss: 0.0675 | Val Acc: 0.9783 | Time: 10.06s
2025-03-05 02:11:28,284 - INFO - P2 (Round 10) - Epoch 10/10 | Loss: 0.0683 | Acc: 0.9784 | Val Loss: 0.0675 | Val Acc: 0.9783 | Time: 10.04s
2025-03-05 02:11:30,827 - INFO - Round 10 completed in 241.12s
2025-03-05 02:11:30,827 - INFO - Global Model - P1 Test: Loss = 2.5650, Accuracy = 0.6149
2025-03-05 02:11:30,827 - INFO - Global Model - P2 Test: Loss = 3.7898, Accuracy = 0.6385
2025-03-05 02:11:33,398 - INFO - Final Results after 10 rounds:
2025-03-05 02:11:33,398 - INFO - Global Model - P1 Test: Loss = 2.5650, Accuracy = 0.6149
2025-03-05 02:11:33,398 - INFO - Global Model - P2 Test: Loss = 3.7898, Accuracy = 0.6385
2025-03-05 02:11:33,407 - INFO - Experiment 144 results saved to results/suppression_experiments/exp_144_p1f4_p2f11.json
