2025-03-05 00:07:31,031 - INFO - Starting Suppression Experiment 122
2025-03-05 00:07:31,031 - INFO - P1 Features (6/14): ['protocol', 'bidirectional_min_ps', 'bidirectional_mean_ps', 'bidirectional_stddev_ps', 'bidirectional_max_ps', 'src2dst_stddev_ps']
2025-03-05 00:07:31,031 - INFO - P2 Features (5/14): ['protocol', 'bidirectional_min_ps', 'bidirectional_mean_ps', 'bidirectional_stddev_ps', 'bidirectional_max_ps']
2025-03-05 00:07:42,481 - INFO - P1 (Round 1) - Epoch 1/10 | Loss: 0.5257 | Acc: 0.8111 | Val Loss: 0.3439 | Val Acc: 0.8779 | Time: 11.35s
2025-03-05 00:07:53,084 - INFO - P1 (Round 1) - Epoch 2/10 | Loss: 0.2784 | Acc: 0.9039 | Val Loss: 0.2318 | Val Acc: 0.9264 | Time: 10.60s
2025-03-05 00:08:04,567 - INFO - P1 (Round 1) - Epoch 3/10 | Loss: 0.2170 | Acc: 0.9296 | Val Loss: 0.2016 | Val Acc: 0.9355 | Time: 11.48s
2025-03-05 00:08:14,769 - INFO - P1 (Round 1) - Epoch 4/10 | Loss: 0.1968 | Acc: 0.9369 | Val Loss: 0.1883 | Val Acc: 0.9401 | Time: 10.20s
2025-03-05 00:08:24,919 - INFO - P1 (Round 1) - Epoch 5/10 | Loss: 0.1855 | Acc: 0.9402 | Val Loss: 0.1803 | Val Acc: 0.9429 | Time: 10.15s
2025-03-05 00:08:35,403 - INFO - P1 (Round 1) - Epoch 6/10 | Loss: 0.1783 | Acc: 0.9425 | Val Loss: 0.1752 | Val Acc: 0.9448 | Time: 10.48s
2025-03-05 00:08:46,175 - INFO - P1 (Round 1) - Epoch 7/10 | Loss: 0.1725 | Acc: 0.9446 | Val Loss: 0.1724 | Val Acc: 0.9446 | Time: 10.77s
2025-03-05 00:08:56,681 - INFO - P1 (Round 1) - Epoch 8/10 | Loss: 0.1674 | Acc: 0.9462 | Val Loss: 0.1640 | Val Acc: 0.9479 | Time: 10.50s
2025-03-05 00:09:08,291 - INFO - P1 (Round 1) - Epoch 9/10 | Loss: 0.1628 | Acc: 0.9481 | Val Loss: 0.1611 | Val Acc: 0.9506 | Time: 11.61s
2025-03-05 00:09:18,913 - INFO - P1 (Round 1) - Epoch 10/10 | Loss: 0.1586 | Acc: 0.9496 | Val Loss: 0.1575 | Val Acc: 0.9517 | Time: 10.62s
2025-03-05 00:09:29,097 - INFO - P2 (Round 1) - Epoch 1/10 | Loss: 0.6067 | Acc: 0.7700 | Val Loss: 0.4317 | Val Acc: 0.8318 | Time: 10.18s
2025-03-05 00:09:39,405 - INFO - P2 (Round 1) - Epoch 2/10 | Loss: 0.3436 | Acc: 0.8701 | Val Loss: 0.2819 | Val Acc: 0.8958 | Time: 10.31s
2025-03-05 00:09:49,491 - INFO - P2 (Round 1) - Epoch 3/10 | Loss: 0.2578 | Acc: 0.9080 | Val Loss: 0.2409 | Val Acc: 0.9129 | Time: 10.09s
2025-03-05 00:09:59,855 - INFO - P2 (Round 1) - Epoch 4/10 | Loss: 0.2299 | Acc: 0.9176 | Val Loss: 0.2217 | Val Acc: 0.9224 | Time: 10.36s
2025-03-05 00:10:10,130 - INFO - P2 (Round 1) - Epoch 5/10 | Loss: 0.2165 | Acc: 0.9235 | Val Loss: 0.2140 | Val Acc: 0.9229 | Time: 10.28s
2025-03-05 00:10:22,207 - INFO - P2 (Round 1) - Epoch 6/10 | Loss: 0.2087 | Acc: 0.9269 | Val Loss: 0.2063 | Val Acc: 0.9283 | Time: 12.08s
2025-03-05 00:10:32,864 - INFO - P2 (Round 1) - Epoch 7/10 | Loss: 0.2032 | Acc: 0.9287 | Val Loss: 0.2013 | Val Acc: 0.9285 | Time: 10.66s
2025-03-05 00:10:43,044 - INFO - P2 (Round 1) - Epoch 8/10 | Loss: 0.1990 | Acc: 0.9301 | Val Loss: 0.1980 | Val Acc: 0.9307 | Time: 10.18s
2025-03-05 00:10:52,823 - INFO - P2 (Round 1) - Epoch 9/10 | Loss: 0.1956 | Acc: 0.9317 | Val Loss: 0.1969 | Val Acc: 0.9302 | Time: 9.78s
2025-03-05 00:11:03,312 - INFO - P2 (Round 1) - Epoch 10/10 | Loss: 0.1924 | Acc: 0.9334 | Val Loss: 0.1923 | Val Acc: 0.9347 | Time: 10.49s
2025-03-05 00:11:05,700 - INFO - Round 1 completed in 214.57s
2025-03-05 00:11:05,701 - INFO - Global Model - P1 Test: Loss = 2.2220, Accuracy = 0.4978
2025-03-05 00:11:05,701 - INFO - Global Model - P2 Test: Loss = 1.9065, Accuracy = 0.5080
2025-03-05 00:11:15,801 - INFO - P1 (Round 2) - Epoch 1/10 | Loss: 0.2319 | Acc: 0.9229 | Val Loss: 0.1910 | Val Acc: 0.9324 | Time: 10.10s
2025-03-05 00:11:26,510 - INFO - P1 (Round 2) - Epoch 2/10 | Loss: 0.1818 | Acc: 0.9388 | Val Loss: 0.1774 | Val Acc: 0.9416 | Time: 10.71s
2025-03-05 00:11:38,153 - INFO - P1 (Round 2) - Epoch 3/10 | Loss: 0.1710 | Acc: 0.9426 | Val Loss: 0.1667 | Val Acc: 0.9457 | Time: 11.64s
2025-03-05 00:11:48,246 - INFO - P1 (Round 2) - Epoch 4/10 | Loss: 0.1644 | Acc: 0.9453 | Val Loss: 0.1627 | Val Acc: 0.9448 | Time: 10.09s
2025-03-05 00:11:58,173 - INFO - P1 (Round 2) - Epoch 5/10 | Loss: 0.1595 | Acc: 0.9468 | Val Loss: 0.1587 | Val Acc: 0.9487 | Time: 9.93s
2025-03-05 00:12:08,735 - INFO - P1 (Round 2) - Epoch 6/10 | Loss: 0.1555 | Acc: 0.9489 | Val Loss: 0.1535 | Val Acc: 0.9506 | Time: 10.56s
2025-03-05 00:12:19,127 - INFO - P1 (Round 2) - Epoch 7/10 | Loss: 0.1526 | Acc: 0.9504 | Val Loss: 0.1501 | Val Acc: 0.9525 | Time: 10.39s
2025-03-05 00:12:29,353 - INFO - P1 (Round 2) - Epoch 8/10 | Loss: 0.1504 | Acc: 0.9514 | Val Loss: 0.1493 | Val Acc: 0.9518 | Time: 10.23s
2025-03-05 00:12:40,979 - INFO - P1 (Round 2) - Epoch 9/10 | Loss: 0.1487 | Acc: 0.9521 | Val Loss: 0.1461 | Val Acc: 0.9539 | Time: 11.63s
2025-03-05 00:12:51,647 - INFO - P1 (Round 2) - Epoch 10/10 | Loss: 0.1460 | Acc: 0.9531 | Val Loss: 0.1427 | Val Acc: 0.9549 | Time: 10.67s
2025-03-05 00:13:01,863 - INFO - P2 (Round 2) - Epoch 1/10 | Loss: 0.2578 | Acc: 0.9123 | Val Loss: 0.2254 | Val Acc: 0.9235 | Time: 10.22s
2025-03-05 00:13:12,130 - INFO - P2 (Round 2) - Epoch 2/10 | Loss: 0.2161 | Acc: 0.9245 | Val Loss: 0.2137 | Val Acc: 0.9213 | Time: 10.27s
2025-03-05 00:13:22,267 - INFO - P2 (Round 2) - Epoch 3/10 | Loss: 0.2055 | Acc: 0.9296 | Val Loss: 0.2031 | Val Acc: 0.9317 | Time: 10.14s
2025-03-05 00:13:32,350 - INFO - P2 (Round 2) - Epoch 4/10 | Loss: 0.1977 | Acc: 0.9331 | Val Loss: 0.1972 | Val Acc: 0.9355 | Time: 10.08s
2025-03-05 00:13:42,594 - INFO - P2 (Round 2) - Epoch 5/10 | Loss: 0.1917 | Acc: 0.9350 | Val Loss: 0.1911 | Val Acc: 0.9363 | Time: 10.24s
2025-03-05 00:13:54,734 - INFO - P2 (Round 2) - Epoch 6/10 | Loss: 0.1867 | Acc: 0.9366 | Val Loss: 0.1852 | Val Acc: 0.9371 | Time: 12.14s
2025-03-05 00:14:06,813 - INFO - P2 (Round 2) - Epoch 7/10 | Loss: 0.1826 | Acc: 0.9377 | Val Loss: 0.1829 | Val Acc: 0.9383 | Time: 12.08s
2025-03-05 00:14:17,301 - INFO - P2 (Round 2) - Epoch 8/10 | Loss: 0.1792 | Acc: 0.9385 | Val Loss: 0.1790 | Val Acc: 0.9399 | Time: 10.49s
2025-03-05 00:14:27,588 - INFO - P2 (Round 2) - Epoch 9/10 | Loss: 0.1761 | Acc: 0.9395 | Val Loss: 0.1773 | Val Acc: 0.9387 | Time: 10.29s
2025-03-05 00:14:37,582 - INFO - P2 (Round 2) - Epoch 10/10 | Loss: 0.1739 | Acc: 0.9399 | Val Loss: 0.1758 | Val Acc: 0.9404 | Time: 9.99s
2025-03-05 00:14:40,000 - INFO - Round 2 completed in 214.30s
2025-03-05 00:14:40,000 - INFO - Global Model - P1 Test: Loss = 1.1709, Accuracy = 0.7416
2025-03-05 00:14:40,000 - INFO - Global Model - P2 Test: Loss = 0.5906, Accuracy = 0.8085
2025-03-05 00:14:49,954 - INFO - P1 (Round 3) - Epoch 1/10 | Loss: 0.1638 | Acc: 0.9464 | Val Loss: 0.1518 | Val Acc: 0.9508 | Time: 9.95s
2025-03-05 00:15:01,074 - INFO - P1 (Round 3) - Epoch 2/10 | Loss: 0.1481 | Acc: 0.9519 | Val Loss: 0.1467 | Val Acc: 0.9512 | Time: 11.12s
2025-03-05 00:15:12,630 - INFO - P1 (Round 3) - Epoch 3/10 | Loss: 0.1447 | Acc: 0.9530 | Val Loss: 0.1415 | Val Acc: 0.9548 | Time: 11.56s
2025-03-05 00:15:22,765 - INFO - P1 (Round 3) - Epoch 4/10 | Loss: 0.1425 | Acc: 0.9537 | Val Loss: 0.1412 | Val Acc: 0.9547 | Time: 10.13s
2025-03-05 00:15:33,100 - INFO - P1 (Round 3) - Epoch 5/10 | Loss: 0.1408 | Acc: 0.9544 | Val Loss: 0.1419 | Val Acc: 0.9538 | Time: 10.34s
2025-03-05 00:15:43,370 - INFO - P1 (Round 3) - Epoch 6/10 | Loss: 0.1391 | Acc: 0.9555 | Val Loss: 0.1386 | Val Acc: 0.9553 | Time: 10.27s
2025-03-05 00:15:53,541 - INFO - P1 (Round 3) - Epoch 7/10 | Loss: 0.1375 | Acc: 0.9559 | Val Loss: 0.1401 | Val Acc: 0.9564 | Time: 10.17s
2025-03-05 00:16:04,214 - INFO - P1 (Round 3) - Epoch 8/10 | Loss: 0.1362 | Acc: 0.9563 | Val Loss: 0.1346 | Val Acc: 0.9574 | Time: 10.67s
2025-03-05 00:16:15,807 - INFO - P1 (Round 3) - Epoch 9/10 | Loss: 0.1351 | Acc: 0.9565 | Val Loss: 0.1327 | Val Acc: 0.9577 | Time: 11.59s
2025-03-05 00:16:26,461 - INFO - P1 (Round 3) - Epoch 10/10 | Loss: 0.1343 | Acc: 0.9567 | Val Loss: 0.1354 | Val Acc: 0.9562 | Time: 10.65s
2025-03-05 00:16:36,545 - INFO - P2 (Round 3) - Epoch 1/10 | Loss: 0.1877 | Acc: 0.9347 | Val Loss: 0.1844 | Val Acc: 0.9375 | Time: 10.08s
2025-03-05 00:16:46,566 - INFO - P2 (Round 3) - Epoch 2/10 | Loss: 0.1785 | Acc: 0.9380 | Val Loss: 0.1788 | Val Acc: 0.9387 | Time: 10.02s
2025-03-05 00:16:56,861 - INFO - P2 (Round 3) - Epoch 3/10 | Loss: 0.1746 | Acc: 0.9392 | Val Loss: 0.1761 | Val Acc: 0.9359 | Time: 10.29s
2025-03-05 00:17:07,101 - INFO - P2 (Round 3) - Epoch 4/10 | Loss: 0.1720 | Acc: 0.9400 | Val Loss: 0.1732 | Val Acc: 0.9407 | Time: 10.24s
2025-03-05 00:17:17,481 - INFO - P2 (Round 3) - Epoch 5/10 | Loss: 0.1700 | Acc: 0.9408 | Val Loss: 0.1731 | Val Acc: 0.9398 | Time: 10.38s
2025-03-05 00:17:29,537 - INFO - P2 (Round 3) - Epoch 6/10 | Loss: 0.1683 | Acc: 0.9412 | Val Loss: 0.1707 | Val Acc: 0.9398 | Time: 12.06s
2025-03-05 00:17:39,979 - INFO - P2 (Round 3) - Epoch 7/10 | Loss: 0.1672 | Acc: 0.9416 | Val Loss: 0.1703 | Val Acc: 0.9419 | Time: 10.44s
2025-03-05 00:17:50,140 - INFO - P2 (Round 3) - Epoch 8/10 | Loss: 0.1661 | Acc: 0.9420 | Val Loss: 0.1689 | Val Acc: 0.9420 | Time: 10.16s
2025-03-05 00:18:00,251 - INFO - P2 (Round 3) - Epoch 9/10 | Loss: 0.1652 | Acc: 0.9423 | Val Loss: 0.1668 | Val Acc: 0.9405 | Time: 10.11s
2025-03-05 00:18:10,492 - INFO - P2 (Round 3) - Epoch 10/10 | Loss: 0.1644 | Acc: 0.9426 | Val Loss: 0.1679 | Val Acc: 0.9415 | Time: 10.24s
2025-03-05 00:18:12,753 - INFO - Round 3 completed in 212.75s
2025-03-05 00:18:12,753 - INFO - Global Model - P1 Test: Loss = 0.4881, Accuracy = 0.8504
2025-03-05 00:18:12,753 - INFO - Global Model - P2 Test: Loss = 0.4498, Accuracy = 0.8700
2025-03-05 00:18:22,600 - INFO - P1 (Round 4) - Epoch 1/10 | Loss: 0.1437 | Acc: 0.9539 | Val Loss: 0.1426 | Val Acc: 0.9547 | Time: 9.85s
2025-03-05 00:18:32,783 - INFO - P1 (Round 4) - Epoch 2/10 | Loss: 0.1359 | Acc: 0.9569 | Val Loss: 0.1344 | Val Acc: 0.9573 | Time: 10.18s
2025-03-05 00:18:44,778 - INFO - P1 (Round 4) - Epoch 3/10 | Loss: 0.1332 | Acc: 0.9576 | Val Loss: 0.1303 | Val Acc: 0.9592 | Time: 12.00s
2025-03-05 00:18:54,953 - INFO - P1 (Round 4) - Epoch 4/10 | Loss: 0.1319 | Acc: 0.9580 | Val Loss: 0.1297 | Val Acc: 0.9593 | Time: 10.17s
2025-03-05 00:19:06,179 - INFO - P1 (Round 4) - Epoch 5/10 | Loss: 0.1304 | Acc: 0.9582 | Val Loss: 0.1356 | Val Acc: 0.9536 | Time: 11.23s
2025-03-05 00:19:17,726 - INFO - P1 (Round 4) - Epoch 6/10 | Loss: 0.1296 | Acc: 0.9582 | Val Loss: 0.1279 | Val Acc: 0.9589 | Time: 11.55s
2025-03-05 00:19:30,133 - INFO - P1 (Round 4) - Epoch 7/10 | Loss: 0.1285 | Acc: 0.9585 | Val Loss: 0.1304 | Val Acc: 0.9593 | Time: 12.41s
2025-03-05 00:19:41,973 - INFO - P1 (Round 4) - Epoch 8/10 | Loss: 0.1275 | Acc: 0.9587 | Val Loss: 0.1278 | Val Acc: 0.9591 | Time: 11.84s
2025-03-05 00:19:54,811 - INFO - P1 (Round 4) - Epoch 9/10 | Loss: 0.1267 | Acc: 0.9589 | Val Loss: 0.1276 | Val Acc: 0.9592 | Time: 12.84s
2025-03-05 00:20:06,995 - INFO - P1 (Round 4) - Epoch 10/10 | Loss: 0.1260 | Acc: 0.9591 | Val Loss: 0.1235 | Val Acc: 0.9604 | Time: 12.18s
2025-03-05 00:20:19,036 - INFO - P2 (Round 4) - Epoch 1/10 | Loss: 0.1721 | Acc: 0.9407 | Val Loss: 0.1714 | Val Acc: 0.9420 | Time: 12.04s
2025-03-05 00:20:30,991 - INFO - P2 (Round 4) - Epoch 2/10 | Loss: 0.1672 | Acc: 0.9422 | Val Loss: 0.1697 | Val Acc: 0.9426 | Time: 11.95s
2025-03-05 00:20:43,285 - INFO - P2 (Round 4) - Epoch 3/10 | Loss: 0.1657 | Acc: 0.9425 | Val Loss: 0.1678 | Val Acc: 0.9407 | Time: 12.29s
2025-03-05 00:20:55,843 - INFO - P2 (Round 4) - Epoch 4/10 | Loss: 0.1646 | Acc: 0.9428 | Val Loss: 0.1725 | Val Acc: 0.9418 | Time: 12.56s
2025-03-05 00:21:09,092 - INFO - P2 (Round 4) - Epoch 5/10 | Loss: 0.1636 | Acc: 0.9432 | Val Loss: 0.1650 | Val Acc: 0.9435 | Time: 13.25s
2025-03-05 00:21:20,869 - INFO - P2 (Round 4) - Epoch 6/10 | Loss: 0.1628 | Acc: 0.9435 | Val Loss: 0.1654 | Val Acc: 0.9432 | Time: 11.78s
2025-03-05 00:21:33,097 - INFO - P2 (Round 4) - Epoch 7/10 | Loss: 0.1619 | Acc: 0.9437 | Val Loss: 0.1670 | Val Acc: 0.9432 | Time: 12.23s
2025-03-05 00:21:45,829 - INFO - P2 (Round 4) - Epoch 8/10 | Loss: 0.1612 | Acc: 0.9442 | Val Loss: 0.1641 | Val Acc: 0.9433 | Time: 12.73s
2025-03-05 00:21:58,050 - INFO - P2 (Round 4) - Epoch 9/10 | Loss: 0.1604 | Acc: 0.9444 | Val Loss: 0.1645 | Val Acc: 0.9425 | Time: 12.22s
2025-03-05 00:22:10,217 - INFO - P2 (Round 4) - Epoch 10/10 | Loss: 0.1601 | Acc: 0.9444 | Val Loss: 0.1638 | Val Acc: 0.9436 | Time: 12.17s
2025-03-05 00:22:13,027 - INFO - Round 4 completed in 240.27s
2025-03-05 00:22:13,028 - INFO - Global Model - P1 Test: Loss = 0.3826, Accuracy = 0.8670
2025-03-05 00:22:13,028 - INFO - Global Model - P2 Test: Loss = 0.3354, Accuracy = 0.8782
2025-03-05 00:22:25,723 - INFO - P1 (Round 5) - Epoch 1/10 | Loss: 0.1350 | Acc: 0.9566 | Val Loss: 0.1299 | Val Acc: 0.9585 | Time: 12.69s
2025-03-05 00:22:37,293 - INFO - P1 (Round 5) - Epoch 2/10 | Loss: 0.1301 | Acc: 0.9582 | Val Loss: 0.1306 | Val Acc: 0.9579 | Time: 11.57s
2025-03-05 00:22:49,231 - INFO - P1 (Round 5) - Epoch 3/10 | Loss: 0.1284 | Acc: 0.9586 | Val Loss: 0.1275 | Val Acc: 0.9588 | Time: 11.94s
2025-03-05 00:23:01,099 - INFO - P1 (Round 5) - Epoch 4/10 | Loss: 0.1274 | Acc: 0.9588 | Val Loss: 0.1265 | Val Acc: 0.9591 | Time: 11.87s
2025-03-05 00:23:12,935 - INFO - P1 (Round 5) - Epoch 5/10 | Loss: 0.1265 | Acc: 0.9591 | Val Loss: 0.1252 | Val Acc: 0.9591 | Time: 11.84s
2025-03-05 00:23:25,342 - INFO - P1 (Round 5) - Epoch 6/10 | Loss: 0.1256 | Acc: 0.9593 | Val Loss: 0.1235 | Val Acc: 0.9601 | Time: 12.41s
2025-03-05 00:23:37,769 - INFO - P1 (Round 5) - Epoch 7/10 | Loss: 0.1250 | Acc: 0.9594 | Val Loss: 0.1249 | Val Acc: 0.9592 | Time: 12.43s
2025-03-05 00:23:49,639 - INFO - P1 (Round 5) - Epoch 8/10 | Loss: 0.1244 | Acc: 0.9596 | Val Loss: 0.1236 | Val Acc: 0.9599 | Time: 11.87s
2025-03-05 00:24:01,550 - INFO - P1 (Round 5) - Epoch 9/10 | Loss: 0.1239 | Acc: 0.9598 | Val Loss: 0.1221 | Val Acc: 0.9607 | Time: 11.91s
2025-03-05 00:24:13,388 - INFO - P1 (Round 5) - Epoch 10/10 | Loss: 0.1234 | Acc: 0.9598 | Val Loss: 0.1211 | Val Acc: 0.9609 | Time: 11.84s
2025-03-05 00:24:25,133 - INFO - P2 (Round 5) - Epoch 1/10 | Loss: 0.1668 | Acc: 0.9426 | Val Loss: 0.1675 | Val Acc: 0.9419 | Time: 11.74s
2025-03-05 00:24:37,987 - INFO - P2 (Round 5) - Epoch 2/10 | Loss: 0.1626 | Acc: 0.9439 | Val Loss: 0.1636 | Val Acc: 0.9436 | Time: 12.85s
2025-03-05 00:24:50,886 - INFO - P2 (Round 5) - Epoch 3/10 | Loss: 0.1615 | Acc: 0.9443 | Val Loss: 0.1665 | Val Acc: 0.9419 | Time: 12.90s
2025-03-05 00:25:03,009 - INFO - P2 (Round 5) - Epoch 4/10 | Loss: 0.1604 | Acc: 0.9443 | Val Loss: 0.1683 | Val Acc: 0.9431 | Time: 12.12s
2025-03-05 00:25:14,608 - INFO - P2 (Round 5) - Epoch 5/10 | Loss: 0.1595 | Acc: 0.9446 | Val Loss: 0.1617 | Val Acc: 0.9437 | Time: 11.60s
2025-03-05 00:25:26,552 - INFO - P2 (Round 5) - Epoch 6/10 | Loss: 0.1591 | Acc: 0.9444 | Val Loss: 0.1622 | Val Acc: 0.9422 | Time: 11.94s
2025-03-05 00:25:38,312 - INFO - P2 (Round 5) - Epoch 7/10 | Loss: 0.1585 | Acc: 0.9445 | Val Loss: 0.1609 | Val Acc: 0.9439 | Time: 11.76s
2025-03-05 00:25:51,094 - INFO - P2 (Round 5) - Epoch 8/10 | Loss: 0.1582 | Acc: 0.9448 | Val Loss: 0.1599 | Val Acc: 0.9450 | Time: 12.78s
2025-03-05 00:26:03,209 - INFO - P2 (Round 5) - Epoch 9/10 | Loss: 0.1577 | Acc: 0.9449 | Val Loss: 0.1608 | Val Acc: 0.9440 | Time: 12.11s
2025-03-05 00:26:15,235 - INFO - P2 (Round 5) - Epoch 10/10 | Loss: 0.1572 | Acc: 0.9451 | Val Loss: 0.1593 | Val Acc: 0.9443 | Time: 12.03s
2025-03-05 00:26:17,692 - INFO - Round 5 completed in 244.66s
2025-03-05 00:26:17,692 - INFO - Global Model - P1 Test: Loss = 0.3057, Accuracy = 0.8912
2025-03-05 00:26:17,692 - INFO - Global Model - P2 Test: Loss = 0.4748, Accuracy = 0.8638
2025-03-05 00:26:29,521 - INFO - P1 (Round 6) - Epoch 1/10 | Loss: 0.1309 | Acc: 0.9576 | Val Loss: 0.1298 | Val Acc: 0.9566 | Time: 11.83s
2025-03-05 00:26:41,479 - INFO - P1 (Round 6) - Epoch 2/10 | Loss: 0.1266 | Acc: 0.9590 | Val Loss: 0.1255 | Val Acc: 0.9595 | Time: 11.96s
2025-03-05 00:26:53,599 - INFO - P1 (Round 6) - Epoch 3/10 | Loss: 0.1251 | Acc: 0.9593 | Val Loss: 0.1227 | Val Acc: 0.9601 | Time: 12.12s
2025-03-05 00:27:06,780 - INFO - P1 (Round 6) - Epoch 4/10 | Loss: 0.1243 | Acc: 0.9596 | Val Loss: 0.1215 | Val Acc: 0.9603 | Time: 13.18s
2025-03-05 00:27:18,900 - INFO - P1 (Round 6) - Epoch 5/10 | Loss: 0.1238 | Acc: 0.9597 | Val Loss: 0.1225 | Val Acc: 0.9599 | Time: 12.12s
2025-03-05 00:27:31,071 - INFO - P1 (Round 6) - Epoch 6/10 | Loss: 0.1231 | Acc: 0.9599 | Val Loss: 0.1241 | Val Acc: 0.9594 | Time: 12.17s
2025-03-05 00:27:43,701 - INFO - P1 (Round 6) - Epoch 7/10 | Loss: 0.1224 | Acc: 0.9601 | Val Loss: 0.1221 | Val Acc: 0.9605 | Time: 12.63s
2025-03-05 00:27:55,645 - INFO - P1 (Round 6) - Epoch 8/10 | Loss: 0.1220 | Acc: 0.9602 | Val Loss: 0.1265 | Val Acc: 0.9562 | Time: 11.94s
2025-03-05 00:28:07,792 - INFO - P1 (Round 6) - Epoch 9/10 | Loss: 0.1213 | Acc: 0.9605 | Val Loss: 0.1194 | Val Acc: 0.9616 | Time: 12.15s
2025-03-05 00:28:20,578 - INFO - P1 (Round 6) - Epoch 10/10 | Loss: 0.1210 | Acc: 0.9605 | Val Loss: 0.1179 | Val Acc: 0.9619 | Time: 12.79s
2025-03-05 00:28:32,470 - INFO - P2 (Round 6) - Epoch 1/10 | Loss: 0.1647 | Acc: 0.9430 | Val Loss: 0.1650 | Val Acc: 0.9432 | Time: 11.89s
2025-03-05 00:28:44,333 - INFO - P2 (Round 6) - Epoch 2/10 | Loss: 0.1607 | Acc: 0.9443 | Val Loss: 0.1635 | Val Acc: 0.9432 | Time: 11.86s
2025-03-05 00:28:56,718 - INFO - P2 (Round 6) - Epoch 3/10 | Loss: 0.1594 | Acc: 0.9445 | Val Loss: 0.1628 | Val Acc: 0.9439 | Time: 12.39s
2025-03-05 00:29:08,733 - INFO - P2 (Round 6) - Epoch 4/10 | Loss: 0.1585 | Acc: 0.9449 | Val Loss: 0.1620 | Val Acc: 0.9435 | Time: 12.02s
2025-03-05 00:29:21,127 - INFO - P2 (Round 6) - Epoch 5/10 | Loss: 0.1578 | Acc: 0.9450 | Val Loss: 0.1612 | Val Acc: 0.9439 | Time: 12.39s
2025-03-05 00:29:33,833 - INFO - P2 (Round 6) - Epoch 6/10 | Loss: 0.1572 | Acc: 0.9453 | Val Loss: 0.1583 | Val Acc: 0.9458 | Time: 12.71s
2025-03-05 00:29:45,633 - INFO - P2 (Round 6) - Epoch 7/10 | Loss: 0.1569 | Acc: 0.9454 | Val Loss: 0.1582 | Val Acc: 0.9453 | Time: 11.80s
2025-03-05 00:29:57,630 - INFO - P2 (Round 6) - Epoch 8/10 | Loss: 0.1568 | Acc: 0.9454 | Val Loss: 0.1607 | Val Acc: 0.9447 | Time: 12.00s
2025-03-05 00:30:09,871 - INFO - P2 (Round 6) - Epoch 9/10 | Loss: 0.1564 | Acc: 0.9455 | Val Loss: 0.1588 | Val Acc: 0.9435 | Time: 12.24s
2025-03-05 00:30:21,692 - INFO - P2 (Round 6) - Epoch 10/10 | Loss: 0.1560 | Acc: 0.9456 | Val Loss: 0.1572 | Val Acc: 0.9450 | Time: 11.82s
2025-03-05 00:30:24,216 - INFO - Round 6 completed in 246.52s
2025-03-05 00:30:24,216 - INFO - Global Model - P1 Test: Loss = 0.3163, Accuracy = 0.8996
2025-03-05 00:30:24,216 - INFO - Global Model - P2 Test: Loss = 0.4119, Accuracy = 0.8653
2025-03-05 00:30:37,105 - INFO - P1 (Round 7) - Epoch 1/10 | Loss: 0.1284 | Acc: 0.9581 | Val Loss: 0.1228 | Val Acc: 0.9608 | Time: 12.89s
2025-03-05 00:30:49,245 - INFO - P1 (Round 7) - Epoch 2/10 | Loss: 0.1240 | Acc: 0.9598 | Val Loss: 0.1268 | Val Acc: 0.9559 | Time: 12.14s
2025-03-05 00:31:01,150 - INFO - P1 (Round 7) - Epoch 3/10 | Loss: 0.1226 | Acc: 0.9601 | Val Loss: 0.1212 | Val Acc: 0.9602 | Time: 11.90s
2025-03-05 00:31:12,964 - INFO - P1 (Round 7) - Epoch 4/10 | Loss: 0.1220 | Acc: 0.9602 | Val Loss: 0.1231 | Val Acc: 0.9605 | Time: 11.81s
2025-03-05 00:31:24,994 - INFO - P1 (Round 7) - Epoch 5/10 | Loss: 0.1212 | Acc: 0.9605 | Val Loss: 0.1227 | Val Acc: 0.9605 | Time: 12.03s
2025-03-05 00:31:37,138 - INFO - P1 (Round 7) - Epoch 6/10 | Loss: 0.1207 | Acc: 0.9607 | Val Loss: 0.1197 | Val Acc: 0.9611 | Time: 12.14s
2025-03-05 00:31:50,424 - INFO - P1 (Round 7) - Epoch 7/10 | Loss: 0.1201 | Acc: 0.9609 | Val Loss: 0.1204 | Val Acc: 0.9620 | Time: 13.29s
2025-03-05 00:32:01,363 - INFO - P1 (Round 7) - Epoch 8/10 | Loss: 0.1197 | Acc: 0.9610 | Val Loss: 0.1186 | Val Acc: 0.9617 | Time: 10.94s
2025-03-05 00:32:11,596 - INFO - P1 (Round 7) - Epoch 9/10 | Loss: 0.1194 | Acc: 0.9611 | Val Loss: 0.1199 | Val Acc: 0.9616 | Time: 10.23s
2025-03-05 00:32:21,641 - INFO - P1 (Round 7) - Epoch 10/10 | Loss: 0.1191 | Acc: 0.9612 | Val Loss: 0.1180 | Val Acc: 0.9616 | Time: 10.04s
2025-03-05 00:32:31,690 - INFO - P2 (Round 7) - Epoch 1/10 | Loss: 0.1634 | Acc: 0.9426 | Val Loss: 0.1633 | Val Acc: 0.9444 | Time: 10.05s
2025-03-05 00:32:41,534 - INFO - P2 (Round 7) - Epoch 2/10 | Loss: 0.1591 | Acc: 0.9440 | Val Loss: 0.1617 | Val Acc: 0.9432 | Time: 9.84s
2025-03-05 00:32:52,017 - INFO - P2 (Round 7) - Epoch 3/10 | Loss: 0.1570 | Acc: 0.9446 | Val Loss: 0.1575 | Val Acc: 0.9446 | Time: 10.48s
2025-03-05 00:33:03,581 - INFO - P2 (Round 7) - Epoch 4/10 | Loss: 0.1555 | Acc: 0.9452 | Val Loss: 0.1569 | Val Acc: 0.9449 | Time: 11.56s
2025-03-05 00:33:13,958 - INFO - P2 (Round 7) - Epoch 5/10 | Loss: 0.1548 | Acc: 0.9452 | Val Loss: 0.1579 | Val Acc: 0.9461 | Time: 10.38s
2025-03-05 00:33:24,144 - INFO - P2 (Round 7) - Epoch 6/10 | Loss: 0.1541 | Acc: 0.9456 | Val Loss: 0.1554 | Val Acc: 0.9456 | Time: 10.19s
2025-03-05 00:33:34,476 - INFO - P2 (Round 7) - Epoch 7/10 | Loss: 0.1535 | Acc: 0.9457 | Val Loss: 0.1560 | Val Acc: 0.9440 | Time: 10.33s
2025-03-05 00:33:44,623 - INFO - P2 (Round 7) - Epoch 8/10 | Loss: 0.1530 | Acc: 0.9458 | Val Loss: 0.1541 | Val Acc: 0.9454 | Time: 10.15s
2025-03-05 00:33:54,785 - INFO - P2 (Round 7) - Epoch 9/10 | Loss: 0.1524 | Acc: 0.9460 | Val Loss: 0.1546 | Val Acc: 0.9453 | Time: 10.16s
2025-03-05 00:34:05,878 - INFO - P2 (Round 7) - Epoch 10/10 | Loss: 0.1520 | Acc: 0.9461 | Val Loss: 0.1548 | Val Acc: 0.9456 | Time: 11.09s
2025-03-05 00:34:08,887 - INFO - Round 7 completed in 224.67s
2025-03-05 00:34:08,887 - INFO - Global Model - P1 Test: Loss = 0.4082, Accuracy = 0.8639
2025-03-05 00:34:08,888 - INFO - Global Model - P2 Test: Loss = 0.3798, Accuracy = 0.8745
2025-03-05 00:34:19,372 - INFO - P1 (Round 8) - Epoch 1/10 | Loss: 0.1268 | Acc: 0.9586 | Val Loss: 0.1219 | Val Acc: 0.9602 | Time: 10.48s
2025-03-05 00:34:29,588 - INFO - P1 (Round 8) - Epoch 2/10 | Loss: 0.1217 | Acc: 0.9602 | Val Loss: 0.1190 | Val Acc: 0.9613 | Time: 10.22s
2025-03-05 00:34:39,616 - INFO - P1 (Round 8) - Epoch 3/10 | Loss: 0.1204 | Acc: 0.9607 | Val Loss: 0.1193 | Val Acc: 0.9617 | Time: 10.03s
2025-03-05 00:34:49,470 - INFO - P1 (Round 8) - Epoch 4/10 | Loss: 0.1195 | Acc: 0.9610 | Val Loss: 0.1219 | Val Acc: 0.9609 | Time: 9.85s
2025-03-05 00:34:59,714 - INFO - P1 (Round 8) - Epoch 5/10 | Loss: 0.1188 | Acc: 0.9612 | Val Loss: 0.1182 | Val Acc: 0.9619 | Time: 10.24s
2025-03-05 00:35:10,136 - INFO - P1 (Round 8) - Epoch 6/10 | Loss: 0.1182 | Acc: 0.9614 | Val Loss: 0.1197 | Val Acc: 0.9615 | Time: 10.42s
2025-03-05 00:35:22,638 - INFO - P1 (Round 8) - Epoch 7/10 | Loss: 0.1178 | Acc: 0.9615 | Val Loss: 0.1170 | Val Acc: 0.9616 | Time: 12.50s
2025-03-05 00:35:35,085 - INFO - P1 (Round 8) - Epoch 8/10 | Loss: 0.1174 | Acc: 0.9618 | Val Loss: 0.1162 | Val Acc: 0.9614 | Time: 12.45s
2025-03-05 00:35:47,465 - INFO - P1 (Round 8) - Epoch 9/10 | Loss: 0.1169 | Acc: 0.9618 | Val Loss: 0.1150 | Val Acc: 0.9628 | Time: 12.38s
2025-03-05 00:35:59,781 - INFO - P1 (Round 8) - Epoch 10/10 | Loss: 0.1166 | Acc: 0.9619 | Val Loss: 0.1166 | Val Acc: 0.9620 | Time: 12.32s
2025-03-05 00:36:11,796 - INFO - P2 (Round 8) - Epoch 1/10 | Loss: 0.1600 | Acc: 0.9439 | Val Loss: 0.1577 | Val Acc: 0.9453 | Time: 12.01s
2025-03-05 00:36:23,581 - INFO - P2 (Round 8) - Epoch 2/10 | Loss: 0.1553 | Acc: 0.9453 | Val Loss: 0.1586 | Val Acc: 0.9418 | Time: 11.78s
2025-03-05 00:36:36,581 - INFO - P2 (Round 8) - Epoch 3/10 | Loss: 0.1535 | Acc: 0.9457 | Val Loss: 0.1548 | Val Acc: 0.9453 | Time: 13.00s
2025-03-05 00:36:48,486 - INFO - P2 (Round 8) - Epoch 4/10 | Loss: 0.1525 | Acc: 0.9461 | Val Loss: 0.1543 | Val Acc: 0.9453 | Time: 11.91s
2025-03-05 00:37:00,268 - INFO - P2 (Round 8) - Epoch 5/10 | Loss: 0.1515 | Acc: 0.9463 | Val Loss: 0.1524 | Val Acc: 0.9461 | Time: 11.78s
2025-03-05 00:37:12,110 - INFO - P2 (Round 8) - Epoch 6/10 | Loss: 0.1508 | Acc: 0.9465 | Val Loss: 0.1518 | Val Acc: 0.9461 | Time: 11.84s
2025-03-05 00:37:23,895 - INFO - P2 (Round 8) - Epoch 7/10 | Loss: 0.1504 | Acc: 0.9467 | Val Loss: 0.1515 | Val Acc: 0.9477 | Time: 11.78s
2025-03-05 00:37:35,870 - INFO - P2 (Round 8) - Epoch 8/10 | Loss: 0.1495 | Acc: 0.9471 | Val Loss: 0.1520 | Val Acc: 0.9468 | Time: 11.97s
2025-03-05 00:37:48,802 - INFO - P2 (Round 8) - Epoch 9/10 | Loss: 0.1490 | Acc: 0.9472 | Val Loss: 0.1498 | Val Acc: 0.9474 | Time: 12.93s
2025-03-05 00:38:00,891 - INFO - P2 (Round 8) - Epoch 10/10 | Loss: 0.1485 | Acc: 0.9474 | Val Loss: 0.1511 | Val Acc: 0.9468 | Time: 12.09s
2025-03-05 00:38:03,478 - INFO - Round 8 completed in 234.59s
2025-03-05 00:38:03,478 - INFO - Global Model - P1 Test: Loss = 0.4601, Accuracy = 0.8494
2025-03-05 00:38:03,478 - INFO - Global Model - P2 Test: Loss = 0.4223, Accuracy = 0.8729
2025-03-05 00:38:15,930 - INFO - P1 (Round 9) - Epoch 1/10 | Loss: 0.1261 | Acc: 0.9585 | Val Loss: 0.1195 | Val Acc: 0.9611 | Time: 12.45s
2025-03-05 00:38:28,420 - INFO - P1 (Round 9) - Epoch 2/10 | Loss: 0.1197 | Acc: 0.9608 | Val Loss: 0.1208 | Val Acc: 0.9607 | Time: 12.49s
2025-03-05 00:38:40,853 - INFO - P1 (Round 9) - Epoch 3/10 | Loss: 0.1187 | Acc: 0.9611 | Val Loss: 0.1181 | Val Acc: 0.9612 | Time: 12.43s
2025-03-05 00:38:53,575 - INFO - P1 (Round 9) - Epoch 4/10 | Loss: 0.1178 | Acc: 0.9613 | Val Loss: 0.1162 | Val Acc: 0.9626 | Time: 12.72s
2025-03-05 00:39:05,879 - INFO - P1 (Round 9) - Epoch 5/10 | Loss: 0.1173 | Acc: 0.9616 | Val Loss: 0.1163 | Val Acc: 0.9622 | Time: 12.30s
2025-03-05 00:39:17,801 - INFO - P1 (Round 9) - Epoch 6/10 | Loss: 0.1166 | Acc: 0.9618 | Val Loss: 0.1160 | Val Acc: 0.9622 | Time: 11.92s
2025-03-05 00:39:29,655 - INFO - P1 (Round 9) - Epoch 7/10 | Loss: 0.1160 | Acc: 0.9620 | Val Loss: 0.1157 | Val Acc: 0.9623 | Time: 11.85s
2025-03-05 00:39:41,715 - INFO - P1 (Round 9) - Epoch 8/10 | Loss: 0.1157 | Acc: 0.9620 | Val Loss: 0.1144 | Val Acc: 0.9636 | Time: 12.06s
2025-03-05 00:39:53,702 - INFO - P1 (Round 9) - Epoch 9/10 | Loss: 0.1155 | Acc: 0.9622 | Val Loss: 0.1140 | Val Acc: 0.9630 | Time: 11.99s
2025-03-05 00:40:06,831 - INFO - P1 (Round 9) - Epoch 10/10 | Loss: 0.1154 | Acc: 0.9622 | Val Loss: 0.1160 | Val Acc: 0.9625 | Time: 13.13s
2025-03-05 00:40:17,074 - INFO - P2 (Round 9) - Epoch 1/10 | Loss: 0.1577 | Acc: 0.9445 | Val Loss: 0.1596 | Val Acc: 0.9435 | Time: 10.24s
2025-03-05 00:40:27,207 - INFO - P2 (Round 9) - Epoch 2/10 | Loss: 0.1528 | Acc: 0.9460 | Val Loss: 0.1527 | Val Acc: 0.9454 | Time: 10.13s
2025-03-05 00:40:37,385 - INFO - P2 (Round 9) - Epoch 3/10 | Loss: 0.1508 | Acc: 0.9467 | Val Loss: 0.1514 | Val Acc: 0.9458 | Time: 10.18s
2025-03-05 00:40:47,827 - INFO - P2 (Round 9) - Epoch 4/10 | Loss: 0.1497 | Acc: 0.9470 | Val Loss: 0.1571 | Val Acc: 0.9426 | Time: 10.44s
2025-03-05 00:40:57,654 - INFO - P2 (Round 9) - Epoch 5/10 | Loss: 0.1490 | Acc: 0.9472 | Val Loss: 0.1485 | Val Acc: 0.9475 | Time: 9.83s
2025-03-05 00:41:07,528 - INFO - P2 (Round 9) - Epoch 6/10 | Loss: 0.1481 | Acc: 0.9475 | Val Loss: 0.1500 | Val Acc: 0.9472 | Time: 9.87s
2025-03-05 00:41:20,102 - INFO - P2 (Round 9) - Epoch 7/10 | Loss: 0.1478 | Acc: 0.9477 | Val Loss: 0.1505 | Val Acc: 0.9478 | Time: 12.57s
2025-03-05 00:41:30,282 - INFO - P2 (Round 9) - Epoch 8/10 | Loss: 0.1473 | Acc: 0.9478 | Val Loss: 0.1479 | Val Acc: 0.9474 | Time: 10.18s
2025-03-05 00:41:40,377 - INFO - P2 (Round 9) - Epoch 9/10 | Loss: 0.1470 | Acc: 0.9479 | Val Loss: 0.1477 | Val Acc: 0.9484 | Time: 10.09s
2025-03-05 00:41:50,458 - INFO - P2 (Round 9) - Epoch 10/10 | Loss: 0.1466 | Acc: 0.9480 | Val Loss: 0.1501 | Val Acc: 0.9478 | Time: 10.08s
2025-03-05 00:41:52,798 - INFO - Round 9 completed in 229.32s
2025-03-05 00:41:52,798 - INFO - Global Model - P1 Test: Loss = 0.5095, Accuracy = 0.8346
2025-03-05 00:41:52,798 - INFO - Global Model - P2 Test: Loss = 0.4727, Accuracy = 0.8796
2025-03-05 00:42:02,815 - INFO - P1 (Round 10) - Epoch 1/10 | Loss: 0.1249 | Acc: 0.9589 | Val Loss: 0.1176 | Val Acc: 0.9612 | Time: 10.02s
2025-03-05 00:42:13,078 - INFO - P1 (Round 10) - Epoch 2/10 | Loss: 0.1182 | Acc: 0.9611 | Val Loss: 0.1157 | Val Acc: 0.9622 | Time: 10.26s
2025-03-05 00:42:24,073 - INFO - P1 (Round 10) - Epoch 3/10 | Loss: 0.1168 | Acc: 0.9616 | Val Loss: 0.1151 | Val Acc: 0.9619 | Time: 10.99s
2025-03-05 00:42:35,015 - INFO - P1 (Round 10) - Epoch 4/10 | Loss: 0.1161 | Acc: 0.9618 | Val Loss: 0.1161 | Val Acc: 0.9619 | Time: 10.94s
2025-03-05 00:42:45,084 - INFO - P1 (Round 10) - Epoch 5/10 | Loss: 0.1156 | Acc: 0.9620 | Val Loss: 0.1160 | Val Acc: 0.9625 | Time: 10.07s
2025-03-05 00:42:55,228 - INFO - P1 (Round 10) - Epoch 6/10 | Loss: 0.1151 | Acc: 0.9620 | Val Loss: 0.1174 | Val Acc: 0.9621 | Time: 10.14s
2025-03-05 00:43:05,566 - INFO - P1 (Round 10) - Epoch 7/10 | Loss: 0.1146 | Acc: 0.9623 | Val Loss: 0.1121 | Val Acc: 0.9634 | Time: 10.34s
2025-03-05 00:43:15,609 - INFO - P1 (Round 10) - Epoch 8/10 | Loss: 0.1145 | Acc: 0.9622 | Val Loss: 0.1124 | Val Acc: 0.9631 | Time: 10.04s
2025-03-05 00:43:25,655 - INFO - P1 (Round 10) - Epoch 9/10 | Loss: 0.1142 | Acc: 0.9624 | Val Loss: 0.1163 | Val Acc: 0.9614 | Time: 10.05s
2025-03-05 00:43:36,837 - INFO - P1 (Round 10) - Epoch 10/10 | Loss: 0.1140 | Acc: 0.9624 | Val Loss: 0.1139 | Val Acc: 0.9620 | Time: 11.18s
2025-03-05 00:43:47,404 - INFO - P2 (Round 10) - Epoch 1/10 | Loss: 0.1557 | Acc: 0.9452 | Val Loss: 0.1569 | Val Acc: 0.9457 | Time: 10.57s
2025-03-05 00:43:57,558 - INFO - P2 (Round 10) - Epoch 2/10 | Loss: 0.1507 | Acc: 0.9466 | Val Loss: 0.1495 | Val Acc: 0.9469 | Time: 10.15s
2025-03-05 00:44:07,525 - INFO - P2 (Round 10) - Epoch 3/10 | Loss: 0.1490 | Acc: 0.9470 | Val Loss: 0.1501 | Val Acc: 0.9460 | Time: 9.97s
2025-03-05 00:44:17,755 - INFO - P2 (Round 10) - Epoch 4/10 | Loss: 0.1478 | Acc: 0.9475 | Val Loss: 0.1478 | Val Acc: 0.9482 | Time: 10.23s
2025-03-05 00:44:32,383 - INFO - P2 (Round 10) - Epoch 5/10 | Loss: 0.1474 | Acc: 0.9477 | Val Loss: 0.1490 | Val Acc: 0.9481 | Time: 14.63s
2025-03-05 00:44:42,467 - INFO - P2 (Round 10) - Epoch 6/10 | Loss: 0.1471 | Acc: 0.9479 | Val Loss: 0.1484 | Val Acc: 0.9486 | Time: 10.08s
2025-03-05 00:44:54,662 - INFO - P2 (Round 10) - Epoch 7/10 | Loss: 0.1466 | Acc: 0.9480 | Val Loss: 0.1480 | Val Acc: 0.9487 | Time: 12.20s
2025-03-05 00:45:04,779 - INFO - P2 (Round 10) - Epoch 8/10 | Loss: 0.1461 | Acc: 0.9482 | Val Loss: 0.1468 | Val Acc: 0.9482 | Time: 10.12s
2025-03-05 00:45:14,946 - INFO - P2 (Round 10) - Epoch 9/10 | Loss: 0.1459 | Acc: 0.9480 | Val Loss: 0.1467 | Val Acc: 0.9479 | Time: 10.17s
2025-03-05 00:45:25,557 - INFO - P2 (Round 10) - Epoch 10/10 | Loss: 0.1456 | Acc: 0.9481 | Val Loss: 0.1477 | Val Acc: 0.9484 | Time: 10.61s
2025-03-05 00:45:28,175 - INFO - Round 10 completed in 215.38s
2025-03-05 00:45:28,175 - INFO - Global Model - P1 Test: Loss = 0.5821, Accuracy = 0.8259
2025-03-05 00:45:28,175 - INFO - Global Model - P2 Test: Loss = 0.4711, Accuracy = 0.8856
2025-03-05 00:45:30,752 - INFO - Final Results after 10 rounds:
2025-03-05 00:45:30,752 - INFO - Global Model - P1 Test: Loss = 0.5821, Accuracy = 0.8259
2025-03-05 00:45:30,752 - INFO - Global Model - P2 Test: Loss = 0.4711, Accuracy = 0.8856
2025-03-05 00:45:30,759 - INFO - Experiment 122 results saved to results/suppression_experiments/exp_122_p1f6_p2f5.json
