2025-03-04 20:50:49,837 - INFO - Starting Suppression Experiment 72
2025-03-04 20:50:49,837 - INFO - P1 Features (9/14): ['protocol', 'bidirectional_min_ps', 'bidirectional_mean_ps', 'bidirectional_stddev_ps', 'bidirectional_max_ps', 'src2dst_stddev_ps', 'src2dst_max_ps', 'dst2src_min_ps', 'dst2src_mean_ps']
2025-03-04 20:50:49,837 - INFO - P2 Features (13/14): ['protocol', 'bidirectional_min_ps', 'bidirectional_mean_ps', 'bidirectional_stddev_ps', 'bidirectional_max_ps', 'src2dst_stddev_ps', 'src2dst_max_ps', 'dst2src_min_ps', 'dst2src_mean_ps', 'dst2src_stddev_ps', 'dst2src_max_ps', 'bidirectional_stddev_piat_ms', 'bidirectional_max_piat_ms']
2025-03-04 20:51:02,025 - INFO - P1 (Round 1) - Epoch 1/10 | Loss: 0.4144 | Acc: 0.8554 | Val Loss: 0.2578 | Val Acc: 0.9102 | Time: 12.04s
2025-03-04 20:51:14,913 - INFO - P1 (Round 1) - Epoch 2/10 | Loss: 0.2267 | Acc: 0.9237 | Val Loss: 0.1825 | Val Acc: 0.9444 | Time: 12.89s
2025-03-04 20:51:27,492 - INFO - P1 (Round 1) - Epoch 3/10 | Loss: 0.1594 | Acc: 0.9509 | Val Loss: 0.1429 | Val Acc: 0.9554 | Time: 12.58s
2025-03-04 20:51:39,347 - INFO - P1 (Round 1) - Epoch 4/10 | Loss: 0.1377 | Acc: 0.9577 | Val Loss: 0.1302 | Val Acc: 0.9603 | Time: 11.85s
2025-03-04 20:51:51,453 - INFO - P1 (Round 1) - Epoch 5/10 | Loss: 0.1271 | Acc: 0.9608 | Val Loss: 0.1202 | Val Acc: 0.9624 | Time: 12.11s
2025-03-04 20:52:03,605 - INFO - P1 (Round 1) - Epoch 6/10 | Loss: 0.1193 | Acc: 0.9632 | Val Loss: 0.1141 | Val Acc: 0.9640 | Time: 12.15s
2025-03-04 20:52:15,579 - INFO - P1 (Round 1) - Epoch 7/10 | Loss: 0.1129 | Acc: 0.9652 | Val Loss: 0.1074 | Val Acc: 0.9662 | Time: 11.97s
2025-03-04 20:52:28,536 - INFO - P1 (Round 1) - Epoch 8/10 | Loss: 0.1072 | Acc: 0.9673 | Val Loss: 0.1024 | Val Acc: 0.9689 | Time: 12.96s
2025-03-04 20:52:40,861 - INFO - P1 (Round 1) - Epoch 9/10 | Loss: 0.1032 | Acc: 0.9687 | Val Loss: 0.0994 | Val Acc: 0.9694 | Time: 12.32s
2025-03-04 20:52:52,996 - INFO - P1 (Round 1) - Epoch 10/10 | Loss: 0.1005 | Acc: 0.9696 | Val Loss: 0.0986 | Val Acc: 0.9699 | Time: 12.13s
2025-03-04 20:53:05,018 - INFO - P2 (Round 1) - Epoch 1/10 | Loss: 0.3620 | Acc: 0.8696 | Val Loss: 0.2209 | Val Acc: 0.9191 | Time: 12.02s
2025-03-04 20:53:17,026 - INFO - P2 (Round 1) - Epoch 2/10 | Loss: 0.2007 | Acc: 0.9254 | Val Loss: 0.1861 | Val Acc: 0.9306 | Time: 12.01s
2025-03-04 20:53:29,204 - INFO - P2 (Round 1) - Epoch 3/10 | Loss: 0.1782 | Acc: 0.9344 | Val Loss: 0.1717 | Val Acc: 0.9400 | Time: 12.18s
2025-03-04 20:53:42,687 - INFO - P2 (Round 1) - Epoch 4/10 | Loss: 0.1659 | Acc: 0.9401 | Val Loss: 0.1620 | Val Acc: 0.9420 | Time: 13.48s
2025-03-04 20:53:55,359 - INFO - P2 (Round 1) - Epoch 5/10 | Loss: 0.1580 | Acc: 0.9445 | Val Loss: 0.1547 | Val Acc: 0.9468 | Time: 12.67s
2025-03-04 20:54:07,451 - INFO - P2 (Round 1) - Epoch 6/10 | Loss: 0.1524 | Acc: 0.9472 | Val Loss: 0.1502 | Val Acc: 0.9475 | Time: 12.09s
2025-03-04 20:54:19,359 - INFO - P2 (Round 1) - Epoch 7/10 | Loss: 0.1477 | Acc: 0.9493 | Val Loss: 0.1441 | Val Acc: 0.9516 | Time: 11.91s
2025-03-04 20:54:31,623 - INFO - P2 (Round 1) - Epoch 8/10 | Loss: 0.1396 | Acc: 0.9529 | Val Loss: 0.1368 | Val Acc: 0.9548 | Time: 12.26s
2025-03-04 20:54:43,774 - INFO - P2 (Round 1) - Epoch 9/10 | Loss: 0.1302 | Acc: 0.9574 | Val Loss: 0.1259 | Val Acc: 0.9611 | Time: 12.15s
2025-03-04 20:54:56,976 - INFO - P2 (Round 1) - Epoch 10/10 | Loss: 0.1199 | Acc: 0.9629 | Val Loss: 0.1178 | Val Acc: 0.9635 | Time: 13.20s
2025-03-04 20:54:59,477 - INFO - Round 1 completed in 249.50s
2025-03-04 20:54:59,477 - INFO - Global Model - P1 Test: Loss = 5.8833, Accuracy = 0.3387
2025-03-04 20:54:59,477 - INFO - Global Model - P2 Test: Loss = 5.5271, Accuracy = 0.3793
2025-03-04 20:55:11,327 - INFO - P1 (Round 2) - Epoch 1/10 | Loss: 0.3181 | Acc: 0.8936 | Val Loss: 0.2076 | Val Acc: 0.9305 | Time: 11.85s
2025-03-04 20:55:23,359 - INFO - P1 (Round 2) - Epoch 2/10 | Loss: 0.1697 | Acc: 0.9453 | Val Loss: 0.1427 | Val Acc: 0.9552 | Time: 12.03s
2025-03-04 20:55:35,130 - INFO - P1 (Round 2) - Epoch 3/10 | Loss: 0.1347 | Acc: 0.9590 | Val Loss: 0.1246 | Val Acc: 0.9625 | Time: 11.77s
2025-03-04 20:55:47,460 - INFO - P1 (Round 2) - Epoch 4/10 | Loss: 0.1211 | Acc: 0.9642 | Val Loss: 0.1144 | Val Acc: 0.9661 | Time: 12.33s
2025-03-04 20:56:00,088 - INFO - P1 (Round 2) - Epoch 5/10 | Loss: 0.1136 | Acc: 0.9667 | Val Loss: 0.1083 | Val Acc: 0.9677 | Time: 12.63s
2025-03-04 20:56:12,941 - INFO - P1 (Round 2) - Epoch 6/10 | Loss: 0.1083 | Acc: 0.9682 | Val Loss: 0.1052 | Val Acc: 0.9682 | Time: 12.85s
2025-03-04 20:56:25,493 - INFO - P1 (Round 2) - Epoch 7/10 | Loss: 0.1040 | Acc: 0.9691 | Val Loss: 0.1021 | Val Acc: 0.9689 | Time: 12.55s
2025-03-04 20:56:37,740 - INFO - P1 (Round 2) - Epoch 8/10 | Loss: 0.1007 | Acc: 0.9700 | Val Loss: 0.0968 | Val Acc: 0.9705 | Time: 12.25s
2025-03-04 20:56:49,781 - INFO - P1 (Round 2) - Epoch 9/10 | Loss: 0.0980 | Acc: 0.9708 | Val Loss: 0.0945 | Val Acc: 0.9716 | Time: 12.04s
2025-03-04 20:57:00,005 - INFO - P1 (Round 2) - Epoch 10/10 | Loss: 0.0959 | Acc: 0.9713 | Val Loss: 0.0934 | Val Acc: 0.9721 | Time: 10.22s
2025-03-04 20:57:10,850 - INFO - P2 (Round 2) - Epoch 1/10 | Loss: 0.2465 | Acc: 0.9236 | Val Loss: 0.1583 | Val Acc: 0.9499 | Time: 10.84s
2025-03-04 20:57:22,010 - INFO - P2 (Round 2) - Epoch 2/10 | Loss: 0.1396 | Acc: 0.9548 | Val Loss: 0.1273 | Val Acc: 0.9591 | Time: 11.16s
2025-03-04 20:57:32,017 - INFO - P2 (Round 2) - Epoch 3/10 | Loss: 0.1163 | Acc: 0.9625 | Val Loss: 0.1096 | Val Acc: 0.9644 | Time: 10.01s
2025-03-04 20:57:42,157 - INFO - P2 (Round 2) - Epoch 4/10 | Loss: 0.1053 | Acc: 0.9665 | Val Loss: 0.1024 | Val Acc: 0.9678 | Time: 10.14s
2025-03-04 20:57:52,363 - INFO - P2 (Round 2) - Epoch 5/10 | Loss: 0.0996 | Acc: 0.9682 | Val Loss: 0.0986 | Val Acc: 0.9684 | Time: 10.21s
2025-03-04 20:58:02,605 - INFO - P2 (Round 2) - Epoch 6/10 | Loss: 0.0951 | Acc: 0.9704 | Val Loss: 0.0944 | Val Acc: 0.9707 | Time: 10.24s
2025-03-04 20:58:12,814 - INFO - P2 (Round 2) - Epoch 7/10 | Loss: 0.0917 | Acc: 0.9716 | Val Loss: 0.0910 | Val Acc: 0.9712 | Time: 10.21s
2025-03-04 20:58:24,354 - INFO - P2 (Round 2) - Epoch 8/10 | Loss: 0.0893 | Acc: 0.9723 | Val Loss: 0.0899 | Val Acc: 0.9720 | Time: 11.54s
2025-03-04 20:58:35,050 - INFO - P2 (Round 2) - Epoch 9/10 | Loss: 0.0875 | Acc: 0.9727 | Val Loss: 0.0903 | Val Acc: 0.9720 | Time: 10.70s
2025-03-04 20:58:44,902 - INFO - P2 (Round 2) - Epoch 10/10 | Loss: 0.0861 | Acc: 0.9732 | Val Loss: 0.0872 | Val Acc: 0.9731 | Time: 9.85s
2025-03-04 20:58:47,205 - INFO - Round 2 completed in 227.73s
2025-03-04 20:58:47,205 - INFO - Global Model - P1 Test: Loss = 0.4435, Accuracy = 0.8670
2025-03-04 20:58:47,205 - INFO - Global Model - P2 Test: Loss = 1.9490, Accuracy = 0.8274
2025-03-04 20:58:58,177 - INFO - P1 (Round 3) - Epoch 1/10 | Loss: 0.1322 | Acc: 0.9563 | Val Loss: 0.1191 | Val Acc: 0.9597 | Time: 10.97s
2025-03-04 20:59:10,475 - INFO - P1 (Round 3) - Epoch 2/10 | Loss: 0.1177 | Acc: 0.9604 | Val Loss: 0.1146 | Val Acc: 0.9611 | Time: 12.30s
2025-03-04 20:59:22,608 - INFO - P1 (Round 3) - Epoch 3/10 | Loss: 0.1130 | Acc: 0.9619 | Val Loss: 0.1095 | Val Acc: 0.9623 | Time: 12.13s
2025-03-04 20:59:35,245 - INFO - P1 (Round 3) - Epoch 4/10 | Loss: 0.1096 | Acc: 0.9633 | Val Loss: 0.1045 | Val Acc: 0.9653 | Time: 12.64s
2025-03-04 20:59:47,803 - INFO - P1 (Round 3) - Epoch 5/10 | Loss: 0.1051 | Acc: 0.9664 | Val Loss: 0.1055 | Val Acc: 0.9669 | Time: 12.56s
2025-03-04 21:00:00,192 - INFO - P1 (Round 3) - Epoch 6/10 | Loss: 0.1021 | Acc: 0.9678 | Val Loss: 0.0988 | Val Acc: 0.9690 | Time: 12.39s
2025-03-04 21:00:12,411 - INFO - P1 (Round 3) - Epoch 7/10 | Loss: 0.0994 | Acc: 0.9689 | Val Loss: 0.0973 | Val Acc: 0.9694 | Time: 12.22s
2025-03-04 21:00:24,963 - INFO - P1 (Round 3) - Epoch 8/10 | Loss: 0.0965 | Acc: 0.9700 | Val Loss: 0.0949 | Val Acc: 0.9711 | Time: 12.55s
2025-03-04 21:00:37,457 - INFO - P1 (Round 3) - Epoch 9/10 | Loss: 0.0937 | Acc: 0.9709 | Val Loss: 0.0903 | Val Acc: 0.9719 | Time: 12.49s
2025-03-04 21:00:49,406 - INFO - P1 (Round 3) - Epoch 10/10 | Loss: 0.0914 | Acc: 0.9716 | Val Loss: 0.0901 | Val Acc: 0.9710 | Time: 11.95s
2025-03-04 21:01:01,223 - INFO - P2 (Round 3) - Epoch 1/10 | Loss: 0.1185 | Acc: 0.9624 | Val Loss: 0.0959 | Val Acc: 0.9703 | Time: 11.82s
2025-03-04 21:01:12,946 - INFO - P2 (Round 3) - Epoch 2/10 | Loss: 0.0915 | Acc: 0.9713 | Val Loss: 0.0888 | Val Acc: 0.9718 | Time: 11.72s
2025-03-04 21:01:25,135 - INFO - P2 (Round 3) - Epoch 3/10 | Loss: 0.0872 | Acc: 0.9728 | Val Loss: 0.0852 | Val Acc: 0.9736 | Time: 12.19s
2025-03-04 21:01:36,909 - INFO - P2 (Round 3) - Epoch 4/10 | Loss: 0.0846 | Acc: 0.9735 | Val Loss: 0.0839 | Val Acc: 0.9733 | Time: 11.77s
2025-03-04 21:01:49,239 - INFO - P2 (Round 3) - Epoch 5/10 | Loss: 0.0825 | Acc: 0.9742 | Val Loss: 0.0829 | Val Acc: 0.9742 | Time: 12.33s
2025-03-04 21:02:01,182 - INFO - P2 (Round 3) - Epoch 6/10 | Loss: 0.0809 | Acc: 0.9746 | Val Loss: 0.0822 | Val Acc: 0.9744 | Time: 11.94s
2025-03-04 21:02:13,410 - INFO - P2 (Round 3) - Epoch 7/10 | Loss: 0.0796 | Acc: 0.9750 | Val Loss: 0.0806 | Val Acc: 0.9740 | Time: 12.23s
2025-03-04 21:02:25,434 - INFO - P2 (Round 3) - Epoch 8/10 | Loss: 0.0785 | Acc: 0.9754 | Val Loss: 0.0790 | Val Acc: 0.9743 | Time: 12.02s
2025-03-04 21:02:37,496 - INFO - P2 (Round 3) - Epoch 9/10 | Loss: 0.0774 | Acc: 0.9758 | Val Loss: 0.0823 | Val Acc: 0.9729 | Time: 12.06s
2025-03-04 21:02:49,362 - INFO - P2 (Round 3) - Epoch 10/10 | Loss: 0.0762 | Acc: 0.9762 | Val Loss: 0.0808 | Val Acc: 0.9733 | Time: 11.87s
2025-03-04 21:02:51,980 - INFO - Round 3 completed in 244.77s
2025-03-04 21:02:51,980 - INFO - Global Model - P1 Test: Loss = 0.3994, Accuracy = 0.8926
2025-03-04 21:02:51,980 - INFO - Global Model - P2 Test: Loss = 0.5194, Accuracy = 0.8731
2025-03-04 21:03:04,779 - INFO - P1 (Round 4) - Epoch 1/10 | Loss: 0.0998 | Acc: 0.9690 | Val Loss: 0.0919 | Val Acc: 0.9717 | Time: 12.80s
2025-03-04 21:03:17,645 - INFO - P1 (Round 4) - Epoch 2/10 | Loss: 0.0917 | Acc: 0.9712 | Val Loss: 0.0891 | Val Acc: 0.9723 | Time: 12.87s
2025-03-04 21:03:29,576 - INFO - P1 (Round 4) - Epoch 3/10 | Loss: 0.0888 | Acc: 0.9721 | Val Loss: 0.0876 | Val Acc: 0.9722 | Time: 11.93s
2025-03-04 21:03:41,452 - INFO - P1 (Round 4) - Epoch 4/10 | Loss: 0.0868 | Acc: 0.9729 | Val Loss: 0.0843 | Val Acc: 0.9738 | Time: 11.88s
2025-03-04 21:03:53,661 - INFO - P1 (Round 4) - Epoch 5/10 | Loss: 0.0852 | Acc: 0.9734 | Val Loss: 0.0854 | Val Acc: 0.9740 | Time: 12.21s
2025-03-04 21:04:05,720 - INFO - P1 (Round 4) - Epoch 6/10 | Loss: 0.0839 | Acc: 0.9737 | Val Loss: 0.0822 | Val Acc: 0.9749 | Time: 12.06s
2025-03-04 21:04:18,634 - INFO - P1 (Round 4) - Epoch 7/10 | Loss: 0.0831 | Acc: 0.9741 | Val Loss: 0.0838 | Val Acc: 0.9744 | Time: 12.91s
2025-03-04 21:04:30,754 - INFO - P1 (Round 4) - Epoch 8/10 | Loss: 0.0824 | Acc: 0.9742 | Val Loss: 0.0811 | Val Acc: 0.9749 | Time: 12.12s
2025-03-04 21:04:42,792 - INFO - P1 (Round 4) - Epoch 9/10 | Loss: 0.0818 | Acc: 0.9745 | Val Loss: 0.0813 | Val Acc: 0.9751 | Time: 12.04s
2025-03-04 21:04:54,930 - INFO - P1 (Round 4) - Epoch 10/10 | Loss: 0.0813 | Acc: 0.9746 | Val Loss: 0.0805 | Val Acc: 0.9755 | Time: 12.14s
2025-03-04 21:05:06,748 - INFO - P2 (Round 4) - Epoch 1/10 | Loss: 0.0831 | Acc: 0.9744 | Val Loss: 0.0790 | Val Acc: 0.9762 | Time: 11.82s
2025-03-04 21:05:18,515 - INFO - P2 (Round 4) - Epoch 2/10 | Loss: 0.0756 | Acc: 0.9767 | Val Loss: 0.0764 | Val Acc: 0.9761 | Time: 11.77s
2025-03-04 21:05:31,675 - INFO - P2 (Round 4) - Epoch 3/10 | Loss: 0.0726 | Acc: 0.9773 | Val Loss: 0.0737 | Val Acc: 0.9768 | Time: 13.16s
2025-03-04 21:05:42,089 - INFO - P2 (Round 4) - Epoch 4/10 | Loss: 0.0707 | Acc: 0.9779 | Val Loss: 0.0709 | Val Acc: 0.9777 | Time: 10.41s
2025-03-04 21:05:52,132 - INFO - P2 (Round 4) - Epoch 5/10 | Loss: 0.0694 | Acc: 0.9782 | Val Loss: 0.0695 | Val Acc: 0.9781 | Time: 10.04s
2025-03-04 21:06:02,421 - INFO - P2 (Round 4) - Epoch 6/10 | Loss: 0.0682 | Acc: 0.9786 | Val Loss: 0.0698 | Val Acc: 0.9778 | Time: 10.29s
2025-03-04 21:06:12,500 - INFO - P2 (Round 4) - Epoch 7/10 | Loss: 0.0674 | Acc: 0.9789 | Val Loss: 0.0693 | Val Acc: 0.9784 | Time: 10.08s
2025-03-04 21:06:23,609 - INFO - P2 (Round 4) - Epoch 8/10 | Loss: 0.0668 | Acc: 0.9792 | Val Loss: 0.0666 | Val Acc: 0.9794 | Time: 11.11s
2025-03-04 21:06:33,885 - INFO - P2 (Round 4) - Epoch 9/10 | Loss: 0.0661 | Acc: 0.9793 | Val Loss: 0.0669 | Val Acc: 0.9786 | Time: 10.28s
2025-03-04 21:06:46,867 - INFO - P2 (Round 4) - Epoch 10/10 | Loss: 0.0656 | Acc: 0.9795 | Val Loss: 0.0701 | Val Acc: 0.9790 | Time: 12.98s
2025-03-04 21:06:50,592 - INFO - Round 4 completed in 238.61s
2025-03-04 21:06:50,592 - INFO - Global Model - P1 Test: Loss = 0.3092, Accuracy = 0.9072
2025-03-04 21:06:50,593 - INFO - Global Model - P2 Test: Loss = 0.4354, Accuracy = 0.8778
2025-03-04 21:07:01,325 - INFO - P1 (Round 5) - Epoch 1/10 | Loss: 0.0876 | Acc: 0.9726 | Val Loss: 0.0841 | Val Acc: 0.9725 | Time: 10.73s
2025-03-04 21:07:11,320 - INFO - P1 (Round 5) - Epoch 2/10 | Loss: 0.0830 | Acc: 0.9740 | Val Loss: 0.0810 | Val Acc: 0.9740 | Time: 9.99s
2025-03-04 21:07:21,308 - INFO - P1 (Round 5) - Epoch 3/10 | Loss: 0.0818 | Acc: 0.9745 | Val Loss: 0.0807 | Val Acc: 0.9744 | Time: 9.99s
2025-03-04 21:07:31,356 - INFO - P1 (Round 5) - Epoch 4/10 | Loss: 0.0809 | Acc: 0.9748 | Val Loss: 0.0810 | Val Acc: 0.9746 | Time: 10.05s
2025-03-04 21:07:41,424 - INFO - P1 (Round 5) - Epoch 5/10 | Loss: 0.0801 | Acc: 0.9750 | Val Loss: 0.0799 | Val Acc: 0.9744 | Time: 10.07s
2025-03-04 21:07:53,416 - INFO - P1 (Round 5) - Epoch 6/10 | Loss: 0.0794 | Acc: 0.9752 | Val Loss: 0.0783 | Val Acc: 0.9754 | Time: 11.99s
2025-03-04 21:08:03,675 - INFO - P1 (Round 5) - Epoch 7/10 | Loss: 0.0788 | Acc: 0.9754 | Val Loss: 0.0797 | Val Acc: 0.9748 | Time: 10.26s
2025-03-04 21:08:13,820 - INFO - P1 (Round 5) - Epoch 8/10 | Loss: 0.0783 | Acc: 0.9757 | Val Loss: 0.0776 | Val Acc: 0.9753 | Time: 10.14s
2025-03-04 21:08:23,957 - INFO - P1 (Round 5) - Epoch 9/10 | Loss: 0.0778 | Acc: 0.9758 | Val Loss: 0.0779 | Val Acc: 0.9755 | Time: 10.14s
2025-03-04 21:08:33,770 - INFO - P1 (Round 5) - Epoch 10/10 | Loss: 0.0775 | Acc: 0.9758 | Val Loss: 0.0759 | Val Acc: 0.9763 | Time: 9.81s
2025-03-04 21:08:43,791 - INFO - P2 (Round 5) - Epoch 1/10 | Loss: 0.0708 | Acc: 0.9780 | Val Loss: 0.0680 | Val Acc: 0.9792 | Time: 10.02s
2025-03-04 21:08:53,928 - INFO - P2 (Round 5) - Epoch 2/10 | Loss: 0.0668 | Acc: 0.9793 | Val Loss: 0.0687 | Val Acc: 0.9785 | Time: 10.14s
2025-03-04 21:09:06,058 - INFO - P2 (Round 5) - Epoch 3/10 | Loss: 0.0658 | Acc: 0.9796 | Val Loss: 0.0663 | Val Acc: 0.9792 | Time: 12.13s
2025-03-04 21:09:16,285 - INFO - P2 (Round 5) - Epoch 4/10 | Loss: 0.0652 | Acc: 0.9796 | Val Loss: 0.0686 | Val Acc: 0.9789 | Time: 10.23s
2025-03-04 21:09:26,534 - INFO - P2 (Round 5) - Epoch 5/10 | Loss: 0.0645 | Acc: 0.9799 | Val Loss: 0.0675 | Val Acc: 0.9788 | Time: 10.25s
2025-03-04 21:09:36,398 - INFO - P2 (Round 5) - Epoch 6/10 | Loss: 0.0641 | Acc: 0.9799 | Val Loss: 0.0641 | Val Acc: 0.9803 | Time: 9.86s
2025-03-04 21:09:46,551 - INFO - P2 (Round 5) - Epoch 7/10 | Loss: 0.0637 | Acc: 0.9801 | Val Loss: 0.0647 | Val Acc: 0.9799 | Time: 10.15s
2025-03-04 21:09:56,698 - INFO - P2 (Round 5) - Epoch 8/10 | Loss: 0.0632 | Acc: 0.9803 | Val Loss: 0.0635 | Val Acc: 0.9805 | Time: 10.15s
2025-03-04 21:10:07,025 - INFO - P2 (Round 5) - Epoch 9/10 | Loss: 0.0629 | Acc: 0.9804 | Val Loss: 0.0660 | Val Acc: 0.9798 | Time: 10.33s
2025-03-04 21:10:19,461 - INFO - P2 (Round 5) - Epoch 10/10 | Loss: 0.0626 | Acc: 0.9805 | Val Loss: 0.0642 | Val Acc: 0.9801 | Time: 12.44s
2025-03-04 21:10:21,847 - INFO - Round 5 completed in 211.25s
2025-03-04 21:10:21,847 - INFO - Global Model - P1 Test: Loss = 0.2233, Accuracy = 0.9168
2025-03-04 21:10:21,847 - INFO - Global Model - P2 Test: Loss = 0.5082, Accuracy = 0.8586
2025-03-04 21:10:32,048 - INFO - P1 (Round 6) - Epoch 1/10 | Loss: 0.0835 | Acc: 0.9741 | Val Loss: 0.0829 | Val Acc: 0.9731 | Time: 10.20s
2025-03-04 21:10:41,994 - INFO - P1 (Round 6) - Epoch 2/10 | Loss: 0.0791 | Acc: 0.9754 | Val Loss: 0.0786 | Val Acc: 0.9756 | Time: 9.95s
2025-03-04 21:10:52,220 - INFO - P1 (Round 6) - Epoch 3/10 | Loss: 0.0782 | Acc: 0.9757 | Val Loss: 0.0768 | Val Acc: 0.9755 | Time: 10.23s
2025-03-04 21:11:02,275 - INFO - P1 (Round 6) - Epoch 4/10 | Loss: 0.0773 | Acc: 0.9758 | Val Loss: 0.0766 | Val Acc: 0.9761 | Time: 10.06s
2025-03-04 21:11:12,339 - INFO - P1 (Round 6) - Epoch 5/10 | Loss: 0.0768 | Acc: 0.9759 | Val Loss: 0.0751 | Val Acc: 0.9766 | Time: 10.06s
2025-03-04 21:11:23,223 - INFO - P1 (Round 6) - Epoch 6/10 | Loss: 0.0766 | Acc: 0.9760 | Val Loss: 0.0787 | Val Acc: 0.9759 | Time: 10.88s
2025-03-04 21:11:34,208 - INFO - P1 (Round 6) - Epoch 7/10 | Loss: 0.0761 | Acc: 0.9762 | Val Loss: 0.0769 | Val Acc: 0.9762 | Time: 10.98s
2025-03-04 21:11:43,943 - INFO - P1 (Round 6) - Epoch 8/10 | Loss: 0.0758 | Acc: 0.9762 | Val Loss: 0.0747 | Val Acc: 0.9767 | Time: 9.74s
2025-03-04 21:11:53,934 - INFO - P1 (Round 6) - Epoch 9/10 | Loss: 0.0756 | Acc: 0.9763 | Val Loss: 0.0740 | Val Acc: 0.9767 | Time: 9.99s
2025-03-04 21:12:04,203 - INFO - P1 (Round 6) - Epoch 10/10 | Loss: 0.0753 | Acc: 0.9764 | Val Loss: 0.0746 | Val Acc: 0.9769 | Time: 10.27s
2025-03-04 21:12:14,158 - INFO - P2 (Round 6) - Epoch 1/10 | Loss: 0.0668 | Acc: 0.9792 | Val Loss: 0.0647 | Val Acc: 0.9802 | Time: 9.95s
2025-03-04 21:12:25,623 - INFO - P2 (Round 6) - Epoch 2/10 | Loss: 0.0637 | Acc: 0.9801 | Val Loss: 0.0646 | Val Acc: 0.9798 | Time: 11.47s
2025-03-04 21:12:37,593 - INFO - P2 (Round 6) - Epoch 3/10 | Loss: 0.0631 | Acc: 0.9804 | Val Loss: 0.0648 | Val Acc: 0.9787 | Time: 11.97s
2025-03-04 21:12:47,705 - INFO - P2 (Round 6) - Epoch 4/10 | Loss: 0.0626 | Acc: 0.9804 | Val Loss: 0.0623 | Val Acc: 0.9804 | Time: 10.11s
2025-03-04 21:12:57,768 - INFO - P2 (Round 6) - Epoch 5/10 | Loss: 0.0622 | Acc: 0.9806 | Val Loss: 0.0639 | Val Acc: 0.9800 | Time: 10.06s
2025-03-04 21:13:07,699 - INFO - P2 (Round 6) - Epoch 6/10 | Loss: 0.0618 | Acc: 0.9806 | Val Loss: 0.0632 | Val Acc: 0.9803 | Time: 9.93s
2025-03-04 21:13:17,926 - INFO - P2 (Round 6) - Epoch 7/10 | Loss: 0.0613 | Acc: 0.9808 | Val Loss: 0.0628 | Val Acc: 0.9807 | Time: 10.23s
2025-03-04 21:13:27,996 - INFO - P2 (Round 6) - Epoch 8/10 | Loss: 0.0611 | Acc: 0.9809 | Val Loss: 0.0631 | Val Acc: 0.9806 | Time: 10.07s
2025-03-04 21:13:37,967 - INFO - P2 (Round 6) - Epoch 9/10 | Loss: 0.0608 | Acc: 0.9809 | Val Loss: 0.0664 | Val Acc: 0.9799 | Time: 9.97s
2025-03-04 21:13:50,017 - INFO - P2 (Round 6) - Epoch 10/10 | Loss: 0.0605 | Acc: 0.9810 | Val Loss: 0.0616 | Val Acc: 0.9813 | Time: 12.05s
2025-03-04 21:13:52,367 - INFO - Round 6 completed in 210.52s
2025-03-04 21:13:52,367 - INFO - Global Model - P1 Test: Loss = 0.2288, Accuracy = 0.9234
2025-03-04 21:13:52,367 - INFO - Global Model - P2 Test: Loss = 0.3095, Accuracy = 0.8932
2025-03-04 21:14:02,848 - INFO - P1 (Round 7) - Epoch 1/10 | Loss: 0.0807 | Acc: 0.9749 | Val Loss: 0.0767 | Val Acc: 0.9761 | Time: 10.48s
2025-03-04 21:14:12,885 - INFO - P1 (Round 7) - Epoch 2/10 | Loss: 0.0767 | Acc: 0.9762 | Val Loss: 0.0778 | Val Acc: 0.9752 | Time: 10.04s
2025-03-04 21:14:22,905 - INFO - P1 (Round 7) - Epoch 3/10 | Loss: 0.0759 | Acc: 0.9763 | Val Loss: 0.0766 | Val Acc: 0.9754 | Time: 10.02s
2025-03-04 21:14:32,873 - INFO - P1 (Round 7) - Epoch 4/10 | Loss: 0.0754 | Acc: 0.9764 | Val Loss: 0.0759 | Val Acc: 0.9768 | Time: 9.97s
2025-03-04 21:14:43,018 - INFO - P1 (Round 7) - Epoch 5/10 | Loss: 0.0750 | Acc: 0.9766 | Val Loss: 0.0745 | Val Acc: 0.9773 | Time: 10.14s
2025-03-04 21:14:53,427 - INFO - P1 (Round 7) - Epoch 6/10 | Loss: 0.0748 | Acc: 0.9766 | Val Loss: 0.0742 | Val Acc: 0.9763 | Time: 10.41s
2025-03-04 21:15:05,147 - INFO - P1 (Round 7) - Epoch 7/10 | Loss: 0.0744 | Acc: 0.9767 | Val Loss: 0.0743 | Val Acc: 0.9770 | Time: 11.72s
2025-03-04 21:15:15,295 - INFO - P1 (Round 7) - Epoch 8/10 | Loss: 0.0742 | Acc: 0.9769 | Val Loss: 0.0741 | Val Acc: 0.9767 | Time: 10.15s
2025-03-04 21:15:25,735 - INFO - P1 (Round 7) - Epoch 9/10 | Loss: 0.0740 | Acc: 0.9768 | Val Loss: 0.0721 | Val Acc: 0.9767 | Time: 10.44s
2025-03-04 21:15:37,538 - INFO - P1 (Round 7) - Epoch 10/10 | Loss: 0.0736 | Acc: 0.9768 | Val Loss: 0.0736 | Val Acc: 0.9769 | Time: 11.80s
2025-03-04 21:15:49,955 - INFO - P2 (Round 7) - Epoch 1/10 | Loss: 0.0642 | Acc: 0.9799 | Val Loss: 0.0649 | Val Acc: 0.9802 | Time: 12.42s
2025-03-04 21:16:02,293 - INFO - P2 (Round 7) - Epoch 2/10 | Loss: 0.0617 | Acc: 0.9807 | Val Loss: 0.0617 | Val Acc: 0.9808 | Time: 12.34s
2025-03-04 21:16:15,387 - INFO - P2 (Round 7) - Epoch 3/10 | Loss: 0.0610 | Acc: 0.9810 | Val Loss: 0.0617 | Val Acc: 0.9815 | Time: 13.09s
2025-03-04 21:16:28,034 - INFO - P2 (Round 7) - Epoch 4/10 | Loss: 0.0605 | Acc: 0.9811 | Val Loss: 0.0621 | Val Acc: 0.9809 | Time: 12.65s
2025-03-04 21:16:40,161 - INFO - P2 (Round 7) - Epoch 5/10 | Loss: 0.0602 | Acc: 0.9811 | Val Loss: 0.0604 | Val Acc: 0.9813 | Time: 12.13s
2025-03-04 21:16:52,175 - INFO - P2 (Round 7) - Epoch 6/10 | Loss: 0.0598 | Acc: 0.9813 | Val Loss: 0.0604 | Val Acc: 0.9816 | Time: 12.01s
2025-03-04 21:17:04,173 - INFO - P2 (Round 7) - Epoch 7/10 | Loss: 0.0595 | Acc: 0.9814 | Val Loss: 0.0614 | Val Acc: 0.9806 | Time: 12.00s
2025-03-04 21:17:16,112 - INFO - P2 (Round 7) - Epoch 8/10 | Loss: 0.0591 | Acc: 0.9816 | Val Loss: 0.0589 | Val Acc: 0.9820 | Time: 11.94s
2025-03-04 21:17:29,248 - INFO - P2 (Round 7) - Epoch 9/10 | Loss: 0.0590 | Acc: 0.9815 | Val Loss: 0.0606 | Val Acc: 0.9811 | Time: 13.14s
2025-03-04 21:17:41,246 - INFO - P2 (Round 7) - Epoch 10/10 | Loss: 0.0586 | Acc: 0.9816 | Val Loss: 0.0607 | Val Acc: 0.9815 | Time: 12.00s
2025-03-04 21:17:43,698 - INFO - Round 7 completed in 231.33s
2025-03-04 21:17:43,698 - INFO - Global Model - P1 Test: Loss = 0.2123, Accuracy = 0.9285
2025-03-04 21:17:43,698 - INFO - Global Model - P2 Test: Loss = 0.2767, Accuracy = 0.9099
2025-03-04 21:17:56,128 - INFO - P1 (Round 8) - Epoch 1/10 | Loss: 0.0790 | Acc: 0.9756 | Val Loss: 0.0744 | Val Acc: 0.9765 | Time: 12.43s
2025-03-04 21:18:08,337 - INFO - P1 (Round 8) - Epoch 2/10 | Loss: 0.0751 | Acc: 0.9766 | Val Loss: 0.0751 | Val Acc: 0.9765 | Time: 12.21s
2025-03-04 21:18:20,111 - INFO - P1 (Round 8) - Epoch 3/10 | Loss: 0.0743 | Acc: 0.9769 | Val Loss: 0.0746 | Val Acc: 0.9774 | Time: 11.77s
2025-03-04 21:18:32,652 - INFO - P1 (Round 8) - Epoch 4/10 | Loss: 0.0738 | Acc: 0.9770 | Val Loss: 0.0739 | Val Acc: 0.9771 | Time: 12.54s
2025-03-04 21:18:45,131 - INFO - P1 (Round 8) - Epoch 5/10 | Loss: 0.0735 | Acc: 0.9771 | Val Loss: 0.0726 | Val Acc: 0.9770 | Time: 12.48s
2025-03-04 21:18:57,191 - INFO - P1 (Round 8) - Epoch 6/10 | Loss: 0.0732 | Acc: 0.9771 | Val Loss: 0.0730 | Val Acc: 0.9770 | Time: 12.06s
2025-03-04 21:19:09,584 - INFO - P1 (Round 8) - Epoch 7/10 | Loss: 0.0730 | Acc: 0.9771 | Val Loss: 0.0722 | Val Acc: 0.9771 | Time: 12.39s
2025-03-04 21:19:21,450 - INFO - P1 (Round 8) - Epoch 8/10 | Loss: 0.0728 | Acc: 0.9772 | Val Loss: 0.0738 | Val Acc: 0.9764 | Time: 11.87s
2025-03-04 21:19:33,162 - INFO - P1 (Round 8) - Epoch 9/10 | Loss: 0.0726 | Acc: 0.9773 | Val Loss: 0.0719 | Val Acc: 0.9773 | Time: 11.71s
2025-03-04 21:19:45,890 - INFO - P1 (Round 8) - Epoch 10/10 | Loss: 0.0725 | Acc: 0.9773 | Val Loss: 0.0732 | Val Acc: 0.9767 | Time: 12.73s
2025-03-04 21:19:58,608 - INFO - P2 (Round 8) - Epoch 1/10 | Loss: 0.0622 | Acc: 0.9804 | Val Loss: 0.0633 | Val Acc: 0.9803 | Time: 12.72s
2025-03-04 21:20:10,569 - INFO - P2 (Round 8) - Epoch 2/10 | Loss: 0.0600 | Acc: 0.9812 | Val Loss: 0.0612 | Val Acc: 0.9814 | Time: 11.96s
2025-03-04 21:20:22,540 - INFO - P2 (Round 8) - Epoch 3/10 | Loss: 0.0594 | Acc: 0.9814 | Val Loss: 0.0588 | Val Acc: 0.9819 | Time: 11.97s
2025-03-04 21:20:34,569 - INFO - P2 (Round 8) - Epoch 4/10 | Loss: 0.0590 | Acc: 0.9815 | Val Loss: 0.0602 | Val Acc: 0.9812 | Time: 12.03s
2025-03-04 21:20:46,422 - INFO - P2 (Round 8) - Epoch 5/10 | Loss: 0.0586 | Acc: 0.9816 | Val Loss: 0.0596 | Val Acc: 0.9810 | Time: 11.85s
2025-03-04 21:20:59,325 - INFO - P2 (Round 8) - Epoch 6/10 | Loss: 0.0582 | Acc: 0.9817 | Val Loss: 0.0582 | Val Acc: 0.9819 | Time: 12.90s
2025-03-04 21:21:11,522 - INFO - P2 (Round 8) - Epoch 7/10 | Loss: 0.0579 | Acc: 0.9819 | Val Loss: 0.0583 | Val Acc: 0.9821 | Time: 12.20s
2025-03-04 21:21:23,523 - INFO - P2 (Round 8) - Epoch 8/10 | Loss: 0.0576 | Acc: 0.9819 | Val Loss: 0.0592 | Val Acc: 0.9822 | Time: 12.00s
2025-03-04 21:21:35,455 - INFO - P2 (Round 8) - Epoch 9/10 | Loss: 0.0574 | Acc: 0.9820 | Val Loss: 0.0592 | Val Acc: 0.9817 | Time: 11.93s
2025-03-04 21:21:47,806 - INFO - P2 (Round 8) - Epoch 10/10 | Loss: 0.0572 | Acc: 0.9821 | Val Loss: 0.0575 | Val Acc: 0.9823 | Time: 12.35s
2025-03-04 21:21:50,546 - INFO - Round 8 completed in 246.85s
2025-03-04 21:21:50,546 - INFO - Global Model - P1 Test: Loss = 0.1934, Accuracy = 0.9367
2025-03-04 21:21:50,546 - INFO - Global Model - P2 Test: Loss = 0.2929, Accuracy = 0.9075
2025-03-04 21:22:02,578 - INFO - P1 (Round 9) - Epoch 1/10 | Loss: 0.0775 | Acc: 0.9760 | Val Loss: 0.0732 | Val Acc: 0.9770 | Time: 12.03s
2025-03-04 21:22:15,508 - INFO - P1 (Round 9) - Epoch 2/10 | Loss: 0.0739 | Acc: 0.9770 | Val Loss: 0.0769 | Val Acc: 0.9760 | Time: 12.93s
2025-03-04 21:22:27,698 - INFO - P1 (Round 9) - Epoch 3/10 | Loss: 0.0731 | Acc: 0.9772 | Val Loss: 0.0719 | Val Acc: 0.9777 | Time: 12.19s
2025-03-04 21:22:39,480 - INFO - P1 (Round 9) - Epoch 4/10 | Loss: 0.0727 | Acc: 0.9773 | Val Loss: 0.0708 | Val Acc: 0.9780 | Time: 11.78s
2025-03-04 21:22:51,475 - INFO - P1 (Round 9) - Epoch 5/10 | Loss: 0.0725 | Acc: 0.9774 | Val Loss: 0.0730 | Val Acc: 0.9766 | Time: 12.00s
2025-03-04 21:23:03,888 - INFO - P1 (Round 9) - Epoch 6/10 | Loss: 0.0722 | Acc: 0.9775 | Val Loss: 0.0756 | Val Acc: 0.9756 | Time: 12.41s
2025-03-04 21:23:16,617 - INFO - P1 (Round 9) - Epoch 7/10 | Loss: 0.0722 | Acc: 0.9775 | Val Loss: 0.0718 | Val Acc: 0.9776 | Time: 12.73s
2025-03-04 21:23:29,170 - INFO - P1 (Round 9) - Epoch 8/10 | Loss: 0.0718 | Acc: 0.9775 | Val Loss: 0.0696 | Val Acc: 0.9778 | Time: 12.55s
2025-03-04 21:23:41,141 - INFO - P1 (Round 9) - Epoch 9/10 | Loss: 0.0718 | Acc: 0.9775 | Val Loss: 0.0708 | Val Acc: 0.9776 | Time: 11.97s
2025-03-04 21:23:53,089 - INFO - P1 (Round 9) - Epoch 10/10 | Loss: 0.0717 | Acc: 0.9777 | Val Loss: 0.0721 | Val Acc: 0.9771 | Time: 11.95s
2025-03-04 21:24:05,114 - INFO - P2 (Round 9) - Epoch 1/10 | Loss: 0.0608 | Acc: 0.9809 | Val Loss: 0.0588 | Val Acc: 0.9818 | Time: 12.02s
2025-03-04 21:24:17,029 - INFO - P2 (Round 9) - Epoch 2/10 | Loss: 0.0586 | Acc: 0.9816 | Val Loss: 0.0594 | Val Acc: 0.9815 | Time: 11.92s
2025-03-04 21:24:29,676 - INFO - P2 (Round 9) - Epoch 3/10 | Loss: 0.0580 | Acc: 0.9817 | Val Loss: 0.0583 | Val Acc: 0.9816 | Time: 12.65s
2025-03-04 21:24:42,419 - INFO - P2 (Round 9) - Epoch 4/10 | Loss: 0.0575 | Acc: 0.9819 | Val Loss: 0.0581 | Val Acc: 0.9822 | Time: 12.74s
2025-03-04 21:24:54,386 - INFO - P2 (Round 9) - Epoch 5/10 | Loss: 0.0572 | Acc: 0.9820 | Val Loss: 0.0572 | Val Acc: 0.9824 | Time: 11.97s
2025-03-04 21:25:06,186 - INFO - P2 (Round 9) - Epoch 6/10 | Loss: 0.0568 | Acc: 0.9822 | Val Loss: 0.0579 | Val Acc: 0.9824 | Time: 11.80s
2025-03-04 21:25:18,151 - INFO - P2 (Round 9) - Epoch 7/10 | Loss: 0.0567 | Acc: 0.9822 | Val Loss: 0.0573 | Val Acc: 0.9819 | Time: 11.96s
2025-03-04 21:25:30,010 - INFO - P2 (Round 9) - Epoch 8/10 | Loss: 0.0564 | Acc: 0.9824 | Val Loss: 0.0570 | Val Acc: 0.9820 | Time: 11.86s
2025-03-04 21:25:42,619 - INFO - P2 (Round 9) - Epoch 9/10 | Loss: 0.0563 | Acc: 0.9822 | Val Loss: 0.0573 | Val Acc: 0.9821 | Time: 12.61s
2025-03-04 21:25:55,149 - INFO - P2 (Round 9) - Epoch 10/10 | Loss: 0.0561 | Acc: 0.9823 | Val Loss: 0.0574 | Val Acc: 0.9816 | Time: 12.53s
2025-03-04 21:25:57,909 - INFO - Round 9 completed in 247.36s
2025-03-04 21:25:57,909 - INFO - Global Model - P1 Test: Loss = 0.1928, Accuracy = 0.9337
2025-03-04 21:25:57,910 - INFO - Global Model - P2 Test: Loss = 0.1769, Accuracy = 0.9488
2025-03-04 21:26:10,301 - INFO - P1 (Round 10) - Epoch 1/10 | Loss: 0.0766 | Acc: 0.9762 | Val Loss: 0.0722 | Val Acc: 0.9774 | Time: 12.39s
2025-03-04 21:26:22,778 - INFO - P1 (Round 10) - Epoch 2/10 | Loss: 0.0728 | Acc: 0.9773 | Val Loss: 0.0709 | Val Acc: 0.9782 | Time: 12.48s
2025-03-04 21:26:34,712 - INFO - P1 (Round 10) - Epoch 3/10 | Loss: 0.0721 | Acc: 0.9775 | Val Loss: 0.0719 | Val Acc: 0.9770 | Time: 11.93s
2025-03-04 21:26:47,168 - INFO - P1 (Round 10) - Epoch 4/10 | Loss: 0.0719 | Acc: 0.9775 | Val Loss: 0.0723 | Val Acc: 0.9772 | Time: 12.46s
2025-03-04 21:27:00,454 - INFO - P1 (Round 10) - Epoch 5/10 | Loss: 0.0717 | Acc: 0.9776 | Val Loss: 0.0708 | Val Acc: 0.9783 | Time: 13.29s
2025-03-04 21:27:12,744 - INFO - P1 (Round 10) - Epoch 6/10 | Loss: 0.0714 | Acc: 0.9777 | Val Loss: 0.0706 | Val Acc: 0.9781 | Time: 12.29s
2025-03-04 21:27:24,466 - INFO - P1 (Round 10) - Epoch 7/10 | Loss: 0.0712 | Acc: 0.9776 | Val Loss: 0.0715 | Val Acc: 0.9776 | Time: 11.72s
2025-03-04 21:27:36,119 - INFO - P1 (Round 10) - Epoch 8/10 | Loss: 0.0710 | Acc: 0.9778 | Val Loss: 0.0716 | Val Acc: 0.9774 | Time: 11.65s
2025-03-04 21:27:47,949 - INFO - P1 (Round 10) - Epoch 9/10 | Loss: 0.0708 | Acc: 0.9779 | Val Loss: 0.0702 | Val Acc: 0.9783 | Time: 11.83s
2025-03-04 21:28:00,552 - INFO - P1 (Round 10) - Epoch 10/10 | Loss: 0.0709 | Acc: 0.9777 | Val Loss: 0.0710 | Val Acc: 0.9781 | Time: 12.60s
2025-03-04 21:28:13,543 - INFO - P2 (Round 10) - Epoch 1/10 | Loss: 0.0592 | Acc: 0.9813 | Val Loss: 0.0585 | Val Acc: 0.9818 | Time: 12.99s
2025-03-04 21:28:25,518 - INFO - P2 (Round 10) - Epoch 2/10 | Loss: 0.0574 | Acc: 0.9820 | Val Loss: 0.0571 | Val Acc: 0.9825 | Time: 11.97s
2025-03-04 21:28:38,210 - INFO - P2 (Round 10) - Epoch 3/10 | Loss: 0.0567 | Acc: 0.9822 | Val Loss: 0.0568 | Val Acc: 0.9820 | Time: 12.69s
2025-03-04 21:28:50,010 - INFO - P2 (Round 10) - Epoch 4/10 | Loss: 0.0564 | Acc: 0.9822 | Val Loss: 0.0563 | Val Acc: 0.9822 | Time: 11.80s
2025-03-04 21:29:01,962 - INFO - P2 (Round 10) - Epoch 5/10 | Loss: 0.0562 | Acc: 0.9823 | Val Loss: 0.0562 | Val Acc: 0.9829 | Time: 11.95s
2025-03-04 21:29:14,417 - INFO - P2 (Round 10) - Epoch 6/10 | Loss: 0.0559 | Acc: 0.9824 | Val Loss: 0.0558 | Val Acc: 0.9827 | Time: 12.45s
2025-03-04 21:29:27,451 - INFO - P2 (Round 10) - Epoch 7/10 | Loss: 0.0558 | Acc: 0.9823 | Val Loss: 0.0555 | Val Acc: 0.9826 | Time: 13.03s
2025-03-04 21:29:39,856 - INFO - P2 (Round 10) - Epoch 8/10 | Loss: 0.0556 | Acc: 0.9824 | Val Loss: 0.0564 | Val Acc: 0.9829 | Time: 12.40s
2025-03-04 21:29:52,217 - INFO - P2 (Round 10) - Epoch 9/10 | Loss: 0.0554 | Acc: 0.9826 | Val Loss: 0.0552 | Val Acc: 0.9823 | Time: 12.36s
2025-03-04 21:30:04,345 - INFO - P2 (Round 10) - Epoch 10/10 | Loss: 0.0555 | Acc: 0.9826 | Val Loss: 0.0568 | Val Acc: 0.9818 | Time: 12.13s
2025-03-04 21:30:06,932 - INFO - Round 10 completed in 249.02s
2025-03-04 21:30:06,932 - INFO - Global Model - P1 Test: Loss = 0.2048, Accuracy = 0.9331
2025-03-04 21:30:06,932 - INFO - Global Model - P2 Test: Loss = 0.1839, Accuracy = 0.9487
2025-03-04 21:30:09,411 - INFO - Final Results after 10 rounds:
2025-03-04 21:30:09,411 - INFO - Global Model - P1 Test: Loss = 0.2048, Accuracy = 0.9331
2025-03-04 21:30:09,411 - INFO - Global Model - P2 Test: Loss = 0.1839, Accuracy = 0.9487
2025-03-04 21:30:09,422 - INFO - Experiment 72 results saved to results/suppression_experiments/exp_72_p1f9_p2f13.json
