2025-03-04 20:10:58,886 - INFO - Starting Suppression Experiment 66
2025-03-04 20:10:58,886 - INFO - P1 Features (10/14): ['protocol', 'bidirectional_min_ps', 'bidirectional_mean_ps', 'bidirectional_stddev_ps', 'bidirectional_max_ps', 'src2dst_stddev_ps', 'src2dst_max_ps', 'dst2src_min_ps', 'dst2src_mean_ps', 'dst2src_stddev_ps']
2025-03-04 20:10:58,886 - INFO - P2 Features (5/14): ['protocol', 'bidirectional_min_ps', 'bidirectional_mean_ps', 'bidirectional_stddev_ps', 'bidirectional_max_ps']
2025-03-04 20:11:12,504 - INFO - P1 (Round 1) - Epoch 1/10 | Loss: 0.3994 | Acc: 0.8567 | Val Loss: 0.2546 | Val Acc: 0.9054 | Time: 13.53s
2025-03-04 20:11:24,909 - INFO - P1 (Round 1) - Epoch 2/10 | Loss: 0.2318 | Acc: 0.9163 | Val Loss: 0.2150 | Val Acc: 0.9203 | Time: 12.40s
2025-03-04 20:11:36,969 - INFO - P1 (Round 1) - Epoch 3/10 | Loss: 0.2026 | Acc: 0.9279 | Val Loss: 0.1900 | Val Acc: 0.9353 | Time: 12.06s
2025-03-04 20:11:49,292 - INFO - P1 (Round 1) - Epoch 4/10 | Loss: 0.1850 | Acc: 0.9349 | Val Loss: 0.1772 | Val Acc: 0.9374 | Time: 12.32s
2025-03-04 20:12:01,443 - INFO - P1 (Round 1) - Epoch 5/10 | Loss: 0.1751 | Acc: 0.9385 | Val Loss: 0.1725 | Val Acc: 0.9393 | Time: 12.15s
2025-03-04 20:12:13,901 - INFO - P1 (Round 1) - Epoch 6/10 | Loss: 0.1697 | Acc: 0.9404 | Val Loss: 0.1665 | Val Acc: 0.9394 | Time: 12.46s
2025-03-04 20:12:26,946 - INFO - P1 (Round 1) - Epoch 7/10 | Loss: 0.1653 | Acc: 0.9417 | Val Loss: 0.1624 | Val Acc: 0.9427 | Time: 13.05s
2025-03-04 20:12:39,209 - INFO - P1 (Round 1) - Epoch 8/10 | Loss: 0.1620 | Acc: 0.9429 | Val Loss: 0.1583 | Val Acc: 0.9446 | Time: 12.26s
2025-03-04 20:12:50,372 - INFO - P1 (Round 1) - Epoch 9/10 | Loss: 0.1566 | Acc: 0.9458 | Val Loss: 0.1535 | Val Acc: 0.9476 | Time: 11.16s
2025-03-04 20:13:00,281 - INFO - P1 (Round 1) - Epoch 10/10 | Loss: 0.1521 | Acc: 0.9479 | Val Loss: 0.1504 | Val Acc: 0.9479 | Time: 9.91s
2025-03-04 20:13:10,361 - INFO - P2 (Round 1) - Epoch 1/10 | Loss: 0.6067 | Acc: 0.7700 | Val Loss: 0.4317 | Val Acc: 0.8318 | Time: 10.08s
2025-03-04 20:13:20,330 - INFO - P2 (Round 1) - Epoch 2/10 | Loss: 0.3436 | Acc: 0.8701 | Val Loss: 0.2819 | Val Acc: 0.8958 | Time: 9.97s
2025-03-04 20:13:32,461 - INFO - P2 (Round 1) - Epoch 3/10 | Loss: 0.2578 | Acc: 0.9080 | Val Loss: 0.2409 | Val Acc: 0.9129 | Time: 12.13s
2025-03-04 20:13:42,470 - INFO - P2 (Round 1) - Epoch 4/10 | Loss: 0.2299 | Acc: 0.9176 | Val Loss: 0.2217 | Val Acc: 0.9224 | Time: 10.01s
2025-03-04 20:13:52,467 - INFO - P2 (Round 1) - Epoch 5/10 | Loss: 0.2165 | Acc: 0.9235 | Val Loss: 0.2140 | Val Acc: 0.9229 | Time: 10.00s
2025-03-04 20:14:02,646 - INFO - P2 (Round 1) - Epoch 6/10 | Loss: 0.2087 | Acc: 0.9269 | Val Loss: 0.2063 | Val Acc: 0.9283 | Time: 10.18s
2025-03-04 20:14:12,670 - INFO - P2 (Round 1) - Epoch 7/10 | Loss: 0.2032 | Acc: 0.9287 | Val Loss: 0.2013 | Val Acc: 0.9285 | Time: 10.02s
2025-03-04 20:14:22,945 - INFO - P2 (Round 1) - Epoch 8/10 | Loss: 0.1990 | Acc: 0.9301 | Val Loss: 0.1980 | Val Acc: 0.9307 | Time: 10.27s
2025-03-04 20:14:33,350 - INFO - P2 (Round 1) - Epoch 9/10 | Loss: 0.1956 | Acc: 0.9317 | Val Loss: 0.1969 | Val Acc: 0.9302 | Time: 10.40s
2025-03-04 20:14:45,189 - INFO - P2 (Round 1) - Epoch 10/10 | Loss: 0.1924 | Acc: 0.9334 | Val Loss: 0.1923 | Val Acc: 0.9347 | Time: 11.84s
2025-03-04 20:14:47,402 - INFO - Round 1 completed in 228.43s
2025-03-04 20:14:47,403 - INFO - Global Model - P1 Test: Loss = 8.4018, Accuracy = 0.4355
2025-03-04 20:14:47,403 - INFO - Global Model - P2 Test: Loss = 5.8218, Accuracy = 0.3661
2025-03-04 20:14:57,367 - INFO - P1 (Round 2) - Epoch 1/10 | Loss: 0.2518 | Acc: 0.9311 | Val Loss: 0.1414 | Val Acc: 0.9588 | Time: 9.96s
2025-03-04 20:15:08,895 - INFO - P1 (Round 2) - Epoch 2/10 | Loss: 0.1266 | Acc: 0.9626 | Val Loss: 0.1181 | Val Acc: 0.9657 | Time: 11.53s
2025-03-04 20:15:20,872 - INFO - P1 (Round 2) - Epoch 3/10 | Loss: 0.1121 | Acc: 0.9675 | Val Loss: 0.1079 | Val Acc: 0.9686 | Time: 11.98s
2025-03-04 20:15:32,766 - INFO - P1 (Round 2) - Epoch 4/10 | Loss: 0.1040 | Acc: 0.9700 | Val Loss: 0.1019 | Val Acc: 0.9701 | Time: 11.89s
2025-03-04 20:15:44,604 - INFO - P1 (Round 2) - Epoch 5/10 | Loss: 0.0984 | Acc: 0.9713 | Val Loss: 0.0979 | Val Acc: 0.9725 | Time: 11.84s
2025-03-04 20:15:58,375 - INFO - P1 (Round 2) - Epoch 6/10 | Loss: 0.0945 | Acc: 0.9722 | Val Loss: 0.0938 | Val Acc: 0.9729 | Time: 13.77s
2025-03-04 20:16:11,334 - INFO - P1 (Round 2) - Epoch 7/10 | Loss: 0.0917 | Acc: 0.9730 | Val Loss: 0.0927 | Val Acc: 0.9737 | Time: 12.96s
2025-03-04 20:16:23,307 - INFO - P1 (Round 2) - Epoch 8/10 | Loss: 0.0896 | Acc: 0.9735 | Val Loss: 0.0902 | Val Acc: 0.9719 | Time: 11.97s
2025-03-04 20:16:35,278 - INFO - P1 (Round 2) - Epoch 9/10 | Loss: 0.0879 | Acc: 0.9740 | Val Loss: 0.0866 | Val Acc: 0.9745 | Time: 11.97s
2025-03-04 20:16:47,435 - INFO - P1 (Round 2) - Epoch 10/10 | Loss: 0.0865 | Acc: 0.9744 | Val Loss: 0.0855 | Val Acc: 0.9748 | Time: 12.16s
2025-03-04 20:17:00,695 - INFO - P2 (Round 2) - Epoch 1/10 | Loss: 0.3537 | Acc: 0.8875 | Val Loss: 0.2396 | Val Acc: 0.9177 | Time: 13.26s
2025-03-04 20:17:13,257 - INFO - P2 (Round 2) - Epoch 2/10 | Loss: 0.2226 | Acc: 0.9231 | Val Loss: 0.2136 | Val Acc: 0.9257 | Time: 12.56s
2025-03-04 20:17:26,813 - INFO - P2 (Round 2) - Epoch 3/10 | Loss: 0.2062 | Acc: 0.9291 | Val Loss: 0.2009 | Val Acc: 0.9329 | Time: 13.56s
2025-03-04 20:17:39,574 - INFO - P2 (Round 2) - Epoch 4/10 | Loss: 0.1971 | Acc: 0.9318 | Val Loss: 0.1956 | Val Acc: 0.9340 | Time: 12.76s
2025-03-04 20:17:51,460 - INFO - P2 (Round 2) - Epoch 5/10 | Loss: 0.1908 | Acc: 0.9333 | Val Loss: 0.1883 | Val Acc: 0.9358 | Time: 11.88s
2025-03-04 20:18:03,716 - INFO - P2 (Round 2) - Epoch 6/10 | Loss: 0.1859 | Acc: 0.9348 | Val Loss: 0.1846 | Val Acc: 0.9348 | Time: 12.26s
2025-03-04 20:18:16,739 - INFO - P2 (Round 2) - Epoch 7/10 | Loss: 0.1824 | Acc: 0.9357 | Val Loss: 0.1844 | Val Acc: 0.9360 | Time: 13.02s
2025-03-04 20:18:29,604 - INFO - P2 (Round 2) - Epoch 8/10 | Loss: 0.1796 | Acc: 0.9363 | Val Loss: 0.1781 | Val Acc: 0.9368 | Time: 12.87s
2025-03-04 20:18:42,475 - INFO - P2 (Round 2) - Epoch 9/10 | Loss: 0.1771 | Acc: 0.9372 | Val Loss: 0.1772 | Val Acc: 0.9380 | Time: 12.87s
2025-03-04 20:18:54,974 - INFO - P2 (Round 2) - Epoch 10/10 | Loss: 0.1748 | Acc: 0.9381 | Val Loss: 0.1753 | Val Acc: 0.9391 | Time: 12.50s
2025-03-04 20:18:57,762 - INFO - Round 2 completed in 250.36s
2025-03-04 20:18:57,762 - INFO - Global Model - P1 Test: Loss = 2.9057, Accuracy = 0.6184
2025-03-04 20:18:57,762 - INFO - Global Model - P2 Test: Loss = 2.5791, Accuracy = 0.5331
2025-03-04 20:19:10,495 - INFO - P1 (Round 3) - Epoch 1/10 | Loss: 0.1297 | Acc: 0.9601 | Val Loss: 0.1061 | Val Acc: 0.9679 | Time: 12.73s
2025-03-04 20:19:23,956 - INFO - P1 (Round 3) - Epoch 2/10 | Loss: 0.0996 | Acc: 0.9700 | Val Loss: 0.0958 | Val Acc: 0.9705 | Time: 13.46s
2025-03-04 20:19:36,020 - INFO - P1 (Round 3) - Epoch 3/10 | Loss: 0.0930 | Acc: 0.9720 | Val Loss: 0.0905 | Val Acc: 0.9733 | Time: 12.06s
2025-03-04 20:19:48,468 - INFO - P1 (Round 3) - Epoch 4/10 | Loss: 0.0894 | Acc: 0.9729 | Val Loss: 0.0901 | Val Acc: 0.9739 | Time: 12.45s
2025-03-04 20:20:01,018 - INFO - P1 (Round 3) - Epoch 5/10 | Loss: 0.0869 | Acc: 0.9734 | Val Loss: 0.0878 | Val Acc: 0.9743 | Time: 12.55s
2025-03-04 20:20:13,130 - INFO - P1 (Round 3) - Epoch 6/10 | Loss: 0.0851 | Acc: 0.9739 | Val Loss: 0.0838 | Val Acc: 0.9750 | Time: 12.11s
2025-03-04 20:20:26,044 - INFO - P1 (Round 3) - Epoch 7/10 | Loss: 0.0838 | Acc: 0.9744 | Val Loss: 0.0842 | Val Acc: 0.9749 | Time: 12.91s
2025-03-04 20:20:38,502 - INFO - P1 (Round 3) - Epoch 8/10 | Loss: 0.0828 | Acc: 0.9747 | Val Loss: 0.0820 | Val Acc: 0.9751 | Time: 12.46s
2025-03-04 20:20:50,048 - INFO - P1 (Round 3) - Epoch 9/10 | Loss: 0.0818 | Acc: 0.9749 | Val Loss: 0.0808 | Val Acc: 0.9756 | Time: 11.55s
2025-03-04 20:21:00,311 - INFO - P1 (Round 3) - Epoch 10/10 | Loss: 0.0804 | Acc: 0.9752 | Val Loss: 0.0813 | Val Acc: 0.9756 | Time: 10.26s
2025-03-04 20:21:11,579 - INFO - P2 (Round 3) - Epoch 1/10 | Loss: 0.2112 | Acc: 0.9278 | Val Loss: 0.1927 | Val Acc: 0.9314 | Time: 11.27s
2025-03-04 20:21:24,082 - INFO - P2 (Round 3) - Epoch 2/10 | Loss: 0.1853 | Acc: 0.9347 | Val Loss: 0.1843 | Val Acc: 0.9352 | Time: 12.50s
2025-03-04 20:21:37,279 - INFO - P2 (Round 3) - Epoch 3/10 | Loss: 0.1803 | Acc: 0.9367 | Val Loss: 0.1835 | Val Acc: 0.9343 | Time: 13.20s
2025-03-04 20:21:49,388 - INFO - P2 (Round 3) - Epoch 4/10 | Loss: 0.1765 | Acc: 0.9386 | Val Loss: 0.1756 | Val Acc: 0.9389 | Time: 12.11s
2025-03-04 20:22:01,269 - INFO - P2 (Round 3) - Epoch 5/10 | Loss: 0.1740 | Acc: 0.9397 | Val Loss: 0.1759 | Val Acc: 0.9393 | Time: 11.88s
2025-03-04 20:22:11,379 - INFO - P2 (Round 3) - Epoch 6/10 | Loss: 0.1716 | Acc: 0.9404 | Val Loss: 0.1724 | Val Acc: 0.9411 | Time: 10.11s
2025-03-04 20:22:21,332 - INFO - P2 (Round 3) - Epoch 7/10 | Loss: 0.1700 | Acc: 0.9410 | Val Loss: 0.1725 | Val Acc: 0.9419 | Time: 9.95s
2025-03-04 20:22:31,288 - INFO - P2 (Round 3) - Epoch 8/10 | Loss: 0.1686 | Acc: 0.9413 | Val Loss: 0.1699 | Val Acc: 0.9415 | Time: 9.96s
2025-03-04 20:22:42,626 - INFO - P2 (Round 3) - Epoch 9/10 | Loss: 0.1676 | Acc: 0.9418 | Val Loss: 0.1693 | Val Acc: 0.9420 | Time: 11.34s
2025-03-04 20:22:53,336 - INFO - P2 (Round 3) - Epoch 10/10 | Loss: 0.1664 | Acc: 0.9424 | Val Loss: 0.1675 | Val Acc: 0.9431 | Time: 10.71s
2025-03-04 20:22:55,743 - INFO - Round 3 completed in 237.98s
2025-03-04 20:22:55,744 - INFO - Global Model - P1 Test: Loss = 1.4887, Accuracy = 0.7686
2025-03-04 20:22:55,744 - INFO - Global Model - P2 Test: Loss = 2.2959, Accuracy = 0.5616
2025-03-04 20:23:05,860 - INFO - P1 (Round 4) - Epoch 1/10 | Loss: 0.1124 | Acc: 0.9675 | Val Loss: 0.0962 | Val Acc: 0.9725 | Time: 10.12s
2025-03-04 20:23:15,822 - INFO - P1 (Round 4) - Epoch 2/10 | Loss: 0.0913 | Acc: 0.9725 | Val Loss: 0.0909 | Val Acc: 0.9732 | Time: 9.96s
2025-03-04 20:23:25,858 - INFO - P1 (Round 4) - Epoch 3/10 | Loss: 0.0872 | Acc: 0.9736 | Val Loss: 0.0879 | Val Acc: 0.9739 | Time: 10.04s
2025-03-04 20:23:35,859 - INFO - P1 (Round 4) - Epoch 4/10 | Loss: 0.0850 | Acc: 0.9741 | Val Loss: 0.0854 | Val Acc: 0.9742 | Time: 10.00s
2025-03-04 20:23:46,133 - INFO - P1 (Round 4) - Epoch 5/10 | Loss: 0.0835 | Acc: 0.9744 | Val Loss: 0.0837 | Val Acc: 0.9744 | Time: 10.27s
2025-03-04 20:23:58,149 - INFO - P1 (Round 4) - Epoch 6/10 | Loss: 0.0823 | Acc: 0.9747 | Val Loss: 0.0809 | Val Acc: 0.9751 | Time: 12.02s
2025-03-04 20:24:08,166 - INFO - P1 (Round 4) - Epoch 7/10 | Loss: 0.0812 | Acc: 0.9749 | Val Loss: 0.0855 | Val Acc: 0.9721 | Time: 10.02s
2025-03-04 20:24:18,136 - INFO - P1 (Round 4) - Epoch 8/10 | Loss: 0.0803 | Acc: 0.9751 | Val Loss: 0.0794 | Val Acc: 0.9751 | Time: 9.97s
2025-03-04 20:24:28,052 - INFO - P1 (Round 4) - Epoch 9/10 | Loss: 0.0792 | Acc: 0.9752 | Val Loss: 0.0793 | Val Acc: 0.9754 | Time: 9.92s
2025-03-04 20:24:38,037 - INFO - P1 (Round 4) - Epoch 10/10 | Loss: 0.0783 | Acc: 0.9754 | Val Loss: 0.0765 | Val Acc: 0.9762 | Time: 9.98s
2025-03-04 20:24:47,885 - INFO - P2 (Round 4) - Epoch 1/10 | Loss: 0.1959 | Acc: 0.9330 | Val Loss: 0.1795 | Val Acc: 0.9376 | Time: 9.85s
2025-03-04 20:24:58,055 - INFO - P2 (Round 4) - Epoch 2/10 | Loss: 0.1752 | Acc: 0.9394 | Val Loss: 0.1795 | Val Acc: 0.9359 | Time: 10.17s
2025-03-04 20:25:10,082 - INFO - P2 (Round 4) - Epoch 3/10 | Loss: 0.1722 | Acc: 0.9406 | Val Loss: 0.1741 | Val Acc: 0.9398 | Time: 12.03s
2025-03-04 20:25:20,065 - INFO - P2 (Round 4) - Epoch 4/10 | Loss: 0.1703 | Acc: 0.9411 | Val Loss: 0.1766 | Val Acc: 0.9402 | Time: 9.98s
2025-03-04 20:25:30,300 - INFO - P2 (Round 4) - Epoch 5/10 | Loss: 0.1688 | Acc: 0.9419 | Val Loss: 0.1695 | Val Acc: 0.9427 | Time: 10.23s
2025-03-04 20:25:40,333 - INFO - P2 (Round 4) - Epoch 6/10 | Loss: 0.1674 | Acc: 0.9426 | Val Loss: 0.1681 | Val Acc: 0.9435 | Time: 10.03s
2025-03-04 20:25:50,327 - INFO - P2 (Round 4) - Epoch 7/10 | Loss: 0.1661 | Acc: 0.9431 | Val Loss: 0.1696 | Val Acc: 0.9424 | Time: 9.99s
2025-03-04 20:26:00,408 - INFO - P2 (Round 4) - Epoch 8/10 | Loss: 0.1651 | Acc: 0.9433 | Val Loss: 0.1657 | Val Acc: 0.9429 | Time: 10.08s
2025-03-04 20:26:10,468 - INFO - P2 (Round 4) - Epoch 9/10 | Loss: 0.1639 | Acc: 0.9438 | Val Loss: 0.1667 | Val Acc: 0.9425 | Time: 10.06s
2025-03-04 20:26:23,016 - INFO - P2 (Round 4) - Epoch 10/10 | Loss: 0.1630 | Acc: 0.9439 | Val Loss: 0.1663 | Val Acc: 0.9442 | Time: 12.55s
2025-03-04 20:26:25,259 - INFO - Round 4 completed in 209.52s
2025-03-04 20:26:25,259 - INFO - Global Model - P1 Test: Loss = 1.3854, Accuracy = 0.7570
2025-03-04 20:26:25,259 - INFO - Global Model - P2 Test: Loss = 2.0473, Accuracy = 0.6663
2025-03-04 20:26:35,256 - INFO - P1 (Round 5) - Epoch 1/10 | Loss: 0.1038 | Acc: 0.9695 | Val Loss: 0.0882 | Val Acc: 0.9744 | Time: 10.00s
2025-03-04 20:26:45,237 - INFO - P1 (Round 5) - Epoch 2/10 | Loss: 0.0865 | Acc: 0.9739 | Val Loss: 0.0850 | Val Acc: 0.9746 | Time: 9.98s
2025-03-04 20:26:55,381 - INFO - P1 (Round 5) - Epoch 3/10 | Loss: 0.0834 | Acc: 0.9747 | Val Loss: 0.0816 | Val Acc: 0.9753 | Time: 10.14s
2025-03-04 20:27:05,366 - INFO - P1 (Round 5) - Epoch 4/10 | Loss: 0.0816 | Acc: 0.9751 | Val Loss: 0.0829 | Val Acc: 0.9740 | Time: 9.98s
2025-03-04 20:27:15,354 - INFO - P1 (Round 5) - Epoch 5/10 | Loss: 0.0804 | Acc: 0.9753 | Val Loss: 0.0808 | Val Acc: 0.9746 | Time: 9.99s
2025-03-04 20:27:26,909 - INFO - P1 (Round 5) - Epoch 6/10 | Loss: 0.0794 | Acc: 0.9754 | Val Loss: 0.0795 | Val Acc: 0.9759 | Time: 11.56s
2025-03-04 20:27:37,705 - INFO - P1 (Round 5) - Epoch 7/10 | Loss: 0.0783 | Acc: 0.9757 | Val Loss: 0.0793 | Val Acc: 0.9753 | Time: 10.80s
2025-03-04 20:27:48,853 - INFO - P1 (Round 5) - Epoch 8/10 | Loss: 0.0775 | Acc: 0.9759 | Val Loss: 0.0773 | Val Acc: 0.9759 | Time: 11.15s
2025-03-04 20:28:00,926 - INFO - P1 (Round 5) - Epoch 9/10 | Loss: 0.0770 | Acc: 0.9761 | Val Loss: 0.0761 | Val Acc: 0.9759 | Time: 12.07s
2025-03-04 20:28:12,810 - INFO - P1 (Round 5) - Epoch 10/10 | Loss: 0.0765 | Acc: 0.9762 | Val Loss: 0.0756 | Val Acc: 0.9767 | Time: 11.88s
2025-03-04 20:28:24,984 - INFO - P2 (Round 5) - Epoch 1/10 | Loss: 0.1961 | Acc: 0.9325 | Val Loss: 0.1798 | Val Acc: 0.9368 | Time: 12.17s
2025-03-04 20:28:37,357 - INFO - P2 (Round 5) - Epoch 2/10 | Loss: 0.1760 | Acc: 0.9390 | Val Loss: 0.1746 | Val Acc: 0.9400 | Time: 12.37s
2025-03-04 20:28:50,194 - INFO - P2 (Round 5) - Epoch 3/10 | Loss: 0.1725 | Acc: 0.9404 | Val Loss: 0.1784 | Val Acc: 0.9356 | Time: 12.84s
2025-03-04 20:29:01,972 - INFO - P2 (Round 5) - Epoch 4/10 | Loss: 0.1699 | Acc: 0.9413 | Val Loss: 0.1758 | Val Acc: 0.9370 | Time: 11.78s
2025-03-04 20:29:13,914 - INFO - P2 (Round 5) - Epoch 5/10 | Loss: 0.1678 | Acc: 0.9416 | Val Loss: 0.1689 | Val Acc: 0.9425 | Time: 11.94s
2025-03-04 20:29:26,015 - INFO - P2 (Round 5) - Epoch 6/10 | Loss: 0.1665 | Acc: 0.9419 | Val Loss: 0.1669 | Val Acc: 0.9393 | Time: 12.10s
2025-03-04 20:29:37,735 - INFO - P2 (Round 5) - Epoch 7/10 | Loss: 0.1652 | Acc: 0.9423 | Val Loss: 0.1666 | Val Acc: 0.9423 | Time: 11.72s
2025-03-04 20:29:50,393 - INFO - P2 (Round 5) - Epoch 8/10 | Loss: 0.1643 | Acc: 0.9425 | Val Loss: 0.1678 | Val Acc: 0.9394 | Time: 12.66s
2025-03-04 20:30:03,196 - INFO - P2 (Round 5) - Epoch 9/10 | Loss: 0.1637 | Acc: 0.9424 | Val Loss: 0.1672 | Val Acc: 0.9425 | Time: 12.80s
2025-03-04 20:30:15,116 - INFO - P2 (Round 5) - Epoch 10/10 | Loss: 0.1628 | Acc: 0.9427 | Val Loss: 0.1637 | Val Acc: 0.9413 | Time: 11.92s
2025-03-04 20:30:17,636 - INFO - Round 5 completed in 232.38s
2025-03-04 20:30:17,636 - INFO - Global Model - P1 Test: Loss = 1.2008, Accuracy = 0.7764
2025-03-04 20:30:17,636 - INFO - Global Model - P2 Test: Loss = 2.1600, Accuracy = 0.6019
2025-03-04 20:30:30,046 - INFO - P1 (Round 6) - Epoch 1/10 | Loss: 0.0960 | Acc: 0.9712 | Val Loss: 0.0870 | Val Acc: 0.9740 | Time: 12.41s
2025-03-04 20:30:41,992 - INFO - P1 (Round 6) - Epoch 2/10 | Loss: 0.0830 | Acc: 0.9747 | Val Loss: 0.0814 | Val Acc: 0.9749 | Time: 11.95s
2025-03-04 20:30:53,976 - INFO - P1 (Round 6) - Epoch 3/10 | Loss: 0.0804 | Acc: 0.9753 | Val Loss: 0.0798 | Val Acc: 0.9754 | Time: 11.98s
2025-03-04 20:31:07,014 - INFO - P1 (Round 6) - Epoch 4/10 | Loss: 0.0791 | Acc: 0.9757 | Val Loss: 0.0774 | Val Acc: 0.9759 | Time: 13.04s
2025-03-04 20:31:17,977 - INFO - P1 (Round 6) - Epoch 5/10 | Loss: 0.0783 | Acc: 0.9759 | Val Loss: 0.0770 | Val Acc: 0.9760 | Time: 10.96s
2025-03-04 20:31:28,295 - INFO - P1 (Round 6) - Epoch 6/10 | Loss: 0.0774 | Acc: 0.9760 | Val Loss: 0.0779 | Val Acc: 0.9757 | Time: 10.32s
2025-03-04 20:31:38,402 - INFO - P1 (Round 6) - Epoch 7/10 | Loss: 0.0766 | Acc: 0.9761 | Val Loss: 0.0792 | Val Acc: 0.9753 | Time: 10.11s
2025-03-04 20:31:49,199 - INFO - P1 (Round 6) - Epoch 8/10 | Loss: 0.0762 | Acc: 0.9763 | Val Loss: 0.0776 | Val Acc: 0.9756 | Time: 10.80s
2025-03-04 20:32:01,564 - INFO - P1 (Round 6) - Epoch 9/10 | Loss: 0.0759 | Acc: 0.9764 | Val Loss: 0.0761 | Val Acc: 0.9766 | Time: 12.37s
2025-03-04 20:32:14,548 - INFO - P1 (Round 6) - Epoch 10/10 | Loss: 0.0753 | Acc: 0.9765 | Val Loss: 0.0748 | Val Acc: 0.9769 | Time: 12.98s
2025-03-04 20:32:27,049 - INFO - P2 (Round 6) - Epoch 1/10 | Loss: 0.1912 | Acc: 0.9347 | Val Loss: 0.1744 | Val Acc: 0.9405 | Time: 12.50s
2025-03-04 20:32:38,952 - INFO - P2 (Round 6) - Epoch 2/10 | Loss: 0.1702 | Acc: 0.9415 | Val Loss: 0.1752 | Val Acc: 0.9394 | Time: 11.90s
2025-03-04 20:32:50,832 - INFO - P2 (Round 6) - Epoch 3/10 | Loss: 0.1669 | Acc: 0.9426 | Val Loss: 0.1675 | Val Acc: 0.9423 | Time: 11.88s
2025-03-04 20:33:02,944 - INFO - P2 (Round 6) - Epoch 4/10 | Loss: 0.1652 | Acc: 0.9428 | Val Loss: 0.1659 | Val Acc: 0.9429 | Time: 12.11s
2025-03-04 20:33:14,824 - INFO - P2 (Round 6) - Epoch 5/10 | Loss: 0.1639 | Acc: 0.9430 | Val Loss: 0.1664 | Val Acc: 0.9423 | Time: 11.88s
2025-03-04 20:33:27,948 - INFO - P2 (Round 6) - Epoch 6/10 | Loss: 0.1630 | Acc: 0.9432 | Val Loss: 0.1626 | Val Acc: 0.9436 | Time: 13.12s
2025-03-04 20:33:40,112 - INFO - P2 (Round 6) - Epoch 7/10 | Loss: 0.1624 | Acc: 0.9432 | Val Loss: 0.1640 | Val Acc: 0.9434 | Time: 12.16s
2025-03-04 20:33:51,939 - INFO - P2 (Round 6) - Epoch 8/10 | Loss: 0.1617 | Acc: 0.9435 | Val Loss: 0.1691 | Val Acc: 0.9406 | Time: 11.83s
2025-03-04 20:34:04,215 - INFO - P2 (Round 6) - Epoch 9/10 | Loss: 0.1615 | Acc: 0.9434 | Val Loss: 0.1628 | Val Acc: 0.9416 | Time: 12.28s
2025-03-04 20:34:16,093 - INFO - P2 (Round 6) - Epoch 10/10 | Loss: 0.1609 | Acc: 0.9435 | Val Loss: 0.1613 | Val Acc: 0.9438 | Time: 11.88s
2025-03-04 20:34:18,893 - INFO - Round 6 completed in 241.26s
2025-03-04 20:34:18,893 - INFO - Global Model - P1 Test: Loss = 1.1486, Accuracy = 0.8123
2025-03-04 20:34:18,893 - INFO - Global Model - P2 Test: Loss = 2.5113, Accuracy = 0.5311
2025-03-04 20:34:31,408 - INFO - P1 (Round 7) - Epoch 1/10 | Loss: 0.0956 | Acc: 0.9707 | Val Loss: 0.0821 | Val Acc: 0.9746 | Time: 12.51s
2025-03-04 20:34:44,359 - INFO - P1 (Round 7) - Epoch 2/10 | Loss: 0.0810 | Acc: 0.9751 | Val Loss: 0.0790 | Val Acc: 0.9756 | Time: 12.95s
2025-03-04 20:34:56,201 - INFO - P1 (Round 7) - Epoch 3/10 | Loss: 0.0788 | Acc: 0.9757 | Val Loss: 0.0784 | Val Acc: 0.9763 | Time: 11.84s
2025-03-04 20:35:08,503 - INFO - P1 (Round 7) - Epoch 4/10 | Loss: 0.0775 | Acc: 0.9761 | Val Loss: 0.0783 | Val Acc: 0.9760 | Time: 12.30s
2025-03-04 20:35:20,379 - INFO - P1 (Round 7) - Epoch 5/10 | Loss: 0.0768 | Acc: 0.9763 | Val Loss: 0.0773 | Val Acc: 0.9768 | Time: 11.88s
2025-03-04 20:35:32,434 - INFO - P1 (Round 7) - Epoch 6/10 | Loss: 0.0760 | Acc: 0.9765 | Val Loss: 0.0788 | Val Acc: 0.9754 | Time: 12.05s
2025-03-04 20:35:44,935 - INFO - P1 (Round 7) - Epoch 7/10 | Loss: 0.0756 | Acc: 0.9766 | Val Loss: 0.0763 | Val Acc: 0.9760 | Time: 12.50s
2025-03-04 20:35:57,810 - INFO - P1 (Round 7) - Epoch 8/10 | Loss: 0.0750 | Acc: 0.9767 | Val Loss: 0.0741 | Val Acc: 0.9772 | Time: 12.87s
2025-03-04 20:36:09,885 - INFO - P1 (Round 7) - Epoch 9/10 | Loss: 0.0747 | Acc: 0.9768 | Val Loss: 0.0744 | Val Acc: 0.9769 | Time: 12.08s
2025-03-04 20:36:21,730 - INFO - P1 (Round 7) - Epoch 10/10 | Loss: 0.0742 | Acc: 0.9769 | Val Loss: 0.0755 | Val Acc: 0.9766 | Time: 11.84s
2025-03-04 20:36:33,753 - INFO - P2 (Round 7) - Epoch 1/10 | Loss: 0.1882 | Acc: 0.9364 | Val Loss: 0.1746 | Val Acc: 0.9367 | Time: 12.02s
2025-03-04 20:36:45,857 - INFO - P2 (Round 7) - Epoch 2/10 | Loss: 0.1682 | Acc: 0.9423 | Val Loss: 0.1689 | Val Acc: 0.9415 | Time: 12.10s
2025-03-04 20:36:58,638 - INFO - P2 (Round 7) - Epoch 3/10 | Loss: 0.1654 | Acc: 0.9429 | Val Loss: 0.1645 | Val Acc: 0.9441 | Time: 12.78s
2025-03-04 20:37:11,288 - INFO - P2 (Round 7) - Epoch 4/10 | Loss: 0.1634 | Acc: 0.9438 | Val Loss: 0.1656 | Val Acc: 0.9445 | Time: 12.65s
2025-03-04 20:37:23,817 - INFO - P2 (Round 7) - Epoch 5/10 | Loss: 0.1625 | Acc: 0.9438 | Val Loss: 0.1636 | Val Acc: 0.9440 | Time: 12.53s
2025-03-04 20:37:36,293 - INFO - P2 (Round 7) - Epoch 6/10 | Loss: 0.1616 | Acc: 0.9437 | Val Loss: 0.1656 | Val Acc: 0.9430 | Time: 12.48s
2025-03-04 20:37:47,315 - INFO - P2 (Round 7) - Epoch 7/10 | Loss: 0.1611 | Acc: 0.9436 | Val Loss: 0.1646 | Val Acc: 0.9421 | Time: 11.02s
2025-03-04 20:37:58,660 - INFO - P2 (Round 7) - Epoch 8/10 | Loss: 0.1604 | Acc: 0.9435 | Val Loss: 0.1634 | Val Acc: 0.9437 | Time: 11.35s
2025-03-04 20:38:10,827 - INFO - P2 (Round 7) - Epoch 9/10 | Loss: 0.1601 | Acc: 0.9437 | Val Loss: 0.1626 | Val Acc: 0.9405 | Time: 12.17s
2025-03-04 20:38:22,320 - INFO - P2 (Round 7) - Epoch 10/10 | Loss: 0.1598 | Acc: 0.9437 | Val Loss: 0.1611 | Val Acc: 0.9433 | Time: 11.49s
2025-03-04 20:38:24,730 - INFO - Round 7 completed in 245.84s
2025-03-04 20:38:24,730 - INFO - Global Model - P1 Test: Loss = 1.3157, Accuracy = 0.7670
2025-03-04 20:38:24,730 - INFO - Global Model - P2 Test: Loss = 2.5753, Accuracy = 0.5549
2025-03-04 20:38:35,376 - INFO - P1 (Round 8) - Epoch 1/10 | Loss: 0.0941 | Acc: 0.9713 | Val Loss: 0.0810 | Val Acc: 0.9745 | Time: 10.64s
2025-03-04 20:38:47,235 - INFO - P1 (Round 8) - Epoch 2/10 | Loss: 0.0796 | Acc: 0.9753 | Val Loss: 0.0781 | Val Acc: 0.9762 | Time: 11.86s
2025-03-04 20:39:00,034 - INFO - P1 (Round 8) - Epoch 3/10 | Loss: 0.0776 | Acc: 0.9760 | Val Loss: 0.0776 | Val Acc: 0.9764 | Time: 12.80s
2025-03-04 20:39:14,101 - INFO - P1 (Round 8) - Epoch 4/10 | Loss: 0.0765 | Acc: 0.9763 | Val Loss: 0.0762 | Val Acc: 0.9761 | Time: 14.07s
2025-03-04 20:39:27,421 - INFO - P1 (Round 8) - Epoch 5/10 | Loss: 0.0758 | Acc: 0.9765 | Val Loss: 0.0753 | Val Acc: 0.9764 | Time: 13.32s
2025-03-04 20:39:39,751 - INFO - P1 (Round 8) - Epoch 6/10 | Loss: 0.0750 | Acc: 0.9768 | Val Loss: 0.0769 | Val Acc: 0.9760 | Time: 12.33s
2025-03-04 20:39:51,706 - INFO - P1 (Round 8) - Epoch 7/10 | Loss: 0.0747 | Acc: 0.9768 | Val Loss: 0.0742 | Val Acc: 0.9768 | Time: 11.95s
2025-03-04 20:40:03,706 - INFO - P1 (Round 8) - Epoch 8/10 | Loss: 0.0742 | Acc: 0.9769 | Val Loss: 0.0763 | Val Acc: 0.9763 | Time: 12.00s
2025-03-04 20:40:15,818 - INFO - P1 (Round 8) - Epoch 9/10 | Loss: 0.0740 | Acc: 0.9770 | Val Loss: 0.0731 | Val Acc: 0.9771 | Time: 12.11s
2025-03-04 20:40:28,611 - INFO - P1 (Round 8) - Epoch 10/10 | Loss: 0.0735 | Acc: 0.9771 | Val Loss: 0.0741 | Val Acc: 0.9770 | Time: 12.79s
2025-03-04 20:40:41,449 - INFO - P2 (Round 8) - Epoch 1/10 | Loss: 0.1860 | Acc: 0.9371 | Val Loss: 0.1691 | Val Acc: 0.9422 | Time: 12.84s
2025-03-04 20:40:53,458 - INFO - P2 (Round 8) - Epoch 2/10 | Loss: 0.1670 | Acc: 0.9424 | Val Loss: 0.1647 | Val Acc: 0.9439 | Time: 12.01s
2025-03-04 20:41:05,975 - INFO - P2 (Round 8) - Epoch 3/10 | Loss: 0.1642 | Acc: 0.9436 | Val Loss: 0.1643 | Val Acc: 0.9438 | Time: 12.52s
2025-03-04 20:41:17,019 - INFO - P2 (Round 8) - Epoch 4/10 | Loss: 0.1628 | Acc: 0.9440 | Val Loss: 0.1666 | Val Acc: 0.9420 | Time: 11.04s
2025-03-04 20:41:28,220 - INFO - P2 (Round 8) - Epoch 5/10 | Loss: 0.1618 | Acc: 0.9440 | Val Loss: 0.1623 | Val Acc: 0.9450 | Time: 11.20s
2025-03-04 20:41:39,614 - INFO - P2 (Round 8) - Epoch 6/10 | Loss: 0.1610 | Acc: 0.9442 | Val Loss: 0.1645 | Val Acc: 0.9437 | Time: 11.39s
2025-03-04 20:41:52,612 - INFO - P2 (Round 8) - Epoch 7/10 | Loss: 0.1605 | Acc: 0.9439 | Val Loss: 0.1645 | Val Acc: 0.9428 | Time: 13.00s
2025-03-04 20:42:04,703 - INFO - P2 (Round 8) - Epoch 8/10 | Loss: 0.1598 | Acc: 0.9441 | Val Loss: 0.1596 | Val Acc: 0.9448 | Time: 12.09s
2025-03-04 20:42:16,497 - INFO - P2 (Round 8) - Epoch 9/10 | Loss: 0.1592 | Acc: 0.9441 | Val Loss: 0.1633 | Val Acc: 0.9423 | Time: 11.79s
2025-03-04 20:42:28,531 - INFO - P2 (Round 8) - Epoch 10/10 | Loss: 0.1589 | Acc: 0.9441 | Val Loss: 0.1584 | Val Acc: 0.9451 | Time: 12.03s
2025-03-04 20:42:31,033 - INFO - Round 8 completed in 246.30s
2025-03-04 20:42:31,033 - INFO - Global Model - P1 Test: Loss = 1.2436, Accuracy = 0.7776
2025-03-04 20:42:31,034 - INFO - Global Model - P2 Test: Loss = 2.9675, Accuracy = 0.5314
2025-03-04 20:42:43,182 - INFO - P1 (Round 9) - Epoch 1/10 | Loss: 0.0942 | Acc: 0.9716 | Val Loss: 0.0814 | Val Acc: 0.9749 | Time: 12.15s
2025-03-04 20:42:55,712 - INFO - P1 (Round 9) - Epoch 2/10 | Loss: 0.0790 | Acc: 0.9758 | Val Loss: 0.0789 | Val Acc: 0.9760 | Time: 12.53s
2025-03-04 20:43:08,325 - INFO - P1 (Round 9) - Epoch 3/10 | Loss: 0.0767 | Acc: 0.9765 | Val Loss: 0.0775 | Val Acc: 0.9760 | Time: 12.61s
2025-03-04 20:43:20,500 - INFO - P1 (Round 9) - Epoch 4/10 | Loss: 0.0758 | Acc: 0.9766 | Val Loss: 0.0774 | Val Acc: 0.9753 | Time: 12.18s
2025-03-04 20:43:32,600 - INFO - P1 (Round 9) - Epoch 5/10 | Loss: 0.0751 | Acc: 0.9769 | Val Loss: 0.0767 | Val Acc: 0.9758 | Time: 12.10s
2025-03-04 20:43:47,991 - INFO - P1 (Round 9) - Epoch 6/10 | Loss: 0.0744 | Acc: 0.9769 | Val Loss: 0.0754 | Val Acc: 0.9769 | Time: 15.39s
2025-03-04 20:44:01,548 - INFO - P1 (Round 9) - Epoch 7/10 | Loss: 0.0740 | Acc: 0.9771 | Val Loss: 0.0763 | Val Acc: 0.9765 | Time: 13.56s
2025-03-04 20:44:15,686 - INFO - P1 (Round 9) - Epoch 8/10 | Loss: 0.0737 | Acc: 0.9771 | Val Loss: 0.0735 | Val Acc: 0.9770 | Time: 14.14s
2025-03-04 20:44:25,601 - INFO - P1 (Round 9) - Epoch 9/10 | Loss: 0.0734 | Acc: 0.9772 | Val Loss: 0.0748 | Val Acc: 0.9762 | Time: 9.91s
2025-03-04 20:44:35,736 - INFO - P1 (Round 9) - Epoch 10/10 | Loss: 0.0730 | Acc: 0.9773 | Val Loss: 0.0726 | Val Acc: 0.9772 | Time: 10.14s
2025-03-04 20:44:45,933 - INFO - P2 (Round 9) - Epoch 1/10 | Loss: 0.1859 | Acc: 0.9369 | Val Loss: 0.1721 | Val Acc: 0.9405 | Time: 10.20s
2025-03-04 20:44:55,832 - INFO - P2 (Round 9) - Epoch 2/10 | Loss: 0.1652 | Acc: 0.9431 | Val Loss: 0.1660 | Val Acc: 0.9417 | Time: 9.90s
2025-03-04 20:45:05,929 - INFO - P2 (Round 9) - Epoch 3/10 | Loss: 0.1627 | Acc: 0.9438 | Val Loss: 0.1683 | Val Acc: 0.9408 | Time: 10.10s
2025-03-04 20:45:16,972 - INFO - P2 (Round 9) - Epoch 4/10 | Loss: 0.1611 | Acc: 0.9442 | Val Loss: 0.1634 | Val Acc: 0.9420 | Time: 11.04s
2025-03-04 20:45:28,103 - INFO - P2 (Round 9) - Epoch 5/10 | Loss: 0.1604 | Acc: 0.9441 | Val Loss: 0.1608 | Val Acc: 0.9442 | Time: 11.13s
2025-03-04 20:45:38,076 - INFO - P2 (Round 9) - Epoch 6/10 | Loss: 0.1594 | Acc: 0.9444 | Val Loss: 0.1594 | Val Acc: 0.9453 | Time: 9.97s
2025-03-04 20:45:48,133 - INFO - P2 (Round 9) - Epoch 7/10 | Loss: 0.1587 | Acc: 0.9444 | Val Loss: 0.1618 | Val Acc: 0.9403 | Time: 10.06s
2025-03-04 20:45:58,252 - INFO - P2 (Round 9) - Epoch 8/10 | Loss: 0.1582 | Acc: 0.9446 | Val Loss: 0.1588 | Val Acc: 0.9449 | Time: 10.12s
2025-03-04 20:46:08,569 - INFO - P2 (Round 9) - Epoch 9/10 | Loss: 0.1578 | Acc: 0.9446 | Val Loss: 0.1592 | Val Acc: 0.9418 | Time: 10.32s
2025-03-04 20:46:18,670 - INFO - P2 (Round 9) - Epoch 10/10 | Loss: 0.1574 | Acc: 0.9446 | Val Loss: 0.1587 | Val Acc: 0.9444 | Time: 10.10s
2025-03-04 20:46:20,980 - INFO - Round 9 completed in 229.95s
2025-03-04 20:46:20,980 - INFO - Global Model - P1 Test: Loss = 1.1220, Accuracy = 0.7952
2025-03-04 20:46:20,980 - INFO - Global Model - P2 Test: Loss = 3.1752, Accuracy = 0.5235
2025-03-04 20:46:32,759 - INFO - P1 (Round 10) - Epoch 1/10 | Loss: 0.0930 | Acc: 0.9720 | Val Loss: 0.0813 | Val Acc: 0.9761 | Time: 11.78s
2025-03-04 20:46:44,866 - INFO - P1 (Round 10) - Epoch 2/10 | Loss: 0.0781 | Acc: 0.9761 | Val Loss: 0.0751 | Val Acc: 0.9774 | Time: 12.11s
2025-03-04 20:46:56,810 - INFO - P1 (Round 10) - Epoch 3/10 | Loss: 0.0759 | Acc: 0.9767 | Val Loss: 0.0756 | Val Acc: 0.9763 | Time: 11.94s
2025-03-04 20:47:08,650 - INFO - P1 (Round 10) - Epoch 4/10 | Loss: 0.0750 | Acc: 0.9770 | Val Loss: 0.0753 | Val Acc: 0.9761 | Time: 11.84s
2025-03-04 20:47:20,626 - INFO - P1 (Round 10) - Epoch 5/10 | Loss: 0.0743 | Acc: 0.9771 | Val Loss: 0.0760 | Val Acc: 0.9771 | Time: 11.98s
2025-03-04 20:47:32,437 - INFO - P1 (Round 10) - Epoch 6/10 | Loss: 0.0738 | Acc: 0.9772 | Val Loss: 0.0749 | Val Acc: 0.9770 | Time: 11.81s
2025-03-04 20:47:45,335 - INFO - P1 (Round 10) - Epoch 7/10 | Loss: 0.0735 | Acc: 0.9773 | Val Loss: 0.0741 | Val Acc: 0.9767 | Time: 12.90s
2025-03-04 20:47:57,973 - INFO - P1 (Round 10) - Epoch 8/10 | Loss: 0.0732 | Acc: 0.9773 | Val Loss: 0.0740 | Val Acc: 0.9772 | Time: 12.64s
2025-03-04 20:48:09,907 - INFO - P1 (Round 10) - Epoch 9/10 | Loss: 0.0728 | Acc: 0.9774 | Val Loss: 0.0726 | Val Acc: 0.9777 | Time: 11.93s
2025-03-04 20:48:21,978 - INFO - P1 (Round 10) - Epoch 10/10 | Loss: 0.0726 | Acc: 0.9775 | Val Loss: 0.0721 | Val Acc: 0.9772 | Time: 12.07s
2025-03-04 20:48:34,105 - INFO - P2 (Round 10) - Epoch 1/10 | Loss: 0.1845 | Acc: 0.9373 | Val Loss: 0.1697 | Val Acc: 0.9427 | Time: 12.13s
2025-03-04 20:48:45,937 - INFO - P2 (Round 10) - Epoch 2/10 | Loss: 0.1639 | Acc: 0.9432 | Val Loss: 0.1646 | Val Acc: 0.9436 | Time: 11.83s
2025-03-04 20:48:59,423 - INFO - P2 (Round 10) - Epoch 3/10 | Loss: 0.1615 | Acc: 0.9442 | Val Loss: 0.1637 | Val Acc: 0.9454 | Time: 13.49s
2025-03-04 20:49:11,906 - INFO - P2 (Round 10) - Epoch 4/10 | Loss: 0.1603 | Acc: 0.9444 | Val Loss: 0.1633 | Val Acc: 0.9452 | Time: 12.48s
2025-03-04 20:49:24,353 - INFO - P2 (Round 10) - Epoch 5/10 | Loss: 0.1594 | Acc: 0.9447 | Val Loss: 0.1619 | Val Acc: 0.9422 | Time: 12.45s
2025-03-04 20:49:36,184 - INFO - P2 (Round 10) - Epoch 6/10 | Loss: 0.1586 | Acc: 0.9446 | Val Loss: 0.1593 | Val Acc: 0.9425 | Time: 11.83s
2025-03-04 20:49:48,463 - INFO - P2 (Round 10) - Epoch 7/10 | Loss: 0.1578 | Acc: 0.9448 | Val Loss: 0.1588 | Val Acc: 0.9442 | Time: 12.28s
2025-03-04 20:50:00,823 - INFO - P2 (Round 10) - Epoch 8/10 | Loss: 0.1575 | Acc: 0.9447 | Val Loss: 0.1591 | Val Acc: 0.9446 | Time: 12.36s
2025-03-04 20:50:14,010 - INFO - P2 (Round 10) - Epoch 9/10 | Loss: 0.1572 | Acc: 0.9448 | Val Loss: 0.1576 | Val Acc: 0.9457 | Time: 13.19s
2025-03-04 20:50:25,911 - INFO - P2 (Round 10) - Epoch 10/10 | Loss: 0.1567 | Acc: 0.9449 | Val Loss: 0.1602 | Val Acc: 0.9451 | Time: 11.90s
2025-03-04 20:50:28,416 - INFO - Round 10 completed in 247.44s
2025-03-04 20:50:28,416 - INFO - Global Model - P1 Test: Loss = 1.1642, Accuracy = 0.7890
2025-03-04 20:50:28,416 - INFO - Global Model - P2 Test: Loss = 3.6075, Accuracy = 0.5142
2025-03-04 20:50:31,072 - INFO - Final Results after 10 rounds:
2025-03-04 20:50:31,072 - INFO - Global Model - P1 Test: Loss = 1.1642, Accuracy = 0.7890
2025-03-04 20:50:31,072 - INFO - Global Model - P2 Test: Loss = 3.6075, Accuracy = 0.5142
2025-03-04 20:50:31,081 - INFO - Experiment 66 results saved to results/suppression_experiments/exp_66_p1f10_p2f5.json
