2025-03-04 16:53:32,814 - INFO - Starting Suppression Experiment 36
2025-03-04 16:53:32,814 - INFO - P1 Features (12/14): ['protocol', 'bidirectional_min_ps', 'bidirectional_mean_ps', 'bidirectional_stddev_ps', 'bidirectional_max_ps', 'src2dst_stddev_ps', 'src2dst_max_ps', 'dst2src_min_ps', 'dst2src_mean_ps', 'dst2src_stddev_ps', 'dst2src_max_ps', 'bidirectional_stddev_piat_ms']
2025-03-04 16:53:32,814 - INFO - P2 Features (7/14): ['protocol', 'bidirectional_min_ps', 'bidirectional_mean_ps', 'bidirectional_stddev_ps', 'bidirectional_max_ps', 'src2dst_stddev_ps', 'src2dst_max_ps']
2025-03-04 16:53:46,483 - INFO - P1 (Round 1) - Epoch 1/10 | Loss: 0.3590 | Acc: 0.8750 | Val Loss: 0.2170 | Val Acc: 0.9227 | Time: 12.35s
2025-03-04 16:53:58,653 - INFO - P1 (Round 1) - Epoch 2/10 | Loss: 0.2026 | Acc: 0.9287 | Val Loss: 0.1904 | Val Acc: 0.9341 | Time: 12.17s
2025-03-04 16:54:10,872 - INFO - P1 (Round 1) - Epoch 3/10 | Loss: 0.1833 | Acc: 0.9364 | Val Loss: 0.1744 | Val Acc: 0.9401 | Time: 12.22s
2025-03-04 16:54:23,605 - INFO - P1 (Round 1) - Epoch 4/10 | Loss: 0.1715 | Acc: 0.9418 | Val Loss: 0.1652 | Val Acc: 0.9440 | Time: 12.73s
2025-03-04 16:54:37,077 - INFO - P1 (Round 1) - Epoch 5/10 | Loss: 0.1622 | Acc: 0.9457 | Val Loss: 0.1583 | Val Acc: 0.9485 | Time: 13.47s
2025-03-04 16:54:49,404 - INFO - P1 (Round 1) - Epoch 6/10 | Loss: 0.1566 | Acc: 0.9475 | Val Loss: 0.1546 | Val Acc: 0.9459 | Time: 12.33s
2025-03-04 16:55:01,441 - INFO - P1 (Round 1) - Epoch 7/10 | Loss: 0.1524 | Acc: 0.9489 | Val Loss: 0.1490 | Val Acc: 0.9516 | Time: 12.04s
2025-03-04 16:55:13,522 - INFO - P1 (Round 1) - Epoch 8/10 | Loss: 0.1485 | Acc: 0.9500 | Val Loss: 0.1455 | Val Acc: 0.9512 | Time: 12.08s
2025-03-04 16:55:25,490 - INFO - P1 (Round 1) - Epoch 9/10 | Loss: 0.1454 | Acc: 0.9509 | Val Loss: 0.1439 | Val Acc: 0.9530 | Time: 11.97s
2025-03-04 16:55:38,061 - INFO - P1 (Round 1) - Epoch 10/10 | Loss: 0.1426 | Acc: 0.9519 | Val Loss: 0.1410 | Val Acc: 0.9540 | Time: 12.57s
2025-03-04 16:55:51,446 - INFO - P2 (Round 1) - Epoch 1/10 | Loss: 0.4662 | Acc: 0.8387 | Val Loss: 0.3009 | Val Acc: 0.8947 | Time: 13.38s
2025-03-04 16:56:03,583 - INFO - P2 (Round 1) - Epoch 2/10 | Loss: 0.2565 | Acc: 0.9176 | Val Loss: 0.2155 | Val Acc: 0.9382 | Time: 12.14s
2025-03-04 16:56:15,490 - INFO - P2 (Round 1) - Epoch 3/10 | Loss: 0.1948 | Acc: 0.9438 | Val Loss: 0.1816 | Val Acc: 0.9486 | Time: 11.91s
2025-03-04 16:56:27,574 - INFO - P2 (Round 1) - Epoch 4/10 | Loss: 0.1722 | Acc: 0.9512 | Val Loss: 0.1641 | Val Acc: 0.9527 | Time: 12.08s
2025-03-04 16:56:39,657 - INFO - P2 (Round 1) - Epoch 5/10 | Loss: 0.1584 | Acc: 0.9543 | Val Loss: 0.1537 | Val Acc: 0.9549 | Time: 12.08s
2025-03-04 16:56:52,912 - INFO - P2 (Round 1) - Epoch 6/10 | Loss: 0.1498 | Acc: 0.9563 | Val Loss: 0.1473 | Val Acc: 0.9572 | Time: 13.25s
2025-03-04 16:57:05,485 - INFO - P2 (Round 1) - Epoch 7/10 | Loss: 0.1439 | Acc: 0.9578 | Val Loss: 0.1419 | Val Acc: 0.9584 | Time: 12.57s
2025-03-04 16:57:17,666 - INFO - P2 (Round 1) - Epoch 8/10 | Loss: 0.1388 | Acc: 0.9588 | Val Loss: 0.1369 | Val Acc: 0.9589 | Time: 12.18s
2025-03-04 16:57:29,524 - INFO - P2 (Round 1) - Epoch 9/10 | Loss: 0.1345 | Acc: 0.9597 | Val Loss: 0.1336 | Val Acc: 0.9598 | Time: 11.86s
2025-03-04 16:57:41,843 - INFO - P2 (Round 1) - Epoch 10/10 | Loss: 0.1307 | Acc: 0.9607 | Val Loss: 0.1316 | Val Acc: 0.9609 | Time: 12.32s
2025-03-04 16:57:44,382 - INFO - Round 1 completed in 251.42s
2025-03-04 16:57:44,383 - INFO - Global Model - P1 Test: Loss = 5.8715, Accuracy = 0.3179
2025-03-04 16:57:44,383 - INFO - Global Model - P2 Test: Loss = 5.8516, Accuracy = 0.2604
2025-03-04 16:57:57,380 - INFO - P1 (Round 2) - Epoch 1/10 | Loss: 0.2831 | Acc: 0.9121 | Val Loss: 0.1902 | Val Acc: 0.9349 | Time: 13.00s
2025-03-04 16:58:10,349 - INFO - P1 (Round 2) - Epoch 2/10 | Loss: 0.1599 | Acc: 0.9478 | Val Loss: 0.1356 | Val Acc: 0.9584 | Time: 12.97s
2025-03-04 16:58:22,256 - INFO - P1 (Round 2) - Epoch 3/10 | Loss: 0.1268 | Acc: 0.9606 | Val Loss: 0.1196 | Val Acc: 0.9629 | Time: 11.91s
2025-03-04 16:58:34,341 - INFO - P1 (Round 2) - Epoch 4/10 | Loss: 0.1158 | Acc: 0.9637 | Val Loss: 0.1147 | Val Acc: 0.9663 | Time: 12.08s
2025-03-04 16:58:46,216 - INFO - P1 (Round 2) - Epoch 5/10 | Loss: 0.1096 | Acc: 0.9655 | Val Loss: 0.1064 | Val Acc: 0.9664 | Time: 11.88s
2025-03-04 16:58:58,419 - INFO - P1 (Round 2) - Epoch 6/10 | Loss: 0.1049 | Acc: 0.9670 | Val Loss: 0.1018 | Val Acc: 0.9685 | Time: 12.20s
2025-03-04 16:59:11,489 - INFO - P1 (Round 2) - Epoch 7/10 | Loss: 0.1013 | Acc: 0.9682 | Val Loss: 0.0980 | Val Acc: 0.9686 | Time: 13.07s
2025-03-04 16:59:22,084 - INFO - P1 (Round 2) - Epoch 8/10 | Loss: 0.0983 | Acc: 0.9690 | Val Loss: 0.0965 | Val Acc: 0.9691 | Time: 10.59s
2025-03-04 16:59:32,320 - INFO - P1 (Round 2) - Epoch 9/10 | Loss: 0.0957 | Acc: 0.9701 | Val Loss: 0.0942 | Val Acc: 0.9705 | Time: 10.24s
2025-03-04 16:59:42,922 - INFO - P1 (Round 2) - Epoch 10/10 | Loss: 0.0930 | Acc: 0.9712 | Val Loss: 0.0928 | Val Acc: 0.9719 | Time: 10.60s
2025-03-04 16:59:54,326 - INFO - P2 (Round 2) - Epoch 1/10 | Loss: 0.3207 | Acc: 0.9069 | Val Loss: 0.1986 | Val Acc: 0.9415 | Time: 11.40s
2025-03-04 17:00:06,728 - INFO - P2 (Round 2) - Epoch 2/10 | Loss: 0.1784 | Acc: 0.9480 | Val Loss: 0.1667 | Val Acc: 0.9481 | Time: 12.40s
2025-03-04 17:00:20,088 - INFO - P2 (Round 2) - Epoch 3/10 | Loss: 0.1592 | Acc: 0.9535 | Val Loss: 0.1566 | Val Acc: 0.9550 | Time: 13.36s
2025-03-04 17:00:32,013 - INFO - P2 (Round 2) - Epoch 4/10 | Loss: 0.1497 | Acc: 0.9564 | Val Loss: 0.1480 | Val Acc: 0.9571 | Time: 11.93s
2025-03-04 17:00:43,845 - INFO - P2 (Round 2) - Epoch 5/10 | Loss: 0.1429 | Acc: 0.9583 | Val Loss: 0.1405 | Val Acc: 0.9593 | Time: 11.83s
2025-03-04 17:00:56,000 - INFO - P2 (Round 2) - Epoch 6/10 | Loss: 0.1369 | Acc: 0.9601 | Val Loss: 0.1359 | Val Acc: 0.9605 | Time: 12.15s
2025-03-04 17:01:07,858 - INFO - P2 (Round 2) - Epoch 7/10 | Loss: 0.1332 | Acc: 0.9608 | Val Loss: 0.1330 | Val Acc: 0.9602 | Time: 11.86s
2025-03-04 17:01:20,242 - INFO - P2 (Round 2) - Epoch 8/10 | Loss: 0.1301 | Acc: 0.9616 | Val Loss: 0.1295 | Val Acc: 0.9612 | Time: 12.38s
2025-03-04 17:01:33,506 - INFO - P2 (Round 2) - Epoch 9/10 | Loss: 0.1274 | Acc: 0.9620 | Val Loss: 0.1289 | Val Acc: 0.9625 | Time: 13.26s
2025-03-04 17:01:45,821 - INFO - P2 (Round 2) - Epoch 10/10 | Loss: 0.1254 | Acc: 0.9624 | Val Loss: 0.1259 | Val Acc: 0.9623 | Time: 12.31s
2025-03-04 17:01:48,514 - INFO - Round 2 completed in 244.13s
2025-03-04 17:01:48,514 - INFO - Global Model - P1 Test: Loss = 1.8618, Accuracy = 0.6717
2025-03-04 17:01:48,514 - INFO - Global Model - P2 Test: Loss = 2.9641, Accuracy = 0.5053
2025-03-04 17:02:00,622 - INFO - P1 (Round 3) - Epoch 1/10 | Loss: 0.1629 | Acc: 0.9497 | Val Loss: 0.1173 | Val Acc: 0.9628 | Time: 12.11s
2025-03-04 17:02:13,073 - INFO - P1 (Round 3) - Epoch 2/10 | Loss: 0.1125 | Acc: 0.9649 | Val Loss: 0.1082 | Val Acc: 0.9643 | Time: 12.45s
2025-03-04 17:02:25,271 - INFO - P1 (Round 3) - Epoch 3/10 | Loss: 0.1030 | Acc: 0.9675 | Val Loss: 0.0986 | Val Acc: 0.9695 | Time: 12.20s
2025-03-04 17:02:38,455 - INFO - P1 (Round 3) - Epoch 4/10 | Loss: 0.0971 | Acc: 0.9693 | Val Loss: 0.0938 | Val Acc: 0.9711 | Time: 13.18s
2025-03-04 17:02:50,798 - INFO - P1 (Round 3) - Epoch 5/10 | Loss: 0.0938 | Acc: 0.9705 | Val Loss: 0.0924 | Val Acc: 0.9711 | Time: 12.34s
2025-03-04 17:03:03,118 - INFO - P1 (Round 3) - Epoch 6/10 | Loss: 0.0913 | Acc: 0.9714 | Val Loss: 0.0892 | Val Acc: 0.9723 | Time: 12.32s
2025-03-04 17:03:15,490 - INFO - P1 (Round 3) - Epoch 7/10 | Loss: 0.0891 | Acc: 0.9720 | Val Loss: 0.0874 | Val Acc: 0.9732 | Time: 12.37s
2025-03-04 17:03:27,351 - INFO - P1 (Round 3) - Epoch 8/10 | Loss: 0.0869 | Acc: 0.9727 | Val Loss: 0.0859 | Val Acc: 0.9733 | Time: 11.86s
2025-03-04 17:03:39,328 - INFO - P1 (Round 3) - Epoch 9/10 | Loss: 0.0850 | Acc: 0.9734 | Val Loss: 0.0834 | Val Acc: 0.9737 | Time: 11.98s
2025-03-04 17:03:52,422 - INFO - P1 (Round 3) - Epoch 10/10 | Loss: 0.0832 | Acc: 0.9741 | Val Loss: 0.0813 | Val Acc: 0.9752 | Time: 13.09s
2025-03-04 17:04:04,872 - INFO - P2 (Round 3) - Epoch 1/10 | Loss: 0.2178 | Acc: 0.9300 | Val Loss: 0.1577 | Val Acc: 0.9520 | Time: 12.45s
2025-03-04 17:04:17,207 - INFO - P2 (Round 3) - Epoch 2/10 | Loss: 0.1507 | Acc: 0.9548 | Val Loss: 0.1496 | Val Acc: 0.9539 | Time: 12.33s
2025-03-04 17:04:28,465 - INFO - P2 (Round 3) - Epoch 3/10 | Loss: 0.1437 | Acc: 0.9566 | Val Loss: 0.1434 | Val Acc: 0.9572 | Time: 11.26s
2025-03-04 17:04:38,783 - INFO - P2 (Round 3) - Epoch 4/10 | Loss: 0.1384 | Acc: 0.9584 | Val Loss: 0.1372 | Val Acc: 0.9587 | Time: 10.32s
2025-03-04 17:04:48,985 - INFO - P2 (Round 3) - Epoch 5/10 | Loss: 0.1349 | Acc: 0.9595 | Val Loss: 0.1388 | Val Acc: 0.9573 | Time: 10.20s
2025-03-04 17:05:01,253 - INFO - P2 (Round 3) - Epoch 6/10 | Loss: 0.1325 | Acc: 0.9601 | Val Loss: 0.1328 | Val Acc: 0.9597 | Time: 12.27s
2025-03-04 17:05:11,735 - INFO - P2 (Round 3) - Epoch 7/10 | Loss: 0.1307 | Acc: 0.9606 | Val Loss: 0.1321 | Val Acc: 0.9598 | Time: 10.48s
2025-03-04 17:05:22,044 - INFO - P2 (Round 3) - Epoch 8/10 | Loss: 0.1292 | Acc: 0.9609 | Val Loss: 0.1337 | Val Acc: 0.9585 | Time: 10.31s
2025-03-04 17:05:32,197 - INFO - P2 (Round 3) - Epoch 9/10 | Loss: 0.1279 | Acc: 0.9613 | Val Loss: 0.1300 | Val Acc: 0.9613 | Time: 10.15s
2025-03-04 17:05:42,506 - INFO - P2 (Round 3) - Epoch 10/10 | Loss: 0.1270 | Acc: 0.9616 | Val Loss: 0.1276 | Val Acc: 0.9613 | Time: 10.31s
2025-03-04 17:05:45,278 - INFO - Round 3 completed in 236.76s
2025-03-04 17:05:45,278 - INFO - Global Model - P1 Test: Loss = 1.2354, Accuracy = 0.7775
2025-03-04 17:05:45,278 - INFO - Global Model - P2 Test: Loss = 1.6753, Accuracy = 0.5853
2025-03-04 17:05:57,668 - INFO - P1 (Round 4) - Epoch 1/10 | Loss: 0.1430 | Acc: 0.9574 | Val Loss: 0.1008 | Val Acc: 0.9675 | Time: 12.39s
2025-03-04 17:06:09,334 - INFO - P1 (Round 4) - Epoch 2/10 | Loss: 0.0946 | Acc: 0.9700 | Val Loss: 0.0922 | Val Acc: 0.9715 | Time: 11.67s
2025-03-04 17:06:21,010 - INFO - P1 (Round 4) - Epoch 3/10 | Loss: 0.0892 | Acc: 0.9717 | Val Loss: 0.0888 | Val Acc: 0.9731 | Time: 11.68s
2025-03-04 17:06:31,169 - INFO - P1 (Round 4) - Epoch 4/10 | Loss: 0.0862 | Acc: 0.9731 | Val Loss: 0.0838 | Val Acc: 0.9741 | Time: 10.16s
2025-03-04 17:06:41,505 - INFO - P1 (Round 4) - Epoch 5/10 | Loss: 0.0841 | Acc: 0.9740 | Val Loss: 0.0839 | Val Acc: 0.9740 | Time: 10.34s
2025-03-04 17:06:51,883 - INFO - P1 (Round 4) - Epoch 6/10 | Loss: 0.0825 | Acc: 0.9748 | Val Loss: 0.0811 | Val Acc: 0.9745 | Time: 10.38s
2025-03-04 17:07:02,093 - INFO - P1 (Round 4) - Epoch 7/10 | Loss: 0.0809 | Acc: 0.9754 | Val Loss: 0.0811 | Val Acc: 0.9738 | Time: 10.21s
2025-03-04 17:07:12,397 - INFO - P1 (Round 4) - Epoch 8/10 | Loss: 0.0796 | Acc: 0.9759 | Val Loss: 0.0784 | Val Acc: 0.9772 | Time: 10.30s
2025-03-04 17:07:24,554 - INFO - P1 (Round 4) - Epoch 9/10 | Loss: 0.0783 | Acc: 0.9765 | Val Loss: 0.0795 | Val Acc: 0.9752 | Time: 12.16s
2025-03-04 17:07:35,147 - INFO - P1 (Round 4) - Epoch 10/10 | Loss: 0.0772 | Acc: 0.9770 | Val Loss: 0.0761 | Val Acc: 0.9778 | Time: 10.59s
2025-03-04 17:07:45,442 - INFO - P2 (Round 4) - Epoch 1/10 | Loss: 0.2131 | Acc: 0.9300 | Val Loss: 0.1564 | Val Acc: 0.9542 | Time: 10.29s
2025-03-04 17:07:56,027 - INFO - P2 (Round 4) - Epoch 2/10 | Loss: 0.1456 | Acc: 0.9564 | Val Loss: 0.1409 | Val Acc: 0.9569 | Time: 10.58s
2025-03-04 17:08:06,286 - INFO - P2 (Round 4) - Epoch 3/10 | Loss: 0.1375 | Acc: 0.9579 | Val Loss: 0.1377 | Val Acc: 0.9557 | Time: 10.26s
2025-03-04 17:08:16,460 - INFO - P2 (Round 4) - Epoch 4/10 | Loss: 0.1343 | Acc: 0.9584 | Val Loss: 0.1351 | Val Acc: 0.9591 | Time: 10.17s
2025-03-04 17:08:26,845 - INFO - P2 (Round 4) - Epoch 5/10 | Loss: 0.1323 | Acc: 0.9588 | Val Loss: 0.1353 | Val Acc: 0.9564 | Time: 10.38s
2025-03-04 17:08:39,212 - INFO - P2 (Round 4) - Epoch 6/10 | Loss: 0.1304 | Acc: 0.9591 | Val Loss: 0.1302 | Val Acc: 0.9590 | Time: 12.37s
2025-03-04 17:08:49,351 - INFO - P2 (Round 4) - Epoch 7/10 | Loss: 0.1291 | Acc: 0.9593 | Val Loss: 0.1302 | Val Acc: 0.9597 | Time: 10.14s
2025-03-04 17:08:59,720 - INFO - P2 (Round 4) - Epoch 8/10 | Loss: 0.1281 | Acc: 0.9597 | Val Loss: 0.1298 | Val Acc: 0.9598 | Time: 10.37s
2025-03-04 17:09:10,410 - INFO - P2 (Round 4) - Epoch 9/10 | Loss: 0.1269 | Acc: 0.9600 | Val Loss: 0.1298 | Val Acc: 0.9589 | Time: 10.69s
2025-03-04 17:09:20,790 - INFO - P2 (Round 4) - Epoch 10/10 | Loss: 0.1258 | Acc: 0.9601 | Val Loss: 0.1277 | Val Acc: 0.9605 | Time: 10.38s
2025-03-04 17:09:23,018 - INFO - Round 4 completed in 217.74s
2025-03-04 17:09:23,018 - INFO - Global Model - P1 Test: Loss = 1.0356, Accuracy = 0.8066
2025-03-04 17:09:23,018 - INFO - Global Model - P2 Test: Loss = 1.3733, Accuracy = 0.7285
2025-03-04 17:09:33,273 - INFO - P1 (Round 5) - Epoch 1/10 | Loss: 0.1093 | Acc: 0.9662 | Val Loss: 0.0899 | Val Acc: 0.9723 | Time: 10.25s
2025-03-04 17:09:45,302 - INFO - P1 (Round 5) - Epoch 2/10 | Loss: 0.0870 | Acc: 0.9729 | Val Loss: 0.0829 | Val Acc: 0.9741 | Time: 12.03s
2025-03-04 17:09:56,330 - INFO - P1 (Round 5) - Epoch 3/10 | Loss: 0.0831 | Acc: 0.9744 | Val Loss: 0.0808 | Val Acc: 0.9753 | Time: 11.03s
2025-03-04 17:10:07,979 - INFO - P1 (Round 5) - Epoch 4/10 | Loss: 0.0810 | Acc: 0.9751 | Val Loss: 0.0797 | Val Acc: 0.9759 | Time: 11.65s
2025-03-04 17:10:19,595 - INFO - P1 (Round 5) - Epoch 5/10 | Loss: 0.0794 | Acc: 0.9756 | Val Loss: 0.0786 | Val Acc: 0.9763 | Time: 11.62s
2025-03-04 17:10:30,463 - INFO - P1 (Round 5) - Epoch 6/10 | Loss: 0.0782 | Acc: 0.9760 | Val Loss: 0.0785 | Val Acc: 0.9768 | Time: 10.87s
2025-03-04 17:10:40,692 - INFO - P1 (Round 5) - Epoch 7/10 | Loss: 0.0771 | Acc: 0.9763 | Val Loss: 0.0773 | Val Acc: 0.9764 | Time: 10.23s
2025-03-04 17:10:51,122 - INFO - P1 (Round 5) - Epoch 8/10 | Loss: 0.0762 | Acc: 0.9767 | Val Loss: 0.0759 | Val Acc: 0.9768 | Time: 10.43s
2025-03-04 17:11:04,054 - INFO - P1 (Round 5) - Epoch 9/10 | Loss: 0.0755 | Acc: 0.9770 | Val Loss: 0.0749 | Val Acc: 0.9778 | Time: 12.93s
2025-03-04 17:11:16,047 - INFO - P1 (Round 5) - Epoch 10/10 | Loss: 0.0747 | Acc: 0.9773 | Val Loss: 0.0746 | Val Acc: 0.9777 | Time: 11.99s
2025-03-04 17:11:28,173 - INFO - P2 (Round 5) - Epoch 1/10 | Loss: 0.1538 | Acc: 0.9518 | Val Loss: 0.1376 | Val Acc: 0.9564 | Time: 12.13s
2025-03-04 17:11:39,967 - INFO - P2 (Round 5) - Epoch 2/10 | Loss: 0.1336 | Acc: 0.9582 | Val Loss: 0.1323 | Val Acc: 0.9580 | Time: 11.79s
2025-03-04 17:11:52,071 - INFO - P2 (Round 5) - Epoch 3/10 | Loss: 0.1294 | Acc: 0.9590 | Val Loss: 0.1307 | Val Acc: 0.9585 | Time: 12.10s
2025-03-04 17:12:04,621 - INFO - P2 (Round 5) - Epoch 4/10 | Loss: 0.1269 | Acc: 0.9595 | Val Loss: 0.1274 | Val Acc: 0.9595 | Time: 12.55s
2025-03-04 17:12:17,592 - INFO - P2 (Round 5) - Epoch 5/10 | Loss: 0.1250 | Acc: 0.9601 | Val Loss: 0.1279 | Val Acc: 0.9600 | Time: 12.97s
2025-03-04 17:12:29,853 - INFO - P2 (Round 5) - Epoch 6/10 | Loss: 0.1235 | Acc: 0.9606 | Val Loss: 0.1224 | Val Acc: 0.9609 | Time: 12.26s
2025-03-04 17:12:41,859 - INFO - P2 (Round 5) - Epoch 7/10 | Loss: 0.1219 | Acc: 0.9610 | Val Loss: 0.1229 | Val Acc: 0.9610 | Time: 12.01s
2025-03-04 17:12:53,928 - INFO - P2 (Round 5) - Epoch 8/10 | Loss: 0.1202 | Acc: 0.9619 | Val Loss: 0.1216 | Val Acc: 0.9607 | Time: 12.07s
2025-03-04 17:13:05,601 - INFO - P2 (Round 5) - Epoch 9/10 | Loss: 0.1187 | Acc: 0.9622 | Val Loss: 0.1203 | Val Acc: 0.9613 | Time: 11.67s
2025-03-04 17:13:18,247 - INFO - P2 (Round 5) - Epoch 10/10 | Loss: 0.1174 | Acc: 0.9628 | Val Loss: 0.1183 | Val Acc: 0.9624 | Time: 12.65s
2025-03-04 17:13:21,177 - INFO - Round 5 completed in 238.16s
2025-03-04 17:13:21,178 - INFO - Global Model - P1 Test: Loss = 1.1130, Accuracy = 0.7580
2025-03-04 17:13:21,178 - INFO - Global Model - P2 Test: Loss = 1.2197, Accuracy = 0.7071
2025-03-04 17:13:33,732 - INFO - P1 (Round 6) - Epoch 1/10 | Loss: 0.0967 | Acc: 0.9711 | Val Loss: 0.0843 | Val Acc: 0.9739 | Time: 12.55s
2025-03-04 17:13:45,726 - INFO - P1 (Round 6) - Epoch 2/10 | Loss: 0.0808 | Acc: 0.9755 | Val Loss: 0.0781 | Val Acc: 0.9762 | Time: 11.99s
2025-03-04 17:13:57,972 - INFO - P1 (Round 6) - Epoch 3/10 | Loss: 0.0776 | Acc: 0.9765 | Val Loss: 0.0774 | Val Acc: 0.9773 | Time: 12.25s
2025-03-04 17:14:10,102 - INFO - P1 (Round 6) - Epoch 4/10 | Loss: 0.0757 | Acc: 0.9771 | Val Loss: 0.0745 | Val Acc: 0.9784 | Time: 12.13s
2025-03-04 17:14:22,180 - INFO - P1 (Round 6) - Epoch 5/10 | Loss: 0.0743 | Acc: 0.9775 | Val Loss: 0.0720 | Val Acc: 0.9784 | Time: 12.08s
2025-03-04 17:14:35,077 - INFO - P1 (Round 6) - Epoch 6/10 | Loss: 0.0731 | Acc: 0.9779 | Val Loss: 0.0728 | Val Acc: 0.9786 | Time: 12.90s
2025-03-04 17:14:47,274 - INFO - P1 (Round 6) - Epoch 7/10 | Loss: 0.0721 | Acc: 0.9782 | Val Loss: 0.0718 | Val Acc: 0.9783 | Time: 12.20s
2025-03-04 17:14:59,236 - INFO - P1 (Round 6) - Epoch 8/10 | Loss: 0.0712 | Acc: 0.9784 | Val Loss: 0.0716 | Val Acc: 0.9784 | Time: 11.96s
2025-03-04 17:15:11,080 - INFO - P1 (Round 6) - Epoch 9/10 | Loss: 0.0706 | Acc: 0.9788 | Val Loss: 0.0707 | Val Acc: 0.9792 | Time: 11.84s
2025-03-04 17:15:23,200 - INFO - P1 (Round 6) - Epoch 10/10 | Loss: 0.0699 | Acc: 0.9790 | Val Loss: 0.0681 | Val Acc: 0.9799 | Time: 12.12s
2025-03-04 17:15:35,405 - INFO - P2 (Round 6) - Epoch 1/10 | Loss: 0.1378 | Acc: 0.9570 | Val Loss: 0.1257 | Val Acc: 0.9618 | Time: 12.20s
2025-03-04 17:15:48,892 - INFO - P2 (Round 6) - Epoch 2/10 | Loss: 0.1220 | Acc: 0.9622 | Val Loss: 0.1210 | Val Acc: 0.9631 | Time: 13.49s
2025-03-04 17:16:00,865 - INFO - P2 (Round 6) - Epoch 3/10 | Loss: 0.1190 | Acc: 0.9634 | Val Loss: 0.1205 | Val Acc: 0.9619 | Time: 11.97s
2025-03-04 17:16:12,767 - INFO - P2 (Round 6) - Epoch 4/10 | Loss: 0.1163 | Acc: 0.9642 | Val Loss: 0.1160 | Val Acc: 0.9646 | Time: 11.90s
2025-03-04 17:16:24,808 - INFO - P2 (Round 6) - Epoch 5/10 | Loss: 0.1130 | Acc: 0.9657 | Val Loss: 0.1121 | Val Acc: 0.9653 | Time: 12.04s
2025-03-04 17:16:36,875 - INFO - P2 (Round 6) - Epoch 6/10 | Loss: 0.1104 | Acc: 0.9667 | Val Loss: 0.1120 | Val Acc: 0.9669 | Time: 12.07s
2025-03-04 17:16:48,978 - INFO - P2 (Round 6) - Epoch 7/10 | Loss: 0.1087 | Acc: 0.9673 | Val Loss: 0.1093 | Val Acc: 0.9676 | Time: 12.10s
2025-03-04 17:17:02,078 - INFO - P2 (Round 6) - Epoch 8/10 | Loss: 0.1073 | Acc: 0.9678 | Val Loss: 0.1081 | Val Acc: 0.9681 | Time: 13.10s
2025-03-04 17:17:14,241 - INFO - P2 (Round 6) - Epoch 9/10 | Loss: 0.1062 | Acc: 0.9682 | Val Loss: 0.1084 | Val Acc: 0.9681 | Time: 12.16s
2025-03-04 17:17:26,177 - INFO - P2 (Round 6) - Epoch 10/10 | Loss: 0.1054 | Acc: 0.9684 | Val Loss: 0.1061 | Val Acc: 0.9679 | Time: 11.94s
2025-03-04 17:17:28,740 - INFO - Round 6 completed in 247.56s
2025-03-04 17:17:28,740 - INFO - Global Model - P1 Test: Loss = 1.2247, Accuracy = 0.7765
2025-03-04 17:17:28,740 - INFO - Global Model - P2 Test: Loss = 1.0270, Accuracy = 0.7421
2025-03-04 17:17:40,589 - INFO - P1 (Round 7) - Epoch 1/10 | Loss: 0.0853 | Acc: 0.9747 | Val Loss: 0.0736 | Val Acc: 0.9779 | Time: 11.85s
2025-03-04 17:17:52,842 - INFO - P1 (Round 7) - Epoch 2/10 | Loss: 0.0726 | Acc: 0.9783 | Val Loss: 0.0702 | Val Acc: 0.9789 | Time: 12.25s
2025-03-04 17:18:05,691 - INFO - P1 (Round 7) - Epoch 3/10 | Loss: 0.0704 | Acc: 0.9790 | Val Loss: 0.0692 | Val Acc: 0.9788 | Time: 12.85s
2025-03-04 17:18:18,188 - INFO - P1 (Round 7) - Epoch 4/10 | Loss: 0.0692 | Acc: 0.9793 | Val Loss: 0.0670 | Val Acc: 0.9798 | Time: 12.50s
2025-03-04 17:18:30,094 - INFO - P1 (Round 7) - Epoch 5/10 | Loss: 0.0683 | Acc: 0.9793 | Val Loss: 0.0674 | Val Acc: 0.9791 | Time: 11.91s
2025-03-04 17:18:42,141 - INFO - P1 (Round 7) - Epoch 6/10 | Loss: 0.0674 | Acc: 0.9797 | Val Loss: 0.0664 | Val Acc: 0.9794 | Time: 12.05s
2025-03-04 17:18:54,387 - INFO - P1 (Round 7) - Epoch 7/10 | Loss: 0.0668 | Acc: 0.9798 | Val Loss: 0.0676 | Val Acc: 0.9789 | Time: 12.25s
2025-03-04 17:19:06,656 - INFO - P1 (Round 7) - Epoch 8/10 | Loss: 0.0661 | Acc: 0.9800 | Val Loss: 0.0663 | Val Acc: 0.9798 | Time: 12.27s
2025-03-04 17:19:19,888 - INFO - P1 (Round 7) - Epoch 9/10 | Loss: 0.0655 | Acc: 0.9801 | Val Loss: 0.0642 | Val Acc: 0.9805 | Time: 13.23s
2025-03-04 17:19:32,072 - INFO - P1 (Round 7) - Epoch 10/10 | Loss: 0.0649 | Acc: 0.9804 | Val Loss: 0.0639 | Val Acc: 0.9805 | Time: 12.18s
2025-03-04 17:19:44,332 - INFO - P2 (Round 7) - Epoch 1/10 | Loss: 0.1304 | Acc: 0.9598 | Val Loss: 0.1181 | Val Acc: 0.9653 | Time: 12.26s
2025-03-04 17:19:56,557 - INFO - P2 (Round 7) - Epoch 2/10 | Loss: 0.1136 | Acc: 0.9659 | Val Loss: 0.1122 | Val Acc: 0.9665 | Time: 12.22s
2025-03-04 17:20:08,577 - INFO - P2 (Round 7) - Epoch 3/10 | Loss: 0.1094 | Acc: 0.9670 | Val Loss: 0.1107 | Val Acc: 0.9661 | Time: 12.02s
2025-03-04 17:20:20,836 - INFO - P2 (Round 7) - Epoch 4/10 | Loss: 0.1063 | Acc: 0.9679 | Val Loss: 0.1063 | Val Acc: 0.9677 | Time: 12.26s
2025-03-04 17:20:34,137 - INFO - P2 (Round 7) - Epoch 5/10 | Loss: 0.1040 | Acc: 0.9685 | Val Loss: 0.1042 | Val Acc: 0.9686 | Time: 13.30s
2025-03-04 17:20:46,236 - INFO - P2 (Round 7) - Epoch 6/10 | Loss: 0.1027 | Acc: 0.9688 | Val Loss: 0.1037 | Val Acc: 0.9694 | Time: 12.10s
2025-03-04 17:20:58,402 - INFO - P2 (Round 7) - Epoch 7/10 | Loss: 0.1014 | Acc: 0.9692 | Val Loss: 0.1007 | Val Acc: 0.9692 | Time: 12.17s
2025-03-04 17:21:10,334 - INFO - P2 (Round 7) - Epoch 8/10 | Loss: 0.1003 | Acc: 0.9695 | Val Loss: 0.1009 | Val Acc: 0.9698 | Time: 11.93s
2025-03-04 17:21:22,567 - INFO - P2 (Round 7) - Epoch 9/10 | Loss: 0.0993 | Acc: 0.9698 | Val Loss: 0.0989 | Val Acc: 0.9696 | Time: 12.23s
2025-03-04 17:21:35,222 - INFO - P2 (Round 7) - Epoch 10/10 | Loss: 0.0987 | Acc: 0.9700 | Val Loss: 0.1021 | Val Acc: 0.9692 | Time: 12.65s
2025-03-04 17:21:38,076 - INFO - Round 7 completed in 249.34s
2025-03-04 17:21:38,077 - INFO - Global Model - P1 Test: Loss = 2.0024, Accuracy = 0.7773
2025-03-04 17:21:38,077 - INFO - Global Model - P2 Test: Loss = 1.2026, Accuracy = 0.7481
2025-03-04 17:21:51,410 - INFO - P1 (Round 8) - Epoch 1/10 | Loss: 0.0874 | Acc: 0.9740 | Val Loss: 0.0718 | Val Acc: 0.9782 | Time: 13.33s
2025-03-04 17:22:03,355 - INFO - P1 (Round 8) - Epoch 2/10 | Loss: 0.0704 | Acc: 0.9784 | Val Loss: 0.0679 | Val Acc: 0.9784 | Time: 11.95s
2025-03-04 17:22:15,509 - INFO - P1 (Round 8) - Epoch 3/10 | Loss: 0.0676 | Acc: 0.9793 | Val Loss: 0.0663 | Val Acc: 0.9794 | Time: 12.15s
2025-03-04 17:22:27,846 - INFO - P1 (Round 8) - Epoch 4/10 | Loss: 0.0664 | Acc: 0.9796 | Val Loss: 0.0659 | Val Acc: 0.9799 | Time: 12.34s
2025-03-04 17:22:40,286 - INFO - P1 (Round 8) - Epoch 5/10 | Loss: 0.0652 | Acc: 0.9799 | Val Loss: 0.0659 | Val Acc: 0.9796 | Time: 12.44s
2025-03-04 17:22:53,388 - INFO - P1 (Round 8) - Epoch 6/10 | Loss: 0.0643 | Acc: 0.9801 | Val Loss: 0.0648 | Val Acc: 0.9787 | Time: 13.10s
2025-03-04 17:23:05,544 - INFO - P1 (Round 8) - Epoch 7/10 | Loss: 0.0635 | Acc: 0.9804 | Val Loss: 0.0638 | Val Acc: 0.9798 | Time: 12.16s
2025-03-04 17:23:17,371 - INFO - P1 (Round 8) - Epoch 8/10 | Loss: 0.0628 | Acc: 0.9805 | Val Loss: 0.0615 | Val Acc: 0.9810 | Time: 11.83s
2025-03-04 17:23:29,194 - INFO - P1 (Round 8) - Epoch 9/10 | Loss: 0.0624 | Acc: 0.9808 | Val Loss: 0.0613 | Val Acc: 0.9805 | Time: 11.82s
2025-03-04 17:23:41,383 - INFO - P1 (Round 8) - Epoch 10/10 | Loss: 0.0619 | Acc: 0.9809 | Val Loss: 0.0610 | Val Acc: 0.9810 | Time: 12.19s
2025-03-04 17:23:53,923 - INFO - P2 (Round 8) - Epoch 1/10 | Loss: 0.1200 | Acc: 0.9626 | Val Loss: 0.1070 | Val Acc: 0.9678 | Time: 12.54s
2025-03-04 17:24:07,129 - INFO - P2 (Round 8) - Epoch 2/10 | Loss: 0.1046 | Acc: 0.9678 | Val Loss: 0.1034 | Val Acc: 0.9685 | Time: 13.21s
2025-03-04 17:24:18,964 - INFO - P2 (Round 8) - Epoch 3/10 | Loss: 0.1024 | Acc: 0.9682 | Val Loss: 0.1019 | Val Acc: 0.9680 | Time: 11.83s
2025-03-04 17:24:31,127 - INFO - P2 (Round 8) - Epoch 4/10 | Loss: 0.1010 | Acc: 0.9686 | Val Loss: 0.1024 | Val Acc: 0.9679 | Time: 12.16s
2025-03-04 17:24:43,211 - INFO - P2 (Round 8) - Epoch 5/10 | Loss: 0.0997 | Acc: 0.9691 | Val Loss: 0.1000 | Val Acc: 0.9687 | Time: 12.08s
2025-03-04 17:24:55,211 - INFO - P2 (Round 8) - Epoch 6/10 | Loss: 0.0986 | Acc: 0.9694 | Val Loss: 0.0996 | Val Acc: 0.9689 | Time: 12.00s
2025-03-04 17:25:07,837 - INFO - P2 (Round 8) - Epoch 7/10 | Loss: 0.0977 | Acc: 0.9695 | Val Loss: 0.0973 | Val Acc: 0.9697 | Time: 12.63s
2025-03-04 17:25:20,825 - INFO - P2 (Round 8) - Epoch 8/10 | Loss: 0.0969 | Acc: 0.9697 | Val Loss: 0.0986 | Val Acc: 0.9696 | Time: 12.99s
2025-03-04 17:25:32,816 - INFO - P2 (Round 8) - Epoch 9/10 | Loss: 0.0962 | Acc: 0.9700 | Val Loss: 0.0957 | Val Acc: 0.9704 | Time: 11.99s
2025-03-04 17:25:45,176 - INFO - P2 (Round 8) - Epoch 10/10 | Loss: 0.0957 | Acc: 0.9702 | Val Loss: 0.0973 | Val Acc: 0.9693 | Time: 12.36s
2025-03-04 17:25:47,835 - INFO - Round 8 completed in 249.76s
2025-03-04 17:25:47,835 - INFO - Global Model - P1 Test: Loss = 2.0627, Accuracy = 0.7648
2025-03-04 17:25:47,835 - INFO - Global Model - P2 Test: Loss = 1.2187, Accuracy = 0.7430
2025-03-04 17:25:59,803 - INFO - P1 (Round 9) - Epoch 1/10 | Loss: 0.0823 | Acc: 0.9760 | Val Loss: 0.0668 | Val Acc: 0.9792 | Time: 11.97s
2025-03-04 17:26:11,935 - INFO - P1 (Round 9) - Epoch 2/10 | Loss: 0.0666 | Acc: 0.9794 | Val Loss: 0.0658 | Val Acc: 0.9800 | Time: 12.13s
2025-03-04 17:26:24,971 - INFO - P1 (Round 9) - Epoch 3/10 | Loss: 0.0647 | Acc: 0.9800 | Val Loss: 0.0633 | Val Acc: 0.9800 | Time: 13.04s
2025-03-04 17:26:37,624 - INFO - P1 (Round 9) - Epoch 4/10 | Loss: 0.0636 | Acc: 0.9805 | Val Loss: 0.0620 | Val Acc: 0.9807 | Time: 12.65s
2025-03-04 17:26:49,862 - INFO - P1 (Round 9) - Epoch 5/10 | Loss: 0.0627 | Acc: 0.9807 | Val Loss: 0.0636 | Val Acc: 0.9798 | Time: 12.24s
2025-03-04 17:27:02,203 - INFO - P1 (Round 9) - Epoch 6/10 | Loss: 0.0624 | Acc: 0.9808 | Val Loss: 0.0614 | Val Acc: 0.9807 | Time: 12.34s
2025-03-04 17:27:13,821 - INFO - P1 (Round 9) - Epoch 7/10 | Loss: 0.0619 | Acc: 0.9809 | Val Loss: 0.0633 | Val Acc: 0.9805 | Time: 11.62s
2025-03-04 17:27:26,047 - INFO - P1 (Round 9) - Epoch 8/10 | Loss: 0.0616 | Acc: 0.9810 | Val Loss: 0.0627 | Val Acc: 0.9797 | Time: 12.23s
2025-03-04 17:27:39,380 - INFO - P1 (Round 9) - Epoch 9/10 | Loss: 0.0613 | Acc: 0.9811 | Val Loss: 0.0601 | Val Acc: 0.9817 | Time: 13.33s
2025-03-04 17:27:51,695 - INFO - P1 (Round 9) - Epoch 10/10 | Loss: 0.0612 | Acc: 0.9812 | Val Loss: 0.0613 | Val Acc: 0.9808 | Time: 12.31s
2025-03-04 17:28:03,990 - INFO - P2 (Round 9) - Epoch 1/10 | Loss: 0.1193 | Acc: 0.9623 | Val Loss: 0.1044 | Val Acc: 0.9684 | Time: 12.29s
2025-03-04 17:28:15,728 - INFO - P2 (Round 9) - Epoch 2/10 | Loss: 0.1025 | Acc: 0.9681 | Val Loss: 0.1025 | Val Acc: 0.9684 | Time: 11.74s
2025-03-04 17:28:27,690 - INFO - P2 (Round 9) - Epoch 3/10 | Loss: 0.1001 | Acc: 0.9686 | Val Loss: 0.1014 | Val Acc: 0.9684 | Time: 11.96s
2025-03-04 17:28:40,400 - INFO - P2 (Round 9) - Epoch 4/10 | Loss: 0.0988 | Acc: 0.9690 | Val Loss: 0.0984 | Val Acc: 0.9687 | Time: 12.71s
2025-03-04 17:28:53,486 - INFO - P2 (Round 9) - Epoch 5/10 | Loss: 0.0979 | Acc: 0.9692 | Val Loss: 0.0978 | Val Acc: 0.9692 | Time: 13.09s
2025-03-04 17:29:05,483 - INFO - P2 (Round 9) - Epoch 6/10 | Loss: 0.0968 | Acc: 0.9695 | Val Loss: 0.0972 | Val Acc: 0.9696 | Time: 12.00s
2025-03-04 17:29:17,433 - INFO - P2 (Round 9) - Epoch 7/10 | Loss: 0.0962 | Acc: 0.9698 | Val Loss: 0.0979 | Val Acc: 0.9695 | Time: 11.95s
2025-03-04 17:29:29,484 - INFO - P2 (Round 9) - Epoch 8/10 | Loss: 0.0953 | Acc: 0.9700 | Val Loss: 0.0988 | Val Acc: 0.9687 | Time: 12.05s
2025-03-04 17:29:41,589 - INFO - P2 (Round 9) - Epoch 9/10 | Loss: 0.0946 | Acc: 0.9703 | Val Loss: 0.0944 | Val Acc: 0.9706 | Time: 12.11s
2025-03-04 17:29:54,511 - INFO - P2 (Round 9) - Epoch 10/10 | Loss: 0.0942 | Acc: 0.9704 | Val Loss: 0.0946 | Val Acc: 0.9701 | Time: 12.92s
2025-03-04 17:29:57,337 - INFO - Round 9 completed in 249.50s
2025-03-04 17:29:57,337 - INFO - Global Model - P1 Test: Loss = 2.2355, Accuracy = 0.7392
2025-03-04 17:29:57,337 - INFO - Global Model - P2 Test: Loss = 1.3101, Accuracy = 0.7404
2025-03-04 17:30:09,895 - INFO - P1 (Round 10) - Epoch 1/10 | Loss: 0.0799 | Acc: 0.9768 | Val Loss: 0.0649 | Val Acc: 0.9798 | Time: 12.56s
2025-03-04 17:30:22,450 - INFO - P1 (Round 10) - Epoch 2/10 | Loss: 0.0647 | Acc: 0.9801 | Val Loss: 0.0619 | Val Acc: 0.9809 | Time: 12.55s
2025-03-04 17:30:32,677 - INFO - P1 (Round 10) - Epoch 3/10 | Loss: 0.0632 | Acc: 0.9806 | Val Loss: 0.0615 | Val Acc: 0.9808 | Time: 10.23s
2025-03-04 17:30:42,912 - INFO - P1 (Round 10) - Epoch 4/10 | Loss: 0.0628 | Acc: 0.9807 | Val Loss: 0.0609 | Val Acc: 0.9813 | Time: 10.23s
2025-03-04 17:30:53,634 - INFO - P1 (Round 10) - Epoch 5/10 | Loss: 0.0620 | Acc: 0.9810 | Val Loss: 0.0603 | Val Acc: 0.9813 | Time: 10.72s
2025-03-04 17:31:05,415 - INFO - P1 (Round 10) - Epoch 6/10 | Loss: 0.0614 | Acc: 0.9811 | Val Loss: 0.0611 | Val Acc: 0.9812 | Time: 11.78s
2025-03-04 17:31:16,866 - INFO - P1 (Round 10) - Epoch 7/10 | Loss: 0.0614 | Acc: 0.9811 | Val Loss: 0.0608 | Val Acc: 0.9817 | Time: 11.45s
2025-03-04 17:31:27,337 - INFO - P1 (Round 10) - Epoch 8/10 | Loss: 0.0609 | Acc: 0.9812 | Val Loss: 0.0596 | Val Acc: 0.9816 | Time: 10.47s
2025-03-04 17:31:37,433 - INFO - P1 (Round 10) - Epoch 9/10 | Loss: 0.0606 | Acc: 0.9814 | Val Loss: 0.0592 | Val Acc: 0.9815 | Time: 10.10s
2025-03-04 17:31:48,766 - INFO - P1 (Round 10) - Epoch 10/10 | Loss: 0.0604 | Acc: 0.9815 | Val Loss: 0.0592 | Val Acc: 0.9819 | Time: 11.33s
2025-03-04 17:32:00,888 - INFO - P2 (Round 10) - Epoch 1/10 | Loss: 0.1191 | Acc: 0.9622 | Val Loss: 0.1025 | Val Acc: 0.9684 | Time: 12.12s
2025-03-04 17:32:13,034 - INFO - P2 (Round 10) - Epoch 2/10 | Loss: 0.0995 | Acc: 0.9688 | Val Loss: 0.0993 | Val Acc: 0.9689 | Time: 12.15s
2025-03-04 17:32:26,212 - INFO - P2 (Round 10) - Epoch 3/10 | Loss: 0.0975 | Acc: 0.9694 | Val Loss: 0.0982 | Val Acc: 0.9686 | Time: 13.18s
2025-03-04 17:32:38,281 - INFO - P2 (Round 10) - Epoch 4/10 | Loss: 0.0964 | Acc: 0.9698 | Val Loss: 0.0989 | Val Acc: 0.9689 | Time: 12.07s
2025-03-04 17:32:48,588 - INFO - P2 (Round 10) - Epoch 5/10 | Loss: 0.0957 | Acc: 0.9699 | Val Loss: 0.0950 | Val Acc: 0.9702 | Time: 10.31s
2025-03-04 17:32:58,779 - INFO - P2 (Round 10) - Epoch 6/10 | Loss: 0.0948 | Acc: 0.9703 | Val Loss: 0.0939 | Val Acc: 0.9705 | Time: 10.19s
2025-03-04 17:33:09,282 - INFO - P2 (Round 10) - Epoch 7/10 | Loss: 0.0941 | Acc: 0.9705 | Val Loss: 0.0937 | Val Acc: 0.9709 | Time: 10.50s
2025-03-04 17:33:19,658 - INFO - P2 (Round 10) - Epoch 8/10 | Loss: 0.0937 | Acc: 0.9708 | Val Loss: 0.0932 | Val Acc: 0.9707 | Time: 10.38s
2025-03-04 17:33:32,332 - INFO - P2 (Round 10) - Epoch 9/10 | Loss: 0.0930 | Acc: 0.9710 | Val Loss: 0.0937 | Val Acc: 0.9708 | Time: 12.67s
2025-03-04 17:33:42,798 - INFO - P2 (Round 10) - Epoch 10/10 | Loss: 0.0928 | Acc: 0.9710 | Val Loss: 0.0948 | Val Acc: 0.9702 | Time: 10.47s
2025-03-04 17:33:45,290 - INFO - Round 10 completed in 227.95s
2025-03-04 17:33:45,290 - INFO - Global Model - P1 Test: Loss = 2.4245, Accuracy = 0.7164
2025-03-04 17:33:45,290 - INFO - Global Model - P2 Test: Loss = 1.4057, Accuracy = 0.7055
2025-03-04 17:33:47,675 - INFO - Final Results after 10 rounds:
2025-03-04 17:33:47,675 - INFO - Global Model - P1 Test: Loss = 2.4245, Accuracy = 0.7164
2025-03-04 17:33:47,675 - INFO - Global Model - P2 Test: Loss = 1.4057, Accuracy = 0.7055
2025-03-04 17:33:47,689 - INFO - Experiment 36 results saved to results/suppression_experiments/exp_36_p1f12_p2f7.json
