2025-03-05 05:18:36,926 - INFO - Starting Suppression Experiment 185
2025-03-05 05:18:36,926 - INFO - P1 Features (1/14): ['protocol']
2025-03-05 05:18:36,926 - INFO - P2 Features (12/14): ['protocol', 'bidirectional_min_ps', 'bidirectional_mean_ps', 'bidirectional_stddev_ps', 'bidirectional_max_ps', 'src2dst_stddev_ps', 'src2dst_max_ps', 'dst2src_min_ps', 'dst2src_mean_ps', 'dst2src_stddev_ps', 'dst2src_max_ps', 'bidirectional_stddev_piat_ms']
2025-03-05 05:18:47,646 - INFO - P1 (Round 1) - Epoch 1/10 | Loss: 1.3674 | Acc: 0.4824 | Val Loss: 1.3323 | Val Acc: 0.4929 | Time: 10.61s
2025-03-05 05:18:58,552 - INFO - P1 (Round 1) - Epoch 2/10 | Loss: 1.3320 | Acc: 0.4929 | Val Loss: 1.3323 | Val Acc: 0.4929 | Time: 10.91s
2025-03-05 05:19:09,638 - INFO - P1 (Round 1) - Epoch 3/10 | Loss: 1.3319 | Acc: 0.4929 | Val Loss: 1.3321 | Val Acc: 0.4929 | Time: 11.09s
2025-03-05 05:19:21,165 - INFO - P1 (Round 1) - Epoch 4/10 | Loss: 1.3318 | Acc: 0.4929 | Val Loss: 1.3317 | Val Acc: 0.4929 | Time: 11.53s
2025-03-05 05:19:32,358 - INFO - P1 (Round 1) - Epoch 5/10 | Loss: 1.3318 | Acc: 0.4929 | Val Loss: 1.3320 | Val Acc: 0.4929 | Time: 11.19s
2025-03-05 05:19:43,340 - INFO - P1 (Round 1) - Epoch 6/10 | Loss: 1.3318 | Acc: 0.4929 | Val Loss: 1.3318 | Val Acc: 0.4929 | Time: 10.98s
2025-03-05 05:19:54,395 - INFO - P1 (Round 1) - Epoch 7/10 | Loss: 1.3318 | Acc: 0.4929 | Val Loss: 1.3315 | Val Acc: 0.4929 | Time: 11.05s
2025-03-05 05:20:05,355 - INFO - P1 (Round 1) - Epoch 8/10 | Loss: 1.3317 | Acc: 0.4929 | Val Loss: 1.3316 | Val Acc: 0.4929 | Time: 10.96s
2025-03-05 05:20:16,354 - INFO - P1 (Round 1) - Epoch 9/10 | Loss: 1.3317 | Acc: 0.4929 | Val Loss: 1.3317 | Val Acc: 0.4929 | Time: 11.00s
2025-03-05 05:20:27,352 - INFO - P1 (Round 1) - Epoch 10/10 | Loss: 1.3317 | Acc: 0.4929 | Val Loss: 1.3315 | Val Acc: 0.4929 | Time: 11.00s
2025-03-05 05:20:39,211 - INFO - P2 (Round 1) - Epoch 1/10 | Loss: 0.3612 | Acc: 0.8738 | Val Loss: 0.2192 | Val Acc: 0.9229 | Time: 11.86s
2025-03-05 05:20:49,841 - INFO - P2 (Round 1) - Epoch 2/10 | Loss: 0.2046 | Acc: 0.9270 | Val Loss: 0.1898 | Val Acc: 0.9327 | Time: 10.63s
2025-03-05 05:21:00,770 - INFO - P2 (Round 1) - Epoch 3/10 | Loss: 0.1780 | Acc: 0.9379 | Val Loss: 0.1648 | Val Acc: 0.9433 | Time: 10.93s
2025-03-05 05:21:11,675 - INFO - P2 (Round 1) - Epoch 4/10 | Loss: 0.1469 | Acc: 0.9541 | Val Loss: 0.1324 | Val Acc: 0.9602 | Time: 10.90s
2025-03-05 05:21:22,164 - INFO - P2 (Round 1) - Epoch 5/10 | Loss: 0.1245 | Acc: 0.9621 | Val Loss: 0.1180 | Val Acc: 0.9638 | Time: 10.49s
2025-03-05 05:21:32,879 - INFO - P2 (Round 1) - Epoch 6/10 | Loss: 0.1156 | Acc: 0.9642 | Val Loss: 0.1124 | Val Acc: 0.9638 | Time: 10.72s
2025-03-05 05:21:44,517 - INFO - P2 (Round 1) - Epoch 7/10 | Loss: 0.1108 | Acc: 0.9656 | Val Loss: 0.1100 | Val Acc: 0.9672 | Time: 11.64s
2025-03-05 05:21:55,566 - INFO - P2 (Round 1) - Epoch 8/10 | Loss: 0.1074 | Acc: 0.9669 | Val Loss: 0.1042 | Val Acc: 0.9680 | Time: 11.05s
2025-03-05 05:22:06,493 - INFO - P2 (Round 1) - Epoch 9/10 | Loss: 0.1043 | Acc: 0.9681 | Val Loss: 0.1038 | Val Acc: 0.9679 | Time: 10.93s
2025-03-05 05:22:17,364 - INFO - P2 (Round 1) - Epoch 10/10 | Loss: 0.1019 | Acc: 0.9689 | Val Loss: 0.1008 | Val Acc: 0.9695 | Time: 10.87s
2025-03-05 05:22:19,849 - INFO - Round 1 completed in 222.81s
2025-03-05 05:22:19,849 - INFO - Global Model - P1 Test: Loss = 1.7808, Accuracy = 0.3360
2025-03-05 05:22:19,849 - INFO - Global Model - P2 Test: Loss = 0.7213, Accuracy = 0.7086
2025-03-05 05:22:30,519 - INFO - P1 (Round 2) - Epoch 1/10 | Loss: 1.3337 | Acc: 0.4926 | Val Loss: 1.3322 | Val Acc: 0.4929 | Time: 10.67s
2025-03-05 05:22:41,266 - INFO - P1 (Round 2) - Epoch 2/10 | Loss: 1.3324 | Acc: 0.4929 | Val Loss: 1.3325 | Val Acc: 0.4929 | Time: 10.75s
2025-03-05 05:22:52,602 - INFO - P1 (Round 2) - Epoch 3/10 | Loss: 1.3323 | Acc: 0.4929 | Val Loss: 1.3322 | Val Acc: 0.4929 | Time: 11.34s
2025-03-05 05:23:03,946 - INFO - P1 (Round 2) - Epoch 4/10 | Loss: 1.3321 | Acc: 0.4929 | Val Loss: 1.3316 | Val Acc: 0.4929 | Time: 11.34s
2025-03-05 05:23:14,649 - INFO - P1 (Round 2) - Epoch 5/10 | Loss: 1.3320 | Acc: 0.4929 | Val Loss: 1.3321 | Val Acc: 0.4929 | Time: 10.70s
2025-03-05 05:23:25,428 - INFO - P1 (Round 2) - Epoch 6/10 | Loss: 1.3320 | Acc: 0.4929 | Val Loss: 1.3318 | Val Acc: 0.4929 | Time: 10.78s
2025-03-05 05:23:35,996 - INFO - P1 (Round 2) - Epoch 7/10 | Loss: 1.3319 | Acc: 0.4929 | Val Loss: 1.3318 | Val Acc: 0.4929 | Time: 10.57s
2025-03-05 05:23:46,754 - INFO - P1 (Round 2) - Epoch 8/10 | Loss: 1.3318 | Acc: 0.4929 | Val Loss: 1.3316 | Val Acc: 0.4929 | Time: 10.76s
2025-03-05 05:23:57,411 - INFO - P1 (Round 2) - Epoch 9/10 | Loss: 1.3318 | Acc: 0.4929 | Val Loss: 1.3319 | Val Acc: 0.4929 | Time: 10.66s
2025-03-05 05:24:09,413 - INFO - P1 (Round 2) - Epoch 10/10 | Loss: 1.3317 | Acc: 0.4929 | Val Loss: 1.3319 | Val Acc: 0.4929 | Time: 12.00s
2025-03-05 05:24:20,048 - INFO - P2 (Round 2) - Epoch 1/10 | Loss: 0.1518 | Acc: 0.9537 | Val Loss: 0.1187 | Val Acc: 0.9629 | Time: 10.63s
2025-03-05 05:24:30,730 - INFO - P2 (Round 2) - Epoch 2/10 | Loss: 0.1135 | Acc: 0.9650 | Val Loss: 0.1081 | Val Acc: 0.9655 | Time: 10.68s
2025-03-05 05:24:41,481 - INFO - P2 (Round 2) - Epoch 3/10 | Loss: 0.1058 | Acc: 0.9673 | Val Loss: 0.1028 | Val Acc: 0.9694 | Time: 10.75s
2025-03-05 05:24:52,044 - INFO - P2 (Round 2) - Epoch 4/10 | Loss: 0.1014 | Acc: 0.9687 | Val Loss: 0.1004 | Val Acc: 0.9691 | Time: 10.56s
2025-03-05 05:25:02,826 - INFO - P2 (Round 2) - Epoch 5/10 | Loss: 0.0978 | Acc: 0.9699 | Val Loss: 0.0955 | Val Acc: 0.9715 | Time: 10.78s
2025-03-05 05:25:14,055 - INFO - P2 (Round 2) - Epoch 6/10 | Loss: 0.0943 | Acc: 0.9710 | Val Loss: 0.0927 | Val Acc: 0.9723 | Time: 11.23s
2025-03-05 05:25:25,490 - INFO - P2 (Round 2) - Epoch 7/10 | Loss: 0.0915 | Acc: 0.9719 | Val Loss: 0.0916 | Val Acc: 0.9721 | Time: 11.44s
2025-03-05 05:25:36,348 - INFO - P2 (Round 2) - Epoch 8/10 | Loss: 0.0895 | Acc: 0.9725 | Val Loss: 0.0910 | Val Acc: 0.9729 | Time: 10.86s
2025-03-05 05:25:47,018 - INFO - P2 (Round 2) - Epoch 9/10 | Loss: 0.0878 | Acc: 0.9732 | Val Loss: 0.0881 | Val Acc: 0.9730 | Time: 10.67s
2025-03-05 05:25:57,649 - INFO - P2 (Round 2) - Epoch 10/10 | Loss: 0.0865 | Acc: 0.9736 | Val Loss: 0.0865 | Val Acc: 0.9728 | Time: 10.63s
2025-03-05 05:25:59,980 - INFO - Round 2 completed in 220.13s
2025-03-05 05:25:59,981 - INFO - Global Model - P1 Test: Loss = 1.7184, Accuracy = 0.3360
2025-03-05 05:25:59,981 - INFO - Global Model - P2 Test: Loss = 0.5683, Accuracy = 0.8504
2025-03-05 05:26:10,811 - INFO - P1 (Round 3) - Epoch 1/10 | Loss: 1.3337 | Acc: 0.4927 | Val Loss: 1.3321 | Val Acc: 0.4929 | Time: 10.83s
2025-03-05 05:26:21,453 - INFO - P1 (Round 3) - Epoch 2/10 | Loss: 1.3325 | Acc: 0.4929 | Val Loss: 1.3331 | Val Acc: 0.4929 | Time: 10.64s
2025-03-05 05:26:33,197 - INFO - P1 (Round 3) - Epoch 3/10 | Loss: 1.3325 | Acc: 0.4929 | Val Loss: 1.3323 | Val Acc: 0.4929 | Time: 11.74s
2025-03-05 05:26:43,715 - INFO - P1 (Round 3) - Epoch 4/10 | Loss: 1.3323 | Acc: 0.4929 | Val Loss: 1.3329 | Val Acc: 0.4929 | Time: 10.52s
2025-03-05 05:26:54,328 - INFO - P1 (Round 3) - Epoch 5/10 | Loss: 1.3323 | Acc: 0.4929 | Val Loss: 1.3327 | Val Acc: 0.4929 | Time: 10.61s
2025-03-05 05:27:05,092 - INFO - P1 (Round 3) - Epoch 6/10 | Loss: 1.3322 | Acc: 0.4929 | Val Loss: 1.3323 | Val Acc: 0.4929 | Time: 10.76s
2025-03-05 05:27:15,854 - INFO - P1 (Round 3) - Epoch 7/10 | Loss: 1.3321 | Acc: 0.4929 | Val Loss: 1.3324 | Val Acc: 0.4929 | Time: 10.76s
2025-03-05 05:27:26,500 - INFO - P1 (Round 3) - Epoch 8/10 | Loss: 1.3321 | Acc: 0.4929 | Val Loss: 1.3317 | Val Acc: 0.4929 | Time: 10.65s
2025-03-05 05:27:37,705 - INFO - P1 (Round 3) - Epoch 9/10 | Loss: 1.3320 | Acc: 0.4929 | Val Loss: 1.3317 | Val Acc: 0.4929 | Time: 11.20s
2025-03-05 05:27:49,312 - INFO - P1 (Round 3) - Epoch 10/10 | Loss: 1.3319 | Acc: 0.4929 | Val Loss: 1.3318 | Val Acc: 0.4929 | Time: 11.61s
2025-03-05 05:28:00,067 - INFO - P2 (Round 3) - Epoch 1/10 | Loss: 0.1100 | Acc: 0.9667 | Val Loss: 0.0982 | Val Acc: 0.9704 | Time: 10.76s
2025-03-05 05:28:10,685 - INFO - P2 (Round 3) - Epoch 2/10 | Loss: 0.0942 | Acc: 0.9712 | Val Loss: 0.0915 | Val Acc: 0.9725 | Time: 10.62s
2025-03-05 05:28:21,415 - INFO - P2 (Round 3) - Epoch 3/10 | Loss: 0.0902 | Acc: 0.9723 | Val Loss: 0.0918 | Val Acc: 0.9701 | Time: 10.73s
2025-03-05 05:28:32,304 - INFO - P2 (Round 3) - Epoch 4/10 | Loss: 0.0875 | Acc: 0.9731 | Val Loss: 0.0874 | Val Acc: 0.9728 | Time: 10.89s
2025-03-05 05:28:43,209 - INFO - P2 (Round 3) - Epoch 5/10 | Loss: 0.0856 | Acc: 0.9740 | Val Loss: 0.0863 | Val Acc: 0.9742 | Time: 10.90s
2025-03-05 05:28:55,024 - INFO - P2 (Round 3) - Epoch 6/10 | Loss: 0.0840 | Acc: 0.9746 | Val Loss: 0.0853 | Val Acc: 0.9753 | Time: 11.81s
2025-03-05 05:29:05,883 - INFO - P2 (Round 3) - Epoch 7/10 | Loss: 0.0830 | Acc: 0.9750 | Val Loss: 0.0818 | Val Acc: 0.9764 | Time: 10.86s
2025-03-05 05:29:16,526 - INFO - P2 (Round 3) - Epoch 8/10 | Loss: 0.0818 | Acc: 0.9755 | Val Loss: 0.0836 | Val Acc: 0.9739 | Time: 10.64s
2025-03-05 05:29:27,253 - INFO - P2 (Round 3) - Epoch 9/10 | Loss: 0.0810 | Acc: 0.9758 | Val Loss: 0.0816 | Val Acc: 0.9761 | Time: 10.73s
2025-03-05 05:29:38,120 - INFO - P2 (Round 3) - Epoch 10/10 | Loss: 0.0799 | Acc: 0.9762 | Val Loss: 0.0802 | Val Acc: 0.9763 | Time: 10.87s
2025-03-05 05:29:40,431 - INFO - Round 3 completed in 220.45s
2025-03-05 05:29:40,432 - INFO - Global Model - P1 Test: Loss = 1.7932, Accuracy = 0.3360
2025-03-05 05:29:40,432 - INFO - Global Model - P2 Test: Loss = 0.6730, Accuracy = 0.8081
2025-03-05 05:29:51,147 - INFO - P1 (Round 4) - Epoch 1/10 | Loss: 1.3343 | Acc: 0.4926 | Val Loss: 1.3337 | Val Acc: 0.4929 | Time: 10.71s
2025-03-05 05:30:02,453 - INFO - P1 (Round 4) - Epoch 2/10 | Loss: 1.3328 | Acc: 0.4929 | Val Loss: 1.3327 | Val Acc: 0.4929 | Time: 11.31s
2025-03-05 05:30:13,757 - INFO - P1 (Round 4) - Epoch 3/10 | Loss: 1.3328 | Acc: 0.4929 | Val Loss: 1.3324 | Val Acc: 0.4929 | Time: 11.30s
2025-03-05 05:30:24,847 - INFO - P1 (Round 4) - Epoch 4/10 | Loss: 1.3327 | Acc: 0.4929 | Val Loss: 1.3327 | Val Acc: 0.4929 | Time: 11.09s
2025-03-05 05:30:36,769 - INFO - P1 (Round 4) - Epoch 5/10 | Loss: 1.3326 | Acc: 0.4929 | Val Loss: 1.3325 | Val Acc: 0.4929 | Time: 11.92s
2025-03-05 05:30:47,573 - INFO - P1 (Round 4) - Epoch 6/10 | Loss: 1.3325 | Acc: 0.4929 | Val Loss: 1.3323 | Val Acc: 0.4929 | Time: 10.80s
2025-03-05 05:30:58,561 - INFO - P1 (Round 4) - Epoch 7/10 | Loss: 1.3324 | Acc: 0.4929 | Val Loss: 1.3318 | Val Acc: 0.4929 | Time: 10.99s
2025-03-05 05:31:10,044 - INFO - P1 (Round 4) - Epoch 8/10 | Loss: 1.3323 | Acc: 0.4929 | Val Loss: 1.3317 | Val Acc: 0.4929 | Time: 11.48s
2025-03-05 05:31:21,611 - INFO - P1 (Round 4) - Epoch 9/10 | Loss: 1.3321 | Acc: 0.4929 | Val Loss: 1.3319 | Val Acc: 0.4929 | Time: 11.57s
2025-03-05 05:31:32,550 - INFO - P1 (Round 4) - Epoch 10/10 | Loss: 1.3321 | Acc: 0.4929 | Val Loss: 1.3321 | Val Acc: 0.4929 | Time: 10.94s
2025-03-05 05:31:43,186 - INFO - P2 (Round 4) - Epoch 1/10 | Loss: 0.0947 | Acc: 0.9717 | Val Loss: 0.0885 | Val Acc: 0.9732 | Time: 10.64s
2025-03-05 05:31:53,938 - INFO - P2 (Round 4) - Epoch 2/10 | Loss: 0.0858 | Acc: 0.9741 | Val Loss: 0.0844 | Val Acc: 0.9735 | Time: 10.75s
2025-03-05 05:32:04,661 - INFO - P2 (Round 4) - Epoch 3/10 | Loss: 0.0833 | Acc: 0.9749 | Val Loss: 0.0874 | Val Acc: 0.9715 | Time: 10.72s
2025-03-05 05:32:15,228 - INFO - P2 (Round 4) - Epoch 4/10 | Loss: 0.0816 | Acc: 0.9753 | Val Loss: 0.0870 | Val Acc: 0.9747 | Time: 10.57s
2025-03-05 05:32:26,881 - INFO - P2 (Round 4) - Epoch 5/10 | Loss: 0.0801 | Acc: 0.9761 | Val Loss: 0.0789 | Val Acc: 0.9766 | Time: 11.65s
2025-03-05 05:32:37,838 - INFO - P2 (Round 4) - Epoch 6/10 | Loss: 0.0790 | Acc: 0.9765 | Val Loss: 0.0780 | Val Acc: 0.9776 | Time: 10.96s
2025-03-05 05:32:48,536 - INFO - P2 (Round 4) - Epoch 7/10 | Loss: 0.0783 | Acc: 0.9767 | Val Loss: 0.0794 | Val Acc: 0.9760 | Time: 10.70s
2025-03-05 05:32:59,197 - INFO - P2 (Round 4) - Epoch 8/10 | Loss: 0.0774 | Acc: 0.9770 | Val Loss: 0.0782 | Val Acc: 0.9778 | Time: 10.66s
2025-03-05 05:33:09,953 - INFO - P2 (Round 4) - Epoch 9/10 | Loss: 0.0768 | Acc: 0.9772 | Val Loss: 0.0764 | Val Acc: 0.9776 | Time: 10.76s
2025-03-05 05:33:20,748 - INFO - P2 (Round 4) - Epoch 10/10 | Loss: 0.0762 | Acc: 0.9776 | Val Loss: 0.0854 | Val Acc: 0.9743 | Time: 10.79s
2025-03-05 05:33:23,068 - INFO - Round 4 completed in 222.64s
2025-03-05 05:33:23,068 - INFO - Global Model - P1 Test: Loss = 1.6865, Accuracy = 0.4929
2025-03-05 05:33:23,068 - INFO - Global Model - P2 Test: Loss = 0.9736, Accuracy = 0.7616
2025-03-05 05:33:34,280 - INFO - P1 (Round 5) - Epoch 1/10 | Loss: 1.3339 | Acc: 0.4929 | Val Loss: 1.3349 | Val Acc: 0.4929 | Time: 11.21s
2025-03-05 05:33:45,745 - INFO - P1 (Round 5) - Epoch 2/10 | Loss: 1.3329 | Acc: 0.4929 | Val Loss: 1.3322 | Val Acc: 0.4929 | Time: 11.47s
2025-03-05 05:33:56,422 - INFO - P1 (Round 5) - Epoch 3/10 | Loss: 1.3328 | Acc: 0.4929 | Val Loss: 1.3337 | Val Acc: 0.4929 | Time: 10.68s
2025-03-05 05:34:07,202 - INFO - P1 (Round 5) - Epoch 4/10 | Loss: 1.3328 | Acc: 0.4929 | Val Loss: 1.3324 | Val Acc: 0.4929 | Time: 10.78s
2025-03-05 05:34:17,826 - INFO - P1 (Round 5) - Epoch 5/10 | Loss: 1.3326 | Acc: 0.4929 | Val Loss: 1.3328 | Val Acc: 0.4929 | Time: 10.62s
2025-03-05 05:34:28,824 - INFO - P1 (Round 5) - Epoch 6/10 | Loss: 1.3326 | Acc: 0.4929 | Val Loss: 1.3323 | Val Acc: 0.4929 | Time: 11.00s
2025-03-05 05:34:39,446 - INFO - P1 (Round 5) - Epoch 7/10 | Loss: 1.3325 | Acc: 0.4929 | Val Loss: 1.3318 | Val Acc: 0.4929 | Time: 10.62s
2025-03-05 05:34:51,180 - INFO - P1 (Round 5) - Epoch 8/10 | Loss: 1.3324 | Acc: 0.4929 | Val Loss: 1.3322 | Val Acc: 0.4929 | Time: 11.73s
2025-03-05 05:35:02,034 - INFO - P1 (Round 5) - Epoch 9/10 | Loss: 1.3324 | Acc: 0.4929 | Val Loss: 1.3325 | Val Acc: 0.4929 | Time: 10.85s
2025-03-05 05:35:12,737 - INFO - P1 (Round 5) - Epoch 10/10 | Loss: 1.3322 | Acc: 0.4929 | Val Loss: 1.3334 | Val Acc: 0.4929 | Time: 10.70s
2025-03-05 05:35:23,344 - INFO - P2 (Round 5) - Epoch 1/10 | Loss: 0.0874 | Acc: 0.9739 | Val Loss: 0.0801 | Val Acc: 0.9762 | Time: 10.61s
2025-03-05 05:35:34,026 - INFO - P2 (Round 5) - Epoch 2/10 | Loss: 0.0798 | Acc: 0.9760 | Val Loss: 0.0789 | Val Acc: 0.9773 | Time: 10.68s
2025-03-05 05:35:44,739 - INFO - P2 (Round 5) - Epoch 3/10 | Loss: 0.0783 | Acc: 0.9766 | Val Loss: 0.0798 | Val Acc: 0.9751 | Time: 10.71s
2025-03-05 05:35:55,840 - INFO - P2 (Round 5) - Epoch 4/10 | Loss: 0.0773 | Acc: 0.9771 | Val Loss: 0.0802 | Val Acc: 0.9762 | Time: 11.10s
2025-03-05 05:36:07,289 - INFO - P2 (Round 5) - Epoch 5/10 | Loss: 0.0766 | Acc: 0.9774 | Val Loss: 0.0793 | Val Acc: 0.9778 | Time: 11.45s
2025-03-05 05:36:18,114 - INFO - P2 (Round 5) - Epoch 6/10 | Loss: 0.0757 | Acc: 0.9778 | Val Loss: 0.0760 | Val Acc: 0.9779 | Time: 10.82s
2025-03-05 05:36:28,723 - INFO - P2 (Round 5) - Epoch 7/10 | Loss: 0.0748 | Acc: 0.9781 | Val Loss: 0.0755 | Val Acc: 0.9786 | Time: 10.61s
2025-03-05 05:36:39,538 - INFO - P2 (Round 5) - Epoch 8/10 | Loss: 0.0744 | Acc: 0.9782 | Val Loss: 0.0766 | Val Acc: 0.9764 | Time: 10.82s
2025-03-05 05:36:50,396 - INFO - P2 (Round 5) - Epoch 9/10 | Loss: 0.0739 | Acc: 0.9784 | Val Loss: 0.0775 | Val Acc: 0.9763 | Time: 10.86s
2025-03-05 05:37:01,209 - INFO - P2 (Round 5) - Epoch 10/10 | Loss: 0.0733 | Acc: 0.9786 | Val Loss: 0.0740 | Val Acc: 0.9793 | Time: 10.81s
2025-03-05 05:37:03,643 - INFO - Round 5 completed in 220.58s
2025-03-05 05:37:03,643 - INFO - Global Model - P1 Test: Loss = 1.8258, Accuracy = 0.3958
2025-03-05 05:37:03,643 - INFO - Global Model - P2 Test: Loss = 1.1628, Accuracy = 0.7373
2025-03-05 05:37:15,419 - INFO - P1 (Round 6) - Epoch 1/10 | Loss: 1.3341 | Acc: 0.4928 | Val Loss: 1.3337 | Val Acc: 0.4929 | Time: 11.77s
2025-03-05 05:37:26,261 - INFO - P1 (Round 6) - Epoch 2/10 | Loss: 1.3331 | Acc: 0.4929 | Val Loss: 1.3327 | Val Acc: 0.4929 | Time: 10.84s
2025-03-05 05:37:36,925 - INFO - P1 (Round 6) - Epoch 3/10 | Loss: 1.3329 | Acc: 0.4929 | Val Loss: 1.3332 | Val Acc: 0.4929 | Time: 10.66s
2025-03-05 05:37:46,683 - INFO - P1 (Round 6) - Epoch 4/10 | Loss: 1.3329 | Acc: 0.4929 | Val Loss: 1.3323 | Val Acc: 0.4929 | Time: 9.76s
2025-03-05 05:37:56,141 - INFO - P1 (Round 6) - Epoch 5/10 | Loss: 1.3328 | Acc: 0.4929 | Val Loss: 1.3322 | Val Acc: 0.4929 | Time: 9.46s
2025-03-05 05:38:05,842 - INFO - P1 (Round 6) - Epoch 6/10 | Loss: 1.3326 | Acc: 0.4929 | Val Loss: 1.3323 | Val Acc: 0.4929 | Time: 9.70s
2025-03-05 05:38:15,749 - INFO - P1 (Round 6) - Epoch 7/10 | Loss: 1.3326 | Acc: 0.4929 | Val Loss: 1.3318 | Val Acc: 0.4929 | Time: 9.91s
2025-03-05 05:38:26,227 - INFO - P1 (Round 6) - Epoch 8/10 | Loss: 1.3325 | Acc: 0.4929 | Val Loss: 1.3320 | Val Acc: 0.4929 | Time: 10.48s
2025-03-05 05:38:35,930 - INFO - P1 (Round 6) - Epoch 9/10 | Loss: 1.3324 | Acc: 0.4929 | Val Loss: 1.3319 | Val Acc: 0.4929 | Time: 9.70s
2025-03-05 05:38:45,612 - INFO - P1 (Round 6) - Epoch 10/10 | Loss: 1.3324 | Acc: 0.4929 | Val Loss: 1.3334 | Val Acc: 0.4929 | Time: 9.68s
2025-03-05 05:38:55,539 - INFO - P2 (Round 6) - Epoch 1/10 | Loss: 0.0831 | Acc: 0.9754 | Val Loss: 0.0769 | Val Acc: 0.9769 | Time: 9.93s
2025-03-05 05:39:05,067 - INFO - P2 (Round 6) - Epoch 2/10 | Loss: 0.0762 | Acc: 0.9776 | Val Loss: 0.0763 | Val Acc: 0.9779 | Time: 9.53s
2025-03-05 05:39:14,587 - INFO - P2 (Round 6) - Epoch 3/10 | Loss: 0.0751 | Acc: 0.9780 | Val Loss: 0.0770 | Val Acc: 0.9770 | Time: 9.52s
2025-03-05 05:39:24,252 - INFO - P2 (Round 6) - Epoch 4/10 | Loss: 0.0742 | Acc: 0.9782 | Val Loss: 0.0750 | Val Acc: 0.9790 | Time: 9.66s
2025-03-05 05:39:34,870 - INFO - P2 (Round 6) - Epoch 5/10 | Loss: 0.0737 | Acc: 0.9784 | Val Loss: 0.0758 | Val Acc: 0.9772 | Time: 10.62s
2025-03-05 05:39:44,786 - INFO - P2 (Round 6) - Epoch 6/10 | Loss: 0.0731 | Acc: 0.9787 | Val Loss: 0.0761 | Val Acc: 0.9779 | Time: 9.92s
2025-03-05 05:39:54,163 - INFO - P2 (Round 6) - Epoch 7/10 | Loss: 0.0728 | Acc: 0.9787 | Val Loss: 0.0723 | Val Acc: 0.9801 | Time: 9.38s
2025-03-05 05:40:03,579 - INFO - P2 (Round 6) - Epoch 8/10 | Loss: 0.0723 | Acc: 0.9789 | Val Loss: 0.0729 | Val Acc: 0.9789 | Time: 9.42s
2025-03-05 05:40:13,034 - INFO - P2 (Round 6) - Epoch 9/10 | Loss: 0.0719 | Acc: 0.9790 | Val Loss: 0.0741 | Val Acc: 0.9783 | Time: 9.45s
2025-03-05 05:40:22,719 - INFO - P2 (Round 6) - Epoch 10/10 | Loss: 0.0715 | Acc: 0.9790 | Val Loss: 0.0718 | Val Acc: 0.9788 | Time: 9.69s
2025-03-05 05:40:24,794 - INFO - Round 6 completed in 201.15s
2025-03-05 05:40:24,794 - INFO - Global Model - P1 Test: Loss = 1.8858, Accuracy = 0.3958
2025-03-05 05:40:24,794 - INFO - Global Model - P2 Test: Loss = 1.8287, Accuracy = 0.6459
2025-03-05 05:40:34,156 - INFO - P1 (Round 7) - Epoch 1/10 | Loss: 1.3340 | Acc: 0.4928 | Val Loss: 1.3322 | Val Acc: 0.4929 | Time: 9.36s
2025-03-05 05:40:44,657 - INFO - P1 (Round 7) - Epoch 2/10 | Loss: 1.3330 | Acc: 0.4929 | Val Loss: 1.3339 | Val Acc: 0.4929 | Time: 10.50s
2025-03-05 05:40:54,563 - INFO - P1 (Round 7) - Epoch 3/10 | Loss: 1.3329 | Acc: 0.4929 | Val Loss: 1.3320 | Val Acc: 0.4929 | Time: 9.91s
2025-03-05 05:41:04,252 - INFO - P1 (Round 7) - Epoch 4/10 | Loss: 1.3329 | Acc: 0.4929 | Val Loss: 1.3319 | Val Acc: 0.4929 | Time: 9.69s
2025-03-05 05:41:13,877 - INFO - P1 (Round 7) - Epoch 5/10 | Loss: 1.3328 | Acc: 0.4929 | Val Loss: 1.3329 | Val Acc: 0.4929 | Time: 9.63s
2025-03-05 05:41:23,368 - INFO - P1 (Round 7) - Epoch 6/10 | Loss: 1.3327 | Acc: 0.4929 | Val Loss: 1.3326 | Val Acc: 0.4929 | Time: 9.49s
2025-03-05 05:41:32,814 - INFO - P1 (Round 7) - Epoch 7/10 | Loss: 1.3327 | Acc: 0.4929 | Val Loss: 1.3320 | Val Acc: 0.4929 | Time: 9.45s
2025-03-05 05:41:42,342 - INFO - P1 (Round 7) - Epoch 8/10 | Loss: 1.3326 | Acc: 0.4929 | Val Loss: 1.3320 | Val Acc: 0.4929 | Time: 9.53s
2025-03-05 05:41:52,229 - INFO - P1 (Round 7) - Epoch 9/10 | Loss: 1.3324 | Acc: 0.4929 | Val Loss: 1.3320 | Val Acc: 0.4929 | Time: 9.89s
2025-03-05 05:42:02,307 - INFO - P1 (Round 7) - Epoch 10/10 | Loss: 1.3324 | Acc: 0.4929 | Val Loss: 1.3322 | Val Acc: 0.4929 | Time: 10.08s
2025-03-05 05:42:11,839 - INFO - P2 (Round 7) - Epoch 1/10 | Loss: 0.0811 | Acc: 0.9761 | Val Loss: 0.0743 | Val Acc: 0.9784 | Time: 9.53s
2025-03-05 05:42:21,490 - INFO - P2 (Round 7) - Epoch 2/10 | Loss: 0.0737 | Acc: 0.9782 | Val Loss: 0.0733 | Val Acc: 0.9789 | Time: 9.65s
2025-03-05 05:42:31,445 - INFO - P2 (Round 7) - Epoch 3/10 | Loss: 0.0727 | Acc: 0.9786 | Val Loss: 0.0772 | Val Acc: 0.9776 | Time: 9.95s
2025-03-05 05:42:41,251 - INFO - P2 (Round 7) - Epoch 4/10 | Loss: 0.0721 | Acc: 0.9788 | Val Loss: 0.0724 | Val Acc: 0.9795 | Time: 9.81s
2025-03-05 05:42:50,836 - INFO - P2 (Round 7) - Epoch 5/10 | Loss: 0.0716 | Acc: 0.9790 | Val Loss: 0.0709 | Val Acc: 0.9798 | Time: 9.59s
2025-03-05 05:43:00,572 - INFO - P2 (Round 7) - Epoch 6/10 | Loss: 0.0713 | Acc: 0.9790 | Val Loss: 0.0736 | Val Acc: 0.9789 | Time: 9.74s
2025-03-05 05:43:11,164 - INFO - P2 (Round 7) - Epoch 7/10 | Loss: 0.0708 | Acc: 0.9792 | Val Loss: 0.0709 | Val Acc: 0.9803 | Time: 10.59s
2025-03-05 05:43:20,906 - INFO - P2 (Round 7) - Epoch 8/10 | Loss: 0.0704 | Acc: 0.9794 | Val Loss: 0.0710 | Val Acc: 0.9790 | Time: 9.74s
2025-03-05 05:43:30,160 - INFO - P2 (Round 7) - Epoch 9/10 | Loss: 0.0702 | Acc: 0.9794 | Val Loss: 0.0715 | Val Acc: 0.9784 | Time: 9.25s
2025-03-05 05:43:39,574 - INFO - P2 (Round 7) - Epoch 10/10 | Loss: 0.0699 | Acc: 0.9795 | Val Loss: 0.0739 | Val Acc: 0.9789 | Time: 9.41s
2025-03-05 05:43:41,735 - INFO - Round 7 completed in 196.94s
2025-03-05 05:43:41,735 - INFO - Global Model - P1 Test: Loss = 1.8156, Accuracy = 0.3958
2025-03-05 05:43:41,736 - INFO - Global Model - P2 Test: Loss = 2.5930, Accuracy = 0.6158
2025-03-05 05:43:51,015 - INFO - P1 (Round 8) - Epoch 1/10 | Loss: 1.3339 | Acc: 0.4928 | Val Loss: 1.3318 | Val Acc: 0.4929 | Time: 9.28s
2025-03-05 05:44:00,351 - INFO - P1 (Round 8) - Epoch 2/10 | Loss: 1.3330 | Acc: 0.4929 | Val Loss: 1.3335 | Val Acc: 0.4929 | Time: 9.34s
2025-03-05 05:44:10,053 - INFO - P1 (Round 8) - Epoch 3/10 | Loss: 1.3330 | Acc: 0.4929 | Val Loss: 1.3330 | Val Acc: 0.4929 | Time: 9.70s
2025-03-05 05:44:20,810 - INFO - P1 (Round 8) - Epoch 4/10 | Loss: 1.3329 | Acc: 0.4929 | Val Loss: 1.3330 | Val Acc: 0.4929 | Time: 10.76s
2025-03-05 05:44:30,585 - INFO - P1 (Round 8) - Epoch 5/10 | Loss: 1.3327 | Acc: 0.4929 | Val Loss: 1.3333 | Val Acc: 0.4929 | Time: 9.77s
2025-03-05 05:44:40,221 - INFO - P1 (Round 8) - Epoch 6/10 | Loss: 1.3326 | Acc: 0.4929 | Val Loss: 1.3343 | Val Acc: 0.4929 | Time: 9.64s
2025-03-05 05:44:49,874 - INFO - P1 (Round 8) - Epoch 7/10 | Loss: 1.3326 | Acc: 0.4929 | Val Loss: 1.3331 | Val Acc: 0.4929 | Time: 9.65s
2025-03-05 05:44:59,448 - INFO - P1 (Round 8) - Epoch 8/10 | Loss: 1.3325 | Acc: 0.4929 | Val Loss: 1.3319 | Val Acc: 0.4929 | Time: 9.57s
2025-03-05 05:45:09,466 - INFO - P1 (Round 8) - Epoch 9/10 | Loss: 1.3323 | Acc: 0.4929 | Val Loss: 1.3319 | Val Acc: 0.4929 | Time: 10.02s
2025-03-05 05:45:18,981 - INFO - P1 (Round 8) - Epoch 10/10 | Loss: 1.3323 | Acc: 0.4929 | Val Loss: 1.3331 | Val Acc: 0.4929 | Time: 9.51s
2025-03-05 05:45:29,353 - INFO - P2 (Round 8) - Epoch 1/10 | Loss: 0.0809 | Acc: 0.9766 | Val Loss: 0.0743 | Val Acc: 0.9786 | Time: 10.37s
2025-03-05 05:45:39,553 - INFO - P2 (Round 8) - Epoch 2/10 | Loss: 0.0717 | Acc: 0.9790 | Val Loss: 0.0717 | Val Acc: 0.9792 | Time: 10.20s
2025-03-05 05:45:48,948 - INFO - P2 (Round 8) - Epoch 3/10 | Loss: 0.0709 | Acc: 0.9791 | Val Loss: 0.0704 | Val Acc: 0.9795 | Time: 9.40s
2025-03-05 05:45:58,451 - INFO - P2 (Round 8) - Epoch 4/10 | Loss: 0.0703 | Acc: 0.9793 | Val Loss: 0.0754 | Val Acc: 0.9761 | Time: 9.50s
2025-03-05 05:46:08,303 - INFO - P2 (Round 8) - Epoch 5/10 | Loss: 0.0700 | Acc: 0.9795 | Val Loss: 0.0692 | Val Acc: 0.9800 | Time: 9.85s
2025-03-05 05:46:17,861 - INFO - P2 (Round 8) - Epoch 6/10 | Loss: 0.0696 | Acc: 0.9796 | Val Loss: 0.0710 | Val Acc: 0.9797 | Time: 9.56s
2025-03-05 05:46:26,545 - INFO - P2 (Round 8) - Epoch 7/10 | Loss: 0.0694 | Acc: 0.9797 | Val Loss: 0.0708 | Val Acc: 0.9794 | Time: 8.68s
2025-03-05 05:46:35,443 - INFO - P2 (Round 8) - Epoch 8/10 | Loss: 0.0691 | Acc: 0.9798 | Val Loss: 0.0697 | Val Acc: 0.9802 | Time: 8.90s
2025-03-05 05:46:44,756 - INFO - P2 (Round 8) - Epoch 9/10 | Loss: 0.0687 | Acc: 0.9798 | Val Loss: 0.0680 | Val Acc: 0.9804 | Time: 9.31s
2025-03-05 05:46:53,359 - INFO - P2 (Round 8) - Epoch 10/10 | Loss: 0.0684 | Acc: 0.9800 | Val Loss: 0.0688 | Val Acc: 0.9803 | Time: 8.60s
2025-03-05 05:46:55,232 - INFO - Round 8 completed in 193.50s
2025-03-05 05:46:55,232 - INFO - Global Model - P1 Test: Loss = 1.6616, Accuracy = 0.4929
2025-03-05 05:46:55,232 - INFO - Global Model - P2 Test: Loss = 3.2399, Accuracy = 0.6369
2025-03-05 05:47:03,782 - INFO - P1 (Round 9) - Epoch 1/10 | Loss: 1.3339 | Acc: 0.4929 | Val Loss: 1.3324 | Val Acc: 0.4929 | Time: 8.55s
2025-03-05 05:47:12,243 - INFO - P1 (Round 9) - Epoch 2/10 | Loss: 1.3330 | Acc: 0.4929 | Val Loss: 1.3335 | Val Acc: 0.4929 | Time: 8.46s
2025-03-05 05:47:20,615 - INFO - P1 (Round 9) - Epoch 3/10 | Loss: 1.3329 | Acc: 0.4929 | Val Loss: 1.3339 | Val Acc: 0.4929 | Time: 8.37s
2025-03-05 05:47:29,254 - INFO - P1 (Round 9) - Epoch 4/10 | Loss: 1.3328 | Acc: 0.4929 | Val Loss: 1.3354 | Val Acc: 0.4929 | Time: 8.64s
2025-03-05 05:47:37,745 - INFO - P1 (Round 9) - Epoch 5/10 | Loss: 1.3327 | Acc: 0.4929 | Val Loss: 1.3318 | Val Acc: 0.4929 | Time: 8.49s
2025-03-05 05:47:46,492 - INFO - P1 (Round 9) - Epoch 6/10 | Loss: 1.3327 | Acc: 0.4929 | Val Loss: 1.3323 | Val Acc: 0.4929 | Time: 8.75s
2025-03-05 05:47:55,872 - INFO - P1 (Round 9) - Epoch 7/10 | Loss: 1.3326 | Acc: 0.4929 | Val Loss: 1.3321 | Val Acc: 0.4929 | Time: 9.38s
2025-03-05 05:48:04,377 - INFO - P1 (Round 9) - Epoch 8/10 | Loss: 1.3325 | Acc: 0.4929 | Val Loss: 1.3318 | Val Acc: 0.4929 | Time: 8.51s
2025-03-05 05:48:12,348 - INFO - P1 (Round 9) - Epoch 9/10 | Loss: 1.3325 | Acc: 0.4929 | Val Loss: 1.3326 | Val Acc: 0.4929 | Time: 7.97s
2025-03-05 05:48:19,935 - INFO - P1 (Round 9) - Epoch 10/10 | Loss: 1.3324 | Acc: 0.4929 | Val Loss: 1.3325 | Val Acc: 0.4929 | Time: 7.59s
2025-03-05 05:48:27,702 - INFO - P2 (Round 9) - Epoch 1/10 | Loss: 0.0806 | Acc: 0.9767 | Val Loss: 0.0713 | Val Acc: 0.9784 | Time: 7.77s
2025-03-05 05:48:35,421 - INFO - P2 (Round 9) - Epoch 2/10 | Loss: 0.0701 | Acc: 0.9794 | Val Loss: 0.0706 | Val Acc: 0.9801 | Time: 7.72s
2025-03-05 05:48:43,052 - INFO - P2 (Round 9) - Epoch 3/10 | Loss: 0.0694 | Acc: 0.9796 | Val Loss: 0.0747 | Val Acc: 0.9760 | Time: 7.63s
2025-03-05 05:48:50,612 - INFO - P2 (Round 9) - Epoch 4/10 | Loss: 0.0690 | Acc: 0.9797 | Val Loss: 0.0705 | Val Acc: 0.9798 | Time: 7.56s
2025-03-05 05:48:58,283 - INFO - P2 (Round 9) - Epoch 5/10 | Loss: 0.0688 | Acc: 0.9797 | Val Loss: 0.0692 | Val Acc: 0.9798 | Time: 7.67s
2025-03-05 05:49:06,439 - INFO - P2 (Round 9) - Epoch 6/10 | Loss: 0.0684 | Acc: 0.9798 | Val Loss: 0.0675 | Val Acc: 0.9805 | Time: 8.16s
2025-03-05 05:49:12,902 - INFO - P2 (Round 9) - Epoch 7/10 | Loss: 0.0682 | Acc: 0.9799 | Val Loss: 0.0715 | Val Acc: 0.9770 | Time: 6.46s
2025-03-05 05:49:19,003 - INFO - P2 (Round 9) - Epoch 8/10 | Loss: 0.0680 | Acc: 0.9798 | Val Loss: 0.0712 | Val Acc: 0.9784 | Time: 6.10s
2025-03-05 05:49:25,063 - INFO - P2 (Round 9) - Epoch 9/10 | Loss: 0.0676 | Acc: 0.9801 | Val Loss: 0.0665 | Val Acc: 0.9805 | Time: 6.06s
2025-03-05 05:49:31,144 - INFO - P2 (Round 9) - Epoch 10/10 | Loss: 0.0674 | Acc: 0.9801 | Val Loss: 0.0671 | Val Acc: 0.9803 | Time: 6.08s
2025-03-05 05:49:32,533 - INFO - Round 9 completed in 157.30s
2025-03-05 05:49:32,533 - INFO - Global Model - P1 Test: Loss = 1.6898, Accuracy = 0.4929
2025-03-05 05:49:32,533 - INFO - Global Model - P2 Test: Loss = 3.2355, Accuracy = 0.6162
2025-03-05 05:49:38,751 - INFO - P1 (Round 10) - Epoch 1/10 | Loss: 1.3339 | Acc: 0.4929 | Val Loss: 1.3325 | Val Acc: 0.4929 | Time: 6.22s
2025-03-05 05:49:44,735 - INFO - P1 (Round 10) - Epoch 2/10 | Loss: 1.3329 | Acc: 0.4929 | Val Loss: 1.3321 | Val Acc: 0.4929 | Time: 5.98s
2025-03-05 05:49:50,273 - INFO - P1 (Round 10) - Epoch 3/10 | Loss: 1.3329 | Acc: 0.4929 | Val Loss: 1.3322 | Val Acc: 0.4929 | Time: 5.54s
2025-03-05 05:49:55,960 - INFO - P1 (Round 10) - Epoch 4/10 | Loss: 1.3329 | Acc: 0.4929 | Val Loss: 1.3316 | Val Acc: 0.4929 | Time: 5.69s
2025-03-05 05:50:01,599 - INFO - P1 (Round 10) - Epoch 5/10 | Loss: 1.3328 | Acc: 0.4929 | Val Loss: 1.3326 | Val Acc: 0.4929 | Time: 5.64s
2025-03-05 05:50:07,251 - INFO - P1 (Round 10) - Epoch 6/10 | Loss: 1.3327 | Acc: 0.4929 | Val Loss: 1.3336 | Val Acc: 0.4929 | Time: 5.65s
2025-03-05 05:50:13,355 - INFO - P1 (Round 10) - Epoch 7/10 | Loss: 1.3326 | Acc: 0.4929 | Val Loss: 1.3319 | Val Acc: 0.4929 | Time: 6.10s
2025-03-05 05:50:19,159 - INFO - P1 (Round 10) - Epoch 8/10 | Loss: 1.3326 | Acc: 0.4929 | Val Loss: 1.3319 | Val Acc: 0.4929 | Time: 5.80s
2025-03-05 05:50:24,806 - INFO - P1 (Round 10) - Epoch 9/10 | Loss: 1.3325 | Acc: 0.4929 | Val Loss: 1.3324 | Val Acc: 0.4929 | Time: 5.65s
2025-03-05 05:50:30,347 - INFO - P1 (Round 10) - Epoch 10/10 | Loss: 1.3324 | Acc: 0.4929 | Val Loss: 1.3326 | Val Acc: 0.4929 | Time: 5.54s
2025-03-05 05:50:35,923 - INFO - P2 (Round 10) - Epoch 1/10 | Loss: 0.0792 | Acc: 0.9769 | Val Loss: 0.0730 | Val Acc: 0.9772 | Time: 5.58s
2025-03-05 05:50:41,547 - INFO - P2 (Round 10) - Epoch 2/10 | Loss: 0.0690 | Acc: 0.9796 | Val Loss: 0.0676 | Val Acc: 0.9799 | Time: 5.62s
2025-03-05 05:50:47,138 - INFO - P2 (Round 10) - Epoch 3/10 | Loss: 0.0682 | Acc: 0.9799 | Val Loss: 0.0681 | Val Acc: 0.9801 | Time: 5.59s
2025-03-05 05:50:52,801 - INFO - P2 (Round 10) - Epoch 4/10 | Loss: 0.0679 | Acc: 0.9799 | Val Loss: 0.0681 | Val Acc: 0.9800 | Time: 5.66s
2025-03-05 05:50:58,357 - INFO - P2 (Round 10) - Epoch 5/10 | Loss: 0.0678 | Acc: 0.9800 | Val Loss: 0.0661 | Val Acc: 0.9807 | Time: 5.56s
2025-03-05 05:51:04,008 - INFO - P2 (Round 10) - Epoch 6/10 | Loss: 0.0671 | Acc: 0.9801 | Val Loss: 0.0664 | Val Acc: 0.9807 | Time: 5.65s
2025-03-05 05:51:09,563 - INFO - P2 (Round 10) - Epoch 7/10 | Loss: 0.0668 | Acc: 0.9803 | Val Loss: 0.0667 | Val Acc: 0.9800 | Time: 5.55s
2025-03-05 05:51:15,163 - INFO - P2 (Round 10) - Epoch 8/10 | Loss: 0.0667 | Acc: 0.9802 | Val Loss: 0.0678 | Val Acc: 0.9797 | Time: 5.60s
2025-03-05 05:51:20,936 - INFO - P2 (Round 10) - Epoch 9/10 | Loss: 0.0665 | Acc: 0.9802 | Val Loss: 0.0652 | Val Acc: 0.9809 | Time: 5.77s
2025-03-05 05:51:27,007 - INFO - P2 (Round 10) - Epoch 10/10 | Loss: 0.0662 | Acc: 0.9803 | Val Loss: 0.0684 | Val Acc: 0.9789 | Time: 6.07s
2025-03-05 05:51:28,419 - INFO - Round 10 completed in 115.89s
2025-03-05 05:51:28,420 - INFO - Global Model - P1 Test: Loss = 1.6918, Accuracy = 0.4929
2025-03-05 05:51:28,420 - INFO - Global Model - P2 Test: Loss = 2.9522, Accuracy = 0.6193
2025-03-05 05:51:29,809 - INFO - Final Results after 10 rounds:
2025-03-05 05:51:29,809 - INFO - Global Model - P1 Test: Loss = 1.6918, Accuracy = 0.4929
2025-03-05 05:51:29,809 - INFO - Global Model - P2 Test: Loss = 2.9522, Accuracy = 0.6193
2025-03-05 05:51:29,815 - INFO - Experiment 185 results saved to results/suppression_experiments/exp_185_p1f1_p2f12.json
