2025-03-05 00:00:05,741 - INFO - Starting Suppression Experiment 102
2025-03-05 00:00:05,742 - INFO - P1 Features (7/14): ['protocol', 'bidirectional_min_ps', 'bidirectional_mean_ps', 'bidirectional_stddev_ps', 'bidirectional_max_ps', 'src2dst_stddev_ps', 'src2dst_max_ps']
2025-03-05 00:00:05,742 - INFO - P2 Features (11/14): ['protocol', 'bidirectional_min_ps', 'bidirectional_mean_ps', 'bidirectional_stddev_ps', 'bidirectional_max_ps', 'src2dst_stddev_ps', 'src2dst_max_ps', 'dst2src_min_ps', 'dst2src_mean_ps', 'dst2src_stddev_ps', 'dst2src_max_ps']
2025-03-05 00:00:17,501 - INFO - P1 (Round 1) - Epoch 1/10 | Loss: 0.4738 | Acc: 0.8356 | Val Loss: 0.3067 | Val Acc: 0.8975 | Time: 11.64s
2025-03-05 00:00:29,302 - INFO - P1 (Round 1) - Epoch 2/10 | Loss: 0.2660 | Acc: 0.9149 | Val Loss: 0.2259 | Val Acc: 0.9363 | Time: 11.80s
2025-03-05 00:00:41,281 - INFO - P1 (Round 1) - Epoch 3/10 | Loss: 0.2038 | Acc: 0.9403 | Val Loss: 0.1911 | Val Acc: 0.9473 | Time: 11.98s
2025-03-05 00:00:54,330 - INFO - P1 (Round 1) - Epoch 4/10 | Loss: 0.1817 | Acc: 0.9479 | Val Loss: 0.1775 | Val Acc: 0.9502 | Time: 13.05s
2025-03-05 00:01:05,858 - INFO - P1 (Round 1) - Epoch 5/10 | Loss: 0.1706 | Acc: 0.9507 | Val Loss: 0.1692 | Val Acc: 0.9528 | Time: 11.53s
2025-03-05 00:01:15,699 - INFO - P1 (Round 1) - Epoch 6/10 | Loss: 0.1622 | Acc: 0.9532 | Val Loss: 0.1626 | Val Acc: 0.9543 | Time: 9.84s
2025-03-05 00:01:25,591 - INFO - P1 (Round 1) - Epoch 7/10 | Loss: 0.1535 | Acc: 0.9554 | Val Loss: 0.1535 | Val Acc: 0.9566 | Time: 9.89s
2025-03-05 00:01:35,434 - INFO - P1 (Round 1) - Epoch 8/10 | Loss: 0.1457 | Acc: 0.9574 | Val Loss: 0.1458 | Val Acc: 0.9589 | Time: 9.84s
2025-03-05 00:01:45,483 - INFO - P1 (Round 1) - Epoch 9/10 | Loss: 0.1399 | Acc: 0.9592 | Val Loss: 0.1432 | Val Acc: 0.9596 | Time: 10.05s
2025-03-05 00:01:56,220 - INFO - P1 (Round 1) - Epoch 10/10 | Loss: 0.1358 | Acc: 0.9603 | Val Loss: 0.1390 | Val Acc: 0.9602 | Time: 10.74s
2025-03-05 00:02:07,165 - INFO - P2 (Round 1) - Epoch 1/10 | Loss: 0.3917 | Acc: 0.8586 | Val Loss: 0.2350 | Val Acc: 0.9141 | Time: 10.94s
2025-03-05 00:02:16,974 - INFO - P2 (Round 1) - Epoch 2/10 | Loss: 0.2168 | Acc: 0.9234 | Val Loss: 0.2040 | Val Acc: 0.9271 | Time: 9.81s
2025-03-05 00:02:26,559 - INFO - P2 (Round 1) - Epoch 3/10 | Loss: 0.1934 | Acc: 0.9308 | Val Loss: 0.1854 | Val Acc: 0.9336 | Time: 9.58s
2025-03-05 00:02:36,387 - INFO - P2 (Round 1) - Epoch 4/10 | Loss: 0.1774 | Acc: 0.9368 | Val Loss: 0.1687 | Val Acc: 0.9393 | Time: 9.83s
2025-03-05 00:02:46,104 - INFO - P2 (Round 1) - Epoch 5/10 | Loss: 0.1596 | Acc: 0.9456 | Val Loss: 0.1506 | Val Acc: 0.9487 | Time: 9.72s
2025-03-05 00:02:55,825 - INFO - P2 (Round 1) - Epoch 6/10 | Loss: 0.1390 | Acc: 0.9535 | Val Loss: 0.1268 | Val Acc: 0.9580 | Time: 9.72s
2025-03-05 00:03:06,444 - INFO - P2 (Round 1) - Epoch 7/10 | Loss: 0.1186 | Acc: 0.9621 | Val Loss: 0.1122 | Val Acc: 0.9645 | Time: 10.62s
2025-03-05 00:03:18,363 - INFO - P2 (Round 1) - Epoch 8/10 | Loss: 0.1094 | Acc: 0.9650 | Val Loss: 0.1077 | Val Acc: 0.9656 | Time: 11.92s
2025-03-05 00:03:28,065 - INFO - P2 (Round 1) - Epoch 9/10 | Loss: 0.1035 | Acc: 0.9673 | Val Loss: 0.1021 | Val Acc: 0.9670 | Time: 9.70s
2025-03-05 00:03:37,715 - INFO - P2 (Round 1) - Epoch 10/10 | Loss: 0.0990 | Acc: 0.9689 | Val Loss: 0.0972 | Val Acc: 0.9679 | Time: 9.65s
2025-03-05 00:03:40,050 - INFO - Round 1 completed in 214.19s
2025-03-05 00:03:40,050 - INFO - Global Model - P1 Test: Loss = 4.5316, Accuracy = 0.4065
2025-03-05 00:03:40,050 - INFO - Global Model - P2 Test: Loss = 4.5156, Accuracy = 0.4260
2025-03-05 00:03:49,966 - INFO - P1 (Round 2) - Epoch 1/10 | Loss: 0.2781 | Acc: 0.9150 | Val Loss: 0.1929 | Val Acc: 0.9442 | Time: 9.91s
2025-03-05 00:03:59,736 - INFO - P1 (Round 2) - Epoch 2/10 | Loss: 0.1758 | Acc: 0.9469 | Val Loss: 0.1654 | Val Acc: 0.9496 | Time: 9.77s
2025-03-05 00:04:09,904 - INFO - P1 (Round 2) - Epoch 3/10 | Loss: 0.1567 | Acc: 0.9518 | Val Loss: 0.1519 | Val Acc: 0.9501 | Time: 10.17s
2025-03-05 00:04:21,176 - INFO - P1 (Round 2) - Epoch 4/10 | Loss: 0.1461 | Acc: 0.9545 | Val Loss: 0.1444 | Val Acc: 0.9569 | Time: 11.27s
2025-03-05 00:04:32,010 - INFO - P1 (Round 2) - Epoch 5/10 | Loss: 0.1385 | Acc: 0.9565 | Val Loss: 0.1369 | Val Acc: 0.9587 | Time: 10.83s
2025-03-05 00:04:42,005 - INFO - P1 (Round 2) - Epoch 6/10 | Loss: 0.1317 | Acc: 0.9586 | Val Loss: 0.1319 | Val Acc: 0.9604 | Time: 10.00s
2025-03-05 00:04:52,116 - INFO - P1 (Round 2) - Epoch 7/10 | Loss: 0.1268 | Acc: 0.9603 | Val Loss: 0.1271 | Val Acc: 0.9606 | Time: 10.11s
2025-03-05 00:05:02,237 - INFO - P1 (Round 2) - Epoch 8/10 | Loss: 0.1236 | Acc: 0.9617 | Val Loss: 0.1245 | Val Acc: 0.9633 | Time: 10.12s
2025-03-05 00:05:12,095 - INFO - P1 (Round 2) - Epoch 9/10 | Loss: 0.1209 | Acc: 0.9628 | Val Loss: 0.1220 | Val Acc: 0.9639 | Time: 9.86s
2025-03-05 00:05:21,687 - INFO - P1 (Round 2) - Epoch 10/10 | Loss: 0.1186 | Acc: 0.9636 | Val Loss: 0.1187 | Val Acc: 0.9646 | Time: 9.59s
2025-03-05 00:05:32,845 - INFO - P2 (Round 2) - Epoch 1/10 | Loss: 0.2622 | Acc: 0.9131 | Val Loss: 0.1560 | Val Acc: 0.9482 | Time: 11.16s
2025-03-05 00:05:43,309 - INFO - P2 (Round 2) - Epoch 2/10 | Loss: 0.1353 | Acc: 0.9569 | Val Loss: 0.1233 | Val Acc: 0.9627 | Time: 10.46s
2025-03-05 00:05:53,195 - INFO - P2 (Round 2) - Epoch 3/10 | Loss: 0.1151 | Acc: 0.9647 | Val Loss: 0.1097 | Val Acc: 0.9668 | Time: 9.89s
2025-03-05 00:06:03,178 - INFO - P2 (Round 2) - Epoch 4/10 | Loss: 0.1052 | Acc: 0.9677 | Val Loss: 0.1027 | Val Acc: 0.9680 | Time: 9.98s
2025-03-05 00:06:13,002 - INFO - P2 (Round 2) - Epoch 5/10 | Loss: 0.0994 | Acc: 0.9689 | Val Loss: 0.0967 | Val Acc: 0.9697 | Time: 9.82s
2025-03-05 00:06:22,935 - INFO - P2 (Round 2) - Epoch 6/10 | Loss: 0.0949 | Acc: 0.9703 | Val Loss: 0.0942 | Val Acc: 0.9706 | Time: 9.93s
2025-03-05 00:06:32,638 - INFO - P2 (Round 2) - Epoch 7/10 | Loss: 0.0914 | Acc: 0.9712 | Val Loss: 0.0906 | Val Acc: 0.9706 | Time: 9.70s
2025-03-05 00:06:43,613 - INFO - P2 (Round 2) - Epoch 8/10 | Loss: 0.0884 | Acc: 0.9720 | Val Loss: 0.0889 | Val Acc: 0.9709 | Time: 10.98s
2025-03-05 00:06:55,069 - INFO - P2 (Round 2) - Epoch 9/10 | Loss: 0.0862 | Acc: 0.9725 | Val Loss: 0.0857 | Val Acc: 0.9726 | Time: 11.46s
2025-03-05 00:07:05,131 - INFO - P2 (Round 2) - Epoch 10/10 | Loss: 0.0845 | Acc: 0.9730 | Val Loss: 0.0840 | Val Acc: 0.9732 | Time: 10.06s
2025-03-05 00:07:07,430 - INFO - Round 2 completed in 207.38s
2025-03-05 00:07:07,430 - INFO - Global Model - P1 Test: Loss = 1.5277, Accuracy = 0.6849
2025-03-05 00:07:07,430 - INFO - Global Model - P2 Test: Loss = 1.4203, Accuracy = 0.7149
2025-03-05 00:07:17,678 - INFO - P1 (Round 3) - Epoch 1/10 | Loss: 0.1626 | Acc: 0.9514 | Val Loss: 0.1426 | Val Acc: 0.9562 | Time: 10.25s
2025-03-05 00:07:30,023 - INFO - P1 (Round 3) - Epoch 2/10 | Loss: 0.1350 | Acc: 0.9588 | Val Loss: 0.1313 | Val Acc: 0.9593 | Time: 12.35s
2025-03-05 00:07:41,231 - INFO - P1 (Round 3) - Epoch 3/10 | Loss: 0.1291 | Acc: 0.9606 | Val Loss: 0.1257 | Val Acc: 0.9639 | Time: 11.21s
2025-03-05 00:07:51,301 - INFO - P1 (Round 3) - Epoch 4/10 | Loss: 0.1256 | Acc: 0.9619 | Val Loss: 0.1244 | Val Acc: 0.9646 | Time: 10.07s
2025-03-05 00:08:02,935 - INFO - P1 (Round 3) - Epoch 5/10 | Loss: 0.1227 | Acc: 0.9631 | Val Loss: 0.1205 | Val Acc: 0.9659 | Time: 11.63s
2025-03-05 00:08:12,857 - INFO - P1 (Round 3) - Epoch 6/10 | Loss: 0.1199 | Acc: 0.9642 | Val Loss: 0.1173 | Val Acc: 0.9666 | Time: 9.92s
2025-03-05 00:08:22,772 - INFO - P1 (Round 3) - Epoch 7/10 | Loss: 0.1178 | Acc: 0.9647 | Val Loss: 0.1207 | Val Acc: 0.9654 | Time: 9.92s
2025-03-05 00:08:33,406 - INFO - P1 (Round 3) - Epoch 8/10 | Loss: 0.1161 | Acc: 0.9651 | Val Loss: 0.1149 | Val Acc: 0.9663 | Time: 10.63s
2025-03-05 00:08:43,872 - INFO - P1 (Round 3) - Epoch 9/10 | Loss: 0.1143 | Acc: 0.9656 | Val Loss: 0.1124 | Val Acc: 0.9675 | Time: 10.47s
2025-03-05 00:08:53,932 - INFO - P1 (Round 3) - Epoch 10/10 | Loss: 0.1128 | Acc: 0.9658 | Val Loss: 0.1122 | Val Acc: 0.9664 | Time: 10.06s
2025-03-05 00:09:04,553 - INFO - P2 (Round 3) - Epoch 1/10 | Loss: 0.1382 | Acc: 0.9580 | Val Loss: 0.1022 | Val Acc: 0.9694 | Time: 10.62s
2025-03-05 00:09:15,585 - INFO - P2 (Round 3) - Epoch 2/10 | Loss: 0.0957 | Acc: 0.9700 | Val Loss: 0.0910 | Val Acc: 0.9712 | Time: 11.03s
2025-03-05 00:09:25,654 - INFO - P2 (Round 3) - Epoch 3/10 | Loss: 0.0896 | Acc: 0.9716 | Val Loss: 0.0887 | Val Acc: 0.9725 | Time: 10.07s
2025-03-05 00:09:35,620 - INFO - P2 (Round 3) - Epoch 4/10 | Loss: 0.0869 | Acc: 0.9722 | Val Loss: 0.0856 | Val Acc: 0.9722 | Time: 9.97s
2025-03-05 00:09:45,399 - INFO - P2 (Round 3) - Epoch 5/10 | Loss: 0.0852 | Acc: 0.9727 | Val Loss: 0.0843 | Val Acc: 0.9730 | Time: 9.78s
2025-03-05 00:09:55,179 - INFO - P2 (Round 3) - Epoch 6/10 | Loss: 0.0838 | Acc: 0.9730 | Val Loss: 0.0839 | Val Acc: 0.9722 | Time: 9.78s
2025-03-05 00:10:05,176 - INFO - P2 (Round 3) - Epoch 7/10 | Loss: 0.0826 | Acc: 0.9735 | Val Loss: 0.0809 | Val Acc: 0.9739 | Time: 10.00s
2025-03-05 00:10:15,970 - INFO - P2 (Round 3) - Epoch 8/10 | Loss: 0.0812 | Acc: 0.9739 | Val Loss: 0.0807 | Val Acc: 0.9742 | Time: 10.79s
2025-03-05 00:10:26,991 - INFO - P2 (Round 3) - Epoch 9/10 | Loss: 0.0799 | Acc: 0.9745 | Val Loss: 0.0794 | Val Acc: 0.9747 | Time: 11.02s
2025-03-05 00:10:37,232 - INFO - P2 (Round 3) - Epoch 10/10 | Loss: 0.0789 | Acc: 0.9748 | Val Loss: 0.0773 | Val Acc: 0.9753 | Time: 10.24s
2025-03-05 00:10:39,433 - INFO - Round 3 completed in 212.00s
2025-03-05 00:10:39,433 - INFO - Global Model - P1 Test: Loss = 1.3242, Accuracy = 0.7247
2025-03-05 00:10:39,433 - INFO - Global Model - P2 Test: Loss = 0.9955, Accuracy = 0.7950
2025-03-05 00:10:49,047 - INFO - P1 (Round 4) - Epoch 1/10 | Loss: 0.1392 | Acc: 0.9585 | Val Loss: 0.1236 | Val Acc: 0.9614 | Time: 9.61s
2025-03-05 00:10:58,789 - INFO - P1 (Round 4) - Epoch 2/10 | Loss: 0.1210 | Acc: 0.9638 | Val Loss: 0.1179 | Val Acc: 0.9675 | Time: 9.74s
2025-03-05 00:11:08,525 - INFO - P1 (Round 4) - Epoch 3/10 | Loss: 0.1168 | Acc: 0.9650 | Val Loss: 0.1159 | Val Acc: 0.9661 | Time: 9.74s
2025-03-05 00:11:18,627 - INFO - P1 (Round 4) - Epoch 4/10 | Loss: 0.1137 | Acc: 0.9656 | Val Loss: 0.1120 | Val Acc: 0.9649 | Time: 10.10s
2025-03-05 00:11:29,851 - INFO - P1 (Round 4) - Epoch 5/10 | Loss: 0.1109 | Acc: 0.9663 | Val Loss: 0.1087 | Val Acc: 0.9668 | Time: 11.22s
2025-03-05 00:11:40,474 - INFO - P1 (Round 4) - Epoch 6/10 | Loss: 0.1089 | Acc: 0.9665 | Val Loss: 0.1090 | Val Acc: 0.9676 | Time: 10.62s
2025-03-05 00:11:50,379 - INFO - P1 (Round 4) - Epoch 7/10 | Loss: 0.1074 | Acc: 0.9670 | Val Loss: 0.1076 | Val Acc: 0.9678 | Time: 9.90s
2025-03-05 00:12:00,244 - INFO - P1 (Round 4) - Epoch 8/10 | Loss: 0.1061 | Acc: 0.9673 | Val Loss: 0.1052 | Val Acc: 0.9691 | Time: 9.87s
2025-03-05 00:12:10,486 - INFO - P1 (Round 4) - Epoch 9/10 | Loss: 0.1044 | Acc: 0.9683 | Val Loss: 0.1036 | Val Acc: 0.9691 | Time: 10.24s
2025-03-05 00:12:20,555 - INFO - P1 (Round 4) - Epoch 10/10 | Loss: 0.1033 | Acc: 0.9689 | Val Loss: 0.1019 | Val Acc: 0.9698 | Time: 10.07s
2025-03-05 00:12:30,372 - INFO - P2 (Round 4) - Epoch 1/10 | Loss: 0.0979 | Acc: 0.9699 | Val Loss: 0.0834 | Val Acc: 0.9734 | Time: 9.82s
2025-03-05 00:12:41,762 - INFO - P2 (Round 4) - Epoch 2/10 | Loss: 0.0809 | Acc: 0.9748 | Val Loss: 0.0792 | Val Acc: 0.9749 | Time: 11.39s
2025-03-05 00:12:52,072 - INFO - P2 (Round 4) - Epoch 3/10 | Loss: 0.0784 | Acc: 0.9755 | Val Loss: 0.0795 | Val Acc: 0.9748 | Time: 10.31s
2025-03-05 00:13:01,682 - INFO - P2 (Round 4) - Epoch 4/10 | Loss: 0.0768 | Acc: 0.9758 | Val Loss: 0.0761 | Val Acc: 0.9759 | Time: 9.61s
2025-03-05 00:13:11,448 - INFO - P2 (Round 4) - Epoch 5/10 | Loss: 0.0758 | Acc: 0.9762 | Val Loss: 0.0770 | Val Acc: 0.9752 | Time: 9.77s
2025-03-05 00:13:21,260 - INFO - P2 (Round 4) - Epoch 6/10 | Loss: 0.0749 | Acc: 0.9764 | Val Loss: 0.0740 | Val Acc: 0.9766 | Time: 9.81s
2025-03-05 00:13:31,284 - INFO - P2 (Round 4) - Epoch 7/10 | Loss: 0.0743 | Acc: 0.9766 | Val Loss: 0.0741 | Val Acc: 0.9767 | Time: 10.02s
2025-03-05 00:13:41,179 - INFO - P2 (Round 4) - Epoch 8/10 | Loss: 0.0738 | Acc: 0.9768 | Val Loss: 0.0732 | Val Acc: 0.9768 | Time: 9.90s
2025-03-05 00:13:52,447 - INFO - P2 (Round 4) - Epoch 9/10 | Loss: 0.0732 | Acc: 0.9770 | Val Loss: 0.0732 | Val Acc: 0.9765 | Time: 11.27s
2025-03-05 00:14:04,957 - INFO - P2 (Round 4) - Epoch 10/10 | Loss: 0.0728 | Acc: 0.9772 | Val Loss: 0.0731 | Val Acc: 0.9771 | Time: 12.51s
2025-03-05 00:14:07,274 - INFO - Round 4 completed in 207.84s
2025-03-05 00:14:07,274 - INFO - Global Model - P1 Test: Loss = 1.1257, Accuracy = 0.7637
2025-03-05 00:14:07,274 - INFO - Global Model - P2 Test: Loss = 0.9416, Accuracy = 0.8186
2025-03-05 00:14:17,565 - INFO - P1 (Round 5) - Epoch 1/10 | Loss: 0.1248 | Acc: 0.9630 | Val Loss: 0.1110 | Val Acc: 0.9654 | Time: 10.29s
2025-03-05 00:14:27,280 - INFO - P1 (Round 5) - Epoch 2/10 | Loss: 0.1086 | Acc: 0.9670 | Val Loss: 0.1052 | Val Acc: 0.9695 | Time: 9.72s
2025-03-05 00:14:37,167 - INFO - P1 (Round 5) - Epoch 3/10 | Loss: 0.1052 | Acc: 0.9680 | Val Loss: 0.1063 | Val Acc: 0.9677 | Time: 9.89s
2025-03-05 00:14:47,007 - INFO - P1 (Round 5) - Epoch 4/10 | Loss: 0.1033 | Acc: 0.9686 | Val Loss: 0.1024 | Val Acc: 0.9690 | Time: 9.84s
2025-03-05 00:14:57,134 - INFO - P1 (Round 5) - Epoch 5/10 | Loss: 0.1021 | Acc: 0.9690 | Val Loss: 0.1014 | Val Acc: 0.9698 | Time: 10.13s
2025-03-05 00:15:09,253 - INFO - P1 (Round 5) - Epoch 6/10 | Loss: 0.1011 | Acc: 0.9695 | Val Loss: 0.0997 | Val Acc: 0.9710 | Time: 12.12s
2025-03-05 00:15:19,152 - INFO - P1 (Round 5) - Epoch 7/10 | Loss: 0.1003 | Acc: 0.9698 | Val Loss: 0.0998 | Val Acc: 0.9689 | Time: 9.90s
2025-03-05 00:15:29,132 - INFO - P1 (Round 5) - Epoch 8/10 | Loss: 0.0997 | Acc: 0.9698 | Val Loss: 0.0986 | Val Acc: 0.9709 | Time: 9.98s
2025-03-05 00:15:38,905 - INFO - P1 (Round 5) - Epoch 9/10 | Loss: 0.0990 | Acc: 0.9701 | Val Loss: 0.0985 | Val Acc: 0.9692 | Time: 9.77s
2025-03-05 00:15:48,601 - INFO - P1 (Round 5) - Epoch 10/10 | Loss: 0.0984 | Acc: 0.9702 | Val Loss: 0.0971 | Val Acc: 0.9705 | Time: 9.70s
2025-03-05 00:15:58,661 - INFO - P2 (Round 5) - Epoch 1/10 | Loss: 0.0987 | Acc: 0.9678 | Val Loss: 0.0849 | Val Acc: 0.9714 | Time: 10.06s
2025-03-05 00:16:08,865 - INFO - P2 (Round 5) - Epoch 2/10 | Loss: 0.0822 | Acc: 0.9738 | Val Loss: 0.0800 | Val Acc: 0.9723 | Time: 10.20s
2025-03-05 00:16:20,764 - INFO - P2 (Round 5) - Epoch 3/10 | Loss: 0.0792 | Acc: 0.9755 | Val Loss: 0.0791 | Val Acc: 0.9763 | Time: 11.90s
2025-03-05 00:16:30,361 - INFO - P2 (Round 5) - Epoch 4/10 | Loss: 0.0775 | Acc: 0.9761 | Val Loss: 0.0765 | Val Acc: 0.9774 | Time: 9.60s
2025-03-05 00:16:40,365 - INFO - P2 (Round 5) - Epoch 5/10 | Loss: 0.0760 | Acc: 0.9767 | Val Loss: 0.0772 | Val Acc: 0.9761 | Time: 10.00s
2025-03-05 00:16:50,154 - INFO - P2 (Round 5) - Epoch 6/10 | Loss: 0.0751 | Acc: 0.9769 | Val Loss: 0.0741 | Val Acc: 0.9778 | Time: 9.79s
2025-03-05 00:17:00,058 - INFO - P2 (Round 5) - Epoch 7/10 | Loss: 0.0743 | Acc: 0.9773 | Val Loss: 0.0765 | Val Acc: 0.9767 | Time: 9.90s
2025-03-05 00:17:09,942 - INFO - P2 (Round 5) - Epoch 8/10 | Loss: 0.0737 | Acc: 0.9774 | Val Loss: 0.0734 | Val Acc: 0.9775 | Time: 9.88s
2025-03-05 00:17:20,050 - INFO - P2 (Round 5) - Epoch 9/10 | Loss: 0.0730 | Acc: 0.9775 | Val Loss: 0.0732 | Val Acc: 0.9777 | Time: 10.11s
2025-03-05 00:17:32,215 - INFO - P2 (Round 5) - Epoch 10/10 | Loss: 0.0725 | Acc: 0.9777 | Val Loss: 0.0726 | Val Acc: 0.9778 | Time: 12.16s
2025-03-05 00:17:34,529 - INFO - Round 5 completed in 207.25s
2025-03-05 00:17:34,529 - INFO - Global Model - P1 Test: Loss = 1.0156, Accuracy = 0.7669
2025-03-05 00:17:34,529 - INFO - Global Model - P2 Test: Loss = 1.0375, Accuracy = 0.7668
2025-03-05 00:17:44,354 - INFO - P1 (Round 6) - Epoch 1/10 | Loss: 0.1346 | Acc: 0.9566 | Val Loss: 0.1154 | Val Acc: 0.9613 | Time: 9.82s
2025-03-05 00:17:53,959 - INFO - P1 (Round 6) - Epoch 2/10 | Loss: 0.1093 | Acc: 0.9669 | Val Loss: 0.1058 | Val Acc: 0.9682 | Time: 9.60s
2025-03-05 00:18:03,920 - INFO - P1 (Round 6) - Epoch 3/10 | Loss: 0.1041 | Acc: 0.9682 | Val Loss: 0.1019 | Val Acc: 0.9689 | Time: 9.96s
2025-03-05 00:18:13,977 - INFO - P1 (Round 6) - Epoch 4/10 | Loss: 0.1019 | Acc: 0.9689 | Val Loss: 0.1003 | Val Acc: 0.9698 | Time: 10.06s
2025-03-05 00:18:23,741 - INFO - P1 (Round 6) - Epoch 5/10 | Loss: 0.1008 | Acc: 0.9694 | Val Loss: 0.0998 | Val Acc: 0.9700 | Time: 9.76s
2025-03-05 00:18:34,159 - INFO - P1 (Round 6) - Epoch 6/10 | Loss: 0.0999 | Acc: 0.9697 | Val Loss: 0.1000 | Val Acc: 0.9709 | Time: 10.42s
2025-03-05 00:18:45,564 - INFO - P1 (Round 6) - Epoch 7/10 | Loss: 0.0988 | Acc: 0.9697 | Val Loss: 0.0989 | Val Acc: 0.9702 | Time: 11.41s
2025-03-05 00:18:55,239 - INFO - P1 (Round 6) - Epoch 8/10 | Loss: 0.0982 | Acc: 0.9700 | Val Loss: 0.0983 | Val Acc: 0.9667 | Time: 9.67s
2025-03-05 00:19:06,253 - INFO - P1 (Round 6) - Epoch 9/10 | Loss: 0.0977 | Acc: 0.9701 | Val Loss: 0.0954 | Val Acc: 0.9705 | Time: 11.01s
2025-03-05 00:19:17,842 - INFO - P1 (Round 6) - Epoch 10/10 | Loss: 0.0972 | Acc: 0.9703 | Val Loss: 0.0970 | Val Acc: 0.9708 | Time: 11.59s
2025-03-05 00:19:30,316 - INFO - P2 (Round 6) - Epoch 1/10 | Loss: 0.0902 | Acc: 0.9726 | Val Loss: 0.0786 | Val Acc: 0.9762 | Time: 12.47s
2025-03-05 00:19:41,996 - INFO - P2 (Round 6) - Epoch 2/10 | Loss: 0.0766 | Acc: 0.9763 | Val Loss: 0.0759 | Val Acc: 0.9774 | Time: 11.68s
2025-03-05 00:19:54,767 - INFO - P2 (Round 6) - Epoch 3/10 | Loss: 0.0745 | Acc: 0.9771 | Val Loss: 0.0762 | Val Acc: 0.9764 | Time: 12.77s
2025-03-05 00:20:06,784 - INFO - P2 (Round 6) - Epoch 4/10 | Loss: 0.0732 | Acc: 0.9775 | Val Loss: 0.0724 | Val Acc: 0.9777 | Time: 12.02s
2025-03-05 00:20:18,443 - INFO - P2 (Round 6) - Epoch 5/10 | Loss: 0.0722 | Acc: 0.9777 | Val Loss: 0.0715 | Val Acc: 0.9779 | Time: 11.66s
2025-03-05 00:20:30,108 - INFO - P2 (Round 6) - Epoch 6/10 | Loss: 0.0715 | Acc: 0.9778 | Val Loss: 0.0726 | Val Acc: 0.9775 | Time: 11.66s
2025-03-05 00:20:42,257 - INFO - P2 (Round 6) - Epoch 7/10 | Loss: 0.0708 | Acc: 0.9781 | Val Loss: 0.0708 | Val Acc: 0.9782 | Time: 12.15s
2025-03-05 00:20:54,584 - INFO - P2 (Round 6) - Epoch 8/10 | Loss: 0.0703 | Acc: 0.9782 | Val Loss: 0.0734 | Val Acc: 0.9777 | Time: 12.33s
2025-03-05 00:21:07,559 - INFO - P2 (Round 6) - Epoch 9/10 | Loss: 0.0699 | Acc: 0.9783 | Val Loss: 0.0718 | Val Acc: 0.9779 | Time: 12.98s
2025-03-05 00:21:19,484 - INFO - P2 (Round 6) - Epoch 10/10 | Loss: 0.0694 | Acc: 0.9785 | Val Loss: 0.0700 | Val Acc: 0.9787 | Time: 11.92s
2025-03-05 00:21:21,850 - INFO - Round 6 completed in 227.32s
2025-03-05 00:21:21,850 - INFO - Global Model - P1 Test: Loss = 1.0049, Accuracy = 0.7782
2025-03-05 00:21:21,850 - INFO - Global Model - P2 Test: Loss = 1.4155, Accuracy = 0.7365
2025-03-05 00:21:34,019 - INFO - P1 (Round 7) - Epoch 1/10 | Loss: 0.1195 | Acc: 0.9632 | Val Loss: 0.1020 | Val Acc: 0.9696 | Time: 12.17s
2025-03-05 00:21:46,240 - INFO - P1 (Round 7) - Epoch 2/10 | Loss: 0.1018 | Acc: 0.9686 | Val Loss: 0.1003 | Val Acc: 0.9670 | Time: 12.22s
2025-03-05 00:21:58,281 - INFO - P1 (Round 7) - Epoch 3/10 | Loss: 0.0997 | Acc: 0.9693 | Val Loss: 0.0993 | Val Acc: 0.9693 | Time: 12.04s
2025-03-05 00:22:10,389 - INFO - P1 (Round 7) - Epoch 4/10 | Loss: 0.0985 | Acc: 0.9695 | Val Loss: 0.0998 | Val Acc: 0.9696 | Time: 12.11s
2025-03-05 00:22:23,187 - INFO - P1 (Round 7) - Epoch 5/10 | Loss: 0.0976 | Acc: 0.9699 | Val Loss: 0.1005 | Val Acc: 0.9687 | Time: 12.80s
2025-03-05 00:22:34,785 - INFO - P1 (Round 7) - Epoch 6/10 | Loss: 0.0969 | Acc: 0.9701 | Val Loss: 0.0978 | Val Acc: 0.9711 | Time: 11.60s
2025-03-05 00:22:46,291 - INFO - P1 (Round 7) - Epoch 7/10 | Loss: 0.0965 | Acc: 0.9701 | Val Loss: 0.0981 | Val Acc: 0.9704 | Time: 11.51s
2025-03-05 00:22:57,689 - INFO - P1 (Round 7) - Epoch 8/10 | Loss: 0.0959 | Acc: 0.9705 | Val Loss: 0.0959 | Val Acc: 0.9697 | Time: 11.40s
2025-03-05 00:23:09,353 - INFO - P1 (Round 7) - Epoch 9/10 | Loss: 0.0956 | Acc: 0.9704 | Val Loss: 0.0938 | Val Acc: 0.9712 | Time: 11.66s
2025-03-05 00:23:21,177 - INFO - P1 (Round 7) - Epoch 10/10 | Loss: 0.0949 | Acc: 0.9708 | Val Loss: 0.0950 | Val Acc: 0.9712 | Time: 11.82s
2025-03-05 00:23:33,802 - INFO - P2 (Round 7) - Epoch 1/10 | Loss: 0.0868 | Acc: 0.9743 | Val Loss: 0.0813 | Val Acc: 0.9730 | Time: 12.62s
2025-03-05 00:23:45,362 - INFO - P2 (Round 7) - Epoch 2/10 | Loss: 0.0743 | Acc: 0.9771 | Val Loss: 0.0734 | Val Acc: 0.9776 | Time: 11.56s
2025-03-05 00:23:56,923 - INFO - P2 (Round 7) - Epoch 3/10 | Loss: 0.0725 | Acc: 0.9777 | Val Loss: 0.0744 | Val Acc: 0.9765 | Time: 11.56s
2025-03-05 00:24:08,597 - INFO - P2 (Round 7) - Epoch 4/10 | Loss: 0.0713 | Acc: 0.9779 | Val Loss: 0.0716 | Val Acc: 0.9780 | Time: 11.67s
2025-03-05 00:24:20,273 - INFO - P2 (Round 7) - Epoch 5/10 | Loss: 0.0706 | Acc: 0.9781 | Val Loss: 0.0713 | Val Acc: 0.9787 | Time: 11.68s
2025-03-05 00:24:32,420 - INFO - P2 (Round 7) - Epoch 6/10 | Loss: 0.0701 | Acc: 0.9783 | Val Loss: 0.0703 | Val Acc: 0.9781 | Time: 12.15s
2025-03-05 00:24:45,223 - INFO - P2 (Round 7) - Epoch 7/10 | Loss: 0.0695 | Acc: 0.9784 | Val Loss: 0.0712 | Val Acc: 0.9782 | Time: 12.80s
2025-03-05 00:24:57,324 - INFO - P2 (Round 7) - Epoch 8/10 | Loss: 0.0690 | Acc: 0.9785 | Val Loss: 0.0692 | Val Acc: 0.9783 | Time: 12.10s
2025-03-05 00:25:09,166 - INFO - P2 (Round 7) - Epoch 9/10 | Loss: 0.0687 | Acc: 0.9786 | Val Loss: 0.0692 | Val Acc: 0.9783 | Time: 11.84s
2025-03-05 00:25:20,819 - INFO - P2 (Round 7) - Epoch 10/10 | Loss: 0.0683 | Acc: 0.9786 | Val Loss: 0.0706 | Val Acc: 0.9783 | Time: 11.65s
2025-03-05 00:25:23,262 - INFO - Round 7 completed in 241.41s
2025-03-05 00:25:23,262 - INFO - Global Model - P1 Test: Loss = 0.8984, Accuracy = 0.7961
2025-03-05 00:25:23,262 - INFO - Global Model - P2 Test: Loss = 2.2327, Accuracy = 0.6581
2025-03-05 00:25:34,872 - INFO - P1 (Round 8) - Epoch 1/10 | Loss: 0.1210 | Acc: 0.9627 | Val Loss: 0.1022 | Val Acc: 0.9697 | Time: 11.61s
2025-03-05 00:25:46,929 - INFO - P1 (Round 8) - Epoch 2/10 | Loss: 0.1008 | Acc: 0.9690 | Val Loss: 0.0980 | Val Acc: 0.9702 | Time: 12.06s
2025-03-05 00:25:59,427 - INFO - P1 (Round 8) - Epoch 3/10 | Loss: 0.0983 | Acc: 0.9697 | Val Loss: 0.0965 | Val Acc: 0.9695 | Time: 12.50s
2025-03-05 00:26:11,134 - INFO - P1 (Round 8) - Epoch 4/10 | Loss: 0.0973 | Acc: 0.9700 | Val Loss: 0.0983 | Val Acc: 0.9698 | Time: 11.71s
2025-03-05 00:26:22,802 - INFO - P1 (Round 8) - Epoch 5/10 | Loss: 0.0966 | Acc: 0.9702 | Val Loss: 0.0956 | Val Acc: 0.9698 | Time: 11.67s
2025-03-05 00:26:34,542 - INFO - P1 (Round 8) - Epoch 6/10 | Loss: 0.0960 | Acc: 0.9704 | Val Loss: 0.0951 | Val Acc: 0.9706 | Time: 11.74s
2025-03-05 00:26:46,119 - INFO - P1 (Round 8) - Epoch 7/10 | Loss: 0.0956 | Acc: 0.9705 | Val Loss: 0.0957 | Val Acc: 0.9708 | Time: 11.58s
2025-03-05 00:26:58,389 - INFO - P1 (Round 8) - Epoch 8/10 | Loss: 0.0952 | Acc: 0.9705 | Val Loss: 0.0956 | Val Acc: 0.9707 | Time: 12.27s
2025-03-05 00:27:11,179 - INFO - P1 (Round 8) - Epoch 9/10 | Loss: 0.0949 | Acc: 0.9706 | Val Loss: 0.0945 | Val Acc: 0.9699 | Time: 12.79s
2025-03-05 00:27:22,924 - INFO - P1 (Round 8) - Epoch 10/10 | Loss: 0.0945 | Acc: 0.9708 | Val Loss: 0.1072 | Val Acc: 0.9647 | Time: 11.75s
2025-03-05 00:27:35,046 - INFO - P2 (Round 8) - Epoch 1/10 | Loss: 0.0875 | Acc: 0.9746 | Val Loss: 0.0750 | Val Acc: 0.9771 | Time: 12.12s
2025-03-05 00:27:47,558 - INFO - P2 (Round 8) - Epoch 2/10 | Loss: 0.0726 | Acc: 0.9777 | Val Loss: 0.0720 | Val Acc: 0.9779 | Time: 12.51s
2025-03-05 00:27:59,232 - INFO - P2 (Round 8) - Epoch 3/10 | Loss: 0.0707 | Acc: 0.9779 | Val Loss: 0.0703 | Val Acc: 0.9784 | Time: 11.67s
2025-03-05 00:28:11,963 - INFO - P2 (Round 8) - Epoch 4/10 | Loss: 0.0700 | Acc: 0.9781 | Val Loss: 0.0718 | Val Acc: 0.9779 | Time: 12.73s
2025-03-05 00:28:24,091 - INFO - P2 (Round 8) - Epoch 5/10 | Loss: 0.0690 | Acc: 0.9783 | Val Loss: 0.0695 | Val Acc: 0.9781 | Time: 12.13s
2025-03-05 00:28:35,785 - INFO - P2 (Round 8) - Epoch 6/10 | Loss: 0.0686 | Acc: 0.9784 | Val Loss: 0.0685 | Val Acc: 0.9790 | Time: 11.69s
2025-03-05 00:28:47,564 - INFO - P2 (Round 8) - Epoch 7/10 | Loss: 0.0683 | Acc: 0.9786 | Val Loss: 0.0702 | Val Acc: 0.9778 | Time: 11.78s
2025-03-05 00:28:59,762 - INFO - P2 (Round 8) - Epoch 8/10 | Loss: 0.0679 | Acc: 0.9785 | Val Loss: 0.0692 | Val Acc: 0.9776 | Time: 12.20s
2025-03-05 00:29:11,484 - INFO - P2 (Round 8) - Epoch 9/10 | Loss: 0.0677 | Acc: 0.9786 | Val Loss: 0.0680 | Val Acc: 0.9787 | Time: 11.72s
2025-03-05 00:29:24,092 - INFO - P2 (Round 8) - Epoch 10/10 | Loss: 0.0675 | Acc: 0.9787 | Val Loss: 0.0680 | Val Acc: 0.9789 | Time: 12.61s
2025-03-05 00:29:26,869 - INFO - Round 8 completed in 243.61s
2025-03-05 00:29:26,869 - INFO - Global Model - P1 Test: Loss = 0.9550, Accuracy = 0.7989
2025-03-05 00:29:26,869 - INFO - Global Model - P2 Test: Loss = 2.5080, Accuracy = 0.6680
2025-03-05 00:29:38,707 - INFO - P1 (Round 9) - Epoch 1/10 | Loss: 0.1164 | Acc: 0.9646 | Val Loss: 0.1007 | Val Acc: 0.9680 | Time: 11.84s
2025-03-05 00:29:50,461 - INFO - P1 (Round 9) - Epoch 2/10 | Loss: 0.0997 | Acc: 0.9694 | Val Loss: 0.1025 | Val Acc: 0.9691 | Time: 11.75s
2025-03-05 00:30:02,457 - INFO - P1 (Round 9) - Epoch 3/10 | Loss: 0.0977 | Acc: 0.9700 | Val Loss: 0.0963 | Val Acc: 0.9711 | Time: 12.00s
2025-03-05 00:30:14,059 - INFO - P1 (Round 9) - Epoch 4/10 | Loss: 0.0966 | Acc: 0.9705 | Val Loss: 0.0956 | Val Acc: 0.9711 | Time: 11.60s
2025-03-05 00:30:25,678 - INFO - P1 (Round 9) - Epoch 5/10 | Loss: 0.0959 | Acc: 0.9708 | Val Loss: 0.0955 | Val Acc: 0.9707 | Time: 11.62s
2025-03-05 00:30:38,595 - INFO - P1 (Round 9) - Epoch 6/10 | Loss: 0.0952 | Acc: 0.9709 | Val Loss: 0.0954 | Val Acc: 0.9711 | Time: 12.92s
2025-03-05 00:30:50,383 - INFO - P1 (Round 9) - Epoch 7/10 | Loss: 0.0949 | Acc: 0.9709 | Val Loss: 0.0938 | Val Acc: 0.9710 | Time: 11.79s
2025-03-05 00:31:02,052 - INFO - P1 (Round 9) - Epoch 8/10 | Loss: 0.0944 | Acc: 0.9711 | Val Loss: 0.0946 | Val Acc: 0.9707 | Time: 11.67s
2025-03-05 00:31:13,965 - INFO - P1 (Round 9) - Epoch 9/10 | Loss: 0.0940 | Acc: 0.9712 | Val Loss: 0.0943 | Val Acc: 0.9723 | Time: 11.91s
2025-03-05 00:31:25,659 - INFO - P1 (Round 9) - Epoch 10/10 | Loss: 0.0938 | Acc: 0.9713 | Val Loss: 0.0933 | Val Acc: 0.9703 | Time: 11.69s
2025-03-05 00:31:37,821 - INFO - P2 (Round 9) - Epoch 1/10 | Loss: 0.0878 | Acc: 0.9745 | Val Loss: 0.0728 | Val Acc: 0.9759 | Time: 12.16s
2025-03-05 00:31:50,901 - INFO - P2 (Round 9) - Epoch 2/10 | Loss: 0.0713 | Acc: 0.9779 | Val Loss: 0.0714 | Val Acc: 0.9782 | Time: 13.08s
2025-03-05 00:32:01,581 - INFO - P2 (Round 9) - Epoch 3/10 | Loss: 0.0695 | Acc: 0.9783 | Val Loss: 0.0712 | Val Acc: 0.9779 | Time: 10.68s
2025-03-05 00:32:11,633 - INFO - P2 (Round 9) - Epoch 4/10 | Loss: 0.0686 | Acc: 0.9784 | Val Loss: 0.0675 | Val Acc: 0.9789 | Time: 10.05s
2025-03-05 00:32:21,342 - INFO - P2 (Round 9) - Epoch 5/10 | Loss: 0.0682 | Acc: 0.9785 | Val Loss: 0.0689 | Val Acc: 0.9784 | Time: 9.71s
2025-03-05 00:32:31,018 - INFO - P2 (Round 9) - Epoch 6/10 | Loss: 0.0678 | Acc: 0.9786 | Val Loss: 0.0677 | Val Acc: 0.9790 | Time: 9.68s
2025-03-05 00:32:40,982 - INFO - P2 (Round 9) - Epoch 7/10 | Loss: 0.0674 | Acc: 0.9788 | Val Loss: 0.0683 | Val Acc: 0.9786 | Time: 9.96s
2025-03-05 00:32:51,270 - INFO - P2 (Round 9) - Epoch 8/10 | Loss: 0.0672 | Acc: 0.9788 | Val Loss: 0.0686 | Val Acc: 0.9787 | Time: 10.29s
2025-03-05 00:33:02,810 - INFO - P2 (Round 9) - Epoch 9/10 | Loss: 0.0669 | Acc: 0.9789 | Val Loss: 0.0664 | Val Acc: 0.9798 | Time: 11.54s
2025-03-05 00:33:12,859 - INFO - P2 (Round 9) - Epoch 10/10 | Loss: 0.0665 | Acc: 0.9790 | Val Loss: 0.0683 | Val Acc: 0.9787 | Time: 10.05s
2025-03-05 00:33:14,963 - INFO - Round 9 completed in 228.09s
2025-03-05 00:33:14,963 - INFO - Global Model - P1 Test: Loss = 0.9527, Accuracy = 0.8131
2025-03-05 00:33:14,964 - INFO - Global Model - P2 Test: Loss = 2.2989, Accuracy = 0.6459
2025-03-05 00:33:24,768 - INFO - P1 (Round 10) - Epoch 1/10 | Loss: 0.1153 | Acc: 0.9637 | Val Loss: 0.0991 | Val Acc: 0.9699 | Time: 9.80s
2025-03-05 00:33:34,955 - INFO - P1 (Round 10) - Epoch 2/10 | Loss: 0.0975 | Acc: 0.9699 | Val Loss: 0.0949 | Val Acc: 0.9694 | Time: 10.19s
2025-03-05 00:33:44,563 - INFO - P1 (Round 10) - Epoch 3/10 | Loss: 0.0957 | Acc: 0.9703 | Val Loss: 0.0960 | Val Acc: 0.9691 | Time: 9.61s
2025-03-05 00:33:54,435 - INFO - P1 (Round 10) - Epoch 4/10 | Loss: 0.0946 | Acc: 0.9707 | Val Loss: 0.0920 | Val Acc: 0.9713 | Time: 9.87s
2025-03-05 00:34:05,305 - INFO - P1 (Round 10) - Epoch 5/10 | Loss: 0.0938 | Acc: 0.9708 | Val Loss: 0.0923 | Val Acc: 0.9713 | Time: 10.87s
2025-03-05 00:34:16,257 - INFO - P1 (Round 10) - Epoch 6/10 | Loss: 0.0933 | Acc: 0.9710 | Val Loss: 0.0910 | Val Acc: 0.9710 | Time: 10.95s
2025-03-05 00:34:25,720 - INFO - P1 (Round 10) - Epoch 7/10 | Loss: 0.0927 | Acc: 0.9711 | Val Loss: 0.0915 | Val Acc: 0.9721 | Time: 9.46s
2025-03-05 00:34:35,704 - INFO - P1 (Round 10) - Epoch 8/10 | Loss: 0.0922 | Acc: 0.9714 | Val Loss: 0.0900 | Val Acc: 0.9722 | Time: 9.98s
2025-03-05 00:34:45,419 - INFO - P1 (Round 10) - Epoch 9/10 | Loss: 0.0919 | Acc: 0.9715 | Val Loss: 0.0904 | Val Acc: 0.9721 | Time: 9.72s
2025-03-05 00:34:55,278 - INFO - P1 (Round 10) - Epoch 10/10 | Loss: 0.0917 | Acc: 0.9716 | Val Loss: 0.0910 | Val Acc: 0.9720 | Time: 9.86s
2025-03-05 00:35:05,423 - INFO - P2 (Round 10) - Epoch 1/10 | Loss: 0.0901 | Acc: 0.9712 | Val Loss: 0.0766 | Val Acc: 0.9745 | Time: 10.14s
2025-03-05 00:35:15,924 - INFO - P2 (Round 10) - Epoch 2/10 | Loss: 0.0753 | Acc: 0.9754 | Val Loss: 0.0744 | Val Acc: 0.9749 | Time: 10.50s
2025-03-05 00:35:28,585 - INFO - P2 (Round 10) - Epoch 3/10 | Loss: 0.0732 | Acc: 0.9768 | Val Loss: 0.0737 | Val Acc: 0.9776 | Time: 12.66s
2025-03-05 00:35:40,770 - INFO - P2 (Round 10) - Epoch 4/10 | Loss: 0.0719 | Acc: 0.9775 | Val Loss: 0.0727 | Val Acc: 0.9779 | Time: 12.18s
2025-03-05 00:35:52,914 - INFO - P2 (Round 10) - Epoch 5/10 | Loss: 0.0713 | Acc: 0.9780 | Val Loss: 0.0719 | Val Acc: 0.9748 | Time: 12.14s
2025-03-05 00:36:05,173 - INFO - P2 (Round 10) - Epoch 6/10 | Loss: 0.0707 | Acc: 0.9782 | Val Loss: 0.0704 | Val Acc: 0.9787 | Time: 12.26s
2025-03-05 00:36:16,731 - INFO - P2 (Round 10) - Epoch 7/10 | Loss: 0.0698 | Acc: 0.9785 | Val Loss: 0.0717 | Val Acc: 0.9776 | Time: 11.56s
2025-03-05 00:36:28,957 - INFO - P2 (Round 10) - Epoch 8/10 | Loss: 0.0691 | Acc: 0.9787 | Val Loss: 0.0687 | Val Acc: 0.9791 | Time: 12.23s
2025-03-05 00:36:41,523 - INFO - P2 (Round 10) - Epoch 9/10 | Loss: 0.0685 | Acc: 0.9788 | Val Loss: 0.0680 | Val Acc: 0.9789 | Time: 12.57s
2025-03-05 00:36:53,287 - INFO - P2 (Round 10) - Epoch 10/10 | Loss: 0.0684 | Acc: 0.9788 | Val Loss: 0.0675 | Val Acc: 0.9791 | Time: 11.76s
2025-03-05 00:36:55,868 - INFO - Round 10 completed in 220.90s
2025-03-05 00:36:55,868 - INFO - Global Model - P1 Test: Loss = 0.6814, Accuracy = 0.8550
2025-03-05 00:36:55,868 - INFO - Global Model - P2 Test: Loss = 2.9354, Accuracy = 0.6307
2025-03-05 00:36:58,300 - INFO - Final Results after 10 rounds:
2025-03-05 00:36:58,301 - INFO - Global Model - P1 Test: Loss = 0.6814, Accuracy = 0.8550
2025-03-05 00:36:58,301 - INFO - Global Model - P2 Test: Loss = 2.9354, Accuracy = 0.6307
2025-03-05 00:36:58,312 - INFO - Experiment 102 results saved to results/suppression_experiments/exp_102_p1f7_p2f11.json
