2025-03-05 00:46:38,424 - INFO - Starting Suppression Experiment 128
2025-03-05 00:46:38,424 - INFO - P1 Features (5/14): ['protocol', 'bidirectional_min_ps', 'bidirectional_mean_ps', 'bidirectional_stddev_ps', 'bidirectional_max_ps']
2025-03-05 00:46:38,424 - INFO - P2 Features (13/14): ['protocol', 'bidirectional_min_ps', 'bidirectional_mean_ps', 'bidirectional_stddev_ps', 'bidirectional_max_ps', 'src2dst_stddev_ps', 'src2dst_max_ps', 'dst2src_min_ps', 'dst2src_mean_ps', 'dst2src_stddev_ps', 'dst2src_max_ps', 'bidirectional_stddev_piat_ms', 'bidirectional_max_piat_ms']
2025-03-05 00:46:50,339 - INFO - P1 (Round 1) - Epoch 1/10 | Loss: 0.5989 | Acc: 0.7723 | Val Loss: 0.4153 | Val Acc: 0.8423 | Time: 11.79s
2025-03-05 00:47:02,224 - INFO - P1 (Round 1) - Epoch 2/10 | Loss: 0.3288 | Acc: 0.8816 | Val Loss: 0.2747 | Val Acc: 0.9043 | Time: 11.89s
2025-03-05 00:47:15,077 - INFO - P1 (Round 1) - Epoch 3/10 | Loss: 0.2588 | Acc: 0.9122 | Val Loss: 0.2452 | Val Acc: 0.9180 | Time: 12.85s
2025-03-05 00:47:27,356 - INFO - P1 (Round 1) - Epoch 4/10 | Loss: 0.2368 | Acc: 0.9212 | Val Loss: 0.2281 | Val Acc: 0.9236 | Time: 12.28s
2025-03-05 00:47:39,241 - INFO - P1 (Round 1) - Epoch 5/10 | Loss: 0.2211 | Acc: 0.9283 | Val Loss: 0.2140 | Val Acc: 0.9339 | Time: 11.89s
2025-03-05 00:47:51,610 - INFO - P1 (Round 1) - Epoch 6/10 | Loss: 0.2078 | Acc: 0.9342 | Val Loss: 0.2055 | Val Acc: 0.9348 | Time: 12.37s
2025-03-05 00:48:03,951 - INFO - P1 (Round 1) - Epoch 7/10 | Loss: 0.1997 | Acc: 0.9357 | Val Loss: 0.1989 | Val Acc: 0.9349 | Time: 12.34s
2025-03-05 00:48:16,011 - INFO - P1 (Round 1) - Epoch 8/10 | Loss: 0.1950 | Acc: 0.9365 | Val Loss: 0.1922 | Val Acc: 0.9388 | Time: 12.06s
2025-03-05 00:48:29,170 - INFO - P1 (Round 1) - Epoch 9/10 | Loss: 0.1911 | Acc: 0.9374 | Val Loss: 0.1910 | Val Acc: 0.9376 | Time: 13.16s
2025-03-05 00:48:41,643 - INFO - P1 (Round 1) - Epoch 10/10 | Loss: 0.1881 | Acc: 0.9378 | Val Loss: 0.1880 | Val Acc: 0.9397 | Time: 12.47s
2025-03-05 00:48:53,708 - INFO - P2 (Round 1) - Epoch 1/10 | Loss: 0.3620 | Acc: 0.8696 | Val Loss: 0.2209 | Val Acc: 0.9191 | Time: 12.06s
2025-03-05 00:49:06,064 - INFO - P2 (Round 1) - Epoch 2/10 | Loss: 0.2007 | Acc: 0.9254 | Val Loss: 0.1861 | Val Acc: 0.9306 | Time: 12.36s
2025-03-05 00:49:17,970 - INFO - P2 (Round 1) - Epoch 3/10 | Loss: 0.1782 | Acc: 0.9344 | Val Loss: 0.1717 | Val Acc: 0.9400 | Time: 11.91s
2025-03-05 00:49:30,774 - INFO - P2 (Round 1) - Epoch 4/10 | Loss: 0.1659 | Acc: 0.9401 | Val Loss: 0.1620 | Val Acc: 0.9420 | Time: 12.80s
2025-03-05 00:49:43,979 - INFO - P2 (Round 1) - Epoch 5/10 | Loss: 0.1580 | Acc: 0.9445 | Val Loss: 0.1547 | Val Acc: 0.9468 | Time: 13.20s
2025-03-05 00:49:56,082 - INFO - P2 (Round 1) - Epoch 6/10 | Loss: 0.1524 | Acc: 0.9472 | Val Loss: 0.1502 | Val Acc: 0.9475 | Time: 12.10s
2025-03-05 00:50:08,354 - INFO - P2 (Round 1) - Epoch 7/10 | Loss: 0.1477 | Acc: 0.9493 | Val Loss: 0.1441 | Val Acc: 0.9516 | Time: 12.27s
2025-03-05 00:50:20,423 - INFO - P2 (Round 1) - Epoch 8/10 | Loss: 0.1396 | Acc: 0.9529 | Val Loss: 0.1368 | Val Acc: 0.9548 | Time: 12.07s
2025-03-05 00:50:32,499 - INFO - P2 (Round 1) - Epoch 9/10 | Loss: 0.1302 | Acc: 0.9574 | Val Loss: 0.1259 | Val Acc: 0.9611 | Time: 12.08s
2025-03-05 00:50:45,111 - INFO - P2 (Round 1) - Epoch 10/10 | Loss: 0.1199 | Acc: 0.9629 | Val Loss: 0.1178 | Val Acc: 0.9635 | Time: 12.61s
2025-03-05 00:50:47,876 - INFO - Round 1 completed in 249.33s
2025-03-05 00:50:47,876 - INFO - Global Model - P1 Test: Loss = 5.1753, Accuracy = 0.3417
2025-03-05 00:50:47,876 - INFO - Global Model - P2 Test: Loss = 6.5039, Accuracy = 0.3280
2025-03-05 00:51:00,613 - INFO - P1 (Round 2) - Epoch 1/10 | Loss: 0.3603 | Acc: 0.8833 | Val Loss: 0.2454 | Val Acc: 0.9150 | Time: 12.74s
2025-03-05 00:51:12,892 - INFO - P1 (Round 2) - Epoch 2/10 | Loss: 0.2255 | Acc: 0.9229 | Val Loss: 0.2124 | Val Acc: 0.9296 | Time: 12.28s
2025-03-05 00:51:25,156 - INFO - P1 (Round 2) - Epoch 3/10 | Loss: 0.2062 | Acc: 0.9305 | Val Loss: 0.2005 | Val Acc: 0.9310 | Time: 12.26s
2025-03-05 00:51:36,944 - INFO - P1 (Round 2) - Epoch 4/10 | Loss: 0.1971 | Acc: 0.9329 | Val Loss: 0.1921 | Val Acc: 0.9346 | Time: 11.79s
2025-03-05 00:51:48,671 - INFO - P1 (Round 2) - Epoch 5/10 | Loss: 0.1904 | Acc: 0.9350 | Val Loss: 0.1883 | Val Acc: 0.9384 | Time: 11.73s
2025-03-05 00:52:01,738 - INFO - P1 (Round 2) - Epoch 6/10 | Loss: 0.1854 | Acc: 0.9369 | Val Loss: 0.1835 | Val Acc: 0.9381 | Time: 13.07s
2025-03-05 00:52:14,113 - INFO - P1 (Round 2) - Epoch 7/10 | Loss: 0.1819 | Acc: 0.9382 | Val Loss: 0.1803 | Val Acc: 0.9405 | Time: 12.38s
2025-03-05 00:52:26,131 - INFO - P1 (Round 2) - Epoch 8/10 | Loss: 0.1793 | Acc: 0.9389 | Val Loss: 0.1755 | Val Acc: 0.9403 | Time: 12.02s
2025-03-05 00:52:38,110 - INFO - P1 (Round 2) - Epoch 9/10 | Loss: 0.1773 | Acc: 0.9395 | Val Loss: 0.1755 | Val Acc: 0.9414 | Time: 11.98s
2025-03-05 00:52:50,033 - INFO - P1 (Round 2) - Epoch 10/10 | Loss: 0.1753 | Acc: 0.9399 | Val Loss: 0.1731 | Val Acc: 0.9398 | Time: 11.92s
2025-03-05 00:53:01,919 - INFO - P2 (Round 2) - Epoch 1/10 | Loss: 0.2748 | Acc: 0.9183 | Val Loss: 0.1426 | Val Acc: 0.9536 | Time: 11.89s
2025-03-05 00:53:15,078 - INFO - P2 (Round 2) - Epoch 2/10 | Loss: 0.1265 | Acc: 0.9599 | Val Loss: 0.1152 | Val Acc: 0.9648 | Time: 13.16s
2025-03-05 00:53:27,050 - INFO - P2 (Round 2) - Epoch 3/10 | Loss: 0.1072 | Acc: 0.9671 | Val Loss: 0.1023 | Val Acc: 0.9686 | Time: 11.97s
2025-03-05 00:53:38,993 - INFO - P2 (Round 2) - Epoch 4/10 | Loss: 0.0980 | Acc: 0.9704 | Val Loss: 0.0961 | Val Acc: 0.9717 | Time: 11.94s
2025-03-05 00:53:50,940 - INFO - P2 (Round 2) - Epoch 5/10 | Loss: 0.0919 | Acc: 0.9723 | Val Loss: 0.0896 | Val Acc: 0.9731 | Time: 11.95s
2025-03-05 00:54:02,953 - INFO - P2 (Round 2) - Epoch 6/10 | Loss: 0.0873 | Acc: 0.9735 | Val Loss: 0.0883 | Val Acc: 0.9724 | Time: 12.01s
2025-03-05 00:54:15,337 - INFO - P2 (Round 2) - Epoch 7/10 | Loss: 0.0843 | Acc: 0.9744 | Val Loss: 0.0844 | Val Acc: 0.9741 | Time: 12.38s
2025-03-05 00:54:28,490 - INFO - P2 (Round 2) - Epoch 8/10 | Loss: 0.0818 | Acc: 0.9752 | Val Loss: 0.0833 | Val Acc: 0.9744 | Time: 13.15s
2025-03-05 00:54:40,465 - INFO - P2 (Round 2) - Epoch 9/10 | Loss: 0.0798 | Acc: 0.9758 | Val Loss: 0.0831 | Val Acc: 0.9731 | Time: 11.97s
2025-03-05 00:54:52,135 - INFO - P2 (Round 2) - Epoch 10/10 | Loss: 0.0783 | Acc: 0.9763 | Val Loss: 0.0789 | Val Acc: 0.9756 | Time: 11.67s
2025-03-05 00:54:54,595 - INFO - Round 2 completed in 246.72s
2025-03-05 00:54:54,595 - INFO - Global Model - P1 Test: Loss = 4.3700, Accuracy = 0.3994
2025-03-05 00:54:54,595 - INFO - Global Model - P2 Test: Loss = 4.6538, Accuracy = 0.5910
2025-03-05 00:55:06,759 - INFO - P1 (Round 3) - Epoch 1/10 | Loss: 0.2810 | Acc: 0.9045 | Val Loss: 0.2068 | Val Acc: 0.9290 | Time: 12.16s
2025-03-05 00:55:18,695 - INFO - P1 (Round 3) - Epoch 2/10 | Loss: 0.1980 | Acc: 0.9326 | Val Loss: 0.1897 | Val Acc: 0.9377 | Time: 11.94s
2025-03-05 00:55:31,562 - INFO - P1 (Round 3) - Epoch 3/10 | Loss: 0.1846 | Acc: 0.9376 | Val Loss: 0.1801 | Val Acc: 0.9391 | Time: 12.87s
2025-03-05 00:55:47,275 - INFO - P1 (Round 3) - Epoch 4/10 | Loss: 0.1781 | Acc: 0.9394 | Val Loss: 0.1770 | Val Acc: 0.9365 | Time: 15.71s
2025-03-05 00:56:00,197 - INFO - P1 (Round 3) - Epoch 5/10 | Loss: 0.1737 | Acc: 0.9403 | Val Loss: 0.1701 | Val Acc: 0.9418 | Time: 12.92s
2025-03-05 00:56:13,297 - INFO - P1 (Round 3) - Epoch 6/10 | Loss: 0.1701 | Acc: 0.9412 | Val Loss: 0.1675 | Val Acc: 0.9420 | Time: 13.10s
2025-03-05 00:56:25,480 - INFO - P1 (Round 3) - Epoch 7/10 | Loss: 0.1680 | Acc: 0.9417 | Val Loss: 0.1719 | Val Acc: 0.9424 | Time: 12.18s
2025-03-05 00:56:37,713 - INFO - P1 (Round 3) - Epoch 8/10 | Loss: 0.1665 | Acc: 0.9422 | Val Loss: 0.1663 | Val Acc: 0.9434 | Time: 12.23s
2025-03-05 00:56:50,630 - INFO - P1 (Round 3) - Epoch 9/10 | Loss: 0.1652 | Acc: 0.9425 | Val Loss: 0.1655 | Val Acc: 0.9432 | Time: 12.92s
2025-03-05 00:57:02,474 - INFO - P1 (Round 3) - Epoch 10/10 | Loss: 0.1641 | Acc: 0.9427 | Val Loss: 0.1642 | Val Acc: 0.9443 | Time: 11.84s
2025-03-05 00:57:14,531 - INFO - P2 (Round 3) - Epoch 1/10 | Loss: 0.1604 | Acc: 0.9558 | Val Loss: 0.1040 | Val Acc: 0.9681 | Time: 12.06s
2025-03-05 00:57:26,816 - INFO - P2 (Round 3) - Epoch 2/10 | Loss: 0.0961 | Acc: 0.9713 | Val Loss: 0.0909 | Val Acc: 0.9729 | Time: 12.28s
2025-03-05 00:57:38,489 - INFO - P2 (Round 3) - Epoch 3/10 | Loss: 0.0886 | Acc: 0.9736 | Val Loss: 0.0874 | Val Acc: 0.9747 | Time: 11.67s
2025-03-05 00:57:51,013 - INFO - P2 (Round 3) - Epoch 4/10 | Loss: 0.0841 | Acc: 0.9750 | Val Loss: 0.0822 | Val Acc: 0.9747 | Time: 12.52s
2025-03-05 00:58:03,698 - INFO - P2 (Round 3) - Epoch 5/10 | Loss: 0.0809 | Acc: 0.9758 | Val Loss: 0.0815 | Val Acc: 0.9755 | Time: 12.68s
2025-03-05 00:58:15,821 - INFO - P2 (Round 3) - Epoch 6/10 | Loss: 0.0790 | Acc: 0.9765 | Val Loss: 0.0813 | Val Acc: 0.9757 | Time: 12.12s
2025-03-05 00:58:27,634 - INFO - P2 (Round 3) - Epoch 7/10 | Loss: 0.0775 | Acc: 0.9769 | Val Loss: 0.0775 | Val Acc: 0.9772 | Time: 11.81s
2025-03-05 00:58:39,517 - INFO - P2 (Round 3) - Epoch 8/10 | Loss: 0.0763 | Acc: 0.9773 | Val Loss: 0.0765 | Val Acc: 0.9772 | Time: 11.88s
2025-03-05 00:58:51,334 - INFO - P2 (Round 3) - Epoch 9/10 | Loss: 0.0753 | Acc: 0.9774 | Val Loss: 0.0769 | Val Acc: 0.9771 | Time: 11.82s
2025-03-05 00:59:04,683 - INFO - P2 (Round 3) - Epoch 10/10 | Loss: 0.0744 | Acc: 0.9779 | Val Loss: 0.0764 | Val Acc: 0.9777 | Time: 13.35s
2025-03-05 00:59:07,565 - INFO - Round 3 completed in 252.97s
2025-03-05 00:59:07,565 - INFO - Global Model - P1 Test: Loss = 2.4372, Accuracy = 0.5506
2025-03-05 00:59:07,565 - INFO - Global Model - P2 Test: Loss = 5.7406, Accuracy = 0.6290
2025-03-05 00:59:19,693 - INFO - P1 (Round 4) - Epoch 1/10 | Loss: 0.2098 | Acc: 0.9281 | Val Loss: 0.1822 | Val Acc: 0.9388 | Time: 12.13s
2025-03-05 00:59:31,713 - INFO - P1 (Round 4) - Epoch 2/10 | Loss: 0.1740 | Acc: 0.9403 | Val Loss: 0.1700 | Val Acc: 0.9419 | Time: 12.02s
2025-03-05 00:59:43,393 - INFO - P1 (Round 4) - Epoch 3/10 | Loss: 0.1687 | Acc: 0.9417 | Val Loss: 0.1677 | Val Acc: 0.9415 | Time: 11.68s
2025-03-05 00:59:55,530 - INFO - P1 (Round 4) - Epoch 4/10 | Loss: 0.1659 | Acc: 0.9426 | Val Loss: 0.1652 | Val Acc: 0.9421 | Time: 12.14s
2025-03-05 01:00:07,745 - INFO - P1 (Round 4) - Epoch 5/10 | Loss: 0.1631 | Acc: 0.9431 | Val Loss: 0.1629 | Val Acc: 0.9442 | Time: 12.22s
2025-03-05 01:00:21,152 - INFO - P1 (Round 4) - Epoch 6/10 | Loss: 0.1614 | Acc: 0.9438 | Val Loss: 0.1602 | Val Acc: 0.9444 | Time: 13.41s
2025-03-05 01:00:33,595 - INFO - P1 (Round 4) - Epoch 7/10 | Loss: 0.1599 | Acc: 0.9442 | Val Loss: 0.1621 | Val Acc: 0.9429 | Time: 12.44s
2025-03-05 01:00:45,772 - INFO - P1 (Round 4) - Epoch 8/10 | Loss: 0.1587 | Acc: 0.9444 | Val Loss: 0.1571 | Val Acc: 0.9442 | Time: 12.18s
2025-03-05 01:00:57,603 - INFO - P1 (Round 4) - Epoch 9/10 | Loss: 0.1577 | Acc: 0.9448 | Val Loss: 0.1569 | Val Acc: 0.9448 | Time: 11.83s
2025-03-05 01:01:09,684 - INFO - P1 (Round 4) - Epoch 10/10 | Loss: 0.1567 | Acc: 0.9450 | Val Loss: 0.1572 | Val Acc: 0.9457 | Time: 12.08s
2025-03-05 01:01:22,091 - INFO - P2 (Round 4) - Epoch 1/10 | Loss: 0.1303 | Acc: 0.9640 | Val Loss: 0.0923 | Val Acc: 0.9719 | Time: 12.41s
2025-03-05 01:01:34,869 - INFO - P2 (Round 4) - Epoch 2/10 | Loss: 0.0882 | Acc: 0.9725 | Val Loss: 0.0879 | Val Acc: 0.9727 | Time: 12.78s
2025-03-05 01:01:47,080 - INFO - P2 (Round 4) - Epoch 3/10 | Loss: 0.0821 | Acc: 0.9746 | Val Loss: 0.0788 | Val Acc: 0.9763 | Time: 12.21s
2025-03-05 01:01:59,029 - INFO - P2 (Round 4) - Epoch 4/10 | Loss: 0.0783 | Acc: 0.9757 | Val Loss: 0.0786 | Val Acc: 0.9760 | Time: 11.95s
2025-03-05 01:02:11,246 - INFO - P2 (Round 4) - Epoch 5/10 | Loss: 0.0760 | Acc: 0.9764 | Val Loss: 0.0762 | Val Acc: 0.9764 | Time: 12.22s
2025-03-05 01:02:23,057 - INFO - P2 (Round 4) - Epoch 6/10 | Loss: 0.0745 | Acc: 0.9769 | Val Loss: 0.0754 | Val Acc: 0.9769 | Time: 11.81s
2025-03-05 01:02:35,681 - INFO - P2 (Round 4) - Epoch 7/10 | Loss: 0.0733 | Acc: 0.9772 | Val Loss: 0.0777 | Val Acc: 0.9767 | Time: 12.62s
2025-03-05 01:02:48,310 - INFO - P2 (Round 4) - Epoch 8/10 | Loss: 0.0725 | Acc: 0.9776 | Val Loss: 0.0723 | Val Acc: 0.9774 | Time: 12.63s
2025-03-05 01:03:00,157 - INFO - P2 (Round 4) - Epoch 9/10 | Loss: 0.0717 | Acc: 0.9777 | Val Loss: 0.0740 | Val Acc: 0.9775 | Time: 11.85s
2025-03-05 01:03:11,912 - INFO - P2 (Round 4) - Epoch 10/10 | Loss: 0.0711 | Acc: 0.9780 | Val Loss: 0.0717 | Val Acc: 0.9779 | Time: 11.76s
2025-03-05 01:03:14,371 - INFO - Round 4 completed in 246.81s
2025-03-05 01:03:14,371 - INFO - Global Model - P1 Test: Loss = 2.1292, Accuracy = 0.5875
2025-03-05 01:03:14,371 - INFO - Global Model - P2 Test: Loss = 4.6174, Accuracy = 0.6433
2025-03-05 01:03:26,229 - INFO - P1 (Round 5) - Epoch 1/10 | Loss: 0.2043 | Acc: 0.9285 | Val Loss: 0.1722 | Val Acc: 0.9385 | Time: 11.86s
2025-03-05 01:03:37,976 - INFO - P1 (Round 5) - Epoch 2/10 | Loss: 0.1684 | Acc: 0.9415 | Val Loss: 0.1668 | Val Acc: 0.9412 | Time: 11.75s
2025-03-05 01:03:50,940 - INFO - P1 (Round 5) - Epoch 3/10 | Loss: 0.1619 | Acc: 0.9431 | Val Loss: 0.1580 | Val Acc: 0.9447 | Time: 12.96s
2025-03-05 01:04:03,012 - INFO - P1 (Round 5) - Epoch 4/10 | Loss: 0.1593 | Acc: 0.9439 | Val Loss: 0.1574 | Val Acc: 0.9446 | Time: 12.07s
2025-03-05 01:04:15,170 - INFO - P1 (Round 5) - Epoch 5/10 | Loss: 0.1576 | Acc: 0.9443 | Val Loss: 0.1573 | Val Acc: 0.9459 | Time: 12.16s
2025-03-05 01:04:27,113 - INFO - P1 (Round 5) - Epoch 6/10 | Loss: 0.1564 | Acc: 0.9446 | Val Loss: 0.1549 | Val Acc: 0.9455 | Time: 11.94s
2025-03-05 01:04:38,813 - INFO - P1 (Round 5) - Epoch 7/10 | Loss: 0.1553 | Acc: 0.9448 | Val Loss: 0.1549 | Val Acc: 0.9463 | Time: 11.70s
2025-03-05 01:04:50,874 - INFO - P1 (Round 5) - Epoch 8/10 | Loss: 0.1543 | Acc: 0.9451 | Val Loss: 0.1545 | Val Acc: 0.9459 | Time: 12.06s
2025-03-05 01:05:03,928 - INFO - P1 (Round 5) - Epoch 9/10 | Loss: 0.1535 | Acc: 0.9454 | Val Loss: 0.1508 | Val Acc: 0.9472 | Time: 13.05s
2025-03-05 01:05:15,861 - INFO - P1 (Round 5) - Epoch 10/10 | Loss: 0.1527 | Acc: 0.9457 | Val Loss: 0.1519 | Val Acc: 0.9470 | Time: 11.93s
2025-03-05 01:05:27,682 - INFO - P2 (Round 5) - Epoch 1/10 | Loss: 0.1134 | Acc: 0.9678 | Val Loss: 0.0834 | Val Acc: 0.9744 | Time: 11.82s
2025-03-05 01:05:39,684 - INFO - P2 (Round 5) - Epoch 2/10 | Loss: 0.0793 | Acc: 0.9759 | Val Loss: 0.0756 | Val Acc: 0.9772 | Time: 12.00s
2025-03-05 01:05:51,668 - INFO - P2 (Round 5) - Epoch 3/10 | Loss: 0.0754 | Acc: 0.9770 | Val Loss: 0.0737 | Val Acc: 0.9777 | Time: 11.98s
2025-03-05 01:06:03,691 - INFO - P2 (Round 5) - Epoch 4/10 | Loss: 0.0739 | Acc: 0.9774 | Val Loss: 0.0763 | Val Acc: 0.9759 | Time: 12.02s
2025-03-05 01:06:16,928 - INFO - P2 (Round 5) - Epoch 5/10 | Loss: 0.0725 | Acc: 0.9778 | Val Loss: 0.0723 | Val Acc: 0.9774 | Time: 13.24s
2025-03-05 01:06:29,275 - INFO - P2 (Round 5) - Epoch 6/10 | Loss: 0.0717 | Acc: 0.9781 | Val Loss: 0.0711 | Val Acc: 0.9779 | Time: 12.35s
2025-03-05 01:06:41,408 - INFO - P2 (Round 5) - Epoch 7/10 | Loss: 0.0711 | Acc: 0.9783 | Val Loss: 0.0725 | Val Acc: 0.9776 | Time: 12.13s
2025-03-05 01:06:53,511 - INFO - P2 (Round 5) - Epoch 8/10 | Loss: 0.0703 | Acc: 0.9785 | Val Loss: 0.0710 | Val Acc: 0.9782 | Time: 12.10s
2025-03-05 01:07:05,513 - INFO - P2 (Round 5) - Epoch 9/10 | Loss: 0.0698 | Acc: 0.9786 | Val Loss: 0.0733 | Val Acc: 0.9779 | Time: 12.00s
2025-03-05 01:07:18,451 - INFO - P2 (Round 5) - Epoch 10/10 | Loss: 0.0692 | Acc: 0.9787 | Val Loss: 0.0712 | Val Acc: 0.9765 | Time: 12.94s
2025-03-05 01:07:21,305 - INFO - Round 5 completed in 246.93s
2025-03-05 01:07:21,305 - INFO - Global Model - P1 Test: Loss = 1.7795, Accuracy = 0.6251
2025-03-05 01:07:21,305 - INFO - Global Model - P2 Test: Loss = 4.5681, Accuracy = 0.6411
2025-03-05 01:07:34,349 - INFO - P1 (Round 6) - Epoch 1/10 | Loss: 0.1890 | Acc: 0.9355 | Val Loss: 0.1673 | Val Acc: 0.9430 | Time: 13.04s
2025-03-05 01:07:47,333 - INFO - P1 (Round 6) - Epoch 2/10 | Loss: 0.1629 | Acc: 0.9436 | Val Loss: 0.1600 | Val Acc: 0.9447 | Time: 12.98s
2025-03-05 01:07:58,659 - INFO - P1 (Round 6) - Epoch 3/10 | Loss: 0.1598 | Acc: 0.9442 | Val Loss: 0.1583 | Val Acc: 0.9454 | Time: 11.33s
2025-03-05 01:08:09,002 - INFO - P1 (Round 6) - Epoch 4/10 | Loss: 0.1580 | Acc: 0.9445 | Val Loss: 0.1550 | Val Acc: 0.9464 | Time: 10.34s
2025-03-05 01:08:19,209 - INFO - P1 (Round 6) - Epoch 5/10 | Loss: 0.1566 | Acc: 0.9449 | Val Loss: 0.1536 | Val Acc: 0.9470 | Time: 10.21s
2025-03-05 01:08:30,573 - INFO - P1 (Round 6) - Epoch 6/10 | Loss: 0.1557 | Acc: 0.9451 | Val Loss: 0.1618 | Val Acc: 0.9412 | Time: 11.36s
2025-03-05 01:08:43,274 - INFO - P1 (Round 6) - Epoch 7/10 | Loss: 0.1549 | Acc: 0.9453 | Val Loss: 0.1563 | Val Acc: 0.9461 | Time: 12.70s
2025-03-05 01:08:55,239 - INFO - P1 (Round 6) - Epoch 8/10 | Loss: 0.1542 | Acc: 0.9455 | Val Loss: 0.1539 | Val Acc: 0.9477 | Time: 11.96s
2025-03-05 01:09:07,435 - INFO - P1 (Round 6) - Epoch 9/10 | Loss: 0.1535 | Acc: 0.9458 | Val Loss: 0.1506 | Val Acc: 0.9481 | Time: 12.20s
2025-03-05 01:09:19,347 - INFO - P1 (Round 6) - Epoch 10/10 | Loss: 0.1528 | Acc: 0.9459 | Val Loss: 0.1525 | Val Acc: 0.9463 | Time: 11.91s
2025-03-05 01:09:31,191 - INFO - P2 (Round 6) - Epoch 1/10 | Loss: 0.1060 | Acc: 0.9699 | Val Loss: 0.0796 | Val Acc: 0.9757 | Time: 11.84s
2025-03-05 01:09:43,837 - INFO - P2 (Round 6) - Epoch 2/10 | Loss: 0.0767 | Acc: 0.9767 | Val Loss: 0.0795 | Val Acc: 0.9758 | Time: 12.65s
2025-03-05 01:09:56,339 - INFO - P2 (Round 6) - Epoch 3/10 | Loss: 0.0735 | Acc: 0.9776 | Val Loss: 0.0730 | Val Acc: 0.9774 | Time: 12.50s
2025-03-05 01:10:08,061 - INFO - P2 (Round 6) - Epoch 4/10 | Loss: 0.0719 | Acc: 0.9780 | Val Loss: 0.0719 | Val Acc: 0.9776 | Time: 11.72s
2025-03-05 01:10:19,705 - INFO - P2 (Round 6) - Epoch 5/10 | Loss: 0.0706 | Acc: 0.9784 | Val Loss: 0.0723 | Val Acc: 0.9780 | Time: 11.64s
2025-03-05 01:10:31,633 - INFO - P2 (Round 6) - Epoch 6/10 | Loss: 0.0698 | Acc: 0.9786 | Val Loss: 0.0695 | Val Acc: 0.9780 | Time: 11.93s
2025-03-05 01:10:43,543 - INFO - P2 (Round 6) - Epoch 7/10 | Loss: 0.0688 | Acc: 0.9789 | Val Loss: 0.0682 | Val Acc: 0.9792 | Time: 11.91s
2025-03-05 01:10:56,181 - INFO - P2 (Round 6) - Epoch 8/10 | Loss: 0.0680 | Acc: 0.9791 | Val Loss: 0.0683 | Val Acc: 0.9792 | Time: 12.64s
2025-03-05 01:11:08,524 - INFO - P2 (Round 6) - Epoch 9/10 | Loss: 0.0673 | Acc: 0.9794 | Val Loss: 0.0697 | Val Acc: 0.9787 | Time: 12.34s
2025-03-05 01:11:20,425 - INFO - P2 (Round 6) - Epoch 10/10 | Loss: 0.0665 | Acc: 0.9795 | Val Loss: 0.0668 | Val Acc: 0.9799 | Time: 11.90s
2025-03-05 01:11:22,995 - INFO - Round 6 completed in 241.69s
2025-03-05 01:11:22,995 - INFO - Global Model - P1 Test: Loss = 1.6375, Accuracy = 0.6694
2025-03-05 01:11:22,995 - INFO - Global Model - P2 Test: Loss = 4.2249, Accuracy = 0.6526
2025-03-05 01:11:35,006 - INFO - P1 (Round 7) - Epoch 1/10 | Loss: 0.1868 | Acc: 0.9362 | Val Loss: 0.1667 | Val Acc: 0.9431 | Time: 12.01s
2025-03-05 01:11:46,792 - INFO - P1 (Round 7) - Epoch 2/10 | Loss: 0.1650 | Acc: 0.9425 | Val Loss: 0.1651 | Val Acc: 0.9396 | Time: 11.79s
2025-03-05 01:11:58,708 - INFO - P1 (Round 7) - Epoch 3/10 | Loss: 0.1616 | Acc: 0.9433 | Val Loss: 0.1589 | Val Acc: 0.9447 | Time: 11.92s
2025-03-05 01:12:12,083 - INFO - P1 (Round 7) - Epoch 4/10 | Loss: 0.1598 | Acc: 0.9436 | Val Loss: 0.1580 | Val Acc: 0.9443 | Time: 13.37s
2025-03-05 01:12:24,099 - INFO - P1 (Round 7) - Epoch 5/10 | Loss: 0.1583 | Acc: 0.9442 | Val Loss: 0.1581 | Val Acc: 0.9454 | Time: 12.02s
2025-03-05 01:12:35,982 - INFO - P1 (Round 7) - Epoch 6/10 | Loss: 0.1573 | Acc: 0.9445 | Val Loss: 0.1549 | Val Acc: 0.9465 | Time: 11.88s
2025-03-05 01:12:47,869 - INFO - P1 (Round 7) - Epoch 7/10 | Loss: 0.1566 | Acc: 0.9447 | Val Loss: 0.1566 | Val Acc: 0.9453 | Time: 11.89s
2025-03-05 01:12:59,721 - INFO - P1 (Round 7) - Epoch 8/10 | Loss: 0.1557 | Acc: 0.9450 | Val Loss: 0.1556 | Val Acc: 0.9454 | Time: 11.85s
2025-03-05 01:13:11,941 - INFO - P1 (Round 7) - Epoch 9/10 | Loss: 0.1550 | Acc: 0.9452 | Val Loss: 0.1525 | Val Acc: 0.9471 | Time: 12.22s
2025-03-05 01:13:24,846 - INFO - P1 (Round 7) - Epoch 10/10 | Loss: 0.1544 | Acc: 0.9454 | Val Loss: 0.1536 | Val Acc: 0.9467 | Time: 12.90s
2025-03-05 01:13:36,927 - INFO - P2 (Round 7) - Epoch 1/10 | Loss: 0.0979 | Acc: 0.9717 | Val Loss: 0.0815 | Val Acc: 0.9737 | Time: 12.08s
2025-03-05 01:13:48,847 - INFO - P2 (Round 7) - Epoch 2/10 | Loss: 0.0731 | Acc: 0.9780 | Val Loss: 0.0716 | Val Acc: 0.9781 | Time: 11.92s
2025-03-05 01:14:00,976 - INFO - P2 (Round 7) - Epoch 3/10 | Loss: 0.0699 | Acc: 0.9787 | Val Loss: 0.0717 | Val Acc: 0.9779 | Time: 12.13s
2025-03-05 01:14:13,398 - INFO - P2 (Round 7) - Epoch 4/10 | Loss: 0.0686 | Acc: 0.9789 | Val Loss: 0.0681 | Val Acc: 0.9797 | Time: 12.42s
2025-03-05 01:14:25,597 - INFO - P2 (Round 7) - Epoch 5/10 | Loss: 0.0678 | Acc: 0.9792 | Val Loss: 0.0682 | Val Acc: 0.9793 | Time: 12.20s
2025-03-05 01:14:38,484 - INFO - P2 (Round 7) - Epoch 6/10 | Loss: 0.0670 | Acc: 0.9795 | Val Loss: 0.0678 | Val Acc: 0.9795 | Time: 12.89s
2025-03-05 01:14:50,449 - INFO - P2 (Round 7) - Epoch 7/10 | Loss: 0.0665 | Acc: 0.9796 | Val Loss: 0.0676 | Val Acc: 0.9791 | Time: 11.96s
2025-03-05 01:15:02,379 - INFO - P2 (Round 7) - Epoch 8/10 | Loss: 0.0659 | Acc: 0.9798 | Val Loss: 0.0657 | Val Acc: 0.9797 | Time: 11.93s
2025-03-05 01:15:14,444 - INFO - P2 (Round 7) - Epoch 9/10 | Loss: 0.0655 | Acc: 0.9798 | Val Loss: 0.0655 | Val Acc: 0.9803 | Time: 12.07s
2025-03-05 01:15:26,524 - INFO - P2 (Round 7) - Epoch 10/10 | Loss: 0.0651 | Acc: 0.9798 | Val Loss: 0.0645 | Val Acc: 0.9807 | Time: 12.08s
2025-03-05 01:15:29,010 - INFO - Round 7 completed in 246.01s
2025-03-05 01:15:29,010 - INFO - Global Model - P1 Test: Loss = 2.0524, Accuracy = 0.5842
2025-03-05 01:15:29,010 - INFO - Global Model - P2 Test: Loss = 4.2404, Accuracy = 0.6619
2025-03-05 01:15:41,940 - INFO - P1 (Round 8) - Epoch 1/10 | Loss: 0.1846 | Acc: 0.9370 | Val Loss: 0.1628 | Val Acc: 0.9435 | Time: 12.93s
2025-03-05 01:15:54,451 - INFO - P1 (Round 8) - Epoch 2/10 | Loss: 0.1620 | Acc: 0.9430 | Val Loss: 0.1597 | Val Acc: 0.9436 | Time: 12.51s
2025-03-05 01:16:06,223 - INFO - P1 (Round 8) - Epoch 3/10 | Loss: 0.1593 | Acc: 0.9438 | Val Loss: 0.1591 | Val Acc: 0.9448 | Time: 11.77s
2025-03-05 01:16:18,177 - INFO - P1 (Round 8) - Epoch 4/10 | Loss: 0.1576 | Acc: 0.9443 | Val Loss: 0.1587 | Val Acc: 0.9426 | Time: 11.95s
2025-03-05 01:16:30,071 - INFO - P1 (Round 8) - Epoch 5/10 | Loss: 0.1564 | Acc: 0.9448 | Val Loss: 0.1550 | Val Acc: 0.9461 | Time: 11.89s
2025-03-05 01:16:42,159 - INFO - P1 (Round 8) - Epoch 6/10 | Loss: 0.1556 | Acc: 0.9451 | Val Loss: 0.1562 | Val Acc: 0.9456 | Time: 12.09s
2025-03-05 01:16:55,246 - INFO - P1 (Round 8) - Epoch 7/10 | Loss: 0.1549 | Acc: 0.9454 | Val Loss: 0.1522 | Val Acc: 0.9468 | Time: 13.09s
2025-03-05 01:17:07,424 - INFO - P1 (Round 8) - Epoch 8/10 | Loss: 0.1540 | Acc: 0.9456 | Val Loss: 0.1542 | Val Acc: 0.9456 | Time: 12.18s
2025-03-05 01:17:19,864 - INFO - P1 (Round 8) - Epoch 9/10 | Loss: 0.1535 | Acc: 0.9458 | Val Loss: 0.1538 | Val Acc: 0.9453 | Time: 12.44s
2025-03-05 01:17:32,220 - INFO - P1 (Round 8) - Epoch 10/10 | Loss: 0.1530 | Acc: 0.9460 | Val Loss: 0.1535 | Val Acc: 0.9466 | Time: 12.35s
2025-03-05 01:17:44,363 - INFO - P2 (Round 8) - Epoch 1/10 | Loss: 0.0986 | Acc: 0.9712 | Val Loss: 0.0849 | Val Acc: 0.9733 | Time: 12.14s
2025-03-05 01:17:56,762 - INFO - P2 (Round 8) - Epoch 2/10 | Loss: 0.0724 | Acc: 0.9780 | Val Loss: 0.0716 | Val Acc: 0.9788 | Time: 12.40s
2025-03-05 01:18:10,012 - INFO - P2 (Round 8) - Epoch 3/10 | Loss: 0.0691 | Acc: 0.9790 | Val Loss: 0.0689 | Val Acc: 0.9795 | Time: 13.25s
2025-03-05 01:18:21,841 - INFO - P2 (Round 8) - Epoch 4/10 | Loss: 0.0678 | Acc: 0.9793 | Val Loss: 0.0698 | Val Acc: 0.9780 | Time: 11.83s
2025-03-05 01:18:33,932 - INFO - P2 (Round 8) - Epoch 5/10 | Loss: 0.0667 | Acc: 0.9796 | Val Loss: 0.0674 | Val Acc: 0.9800 | Time: 12.09s
2025-03-05 01:18:46,329 - INFO - P2 (Round 8) - Epoch 6/10 | Loss: 0.0660 | Acc: 0.9797 | Val Loss: 0.0661 | Val Acc: 0.9795 | Time: 12.40s
2025-03-05 01:18:58,708 - INFO - P2 (Round 8) - Epoch 7/10 | Loss: 0.0656 | Acc: 0.9799 | Val Loss: 0.0665 | Val Acc: 0.9796 | Time: 12.38s
2025-03-05 01:19:11,525 - INFO - P2 (Round 8) - Epoch 8/10 | Loss: 0.0652 | Acc: 0.9799 | Val Loss: 0.0657 | Val Acc: 0.9803 | Time: 12.82s
2025-03-05 01:19:24,352 - INFO - P2 (Round 8) - Epoch 9/10 | Loss: 0.0647 | Acc: 0.9801 | Val Loss: 0.0660 | Val Acc: 0.9796 | Time: 12.83s
2025-03-05 01:19:36,366 - INFO - P2 (Round 8) - Epoch 10/10 | Loss: 0.0643 | Acc: 0.9801 | Val Loss: 0.0637 | Val Acc: 0.9811 | Time: 12.01s
2025-03-05 01:19:38,840 - INFO - Round 8 completed in 249.83s
2025-03-05 01:19:38,840 - INFO - Global Model - P1 Test: Loss = 2.1728, Accuracy = 0.5551
2025-03-05 01:19:38,840 - INFO - Global Model - P2 Test: Loss = 4.1885, Accuracy = 0.6726
2025-03-05 01:19:50,716 - INFO - P1 (Round 9) - Epoch 1/10 | Loss: 0.1861 | Acc: 0.9365 | Val Loss: 0.1625 | Val Acc: 0.9428 | Time: 11.88s
2025-03-05 01:20:02,521 - INFO - P1 (Round 9) - Epoch 2/10 | Loss: 0.1613 | Acc: 0.9430 | Val Loss: 0.1591 | Val Acc: 0.9451 | Time: 11.80s
2025-03-05 01:20:14,438 - INFO - P1 (Round 9) - Epoch 3/10 | Loss: 0.1580 | Acc: 0.9441 | Val Loss: 0.1561 | Val Acc: 0.9447 | Time: 11.92s
2025-03-05 01:20:27,420 - INFO - P1 (Round 9) - Epoch 4/10 | Loss: 0.1564 | Acc: 0.9447 | Val Loss: 0.1536 | Val Acc: 0.9468 | Time: 12.98s
2025-03-05 01:20:39,712 - INFO - P1 (Round 9) - Epoch 5/10 | Loss: 0.1553 | Acc: 0.9452 | Val Loss: 0.1535 | Val Acc: 0.9463 | Time: 12.29s
2025-03-05 01:20:52,016 - INFO - P1 (Round 9) - Epoch 6/10 | Loss: 0.1545 | Acc: 0.9457 | Val Loss: 0.1533 | Val Acc: 0.9450 | Time: 12.30s
2025-03-05 01:21:04,463 - INFO - P1 (Round 9) - Epoch 7/10 | Loss: 0.1535 | Acc: 0.9457 | Val Loss: 0.1532 | Val Acc: 0.9458 | Time: 12.45s
2025-03-05 01:21:17,047 - INFO - P1 (Round 9) - Epoch 8/10 | Loss: 0.1529 | Acc: 0.9460 | Val Loss: 0.1524 | Val Acc: 0.9468 | Time: 12.58s
2025-03-05 01:21:29,097 - INFO - P1 (Round 9) - Epoch 9/10 | Loss: 0.1522 | Acc: 0.9463 | Val Loss: 0.1510 | Val Acc: 0.9475 | Time: 12.05s
2025-03-05 01:21:42,331 - INFO - P1 (Round 9) - Epoch 10/10 | Loss: 0.1518 | Acc: 0.9463 | Val Loss: 0.1522 | Val Acc: 0.9456 | Time: 13.23s
2025-03-05 01:21:54,785 - INFO - P2 (Round 9) - Epoch 1/10 | Loss: 0.0979 | Acc: 0.9715 | Val Loss: 0.0781 | Val Acc: 0.9769 | Time: 12.45s
2025-03-05 01:22:07,244 - INFO - P2 (Round 9) - Epoch 2/10 | Loss: 0.0727 | Acc: 0.9779 | Val Loss: 0.0699 | Val Acc: 0.9798 | Time: 12.46s
2025-03-05 01:22:19,629 - INFO - P2 (Round 9) - Epoch 3/10 | Loss: 0.0686 | Acc: 0.9791 | Val Loss: 0.0694 | Val Acc: 0.9786 | Time: 12.38s
2025-03-05 01:22:32,137 - INFO - P2 (Round 9) - Epoch 4/10 | Loss: 0.0674 | Acc: 0.9793 | Val Loss: 0.0667 | Val Acc: 0.9799 | Time: 12.51s
2025-03-05 01:22:44,808 - INFO - P2 (Round 9) - Epoch 5/10 | Loss: 0.0665 | Acc: 0.9796 | Val Loss: 0.0664 | Val Acc: 0.9800 | Time: 12.67s
2025-03-05 01:22:57,608 - INFO - P2 (Round 9) - Epoch 6/10 | Loss: 0.0658 | Acc: 0.9797 | Val Loss: 0.0659 | Val Acc: 0.9802 | Time: 12.80s
2025-03-05 01:23:09,727 - INFO - P2 (Round 9) - Epoch 7/10 | Loss: 0.0655 | Acc: 0.9797 | Val Loss: 0.0670 | Val Acc: 0.9789 | Time: 12.12s
2025-03-05 01:23:20,964 - INFO - P2 (Round 9) - Epoch 8/10 | Loss: 0.0649 | Acc: 0.9798 | Val Loss: 0.0651 | Val Acc: 0.9797 | Time: 11.24s
2025-03-05 01:23:33,009 - INFO - P2 (Round 9) - Epoch 9/10 | Loss: 0.0647 | Acc: 0.9798 | Val Loss: 0.0649 | Val Acc: 0.9803 | Time: 12.05s
2025-03-05 01:23:45,500 - INFO - P2 (Round 9) - Epoch 10/10 | Loss: 0.0641 | Acc: 0.9799 | Val Loss: 0.0661 | Val Acc: 0.9786 | Time: 12.49s
2025-03-05 01:23:48,182 - INFO - Round 9 completed in 249.34s
2025-03-05 01:23:48,182 - INFO - Global Model - P1 Test: Loss = 1.9606, Accuracy = 0.5728
2025-03-05 01:23:48,182 - INFO - Global Model - P2 Test: Loss = 3.9797, Accuracy = 0.6882
2025-03-05 01:24:01,045 - INFO - P1 (Round 10) - Epoch 1/10 | Loss: 0.1806 | Acc: 0.9381 | Val Loss: 0.1585 | Val Acc: 0.9460 | Time: 12.86s
2025-03-05 01:24:13,517 - INFO - P1 (Round 10) - Epoch 2/10 | Loss: 0.1583 | Acc: 0.9440 | Val Loss: 0.1605 | Val Acc: 0.9430 | Time: 12.47s
2025-03-05 01:24:25,758 - INFO - P1 (Round 10) - Epoch 3/10 | Loss: 0.1558 | Acc: 0.9450 | Val Loss: 0.1549 | Val Acc: 0.9467 | Time: 12.24s
2025-03-05 01:24:37,595 - INFO - P1 (Round 10) - Epoch 4/10 | Loss: 0.1543 | Acc: 0.9455 | Val Loss: 0.1528 | Val Acc: 0.9477 | Time: 11.84s
2025-03-05 01:24:49,685 - INFO - P1 (Round 10) - Epoch 5/10 | Loss: 0.1533 | Acc: 0.9457 | Val Loss: 0.1525 | Val Acc: 0.9474 | Time: 12.09s
2025-03-05 01:25:01,915 - INFO - P1 (Round 10) - Epoch 6/10 | Loss: 0.1522 | Acc: 0.9460 | Val Loss: 0.1502 | Val Acc: 0.9463 | Time: 12.23s
2025-03-05 01:25:15,151 - INFO - P1 (Round 10) - Epoch 7/10 | Loss: 0.1513 | Acc: 0.9460 | Val Loss: 0.1515 | Val Acc: 0.9459 | Time: 13.24s
2025-03-05 01:25:27,659 - INFO - P1 (Round 10) - Epoch 8/10 | Loss: 0.1507 | Acc: 0.9461 | Val Loss: 0.1487 | Val Acc: 0.9481 | Time: 12.51s
2025-03-05 01:25:39,709 - INFO - P1 (Round 10) - Epoch 9/10 | Loss: 0.1501 | Acc: 0.9464 | Val Loss: 0.1523 | Val Acc: 0.9460 | Time: 12.05s
2025-03-05 01:25:51,822 - INFO - P1 (Round 10) - Epoch 10/10 | Loss: 0.1495 | Acc: 0.9465 | Val Loss: 0.1478 | Val Acc: 0.9463 | Time: 12.11s
2025-03-05 01:26:02,749 - INFO - P2 (Round 10) - Epoch 1/10 | Loss: 0.0958 | Acc: 0.9723 | Val Loss: 0.0757 | Val Acc: 0.9767 | Time: 10.93s
2025-03-05 01:26:13,023 - INFO - P2 (Round 10) - Epoch 2/10 | Loss: 0.0735 | Acc: 0.9776 | Val Loss: 0.0720 | Val Acc: 0.9783 | Time: 10.27s
2025-03-05 01:26:25,070 - INFO - P2 (Round 10) - Epoch 3/10 | Loss: 0.0703 | Acc: 0.9785 | Val Loss: 0.0700 | Val Acc: 0.9787 | Time: 12.05s
2025-03-05 01:26:35,048 - INFO - P2 (Round 10) - Epoch 4/10 | Loss: 0.0687 | Acc: 0.9789 | Val Loss: 0.0689 | Val Acc: 0.9794 | Time: 9.98s
2025-03-05 01:26:45,154 - INFO - P2 (Round 10) - Epoch 5/10 | Loss: 0.0679 | Acc: 0.9791 | Val Loss: 0.0673 | Val Acc: 0.9798 | Time: 10.11s
2025-03-05 01:26:55,216 - INFO - P2 (Round 10) - Epoch 6/10 | Loss: 0.0672 | Acc: 0.9793 | Val Loss: 0.0673 | Val Acc: 0.9798 | Time: 10.06s
2025-03-05 01:27:05,416 - INFO - P2 (Round 10) - Epoch 7/10 | Loss: 0.0669 | Acc: 0.9794 | Val Loss: 0.0675 | Val Acc: 0.9800 | Time: 10.20s
2025-03-05 01:27:15,613 - INFO - P2 (Round 10) - Epoch 8/10 | Loss: 0.0665 | Acc: 0.9794 | Val Loss: 0.0666 | Val Acc: 0.9801 | Time: 10.20s
2025-03-05 01:27:25,922 - INFO - P2 (Round 10) - Epoch 9/10 | Loss: 0.0661 | Acc: 0.9795 | Val Loss: 0.0665 | Val Acc: 0.9795 | Time: 10.31s
2025-03-05 01:27:37,991 - INFO - P2 (Round 10) - Epoch 10/10 | Loss: 0.0658 | Acc: 0.9797 | Val Loss: 0.0677 | Val Acc: 0.9789 | Time: 12.07s
2025-03-05 01:27:40,513 - INFO - Round 10 completed in 232.33s
2025-03-05 01:27:40,513 - INFO - Global Model - P1 Test: Loss = 1.8137, Accuracy = 0.6544
2025-03-05 01:27:40,513 - INFO - Global Model - P2 Test: Loss = 3.5750, Accuracy = 0.6576
2025-03-05 01:27:42,741 - INFO - Final Results after 10 rounds:
2025-03-05 01:27:42,741 - INFO - Global Model - P1 Test: Loss = 1.8137, Accuracy = 0.6544
2025-03-05 01:27:42,741 - INFO - Global Model - P2 Test: Loss = 3.5750, Accuracy = 0.6576
2025-03-05 01:27:42,758 - INFO - Experiment 128 results saved to results/suppression_experiments/exp_128_p1f5_p2f13.json
