2025-03-04 16:53:31,079 - INFO - Starting Suppression Experiment 6
2025-03-04 16:53:31,079 - INFO - P1 Features (14/14): ['protocol', 'bidirectional_min_ps', 'bidirectional_mean_ps', 'bidirectional_stddev_ps', 'bidirectional_max_ps', 'src2dst_stddev_ps', 'src2dst_max_ps', 'dst2src_min_ps', 'dst2src_mean_ps', 'dst2src_stddev_ps', 'dst2src_max_ps', 'bidirectional_stddev_piat_ms', 'bidirectional_max_piat_ms', 'bidirectional_rst_packets']
2025-03-04 16:53:31,079 - INFO - P2 Features (9/14): ['protocol', 'bidirectional_min_ps', 'bidirectional_mean_ps', 'bidirectional_stddev_ps', 'bidirectional_max_ps', 'src2dst_stddev_ps', 'src2dst_max_ps', 'dst2src_min_ps', 'dst2src_mean_ps']
2025-03-04 16:53:46,192 - INFO - P1 (Round 1) - Epoch 1/10 | Loss: 0.3573 | Acc: 0.8732 | Val Loss: 0.2135 | Val Acc: 0.9228 | Time: 12.27s
2025-03-04 16:53:58,004 - INFO - P1 (Round 1) - Epoch 2/10 | Loss: 0.1924 | Acc: 0.9320 | Val Loss: 0.1743 | Val Acc: 0.9411 | Time: 11.81s
2025-03-04 16:54:09,931 - INFO - P1 (Round 1) - Epoch 3/10 | Loss: 0.1651 | Acc: 0.9441 | Val Loss: 0.1552 | Val Acc: 0.9488 | Time: 11.93s
2025-03-04 16:54:22,338 - INFO - P1 (Round 1) - Epoch 4/10 | Loss: 0.1469 | Acc: 0.9520 | Val Loss: 0.1346 | Val Acc: 0.9580 | Time: 12.41s
2025-03-04 16:54:35,425 - INFO - P1 (Round 1) - Epoch 5/10 | Loss: 0.1256 | Acc: 0.9603 | Val Loss: 0.1174 | Val Acc: 0.9639 | Time: 13.09s
2025-03-04 16:54:47,944 - INFO - P1 (Round 1) - Epoch 6/10 | Loss: 0.1096 | Acc: 0.9651 | Val Loss: 0.1034 | Val Acc: 0.9676 | Time: 12.52s
2025-03-04 16:54:59,954 - INFO - P1 (Round 1) - Epoch 7/10 | Loss: 0.1001 | Acc: 0.9680 | Val Loss: 0.0975 | Val Acc: 0.9690 | Time: 12.01s
2025-03-04 16:55:12,033 - INFO - P1 (Round 1) - Epoch 8/10 | Loss: 0.0950 | Acc: 0.9695 | Val Loss: 0.0932 | Val Acc: 0.9700 | Time: 12.08s
2025-03-04 16:55:23,881 - INFO - P1 (Round 1) - Epoch 9/10 | Loss: 0.0917 | Acc: 0.9707 | Val Loss: 0.0898 | Val Acc: 0.9717 | Time: 11.85s
2025-03-04 16:55:36,179 - INFO - P1 (Round 1) - Epoch 10/10 | Loss: 0.0896 | Acc: 0.9712 | Val Loss: 0.0901 | Val Acc: 0.9711 | Time: 12.30s
2025-03-04 16:55:49,483 - INFO - P2 (Round 1) - Epoch 1/10 | Loss: 0.4212 | Acc: 0.8553 | Val Loss: 0.2570 | Val Acc: 0.9128 | Time: 13.30s
2025-03-04 16:56:01,368 - INFO - P2 (Round 1) - Epoch 2/10 | Loss: 0.2305 | Acc: 0.9219 | Val Loss: 0.2050 | Val Acc: 0.9317 | Time: 11.89s
2025-03-04 16:56:13,552 - INFO - P2 (Round 1) - Epoch 3/10 | Loss: 0.1798 | Acc: 0.9418 | Val Loss: 0.1602 | Val Acc: 0.9513 | Time: 12.18s
2025-03-04 16:56:25,673 - INFO - P2 (Round 1) - Epoch 4/10 | Loss: 0.1453 | Acc: 0.9553 | Val Loss: 0.1354 | Val Acc: 0.9577 | Time: 12.12s
2025-03-04 16:56:37,816 - INFO - P2 (Round 1) - Epoch 5/10 | Loss: 0.1293 | Acc: 0.9605 | Val Loss: 0.1255 | Val Acc: 0.9622 | Time: 12.14s
2025-03-04 16:56:50,875 - INFO - P2 (Round 1) - Epoch 6/10 | Loss: 0.1218 | Acc: 0.9630 | Val Loss: 0.1187 | Val Acc: 0.9630 | Time: 13.06s
2025-03-04 16:57:03,317 - INFO - P2 (Round 1) - Epoch 7/10 | Loss: 0.1154 | Acc: 0.9652 | Val Loss: 0.1131 | Val Acc: 0.9662 | Time: 12.44s
2025-03-04 16:57:15,254 - INFO - P2 (Round 1) - Epoch 8/10 | Loss: 0.1106 | Acc: 0.9668 | Val Loss: 0.1089 | Val Acc: 0.9677 | Time: 11.94s
2025-03-04 16:57:27,230 - INFO - P2 (Round 1) - Epoch 9/10 | Loss: 0.1068 | Acc: 0.9681 | Val Loss: 0.1062 | Val Acc: 0.9673 | Time: 11.97s
2025-03-04 16:57:39,533 - INFO - P2 (Round 1) - Epoch 10/10 | Loss: 0.1037 | Acc: 0.9689 | Val Loss: 0.1035 | Val Acc: 0.9696 | Time: 12.30s
2025-03-04 16:57:42,092 - INFO - Round 1 completed in 250.89s
2025-03-04 16:57:42,092 - INFO - Global Model - P1 Test: Loss = 5.4123, Accuracy = 0.5496
2025-03-04 16:57:42,092 - INFO - Global Model - P2 Test: Loss = 4.4950, Accuracy = 0.4275
2025-03-04 16:57:54,834 - INFO - P1 (Round 2) - Epoch 1/10 | Loss: 0.2120 | Acc: 0.9416 | Val Loss: 0.1188 | Val Acc: 0.9631 | Time: 12.74s
2025-03-04 16:58:07,919 - INFO - P1 (Round 2) - Epoch 2/10 | Loss: 0.1090 | Acc: 0.9662 | Val Loss: 0.0996 | Val Acc: 0.9692 | Time: 13.08s
2025-03-04 16:58:19,917 - INFO - P1 (Round 2) - Epoch 3/10 | Loss: 0.0974 | Acc: 0.9697 | Val Loss: 0.0919 | Val Acc: 0.9707 | Time: 12.00s
2025-03-04 16:58:32,039 - INFO - P1 (Round 2) - Epoch 4/10 | Loss: 0.0900 | Acc: 0.9723 | Val Loss: 0.0852 | Val Acc: 0.9741 | Time: 12.12s
2025-03-04 16:58:43,923 - INFO - P1 (Round 2) - Epoch 5/10 | Loss: 0.0849 | Acc: 0.9741 | Val Loss: 0.0810 | Val Acc: 0.9744 | Time: 11.88s
2025-03-04 16:58:56,160 - INFO - P1 (Round 2) - Epoch 6/10 | Loss: 0.0815 | Acc: 0.9752 | Val Loss: 0.0775 | Val Acc: 0.9764 | Time: 12.24s
2025-03-04 16:59:09,211 - INFO - P1 (Round 2) - Epoch 7/10 | Loss: 0.0789 | Acc: 0.9760 | Val Loss: 0.0770 | Val Acc: 0.9754 | Time: 13.05s
2025-03-04 16:59:19,407 - INFO - P1 (Round 2) - Epoch 8/10 | Loss: 0.0769 | Acc: 0.9764 | Val Loss: 0.0750 | Val Acc: 0.9769 | Time: 10.20s
2025-03-04 16:59:29,479 - INFO - P1 (Round 2) - Epoch 9/10 | Loss: 0.0752 | Acc: 0.9770 | Val Loss: 0.0731 | Val Acc: 0.9770 | Time: 10.07s
2025-03-04 16:59:40,126 - INFO - P1 (Round 2) - Epoch 10/10 | Loss: 0.0734 | Acc: 0.9775 | Val Loss: 0.0713 | Val Acc: 0.9777 | Time: 10.65s
2025-03-04 16:59:51,267 - INFO - P2 (Round 2) - Epoch 1/10 | Loss: 0.2477 | Acc: 0.9254 | Val Loss: 0.1563 | Val Acc: 0.9506 | Time: 11.14s
2025-03-04 17:00:03,527 - INFO - P2 (Round 2) - Epoch 2/10 | Loss: 0.1441 | Acc: 0.9555 | Val Loss: 0.1363 | Val Acc: 0.9578 | Time: 12.26s
2025-03-04 17:00:16,611 - INFO - P2 (Round 2) - Epoch 3/10 | Loss: 0.1299 | Acc: 0.9598 | Val Loss: 0.1248 | Val Acc: 0.9610 | Time: 13.08s
2025-03-04 17:00:28,994 - INFO - P2 (Round 2) - Epoch 4/10 | Loss: 0.1212 | Acc: 0.9623 | Val Loss: 0.1168 | Val Acc: 0.9643 | Time: 12.38s
2025-03-04 17:00:40,908 - INFO - P2 (Round 2) - Epoch 5/10 | Loss: 0.1133 | Acc: 0.9648 | Val Loss: 0.1102 | Val Acc: 0.9658 | Time: 11.91s
2025-03-04 17:00:52,659 - INFO - P2 (Round 2) - Epoch 6/10 | Loss: 0.1078 | Acc: 0.9666 | Val Loss: 0.1073 | Val Acc: 0.9669 | Time: 11.75s
2025-03-04 17:01:04,318 - INFO - P2 (Round 2) - Epoch 7/10 | Loss: 0.1034 | Acc: 0.9680 | Val Loss: 0.1020 | Val Acc: 0.9684 | Time: 11.66s
2025-03-04 17:01:15,959 - INFO - P2 (Round 2) - Epoch 8/10 | Loss: 0.0998 | Acc: 0.9694 | Val Loss: 0.0989 | Val Acc: 0.9701 | Time: 11.64s
2025-03-04 17:01:28,861 - INFO - P2 (Round 2) - Epoch 9/10 | Loss: 0.0971 | Acc: 0.9702 | Val Loss: 0.0983 | Val Acc: 0.9695 | Time: 12.90s
2025-03-04 17:01:41,187 - INFO - P2 (Round 2) - Epoch 10/10 | Loss: 0.0952 | Acc: 0.9707 | Val Loss: 0.0959 | Val Acc: 0.9711 | Time: 12.33s
2025-03-04 17:01:43,851 - INFO - Round 2 completed in 241.76s
2025-03-04 17:01:43,851 - INFO - Global Model - P1 Test: Loss = 1.2467, Accuracy = 0.8218
2025-03-04 17:01:43,851 - INFO - Global Model - P2 Test: Loss = 0.4920, Accuracy = 0.8370
2025-03-04 17:01:55,917 - INFO - P1 (Round 3) - Epoch 1/10 | Loss: 0.0946 | Acc: 0.9719 | Val Loss: 0.0792 | Val Acc: 0.9757 | Time: 12.06s
2025-03-04 17:02:08,327 - INFO - P1 (Round 3) - Epoch 2/10 | Loss: 0.0772 | Acc: 0.9766 | Val Loss: 0.0735 | Val Acc: 0.9773 | Time: 12.41s
2025-03-04 17:02:20,102 - INFO - P1 (Round 3) - Epoch 3/10 | Loss: 0.0728 | Acc: 0.9778 | Val Loss: 0.0708 | Val Acc: 0.9775 | Time: 11.77s
2025-03-04 17:02:32,513 - INFO - P1 (Round 3) - Epoch 4/10 | Loss: 0.0702 | Acc: 0.9784 | Val Loss: 0.0684 | Val Acc: 0.9786 | Time: 12.41s
2025-03-04 17:02:45,504 - INFO - P1 (Round 3) - Epoch 5/10 | Loss: 0.0683 | Acc: 0.9789 | Val Loss: 0.0675 | Val Acc: 0.9791 | Time: 12.99s
2025-03-04 17:02:57,650 - INFO - P1 (Round 3) - Epoch 6/10 | Loss: 0.0666 | Acc: 0.9793 | Val Loss: 0.0644 | Val Acc: 0.9791 | Time: 12.15s
2025-03-04 17:03:09,887 - INFO - P1 (Round 3) - Epoch 7/10 | Loss: 0.0655 | Acc: 0.9797 | Val Loss: 0.0644 | Val Acc: 0.9792 | Time: 12.24s
2025-03-04 17:03:21,957 - INFO - P1 (Round 3) - Epoch 8/10 | Loss: 0.0643 | Acc: 0.9801 | Val Loss: 0.0641 | Val Acc: 0.9792 | Time: 12.07s
2025-03-04 17:03:33,819 - INFO - P1 (Round 3) - Epoch 9/10 | Loss: 0.0633 | Acc: 0.9804 | Val Loss: 0.0621 | Val Acc: 0.9802 | Time: 11.86s
2025-03-04 17:03:46,590 - INFO - P1 (Round 3) - Epoch 10/10 | Loss: 0.0625 | Acc: 0.9807 | Val Loss: 0.0603 | Val Acc: 0.9812 | Time: 12.77s
2025-03-04 17:03:59,373 - INFO - P2 (Round 3) - Epoch 1/10 | Loss: 0.1136 | Acc: 0.9650 | Val Loss: 0.1039 | Val Acc: 0.9684 | Time: 12.78s
2025-03-04 17:04:11,478 - INFO - P2 (Round 3) - Epoch 2/10 | Loss: 0.0990 | Acc: 0.9693 | Val Loss: 0.0971 | Val Acc: 0.9700 | Time: 12.10s
2025-03-04 17:04:23,270 - INFO - P2 (Round 3) - Epoch 3/10 | Loss: 0.0951 | Acc: 0.9704 | Val Loss: 0.0945 | Val Acc: 0.9717 | Time: 11.79s
2025-03-04 17:04:33,728 - INFO - P2 (Round 3) - Epoch 4/10 | Loss: 0.0923 | Acc: 0.9712 | Val Loss: 0.0922 | Val Acc: 0.9717 | Time: 10.46s
2025-03-04 17:04:43,875 - INFO - P2 (Round 3) - Epoch 5/10 | Loss: 0.0905 | Acc: 0.9717 | Val Loss: 0.0904 | Val Acc: 0.9727 | Time: 10.15s
2025-03-04 17:04:54,405 - INFO - P2 (Round 3) - Epoch 6/10 | Loss: 0.0891 | Acc: 0.9723 | Val Loss: 0.0903 | Val Acc: 0.9731 | Time: 10.53s
2025-03-04 17:05:06,336 - INFO - P2 (Round 3) - Epoch 7/10 | Loss: 0.0877 | Acc: 0.9728 | Val Loss: 0.0886 | Val Acc: 0.9736 | Time: 11.93s
2025-03-04 17:05:16,500 - INFO - P2 (Round 3) - Epoch 8/10 | Loss: 0.0865 | Acc: 0.9732 | Val Loss: 0.0870 | Val Acc: 0.9737 | Time: 10.16s
2025-03-04 17:05:26,326 - INFO - P2 (Round 3) - Epoch 9/10 | Loss: 0.0856 | Acc: 0.9736 | Val Loss: 0.0866 | Val Acc: 0.9740 | Time: 9.83s
2025-03-04 17:05:36,628 - INFO - P2 (Round 3) - Epoch 10/10 | Loss: 0.0847 | Acc: 0.9739 | Val Loss: 0.0880 | Val Acc: 0.9735 | Time: 10.30s
2025-03-04 17:05:38,962 - INFO - Round 3 completed in 235.11s
2025-03-04 17:05:38,963 - INFO - Global Model - P1 Test: Loss = 0.2638, Accuracy = 0.9228
2025-03-04 17:05:38,963 - INFO - Global Model - P2 Test: Loss = 0.3019, Accuracy = 0.9184
2025-03-04 17:05:50,392 - INFO - P1 (Round 4) - Epoch 1/10 | Loss: 0.0725 | Acc: 0.9779 | Val Loss: 0.0656 | Val Acc: 0.9801 | Time: 11.43s
2025-03-04 17:06:01,202 - INFO - P1 (Round 4) - Epoch 2/10 | Loss: 0.0668 | Acc: 0.9795 | Val Loss: 0.0639 | Val Acc: 0.9801 | Time: 10.81s
2025-03-04 17:06:13,783 - INFO - P1 (Round 4) - Epoch 3/10 | Loss: 0.0648 | Acc: 0.9800 | Val Loss: 0.0629 | Val Acc: 0.9797 | Time: 12.58s
2025-03-04 17:06:24,156 - INFO - P1 (Round 4) - Epoch 4/10 | Loss: 0.0634 | Acc: 0.9804 | Val Loss: 0.0614 | Val Acc: 0.9802 | Time: 10.37s
2025-03-04 17:06:34,311 - INFO - P1 (Round 4) - Epoch 5/10 | Loss: 0.0623 | Acc: 0.9807 | Val Loss: 0.0606 | Val Acc: 0.9815 | Time: 10.15s
2025-03-04 17:06:44,446 - INFO - P1 (Round 4) - Epoch 6/10 | Loss: 0.0615 | Acc: 0.9810 | Val Loss: 0.0612 | Val Acc: 0.9804 | Time: 10.13s
2025-03-04 17:06:54,639 - INFO - P1 (Round 4) - Epoch 7/10 | Loss: 0.0609 | Acc: 0.9811 | Val Loss: 0.0606 | Val Acc: 0.9812 | Time: 10.19s
2025-03-04 17:07:04,466 - INFO - P1 (Round 4) - Epoch 8/10 | Loss: 0.0603 | Acc: 0.9814 | Val Loss: 0.0587 | Val Acc: 0.9820 | Time: 9.83s
2025-03-04 17:07:14,613 - INFO - P1 (Round 4) - Epoch 9/10 | Loss: 0.0599 | Acc: 0.9816 | Val Loss: 0.0581 | Val Acc: 0.9820 | Time: 10.15s
2025-03-04 17:07:27,249 - INFO - P1 (Round 4) - Epoch 10/10 | Loss: 0.0595 | Acc: 0.9817 | Val Loss: 0.0569 | Val Acc: 0.9822 | Time: 12.64s
2025-03-04 17:07:37,448 - INFO - P2 (Round 4) - Epoch 1/10 | Loss: 0.0940 | Acc: 0.9706 | Val Loss: 0.0897 | Val Acc: 0.9720 | Time: 10.20s
2025-03-04 17:07:47,619 - INFO - P2 (Round 4) - Epoch 2/10 | Loss: 0.0877 | Acc: 0.9724 | Val Loss: 0.0880 | Val Acc: 0.9729 | Time: 10.17s
2025-03-04 17:07:57,869 - INFO - P2 (Round 4) - Epoch 3/10 | Loss: 0.0860 | Acc: 0.9730 | Val Loss: 0.0873 | Val Acc: 0.9722 | Time: 10.25s
2025-03-04 17:08:08,234 - INFO - P2 (Round 4) - Epoch 4/10 | Loss: 0.0849 | Acc: 0.9734 | Val Loss: 0.0856 | Val Acc: 0.9740 | Time: 10.36s
2025-03-04 17:08:18,235 - INFO - P2 (Round 4) - Epoch 5/10 | Loss: 0.0842 | Acc: 0.9737 | Val Loss: 0.0862 | Val Acc: 0.9727 | Time: 10.00s
2025-03-04 17:08:28,909 - INFO - P2 (Round 4) - Epoch 6/10 | Loss: 0.0837 | Acc: 0.9739 | Val Loss: 0.0849 | Val Acc: 0.9738 | Time: 10.67s
2025-03-04 17:08:40,825 - INFO - P2 (Round 4) - Epoch 7/10 | Loss: 0.0831 | Acc: 0.9740 | Val Loss: 0.0843 | Val Acc: 0.9747 | Time: 11.92s
2025-03-04 17:08:50,813 - INFO - P2 (Round 4) - Epoch 8/10 | Loss: 0.0827 | Acc: 0.9741 | Val Loss: 0.0826 | Val Acc: 0.9750 | Time: 9.99s
2025-03-04 17:09:01,219 - INFO - P2 (Round 4) - Epoch 9/10 | Loss: 0.0822 | Acc: 0.9743 | Val Loss: 0.0846 | Val Acc: 0.9730 | Time: 10.41s
2025-03-04 17:09:11,557 - INFO - P2 (Round 4) - Epoch 10/10 | Loss: 0.0819 | Acc: 0.9746 | Val Loss: 0.0836 | Val Acc: 0.9746 | Time: 10.34s
2025-03-04 17:09:13,947 - INFO - Round 4 completed in 214.98s
2025-03-04 17:09:13,947 - INFO - Global Model - P1 Test: Loss = 0.1785, Accuracy = 0.9462
2025-03-04 17:09:13,947 - INFO - Global Model - P2 Test: Loss = 0.3082, Accuracy = 0.9172
2025-03-04 17:09:24,074 - INFO - P1 (Round 5) - Epoch 1/10 | Loss: 0.0653 | Acc: 0.9800 | Val Loss: 0.0613 | Val Acc: 0.9802 | Time: 10.13s
2025-03-04 17:09:34,300 - INFO - P1 (Round 5) - Epoch 2/10 | Loss: 0.0618 | Acc: 0.9808 | Val Loss: 0.0605 | Val Acc: 0.9809 | Time: 10.23s
2025-03-04 17:09:46,257 - INFO - P1 (Round 5) - Epoch 3/10 | Loss: 0.0607 | Acc: 0.9812 | Val Loss: 0.0575 | Val Acc: 0.9820 | Time: 11.96s
2025-03-04 17:09:56,910 - INFO - P1 (Round 5) - Epoch 4/10 | Loss: 0.0600 | Acc: 0.9816 | Val Loss: 0.0579 | Val Acc: 0.9816 | Time: 10.65s
2025-03-04 17:10:08,536 - INFO - P1 (Round 5) - Epoch 5/10 | Loss: 0.0595 | Acc: 0.9816 | Val Loss: 0.0584 | Val Acc: 0.9816 | Time: 11.63s
2025-03-04 17:10:19,935 - INFO - P1 (Round 5) - Epoch 6/10 | Loss: 0.0591 | Acc: 0.9819 | Val Loss: 0.0569 | Val Acc: 0.9824 | Time: 11.40s
2025-03-04 17:10:30,648 - INFO - P1 (Round 5) - Epoch 7/10 | Loss: 0.0587 | Acc: 0.9819 | Val Loss: 0.0579 | Val Acc: 0.9822 | Time: 10.71s
2025-03-04 17:10:40,934 - INFO - P1 (Round 5) - Epoch 8/10 | Loss: 0.0583 | Acc: 0.9821 | Val Loss: 0.0559 | Val Acc: 0.9825 | Time: 10.29s
2025-03-04 17:10:51,246 - INFO - P1 (Round 5) - Epoch 9/10 | Loss: 0.0581 | Acc: 0.9821 | Val Loss: 0.0562 | Val Acc: 0.9824 | Time: 10.31s
2025-03-04 17:11:04,057 - INFO - P1 (Round 5) - Epoch 10/10 | Loss: 0.0579 | Acc: 0.9823 | Val Loss: 0.0552 | Val Acc: 0.9824 | Time: 12.81s
2025-03-04 17:11:15,658 - INFO - P2 (Round 5) - Epoch 1/10 | Loss: 0.0888 | Acc: 0.9717 | Val Loss: 0.0847 | Val Acc: 0.9728 | Time: 11.60s
2025-03-04 17:11:27,539 - INFO - P2 (Round 5) - Epoch 2/10 | Loss: 0.0833 | Acc: 0.9736 | Val Loss: 0.0848 | Val Acc: 0.9724 | Time: 11.88s
2025-03-04 17:11:39,287 - INFO - P2 (Round 5) - Epoch 3/10 | Loss: 0.0822 | Acc: 0.9740 | Val Loss: 0.0834 | Val Acc: 0.9739 | Time: 11.75s
2025-03-04 17:11:50,889 - INFO - P2 (Round 5) - Epoch 4/10 | Loss: 0.0814 | Acc: 0.9743 | Val Loss: 0.0841 | Val Acc: 0.9744 | Time: 11.60s
2025-03-04 17:12:03,493 - INFO - P2 (Round 5) - Epoch 5/10 | Loss: 0.0807 | Acc: 0.9746 | Val Loss: 0.0819 | Val Acc: 0.9749 | Time: 12.60s
2025-03-04 17:12:16,762 - INFO - P2 (Round 5) - Epoch 6/10 | Loss: 0.0803 | Acc: 0.9748 | Val Loss: 0.0807 | Val Acc: 0.9751 | Time: 13.27s
2025-03-04 17:12:28,589 - INFO - P2 (Round 5) - Epoch 7/10 | Loss: 0.0800 | Acc: 0.9751 | Val Loss: 0.0813 | Val Acc: 0.9748 | Time: 11.83s
2025-03-04 17:12:40,568 - INFO - P2 (Round 5) - Epoch 8/10 | Loss: 0.0794 | Acc: 0.9751 | Val Loss: 0.0798 | Val Acc: 0.9758 | Time: 11.98s
2025-03-04 17:12:52,638 - INFO - P2 (Round 5) - Epoch 9/10 | Loss: 0.0791 | Acc: 0.9753 | Val Loss: 0.0811 | Val Acc: 0.9751 | Time: 12.07s
2025-03-04 17:13:04,577 - INFO - P2 (Round 5) - Epoch 10/10 | Loss: 0.0787 | Acc: 0.9755 | Val Loss: 0.0820 | Val Acc: 0.9760 | Time: 11.94s
2025-03-04 17:13:07,167 - INFO - Round 5 completed in 233.22s
2025-03-04 17:13:07,168 - INFO - Global Model - P1 Test: Loss = 0.2603, Accuracy = 0.9238
2025-03-04 17:13:07,168 - INFO - Global Model - P2 Test: Loss = 0.4088, Accuracy = 0.8568
2025-03-04 17:13:20,180 - INFO - P1 (Round 6) - Epoch 1/10 | Loss: 0.0632 | Acc: 0.9805 | Val Loss: 0.0601 | Val Acc: 0.9807 | Time: 13.01s
2025-03-04 17:13:32,453 - INFO - P1 (Round 6) - Epoch 2/10 | Loss: 0.0600 | Acc: 0.9814 | Val Loss: 0.0580 | Val Acc: 0.9814 | Time: 12.27s
2025-03-04 17:13:44,712 - INFO - P1 (Round 6) - Epoch 3/10 | Loss: 0.0589 | Acc: 0.9818 | Val Loss: 0.0575 | Val Acc: 0.9817 | Time: 12.26s
2025-03-04 17:13:57,041 - INFO - P1 (Round 6) - Epoch 4/10 | Loss: 0.0584 | Acc: 0.9820 | Val Loss: 0.0558 | Val Acc: 0.9824 | Time: 12.33s
2025-03-04 17:14:08,951 - INFO - P1 (Round 6) - Epoch 5/10 | Loss: 0.0579 | Acc: 0.9822 | Val Loss: 0.0560 | Val Acc: 0.9824 | Time: 11.91s
2025-03-04 17:14:20,691 - INFO - P1 (Round 6) - Epoch 6/10 | Loss: 0.0577 | Acc: 0.9823 | Val Loss: 0.0563 | Val Acc: 0.9825 | Time: 11.74s
2025-03-04 17:14:33,664 - INFO - P1 (Round 6) - Epoch 7/10 | Loss: 0.0572 | Acc: 0.9825 | Val Loss: 0.0555 | Val Acc: 0.9825 | Time: 12.97s
2025-03-04 17:14:46,081 - INFO - P1 (Round 6) - Epoch 8/10 | Loss: 0.0569 | Acc: 0.9826 | Val Loss: 0.0562 | Val Acc: 0.9828 | Time: 12.42s
2025-03-04 17:14:57,863 - INFO - P1 (Round 6) - Epoch 9/10 | Loss: 0.0568 | Acc: 0.9825 | Val Loss: 0.0548 | Val Acc: 0.9828 | Time: 11.78s
2025-03-04 17:15:09,717 - INFO - P1 (Round 6) - Epoch 10/10 | Loss: 0.0566 | Acc: 0.9826 | Val Loss: 0.0549 | Val Acc: 0.9829 | Time: 11.85s
2025-03-04 17:15:21,577 - INFO - P2 (Round 6) - Epoch 1/10 | Loss: 0.0862 | Acc: 0.9727 | Val Loss: 0.0813 | Val Acc: 0.9748 | Time: 11.86s
2025-03-04 17:15:33,450 - INFO - P2 (Round 6) - Epoch 2/10 | Loss: 0.0806 | Acc: 0.9746 | Val Loss: 0.0803 | Val Acc: 0.9754 | Time: 11.87s
2025-03-04 17:15:46,595 - INFO - P2 (Round 6) - Epoch 3/10 | Loss: 0.0797 | Acc: 0.9749 | Val Loss: 0.0813 | Val Acc: 0.9735 | Time: 13.14s
2025-03-04 17:15:58,759 - INFO - P2 (Round 6) - Epoch 4/10 | Loss: 0.0790 | Acc: 0.9751 | Val Loss: 0.0786 | Val Acc: 0.9761 | Time: 12.16s
2025-03-04 17:16:10,681 - INFO - P2 (Round 6) - Epoch 5/10 | Loss: 0.0784 | Acc: 0.9753 | Val Loss: 0.0792 | Val Acc: 0.9759 | Time: 11.92s
2025-03-04 17:16:22,550 - INFO - P2 (Round 6) - Epoch 6/10 | Loss: 0.0781 | Acc: 0.9754 | Val Loss: 0.0783 | Val Acc: 0.9763 | Time: 11.87s
2025-03-04 17:16:34,224 - INFO - P2 (Round 6) - Epoch 7/10 | Loss: 0.0777 | Acc: 0.9757 | Val Loss: 0.0793 | Val Acc: 0.9758 | Time: 11.67s
2025-03-04 17:16:45,928 - INFO - P2 (Round 6) - Epoch 8/10 | Loss: 0.0774 | Acc: 0.9758 | Val Loss: 0.0799 | Val Acc: 0.9745 | Time: 11.70s
2025-03-04 17:16:59,073 - INFO - P2 (Round 6) - Epoch 9/10 | Loss: 0.0771 | Acc: 0.9760 | Val Loss: 0.0800 | Val Acc: 0.9748 | Time: 13.15s
2025-03-04 17:17:11,084 - INFO - P2 (Round 6) - Epoch 10/10 | Loss: 0.0768 | Acc: 0.9760 | Val Loss: 0.0772 | Val Acc: 0.9761 | Time: 12.01s
2025-03-04 17:17:13,571 - INFO - Round 6 completed in 246.40s
2025-03-04 17:17:13,571 - INFO - Global Model - P1 Test: Loss = 0.2622, Accuracy = 0.9288
2025-03-04 17:17:13,571 - INFO - Global Model - P2 Test: Loss = 0.4341, Accuracy = 0.8418
2025-03-04 17:17:25,294 - INFO - P1 (Round 7) - Epoch 1/10 | Loss: 0.0624 | Acc: 0.9808 | Val Loss: 0.0579 | Val Acc: 0.9819 | Time: 11.72s
2025-03-04 17:17:37,209 - INFO - P1 (Round 7) - Epoch 2/10 | Loss: 0.0587 | Acc: 0.9818 | Val Loss: 0.0569 | Val Acc: 0.9821 | Time: 11.91s
2025-03-04 17:17:49,183 - INFO - P1 (Round 7) - Epoch 3/10 | Loss: 0.0578 | Acc: 0.9821 | Val Loss: 0.0575 | Val Acc: 0.9806 | Time: 11.97s
2025-03-04 17:18:01,611 - INFO - P1 (Round 7) - Epoch 4/10 | Loss: 0.0573 | Acc: 0.9822 | Val Loss: 0.0558 | Val Acc: 0.9826 | Time: 12.43s
2025-03-04 17:18:14,767 - INFO - P1 (Round 7) - Epoch 5/10 | Loss: 0.0570 | Acc: 0.9824 | Val Loss: 0.0556 | Val Acc: 0.9827 | Time: 13.16s
2025-03-04 17:18:27,114 - INFO - P1 (Round 7) - Epoch 6/10 | Loss: 0.0566 | Acc: 0.9825 | Val Loss: 0.0551 | Val Acc: 0.9824 | Time: 12.35s
2025-03-04 17:18:38,873 - INFO - P1 (Round 7) - Epoch 7/10 | Loss: 0.0565 | Acc: 0.9825 | Val Loss: 0.0573 | Val Acc: 0.9820 | Time: 11.76s
2025-03-04 17:18:50,637 - INFO - P1 (Round 7) - Epoch 8/10 | Loss: 0.0562 | Acc: 0.9827 | Val Loss: 0.0564 | Val Acc: 0.9819 | Time: 11.76s
2025-03-04 17:19:02,455 - INFO - P1 (Round 7) - Epoch 9/10 | Loss: 0.0561 | Acc: 0.9826 | Val Loss: 0.0532 | Val Acc: 0.9835 | Time: 11.82s
2025-03-04 17:19:15,040 - INFO - P1 (Round 7) - Epoch 10/10 | Loss: 0.0558 | Acc: 0.9828 | Val Loss: 0.0548 | Val Acc: 0.9830 | Time: 12.58s
2025-03-04 17:19:27,773 - INFO - P2 (Round 7) - Epoch 1/10 | Loss: 0.0851 | Acc: 0.9733 | Val Loss: 0.0804 | Val Acc: 0.9758 | Time: 12.73s
2025-03-04 17:19:39,640 - INFO - P2 (Round 7) - Epoch 2/10 | Loss: 0.0791 | Acc: 0.9753 | Val Loss: 0.0805 | Val Acc: 0.9758 | Time: 11.87s
2025-03-04 17:19:51,773 - INFO - P2 (Round 7) - Epoch 3/10 | Loss: 0.0780 | Acc: 0.9755 | Val Loss: 0.0809 | Val Acc: 0.9744 | Time: 12.13s
2025-03-04 17:20:03,459 - INFO - P2 (Round 7) - Epoch 4/10 | Loss: 0.0776 | Acc: 0.9758 | Val Loss: 0.0789 | Val Acc: 0.9754 | Time: 11.68s
2025-03-04 17:20:15,647 - INFO - P2 (Round 7) - Epoch 5/10 | Loss: 0.0771 | Acc: 0.9759 | Val Loss: 0.0785 | Val Acc: 0.9756 | Time: 12.19s
2025-03-04 17:20:28,747 - INFO - P2 (Round 7) - Epoch 6/10 | Loss: 0.0767 | Acc: 0.9760 | Val Loss: 0.0783 | Val Acc: 0.9763 | Time: 13.10s
2025-03-04 17:20:41,201 - INFO - P2 (Round 7) - Epoch 7/10 | Loss: 0.0762 | Acc: 0.9762 | Val Loss: 0.0772 | Val Acc: 0.9761 | Time: 12.45s
2025-03-04 17:20:53,223 - INFO - P2 (Round 7) - Epoch 8/10 | Loss: 0.0759 | Acc: 0.9762 | Val Loss: 0.0767 | Val Acc: 0.9768 | Time: 12.02s
2025-03-04 17:21:05,196 - INFO - P2 (Round 7) - Epoch 9/10 | Loss: 0.0757 | Acc: 0.9764 | Val Loss: 0.0775 | Val Acc: 0.9753 | Time: 11.97s
2025-03-04 17:21:17,152 - INFO - P2 (Round 7) - Epoch 10/10 | Loss: 0.0754 | Acc: 0.9765 | Val Loss: 0.0795 | Val Acc: 0.9757 | Time: 11.96s
2025-03-04 17:21:19,636 - INFO - Round 7 completed in 246.07s
2025-03-04 17:21:19,636 - INFO - Global Model - P1 Test: Loss = 0.2681, Accuracy = 0.9293
2025-03-04 17:21:19,636 - INFO - Global Model - P2 Test: Loss = 0.4354, Accuracy = 0.8466
2025-03-04 17:21:31,700 - INFO - P1 (Round 8) - Epoch 1/10 | Loss: 0.0619 | Acc: 0.9807 | Val Loss: 0.0571 | Val Acc: 0.9819 | Time: 12.06s
2025-03-04 17:21:44,920 - INFO - P1 (Round 8) - Epoch 2/10 | Loss: 0.0580 | Acc: 0.9819 | Val Loss: 0.0557 | Val Acc: 0.9821 | Time: 13.22s
2025-03-04 17:21:57,054 - INFO - P1 (Round 8) - Epoch 3/10 | Loss: 0.0572 | Acc: 0.9822 | Val Loss: 0.0556 | Val Acc: 0.9824 | Time: 12.13s
2025-03-04 17:22:08,900 - INFO - P1 (Round 8) - Epoch 4/10 | Loss: 0.0567 | Acc: 0.9823 | Val Loss: 0.0558 | Val Acc: 0.9824 | Time: 11.85s
2025-03-04 17:22:21,258 - INFO - P1 (Round 8) - Epoch 5/10 | Loss: 0.0564 | Acc: 0.9824 | Val Loss: 0.0538 | Val Acc: 0.9831 | Time: 12.36s
2025-03-04 17:22:33,483 - INFO - P1 (Round 8) - Epoch 6/10 | Loss: 0.0561 | Acc: 0.9826 | Val Loss: 0.0540 | Val Acc: 0.9829 | Time: 12.22s
2025-03-04 17:22:46,099 - INFO - P1 (Round 8) - Epoch 7/10 | Loss: 0.0558 | Acc: 0.9826 | Val Loss: 0.0553 | Val Acc: 0.9829 | Time: 12.62s
2025-03-04 17:22:58,935 - INFO - P1 (Round 8) - Epoch 8/10 | Loss: 0.0557 | Acc: 0.9827 | Val Loss: 0.0584 | Val Acc: 0.9820 | Time: 12.84s
2025-03-04 17:23:10,630 - INFO - P1 (Round 8) - Epoch 9/10 | Loss: 0.0555 | Acc: 0.9828 | Val Loss: 0.0537 | Val Acc: 0.9831 | Time: 11.69s
2025-03-04 17:23:22,615 - INFO - P1 (Round 8) - Epoch 10/10 | Loss: 0.0553 | Acc: 0.9828 | Val Loss: 0.0544 | Val Acc: 0.9828 | Time: 11.98s
2025-03-04 17:23:34,668 - INFO - P2 (Round 8) - Epoch 1/10 | Loss: 0.0836 | Acc: 0.9740 | Val Loss: 0.0798 | Val Acc: 0.9756 | Time: 12.05s
2025-03-04 17:23:46,994 - INFO - P2 (Round 8) - Epoch 2/10 | Loss: 0.0780 | Acc: 0.9759 | Val Loss: 0.0792 | Val Acc: 0.9750 | Time: 12.33s
2025-03-04 17:23:59,459 - INFO - P2 (Round 8) - Epoch 3/10 | Loss: 0.0769 | Acc: 0.9763 | Val Loss: 0.0770 | Val Acc: 0.9765 | Time: 12.46s
2025-03-04 17:24:11,964 - INFO - P2 (Round 8) - Epoch 4/10 | Loss: 0.0763 | Acc: 0.9764 | Val Loss: 0.0785 | Val Acc: 0.9756 | Time: 12.50s
2025-03-04 17:24:23,974 - INFO - P2 (Round 8) - Epoch 5/10 | Loss: 0.0757 | Acc: 0.9766 | Val Loss: 0.0762 | Val Acc: 0.9767 | Time: 12.01s
2025-03-04 17:24:35,653 - INFO - P2 (Round 8) - Epoch 6/10 | Loss: 0.0754 | Acc: 0.9767 | Val Loss: 0.0759 | Val Acc: 0.9769 | Time: 11.68s
2025-03-04 17:24:47,608 - INFO - P2 (Round 8) - Epoch 7/10 | Loss: 0.0749 | Acc: 0.9769 | Val Loss: 0.0765 | Val Acc: 0.9768 | Time: 11.96s
2025-03-04 17:24:59,411 - INFO - P2 (Round 8) - Epoch 8/10 | Loss: 0.0746 | Acc: 0.9770 | Val Loss: 0.0767 | Val Acc: 0.9766 | Time: 11.80s
2025-03-04 17:25:12,270 - INFO - P2 (Round 8) - Epoch 9/10 | Loss: 0.0742 | Acc: 0.9772 | Val Loss: 0.0773 | Val Acc: 0.9763 | Time: 12.86s
2025-03-04 17:25:24,661 - INFO - P2 (Round 8) - Epoch 10/10 | Loss: 0.0739 | Acc: 0.9772 | Val Loss: 0.0751 | Val Acc: 0.9765 | Time: 12.39s
2025-03-04 17:25:27,190 - INFO - Round 8 completed in 247.55s
2025-03-04 17:25:27,190 - INFO - Global Model - P1 Test: Loss = 0.3660, Accuracy = 0.9002
2025-03-04 17:25:27,190 - INFO - Global Model - P2 Test: Loss = 0.3470, Accuracy = 0.8942
2025-03-04 17:25:39,101 - INFO - P1 (Round 9) - Epoch 1/10 | Loss: 0.0615 | Acc: 0.9808 | Val Loss: 0.0569 | Val Acc: 0.9823 | Time: 11.91s
2025-03-04 17:25:51,226 - INFO - P1 (Round 9) - Epoch 2/10 | Loss: 0.0576 | Acc: 0.9821 | Val Loss: 0.0580 | Val Acc: 0.9817 | Time: 12.12s
2025-03-04 17:26:03,243 - INFO - P1 (Round 9) - Epoch 3/10 | Loss: 0.0567 | Acc: 0.9823 | Val Loss: 0.0555 | Val Acc: 0.9826 | Time: 12.02s
2025-03-04 17:26:15,026 - INFO - P1 (Round 9) - Epoch 4/10 | Loss: 0.0561 | Acc: 0.9826 | Val Loss: 0.0546 | Val Acc: 0.9831 | Time: 11.78s
2025-03-04 17:26:28,320 - INFO - P1 (Round 9) - Epoch 5/10 | Loss: 0.0559 | Acc: 0.9826 | Val Loss: 0.0543 | Val Acc: 0.9828 | Time: 13.29s
2025-03-04 17:26:40,612 - INFO - P1 (Round 9) - Epoch 6/10 | Loss: 0.0556 | Acc: 0.9827 | Val Loss: 0.0554 | Val Acc: 0.9824 | Time: 12.29s
2025-03-04 17:26:52,756 - INFO - P1 (Round 9) - Epoch 7/10 | Loss: 0.0553 | Acc: 0.9828 | Val Loss: 0.0573 | Val Acc: 0.9821 | Time: 12.14s
2025-03-04 17:27:04,504 - INFO - P1 (Round 9) - Epoch 8/10 | Loss: 0.0552 | Acc: 0.9828 | Val Loss: 0.0538 | Val Acc: 0.9827 | Time: 11.75s
2025-03-04 17:27:16,713 - INFO - P1 (Round 9) - Epoch 9/10 | Loss: 0.0551 | Acc: 0.9829 | Val Loss: 0.0531 | Val Acc: 0.9834 | Time: 12.21s
2025-03-04 17:27:29,224 - INFO - P1 (Round 9) - Epoch 10/10 | Loss: 0.0549 | Acc: 0.9829 | Val Loss: 0.0540 | Val Acc: 0.9830 | Time: 12.51s
2025-03-04 17:27:42,502 - INFO - P2 (Round 9) - Epoch 1/10 | Loss: 0.0816 | Acc: 0.9748 | Val Loss: 0.0791 | Val Acc: 0.9759 | Time: 13.28s
2025-03-04 17:27:54,365 - INFO - P2 (Round 9) - Epoch 2/10 | Loss: 0.0766 | Acc: 0.9763 | Val Loss: 0.0771 | Val Acc: 0.9766 | Time: 11.86s
2025-03-04 17:28:06,423 - INFO - P2 (Round 9) - Epoch 3/10 | Loss: 0.0756 | Acc: 0.9765 | Val Loss: 0.0783 | Val Acc: 0.9757 | Time: 12.06s
2025-03-04 17:28:18,361 - INFO - P2 (Round 9) - Epoch 4/10 | Loss: 0.0750 | Acc: 0.9769 | Val Loss: 0.0751 | Val Acc: 0.9773 | Time: 11.94s
2025-03-04 17:28:30,436 - INFO - P2 (Round 9) - Epoch 5/10 | Loss: 0.0745 | Acc: 0.9769 | Val Loss: 0.0741 | Val Acc: 0.9769 | Time: 12.07s
2025-03-04 17:28:43,109 - INFO - P2 (Round 9) - Epoch 6/10 | Loss: 0.0738 | Acc: 0.9772 | Val Loss: 0.0747 | Val Acc: 0.9772 | Time: 12.67s
2025-03-04 17:28:55,867 - INFO - P2 (Round 9) - Epoch 7/10 | Loss: 0.0735 | Acc: 0.9773 | Val Loss: 0.0743 | Val Acc: 0.9770 | Time: 12.76s
2025-03-04 17:29:07,868 - INFO - P2 (Round 9) - Epoch 8/10 | Loss: 0.0732 | Acc: 0.9775 | Val Loss: 0.0757 | Val Acc: 0.9768 | Time: 12.00s
2025-03-04 17:29:19,698 - INFO - P2 (Round 9) - Epoch 9/10 | Loss: 0.0728 | Acc: 0.9775 | Val Loss: 0.0748 | Val Acc: 0.9775 | Time: 11.83s
2025-03-04 17:29:31,599 - INFO - P2 (Round 9) - Epoch 10/10 | Loss: 0.0726 | Acc: 0.9776 | Val Loss: 0.0762 | Val Acc: 0.9761 | Time: 11.90s
2025-03-04 17:29:34,041 - INFO - Round 9 completed in 246.85s
2025-03-04 17:29:34,041 - INFO - Global Model - P1 Test: Loss = 0.4819, Accuracy = 0.8656
2025-03-04 17:29:34,041 - INFO - Global Model - P2 Test: Loss = 0.2784, Accuracy = 0.9278
2025-03-04 17:29:46,113 - INFO - P1 (Round 10) - Epoch 1/10 | Loss: 0.0620 | Acc: 0.9806 | Val Loss: 0.0557 | Val Acc: 0.9825 | Time: 12.07s
2025-03-04 17:29:59,062 - INFO - P1 (Round 10) - Epoch 2/10 | Loss: 0.0572 | Acc: 0.9822 | Val Loss: 0.0562 | Val Acc: 0.9819 | Time: 12.95s
2025-03-04 17:30:11,707 - INFO - P1 (Round 10) - Epoch 3/10 | Loss: 0.0564 | Acc: 0.9824 | Val Loss: 0.0551 | Val Acc: 0.9828 | Time: 12.64s
2025-03-04 17:30:23,854 - INFO - P1 (Round 10) - Epoch 4/10 | Loss: 0.0558 | Acc: 0.9826 | Val Loss: 0.0547 | Val Acc: 0.9822 | Time: 12.15s
2025-03-04 17:30:33,904 - INFO - P1 (Round 10) - Epoch 5/10 | Loss: 0.0555 | Acc: 0.9827 | Val Loss: 0.0547 | Val Acc: 0.9835 | Time: 10.05s
2025-03-04 17:30:44,093 - INFO - P1 (Round 10) - Epoch 6/10 | Loss: 0.0552 | Acc: 0.9827 | Val Loss: 0.0530 | Val Acc: 0.9834 | Time: 10.19s
2025-03-04 17:30:54,876 - INFO - P1 (Round 10) - Epoch 7/10 | Loss: 0.0550 | Acc: 0.9828 | Val Loss: 0.0532 | Val Acc: 0.9829 | Time: 10.78s
2025-03-04 17:31:06,715 - INFO - P1 (Round 10) - Epoch 8/10 | Loss: 0.0549 | Acc: 0.9829 | Val Loss: 0.0548 | Val Acc: 0.9827 | Time: 11.84s
2025-03-04 17:31:17,857 - INFO - P1 (Round 10) - Epoch 9/10 | Loss: 0.0548 | Acc: 0.9829 | Val Loss: 0.0526 | Val Acc: 0.9834 | Time: 11.14s
2025-03-04 17:31:28,140 - INFO - P1 (Round 10) - Epoch 10/10 | Loss: 0.0547 | Acc: 0.9830 | Val Loss: 0.0531 | Val Acc: 0.9835 | Time: 10.28s
2025-03-04 17:31:38,341 - INFO - P2 (Round 10) - Epoch 1/10 | Loss: 0.0801 | Acc: 0.9752 | Val Loss: 0.0789 | Val Acc: 0.9759 | Time: 10.20s
2025-03-04 17:31:49,645 - INFO - P2 (Round 10) - Epoch 2/10 | Loss: 0.0753 | Acc: 0.9765 | Val Loss: 0.0753 | Val Acc: 0.9775 | Time: 11.30s
2025-03-04 17:32:01,879 - INFO - P2 (Round 10) - Epoch 3/10 | Loss: 0.0743 | Acc: 0.9768 | Val Loss: 0.0758 | Val Acc: 0.9764 | Time: 12.23s
2025-03-04 17:32:14,179 - INFO - P2 (Round 10) - Epoch 4/10 | Loss: 0.0736 | Acc: 0.9771 | Val Loss: 0.0749 | Val Acc: 0.9772 | Time: 12.30s
2025-03-04 17:32:27,124 - INFO - P2 (Round 10) - Epoch 5/10 | Loss: 0.0731 | Acc: 0.9774 | Val Loss: 0.0737 | Val Acc: 0.9771 | Time: 12.95s
2025-03-04 17:32:39,073 - INFO - P2 (Round 10) - Epoch 6/10 | Loss: 0.0726 | Acc: 0.9775 | Val Loss: 0.0736 | Val Acc: 0.9777 | Time: 11.95s
2025-03-04 17:32:49,358 - INFO - P2 (Round 10) - Epoch 7/10 | Loss: 0.0723 | Acc: 0.9777 | Val Loss: 0.0758 | Val Acc: 0.9765 | Time: 10.28s
2025-03-04 17:32:59,748 - INFO - P2 (Round 10) - Epoch 8/10 | Loss: 0.0718 | Acc: 0.9779 | Val Loss: 0.0735 | Val Acc: 0.9775 | Time: 10.39s
2025-03-04 17:33:10,064 - INFO - P2 (Round 10) - Epoch 9/10 | Loss: 0.0716 | Acc: 0.9779 | Val Loss: 0.0745 | Val Acc: 0.9764 | Time: 10.31s
2025-03-04 17:33:19,998 - INFO - P2 (Round 10) - Epoch 10/10 | Loss: 0.0712 | Acc: 0.9780 | Val Loss: 0.0720 | Val Acc: 0.9784 | Time: 9.93s
2025-03-04 17:33:22,448 - INFO - Round 10 completed in 228.41s
2025-03-04 17:33:22,448 - INFO - Global Model - P1 Test: Loss = 0.7147, Accuracy = 0.8452
2025-03-04 17:33:22,448 - INFO - Global Model - P2 Test: Loss = 0.3010, Accuracy = 0.9213
2025-03-04 17:33:25,479 - INFO - Final Results after 10 rounds:
2025-03-04 17:33:25,479 - INFO - Global Model - P1 Test: Loss = 0.7147, Accuracy = 0.8452
2025-03-04 17:33:25,479 - INFO - Global Model - P2 Test: Loss = 0.3010, Accuracy = 0.9213
2025-03-04 17:33:25,491 - INFO - Experiment 6 results saved to results/suppression_experiments/exp_6_p1f14_p2f9.json
