2025-03-05 04:01:09,295 - INFO - Starting Suppression Experiment 168
2025-03-05 04:01:09,295 - INFO - P1 Features (3/14): ['protocol', 'bidirectional_min_ps', 'bidirectional_mean_ps']
2025-03-05 04:01:09,295 - INFO - P2 Features (1/14): ['protocol']
2025-03-05 04:01:19,960 - INFO - P1 (Round 1) - Epoch 1/10 | Loss: 0.7959 | Acc: 0.6955 | Val Loss: 0.6380 | Val Acc: 0.7567 | Time: 10.62s
2025-03-05 04:01:30,687 - INFO - P1 (Round 1) - Epoch 2/10 | Loss: 0.6136 | Acc: 0.7614 | Val Loss: 0.6014 | Val Acc: 0.7630 | Time: 10.73s
2025-03-05 04:01:41,465 - INFO - P1 (Round 1) - Epoch 3/10 | Loss: 0.5913 | Acc: 0.7665 | Val Loss: 0.5843 | Val Acc: 0.7681 | Time: 10.78s
2025-03-05 04:01:52,101 - INFO - P1 (Round 1) - Epoch 4/10 | Loss: 0.5791 | Acc: 0.7694 | Val Loss: 0.5759 | Val Acc: 0.7689 | Time: 10.64s
2025-03-05 04:02:02,962 - INFO - P1 (Round 1) - Epoch 5/10 | Loss: 0.5733 | Acc: 0.7710 | Val Loss: 0.5726 | Val Acc: 0.7743 | Time: 10.86s
2025-03-05 04:02:14,564 - INFO - P1 (Round 1) - Epoch 6/10 | Loss: 0.5695 | Acc: 0.7720 | Val Loss: 0.5714 | Val Acc: 0.7714 | Time: 11.60s
2025-03-05 04:02:25,663 - INFO - P1 (Round 1) - Epoch 7/10 | Loss: 0.5663 | Acc: 0.7727 | Val Loss: 0.5659 | Val Acc: 0.7743 | Time: 11.10s
2025-03-05 04:02:36,642 - INFO - P1 (Round 1) - Epoch 8/10 | Loss: 0.5633 | Acc: 0.7733 | Val Loss: 0.5623 | Val Acc: 0.7738 | Time: 10.98s
2025-03-05 04:02:49,320 - INFO - P1 (Round 1) - Epoch 9/10 | Loss: 0.5605 | Acc: 0.7736 | Val Loss: 0.5600 | Val Acc: 0.7766 | Time: 12.68s
2025-03-05 04:03:01,608 - INFO - P1 (Round 1) - Epoch 10/10 | Loss: 0.5582 | Acc: 0.7742 | Val Loss: 0.5572 | Val Acc: 0.7741 | Time: 12.29s
2025-03-05 04:03:13,233 - INFO - P2 (Round 1) - Epoch 1/10 | Loss: 1.3674 | Acc: 0.4824 | Val Loss: 1.3323 | Val Acc: 0.4929 | Time: 11.62s
2025-03-05 04:03:25,226 - INFO - P2 (Round 1) - Epoch 2/10 | Loss: 1.3320 | Acc: 0.4929 | Val Loss: 1.3323 | Val Acc: 0.4929 | Time: 11.99s
2025-03-05 04:03:36,383 - INFO - P2 (Round 1) - Epoch 3/10 | Loss: 1.3319 | Acc: 0.4929 | Val Loss: 1.3321 | Val Acc: 0.4929 | Time: 11.16s
2025-03-05 04:03:46,932 - INFO - P2 (Round 1) - Epoch 4/10 | Loss: 1.3318 | Acc: 0.4929 | Val Loss: 1.3318 | Val Acc: 0.4929 | Time: 10.55s
2025-03-05 04:03:57,532 - INFO - P2 (Round 1) - Epoch 5/10 | Loss: 1.3318 | Acc: 0.4929 | Val Loss: 1.3320 | Val Acc: 0.4929 | Time: 10.60s
2025-03-05 04:04:08,201 - INFO - P2 (Round 1) - Epoch 6/10 | Loss: 1.3318 | Acc: 0.4929 | Val Loss: 1.3318 | Val Acc: 0.4929 | Time: 10.67s
2025-03-05 04:04:18,773 - INFO - P2 (Round 1) - Epoch 7/10 | Loss: 1.3318 | Acc: 0.4929 | Val Loss: 1.3315 | Val Acc: 0.4929 | Time: 10.57s
2025-03-05 04:04:29,696 - INFO - P2 (Round 1) - Epoch 8/10 | Loss: 1.3317 | Acc: 0.4929 | Val Loss: 1.3316 | Val Acc: 0.4929 | Time: 10.92s
2025-03-05 04:04:41,516 - INFO - P2 (Round 1) - Epoch 9/10 | Loss: 1.3317 | Acc: 0.4929 | Val Loss: 1.3317 | Val Acc: 0.4929 | Time: 11.82s
2025-03-05 04:04:52,247 - INFO - P2 (Round 1) - Epoch 10/10 | Loss: 1.3317 | Acc: 0.4929 | Val Loss: 1.3315 | Val Acc: 0.4929 | Time: 10.73s
2025-03-05 04:04:54,610 - INFO - Round 1 completed in 225.27s
2025-03-05 04:04:54,611 - INFO - Global Model - P1 Test: Loss = 2.8328, Accuracy = 0.3588
2025-03-05 04:04:54,611 - INFO - Global Model - P2 Test: Loss = 1.7188, Accuracy = 0.4929
2025-03-05 04:05:05,274 - INFO - P1 (Round 2) - Epoch 1/10 | Loss: 0.6275 | Acc: 0.7573 | Val Loss: 0.5827 | Val Acc: 0.7720 | Time: 10.66s
2025-03-05 04:05:16,087 - INFO - P1 (Round 2) - Epoch 2/10 | Loss: 0.5752 | Acc: 0.7692 | Val Loss: 0.5757 | Val Acc: 0.7718 | Time: 10.81s
2025-03-05 04:05:26,768 - INFO - P1 (Round 2) - Epoch 3/10 | Loss: 0.5702 | Acc: 0.7696 | Val Loss: 0.5722 | Val Acc: 0.7721 | Time: 10.68s
2025-03-05 04:05:37,629 - INFO - P1 (Round 2) - Epoch 4/10 | Loss: 0.5673 | Acc: 0.7704 | Val Loss: 0.5692 | Val Acc: 0.7667 | Time: 10.86s
2025-03-05 04:05:49,197 - INFO - P1 (Round 2) - Epoch 5/10 | Loss: 0.5652 | Acc: 0.7708 | Val Loss: 0.5662 | Val Acc: 0.7657 | Time: 11.57s
2025-03-05 04:06:00,078 - INFO - P1 (Round 2) - Epoch 6/10 | Loss: 0.5636 | Acc: 0.7711 | Val Loss: 0.5638 | Val Acc: 0.7742 | Time: 10.88s
2025-03-05 04:06:10,730 - INFO - P1 (Round 2) - Epoch 7/10 | Loss: 0.5621 | Acc: 0.7714 | Val Loss: 0.5659 | Val Acc: 0.7759 | Time: 10.65s
2025-03-05 04:06:21,664 - INFO - P1 (Round 2) - Epoch 8/10 | Loss: 0.5603 | Acc: 0.7716 | Val Loss: 0.5620 | Val Acc: 0.7731 | Time: 10.93s
2025-03-05 04:06:32,648 - INFO - P1 (Round 2) - Epoch 9/10 | Loss: 0.5587 | Acc: 0.7718 | Val Loss: 0.5590 | Val Acc: 0.7736 | Time: 10.98s
2025-03-05 04:06:43,621 - INFO - P1 (Round 2) - Epoch 10/10 | Loss: 0.5571 | Acc: 0.7719 | Val Loss: 0.5561 | Val Acc: 0.7728 | Time: 10.97s
2025-03-05 04:06:54,654 - INFO - P2 (Round 2) - Epoch 1/10 | Loss: 1.3338 | Acc: 0.4929 | Val Loss: 1.3332 | Val Acc: 0.4929 | Time: 11.03s
2025-03-05 04:07:06,259 - INFO - P2 (Round 2) - Epoch 2/10 | Loss: 1.3327 | Acc: 0.4929 | Val Loss: 1.3317 | Val Acc: 0.4929 | Time: 11.60s
2025-03-05 04:07:16,834 - INFO - P2 (Round 2) - Epoch 3/10 | Loss: 1.3325 | Acc: 0.4929 | Val Loss: 1.3331 | Val Acc: 0.4929 | Time: 10.58s
2025-03-05 04:07:27,601 - INFO - P2 (Round 2) - Epoch 4/10 | Loss: 1.3324 | Acc: 0.4929 | Val Loss: 1.3321 | Val Acc: 0.4929 | Time: 10.77s
2025-03-05 04:07:38,205 - INFO - P2 (Round 2) - Epoch 5/10 | Loss: 1.3322 | Acc: 0.4929 | Val Loss: 1.3317 | Val Acc: 0.4929 | Time: 10.60s
2025-03-05 04:07:48,878 - INFO - P2 (Round 2) - Epoch 6/10 | Loss: 1.3322 | Acc: 0.4929 | Val Loss: 1.3322 | Val Acc: 0.4929 | Time: 10.67s
2025-03-05 04:08:00,083 - INFO - P2 (Round 2) - Epoch 7/10 | Loss: 1.3321 | Acc: 0.4929 | Val Loss: 1.3318 | Val Acc: 0.4929 | Time: 11.20s
2025-03-05 04:08:12,235 - INFO - P2 (Round 2) - Epoch 8/10 | Loss: 1.3320 | Acc: 0.4929 | Val Loss: 1.3322 | Val Acc: 0.4929 | Time: 12.15s
2025-03-05 04:08:23,065 - INFO - P2 (Round 2) - Epoch 9/10 | Loss: 1.3319 | Acc: 0.4929 | Val Loss: 1.3319 | Val Acc: 0.4929 | Time: 10.83s
2025-03-05 04:08:34,963 - INFO - P2 (Round 2) - Epoch 10/10 | Loss: 1.3319 | Acc: 0.4929 | Val Loss: 1.3319 | Val Acc: 0.4929 | Time: 11.90s
2025-03-05 04:08:37,549 - INFO - Round 2 completed in 222.94s
2025-03-05 04:08:37,549 - INFO - Global Model - P1 Test: Loss = 1.3550, Accuracy = 0.5215
2025-03-05 04:08:37,549 - INFO - Global Model - P2 Test: Loss = 1.8707, Accuracy = 0.4929
2025-03-05 04:08:48,585 - INFO - P1 (Round 3) - Epoch 1/10 | Loss: 0.5808 | Acc: 0.7677 | Val Loss: 0.5676 | Val Acc: 0.7730 | Time: 11.03s
2025-03-05 04:08:59,285 - INFO - P1 (Round 3) - Epoch 2/10 | Loss: 0.5632 | Acc: 0.7714 | Val Loss: 0.5641 | Val Acc: 0.7704 | Time: 10.70s
2025-03-05 04:09:10,001 - INFO - P1 (Round 3) - Epoch 3/10 | Loss: 0.5597 | Acc: 0.7724 | Val Loss: 0.5600 | Val Acc: 0.7737 | Time: 10.72s
2025-03-05 04:09:21,709 - INFO - P1 (Round 3) - Epoch 4/10 | Loss: 0.5573 | Acc: 0.7726 | Val Loss: 0.5584 | Val Acc: 0.7734 | Time: 11.71s
2025-03-05 04:09:32,688 - INFO - P1 (Round 3) - Epoch 5/10 | Loss: 0.5553 | Acc: 0.7726 | Val Loss: 0.5553 | Val Acc: 0.7730 | Time: 10.98s
2025-03-05 04:09:43,446 - INFO - P1 (Round 3) - Epoch 6/10 | Loss: 0.5537 | Acc: 0.7728 | Val Loss: 0.5544 | Val Acc: 0.7739 | Time: 10.76s
2025-03-05 04:09:53,985 - INFO - P1 (Round 3) - Epoch 7/10 | Loss: 0.5518 | Acc: 0.7731 | Val Loss: 0.5523 | Val Acc: 0.7718 | Time: 10.54s
2025-03-05 04:10:04,923 - INFO - P1 (Round 3) - Epoch 8/10 | Loss: 0.5505 | Acc: 0.7735 | Val Loss: 0.5504 | Val Acc: 0.7731 | Time: 10.94s
2025-03-05 04:10:15,686 - INFO - P1 (Round 3) - Epoch 9/10 | Loss: 0.5490 | Acc: 0.7740 | Val Loss: 0.5483 | Val Acc: 0.7773 | Time: 10.76s
2025-03-05 04:10:26,439 - INFO - P1 (Round 3) - Epoch 10/10 | Loss: 0.5477 | Acc: 0.7746 | Val Loss: 0.5476 | Val Acc: 0.7792 | Time: 10.75s
2025-03-05 04:10:36,929 - INFO - P2 (Round 3) - Epoch 1/10 | Loss: 1.3342 | Acc: 0.4929 | Val Loss: 1.3322 | Val Acc: 0.4929 | Time: 10.49s
2025-03-05 04:10:47,554 - INFO - P2 (Round 3) - Epoch 2/10 | Loss: 1.3329 | Acc: 0.4929 | Val Loss: 1.3324 | Val Acc: 0.4929 | Time: 10.63s
2025-03-05 04:10:58,196 - INFO - P2 (Round 3) - Epoch 3/10 | Loss: 1.3327 | Acc: 0.4929 | Val Loss: 1.3319 | Val Acc: 0.4929 | Time: 10.64s
2025-03-05 04:11:08,915 - INFO - P2 (Round 3) - Epoch 4/10 | Loss: 1.3327 | Acc: 0.4929 | Val Loss: 1.3332 | Val Acc: 0.4929 | Time: 10.72s
2025-03-05 04:11:19,875 - INFO - P2 (Round 3) - Epoch 5/10 | Loss: 1.3326 | Acc: 0.4929 | Val Loss: 1.3324 | Val Acc: 0.4929 | Time: 10.96s
2025-03-05 04:11:30,566 - INFO - P2 (Round 3) - Epoch 6/10 | Loss: 1.3323 | Acc: 0.4929 | Val Loss: 1.3325 | Val Acc: 0.4929 | Time: 10.69s
2025-03-05 04:11:41,329 - INFO - P2 (Round 3) - Epoch 7/10 | Loss: 1.3323 | Acc: 0.4929 | Val Loss: 1.3333 | Val Acc: 0.4929 | Time: 10.76s
2025-03-05 04:11:52,034 - INFO - P2 (Round 3) - Epoch 8/10 | Loss: 1.3322 | Acc: 0.4929 | Val Loss: 1.3320 | Val Acc: 0.4929 | Time: 10.70s
2025-03-05 04:12:02,569 - INFO - P2 (Round 3) - Epoch 9/10 | Loss: 1.3321 | Acc: 0.4929 | Val Loss: 1.3322 | Val Acc: 0.4929 | Time: 10.54s
2025-03-05 04:12:13,098 - INFO - P2 (Round 3) - Epoch 10/10 | Loss: 1.3320 | Acc: 0.4929 | Val Loss: 1.3324 | Val Acc: 0.4929 | Time: 10.53s
2025-03-05 04:12:15,357 - INFO - Round 3 completed in 217.81s
2025-03-05 04:12:15,357 - INFO - Global Model - P1 Test: Loss = 1.8509, Accuracy = 0.4790
2025-03-05 04:12:15,357 - INFO - Global Model - P2 Test: Loss = 2.0457, Accuracy = 0.4929
2025-03-05 04:12:26,185 - INFO - P1 (Round 4) - Epoch 1/10 | Loss: 0.5689 | Acc: 0.7696 | Val Loss: 0.5578 | Val Acc: 0.7740 | Time: 10.83s
2025-03-05 04:12:36,995 - INFO - P1 (Round 4) - Epoch 2/10 | Loss: 0.5540 | Acc: 0.7732 | Val Loss: 0.5548 | Val Acc: 0.7738 | Time: 10.81s
2025-03-05 04:12:48,394 - INFO - P1 (Round 4) - Epoch 3/10 | Loss: 0.5511 | Acc: 0.7736 | Val Loss: 0.5514 | Val Acc: 0.7744 | Time: 11.40s
2025-03-05 04:12:59,610 - INFO - P1 (Round 4) - Epoch 4/10 | Loss: 0.5492 | Acc: 0.7739 | Val Loss: 0.5503 | Val Acc: 0.7741 | Time: 11.22s
2025-03-05 04:13:10,538 - INFO - P1 (Round 4) - Epoch 5/10 | Loss: 0.5475 | Acc: 0.7748 | Val Loss: 0.5482 | Val Acc: 0.7770 | Time: 10.93s
2025-03-05 04:13:20,885 - INFO - P1 (Round 4) - Epoch 6/10 | Loss: 0.5459 | Acc: 0.7759 | Val Loss: 0.5462 | Val Acc: 0.7735 | Time: 10.35s
2025-03-05 04:13:31,630 - INFO - P1 (Round 4) - Epoch 7/10 | Loss: 0.5446 | Acc: 0.7775 | Val Loss: 0.5453 | Val Acc: 0.7782 | Time: 10.74s
2025-03-05 04:13:42,282 - INFO - P1 (Round 4) - Epoch 8/10 | Loss: 0.5433 | Acc: 0.7782 | Val Loss: 0.5437 | Val Acc: 0.7802 | Time: 10.65s
2025-03-05 04:13:53,012 - INFO - P1 (Round 4) - Epoch 9/10 | Loss: 0.5422 | Acc: 0.7789 | Val Loss: 0.5410 | Val Acc: 0.7791 | Time: 10.73s
2025-03-05 04:14:04,883 - INFO - P1 (Round 4) - Epoch 10/10 | Loss: 0.5411 | Acc: 0.7795 | Val Loss: 0.5404 | Val Acc: 0.7800 | Time: 11.87s
2025-03-05 04:14:15,702 - INFO - P2 (Round 4) - Epoch 1/10 | Loss: 1.3360 | Acc: 0.4929 | Val Loss: 1.3344 | Val Acc: 0.4929 | Time: 10.82s
2025-03-05 04:14:26,598 - INFO - P2 (Round 4) - Epoch 2/10 | Loss: 1.3331 | Acc: 0.4929 | Val Loss: 1.3328 | Val Acc: 0.4929 | Time: 10.90s
2025-03-05 04:14:37,275 - INFO - P2 (Round 4) - Epoch 3/10 | Loss: 1.3329 | Acc: 0.4929 | Val Loss: 1.3321 | Val Acc: 0.4929 | Time: 10.68s
2025-03-05 04:14:47,876 - INFO - P2 (Round 4) - Epoch 4/10 | Loss: 1.3328 | Acc: 0.4929 | Val Loss: 1.3331 | Val Acc: 0.4929 | Time: 10.60s
2025-03-05 04:14:58,407 - INFO - P2 (Round 4) - Epoch 5/10 | Loss: 1.3326 | Acc: 0.4929 | Val Loss: 1.3318 | Val Acc: 0.4929 | Time: 10.53s
2025-03-05 04:15:09,727 - INFO - P2 (Round 4) - Epoch 6/10 | Loss: 1.3325 | Acc: 0.4929 | Val Loss: 1.3331 | Val Acc: 0.4929 | Time: 11.32s
2025-03-05 04:15:20,963 - INFO - P2 (Round 4) - Epoch 7/10 | Loss: 1.3324 | Acc: 0.4929 | Val Loss: 1.3318 | Val Acc: 0.4929 | Time: 11.24s
2025-03-05 04:15:31,922 - INFO - P2 (Round 4) - Epoch 8/10 | Loss: 1.3323 | Acc: 0.4929 | Val Loss: 1.3318 | Val Acc: 0.4929 | Time: 10.96s
2025-03-05 04:15:42,580 - INFO - P2 (Round 4) - Epoch 9/10 | Loss: 1.3322 | Acc: 0.4929 | Val Loss: 1.3324 | Val Acc: 0.4929 | Time: 10.66s
2025-03-05 04:15:53,364 - INFO - P2 (Round 4) - Epoch 10/10 | Loss: 1.3321 | Acc: 0.4929 | Val Loss: 1.3321 | Val Acc: 0.4929 | Time: 10.78s
2025-03-05 04:15:55,692 - INFO - Round 4 completed in 220.33s
2025-03-05 04:15:55,692 - INFO - Global Model - P1 Test: Loss = 2.4667, Accuracy = 0.4060
2025-03-05 04:15:55,692 - INFO - Global Model - P2 Test: Loss = 2.0890, Accuracy = 0.4929
2025-03-05 04:16:06,428 - INFO - P1 (Round 5) - Epoch 1/10 | Loss: 0.5639 | Acc: 0.7711 | Val Loss: 0.5504 | Val Acc: 0.7773 | Time: 10.73s
2025-03-05 04:16:17,524 - INFO - P1 (Round 5) - Epoch 2/10 | Loss: 0.5469 | Acc: 0.7762 | Val Loss: 0.5455 | Val Acc: 0.7759 | Time: 11.10s
2025-03-05 04:16:29,494 - INFO - P1 (Round 5) - Epoch 3/10 | Loss: 0.5441 | Acc: 0.7777 | Val Loss: 0.5442 | Val Acc: 0.7779 | Time: 11.97s
2025-03-05 04:16:40,507 - INFO - P1 (Round 5) - Epoch 4/10 | Loss: 0.5423 | Acc: 0.7789 | Val Loss: 0.5410 | Val Acc: 0.7813 | Time: 11.01s
2025-03-05 04:16:51,174 - INFO - P1 (Round 5) - Epoch 5/10 | Loss: 0.5407 | Acc: 0.7797 | Val Loss: 0.5416 | Val Acc: 0.7824 | Time: 10.67s
2025-03-05 04:17:01,855 - INFO - P1 (Round 5) - Epoch 6/10 | Loss: 0.5395 | Acc: 0.7802 | Val Loss: 0.5400 | Val Acc: 0.7819 | Time: 10.68s
2025-03-05 04:17:12,707 - INFO - P1 (Round 5) - Epoch 7/10 | Loss: 0.5382 | Acc: 0.7813 | Val Loss: 0.5375 | Val Acc: 0.7789 | Time: 10.85s
2025-03-05 04:17:23,187 - INFO - P1 (Round 5) - Epoch 8/10 | Loss: 0.5372 | Acc: 0.7820 | Val Loss: 0.5363 | Val Acc: 0.7799 | Time: 10.48s
2025-03-05 04:17:34,756 - INFO - P1 (Round 5) - Epoch 9/10 | Loss: 0.5363 | Acc: 0.7832 | Val Loss: 0.5365 | Val Acc: 0.7785 | Time: 11.57s
2025-03-05 04:17:45,708 - INFO - P1 (Round 5) - Epoch 10/10 | Loss: 0.5354 | Acc: 0.7832 | Val Loss: 0.5388 | Val Acc: 0.7852 | Time: 10.95s
2025-03-05 04:17:56,429 - INFO - P2 (Round 5) - Epoch 1/10 | Loss: 1.3365 | Acc: 0.4929 | Val Loss: 1.3354 | Val Acc: 0.4929 | Time: 10.72s
2025-03-05 04:18:06,962 - INFO - P2 (Round 5) - Epoch 2/10 | Loss: 1.3331 | Acc: 0.4929 | Val Loss: 1.3320 | Val Acc: 0.4929 | Time: 10.53s
2025-03-05 04:18:17,650 - INFO - P2 (Round 5) - Epoch 3/10 | Loss: 1.3330 | Acc: 0.4929 | Val Loss: 1.3330 | Val Acc: 0.4929 | Time: 10.69s
2025-03-05 04:18:28,491 - INFO - P2 (Round 5) - Epoch 4/10 | Loss: 1.3329 | Acc: 0.4929 | Val Loss: 1.3326 | Val Acc: 0.4929 | Time: 10.84s
2025-03-05 04:18:39,431 - INFO - P2 (Round 5) - Epoch 5/10 | Loss: 1.3328 | Acc: 0.4929 | Val Loss: 1.3319 | Val Acc: 0.4929 | Time: 10.94s
2025-03-05 04:18:51,169 - INFO - P2 (Round 5) - Epoch 6/10 | Loss: 1.3327 | Acc: 0.4929 | Val Loss: 1.3323 | Val Acc: 0.4929 | Time: 11.74s
2025-03-05 04:19:02,114 - INFO - P2 (Round 5) - Epoch 7/10 | Loss: 1.3326 | Acc: 0.4929 | Val Loss: 1.3317 | Val Acc: 0.4929 | Time: 10.95s
2025-03-05 04:19:12,583 - INFO - P2 (Round 5) - Epoch 8/10 | Loss: 1.3325 | Acc: 0.4929 | Val Loss: 1.3324 | Val Acc: 0.4929 | Time: 10.47s
2025-03-05 04:19:23,194 - INFO - P2 (Round 5) - Epoch 9/10 | Loss: 1.3324 | Acc: 0.4929 | Val Loss: 1.3320 | Val Acc: 0.4929 | Time: 10.61s
2025-03-05 04:19:33,721 - INFO - P2 (Round 5) - Epoch 10/10 | Loss: 1.3323 | Acc: 0.4929 | Val Loss: 1.3340 | Val Acc: 0.4929 | Time: 10.53s
2025-03-05 04:19:35,926 - INFO - Round 5 completed in 220.23s
2025-03-05 04:19:35,926 - INFO - Global Model - P1 Test: Loss = 2.7119, Accuracy = 0.4030
2025-03-05 04:19:35,926 - INFO - Global Model - P2 Test: Loss = 2.1963, Accuracy = 0.4929
2025-03-05 04:19:46,721 - INFO - P1 (Round 6) - Epoch 1/10 | Loss: 0.5577 | Acc: 0.7742 | Val Loss: 0.5433 | Val Acc: 0.7813 | Time: 10.79s
2025-03-05 04:19:58,240 - INFO - P1 (Round 6) - Epoch 2/10 | Loss: 0.5405 | Acc: 0.7796 | Val Loss: 0.5413 | Val Acc: 0.7819 | Time: 11.52s
2025-03-05 04:20:09,323 - INFO - P1 (Round 6) - Epoch 3/10 | Loss: 0.5386 | Acc: 0.7811 | Val Loss: 0.5374 | Val Acc: 0.7801 | Time: 11.08s
2025-03-05 04:20:20,240 - INFO - P1 (Round 6) - Epoch 4/10 | Loss: 0.5372 | Acc: 0.7821 | Val Loss: 0.5369 | Val Acc: 0.7834 | Time: 10.92s
2025-03-05 04:20:31,020 - INFO - P1 (Round 6) - Epoch 5/10 | Loss: 0.5357 | Acc: 0.7830 | Val Loss: 0.5338 | Val Acc: 0.7809 | Time: 10.78s
2025-03-05 04:20:41,603 - INFO - P1 (Round 6) - Epoch 6/10 | Loss: 0.5345 | Acc: 0.7838 | Val Loss: 0.5344 | Val Acc: 0.7837 | Time: 10.58s
2025-03-05 04:20:52,135 - INFO - P1 (Round 6) - Epoch 7/10 | Loss: 0.5335 | Acc: 0.7838 | Val Loss: 0.5325 | Val Acc: 0.7862 | Time: 10.53s
2025-03-05 04:21:03,307 - INFO - P1 (Round 6) - Epoch 8/10 | Loss: 0.5325 | Acc: 0.7845 | Val Loss: 0.5321 | Val Acc: 0.7883 | Time: 11.17s
2025-03-05 04:21:14,940 - INFO - P1 (Round 6) - Epoch 9/10 | Loss: 0.5318 | Acc: 0.7848 | Val Loss: 0.5311 | Val Acc: 0.7851 | Time: 11.63s
2025-03-05 04:21:25,638 - INFO - P1 (Round 6) - Epoch 10/10 | Loss: 0.5312 | Acc: 0.7852 | Val Loss: 0.5332 | Val Acc: 0.7820 | Time: 10.70s
2025-03-05 04:21:36,527 - INFO - P2 (Round 6) - Epoch 1/10 | Loss: 1.3373 | Acc: 0.4929 | Val Loss: 1.3321 | Val Acc: 0.4929 | Time: 10.89s
2025-03-05 04:21:47,222 - INFO - P2 (Round 6) - Epoch 2/10 | Loss: 1.3334 | Acc: 0.4929 | Val Loss: 1.3332 | Val Acc: 0.4929 | Time: 10.69s
2025-03-05 04:21:57,662 - INFO - P2 (Round 6) - Epoch 3/10 | Loss: 1.3333 | Acc: 0.4929 | Val Loss: 1.3340 | Val Acc: 0.4929 | Time: 10.44s
2025-03-05 04:22:08,426 - INFO - P2 (Round 6) - Epoch 4/10 | Loss: 1.3332 | Acc: 0.4929 | Val Loss: 1.3326 | Val Acc: 0.4929 | Time: 10.76s
2025-03-05 04:22:20,292 - INFO - P2 (Round 6) - Epoch 5/10 | Loss: 1.3331 | Acc: 0.4929 | Val Loss: 1.3335 | Val Acc: 0.4929 | Time: 11.87s
2025-03-05 04:22:31,327 - INFO - P2 (Round 6) - Epoch 6/10 | Loss: 1.3329 | Acc: 0.4929 | Val Loss: 1.3323 | Val Acc: 0.4929 | Time: 11.04s
2025-03-05 04:22:42,280 - INFO - P2 (Round 6) - Epoch 7/10 | Loss: 1.3328 | Acc: 0.4929 | Val Loss: 1.3316 | Val Acc: 0.4929 | Time: 10.95s
2025-03-05 04:22:53,046 - INFO - P2 (Round 6) - Epoch 8/10 | Loss: 1.3328 | Acc: 0.4929 | Val Loss: 1.3334 | Val Acc: 0.4929 | Time: 10.77s
2025-03-05 04:23:03,897 - INFO - P2 (Round 6) - Epoch 9/10 | Loss: 1.3326 | Acc: 0.4929 | Val Loss: 1.3322 | Val Acc: 0.4929 | Time: 10.85s
2025-03-05 04:23:14,501 - INFO - P2 (Round 6) - Epoch 10/10 | Loss: 1.3324 | Acc: 0.4929 | Val Loss: 1.3324 | Val Acc: 0.4929 | Time: 10.60s
2025-03-05 04:23:16,773 - INFO - Round 6 completed in 220.85s
2025-03-05 04:23:16,773 - INFO - Global Model - P1 Test: Loss = 2.7835, Accuracy = 0.4021
2025-03-05 04:23:16,773 - INFO - Global Model - P2 Test: Loss = 2.1535, Accuracy = 0.4929
2025-03-05 04:23:28,182 - INFO - P1 (Round 7) - Epoch 1/10 | Loss: 0.5562 | Acc: 0.7763 | Val Loss: 0.5382 | Val Acc: 0.7826 | Time: 11.41s
2025-03-05 04:23:39,613 - INFO - P1 (Round 7) - Epoch 2/10 | Loss: 0.5360 | Acc: 0.7836 | Val Loss: 0.5386 | Val Acc: 0.7805 | Time: 11.43s
2025-03-05 04:23:50,464 - INFO - P1 (Round 7) - Epoch 3/10 | Loss: 0.5340 | Acc: 0.7845 | Val Loss: 0.5350 | Val Acc: 0.7847 | Time: 10.85s
2025-03-05 04:24:01,125 - INFO - P1 (Round 7) - Epoch 4/10 | Loss: 0.5330 | Acc: 0.7851 | Val Loss: 0.5323 | Val Acc: 0.7885 | Time: 10.66s
2025-03-05 04:24:12,196 - INFO - P1 (Round 7) - Epoch 5/10 | Loss: 0.5323 | Acc: 0.7853 | Val Loss: 0.5340 | Val Acc: 0.7860 | Time: 11.07s
2025-03-05 04:24:22,750 - INFO - P1 (Round 7) - Epoch 6/10 | Loss: 0.5315 | Acc: 0.7856 | Val Loss: 0.5303 | Val Acc: 0.7875 | Time: 10.55s
2025-03-05 04:24:33,632 - INFO - P1 (Round 7) - Epoch 7/10 | Loss: 0.5312 | Acc: 0.7860 | Val Loss: 0.5301 | Val Acc: 0.7861 | Time: 10.88s
2025-03-05 04:24:45,384 - INFO - P1 (Round 7) - Epoch 8/10 | Loss: 0.5307 | Acc: 0.7861 | Val Loss: 0.5288 | Val Acc: 0.7898 | Time: 11.75s
2025-03-05 04:24:56,234 - INFO - P1 (Round 7) - Epoch 9/10 | Loss: 0.5302 | Acc: 0.7861 | Val Loss: 0.5319 | Val Acc: 0.7877 | Time: 10.85s
2025-03-05 04:25:06,809 - INFO - P1 (Round 7) - Epoch 10/10 | Loss: 0.5298 | Acc: 0.7866 | Val Loss: 0.5326 | Val Acc: 0.7871 | Time: 10.57s
2025-03-05 04:25:17,384 - INFO - P2 (Round 7) - Epoch 1/10 | Loss: 1.3370 | Acc: 0.4929 | Val Loss: 1.3321 | Val Acc: 0.4929 | Time: 10.58s
2025-03-05 04:25:28,178 - INFO - P2 (Round 7) - Epoch 2/10 | Loss: 1.3331 | Acc: 0.4929 | Val Loss: 1.3323 | Val Acc: 0.4929 | Time: 10.79s
2025-03-05 04:25:38,810 - INFO - P2 (Round 7) - Epoch 3/10 | Loss: 1.3331 | Acc: 0.4929 | Val Loss: 1.3319 | Val Acc: 0.4929 | Time: 10.63s
2025-03-05 04:25:49,734 - INFO - P2 (Round 7) - Epoch 4/10 | Loss: 1.3330 | Acc: 0.4929 | Val Loss: 1.3327 | Val Acc: 0.4929 | Time: 10.92s
2025-03-05 04:26:01,355 - INFO - P2 (Round 7) - Epoch 5/10 | Loss: 1.3329 | Acc: 0.4929 | Val Loss: 1.3320 | Val Acc: 0.4929 | Time: 11.62s
2025-03-05 04:26:11,834 - INFO - P2 (Round 7) - Epoch 6/10 | Loss: 1.3327 | Acc: 0.4929 | Val Loss: 1.3322 | Val Acc: 0.4929 | Time: 10.48s
2025-03-05 04:26:22,516 - INFO - P2 (Round 7) - Epoch 7/10 | Loss: 1.3326 | Acc: 0.4929 | Val Loss: 1.3318 | Val Acc: 0.4929 | Time: 10.68s
2025-03-05 04:26:33,195 - INFO - P2 (Round 7) - Epoch 8/10 | Loss: 1.3325 | Acc: 0.4929 | Val Loss: 1.3319 | Val Acc: 0.4929 | Time: 10.68s
2025-03-05 04:26:43,723 - INFO - P2 (Round 7) - Epoch 9/10 | Loss: 1.3325 | Acc: 0.4929 | Val Loss: 1.3319 | Val Acc: 0.4929 | Time: 10.53s
2025-03-05 04:26:54,336 - INFO - P2 (Round 7) - Epoch 10/10 | Loss: 1.3324 | Acc: 0.4929 | Val Loss: 1.3316 | Val Acc: 0.4929 | Time: 10.61s
2025-03-05 04:26:56,673 - INFO - Round 7 completed in 219.90s
2025-03-05 04:26:56,673 - INFO - Global Model - P1 Test: Loss = 2.6402, Accuracy = 0.4361
2025-03-05 04:26:56,673 - INFO - Global Model - P2 Test: Loss = 2.2203, Accuracy = 0.4929
2025-03-05 04:27:08,307 - INFO - P1 (Round 8) - Epoch 1/10 | Loss: 0.5501 | Acc: 0.7790 | Val Loss: 0.5351 | Val Acc: 0.7832 | Time: 11.63s
2025-03-05 04:27:19,150 - INFO - P1 (Round 8) - Epoch 2/10 | Loss: 0.5331 | Acc: 0.7852 | Val Loss: 0.5318 | Val Acc: 0.7859 | Time: 10.84s
2025-03-05 04:27:30,137 - INFO - P1 (Round 8) - Epoch 3/10 | Loss: 0.5322 | Acc: 0.7857 | Val Loss: 0.5309 | Val Acc: 0.7855 | Time: 10.99s
2025-03-05 04:27:40,849 - INFO - P1 (Round 8) - Epoch 4/10 | Loss: 0.5316 | Acc: 0.7860 | Val Loss: 0.5314 | Val Acc: 0.7856 | Time: 10.71s
2025-03-05 04:27:51,441 - INFO - P1 (Round 8) - Epoch 5/10 | Loss: 0.5310 | Acc: 0.7861 | Val Loss: 0.5308 | Val Acc: 0.7874 | Time: 10.59s
2025-03-05 04:28:02,251 - INFO - P1 (Round 8) - Epoch 6/10 | Loss: 0.5306 | Acc: 0.7865 | Val Loss: 0.5306 | Val Acc: 0.7871 | Time: 10.81s
2025-03-05 04:28:13,355 - INFO - P1 (Round 8) - Epoch 7/10 | Loss: 0.5301 | Acc: 0.7868 | Val Loss: 0.5286 | Val Acc: 0.7880 | Time: 11.10s
2025-03-05 04:28:24,717 - INFO - P1 (Round 8) - Epoch 8/10 | Loss: 0.5298 | Acc: 0.7871 | Val Loss: 0.5320 | Val Acc: 0.7859 | Time: 11.36s
2025-03-05 04:28:35,574 - INFO - P1 (Round 8) - Epoch 9/10 | Loss: 0.5294 | Acc: 0.7873 | Val Loss: 0.5306 | Val Acc: 0.7870 | Time: 10.86s
2025-03-05 04:28:45,982 - INFO - P1 (Round 8) - Epoch 10/10 | Loss: 0.5290 | Acc: 0.7875 | Val Loss: 0.5292 | Val Acc: 0.7895 | Time: 10.41s
2025-03-05 04:28:56,449 - INFO - P2 (Round 8) - Epoch 1/10 | Loss: 1.3377 | Acc: 0.4929 | Val Loss: 1.3324 | Val Acc: 0.4929 | Time: 10.47s
2025-03-05 04:29:07,127 - INFO - P2 (Round 8) - Epoch 2/10 | Loss: 1.3333 | Acc: 0.4929 | Val Loss: 1.3338 | Val Acc: 0.4929 | Time: 10.68s
2025-03-05 04:29:17,733 - INFO - P2 (Round 8) - Epoch 3/10 | Loss: 1.3332 | Acc: 0.4929 | Val Loss: 1.3319 | Val Acc: 0.4929 | Time: 10.61s
2025-03-05 04:29:29,391 - INFO - P2 (Round 8) - Epoch 4/10 | Loss: 1.3329 | Acc: 0.4929 | Val Loss: 1.3325 | Val Acc: 0.4929 | Time: 11.66s
2025-03-05 04:29:40,100 - INFO - P2 (Round 8) - Epoch 5/10 | Loss: 1.3329 | Acc: 0.4929 | Val Loss: 1.3321 | Val Acc: 0.4929 | Time: 10.71s
2025-03-05 04:29:50,956 - INFO - P2 (Round 8) - Epoch 6/10 | Loss: 1.3328 | Acc: 0.4929 | Val Loss: 1.3343 | Val Acc: 0.4929 | Time: 10.86s
2025-03-05 04:30:01,671 - INFO - P2 (Round 8) - Epoch 7/10 | Loss: 1.3327 | Acc: 0.4929 | Val Loss: 1.3337 | Val Acc: 0.4929 | Time: 10.72s
2025-03-05 04:30:12,435 - INFO - P2 (Round 8) - Epoch 8/10 | Loss: 1.3326 | Acc: 0.4929 | Val Loss: 1.3320 | Val Acc: 0.4929 | Time: 10.76s
2025-03-05 04:30:23,586 - INFO - P2 (Round 8) - Epoch 9/10 | Loss: 1.3326 | Acc: 0.4929 | Val Loss: 1.3320 | Val Acc: 0.4929 | Time: 11.15s
2025-03-05 04:30:35,882 - INFO - P2 (Round 8) - Epoch 10/10 | Loss: 1.3325 | Acc: 0.4929 | Val Loss: 1.3334 | Val Acc: 0.4929 | Time: 12.29s
2025-03-05 04:30:38,409 - INFO - Round 8 completed in 221.74s
2025-03-05 04:30:38,409 - INFO - Global Model - P1 Test: Loss = 2.6213, Accuracy = 0.4352
2025-03-05 04:30:38,410 - INFO - Global Model - P2 Test: Loss = 2.2932, Accuracy = 0.4929
2025-03-05 04:30:49,814 - INFO - P1 (Round 9) - Epoch 1/10 | Loss: 0.5476 | Acc: 0.7802 | Val Loss: 0.5316 | Val Acc: 0.7842 | Time: 11.40s
2025-03-05 04:31:00,418 - INFO - P1 (Round 9) - Epoch 2/10 | Loss: 0.5304 | Acc: 0.7867 | Val Loss: 0.5289 | Val Acc: 0.7865 | Time: 10.60s
2025-03-05 04:31:11,019 - INFO - P1 (Round 9) - Epoch 3/10 | Loss: 0.5292 | Acc: 0.7874 | Val Loss: 0.5298 | Val Acc: 0.7887 | Time: 10.60s
2025-03-05 04:31:21,494 - INFO - P1 (Round 9) - Epoch 4/10 | Loss: 0.5283 | Acc: 0.7876 | Val Loss: 0.5287 | Val Acc: 0.7860 | Time: 10.48s
2025-03-05 04:31:32,122 - INFO - P1 (Round 9) - Epoch 5/10 | Loss: 0.5278 | Acc: 0.7879 | Val Loss: 0.5260 | Val Acc: 0.7884 | Time: 10.63s
2025-03-05 04:31:43,066 - INFO - P1 (Round 9) - Epoch 6/10 | Loss: 0.5271 | Acc: 0.7880 | Val Loss: 0.5279 | Val Acc: 0.7872 | Time: 10.94s
2025-03-05 04:31:54,924 - INFO - P1 (Round 9) - Epoch 7/10 | Loss: 0.5267 | Acc: 0.7887 | Val Loss: 0.5263 | Val Acc: 0.7875 | Time: 11.86s
2025-03-05 04:32:05,585 - INFO - P1 (Round 9) - Epoch 8/10 | Loss: 0.5263 | Acc: 0.7888 | Val Loss: 0.5256 | Val Acc: 0.7898 | Time: 10.66s
2025-03-05 04:32:16,323 - INFO - P1 (Round 9) - Epoch 9/10 | Loss: 0.5258 | Acc: 0.7890 | Val Loss: 0.5278 | Val Acc: 0.7870 | Time: 10.74s
2025-03-05 04:32:26,989 - INFO - P1 (Round 9) - Epoch 10/10 | Loss: 0.5255 | Acc: 0.7891 | Val Loss: 0.5276 | Val Acc: 0.7887 | Time: 10.67s
2025-03-05 04:32:37,704 - INFO - P2 (Round 9) - Epoch 1/10 | Loss: 1.3382 | Acc: 0.4929 | Val Loss: 1.3324 | Val Acc: 0.4929 | Time: 10.71s
2025-03-05 04:32:48,385 - INFO - P2 (Round 9) - Epoch 2/10 | Loss: 1.3333 | Acc: 0.4929 | Val Loss: 1.3320 | Val Acc: 0.4929 | Time: 10.68s
2025-03-05 04:32:59,913 - INFO - P2 (Round 9) - Epoch 3/10 | Loss: 1.3332 | Acc: 0.4929 | Val Loss: 1.3345 | Val Acc: 0.4929 | Time: 11.53s
2025-03-05 04:33:11,157 - INFO - P2 (Round 9) - Epoch 4/10 | Loss: 1.3330 | Acc: 0.4929 | Val Loss: 1.3383 | Val Acc: 0.4929 | Time: 11.24s
2025-03-05 04:33:21,732 - INFO - P2 (Round 9) - Epoch 5/10 | Loss: 1.3330 | Acc: 0.4929 | Val Loss: 1.3318 | Val Acc: 0.4929 | Time: 10.57s
2025-03-05 04:33:32,424 - INFO - P2 (Round 9) - Epoch 6/10 | Loss: 1.3329 | Acc: 0.4929 | Val Loss: 1.3320 | Val Acc: 0.4929 | Time: 10.69s
2025-03-05 04:33:42,937 - INFO - P2 (Round 9) - Epoch 7/10 | Loss: 1.3328 | Acc: 0.4929 | Val Loss: 1.3329 | Val Acc: 0.4929 | Time: 10.51s
2025-03-05 04:33:53,562 - INFO - P2 (Round 9) - Epoch 8/10 | Loss: 1.3327 | Acc: 0.4929 | Val Loss: 1.3319 | Val Acc: 0.4929 | Time: 10.62s
2025-03-05 04:34:04,391 - INFO - P2 (Round 9) - Epoch 9/10 | Loss: 1.3327 | Acc: 0.4929 | Val Loss: 1.3336 | Val Acc: 0.4929 | Time: 10.83s
2025-03-05 04:34:16,334 - INFO - P2 (Round 9) - Epoch 10/10 | Loss: 1.3325 | Acc: 0.4929 | Val Loss: 1.3316 | Val Acc: 0.4929 | Time: 11.94s
2025-03-05 04:34:18,649 - INFO - Round 9 completed in 220.24s
2025-03-05 04:34:18,650 - INFO - Global Model - P1 Test: Loss = 2.6606, Accuracy = 0.4449
2025-03-05 04:34:18,650 - INFO - Global Model - P2 Test: Loss = 2.2843, Accuracy = 0.4929
2025-03-05 04:34:29,489 - INFO - P1 (Round 10) - Epoch 1/10 | Loss: 0.5446 | Acc: 0.7824 | Val Loss: 0.5295 | Val Acc: 0.7865 | Time: 10.84s
2025-03-05 04:34:40,096 - INFO - P1 (Round 10) - Epoch 2/10 | Loss: 0.5283 | Acc: 0.7878 | Val Loss: 0.5288 | Val Acc: 0.7886 | Time: 10.61s
2025-03-05 04:34:50,921 - INFO - P1 (Round 10) - Epoch 3/10 | Loss: 0.5271 | Acc: 0.7884 | Val Loss: 0.5256 | Val Acc: 0.7886 | Time: 10.82s
2025-03-05 04:35:01,709 - INFO - P1 (Round 10) - Epoch 4/10 | Loss: 0.5266 | Acc: 0.7888 | Val Loss: 0.5262 | Val Acc: 0.7903 | Time: 10.79s
2025-03-05 04:35:12,450 - INFO - P1 (Round 10) - Epoch 5/10 | Loss: 0.5262 | Acc: 0.7889 | Val Loss: 0.5251 | Val Acc: 0.7876 | Time: 10.74s
2025-03-05 04:35:24,138 - INFO - P1 (Round 10) - Epoch 6/10 | Loss: 0.5256 | Acc: 0.7893 | Val Loss: 0.5291 | Val Acc: 0.7853 | Time: 11.69s
2025-03-05 04:35:35,178 - INFO - P1 (Round 10) - Epoch 7/10 | Loss: 0.5253 | Acc: 0.7893 | Val Loss: 0.5262 | Val Acc: 0.7922 | Time: 11.04s
2025-03-05 04:35:46,179 - INFO - P1 (Round 10) - Epoch 8/10 | Loss: 0.5249 | Acc: 0.7893 | Val Loss: 0.5235 | Val Acc: 0.7896 | Time: 11.00s
2025-03-05 04:35:56,967 - INFO - P1 (Round 10) - Epoch 9/10 | Loss: 0.5246 | Acc: 0.7896 | Val Loss: 0.5246 | Val Acc: 0.7906 | Time: 10.79s
2025-03-05 04:36:07,672 - INFO - P1 (Round 10) - Epoch 10/10 | Loss: 0.5243 | Acc: 0.7895 | Val Loss: 0.5259 | Val Acc: 0.7874 | Time: 10.70s
2025-03-05 04:36:18,562 - INFO - P2 (Round 10) - Epoch 1/10 | Loss: 1.3379 | Acc: 0.4929 | Val Loss: 1.3329 | Val Acc: 0.4929 | Time: 10.89s
2025-03-05 04:36:29,628 - INFO - P2 (Round 10) - Epoch 2/10 | Loss: 1.3332 | Acc: 0.4929 | Val Loss: 1.3321 | Val Acc: 0.4929 | Time: 11.07s
2025-03-05 04:36:41,350 - INFO - P2 (Round 10) - Epoch 3/10 | Loss: 1.3332 | Acc: 0.4929 | Val Loss: 1.3318 | Val Acc: 0.4929 | Time: 11.72s
2025-03-05 04:36:52,228 - INFO - P2 (Round 10) - Epoch 4/10 | Loss: 1.3331 | Acc: 0.4929 | Val Loss: 1.3319 | Val Acc: 0.4929 | Time: 10.88s
2025-03-05 04:37:03,091 - INFO - P2 (Round 10) - Epoch 5/10 | Loss: 1.3329 | Acc: 0.4929 | Val Loss: 1.3342 | Val Acc: 0.4929 | Time: 10.86s
2025-03-05 04:37:13,987 - INFO - P2 (Round 10) - Epoch 6/10 | Loss: 1.3328 | Acc: 0.4929 | Val Loss: 1.3357 | Val Acc: 0.4929 | Time: 10.90s
2025-03-05 04:37:24,822 - INFO - P2 (Round 10) - Epoch 7/10 | Loss: 1.3327 | Acc: 0.4929 | Val Loss: 1.3320 | Val Acc: 0.4929 | Time: 10.84s
2025-03-05 04:37:35,555 - INFO - P2 (Round 10) - Epoch 8/10 | Loss: 1.3327 | Acc: 0.4929 | Val Loss: 1.3329 | Val Acc: 0.4929 | Time: 10.73s
2025-03-05 04:37:47,214 - INFO - P2 (Round 10) - Epoch 9/10 | Loss: 1.3327 | Acc: 0.4929 | Val Loss: 1.3336 | Val Acc: 0.4929 | Time: 11.66s
2025-03-05 04:37:58,208 - INFO - P2 (Round 10) - Epoch 10/10 | Loss: 1.3325 | Acc: 0.4929 | Val Loss: 1.3325 | Val Acc: 0.4929 | Time: 10.99s
2025-03-05 04:38:00,491 - INFO - Round 10 completed in 221.84s
2025-03-05 04:38:00,491 - INFO - Global Model - P1 Test: Loss = 2.5224, Accuracy = 0.4643
2025-03-05 04:38:00,491 - INFO - Global Model - P2 Test: Loss = 2.3433, Accuracy = 0.4929
2025-03-05 04:38:02,759 - INFO - Final Results after 10 rounds:
2025-03-05 04:38:02,759 - INFO - Global Model - P1 Test: Loss = 2.5224, Accuracy = 0.4643
2025-03-05 04:38:02,759 - INFO - Global Model - P2 Test: Loss = 2.3433, Accuracy = 0.4929
2025-03-05 04:38:02,764 - INFO - Experiment 168 results saved to results/suppression_experiments/exp_168_p1f3_p2f1.json
