2025-03-04 18:52:45,526 - INFO - Starting Suppression Experiment 24
2025-03-04 18:52:45,526 - INFO - P1 Features (13/14): ['protocol', 'bidirectional_min_ps', 'bidirectional_mean_ps', 'bidirectional_stddev_ps', 'bidirectional_max_ps', 'src2dst_stddev_ps', 'src2dst_max_ps', 'dst2src_min_ps', 'dst2src_mean_ps', 'dst2src_stddev_ps', 'dst2src_max_ps', 'bidirectional_stddev_piat_ms', 'bidirectional_max_piat_ms']
2025-03-04 18:52:45,526 - INFO - P2 Features (5/14): ['protocol', 'bidirectional_min_ps', 'bidirectional_mean_ps', 'bidirectional_stddev_ps', 'bidirectional_max_ps']
2025-03-04 18:52:58,337 - INFO - P1 (Round 1) - Epoch 1/10 | Loss: 0.3638 | Acc: 0.8680 | Val Loss: 0.2211 | Val Acc: 0.9132 | Time: 12.66s
2025-03-04 18:53:10,270 - INFO - P1 (Round 1) - Epoch 2/10 | Loss: 0.2019 | Acc: 0.9258 | Val Loss: 0.1829 | Val Acc: 0.9360 | Time: 11.93s
2025-03-04 18:53:22,790 - INFO - P1 (Round 1) - Epoch 3/10 | Loss: 0.1698 | Acc: 0.9423 | Val Loss: 0.1516 | Val Acc: 0.9510 | Time: 12.52s
2025-03-04 18:53:34,890 - INFO - P1 (Round 1) - Epoch 4/10 | Loss: 0.1409 | Acc: 0.9561 | Val Loss: 0.1289 | Val Acc: 0.9584 | Time: 12.10s
2025-03-04 18:53:46,845 - INFO - P1 (Round 1) - Epoch 5/10 | Loss: 0.1249 | Acc: 0.9620 | Val Loss: 0.1179 | Val Acc: 0.9652 | Time: 11.96s
2025-03-04 18:54:00,118 - INFO - P1 (Round 1) - Epoch 6/10 | Loss: 0.1155 | Acc: 0.9654 | Val Loss: 0.1103 | Val Acc: 0.9665 | Time: 13.27s
2025-03-04 18:54:12,166 - INFO - P1 (Round 1) - Epoch 7/10 | Loss: 0.1091 | Acc: 0.9673 | Val Loss: 0.1081 | Val Acc: 0.9670 | Time: 12.05s
2025-03-04 18:54:24,483 - INFO - P1 (Round 1) - Epoch 8/10 | Loss: 0.1045 | Acc: 0.9685 | Val Loss: 0.1031 | Val Acc: 0.9682 | Time: 12.32s
2025-03-04 18:54:36,533 - INFO - P1 (Round 1) - Epoch 9/10 | Loss: 0.1008 | Acc: 0.9695 | Val Loss: 0.0989 | Val Acc: 0.9689 | Time: 12.05s
2025-03-04 18:54:48,322 - INFO - P1 (Round 1) - Epoch 10/10 | Loss: 0.0981 | Acc: 0.9702 | Val Loss: 0.0952 | Val Acc: 0.9704 | Time: 11.79s
2025-03-04 18:55:00,569 - INFO - P2 (Round 1) - Epoch 1/10 | Loss: 0.6067 | Acc: 0.7700 | Val Loss: 0.4317 | Val Acc: 0.8318 | Time: 12.25s
2025-03-04 18:55:13,684 - INFO - P2 (Round 1) - Epoch 2/10 | Loss: 0.3436 | Acc: 0.8701 | Val Loss: 0.2819 | Val Acc: 0.8958 | Time: 13.11s
2025-03-04 18:55:25,456 - INFO - P2 (Round 1) - Epoch 3/10 | Loss: 0.2578 | Acc: 0.9080 | Val Loss: 0.2409 | Val Acc: 0.9129 | Time: 11.77s
2025-03-04 18:55:37,559 - INFO - P2 (Round 1) - Epoch 4/10 | Loss: 0.2299 | Acc: 0.9176 | Val Loss: 0.2217 | Val Acc: 0.9224 | Time: 12.10s
2025-03-04 18:55:49,634 - INFO - P2 (Round 1) - Epoch 5/10 | Loss: 0.2165 | Acc: 0.9235 | Val Loss: 0.2140 | Val Acc: 0.9229 | Time: 12.07s
2025-03-04 18:56:01,775 - INFO - P2 (Round 1) - Epoch 6/10 | Loss: 0.2087 | Acc: 0.9269 | Val Loss: 0.2063 | Val Acc: 0.9283 | Time: 12.14s
2025-03-04 18:56:13,819 - INFO - P2 (Round 1) - Epoch 7/10 | Loss: 0.2032 | Acc: 0.9287 | Val Loss: 0.2013 | Val Acc: 0.9285 | Time: 12.04s
2025-03-04 18:56:26,893 - INFO - P2 (Round 1) - Epoch 8/10 | Loss: 0.1990 | Acc: 0.9301 | Val Loss: 0.1980 | Val Acc: 0.9307 | Time: 13.07s
2025-03-04 18:56:38,762 - INFO - P2 (Round 1) - Epoch 9/10 | Loss: 0.1956 | Acc: 0.9317 | Val Loss: 0.1969 | Val Acc: 0.9302 | Time: 11.87s
2025-03-04 18:56:50,664 - INFO - P2 (Round 1) - Epoch 10/10 | Loss: 0.1924 | Acc: 0.9334 | Val Loss: 0.1923 | Val Acc: 0.9347 | Time: 11.90s
2025-03-04 18:56:53,171 - INFO - Round 1 completed in 247.49s
2025-03-04 18:56:53,172 - INFO - Global Model - P1 Test: Loss = 7.0585, Accuracy = 0.3876
2025-03-04 18:56:53,172 - INFO - Global Model - P2 Test: Loss = 7.7364, Accuracy = 0.3561
2025-03-04 18:57:05,118 - INFO - P1 (Round 2) - Epoch 1/10 | Loss: 0.2532 | Acc: 0.9203 | Val Loss: 0.1474 | Val Acc: 0.9484 | Time: 11.95s
2025-03-04 18:57:17,111 - INFO - P1 (Round 2) - Epoch 2/10 | Loss: 0.1293 | Acc: 0.9573 | Val Loss: 0.1133 | Val Acc: 0.9638 | Time: 11.99s
2025-03-04 18:57:29,991 - INFO - P1 (Round 2) - Epoch 3/10 | Loss: 0.1073 | Acc: 0.9657 | Val Loss: 0.1002 | Val Acc: 0.9672 | Time: 12.88s
2025-03-04 18:57:42,462 - INFO - P1 (Round 2) - Epoch 4/10 | Loss: 0.0983 | Acc: 0.9689 | Val Loss: 0.0956 | Val Acc: 0.9707 | Time: 12.47s
2025-03-04 18:57:54,441 - INFO - P1 (Round 2) - Epoch 5/10 | Loss: 0.0922 | Acc: 0.9711 | Val Loss: 0.0887 | Val Acc: 0.9733 | Time: 11.98s
2025-03-04 18:58:06,505 - INFO - P1 (Round 2) - Epoch 6/10 | Loss: 0.0877 | Acc: 0.9728 | Val Loss: 0.0850 | Val Acc: 0.9742 | Time: 12.06s
2025-03-04 18:58:18,420 - INFO - P1 (Round 2) - Epoch 7/10 | Loss: 0.0845 | Acc: 0.9739 | Val Loss: 0.0824 | Val Acc: 0.9731 | Time: 11.92s
2025-03-04 18:58:30,415 - INFO - P1 (Round 2) - Epoch 8/10 | Loss: 0.0819 | Acc: 0.9747 | Val Loss: 0.0809 | Val Acc: 0.9757 | Time: 11.99s
2025-03-04 18:58:43,363 - INFO - P1 (Round 2) - Epoch 9/10 | Loss: 0.0799 | Acc: 0.9754 | Val Loss: 0.0784 | Val Acc: 0.9757 | Time: 12.95s
2025-03-04 18:58:55,505 - INFO - P1 (Round 2) - Epoch 10/10 | Loss: 0.0780 | Acc: 0.9758 | Val Loss: 0.0784 | Val Acc: 0.9761 | Time: 12.14s
2025-03-04 18:59:07,617 - INFO - P2 (Round 2) - Epoch 1/10 | Loss: 0.4073 | Acc: 0.8660 | Val Loss: 0.2737 | Val Acc: 0.9036 | Time: 12.11s
2025-03-04 18:59:19,621 - INFO - P2 (Round 2) - Epoch 2/10 | Loss: 0.2476 | Acc: 0.9150 | Val Loss: 0.2335 | Val Acc: 0.9188 | Time: 12.00s
2025-03-04 18:59:31,661 - INFO - P2 (Round 2) - Epoch 3/10 | Loss: 0.2234 | Acc: 0.9228 | Val Loss: 0.2194 | Val Acc: 0.9239 | Time: 12.04s
2025-03-04 18:59:43,693 - INFO - P2 (Round 2) - Epoch 4/10 | Loss: 0.2123 | Acc: 0.9268 | Val Loss: 0.2117 | Val Acc: 0.9271 | Time: 12.03s
2025-03-04 18:59:57,008 - INFO - P2 (Round 2) - Epoch 5/10 | Loss: 0.2060 | Acc: 0.9287 | Val Loss: 0.2063 | Val Acc: 0.9299 | Time: 13.31s
2025-03-04 19:00:09,229 - INFO - P2 (Round 2) - Epoch 6/10 | Loss: 0.2021 | Acc: 0.9296 | Val Loss: 0.2022 | Val Acc: 0.9298 | Time: 12.22s
2025-03-04 19:00:21,200 - INFO - P2 (Round 2) - Epoch 7/10 | Loss: 0.1995 | Acc: 0.9305 | Val Loss: 0.2008 | Val Acc: 0.9304 | Time: 11.97s
2025-03-04 19:00:33,207 - INFO - P2 (Round 2) - Epoch 8/10 | Loss: 0.1974 | Acc: 0.9311 | Val Loss: 0.1990 | Val Acc: 0.9304 | Time: 12.01s
2025-03-04 19:00:44,981 - INFO - P2 (Round 2) - Epoch 9/10 | Loss: 0.1955 | Acc: 0.9318 | Val Loss: 0.1988 | Val Acc: 0.9326 | Time: 11.77s
2025-03-04 19:00:56,493 - INFO - P2 (Round 2) - Epoch 10/10 | Loss: 0.1941 | Acc: 0.9322 | Val Loss: 0.1964 | Val Acc: 0.9318 | Time: 11.51s
2025-03-04 19:00:59,349 - INFO - Round 2 completed in 246.18s
2025-03-04 19:00:59,349 - INFO - Global Model - P1 Test: Loss = 4.1502, Accuracy = 0.5552
2025-03-04 19:00:59,350 - INFO - Global Model - P2 Test: Loss = 3.2830, Accuracy = 0.4047
2025-03-04 19:01:11,974 - INFO - P1 (Round 3) - Epoch 1/10 | Loss: 0.1536 | Acc: 0.9523 | Val Loss: 0.1018 | Val Acc: 0.9703 | Time: 12.62s
2025-03-04 19:01:24,112 - INFO - P1 (Round 3) - Epoch 2/10 | Loss: 0.0969 | Acc: 0.9710 | Val Loss: 0.0937 | Val Acc: 0.9702 | Time: 12.14s
2025-03-04 19:01:36,204 - INFO - P1 (Round 3) - Epoch 3/10 | Loss: 0.0884 | Acc: 0.9735 | Val Loss: 0.0861 | Val Acc: 0.9745 | Time: 12.09s
2025-03-04 19:01:48,360 - INFO - P1 (Round 3) - Epoch 4/10 | Loss: 0.0834 | Acc: 0.9749 | Val Loss: 0.0812 | Val Acc: 0.9759 | Time: 12.16s
2025-03-04 19:02:00,316 - INFO - P1 (Round 3) - Epoch 5/10 | Loss: 0.0799 | Acc: 0.9758 | Val Loss: 0.0784 | Val Acc: 0.9769 | Time: 11.96s
2025-03-04 19:02:12,977 - INFO - P1 (Round 3) - Epoch 6/10 | Loss: 0.0772 | Acc: 0.9767 | Val Loss: 0.0763 | Val Acc: 0.9771 | Time: 12.66s
2025-03-04 19:02:25,565 - INFO - P1 (Round 3) - Epoch 7/10 | Loss: 0.0757 | Acc: 0.9770 | Val Loss: 0.0741 | Val Acc: 0.9786 | Time: 12.59s
2025-03-04 19:02:37,485 - INFO - P1 (Round 3) - Epoch 8/10 | Loss: 0.0745 | Acc: 0.9775 | Val Loss: 0.0735 | Val Acc: 0.9786 | Time: 11.92s
2025-03-04 19:02:49,472 - INFO - P1 (Round 3) - Epoch 9/10 | Loss: 0.0732 | Acc: 0.9779 | Val Loss: 0.0732 | Val Acc: 0.9778 | Time: 11.99s
2025-03-04 19:03:01,234 - INFO - P1 (Round 3) - Epoch 10/10 | Loss: 0.0724 | Acc: 0.9782 | Val Loss: 0.0721 | Val Acc: 0.9785 | Time: 11.76s
2025-03-04 19:03:13,225 - INFO - P2 (Round 3) - Epoch 1/10 | Loss: 0.2509 | Acc: 0.9162 | Val Loss: 0.2118 | Val Acc: 0.9291 | Time: 11.99s
2025-03-04 19:03:26,163 - INFO - P2 (Round 3) - Epoch 2/10 | Loss: 0.2011 | Acc: 0.9340 | Val Loss: 0.1983 | Val Acc: 0.9359 | Time: 12.94s
2025-03-04 19:03:38,659 - INFO - P2 (Round 3) - Epoch 3/10 | Loss: 0.1931 | Acc: 0.9360 | Val Loss: 0.1937 | Val Acc: 0.9362 | Time: 12.50s
2025-03-04 19:03:50,989 - INFO - P2 (Round 3) - Epoch 4/10 | Loss: 0.1878 | Acc: 0.9369 | Val Loss: 0.1867 | Val Acc: 0.9378 | Time: 12.33s
2025-03-04 19:04:03,220 - INFO - P2 (Round 3) - Epoch 5/10 | Loss: 0.1837 | Acc: 0.9382 | Val Loss: 0.1858 | Val Acc: 0.9389 | Time: 12.23s
2025-03-04 19:04:15,629 - INFO - P2 (Round 3) - Epoch 6/10 | Loss: 0.1803 | Acc: 0.9393 | Val Loss: 0.1819 | Val Acc: 0.9371 | Time: 12.41s
2025-03-04 19:04:27,482 - INFO - P2 (Round 3) - Epoch 7/10 | Loss: 0.1773 | Acc: 0.9400 | Val Loss: 0.1786 | Val Acc: 0.9387 | Time: 11.85s
2025-03-04 19:04:40,638 - INFO - P2 (Round 3) - Epoch 8/10 | Loss: 0.1750 | Acc: 0.9407 | Val Loss: 0.1768 | Val Acc: 0.9403 | Time: 13.16s
2025-03-04 19:04:52,706 - INFO - P2 (Round 3) - Epoch 9/10 | Loss: 0.1732 | Acc: 0.9412 | Val Loss: 0.1741 | Val Acc: 0.9399 | Time: 12.07s
2025-03-04 19:05:04,932 - INFO - P2 (Round 3) - Epoch 10/10 | Loss: 0.1717 | Acc: 0.9415 | Val Loss: 0.1728 | Val Acc: 0.9410 | Time: 12.23s
2025-03-04 19:05:07,654 - INFO - Round 3 completed in 248.30s
2025-03-04 19:05:07,654 - INFO - Global Model - P1 Test: Loss = 3.6226, Accuracy = 0.5074
2025-03-04 19:05:07,654 - INFO - Global Model - P2 Test: Loss = 2.5489, Accuracy = 0.4909
2025-03-04 19:05:19,528 - INFO - P1 (Round 4) - Epoch 1/10 | Loss: 0.1214 | Acc: 0.9661 | Val Loss: 0.0887 | Val Acc: 0.9722 | Time: 11.87s
2025-03-04 19:05:31,415 - INFO - P1 (Round 4) - Epoch 2/10 | Loss: 0.0831 | Acc: 0.9753 | Val Loss: 0.0813 | Val Acc: 0.9764 | Time: 11.89s
2025-03-04 19:05:44,118 - INFO - P1 (Round 4) - Epoch 3/10 | Loss: 0.0787 | Acc: 0.9765 | Val Loss: 0.0793 | Val Acc: 0.9762 | Time: 12.70s
2025-03-04 19:05:57,411 - INFO - P1 (Round 4) - Epoch 4/10 | Loss: 0.0762 | Acc: 0.9771 | Val Loss: 0.0765 | Val Acc: 0.9772 | Time: 13.29s
2025-03-04 19:06:09,628 - INFO - P1 (Round 4) - Epoch 5/10 | Loss: 0.0746 | Acc: 0.9775 | Val Loss: 0.0750 | Val Acc: 0.9776 | Time: 12.22s
2025-03-04 19:06:22,792 - INFO - P1 (Round 4) - Epoch 6/10 | Loss: 0.0732 | Acc: 0.9779 | Val Loss: 0.0720 | Val Acc: 0.9774 | Time: 13.16s
2025-03-04 19:06:34,901 - INFO - P1 (Round 4) - Epoch 7/10 | Loss: 0.0720 | Acc: 0.9782 | Val Loss: 0.0750 | Val Acc: 0.9759 | Time: 12.11s
2025-03-04 19:06:46,888 - INFO - P1 (Round 4) - Epoch 8/10 | Loss: 0.0711 | Acc: 0.9785 | Val Loss: 0.0703 | Val Acc: 0.9793 | Time: 11.99s
2025-03-04 19:06:59,773 - INFO - P1 (Round 4) - Epoch 9/10 | Loss: 0.0700 | Acc: 0.9788 | Val Loss: 0.0690 | Val Acc: 0.9795 | Time: 12.89s
2025-03-04 19:07:12,249 - INFO - P1 (Round 4) - Epoch 10/10 | Loss: 0.0693 | Acc: 0.9790 | Val Loss: 0.0683 | Val Acc: 0.9797 | Time: 12.48s
2025-03-04 19:07:24,080 - INFO - P2 (Round 4) - Epoch 1/10 | Loss: 0.2173 | Acc: 0.9275 | Val Loss: 0.1948 | Val Acc: 0.9346 | Time: 11.83s
2025-03-04 19:07:36,255 - INFO - P2 (Round 4) - Epoch 2/10 | Loss: 0.1890 | Acc: 0.9362 | Val Loss: 0.1909 | Val Acc: 0.9318 | Time: 12.17s
2025-03-04 19:07:48,156 - INFO - P2 (Round 4) - Epoch 3/10 | Loss: 0.1827 | Acc: 0.9380 | Val Loss: 0.1808 | Val Acc: 0.9374 | Time: 11.90s
2025-03-04 19:07:59,928 - INFO - P2 (Round 4) - Epoch 4/10 | Loss: 0.1782 | Acc: 0.9394 | Val Loss: 0.1819 | Val Acc: 0.9399 | Time: 11.77s
2025-03-04 19:08:12,590 - INFO - P2 (Round 4) - Epoch 5/10 | Loss: 0.1759 | Acc: 0.9399 | Val Loss: 0.1768 | Val Acc: 0.9387 | Time: 12.66s
2025-03-04 19:08:24,877 - INFO - P2 (Round 4) - Epoch 6/10 | Loss: 0.1741 | Acc: 0.9402 | Val Loss: 0.1749 | Val Acc: 0.9407 | Time: 12.29s
2025-03-04 19:08:36,752 - INFO - P2 (Round 4) - Epoch 7/10 | Loss: 0.1725 | Acc: 0.9407 | Val Loss: 0.1735 | Val Acc: 0.9398 | Time: 11.87s
2025-03-04 19:08:48,679 - INFO - P2 (Round 4) - Epoch 8/10 | Loss: 0.1713 | Acc: 0.9410 | Val Loss: 0.1705 | Val Acc: 0.9408 | Time: 11.93s
2025-03-04 19:09:00,669 - INFO - P2 (Round 4) - Epoch 9/10 | Loss: 0.1700 | Acc: 0.9411 | Val Loss: 0.1713 | Val Acc: 0.9410 | Time: 11.99s
2025-03-04 19:09:12,490 - INFO - P2 (Round 4) - Epoch 10/10 | Loss: 0.1692 | Acc: 0.9414 | Val Loss: 0.1695 | Val Acc: 0.9416 | Time: 11.82s
2025-03-04 19:09:15,280 - INFO - Round 4 completed in 247.63s
2025-03-04 19:09:15,280 - INFO - Global Model - P1 Test: Loss = 3.3430, Accuracy = 0.6360
2025-03-04 19:09:15,280 - INFO - Global Model - P2 Test: Loss = 1.9071, Accuracy = 0.5927
2025-03-04 19:09:28,414 - INFO - P1 (Round 5) - Epoch 1/10 | Loss: 0.1115 | Acc: 0.9697 | Val Loss: 0.0812 | Val Acc: 0.9761 | Time: 13.13s
2025-03-04 19:09:40,631 - INFO - P1 (Round 5) - Epoch 2/10 | Loss: 0.0790 | Acc: 0.9764 | Val Loss: 0.0744 | Val Acc: 0.9781 | Time: 12.22s
2025-03-04 19:09:52,802 - INFO - P1 (Round 5) - Epoch 3/10 | Loss: 0.0747 | Acc: 0.9775 | Val Loss: 0.0736 | Val Acc: 0.9779 | Time: 12.17s
2025-03-04 19:10:04,716 - INFO - P1 (Round 5) - Epoch 4/10 | Loss: 0.0726 | Acc: 0.9779 | Val Loss: 0.0709 | Val Acc: 0.9782 | Time: 11.91s
2025-03-04 19:10:17,181 - INFO - P1 (Round 5) - Epoch 5/10 | Loss: 0.0711 | Acc: 0.9783 | Val Loss: 0.0699 | Val Acc: 0.9785 | Time: 12.47s
2025-03-04 19:10:29,680 - INFO - P1 (Round 5) - Epoch 6/10 | Loss: 0.0697 | Acc: 0.9787 | Val Loss: 0.0685 | Val Acc: 0.9790 | Time: 12.50s
2025-03-04 19:10:42,782 - INFO - P1 (Round 5) - Epoch 7/10 | Loss: 0.0686 | Acc: 0.9789 | Val Loss: 0.0688 | Val Acc: 0.9787 | Time: 13.10s
2025-03-04 19:10:54,783 - INFO - P1 (Round 5) - Epoch 8/10 | Loss: 0.0675 | Acc: 0.9792 | Val Loss: 0.0665 | Val Acc: 0.9797 | Time: 12.00s
2025-03-04 19:11:06,809 - INFO - P1 (Round 5) - Epoch 9/10 | Loss: 0.0668 | Acc: 0.9795 | Val Loss: 0.0664 | Val Acc: 0.9793 | Time: 12.03s
2025-03-04 19:11:18,804 - INFO - P1 (Round 5) - Epoch 10/10 | Loss: 0.0660 | Acc: 0.9796 | Val Loss: 0.0654 | Val Acc: 0.9794 | Time: 11.99s
2025-03-04 19:11:30,941 - INFO - P2 (Round 5) - Epoch 1/10 | Loss: 0.2129 | Acc: 0.9280 | Val Loss: 0.1894 | Val Acc: 0.9351 | Time: 12.14s
2025-03-04 19:11:43,659 - INFO - P2 (Round 5) - Epoch 2/10 | Loss: 0.1831 | Acc: 0.9379 | Val Loss: 0.1809 | Val Acc: 0.9376 | Time: 12.72s
2025-03-04 19:11:56,332 - INFO - P2 (Round 5) - Epoch 3/10 | Loss: 0.1774 | Acc: 0.9393 | Val Loss: 0.1809 | Val Acc: 0.9353 | Time: 12.67s
2025-03-04 19:12:08,490 - INFO - P2 (Round 5) - Epoch 4/10 | Loss: 0.1725 | Acc: 0.9407 | Val Loss: 0.1739 | Val Acc: 0.9393 | Time: 12.16s
2025-03-04 19:12:20,445 - INFO - P2 (Round 5) - Epoch 5/10 | Loss: 0.1696 | Acc: 0.9416 | Val Loss: 0.1687 | Val Acc: 0.9422 | Time: 11.95s
2025-03-04 19:12:32,606 - INFO - P2 (Round 5) - Epoch 6/10 | Loss: 0.1680 | Acc: 0.9417 | Val Loss: 0.1690 | Val Acc: 0.9395 | Time: 12.16s
2025-03-04 19:12:44,671 - INFO - P2 (Round 5) - Epoch 7/10 | Loss: 0.1667 | Acc: 0.9421 | Val Loss: 0.1681 | Val Acc: 0.9413 | Time: 12.07s
2025-03-04 19:12:57,767 - INFO - P2 (Round 5) - Epoch 8/10 | Loss: 0.1657 | Acc: 0.9422 | Val Loss: 0.1690 | Val Acc: 0.9400 | Time: 13.10s
2025-03-04 19:13:10,841 - INFO - P2 (Round 5) - Epoch 9/10 | Loss: 0.1652 | Acc: 0.9422 | Val Loss: 0.1686 | Val Acc: 0.9413 | Time: 13.07s
2025-03-04 19:13:22,987 - INFO - P2 (Round 5) - Epoch 10/10 | Loss: 0.1643 | Acc: 0.9423 | Val Loss: 0.1650 | Val Acc: 0.9414 | Time: 12.15s
2025-03-04 19:13:25,557 - INFO - Round 5 completed in 250.28s
2025-03-04 19:13:25,557 - INFO - Global Model - P1 Test: Loss = 3.8210, Accuracy = 0.6800
2025-03-04 19:13:25,557 - INFO - Global Model - P2 Test: Loss = 1.5942, Accuracy = 0.6260
2025-03-04 19:13:37,665 - INFO - P1 (Round 6) - Epoch 1/10 | Loss: 0.1018 | Acc: 0.9721 | Val Loss: 0.0748 | Val Acc: 0.9778 | Time: 12.11s
2025-03-04 19:13:49,503 - INFO - P1 (Round 6) - Epoch 2/10 | Loss: 0.0739 | Acc: 0.9783 | Val Loss: 0.0716 | Val Acc: 0.9787 | Time: 11.84s
2025-03-04 19:14:01,725 - INFO - P1 (Round 6) - Epoch 3/10 | Loss: 0.0706 | Acc: 0.9789 | Val Loss: 0.0695 | Val Acc: 0.9790 | Time: 12.22s
2025-03-04 19:14:14,689 - INFO - P1 (Round 6) - Epoch 4/10 | Loss: 0.0686 | Acc: 0.9793 | Val Loss: 0.0699 | Val Acc: 0.9780 | Time: 12.96s
2025-03-04 19:14:26,824 - INFO - P1 (Round 6) - Epoch 5/10 | Loss: 0.0671 | Acc: 0.9796 | Val Loss: 0.0662 | Val Acc: 0.9796 | Time: 12.13s
2025-03-04 19:14:38,712 - INFO - P1 (Round 6) - Epoch 6/10 | Loss: 0.0662 | Acc: 0.9798 | Val Loss: 0.0663 | Val Acc: 0.9796 | Time: 11.89s
2025-03-04 19:14:50,632 - INFO - P1 (Round 6) - Epoch 7/10 | Loss: 0.0653 | Acc: 0.9800 | Val Loss: 0.0662 | Val Acc: 0.9801 | Time: 11.92s
2025-03-04 19:15:02,662 - INFO - P1 (Round 6) - Epoch 8/10 | Loss: 0.0648 | Acc: 0.9801 | Val Loss: 0.0647 | Val Acc: 0.9803 | Time: 12.03s
2025-03-04 19:15:15,107 - INFO - P1 (Round 6) - Epoch 9/10 | Loss: 0.0643 | Acc: 0.9802 | Val Loss: 0.0636 | Val Acc: 0.9803 | Time: 12.44s
2025-03-04 19:15:28,103 - INFO - P1 (Round 6) - Epoch 10/10 | Loss: 0.0638 | Acc: 0.9803 | Val Loss: 0.0620 | Val Acc: 0.9805 | Time: 13.00s
2025-03-04 19:15:40,222 - INFO - P2 (Round 6) - Epoch 1/10 | Loss: 0.2093 | Acc: 0.9287 | Val Loss: 0.1905 | Val Acc: 0.9356 | Time: 12.12s
2025-03-04 19:15:52,486 - INFO - P2 (Round 6) - Epoch 2/10 | Loss: 0.1834 | Acc: 0.9376 | Val Loss: 0.1841 | Val Acc: 0.9384 | Time: 12.26s
2025-03-04 19:16:04,504 - INFO - P2 (Round 6) - Epoch 3/10 | Loss: 0.1775 | Acc: 0.9397 | Val Loss: 0.1779 | Val Acc: 0.9385 | Time: 12.02s
2025-03-04 19:16:16,692 - INFO - P2 (Round 6) - Epoch 4/10 | Loss: 0.1746 | Acc: 0.9411 | Val Loss: 0.1763 | Val Acc: 0.9404 | Time: 12.19s
2025-03-04 19:16:29,493 - INFO - P2 (Round 6) - Epoch 5/10 | Loss: 0.1724 | Acc: 0.9420 | Val Loss: 0.1751 | Val Acc: 0.9429 | Time: 12.80s
2025-03-04 19:16:42,070 - INFO - P2 (Round 6) - Epoch 6/10 | Loss: 0.1706 | Acc: 0.9426 | Val Loss: 0.1698 | Val Acc: 0.9426 | Time: 12.58s
2025-03-04 19:16:54,174 - INFO - P2 (Round 6) - Epoch 7/10 | Loss: 0.1694 | Acc: 0.9430 | Val Loss: 0.1693 | Val Acc: 0.9439 | Time: 12.10s
2025-03-04 19:17:06,320 - INFO - P2 (Round 6) - Epoch 8/10 | Loss: 0.1682 | Acc: 0.9432 | Val Loss: 0.1732 | Val Acc: 0.9420 | Time: 12.15s
2025-03-04 19:17:18,198 - INFO - P2 (Round 6) - Epoch 9/10 | Loss: 0.1671 | Acc: 0.9435 | Val Loss: 0.1727 | Val Acc: 0.9427 | Time: 11.88s
2025-03-04 19:17:30,407 - INFO - P2 (Round 6) - Epoch 10/10 | Loss: 0.1660 | Acc: 0.9438 | Val Loss: 0.1655 | Val Acc: 0.9426 | Time: 12.21s
2025-03-04 19:17:32,951 - INFO - Round 6 completed in 247.39s
2025-03-04 19:17:32,951 - INFO - Global Model - P1 Test: Loss = 3.2644, Accuracy = 0.6787
2025-03-04 19:17:32,951 - INFO - Global Model - P2 Test: Loss = 1.5847, Accuracy = 0.6356
2025-03-04 19:17:46,249 - INFO - P1 (Round 7) - Epoch 1/10 | Loss: 0.0987 | Acc: 0.9720 | Val Loss: 0.0731 | Val Acc: 0.9786 | Time: 13.30s
2025-03-04 19:17:58,303 - INFO - P1 (Round 7) - Epoch 2/10 | Loss: 0.0716 | Acc: 0.9785 | Val Loss: 0.0712 | Val Acc: 0.9782 | Time: 12.05s
2025-03-04 19:18:10,271 - INFO - P1 (Round 7) - Epoch 3/10 | Loss: 0.0687 | Acc: 0.9791 | Val Loss: 0.0678 | Val Acc: 0.9796 | Time: 11.97s
2025-03-04 19:18:22,397 - INFO - P1 (Round 7) - Epoch 4/10 | Loss: 0.0672 | Acc: 0.9796 | Val Loss: 0.0667 | Val Acc: 0.9795 | Time: 12.13s
2025-03-04 19:18:34,386 - INFO - P1 (Round 7) - Epoch 5/10 | Loss: 0.0660 | Acc: 0.9798 | Val Loss: 0.0642 | Val Acc: 0.9806 | Time: 11.99s
2025-03-04 19:18:46,828 - INFO - P1 (Round 7) - Epoch 6/10 | Loss: 0.0651 | Acc: 0.9800 | Val Loss: 0.0654 | Val Acc: 0.9793 | Time: 12.44s
2025-03-04 19:19:00,536 - INFO - P1 (Round 7) - Epoch 7/10 | Loss: 0.0646 | Acc: 0.9801 | Val Loss: 0.0645 | Val Acc: 0.9804 | Time: 13.71s
2025-03-04 19:19:12,448 - INFO - P1 (Round 7) - Epoch 8/10 | Loss: 0.0638 | Acc: 0.9803 | Val Loss: 0.0648 | Val Acc: 0.9799 | Time: 11.91s
2025-03-04 19:19:24,518 - INFO - P1 (Round 7) - Epoch 9/10 | Loss: 0.0635 | Acc: 0.9806 | Val Loss: 0.0626 | Val Acc: 0.9802 | Time: 12.07s
2025-03-04 19:19:36,465 - INFO - P1 (Round 7) - Epoch 10/10 | Loss: 0.0629 | Acc: 0.9807 | Val Loss: 0.0635 | Val Acc: 0.9809 | Time: 11.95s
2025-03-04 19:19:48,332 - INFO - P2 (Round 7) - Epoch 1/10 | Loss: 0.1981 | Acc: 0.9330 | Val Loss: 0.1803 | Val Acc: 0.9398 | Time: 11.87s
2025-03-04 19:20:01,021 - INFO - P2 (Round 7) - Epoch 2/10 | Loss: 0.1750 | Acc: 0.9411 | Val Loss: 0.1754 | Val Acc: 0.9399 | Time: 12.69s
2025-03-04 19:20:13,728 - INFO - P2 (Round 7) - Epoch 3/10 | Loss: 0.1716 | Acc: 0.9419 | Val Loss: 0.1717 | Val Acc: 0.9425 | Time: 12.71s
2025-03-04 19:20:25,508 - INFO - P2 (Round 7) - Epoch 4/10 | Loss: 0.1695 | Acc: 0.9424 | Val Loss: 0.1740 | Val Acc: 0.9422 | Time: 11.78s
2025-03-04 19:20:37,348 - INFO - P2 (Round 7) - Epoch 5/10 | Loss: 0.1682 | Acc: 0.9429 | Val Loss: 0.1699 | Val Acc: 0.9428 | Time: 11.84s
2025-03-04 19:20:49,264 - INFO - P2 (Round 7) - Epoch 6/10 | Loss: 0.1670 | Acc: 0.9432 | Val Loss: 0.1691 | Val Acc: 0.9443 | Time: 11.92s
2025-03-04 19:21:01,483 - INFO - P2 (Round 7) - Epoch 7/10 | Loss: 0.1661 | Acc: 0.9434 | Val Loss: 0.1708 | Val Acc: 0.9396 | Time: 12.22s
2025-03-04 19:21:13,994 - INFO - P2 (Round 7) - Epoch 8/10 | Loss: 0.1652 | Acc: 0.9436 | Val Loss: 0.1658 | Val Acc: 0.9438 | Time: 12.51s
2025-03-04 19:21:26,722 - INFO - P2 (Round 7) - Epoch 9/10 | Loss: 0.1645 | Acc: 0.9438 | Val Loss: 0.1663 | Val Acc: 0.9426 | Time: 12.73s
2025-03-04 19:21:38,555 - INFO - P2 (Round 7) - Epoch 10/10 | Loss: 0.1640 | Acc: 0.9438 | Val Loss: 0.1672 | Val Acc: 0.9435 | Time: 11.83s
2025-03-04 19:21:41,162 - INFO - Round 7 completed in 248.21s
2025-03-04 19:21:41,162 - INFO - Global Model - P1 Test: Loss = 3.4520, Accuracy = 0.6345
2025-03-04 19:21:41,162 - INFO - Global Model - P2 Test: Loss = 1.5062, Accuracy = 0.6572
2025-03-04 19:21:52,374 - INFO - P1 (Round 8) - Epoch 1/10 | Loss: 0.0935 | Acc: 0.9737 | Val Loss: 0.0698 | Val Acc: 0.9791 | Time: 11.21s
2025-03-04 19:22:02,969 - INFO - P1 (Round 8) - Epoch 2/10 | Loss: 0.0702 | Acc: 0.9791 | Val Loss: 0.0665 | Val Acc: 0.9801 | Time: 10.59s
2025-03-04 19:22:13,200 - INFO - P1 (Round 8) - Epoch 3/10 | Loss: 0.0679 | Acc: 0.9797 | Val Loss: 0.0656 | Val Acc: 0.9803 | Time: 10.23s
2025-03-04 19:22:24,543 - INFO - P1 (Round 8) - Epoch 4/10 | Loss: 0.0663 | Acc: 0.9800 | Val Loss: 0.0654 | Val Acc: 0.9808 | Time: 11.34s
2025-03-04 19:22:35,513 - INFO - P1 (Round 8) - Epoch 5/10 | Loss: 0.0653 | Acc: 0.9803 | Val Loss: 0.0645 | Val Acc: 0.9805 | Time: 10.97s
2025-03-04 19:22:45,658 - INFO - P1 (Round 8) - Epoch 6/10 | Loss: 0.0646 | Acc: 0.9806 | Val Loss: 0.0645 | Val Acc: 0.9802 | Time: 10.14s
2025-03-04 19:22:56,144 - INFO - P1 (Round 8) - Epoch 7/10 | Loss: 0.0640 | Acc: 0.9806 | Val Loss: 0.0635 | Val Acc: 0.9812 | Time: 10.49s
2025-03-04 19:23:06,182 - INFO - P1 (Round 8) - Epoch 8/10 | Loss: 0.0638 | Acc: 0.9807 | Val Loss: 0.0634 | Val Acc: 0.9804 | Time: 10.04s
2025-03-04 19:23:16,904 - INFO - P1 (Round 8) - Epoch 9/10 | Loss: 0.0633 | Acc: 0.9808 | Val Loss: 0.0638 | Val Acc: 0.9801 | Time: 10.72s
2025-03-04 19:23:27,150 - INFO - P1 (Round 8) - Epoch 10/10 | Loss: 0.0628 | Acc: 0.9809 | Val Loss: 0.0653 | Val Acc: 0.9798 | Time: 10.25s
2025-03-04 19:23:39,562 - INFO - P2 (Round 8) - Epoch 1/10 | Loss: 0.1934 | Acc: 0.9318 | Val Loss: 0.1782 | Val Acc: 0.9376 | Time: 12.41s
2025-03-04 19:23:49,852 - INFO - P2 (Round 8) - Epoch 2/10 | Loss: 0.1732 | Acc: 0.9402 | Val Loss: 0.1714 | Val Acc: 0.9416 | Time: 10.29s
2025-03-04 19:23:59,897 - INFO - P2 (Round 8) - Epoch 3/10 | Loss: 0.1691 | Acc: 0.9418 | Val Loss: 0.1687 | Val Acc: 0.9421 | Time: 10.04s
2025-03-04 19:24:10,182 - INFO - P2 (Round 8) - Epoch 4/10 | Loss: 0.1665 | Acc: 0.9424 | Val Loss: 0.1693 | Val Acc: 0.9406 | Time: 10.28s
2025-03-04 19:24:20,470 - INFO - P2 (Round 8) - Epoch 5/10 | Loss: 0.1643 | Acc: 0.9428 | Val Loss: 0.1650 | Val Acc: 0.9424 | Time: 10.29s
2025-03-04 19:24:30,818 - INFO - P2 (Round 8) - Epoch 6/10 | Loss: 0.1632 | Acc: 0.9430 | Val Loss: 0.1656 | Val Acc: 0.9412 | Time: 10.35s
2025-03-04 19:24:41,241 - INFO - P2 (Round 8) - Epoch 7/10 | Loss: 0.1622 | Acc: 0.9432 | Val Loss: 0.1643 | Val Acc: 0.9423 | Time: 10.42s
2025-03-04 19:24:53,420 - INFO - P2 (Round 8) - Epoch 8/10 | Loss: 0.1613 | Acc: 0.9433 | Val Loss: 0.1623 | Val Acc: 0.9435 | Time: 12.18s
2025-03-04 19:25:03,684 - INFO - P2 (Round 8) - Epoch 9/10 | Loss: 0.1606 | Acc: 0.9435 | Val Loss: 0.1626 | Val Acc: 0.9438 | Time: 10.26s
2025-03-04 19:25:13,843 - INFO - P2 (Round 8) - Epoch 10/10 | Loss: 0.1600 | Acc: 0.9436 | Val Loss: 0.1611 | Val Acc: 0.9442 | Time: 10.16s
2025-03-04 19:25:16,305 - INFO - Round 8 completed in 215.14s
2025-03-04 19:25:16,305 - INFO - Global Model - P1 Test: Loss = 3.7336, Accuracy = 0.6482
2025-03-04 19:25:16,305 - INFO - Global Model - P2 Test: Loss = 1.8465, Accuracy = 0.6449
2025-03-04 19:25:26,543 - INFO - P1 (Round 9) - Epoch 1/10 | Loss: 0.0930 | Acc: 0.9742 | Val Loss: 0.0685 | Val Acc: 0.9800 | Time: 10.24s
2025-03-04 19:25:37,068 - INFO - P1 (Round 9) - Epoch 2/10 | Loss: 0.0691 | Acc: 0.9794 | Val Loss: 0.0674 | Val Acc: 0.9799 | Time: 10.52s
2025-03-04 19:25:47,262 - INFO - P1 (Round 9) - Epoch 3/10 | Loss: 0.0665 | Acc: 0.9801 | Val Loss: 0.0647 | Val Acc: 0.9810 | Time: 10.19s
2025-03-04 19:25:59,056 - INFO - P1 (Round 9) - Epoch 4/10 | Loss: 0.0654 | Acc: 0.9802 | Val Loss: 0.0629 | Val Acc: 0.9812 | Time: 11.79s
2025-03-04 19:26:09,621 - INFO - P1 (Round 9) - Epoch 5/10 | Loss: 0.0641 | Acc: 0.9807 | Val Loss: 0.0652 | Val Acc: 0.9797 | Time: 10.56s
2025-03-04 19:26:19,710 - INFO - P1 (Round 9) - Epoch 6/10 | Loss: 0.0634 | Acc: 0.9808 | Val Loss: 0.0634 | Val Acc: 0.9806 | Time: 10.09s
2025-03-04 19:26:30,214 - INFO - P1 (Round 9) - Epoch 7/10 | Loss: 0.0629 | Acc: 0.9810 | Val Loss: 0.0660 | Val Acc: 0.9797 | Time: 10.50s
2025-03-04 19:26:40,447 - INFO - P1 (Round 9) - Epoch 8/10 | Loss: 0.0626 | Acc: 0.9810 | Val Loss: 0.0621 | Val Acc: 0.9809 | Time: 10.23s
2025-03-04 19:26:50,815 - INFO - P1 (Round 9) - Epoch 9/10 | Loss: 0.0622 | Acc: 0.9811 | Val Loss: 0.0616 | Val Acc: 0.9812 | Time: 10.37s
2025-03-04 19:27:01,092 - INFO - P1 (Round 9) - Epoch 10/10 | Loss: 0.0619 | Acc: 0.9812 | Val Loss: 0.0616 | Val Acc: 0.9815 | Time: 10.28s
2025-03-04 19:27:13,370 - INFO - P2 (Round 9) - Epoch 1/10 | Loss: 0.1890 | Acc: 0.9344 | Val Loss: 0.1763 | Val Acc: 0.9387 | Time: 12.28s
2025-03-04 19:27:23,414 - INFO - P2 (Round 9) - Epoch 2/10 | Loss: 0.1680 | Acc: 0.9417 | Val Loss: 0.1665 | Val Acc: 0.9422 | Time: 10.04s
2025-03-04 19:27:33,491 - INFO - P2 (Round 9) - Epoch 3/10 | Loss: 0.1649 | Acc: 0.9425 | Val Loss: 0.1679 | Val Acc: 0.9401 | Time: 10.08s
2025-03-04 19:27:43,870 - INFO - P2 (Round 9) - Epoch 4/10 | Loss: 0.1628 | Acc: 0.9430 | Val Loss: 0.1626 | Val Acc: 0.9425 | Time: 10.38s
2025-03-04 19:27:54,385 - INFO - P2 (Round 9) - Epoch 5/10 | Loss: 0.1617 | Acc: 0.9431 | Val Loss: 0.1614 | Val Acc: 0.9428 | Time: 10.52s
2025-03-04 19:28:05,238 - INFO - P2 (Round 9) - Epoch 6/10 | Loss: 0.1600 | Acc: 0.9434 | Val Loss: 0.1613 | Val Acc: 0.9426 | Time: 10.85s
2025-03-04 19:28:15,649 - INFO - P2 (Round 9) - Epoch 7/10 | Loss: 0.1592 | Acc: 0.9435 | Val Loss: 0.1594 | Val Acc: 0.9427 | Time: 10.41s
2025-03-04 19:28:28,177 - INFO - P2 (Round 9) - Epoch 8/10 | Loss: 0.1580 | Acc: 0.9438 | Val Loss: 0.1608 | Val Acc: 0.9433 | Time: 12.53s
2025-03-04 19:28:38,830 - INFO - P2 (Round 9) - Epoch 9/10 | Loss: 0.1575 | Acc: 0.9438 | Val Loss: 0.1588 | Val Acc: 0.9422 | Time: 10.65s
2025-03-04 19:28:48,820 - INFO - P2 (Round 9) - Epoch 10/10 | Loss: 0.1567 | Acc: 0.9440 | Val Loss: 0.1585 | Val Acc: 0.9436 | Time: 9.99s
2025-03-04 19:28:51,222 - INFO - Round 9 completed in 214.92s
2025-03-04 19:28:51,222 - INFO - Global Model - P1 Test: Loss = 3.7828, Accuracy = 0.6554
2025-03-04 19:28:51,222 - INFO - Global Model - P2 Test: Loss = 2.1496, Accuracy = 0.6110
2025-03-04 19:29:01,411 - INFO - P1 (Round 10) - Epoch 1/10 | Loss: 0.0920 | Acc: 0.9743 | Val Loss: 0.0673 | Val Acc: 0.9805 | Time: 10.19s
2025-03-04 19:29:11,777 - INFO - P1 (Round 10) - Epoch 2/10 | Loss: 0.0675 | Acc: 0.9799 | Val Loss: 0.0653 | Val Acc: 0.9803 | Time: 10.37s
2025-03-04 19:29:21,852 - INFO - P1 (Round 10) - Epoch 3/10 | Loss: 0.0652 | Acc: 0.9805 | Val Loss: 0.0635 | Val Acc: 0.9812 | Time: 10.07s
2025-03-04 19:29:33,726 - INFO - P1 (Round 10) - Epoch 4/10 | Loss: 0.0641 | Acc: 0.9808 | Val Loss: 0.0630 | Val Acc: 0.9809 | Time: 11.87s
2025-03-04 19:29:44,578 - INFO - P1 (Round 10) - Epoch 5/10 | Loss: 0.0632 | Acc: 0.9810 | Val Loss: 0.0616 | Val Acc: 0.9813 | Time: 10.85s
2025-03-04 19:29:55,682 - INFO - P1 (Round 10) - Epoch 6/10 | Loss: 0.0626 | Acc: 0.9810 | Val Loss: 0.0613 | Val Acc: 0.9812 | Time: 11.10s
2025-03-04 19:30:05,897 - INFO - P1 (Round 10) - Epoch 7/10 | Loss: 0.0623 | Acc: 0.9811 | Val Loss: 0.0618 | Val Acc: 0.9807 | Time: 10.21s
2025-03-04 19:30:16,212 - INFO - P1 (Round 10) - Epoch 8/10 | Loss: 0.0618 | Acc: 0.9812 | Val Loss: 0.0606 | Val Acc: 0.9816 | Time: 10.31s
2025-03-04 19:30:26,442 - INFO - P1 (Round 10) - Epoch 9/10 | Loss: 0.0613 | Acc: 0.9813 | Val Loss: 0.0591 | Val Acc: 0.9819 | Time: 10.23s
2025-03-04 19:30:36,495 - INFO - P1 (Round 10) - Epoch 10/10 | Loss: 0.0612 | Acc: 0.9814 | Val Loss: 0.0592 | Val Acc: 0.9818 | Time: 10.05s
2025-03-04 19:30:49,306 - INFO - P2 (Round 10) - Epoch 1/10 | Loss: 0.1886 | Acc: 0.9346 | Val Loss: 0.1727 | Val Acc: 0.9401 | Time: 12.81s
2025-03-04 19:31:01,018 - INFO - P2 (Round 10) - Epoch 2/10 | Loss: 0.1660 | Acc: 0.9417 | Val Loss: 0.1672 | Val Acc: 0.9419 | Time: 11.71s
2025-03-04 19:31:13,557 - INFO - P2 (Round 10) - Epoch 3/10 | Loss: 0.1627 | Acc: 0.9425 | Val Loss: 0.1650 | Val Acc: 0.9424 | Time: 12.54s
2025-03-04 19:31:25,518 - INFO - P2 (Round 10) - Epoch 4/10 | Loss: 0.1611 | Acc: 0.9428 | Val Loss: 0.1624 | Val Acc: 0.9436 | Time: 11.96s
2025-03-04 19:31:37,664 - INFO - P2 (Round 10) - Epoch 5/10 | Loss: 0.1598 | Acc: 0.9433 | Val Loss: 0.1634 | Val Acc: 0.9413 | Time: 12.15s
2025-03-04 19:31:49,921 - INFO - P2 (Round 10) - Epoch 6/10 | Loss: 0.1586 | Acc: 0.9437 | Val Loss: 0.1589 | Val Acc: 0.9423 | Time: 12.26s
2025-03-04 19:32:03,211 - INFO - P2 (Round 10) - Epoch 7/10 | Loss: 0.1575 | Acc: 0.9438 | Val Loss: 0.1615 | Val Acc: 0.9430 | Time: 13.29s
2025-03-04 19:32:15,150 - INFO - P2 (Round 10) - Epoch 8/10 | Loss: 0.1567 | Acc: 0.9442 | Val Loss: 0.1578 | Val Acc: 0.9445 | Time: 11.94s
2025-03-04 19:32:27,131 - INFO - P2 (Round 10) - Epoch 9/10 | Loss: 0.1560 | Acc: 0.9444 | Val Loss: 0.1582 | Val Acc: 0.9444 | Time: 11.98s
2025-03-04 19:32:39,086 - INFO - P2 (Round 10) - Epoch 10/10 | Loss: 0.1552 | Acc: 0.9445 | Val Loss: 0.1583 | Val Acc: 0.9445 | Time: 11.96s
2025-03-04 19:32:41,817 - INFO - Round 10 completed in 230.59s
2025-03-04 19:32:41,817 - INFO - Global Model - P1 Test: Loss = 4.2763, Accuracy = 0.6422
2025-03-04 19:32:41,817 - INFO - Global Model - P2 Test: Loss = 2.6268, Accuracy = 0.5609
2025-03-04 19:32:44,247 - INFO - Final Results after 10 rounds:
2025-03-04 19:32:44,247 - INFO - Global Model - P1 Test: Loss = 4.2763, Accuracy = 0.6422
2025-03-04 19:32:44,247 - INFO - Global Model - P2 Test: Loss = 2.6268, Accuracy = 0.5609
2025-03-04 19:32:44,258 - INFO - Experiment 24 results saved to results/suppression_experiments/exp_24_p1f13_p2f5.json
