2025-03-05 00:11:24,657 - INFO - Starting Suppression Experiment 142
2025-03-05 00:11:24,658 - INFO - P1 Features (4/14): ['protocol', 'bidirectional_min_ps', 'bidirectional_mean_ps', 'bidirectional_stddev_ps']
2025-03-05 00:11:24,658 - INFO - P2 Features (13/14): ['protocol', 'bidirectional_min_ps', 'bidirectional_mean_ps', 'bidirectional_stddev_ps', 'bidirectional_max_ps', 'src2dst_stddev_ps', 'src2dst_max_ps', 'dst2src_min_ps', 'dst2src_mean_ps', 'dst2src_stddev_ps', 'dst2src_max_ps', 'bidirectional_stddev_piat_ms', 'bidirectional_max_piat_ms']
2025-03-05 00:11:36,672 - INFO - P1 (Round 1) - Epoch 1/10 | Loss: 0.6803 | Acc: 0.7392 | Val Loss: 0.5331 | Val Acc: 0.7842 | Time: 11.89s
2025-03-05 00:11:47,026 - INFO - P1 (Round 1) - Epoch 2/10 | Loss: 0.5001 | Acc: 0.7958 | Val Loss: 0.4809 | Val Acc: 0.8040 | Time: 10.35s
2025-03-05 00:11:57,393 - INFO - P1 (Round 1) - Epoch 3/10 | Loss: 0.4631 | Acc: 0.8104 | Val Loss: 0.4516 | Val Acc: 0.8134 | Time: 10.37s
2025-03-05 00:12:08,067 - INFO - P1 (Round 1) - Epoch 4/10 | Loss: 0.4363 | Acc: 0.8193 | Val Loss: 0.4285 | Val Acc: 0.8220 | Time: 10.67s
2025-03-05 00:12:18,582 - INFO - P1 (Round 1) - Epoch 5/10 | Loss: 0.4205 | Acc: 0.8259 | Val Loss: 0.4174 | Val Acc: 0.8287 | Time: 10.51s
2025-03-05 00:12:28,798 - INFO - P1 (Round 1) - Epoch 6/10 | Loss: 0.4090 | Acc: 0.8309 | Val Loss: 0.4089 | Val Acc: 0.8342 | Time: 10.22s
2025-03-05 00:12:40,217 - INFO - P1 (Round 1) - Epoch 7/10 | Loss: 0.4013 | Acc: 0.8351 | Val Loss: 0.4002 | Val Acc: 0.8394 | Time: 11.42s
2025-03-05 00:12:51,218 - INFO - P1 (Round 1) - Epoch 8/10 | Loss: 0.3946 | Acc: 0.8391 | Val Loss: 0.3924 | Val Acc: 0.8423 | Time: 11.00s
2025-03-05 00:13:01,420 - INFO - P1 (Round 1) - Epoch 9/10 | Loss: 0.3890 | Acc: 0.8419 | Val Loss: 0.3901 | Val Acc: 0.8429 | Time: 10.20s
2025-03-05 00:13:11,645 - INFO - P1 (Round 1) - Epoch 10/10 | Loss: 0.3863 | Acc: 0.8438 | Val Loss: 0.3866 | Val Acc: 0.8454 | Time: 10.22s
2025-03-05 00:13:21,883 - INFO - P2 (Round 1) - Epoch 1/10 | Loss: 0.3620 | Acc: 0.8696 | Val Loss: 0.2209 | Val Acc: 0.9191 | Time: 10.24s
2025-03-05 00:13:31,898 - INFO - P2 (Round 1) - Epoch 2/10 | Loss: 0.2007 | Acc: 0.9254 | Val Loss: 0.1861 | Val Acc: 0.9306 | Time: 10.01s
2025-03-05 00:13:42,170 - INFO - P2 (Round 1) - Epoch 3/10 | Loss: 0.1782 | Acc: 0.9344 | Val Loss: 0.1717 | Val Acc: 0.9400 | Time: 10.27s
2025-03-05 00:13:54,406 - INFO - P2 (Round 1) - Epoch 4/10 | Loss: 0.1659 | Acc: 0.9401 | Val Loss: 0.1620 | Val Acc: 0.9420 | Time: 12.24s
2025-03-05 00:14:06,418 - INFO - P2 (Round 1) - Epoch 5/10 | Loss: 0.1580 | Acc: 0.9445 | Val Loss: 0.1547 | Val Acc: 0.9468 | Time: 12.01s
2025-03-05 00:14:16,829 - INFO - P2 (Round 1) - Epoch 6/10 | Loss: 0.1524 | Acc: 0.9472 | Val Loss: 0.1502 | Val Acc: 0.9475 | Time: 10.41s
2025-03-05 00:14:27,084 - INFO - P2 (Round 1) - Epoch 7/10 | Loss: 0.1477 | Acc: 0.9493 | Val Loss: 0.1441 | Val Acc: 0.9516 | Time: 10.25s
2025-03-05 00:14:37,447 - INFO - P2 (Round 1) - Epoch 8/10 | Loss: 0.1396 | Acc: 0.9529 | Val Loss: 0.1368 | Val Acc: 0.9548 | Time: 10.36s
2025-03-05 00:14:47,399 - INFO - P2 (Round 1) - Epoch 9/10 | Loss: 0.1302 | Acc: 0.9574 | Val Loss: 0.1259 | Val Acc: 0.9611 | Time: 9.95s
2025-03-05 00:14:58,011 - INFO - P2 (Round 1) - Epoch 10/10 | Loss: 0.1199 | Acc: 0.9629 | Val Loss: 0.1178 | Val Acc: 0.9635 | Time: 10.61s
2025-03-05 00:15:01,018 - INFO - Round 1 completed in 216.24s
2025-03-05 00:15:01,018 - INFO - Global Model - P1 Test: Loss = 4.8689, Accuracy = 0.4138
2025-03-05 00:15:01,018 - INFO - Global Model - P2 Test: Loss = 5.5448, Accuracy = 0.4030
2025-03-05 00:15:12,788 - INFO - P1 (Round 2) - Epoch 1/10 | Loss: 0.5254 | Acc: 0.7917 | Val Loss: 0.4428 | Val Acc: 0.8172 | Time: 11.77s
2025-03-05 00:15:23,224 - INFO - P1 (Round 2) - Epoch 2/10 | Loss: 0.4275 | Acc: 0.8209 | Val Loss: 0.4175 | Val Acc: 0.8247 | Time: 10.44s
2025-03-05 00:15:33,413 - INFO - P1 (Round 2) - Epoch 3/10 | Loss: 0.4100 | Acc: 0.8272 | Val Loss: 0.4059 | Val Acc: 0.8275 | Time: 10.19s
2025-03-05 00:15:43,434 - INFO - P1 (Round 2) - Epoch 4/10 | Loss: 0.4024 | Acc: 0.8292 | Val Loss: 0.4005 | Val Acc: 0.8300 | Time: 10.02s
2025-03-05 00:15:53,436 - INFO - P1 (Round 2) - Epoch 5/10 | Loss: 0.3966 | Acc: 0.8316 | Val Loss: 0.3921 | Val Acc: 0.8336 | Time: 10.00s
2025-03-05 00:16:04,471 - INFO - P1 (Round 2) - Epoch 6/10 | Loss: 0.3906 | Acc: 0.8351 | Val Loss: 0.3875 | Val Acc: 0.8354 | Time: 11.04s
2025-03-05 00:16:16,245 - INFO - P1 (Round 2) - Epoch 7/10 | Loss: 0.3869 | Acc: 0.8381 | Val Loss: 0.3861 | Val Acc: 0.8402 | Time: 11.77s
2025-03-05 00:16:27,086 - INFO - P1 (Round 2) - Epoch 8/10 | Loss: 0.3836 | Acc: 0.8422 | Val Loss: 0.3813 | Val Acc: 0.8408 | Time: 10.84s
2025-03-05 00:16:37,198 - INFO - P1 (Round 2) - Epoch 9/10 | Loss: 0.3808 | Acc: 0.8449 | Val Loss: 0.3808 | Val Acc: 0.8413 | Time: 10.11s
2025-03-05 00:16:47,162 - INFO - P1 (Round 2) - Epoch 10/10 | Loss: 0.3782 | Acc: 0.8473 | Val Loss: 0.3756 | Val Acc: 0.8471 | Time: 9.96s
2025-03-05 00:16:57,226 - INFO - P2 (Round 2) - Epoch 1/10 | Loss: 0.2588 | Acc: 0.9116 | Val Loss: 0.1618 | Val Acc: 0.9471 | Time: 10.06s
2025-03-05 00:17:07,390 - INFO - P2 (Round 2) - Epoch 2/10 | Loss: 0.1390 | Acc: 0.9553 | Val Loss: 0.1262 | Val Acc: 0.9588 | Time: 10.16s
2025-03-05 00:17:17,873 - INFO - P2 (Round 2) - Epoch 3/10 | Loss: 0.1165 | Acc: 0.9619 | Val Loss: 0.1103 | Val Acc: 0.9638 | Time: 10.48s
2025-03-05 00:17:29,842 - INFO - P2 (Round 2) - Epoch 4/10 | Loss: 0.1059 | Acc: 0.9653 | Val Loss: 0.1018 | Val Acc: 0.9657 | Time: 11.97s
2025-03-05 00:17:40,241 - INFO - P2 (Round 2) - Epoch 5/10 | Loss: 0.1001 | Acc: 0.9673 | Val Loss: 0.0978 | Val Acc: 0.9684 | Time: 10.40s
2025-03-05 00:17:50,467 - INFO - P2 (Round 2) - Epoch 6/10 | Loss: 0.0964 | Acc: 0.9685 | Val Loss: 0.0965 | Val Acc: 0.9672 | Time: 10.23s
2025-03-05 00:18:00,534 - INFO - P2 (Round 2) - Epoch 7/10 | Loss: 0.0935 | Acc: 0.9695 | Val Loss: 0.0930 | Val Acc: 0.9704 | Time: 10.07s
2025-03-05 00:18:10,933 - INFO - P2 (Round 2) - Epoch 8/10 | Loss: 0.0913 | Acc: 0.9704 | Val Loss: 0.0913 | Val Acc: 0.9705 | Time: 10.40s
2025-03-05 00:18:21,200 - INFO - P2 (Round 2) - Epoch 9/10 | Loss: 0.0896 | Acc: 0.9709 | Val Loss: 0.0919 | Val Acc: 0.9696 | Time: 10.27s
2025-03-05 00:18:31,396 - INFO - P2 (Round 2) - Epoch 10/10 | Loss: 0.0883 | Acc: 0.9712 | Val Loss: 0.0900 | Val Acc: 0.9706 | Time: 10.20s
2025-03-05 00:18:34,176 - INFO - Round 2 completed in 213.16s
2025-03-05 00:18:34,176 - INFO - Global Model - P1 Test: Loss = 2.7550, Accuracy = 0.3123
2025-03-05 00:18:34,176 - INFO - Global Model - P2 Test: Loss = 5.5358, Accuracy = 0.3532
2025-03-05 00:18:45,906 - INFO - P1 (Round 3) - Epoch 1/10 | Loss: 0.4718 | Acc: 0.8073 | Val Loss: 0.4192 | Val Acc: 0.8271 | Time: 11.73s
2025-03-05 00:18:56,176 - INFO - P1 (Round 3) - Epoch 2/10 | Loss: 0.4099 | Acc: 0.8286 | Val Loss: 0.4029 | Val Acc: 0.8309 | Time: 10.27s
2025-03-05 00:19:07,274 - INFO - P1 (Round 3) - Epoch 3/10 | Loss: 0.3980 | Acc: 0.8318 | Val Loss: 0.3938 | Val Acc: 0.8330 | Time: 11.10s
2025-03-05 00:19:19,326 - INFO - P1 (Round 3) - Epoch 4/10 | Loss: 0.3928 | Acc: 0.8334 | Val Loss: 0.3919 | Val Acc: 0.8318 | Time: 12.05s
2025-03-05 00:19:31,927 - INFO - P1 (Round 3) - Epoch 5/10 | Loss: 0.3896 | Acc: 0.8343 | Val Loss: 0.3903 | Val Acc: 0.8370 | Time: 12.60s
2025-03-05 00:19:43,936 - INFO - P1 (Round 3) - Epoch 6/10 | Loss: 0.3869 | Acc: 0.8356 | Val Loss: 0.3850 | Val Acc: 0.8351 | Time: 12.01s
2025-03-05 00:19:57,255 - INFO - P1 (Round 3) - Epoch 7/10 | Loss: 0.3845 | Acc: 0.8373 | Val Loss: 0.3842 | Val Acc: 0.8395 | Time: 13.32s
2025-03-05 00:20:09,359 - INFO - P1 (Round 3) - Epoch 8/10 | Loss: 0.3829 | Acc: 0.8388 | Val Loss: 0.3821 | Val Acc: 0.8389 | Time: 12.10s
2025-03-05 00:20:21,378 - INFO - P1 (Round 3) - Epoch 9/10 | Loss: 0.3815 | Acc: 0.8398 | Val Loss: 0.3805 | Val Acc: 0.8405 | Time: 12.02s
2025-03-05 00:20:33,441 - INFO - P1 (Round 3) - Epoch 10/10 | Loss: 0.3804 | Acc: 0.8405 | Val Loss: 0.3821 | Val Acc: 0.8445 | Time: 12.06s
2025-03-05 00:20:45,992 - INFO - P2 (Round 3) - Epoch 1/10 | Loss: 0.1866 | Acc: 0.9453 | Val Loss: 0.1212 | Val Acc: 0.9607 | Time: 12.55s
2025-03-05 00:20:58,851 - INFO - P2 (Round 3) - Epoch 2/10 | Loss: 0.1102 | Acc: 0.9643 | Val Loss: 0.1049 | Val Acc: 0.9640 | Time: 12.86s
2025-03-05 00:21:11,911 - INFO - P2 (Round 3) - Epoch 3/10 | Loss: 0.0991 | Acc: 0.9676 | Val Loss: 0.0977 | Val Acc: 0.9686 | Time: 13.06s
2025-03-05 00:21:23,835 - INFO - P2 (Round 3) - Epoch 4/10 | Loss: 0.0938 | Acc: 0.9694 | Val Loss: 0.0925 | Val Acc: 0.9701 | Time: 11.92s
2025-03-05 00:21:36,164 - INFO - P2 (Round 3) - Epoch 5/10 | Loss: 0.0910 | Acc: 0.9704 | Val Loss: 0.0919 | Val Acc: 0.9702 | Time: 12.33s
2025-03-05 00:21:48,757 - INFO - P2 (Round 3) - Epoch 6/10 | Loss: 0.0891 | Acc: 0.9709 | Val Loss: 0.0901 | Val Acc: 0.9707 | Time: 12.59s
2025-03-05 00:22:01,276 - INFO - P2 (Round 3) - Epoch 7/10 | Loss: 0.0875 | Acc: 0.9713 | Val Loss: 0.0881 | Val Acc: 0.9714 | Time: 12.52s
2025-03-05 00:22:14,094 - INFO - P2 (Round 3) - Epoch 8/10 | Loss: 0.0858 | Acc: 0.9720 | Val Loss: 0.0877 | Val Acc: 0.9719 | Time: 12.82s
2025-03-05 00:22:26,762 - INFO - P2 (Round 3) - Epoch 9/10 | Loss: 0.0842 | Acc: 0.9726 | Val Loss: 0.0880 | Val Acc: 0.9713 | Time: 12.67s
2025-03-05 00:22:38,458 - INFO - P2 (Round 3) - Epoch 10/10 | Loss: 0.0828 | Acc: 0.9732 | Val Loss: 0.0842 | Val Acc: 0.9734 | Time: 11.70s
2025-03-05 00:22:40,981 - INFO - Round 3 completed in 246.80s
2025-03-05 00:22:40,981 - INFO - Global Model - P1 Test: Loss = 3.0804, Accuracy = 0.4649
2025-03-05 00:22:40,981 - INFO - Global Model - P2 Test: Loss = 4.1165, Accuracy = 0.5301
2025-03-05 00:22:52,972 - INFO - P1 (Round 4) - Epoch 1/10 | Loss: 0.4460 | Acc: 0.8186 | Val Loss: 0.4087 | Val Acc: 0.8302 | Time: 11.99s
2025-03-05 00:23:05,058 - INFO - P1 (Round 4) - Epoch 2/10 | Loss: 0.3995 | Acc: 0.8332 | Val Loss: 0.3948 | Val Acc: 0.8334 | Time: 12.09s
2025-03-05 00:23:17,192 - INFO - P1 (Round 4) - Epoch 3/10 | Loss: 0.3901 | Acc: 0.8353 | Val Loss: 0.3859 | Val Acc: 0.8398 | Time: 12.13s
2025-03-05 00:23:30,486 - INFO - P1 (Round 4) - Epoch 4/10 | Loss: 0.3849 | Acc: 0.8377 | Val Loss: 0.3819 | Val Acc: 0.8414 | Time: 13.29s
2025-03-05 00:23:42,626 - INFO - P1 (Round 4) - Epoch 5/10 | Loss: 0.3813 | Acc: 0.8392 | Val Loss: 0.3835 | Val Acc: 0.8402 | Time: 12.14s
2025-03-05 00:23:54,619 - INFO - P1 (Round 4) - Epoch 6/10 | Loss: 0.3791 | Acc: 0.8403 | Val Loss: 0.3781 | Val Acc: 0.8421 | Time: 11.99s
2025-03-05 00:24:06,567 - INFO - P1 (Round 4) - Epoch 7/10 | Loss: 0.3773 | Acc: 0.8414 | Val Loss: 0.3812 | Val Acc: 0.8378 | Time: 11.95s
2025-03-05 00:24:18,524 - INFO - P1 (Round 4) - Epoch 8/10 | Loss: 0.3756 | Acc: 0.8419 | Val Loss: 0.3743 | Val Acc: 0.8417 | Time: 11.96s
2025-03-05 00:24:30,786 - INFO - P1 (Round 4) - Epoch 9/10 | Loss: 0.3739 | Acc: 0.8424 | Val Loss: 0.3760 | Val Acc: 0.8402 | Time: 12.26s
2025-03-05 00:24:44,158 - INFO - P1 (Round 4) - Epoch 10/10 | Loss: 0.3726 | Acc: 0.8429 | Val Loss: 0.3721 | Val Acc: 0.8441 | Time: 13.37s
2025-03-05 00:24:56,458 - INFO - P2 (Round 4) - Epoch 1/10 | Loss: 0.1393 | Acc: 0.9586 | Val Loss: 0.1025 | Val Acc: 0.9661 | Time: 12.30s
2025-03-05 00:25:08,536 - INFO - P2 (Round 4) - Epoch 2/10 | Loss: 0.0954 | Acc: 0.9692 | Val Loss: 0.0929 | Val Acc: 0.9710 | Time: 12.08s
2025-03-05 00:25:20,379 - INFO - P2 (Round 4) - Epoch 3/10 | Loss: 0.0882 | Acc: 0.9717 | Val Loss: 0.0871 | Val Acc: 0.9722 | Time: 11.84s
2025-03-05 00:25:32,257 - INFO - P2 (Round 4) - Epoch 4/10 | Loss: 0.0849 | Acc: 0.9727 | Val Loss: 0.0858 | Val Acc: 0.9719 | Time: 11.88s
2025-03-05 00:25:44,727 - INFO - P2 (Round 4) - Epoch 5/10 | Loss: 0.0825 | Acc: 0.9733 | Val Loss: 0.0857 | Val Acc: 0.9719 | Time: 12.47s
2025-03-05 00:25:57,622 - INFO - P2 (Round 4) - Epoch 6/10 | Loss: 0.0810 | Acc: 0.9739 | Val Loss: 0.0809 | Val Acc: 0.9738 | Time: 12.89s
2025-03-05 00:26:09,470 - INFO - P2 (Round 4) - Epoch 7/10 | Loss: 0.0797 | Acc: 0.9743 | Val Loss: 0.0808 | Val Acc: 0.9745 | Time: 11.85s
2025-03-05 00:26:21,575 - INFO - P2 (Round 4) - Epoch 8/10 | Loss: 0.0789 | Acc: 0.9747 | Val Loss: 0.0810 | Val Acc: 0.9735 | Time: 12.10s
2025-03-05 00:26:33,634 - INFO - P2 (Round 4) - Epoch 9/10 | Loss: 0.0783 | Acc: 0.9750 | Val Loss: 0.0803 | Val Acc: 0.9742 | Time: 12.06s
2025-03-05 00:26:45,525 - INFO - P2 (Round 4) - Epoch 10/10 | Loss: 0.0777 | Acc: 0.9752 | Val Loss: 0.0803 | Val Acc: 0.9744 | Time: 11.89s
2025-03-05 00:26:48,076 - INFO - Round 4 completed in 247.09s
2025-03-05 00:26:48,076 - INFO - Global Model - P1 Test: Loss = 2.4520, Accuracy = 0.5189
2025-03-05 00:26:48,076 - INFO - Global Model - P2 Test: Loss = 6.2780, Accuracy = 0.4801
2025-03-05 00:27:01,232 - INFO - P1 (Round 5) - Epoch 1/10 | Loss: 0.4264 | Acc: 0.8259 | Val Loss: 0.4035 | Val Acc: 0.8321 | Time: 13.16s
2025-03-05 00:27:13,952 - INFO - P1 (Round 5) - Epoch 2/10 | Loss: 0.3931 | Acc: 0.8364 | Val Loss: 0.3887 | Val Acc: 0.8367 | Time: 12.72s
2025-03-05 00:27:26,113 - INFO - P1 (Round 5) - Epoch 3/10 | Loss: 0.3881 | Acc: 0.8375 | Val Loss: 0.3851 | Val Acc: 0.8379 | Time: 12.16s
2025-03-05 00:27:38,783 - INFO - P1 (Round 5) - Epoch 4/10 | Loss: 0.3854 | Acc: 0.8385 | Val Loss: 0.3849 | Val Acc: 0.8385 | Time: 12.67s
2025-03-05 00:27:51,128 - INFO - P1 (Round 5) - Epoch 5/10 | Loss: 0.3832 | Acc: 0.8396 | Val Loss: 0.3813 | Val Acc: 0.8381 | Time: 12.34s
2025-03-05 00:28:03,096 - INFO - P1 (Round 5) - Epoch 6/10 | Loss: 0.3817 | Acc: 0.8401 | Val Loss: 0.3827 | Val Acc: 0.8413 | Time: 11.97s
2025-03-05 00:28:16,301 - INFO - P1 (Round 5) - Epoch 7/10 | Loss: 0.3805 | Acc: 0.8412 | Val Loss: 0.3799 | Val Acc: 0.8407 | Time: 13.21s
2025-03-05 00:28:28,352 - INFO - P1 (Round 5) - Epoch 8/10 | Loss: 0.3794 | Acc: 0.8413 | Val Loss: 0.3777 | Val Acc: 0.8426 | Time: 12.05s
2025-03-05 00:28:40,461 - INFO - P1 (Round 5) - Epoch 9/10 | Loss: 0.3784 | Acc: 0.8421 | Val Loss: 0.3764 | Val Acc: 0.8435 | Time: 12.11s
2025-03-05 00:28:52,774 - INFO - P1 (Round 5) - Epoch 10/10 | Loss: 0.3776 | Acc: 0.8425 | Val Loss: 0.3790 | Val Acc: 0.8393 | Time: 12.31s
2025-03-05 00:29:04,798 - INFO - P2 (Round 5) - Epoch 1/10 | Loss: 0.1516 | Acc: 0.9579 | Val Loss: 0.0962 | Val Acc: 0.9698 | Time: 12.02s
2025-03-05 00:29:17,035 - INFO - P2 (Round 5) - Epoch 2/10 | Loss: 0.0909 | Acc: 0.9708 | Val Loss: 0.0884 | Val Acc: 0.9718 | Time: 12.24s
2025-03-05 00:29:30,207 - INFO - P2 (Round 5) - Epoch 3/10 | Loss: 0.0854 | Acc: 0.9726 | Val Loss: 0.0868 | Val Acc: 0.9725 | Time: 13.17s
2025-03-05 00:29:42,368 - INFO - P2 (Round 5) - Epoch 4/10 | Loss: 0.0830 | Acc: 0.9736 | Val Loss: 0.0847 | Val Acc: 0.9726 | Time: 12.16s
2025-03-05 00:29:54,583 - INFO - P2 (Round 5) - Epoch 5/10 | Loss: 0.0816 | Acc: 0.9742 | Val Loss: 0.0829 | Val Acc: 0.9736 | Time: 12.22s
2025-03-05 00:30:07,187 - INFO - P2 (Round 5) - Epoch 6/10 | Loss: 0.0806 | Acc: 0.9746 | Val Loss: 0.0803 | Val Acc: 0.9751 | Time: 12.60s
2025-03-05 00:30:19,654 - INFO - P2 (Round 5) - Epoch 7/10 | Loss: 0.0794 | Acc: 0.9750 | Val Loss: 0.0797 | Val Acc: 0.9749 | Time: 12.47s
2025-03-05 00:30:32,123 - INFO - P2 (Round 5) - Epoch 8/10 | Loss: 0.0779 | Acc: 0.9755 | Val Loss: 0.0785 | Val Acc: 0.9755 | Time: 12.47s
2025-03-05 00:30:44,879 - INFO - P2 (Round 5) - Epoch 9/10 | Loss: 0.0772 | Acc: 0.9757 | Val Loss: 0.0786 | Val Acc: 0.9754 | Time: 12.76s
2025-03-05 00:30:56,786 - INFO - P2 (Round 5) - Epoch 10/10 | Loss: 0.0765 | Acc: 0.9759 | Val Loss: 0.0784 | Val Acc: 0.9758 | Time: 11.91s
2025-03-05 00:30:59,396 - INFO - Round 5 completed in 251.32s
2025-03-05 00:30:59,396 - INFO - Global Model - P1 Test: Loss = 2.3799, Accuracy = 0.5296
2025-03-05 00:30:59,396 - INFO - Global Model - P2 Test: Loss = 4.6257, Accuracy = 0.5224
2025-03-05 00:31:11,345 - INFO - P1 (Round 6) - Epoch 1/10 | Loss: 0.4189 | Acc: 0.8302 | Val Loss: 0.3966 | Val Acc: 0.8327 | Time: 11.95s
2025-03-05 00:31:23,233 - INFO - P1 (Round 6) - Epoch 2/10 | Loss: 0.3881 | Acc: 0.8374 | Val Loss: 0.3875 | Val Acc: 0.8394 | Time: 11.89s
2025-03-05 00:31:35,446 - INFO - P1 (Round 6) - Epoch 3/10 | Loss: 0.3832 | Acc: 0.8389 | Val Loss: 0.3818 | Val Acc: 0.8423 | Time: 12.21s
2025-03-05 00:31:48,550 - INFO - P1 (Round 6) - Epoch 4/10 | Loss: 0.3798 | Acc: 0.8402 | Val Loss: 0.3780 | Val Acc: 0.8416 | Time: 13.10s
2025-03-05 00:32:00,035 - INFO - P1 (Round 6) - Epoch 5/10 | Loss: 0.3778 | Acc: 0.8409 | Val Loss: 0.3772 | Val Acc: 0.8407 | Time: 11.49s
2025-03-05 00:32:10,256 - INFO - P1 (Round 6) - Epoch 6/10 | Loss: 0.3762 | Acc: 0.8414 | Val Loss: 0.3790 | Val Acc: 0.8403 | Time: 10.22s
2025-03-05 00:32:20,258 - INFO - P1 (Round 6) - Epoch 7/10 | Loss: 0.3746 | Acc: 0.8425 | Val Loss: 0.3736 | Val Acc: 0.8439 | Time: 10.00s
2025-03-05 00:32:30,353 - INFO - P1 (Round 6) - Epoch 8/10 | Loss: 0.3736 | Acc: 0.8427 | Val Loss: 0.3759 | Val Acc: 0.8437 | Time: 10.10s
2025-03-05 00:32:40,224 - INFO - P1 (Round 6) - Epoch 9/10 | Loss: 0.3725 | Acc: 0.8437 | Val Loss: 0.3731 | Val Acc: 0.8409 | Time: 9.87s
2025-03-05 00:32:50,861 - INFO - P1 (Round 6) - Epoch 10/10 | Loss: 0.3713 | Acc: 0.8440 | Val Loss: 0.3711 | Val Acc: 0.8452 | Time: 10.64s
2025-03-05 00:33:02,775 - INFO - P2 (Round 6) - Epoch 1/10 | Loss: 0.1628 | Acc: 0.9499 | Val Loss: 0.0935 | Val Acc: 0.9707 | Time: 11.91s
2025-03-05 00:33:12,881 - INFO - P2 (Round 6) - Epoch 2/10 | Loss: 0.0893 | Acc: 0.9715 | Val Loss: 0.0893 | Val Acc: 0.9713 | Time: 10.11s
2025-03-05 00:33:22,905 - INFO - P2 (Round 6) - Epoch 3/10 | Loss: 0.0843 | Acc: 0.9730 | Val Loss: 0.0842 | Val Acc: 0.9726 | Time: 10.02s
2025-03-05 00:33:33,376 - INFO - P2 (Round 6) - Epoch 4/10 | Loss: 0.0821 | Acc: 0.9737 | Val Loss: 0.0840 | Val Acc: 0.9729 | Time: 10.47s
2025-03-05 00:33:43,561 - INFO - P2 (Round 6) - Epoch 5/10 | Loss: 0.0803 | Acc: 0.9744 | Val Loss: 0.0826 | Val Acc: 0.9731 | Time: 10.19s
2025-03-05 00:33:53,737 - INFO - P2 (Round 6) - Epoch 6/10 | Loss: 0.0791 | Acc: 0.9747 | Val Loss: 0.0786 | Val Acc: 0.9748 | Time: 10.17s
2025-03-05 00:34:04,885 - INFO - P2 (Round 6) - Epoch 7/10 | Loss: 0.0782 | Acc: 0.9750 | Val Loss: 0.0783 | Val Acc: 0.9749 | Time: 11.15s
2025-03-05 00:34:16,238 - INFO - P2 (Round 6) - Epoch 8/10 | Loss: 0.0775 | Acc: 0.9753 | Val Loss: 0.0777 | Val Acc: 0.9756 | Time: 11.35s
2025-03-05 00:34:26,537 - INFO - P2 (Round 6) - Epoch 9/10 | Loss: 0.0768 | Acc: 0.9755 | Val Loss: 0.0782 | Val Acc: 0.9748 | Time: 10.30s
2025-03-05 00:34:36,800 - INFO - P2 (Round 6) - Epoch 10/10 | Loss: 0.0760 | Acc: 0.9757 | Val Loss: 0.0760 | Val Acc: 0.9759 | Time: 10.26s
2025-03-05 00:34:39,171 - INFO - Round 6 completed in 219.77s
2025-03-05 00:34:39,171 - INFO - Global Model - P1 Test: Loss = 3.1019, Accuracy = 0.4356
2025-03-05 00:34:39,171 - INFO - Global Model - P2 Test: Loss = 3.6776, Accuracy = 0.5984
2025-03-05 00:34:49,368 - INFO - P1 (Round 7) - Epoch 1/10 | Loss: 0.4276 | Acc: 0.8271 | Val Loss: 0.3969 | Val Acc: 0.8386 | Time: 10.20s
2025-03-05 00:34:59,598 - INFO - P1 (Round 7) - Epoch 2/10 | Loss: 0.3889 | Acc: 0.8398 | Val Loss: 0.3884 | Val Acc: 0.8456 | Time: 10.23s
2025-03-05 00:35:10,087 - INFO - P1 (Round 7) - Epoch 3/10 | Loss: 0.3819 | Acc: 0.8422 | Val Loss: 0.3784 | Val Acc: 0.8429 | Time: 10.49s
2025-03-05 00:35:22,642 - INFO - P1 (Round 7) - Epoch 4/10 | Loss: 0.3787 | Acc: 0.8434 | Val Loss: 0.3789 | Val Acc: 0.8388 | Time: 12.55s
2025-03-05 00:35:35,339 - INFO - P1 (Round 7) - Epoch 5/10 | Loss: 0.3765 | Acc: 0.8444 | Val Loss: 0.3787 | Val Acc: 0.8437 | Time: 12.70s
2025-03-05 00:35:47,806 - INFO - P1 (Round 7) - Epoch 6/10 | Loss: 0.3751 | Acc: 0.8451 | Val Loss: 0.3748 | Val Acc: 0.8461 | Time: 12.47s
2025-03-05 00:36:00,397 - INFO - P1 (Round 7) - Epoch 7/10 | Loss: 0.3740 | Acc: 0.8455 | Val Loss: 0.3745 | Val Acc: 0.8464 | Time: 12.59s
2025-03-05 00:36:12,794 - INFO - P1 (Round 7) - Epoch 8/10 | Loss: 0.3731 | Acc: 0.8463 | Val Loss: 0.3734 | Val Acc: 0.8471 | Time: 12.40s
2025-03-05 00:36:24,987 - INFO - P1 (Round 7) - Epoch 9/10 | Loss: 0.3723 | Acc: 0.8464 | Val Loss: 0.3732 | Val Acc: 0.8481 | Time: 12.19s
2025-03-05 00:36:38,078 - INFO - P1 (Round 7) - Epoch 10/10 | Loss: 0.3716 | Acc: 0.8472 | Val Loss: 0.3714 | Val Acc: 0.8461 | Time: 13.09s
2025-03-05 00:36:50,084 - INFO - P2 (Round 7) - Epoch 1/10 | Loss: 0.1505 | Acc: 0.9527 | Val Loss: 0.0913 | Val Acc: 0.9709 | Time: 12.01s
2025-03-05 00:37:02,067 - INFO - P2 (Round 7) - Epoch 2/10 | Loss: 0.0858 | Acc: 0.9727 | Val Loss: 0.0838 | Val Acc: 0.9738 | Time: 11.98s
2025-03-05 00:37:14,070 - INFO - P2 (Round 7) - Epoch 3/10 | Loss: 0.0809 | Acc: 0.9743 | Val Loss: 0.0822 | Val Acc: 0.9736 | Time: 12.00s
2025-03-05 00:37:26,056 - INFO - P2 (Round 7) - Epoch 4/10 | Loss: 0.0786 | Acc: 0.9751 | Val Loss: 0.0788 | Val Acc: 0.9749 | Time: 11.99s
2025-03-05 00:37:38,633 - INFO - P2 (Round 7) - Epoch 5/10 | Loss: 0.0771 | Acc: 0.9754 | Val Loss: 0.0771 | Val Acc: 0.9758 | Time: 12.58s
2025-03-05 00:37:51,472 - INFO - P2 (Round 7) - Epoch 6/10 | Loss: 0.0759 | Acc: 0.9758 | Val Loss: 0.0762 | Val Acc: 0.9756 | Time: 12.84s
2025-03-05 00:38:03,692 - INFO - P2 (Round 7) - Epoch 7/10 | Loss: 0.0750 | Acc: 0.9761 | Val Loss: 0.0762 | Val Acc: 0.9761 | Time: 12.22s
2025-03-05 00:38:16,285 - INFO - P2 (Round 7) - Epoch 8/10 | Loss: 0.0742 | Acc: 0.9763 | Val Loss: 0.0756 | Val Acc: 0.9755 | Time: 12.59s
2025-03-05 00:38:28,779 - INFO - P2 (Round 7) - Epoch 9/10 | Loss: 0.0735 | Acc: 0.9765 | Val Loss: 0.0735 | Val Acc: 0.9770 | Time: 12.49s
2025-03-05 00:38:41,260 - INFO - P2 (Round 7) - Epoch 10/10 | Loss: 0.0729 | Acc: 0.9767 | Val Loss: 0.0747 | Val Acc: 0.9760 | Time: 12.48s
2025-03-05 00:38:43,970 - INFO - Round 7 completed in 244.80s
2025-03-05 00:38:43,971 - INFO - Global Model - P1 Test: Loss = 3.5019, Accuracy = 0.4484
2025-03-05 00:38:43,971 - INFO - Global Model - P2 Test: Loss = 3.4425, Accuracy = 0.6070
2025-03-05 00:38:57,309 - INFO - P1 (Round 8) - Epoch 1/10 | Loss: 0.4298 | Acc: 0.8299 | Val Loss: 0.3911 | Val Acc: 0.8405 | Time: 13.34s
2025-03-05 00:39:09,477 - INFO - P1 (Round 8) - Epoch 2/10 | Loss: 0.3865 | Acc: 0.8418 | Val Loss: 0.3874 | Val Acc: 0.8386 | Time: 12.17s
2025-03-05 00:39:21,624 - INFO - P1 (Round 8) - Epoch 3/10 | Loss: 0.3811 | Acc: 0.8438 | Val Loss: 0.3808 | Val Acc: 0.8462 | Time: 12.15s
2025-03-05 00:39:33,793 - INFO - P1 (Round 8) - Epoch 4/10 | Loss: 0.3781 | Acc: 0.8454 | Val Loss: 0.3800 | Val Acc: 0.8450 | Time: 12.17s
2025-03-05 00:39:46,060 - INFO - P1 (Round 8) - Epoch 5/10 | Loss: 0.3758 | Acc: 0.8467 | Val Loss: 0.3765 | Val Acc: 0.8443 | Time: 12.27s
2025-03-05 00:39:58,257 - INFO - P1 (Round 8) - Epoch 6/10 | Loss: 0.3744 | Acc: 0.8478 | Val Loss: 0.3731 | Val Acc: 0.8490 | Time: 12.20s
2025-03-05 00:40:10,886 - INFO - P1 (Round 8) - Epoch 7/10 | Loss: 0.3730 | Acc: 0.8489 | Val Loss: 0.3731 | Val Acc: 0.8497 | Time: 12.63s
2025-03-05 00:40:21,166 - INFO - P1 (Round 8) - Epoch 8/10 | Loss: 0.3718 | Acc: 0.8495 | Val Loss: 0.3745 | Val Acc: 0.8455 | Time: 10.28s
2025-03-05 00:40:31,413 - INFO - P1 (Round 8) - Epoch 9/10 | Loss: 0.3707 | Acc: 0.8502 | Val Loss: 0.3708 | Val Acc: 0.8493 | Time: 10.25s
2025-03-05 00:40:41,767 - INFO - P1 (Round 8) - Epoch 10/10 | Loss: 0.3696 | Acc: 0.8508 | Val Loss: 0.3702 | Val Acc: 0.8517 | Time: 10.35s
2025-03-05 00:40:52,005 - INFO - P2 (Round 8) - Epoch 1/10 | Loss: 0.1360 | Acc: 0.9580 | Val Loss: 0.0881 | Val Acc: 0.9726 | Time: 10.24s
2025-03-05 00:41:02,103 - INFO - P2 (Round 8) - Epoch 2/10 | Loss: 0.0833 | Acc: 0.9738 | Val Loss: 0.0847 | Val Acc: 0.9736 | Time: 10.10s
2025-03-05 00:41:13,283 - INFO - P2 (Round 8) - Epoch 3/10 | Loss: 0.0791 | Acc: 0.9751 | Val Loss: 0.0779 | Val Acc: 0.9753 | Time: 11.18s
2025-03-05 00:41:24,567 - INFO - P2 (Round 8) - Epoch 4/10 | Loss: 0.0766 | Acc: 0.9759 | Val Loss: 0.0797 | Val Acc: 0.9746 | Time: 11.28s
2025-03-05 00:41:34,739 - INFO - P2 (Round 8) - Epoch 5/10 | Loss: 0.0751 | Acc: 0.9764 | Val Loss: 0.0767 | Val Acc: 0.9765 | Time: 10.17s
2025-03-05 00:41:44,895 - INFO - P2 (Round 8) - Epoch 6/10 | Loss: 0.0740 | Acc: 0.9766 | Val Loss: 0.0745 | Val Acc: 0.9766 | Time: 10.16s
2025-03-05 00:41:54,946 - INFO - P2 (Round 8) - Epoch 7/10 | Loss: 0.0731 | Acc: 0.9770 | Val Loss: 0.0739 | Val Acc: 0.9767 | Time: 10.05s
2025-03-05 00:42:05,228 - INFO - P2 (Round 8) - Epoch 8/10 | Loss: 0.0724 | Acc: 0.9771 | Val Loss: 0.0748 | Val Acc: 0.9751 | Time: 10.28s
2025-03-05 00:42:15,597 - INFO - P2 (Round 8) - Epoch 9/10 | Loss: 0.0717 | Acc: 0.9774 | Val Loss: 0.0738 | Val Acc: 0.9760 | Time: 10.37s
2025-03-05 00:42:27,342 - INFO - P2 (Round 8) - Epoch 10/10 | Loss: 0.0712 | Acc: 0.9775 | Val Loss: 0.0721 | Val Acc: 0.9776 | Time: 11.74s
2025-03-05 00:42:30,162 - INFO - Round 8 completed in 226.19s
2025-03-05 00:42:30,162 - INFO - Global Model - P1 Test: Loss = 3.9532, Accuracy = 0.4020
2025-03-05 00:42:30,162 - INFO - Global Model - P2 Test: Loss = 3.1718, Accuracy = 0.5934
2025-03-05 00:42:40,377 - INFO - P1 (Round 9) - Epoch 1/10 | Loss: 0.4344 | Acc: 0.8265 | Val Loss: 0.3961 | Val Acc: 0.8340 | Time: 10.21s
2025-03-05 00:42:50,342 - INFO - P1 (Round 9) - Epoch 2/10 | Loss: 0.3867 | Acc: 0.8418 | Val Loss: 0.3874 | Val Acc: 0.8356 | Time: 9.97s
2025-03-05 00:43:00,401 - INFO - P1 (Round 9) - Epoch 3/10 | Loss: 0.3805 | Acc: 0.8435 | Val Loss: 0.3803 | Val Acc: 0.8413 | Time: 10.06s
2025-03-05 00:43:10,990 - INFO - P1 (Round 9) - Epoch 4/10 | Loss: 0.3773 | Acc: 0.8455 | Val Loss: 0.3794 | Val Acc: 0.8426 | Time: 10.59s
2025-03-05 00:43:21,407 - INFO - P1 (Round 9) - Epoch 5/10 | Loss: 0.3750 | Acc: 0.8471 | Val Loss: 0.3727 | Val Acc: 0.8460 | Time: 10.42s
2025-03-05 00:43:32,097 - INFO - P1 (Round 9) - Epoch 6/10 | Loss: 0.3730 | Acc: 0.8483 | Val Loss: 0.3726 | Val Acc: 0.8456 | Time: 10.69s
2025-03-05 00:43:44,156 - INFO - P1 (Round 9) - Epoch 7/10 | Loss: 0.3717 | Acc: 0.8489 | Val Loss: 0.3722 | Val Acc: 0.8511 | Time: 12.06s
2025-03-05 00:43:54,159 - INFO - P1 (Round 9) - Epoch 8/10 | Loss: 0.3705 | Acc: 0.8497 | Val Loss: 0.3721 | Val Acc: 0.8461 | Time: 10.00s
2025-03-05 00:44:04,594 - INFO - P1 (Round 9) - Epoch 9/10 | Loss: 0.3694 | Acc: 0.8504 | Val Loss: 0.3709 | Val Acc: 0.8540 | Time: 10.44s
2025-03-05 00:44:15,008 - INFO - P1 (Round 9) - Epoch 10/10 | Loss: 0.3685 | Acc: 0.8510 | Val Loss: 0.3693 | Val Acc: 0.8499 | Time: 10.41s
2025-03-05 00:44:29,695 - INFO - P2 (Round 9) - Epoch 1/10 | Loss: 0.1124 | Acc: 0.9671 | Val Loss: 0.0818 | Val Acc: 0.9751 | Time: 14.69s
2025-03-05 00:44:39,889 - INFO - P2 (Round 9) - Epoch 2/10 | Loss: 0.0791 | Acc: 0.9753 | Val Loss: 0.0782 | Val Acc: 0.9761 | Time: 10.19s
2025-03-05 00:44:52,101 - INFO - P2 (Round 9) - Epoch 3/10 | Loss: 0.0759 | Acc: 0.9761 | Val Loss: 0.0774 | Val Acc: 0.9748 | Time: 12.21s
2025-03-05 00:45:02,309 - INFO - P2 (Round 9) - Epoch 4/10 | Loss: 0.0740 | Acc: 0.9767 | Val Loss: 0.0741 | Val Acc: 0.9767 | Time: 10.21s
2025-03-05 00:45:12,728 - INFO - P2 (Round 9) - Epoch 5/10 | Loss: 0.0729 | Acc: 0.9770 | Val Loss: 0.0750 | Val Acc: 0.9768 | Time: 10.42s
2025-03-05 00:45:23,029 - INFO - P2 (Round 9) - Epoch 6/10 | Loss: 0.0720 | Acc: 0.9772 | Val Loss: 0.0717 | Val Acc: 0.9779 | Time: 10.30s
2025-03-05 00:45:35,032 - INFO - P2 (Round 9) - Epoch 7/10 | Loss: 0.0714 | Acc: 0.9774 | Val Loss: 0.0723 | Val Acc: 0.9764 | Time: 12.00s
2025-03-05 00:45:47,202 - INFO - P2 (Round 9) - Epoch 8/10 | Loss: 0.0707 | Acc: 0.9777 | Val Loss: 0.0709 | Val Acc: 0.9778 | Time: 12.17s
2025-03-05 00:45:59,743 - INFO - P2 (Round 9) - Epoch 9/10 | Loss: 0.0701 | Acc: 0.9778 | Val Loss: 0.0711 | Val Acc: 0.9774 | Time: 12.54s
2025-03-05 00:46:12,935 - INFO - P2 (Round 9) - Epoch 10/10 | Loss: 0.0695 | Acc: 0.9780 | Val Loss: 0.0743 | Val Acc: 0.9768 | Time: 13.19s
2025-03-05 00:46:15,505 - INFO - Round 9 completed in 225.34s
2025-03-05 00:46:15,505 - INFO - Global Model - P1 Test: Loss = 3.4600, Accuracy = 0.3980
2025-03-05 00:46:15,505 - INFO - Global Model - P2 Test: Loss = 2.8683, Accuracy = 0.6022
2025-03-05 00:46:28,030 - INFO - P1 (Round 10) - Epoch 1/10 | Loss: 0.4320 | Acc: 0.8280 | Val Loss: 0.3898 | Val Acc: 0.8320 | Time: 12.52s
2025-03-05 00:46:40,437 - INFO - P1 (Round 10) - Epoch 2/10 | Loss: 0.3853 | Acc: 0.8422 | Val Loss: 0.3819 | Val Acc: 0.8425 | Time: 12.41s
2025-03-05 00:46:52,228 - INFO - P1 (Round 10) - Epoch 3/10 | Loss: 0.3787 | Acc: 0.8449 | Val Loss: 0.3769 | Val Acc: 0.8504 | Time: 11.79s
2025-03-05 00:47:04,316 - INFO - P1 (Round 10) - Epoch 4/10 | Loss: 0.3760 | Acc: 0.8469 | Val Loss: 0.3768 | Val Acc: 0.8480 | Time: 12.09s
2025-03-05 00:47:17,495 - INFO - P1 (Round 10) - Epoch 5/10 | Loss: 0.3741 | Acc: 0.8481 | Val Loss: 0.3729 | Val Acc: 0.8521 | Time: 13.18s
2025-03-05 00:47:29,675 - INFO - P1 (Round 10) - Epoch 6/10 | Loss: 0.3722 | Acc: 0.8493 | Val Loss: 0.3755 | Val Acc: 0.8497 | Time: 12.18s
2025-03-05 00:47:41,653 - INFO - P1 (Round 10) - Epoch 7/10 | Loss: 0.3708 | Acc: 0.8502 | Val Loss: 0.3700 | Val Acc: 0.8484 | Time: 11.98s
2025-03-05 00:47:54,150 - INFO - P1 (Round 10) - Epoch 8/10 | Loss: 0.3694 | Acc: 0.8512 | Val Loss: 0.3703 | Val Acc: 0.8485 | Time: 12.50s
2025-03-05 00:48:06,751 - INFO - P1 (Round 10) - Epoch 9/10 | Loss: 0.3686 | Acc: 0.8515 | Val Loss: 0.3724 | Val Acc: 0.8504 | Time: 12.60s
2025-03-05 00:48:19,101 - INFO - P1 (Round 10) - Epoch 10/10 | Loss: 0.3676 | Acc: 0.8519 | Val Loss: 0.3680 | Val Acc: 0.8521 | Time: 12.35s
2025-03-05 00:48:32,407 - INFO - P2 (Round 10) - Epoch 1/10 | Loss: 0.1365 | Acc: 0.9573 | Val Loss: 0.0857 | Val Acc: 0.9738 | Time: 13.31s
2025-03-05 00:48:45,012 - INFO - P2 (Round 10) - Epoch 2/10 | Loss: 0.0787 | Acc: 0.9755 | Val Loss: 0.0768 | Val Acc: 0.9759 | Time: 12.60s
2025-03-05 00:48:56,913 - INFO - P2 (Round 10) - Epoch 3/10 | Loss: 0.0748 | Acc: 0.9767 | Val Loss: 0.0746 | Val Acc: 0.9770 | Time: 11.90s
2025-03-05 00:49:09,412 - INFO - P2 (Round 10) - Epoch 4/10 | Loss: 0.0730 | Acc: 0.9772 | Val Loss: 0.0724 | Val Acc: 0.9777 | Time: 12.50s
2025-03-05 00:49:21,683 - INFO - P2 (Round 10) - Epoch 5/10 | Loss: 0.0718 | Acc: 0.9775 | Val Loss: 0.0718 | Val Acc: 0.9776 | Time: 12.27s
2025-03-05 00:49:34,876 - INFO - P2 (Round 10) - Epoch 6/10 | Loss: 0.0709 | Acc: 0.9779 | Val Loss: 0.0700 | Val Acc: 0.9781 | Time: 13.19s
2025-03-05 00:49:47,597 - INFO - P2 (Round 10) - Epoch 7/10 | Loss: 0.0702 | Acc: 0.9779 | Val Loss: 0.0695 | Val Acc: 0.9786 | Time: 12.72s
2025-03-05 00:49:59,865 - INFO - P2 (Round 10) - Epoch 8/10 | Loss: 0.0699 | Acc: 0.9781 | Val Loss: 0.0708 | Val Acc: 0.9783 | Time: 12.27s
2025-03-05 00:50:11,954 - INFO - P2 (Round 10) - Epoch 9/10 | Loss: 0.0692 | Acc: 0.9783 | Val Loss: 0.0694 | Val Acc: 0.9783 | Time: 12.09s
2025-03-05 00:50:23,825 - INFO - P2 (Round 10) - Epoch 10/10 | Loss: 0.0687 | Acc: 0.9784 | Val Loss: 0.0703 | Val Acc: 0.9774 | Time: 11.87s
2025-03-05 00:50:26,395 - INFO - Round 10 completed in 250.89s
2025-03-05 00:50:26,395 - INFO - Global Model - P1 Test: Loss = 4.0022, Accuracy = 0.3841
2025-03-05 00:50:26,395 - INFO - Global Model - P2 Test: Loss = 3.2569, Accuracy = 0.5645
2025-03-05 00:50:28,927 - INFO - Final Results after 10 rounds:
2025-03-05 00:50:28,928 - INFO - Global Model - P1 Test: Loss = 4.0022, Accuracy = 0.3841
2025-03-05 00:50:28,928 - INFO - Global Model - P2 Test: Loss = 3.2569, Accuracy = 0.5645
2025-03-05 00:50:28,940 - INFO - Experiment 142 results saved to results/suppression_experiments/exp_142_p1f4_p2f13.json
