2025-03-04 23:35:40,887 - INFO - Starting Suppression Experiment 146
2025-03-04 23:35:40,887 - INFO - P1 Features (4/14): ['protocol', 'bidirectional_min_ps', 'bidirectional_mean_ps', 'bidirectional_stddev_ps']
2025-03-04 23:35:40,887 - INFO - P2 Features (9/14): ['protocol', 'bidirectional_min_ps', 'bidirectional_mean_ps', 'bidirectional_stddev_ps', 'bidirectional_max_ps', 'src2dst_stddev_ps', 'src2dst_max_ps', 'dst2src_min_ps', 'dst2src_mean_ps']
2025-03-04 23:35:54,064 - INFO - P1 (Round 1) - Epoch 1/10 | Loss: 0.6803 | Acc: 0.7392 | Val Loss: 0.5331 | Val Acc: 0.7842 | Time: 13.09s
2025-03-04 23:36:06,603 - INFO - P1 (Round 1) - Epoch 2/10 | Loss: 0.5001 | Acc: 0.7958 | Val Loss: 0.4809 | Val Acc: 0.8040 | Time: 12.54s
2025-03-04 23:36:18,642 - INFO - P1 (Round 1) - Epoch 3/10 | Loss: 0.4631 | Acc: 0.8104 | Val Loss: 0.4516 | Val Acc: 0.8134 | Time: 12.04s
2025-03-04 23:36:30,948 - INFO - P1 (Round 1) - Epoch 4/10 | Loss: 0.4363 | Acc: 0.8193 | Val Loss: 0.4285 | Val Acc: 0.8220 | Time: 12.31s
2025-03-04 23:36:43,172 - INFO - P1 (Round 1) - Epoch 5/10 | Loss: 0.4205 | Acc: 0.8259 | Val Loss: 0.4174 | Val Acc: 0.8287 | Time: 12.22s
2025-03-04 23:36:55,343 - INFO - P1 (Round 1) - Epoch 6/10 | Loss: 0.4090 | Acc: 0.8309 | Val Loss: 0.4089 | Val Acc: 0.8342 | Time: 12.17s
2025-03-04 23:37:08,734 - INFO - P1 (Round 1) - Epoch 7/10 | Loss: 0.4013 | Acc: 0.8351 | Val Loss: 0.4002 | Val Acc: 0.8394 | Time: 13.39s
2025-03-04 23:37:21,086 - INFO - P1 (Round 1) - Epoch 8/10 | Loss: 0.3946 | Acc: 0.8391 | Val Loss: 0.3924 | Val Acc: 0.8423 | Time: 12.35s
2025-03-04 23:37:33,496 - INFO - P1 (Round 1) - Epoch 9/10 | Loss: 0.3890 | Acc: 0.8419 | Val Loss: 0.3901 | Val Acc: 0.8429 | Time: 12.41s
2025-03-04 23:37:45,777 - INFO - P1 (Round 1) - Epoch 10/10 | Loss: 0.3863 | Acc: 0.8438 | Val Loss: 0.3866 | Val Acc: 0.8454 | Time: 12.28s
2025-03-04 23:37:58,070 - INFO - P2 (Round 1) - Epoch 1/10 | Loss: 0.4212 | Acc: 0.8553 | Val Loss: 0.2570 | Val Acc: 0.9128 | Time: 12.29s
2025-03-04 23:38:10,885 - INFO - P2 (Round 1) - Epoch 2/10 | Loss: 0.2305 | Acc: 0.9219 | Val Loss: 0.2050 | Val Acc: 0.9317 | Time: 12.81s
2025-03-04 23:38:24,011 - INFO - P2 (Round 1) - Epoch 3/10 | Loss: 0.1798 | Acc: 0.9418 | Val Loss: 0.1602 | Val Acc: 0.9513 | Time: 13.13s
2025-03-04 23:38:36,469 - INFO - P2 (Round 1) - Epoch 4/10 | Loss: 0.1453 | Acc: 0.9553 | Val Loss: 0.1354 | Val Acc: 0.9577 | Time: 12.46s
2025-03-04 23:38:48,581 - INFO - P2 (Round 1) - Epoch 5/10 | Loss: 0.1293 | Acc: 0.9605 | Val Loss: 0.1255 | Val Acc: 0.9622 | Time: 12.11s
2025-03-04 23:39:01,111 - INFO - P2 (Round 1) - Epoch 6/10 | Loss: 0.1218 | Acc: 0.9630 | Val Loss: 0.1187 | Val Acc: 0.9630 | Time: 12.53s
2025-03-04 23:39:13,213 - INFO - P2 (Round 1) - Epoch 7/10 | Loss: 0.1154 | Acc: 0.9652 | Val Loss: 0.1131 | Val Acc: 0.9662 | Time: 12.10s
2025-03-04 23:39:26,399 - INFO - P2 (Round 1) - Epoch 8/10 | Loss: 0.1106 | Acc: 0.9668 | Val Loss: 0.1089 | Val Acc: 0.9677 | Time: 13.19s
2025-03-04 23:39:38,759 - INFO - P2 (Round 1) - Epoch 9/10 | Loss: 0.1068 | Acc: 0.9681 | Val Loss: 0.1062 | Val Acc: 0.9673 | Time: 12.36s
2025-03-04 23:39:50,871 - INFO - P2 (Round 1) - Epoch 10/10 | Loss: 0.1037 | Acc: 0.9689 | Val Loss: 0.1035 | Val Acc: 0.9696 | Time: 12.11s
2025-03-04 23:39:53,419 - INFO - Round 1 completed in 252.44s
2025-03-04 23:39:53,419 - INFO - Global Model - P1 Test: Loss = 3.4493, Accuracy = 0.2703
2025-03-04 23:39:53,419 - INFO - Global Model - P2 Test: Loss = 3.5304, Accuracy = 0.5054
2025-03-04 23:40:05,544 - INFO - P1 (Round 2) - Epoch 1/10 | Loss: 0.5157 | Acc: 0.7974 | Val Loss: 0.4340 | Val Acc: 0.8266 | Time: 12.12s
2025-03-04 23:40:17,608 - INFO - P1 (Round 2) - Epoch 2/10 | Loss: 0.4188 | Acc: 0.8310 | Val Loss: 0.4090 | Val Acc: 0.8357 | Time: 12.06s
2025-03-04 23:40:29,762 - INFO - P1 (Round 2) - Epoch 3/10 | Loss: 0.4027 | Acc: 0.8378 | Val Loss: 0.3979 | Val Acc: 0.8407 | Time: 12.15s
2025-03-04 23:40:43,047 - INFO - P1 (Round 2) - Epoch 4/10 | Loss: 0.3960 | Acc: 0.8414 | Val Loss: 0.3925 | Val Acc: 0.8424 | Time: 13.28s
2025-03-04 23:40:55,195 - INFO - P1 (Round 2) - Epoch 5/10 | Loss: 0.3916 | Acc: 0.8429 | Val Loss: 0.3888 | Val Acc: 0.8451 | Time: 12.15s
2025-03-04 23:41:07,359 - INFO - P1 (Round 2) - Epoch 6/10 | Loss: 0.3880 | Acc: 0.8442 | Val Loss: 0.3866 | Val Acc: 0.8438 | Time: 12.16s
2025-03-04 23:41:19,569 - INFO - P1 (Round 2) - Epoch 7/10 | Loss: 0.3849 | Acc: 0.8448 | Val Loss: 0.3846 | Val Acc: 0.8470 | Time: 12.21s
2025-03-04 23:41:32,179 - INFO - P1 (Round 2) - Epoch 8/10 | Loss: 0.3817 | Acc: 0.8453 | Val Loss: 0.3800 | Val Acc: 0.8457 | Time: 12.61s
2025-03-04 23:41:44,777 - INFO - P1 (Round 2) - Epoch 9/10 | Loss: 0.3793 | Acc: 0.8461 | Val Loss: 0.3807 | Val Acc: 0.8450 | Time: 12.60s
2025-03-04 23:41:57,832 - INFO - P1 (Round 2) - Epoch 10/10 | Loss: 0.3775 | Acc: 0.8466 | Val Loss: 0.3752 | Val Acc: 0.8471 | Time: 13.05s
2025-03-04 23:42:10,014 - INFO - P2 (Round 2) - Epoch 1/10 | Loss: 0.2645 | Acc: 0.9153 | Val Loss: 0.1521 | Val Acc: 0.9510 | Time: 12.18s
2025-03-04 23:42:22,609 - INFO - P2 (Round 2) - Epoch 2/10 | Loss: 0.1359 | Acc: 0.9573 | Val Loss: 0.1287 | Val Acc: 0.9607 | Time: 12.60s
2025-03-04 23:42:35,010 - INFO - P2 (Round 2) - Epoch 3/10 | Loss: 0.1217 | Acc: 0.9622 | Val Loss: 0.1186 | Val Acc: 0.9634 | Time: 12.40s
2025-03-04 23:42:47,516 - INFO - P2 (Round 2) - Epoch 4/10 | Loss: 0.1145 | Acc: 0.9642 | Val Loss: 0.1131 | Val Acc: 0.9648 | Time: 12.51s
2025-03-04 23:43:00,884 - INFO - P2 (Round 2) - Epoch 5/10 | Loss: 0.1094 | Acc: 0.9657 | Val Loss: 0.1082 | Val Acc: 0.9665 | Time: 13.37s
2025-03-04 23:43:13,357 - INFO - P2 (Round 2) - Epoch 6/10 | Loss: 0.1057 | Acc: 0.9670 | Val Loss: 0.1066 | Val Acc: 0.9670 | Time: 12.47s
2025-03-04 23:43:25,529 - INFO - P2 (Round 2) - Epoch 7/10 | Loss: 0.1031 | Acc: 0.9682 | Val Loss: 0.1042 | Val Acc: 0.9684 | Time: 12.17s
2025-03-04 23:43:37,796 - INFO - P2 (Round 2) - Epoch 8/10 | Loss: 0.1008 | Acc: 0.9687 | Val Loss: 0.1015 | Val Acc: 0.9683 | Time: 12.27s
2025-03-04 23:43:50,026 - INFO - P2 (Round 2) - Epoch 9/10 | Loss: 0.0990 | Acc: 0.9691 | Val Loss: 0.0995 | Val Acc: 0.9692 | Time: 12.23s
2025-03-04 23:44:02,427 - INFO - P2 (Round 2) - Epoch 10/10 | Loss: 0.0976 | Acc: 0.9696 | Val Loss: 0.0992 | Val Acc: 0.9695 | Time: 12.40s
2025-03-04 23:44:05,252 - INFO - Round 2 completed in 251.83s
2025-03-04 23:44:05,252 - INFO - Global Model - P1 Test: Loss = 2.2894, Accuracy = 0.5220
2025-03-04 23:44:05,253 - INFO - Global Model - P2 Test: Loss = 3.0378, Accuracy = 0.5835
2025-03-04 23:44:18,283 - INFO - P1 (Round 3) - Epoch 1/10 | Loss: 0.4596 | Acc: 0.8151 | Val Loss: 0.4197 | Val Acc: 0.8290 | Time: 13.03s
2025-03-04 23:44:30,278 - INFO - P1 (Round 3) - Epoch 2/10 | Loss: 0.4124 | Acc: 0.8311 | Val Loss: 0.4069 | Val Acc: 0.8323 | Time: 12.00s
2025-03-04 23:44:42,419 - INFO - P1 (Round 3) - Epoch 3/10 | Loss: 0.4038 | Acc: 0.8344 | Val Loss: 0.3997 | Val Acc: 0.8377 | Time: 12.14s
2025-03-04 23:44:54,590 - INFO - P1 (Round 3) - Epoch 4/10 | Loss: 0.3978 | Acc: 0.8373 | Val Loss: 0.3972 | Val Acc: 0.8385 | Time: 12.17s
2025-03-04 23:45:06,637 - INFO - P1 (Round 3) - Epoch 5/10 | Loss: 0.3929 | Acc: 0.8404 | Val Loss: 0.3922 | Val Acc: 0.8422 | Time: 12.05s
2025-03-04 23:45:19,284 - INFO - P1 (Round 3) - Epoch 6/10 | Loss: 0.3896 | Acc: 0.8419 | Val Loss: 0.3872 | Val Acc: 0.8409 | Time: 12.65s
2025-03-04 23:45:32,222 - INFO - P1 (Round 3) - Epoch 7/10 | Loss: 0.3867 | Acc: 0.8430 | Val Loss: 0.3862 | Val Acc: 0.8433 | Time: 12.94s
2025-03-04 23:45:44,305 - INFO - P1 (Round 3) - Epoch 8/10 | Loss: 0.3845 | Acc: 0.8437 | Val Loss: 0.3830 | Val Acc: 0.8430 | Time: 12.08s
2025-03-04 23:45:56,494 - INFO - P1 (Round 3) - Epoch 9/10 | Loss: 0.3825 | Acc: 0.8440 | Val Loss: 0.3831 | Val Acc: 0.8452 | Time: 12.19s
2025-03-04 23:46:08,522 - INFO - P1 (Round 3) - Epoch 10/10 | Loss: 0.3810 | Acc: 0.8444 | Val Loss: 0.3798 | Val Acc: 0.8428 | Time: 12.03s
2025-03-04 23:46:20,745 - INFO - P2 (Round 3) - Epoch 1/10 | Loss: 0.1697 | Acc: 0.9495 | Val Loss: 0.1231 | Val Acc: 0.9631 | Time: 12.22s
2025-03-04 23:46:33,442 - INFO - P2 (Round 3) - Epoch 2/10 | Loss: 0.1156 | Acc: 0.9640 | Val Loss: 0.1128 | Val Acc: 0.9647 | Time: 12.70s
2025-03-04 23:46:46,102 - INFO - P2 (Round 3) - Epoch 3/10 | Loss: 0.1087 | Acc: 0.9656 | Val Loss: 0.1074 | Val Acc: 0.9665 | Time: 12.66s
2025-03-04 23:46:58,467 - INFO - P2 (Round 3) - Epoch 4/10 | Loss: 0.1048 | Acc: 0.9666 | Val Loss: 0.1057 | Val Acc: 0.9673 | Time: 12.37s
2025-03-04 23:47:10,690 - INFO - P2 (Round 3) - Epoch 5/10 | Loss: 0.1025 | Acc: 0.9674 | Val Loss: 0.1029 | Val Acc: 0.9680 | Time: 12.22s
2025-03-04 23:47:22,688 - INFO - P2 (Round 3) - Epoch 6/10 | Loss: 0.1006 | Acc: 0.9681 | Val Loss: 0.1026 | Val Acc: 0.9678 | Time: 12.00s
2025-03-04 23:47:34,864 - INFO - P2 (Round 3) - Epoch 7/10 | Loss: 0.0990 | Acc: 0.9685 | Val Loss: 0.1005 | Val Acc: 0.9681 | Time: 12.18s
2025-03-04 23:47:48,078 - INFO - P2 (Round 3) - Epoch 8/10 | Loss: 0.0978 | Acc: 0.9688 | Val Loss: 0.0985 | Val Acc: 0.9686 | Time: 13.21s
2025-03-04 23:48:00,431 - INFO - P2 (Round 3) - Epoch 9/10 | Loss: 0.0968 | Acc: 0.9691 | Val Loss: 0.0976 | Val Acc: 0.9692 | Time: 12.35s
2025-03-04 23:48:12,546 - INFO - P2 (Round 3) - Epoch 10/10 | Loss: 0.0959 | Acc: 0.9693 | Val Loss: 0.0975 | Val Acc: 0.9695 | Time: 12.11s
2025-03-04 23:48:15,138 - INFO - Round 3 completed in 249.89s
2025-03-04 23:48:15,138 - INFO - Global Model - P1 Test: Loss = 1.7347, Accuracy = 0.5781
2025-03-04 23:48:15,138 - INFO - Global Model - P2 Test: Loss = 4.6669, Accuracy = 0.5633
2025-03-04 23:48:25,891 - INFO - P1 (Round 4) - Epoch 1/10 | Loss: 0.4196 | Acc: 0.8291 | Val Loss: 0.3998 | Val Acc: 0.8395 | Time: 10.75s
2025-03-04 23:48:35,987 - INFO - P1 (Round 4) - Epoch 2/10 | Loss: 0.3929 | Acc: 0.8402 | Val Loss: 0.3941 | Val Acc: 0.8402 | Time: 10.10s
2025-03-04 23:48:46,145 - INFO - P1 (Round 4) - Epoch 3/10 | Loss: 0.3874 | Acc: 0.8426 | Val Loss: 0.3851 | Val Acc: 0.8419 | Time: 10.16s
2025-03-04 23:48:59,160 - INFO - P1 (Round 4) - Epoch 4/10 | Loss: 0.3839 | Acc: 0.8435 | Val Loss: 0.3833 | Val Acc: 0.8437 | Time: 13.02s
2025-03-04 23:49:12,104 - INFO - P1 (Round 4) - Epoch 5/10 | Loss: 0.3813 | Acc: 0.8442 | Val Loss: 0.3831 | Val Acc: 0.8412 | Time: 12.94s
2025-03-04 23:49:24,802 - INFO - P1 (Round 4) - Epoch 6/10 | Loss: 0.3796 | Acc: 0.8445 | Val Loss: 0.3801 | Val Acc: 0.8416 | Time: 12.70s
2025-03-04 23:49:37,249 - INFO - P1 (Round 4) - Epoch 7/10 | Loss: 0.3785 | Acc: 0.8447 | Val Loss: 0.3794 | Val Acc: 0.8440 | Time: 12.45s
2025-03-04 23:49:49,479 - INFO - P1 (Round 4) - Epoch 8/10 | Loss: 0.3773 | Acc: 0.8448 | Val Loss: 0.3778 | Val Acc: 0.8444 | Time: 12.23s
2025-03-04 23:50:02,015 - INFO - P1 (Round 4) - Epoch 9/10 | Loss: 0.3764 | Acc: 0.8450 | Val Loss: 0.3769 | Val Acc: 0.8442 | Time: 12.54s
2025-03-04 23:50:15,066 - INFO - P1 (Round 4) - Epoch 10/10 | Loss: 0.3755 | Acc: 0.8451 | Val Loss: 0.3754 | Val Acc: 0.8429 | Time: 13.05s
2025-03-04 23:50:27,362 - INFO - P2 (Round 4) - Epoch 1/10 | Loss: 0.1568 | Acc: 0.9562 | Val Loss: 0.1158 | Val Acc: 0.9651 | Time: 12.30s
2025-03-04 23:50:39,563 - INFO - P2 (Round 4) - Epoch 2/10 | Loss: 0.1106 | Acc: 0.9661 | Val Loss: 0.1089 | Val Acc: 0.9664 | Time: 12.20s
2025-03-04 23:50:52,059 - INFO - P2 (Round 4) - Epoch 3/10 | Loss: 0.1062 | Acc: 0.9672 | Val Loss: 0.1057 | Val Acc: 0.9674 | Time: 12.50s
2025-03-04 23:51:04,822 - INFO - P2 (Round 4) - Epoch 4/10 | Loss: 0.1031 | Acc: 0.9677 | Val Loss: 0.1034 | Val Acc: 0.9674 | Time: 12.76s
2025-03-04 23:51:17,898 - INFO - P2 (Round 4) - Epoch 5/10 | Loss: 0.1006 | Acc: 0.9684 | Val Loss: 0.1017 | Val Acc: 0.9675 | Time: 13.08s
2025-03-04 23:51:30,517 - INFO - P2 (Round 4) - Epoch 6/10 | Loss: 0.0987 | Acc: 0.9688 | Val Loss: 0.1002 | Val Acc: 0.9689 | Time: 12.62s
2025-03-04 23:51:42,354 - INFO - P2 (Round 4) - Epoch 7/10 | Loss: 0.0973 | Acc: 0.9691 | Val Loss: 0.0973 | Val Acc: 0.9695 | Time: 11.84s
2025-03-04 23:51:54,332 - INFO - P2 (Round 4) - Epoch 8/10 | Loss: 0.0963 | Acc: 0.9692 | Val Loss: 0.0971 | Val Acc: 0.9692 | Time: 11.98s
2025-03-04 23:52:06,539 - INFO - P2 (Round 4) - Epoch 9/10 | Loss: 0.0957 | Acc: 0.9692 | Val Loss: 0.0969 | Val Acc: 0.9685 | Time: 12.21s
2025-03-04 23:52:18,800 - INFO - P2 (Round 4) - Epoch 10/10 | Loss: 0.0945 | Acc: 0.9698 | Val Loss: 0.0955 | Val Acc: 0.9695 | Time: 12.26s
2025-03-04 23:52:21,465 - INFO - Round 4 completed in 246.33s
2025-03-04 23:52:21,465 - INFO - Global Model - P1 Test: Loss = 2.1112, Accuracy = 0.4498
2025-03-04 23:52:21,465 - INFO - Global Model - P2 Test: Loss = 10.6564, Accuracy = 0.6009
2025-03-04 23:52:34,929 - INFO - P1 (Round 5) - Epoch 1/10 | Loss: 0.4218 | Acc: 0.8306 | Val Loss: 0.3956 | Val Acc: 0.8417 | Time: 13.46s
2025-03-04 23:52:47,016 - INFO - P1 (Round 5) - Epoch 2/10 | Loss: 0.3905 | Acc: 0.8419 | Val Loss: 0.3895 | Val Acc: 0.8424 | Time: 12.09s
2025-03-04 23:52:58,241 - INFO - P1 (Round 5) - Epoch 3/10 | Loss: 0.3871 | Acc: 0.8426 | Val Loss: 0.3866 | Val Acc: 0.8429 | Time: 11.23s
2025-03-04 23:53:08,644 - INFO - P1 (Round 5) - Epoch 4/10 | Loss: 0.3849 | Acc: 0.8424 | Val Loss: 0.3839 | Val Acc: 0.8412 | Time: 10.40s
2025-03-04 23:53:19,454 - INFO - P1 (Round 5) - Epoch 5/10 | Loss: 0.3825 | Acc: 0.8431 | Val Loss: 0.3833 | Val Acc: 0.8423 | Time: 10.81s
2025-03-04 23:53:33,056 - INFO - P1 (Round 5) - Epoch 6/10 | Loss: 0.3800 | Acc: 0.8445 | Val Loss: 0.3801 | Val Acc: 0.8447 | Time: 13.60s
2025-03-04 23:53:49,724 - INFO - P1 (Round 5) - Epoch 7/10 | Loss: 0.3779 | Acc: 0.8456 | Val Loss: 0.3784 | Val Acc: 0.8461 | Time: 16.67s
2025-03-04 23:54:03,723 - INFO - P1 (Round 5) - Epoch 8/10 | Loss: 0.3763 | Acc: 0.8462 | Val Loss: 0.3769 | Val Acc: 0.8472 | Time: 14.00s
2025-03-04 23:54:16,321 - INFO - P1 (Round 5) - Epoch 9/10 | Loss: 0.3750 | Acc: 0.8467 | Val Loss: 0.3745 | Val Acc: 0.8475 | Time: 12.60s
2025-03-04 23:54:28,442 - INFO - P1 (Round 5) - Epoch 10/10 | Loss: 0.3739 | Acc: 0.8470 | Val Loss: 0.3754 | Val Acc: 0.8457 | Time: 12.12s
2025-03-04 23:54:40,564 - INFO - P2 (Round 5) - Epoch 1/10 | Loss: 0.2072 | Acc: 0.9558 | Val Loss: 0.1097 | Val Acc: 0.9658 | Time: 12.12s
2025-03-04 23:54:53,670 - INFO - P2 (Round 5) - Epoch 2/10 | Loss: 0.1047 | Acc: 0.9668 | Val Loss: 0.1023 | Val Acc: 0.9674 | Time: 13.11s
2025-03-04 23:55:06,386 - INFO - P2 (Round 5) - Epoch 3/10 | Loss: 0.1002 | Acc: 0.9682 | Val Loss: 0.1007 | Val Acc: 0.9681 | Time: 12.72s
2025-03-04 23:55:18,773 - INFO - P2 (Round 5) - Epoch 4/10 | Loss: 0.0979 | Acc: 0.9689 | Val Loss: 0.1016 | Val Acc: 0.9687 | Time: 12.39s
2025-03-04 23:55:31,143 - INFO - P2 (Round 5) - Epoch 5/10 | Loss: 0.0965 | Acc: 0.9693 | Val Loss: 0.0985 | Val Acc: 0.9690 | Time: 12.37s
2025-03-04 23:55:43,142 - INFO - P2 (Round 5) - Epoch 6/10 | Loss: 0.0955 | Acc: 0.9697 | Val Loss: 0.0953 | Val Acc: 0.9697 | Time: 12.00s
2025-03-04 23:55:55,220 - INFO - P2 (Round 5) - Epoch 7/10 | Loss: 0.0942 | Acc: 0.9701 | Val Loss: 0.0957 | Val Acc: 0.9696 | Time: 12.08s
2025-03-04 23:56:08,690 - INFO - P2 (Round 5) - Epoch 8/10 | Loss: 0.0932 | Acc: 0.9705 | Val Loss: 0.0941 | Val Acc: 0.9701 | Time: 13.47s
2025-03-04 23:56:20,248 - INFO - P2 (Round 5) - Epoch 9/10 | Loss: 0.0927 | Acc: 0.9705 | Val Loss: 0.0947 | Val Acc: 0.9699 | Time: 11.56s
2025-03-04 23:56:31,178 - INFO - P2 (Round 5) - Epoch 10/10 | Loss: 0.0923 | Acc: 0.9706 | Val Loss: 0.0943 | Val Acc: 0.9699 | Time: 10.93s
2025-03-04 23:56:33,520 - INFO - Round 5 completed in 252.05s
2025-03-04 23:56:33,520 - INFO - Global Model - P1 Test: Loss = 2.2605, Accuracy = 0.4306
2025-03-04 23:56:33,520 - INFO - Global Model - P2 Test: Loss = 11.4329, Accuracy = 0.5271
2025-03-04 23:56:44,174 - INFO - P1 (Round 6) - Epoch 1/10 | Loss: 0.4242 | Acc: 0.8306 | Val Loss: 0.3975 | Val Acc: 0.8401 | Time: 10.65s
2025-03-04 23:56:54,747 - INFO - P1 (Round 6) - Epoch 2/10 | Loss: 0.3859 | Acc: 0.8433 | Val Loss: 0.3864 | Val Acc: 0.8410 | Time: 10.57s
2025-03-04 23:57:05,051 - INFO - P1 (Round 6) - Epoch 3/10 | Loss: 0.3804 | Acc: 0.8455 | Val Loss: 0.3798 | Val Acc: 0.8451 | Time: 10.30s
2025-03-04 23:57:17,510 - INFO - P1 (Round 6) - Epoch 4/10 | Loss: 0.3774 | Acc: 0.8467 | Val Loss: 0.3761 | Val Acc: 0.8463 | Time: 12.46s
2025-03-04 23:57:27,791 - INFO - P1 (Round 6) - Epoch 5/10 | Loss: 0.3747 | Acc: 0.8473 | Val Loss: 0.3739 | Val Acc: 0.8458 | Time: 10.28s
2025-03-04 23:57:38,026 - INFO - P1 (Round 6) - Epoch 6/10 | Loss: 0.3728 | Acc: 0.8476 | Val Loss: 0.3716 | Val Acc: 0.8476 | Time: 10.23s
2025-03-04 23:57:48,513 - INFO - P1 (Round 6) - Epoch 7/10 | Loss: 0.3711 | Acc: 0.8481 | Val Loss: 0.3693 | Val Acc: 0.8478 | Time: 10.49s
2025-03-04 23:57:59,002 - INFO - P1 (Round 6) - Epoch 8/10 | Loss: 0.3696 | Acc: 0.8483 | Val Loss: 0.3745 | Val Acc: 0.8460 | Time: 10.49s
2025-03-04 23:58:09,400 - INFO - P1 (Round 6) - Epoch 9/10 | Loss: 0.3685 | Acc: 0.8484 | Val Loss: 0.3701 | Val Acc: 0.8479 | Time: 10.40s
2025-03-04 23:58:20,477 - INFO - P1 (Round 6) - Epoch 10/10 | Loss: 0.3675 | Acc: 0.8489 | Val Loss: 0.3688 | Val Acc: 0.8482 | Time: 11.08s
2025-03-04 23:58:32,438 - INFO - P2 (Round 6) - Epoch 1/10 | Loss: 0.1990 | Acc: 0.9546 | Val Loss: 0.1086 | Val Acc: 0.9663 | Time: 11.96s
2025-03-04 23:58:42,821 - INFO - P2 (Round 6) - Epoch 2/10 | Loss: 0.1020 | Acc: 0.9681 | Val Loss: 0.1000 | Val Acc: 0.9695 | Time: 10.38s
2025-03-04 23:58:53,354 - INFO - P2 (Round 6) - Epoch 3/10 | Loss: 0.0977 | Acc: 0.9696 | Val Loss: 0.0984 | Val Acc: 0.9686 | Time: 10.53s
2025-03-04 23:59:03,817 - INFO - P2 (Round 6) - Epoch 4/10 | Loss: 0.0952 | Acc: 0.9701 | Val Loss: 0.0951 | Val Acc: 0.9702 | Time: 10.46s
2025-03-04 23:59:13,945 - INFO - P2 (Round 6) - Epoch 5/10 | Loss: 0.0931 | Acc: 0.9707 | Val Loss: 0.0935 | Val Acc: 0.9708 | Time: 10.13s
2025-03-04 23:59:24,378 - INFO - P2 (Round 6) - Epoch 6/10 | Loss: 0.0937 | Acc: 0.9698 | Val Loss: 0.0965 | Val Acc: 0.9682 | Time: 10.43s
2025-03-04 23:59:36,432 - INFO - P2 (Round 6) - Epoch 7/10 | Loss: 0.0912 | Acc: 0.9711 | Val Loss: 0.0929 | Val Acc: 0.9706 | Time: 12.05s
2025-03-04 23:59:47,426 - INFO - P2 (Round 6) - Epoch 8/10 | Loss: 0.0902 | Acc: 0.9714 | Val Loss: 0.0930 | Val Acc: 0.9699 | Time: 10.99s
2025-03-04 23:59:57,911 - INFO - P2 (Round 6) - Epoch 9/10 | Loss: 0.0896 | Acc: 0.9715 | Val Loss: 0.0910 | Val Acc: 0.9710 | Time: 10.49s
2025-03-05 00:00:10,615 - INFO - P2 (Round 6) - Epoch 10/10 | Loss: 0.0887 | Acc: 0.9716 | Val Loss: 0.0895 | Val Acc: 0.9720 | Time: 12.70s
2025-03-05 00:00:13,179 - INFO - Round 6 completed in 219.66s
2025-03-05 00:00:13,179 - INFO - Global Model - P1 Test: Loss = 3.0254, Accuracy = 0.3818
2025-03-05 00:00:13,179 - INFO - Global Model - P2 Test: Loss = 11.3861, Accuracy = 0.5079
2025-03-05 00:00:25,442 - INFO - P1 (Round 7) - Epoch 1/10 | Loss: 0.4432 | Acc: 0.8233 | Val Loss: 0.4049 | Val Acc: 0.8372 | Time: 12.26s
2025-03-05 00:00:37,602 - INFO - P1 (Round 7) - Epoch 2/10 | Loss: 0.3990 | Acc: 0.8366 | Val Loss: 0.3959 | Val Acc: 0.8354 | Time: 12.16s
2025-03-05 00:00:50,878 - INFO - P1 (Round 7) - Epoch 3/10 | Loss: 0.3923 | Acc: 0.8393 | Val Loss: 0.3858 | Val Acc: 0.8433 | Time: 13.28s
2025-03-05 00:01:03,357 - INFO - P1 (Round 7) - Epoch 4/10 | Loss: 0.3850 | Acc: 0.8434 | Val Loss: 0.3841 | Val Acc: 0.8433 | Time: 12.48s
2025-03-05 00:01:13,811 - INFO - P1 (Round 7) - Epoch 5/10 | Loss: 0.3818 | Acc: 0.8449 | Val Loss: 0.3827 | Val Acc: 0.8441 | Time: 10.45s
2025-03-05 00:01:24,017 - INFO - P1 (Round 7) - Epoch 6/10 | Loss: 0.3787 | Acc: 0.8464 | Val Loss: 0.3779 | Val Acc: 0.8464 | Time: 10.20s
2025-03-05 00:01:34,324 - INFO - P1 (Round 7) - Epoch 7/10 | Loss: 0.3757 | Acc: 0.8477 | Val Loss: 0.3772 | Val Acc: 0.8471 | Time: 10.31s
2025-03-05 00:01:44,710 - INFO - P1 (Round 7) - Epoch 8/10 | Loss: 0.3733 | Acc: 0.8489 | Val Loss: 0.3741 | Val Acc: 0.8495 | Time: 10.39s
2025-03-05 00:01:56,263 - INFO - P1 (Round 7) - Epoch 9/10 | Loss: 0.3719 | Acc: 0.8494 | Val Loss: 0.3738 | Val Acc: 0.8497 | Time: 11.55s
2025-03-05 00:02:07,743 - INFO - P1 (Round 7) - Epoch 10/10 | Loss: 0.3706 | Acc: 0.8499 | Val Loss: 0.3705 | Val Acc: 0.8501 | Time: 11.48s
2025-03-05 00:02:17,994 - INFO - P2 (Round 7) - Epoch 1/10 | Loss: 0.2056 | Acc: 0.9558 | Val Loss: 0.1081 | Val Acc: 0.9681 | Time: 10.25s
2025-03-05 00:02:28,429 - INFO - P2 (Round 7) - Epoch 2/10 | Loss: 0.1018 | Acc: 0.9683 | Val Loss: 0.1010 | Val Acc: 0.9688 | Time: 10.44s
2025-03-05 00:02:38,666 - INFO - P2 (Round 7) - Epoch 3/10 | Loss: 0.0965 | Acc: 0.9699 | Val Loss: 0.0986 | Val Acc: 0.9689 | Time: 10.24s
2025-03-05 00:02:48,939 - INFO - P2 (Round 7) - Epoch 4/10 | Loss: 0.0939 | Acc: 0.9705 | Val Loss: 0.0944 | Val Acc: 0.9702 | Time: 10.27s
2025-03-05 00:02:59,343 - INFO - P2 (Round 7) - Epoch 5/10 | Loss: 0.0924 | Acc: 0.9708 | Val Loss: 0.0924 | Val Acc: 0.9711 | Time: 10.40s
2025-03-05 00:03:11,608 - INFO - P2 (Round 7) - Epoch 6/10 | Loss: 0.0912 | Acc: 0.9710 | Val Loss: 0.0925 | Val Acc: 0.9707 | Time: 12.26s
2025-03-05 00:03:22,599 - INFO - P2 (Round 7) - Epoch 7/10 | Loss: 0.0902 | Acc: 0.9712 | Val Loss: 0.0914 | Val Acc: 0.9710 | Time: 10.99s
2025-03-05 00:03:33,073 - INFO - P2 (Round 7) - Epoch 8/10 | Loss: 0.0893 | Acc: 0.9715 | Val Loss: 0.0896 | Val Acc: 0.9722 | Time: 10.47s
2025-03-05 00:03:43,400 - INFO - P2 (Round 7) - Epoch 9/10 | Loss: 0.0885 | Acc: 0.9716 | Val Loss: 0.0910 | Val Acc: 0.9708 | Time: 10.33s
2025-03-05 00:03:53,637 - INFO - P2 (Round 7) - Epoch 10/10 | Loss: 0.0877 | Acc: 0.9719 | Val Loss: 0.0903 | Val Acc: 0.9718 | Time: 10.24s
2025-03-05 00:03:56,112 - INFO - Round 7 completed in 222.93s
2025-03-05 00:03:56,112 - INFO - Global Model - P1 Test: Loss = 2.8895, Accuracy = 0.5173
2025-03-05 00:03:56,112 - INFO - Global Model - P2 Test: Loss = 12.4962, Accuracy = 0.4753
2025-03-05 00:04:06,372 - INFO - P1 (Round 8) - Epoch 1/10 | Loss: 0.4667 | Acc: 0.8153 | Val Loss: 0.4208 | Val Acc: 0.8342 | Time: 10.26s
2025-03-05 00:04:17,636 - INFO - P1 (Round 8) - Epoch 2/10 | Loss: 0.4097 | Acc: 0.8368 | Val Loss: 0.4054 | Val Acc: 0.8308 | Time: 11.26s
2025-03-05 00:04:29,712 - INFO - P1 (Round 8) - Epoch 3/10 | Loss: 0.3923 | Acc: 0.8435 | Val Loss: 0.3863 | Val Acc: 0.8449 | Time: 12.08s
2025-03-05 00:04:40,029 - INFO - P1 (Round 8) - Epoch 4/10 | Loss: 0.3838 | Acc: 0.8462 | Val Loss: 0.3816 | Val Acc: 0.8472 | Time: 10.32s
2025-03-05 00:04:50,609 - INFO - P1 (Round 8) - Epoch 5/10 | Loss: 0.3795 | Acc: 0.8473 | Val Loss: 0.3781 | Val Acc: 0.8482 | Time: 10.58s
2025-03-05 00:05:01,239 - INFO - P1 (Round 8) - Epoch 6/10 | Loss: 0.3767 | Acc: 0.8480 | Val Loss: 0.3762 | Val Acc: 0.8484 | Time: 10.63s
2025-03-05 00:05:11,515 - INFO - P1 (Round 8) - Epoch 7/10 | Loss: 0.3748 | Acc: 0.8482 | Val Loss: 0.3790 | Val Acc: 0.8385 | Time: 10.28s
2025-03-05 00:05:21,758 - INFO - P1 (Round 8) - Epoch 8/10 | Loss: 0.3729 | Acc: 0.8490 | Val Loss: 0.3734 | Val Acc: 0.8472 | Time: 10.24s
2025-03-05 00:05:33,666 - INFO - P1 (Round 8) - Epoch 9/10 | Loss: 0.3713 | Acc: 0.8490 | Val Loss: 0.3715 | Val Acc: 0.8485 | Time: 11.91s
2025-03-05 00:05:44,579 - INFO - P1 (Round 8) - Epoch 10/10 | Loss: 0.3701 | Acc: 0.8495 | Val Loss: 0.3775 | Val Acc: 0.8451 | Time: 10.91s
2025-03-05 00:05:54,824 - INFO - P2 (Round 8) - Epoch 1/10 | Loss: 0.2102 | Acc: 0.9563 | Val Loss: 0.1028 | Val Acc: 0.9675 | Time: 10.24s
2025-03-05 00:06:05,362 - INFO - P2 (Round 8) - Epoch 2/10 | Loss: 0.0967 | Acc: 0.9694 | Val Loss: 0.0974 | Val Acc: 0.9693 | Time: 10.54s
2025-03-05 00:06:15,611 - INFO - P2 (Round 8) - Epoch 3/10 | Loss: 0.0926 | Acc: 0.9703 | Val Loss: 0.0919 | Val Acc: 0.9705 | Time: 10.25s
2025-03-05 00:06:25,886 - INFO - P2 (Round 8) - Epoch 4/10 | Loss: 0.0906 | Acc: 0.9708 | Val Loss: 0.0916 | Val Acc: 0.9701 | Time: 10.27s
2025-03-05 00:06:36,090 - INFO - P2 (Round 8) - Epoch 5/10 | Loss: 0.0896 | Acc: 0.9711 | Val Loss: 0.0899 | Val Acc: 0.9715 | Time: 10.20s
2025-03-05 00:06:48,441 - INFO - P2 (Round 8) - Epoch 6/10 | Loss: 0.0886 | Acc: 0.9715 | Val Loss: 0.0889 | Val Acc: 0.9720 | Time: 12.35s
2025-03-05 00:06:59,881 - INFO - P2 (Round 8) - Epoch 7/10 | Loss: 0.0878 | Acc: 0.9717 | Val Loss: 0.0890 | Val Acc: 0.9714 | Time: 11.44s
2025-03-05 00:07:10,307 - INFO - P2 (Round 8) - Epoch 8/10 | Loss: 0.0873 | Acc: 0.9720 | Val Loss: 0.0886 | Val Acc: 0.9710 | Time: 10.43s
2025-03-05 00:07:22,123 - INFO - P2 (Round 8) - Epoch 9/10 | Loss: 0.0866 | Acc: 0.9721 | Val Loss: 0.0880 | Val Acc: 0.9723 | Time: 11.82s
2025-03-05 00:07:35,255 - INFO - P2 (Round 8) - Epoch 10/10 | Loss: 0.0860 | Acc: 0.9724 | Val Loss: 0.0875 | Val Acc: 0.9726 | Time: 13.13s
2025-03-05 00:07:37,899 - INFO - Round 8 completed in 221.79s
2025-03-05 00:07:37,899 - INFO - Global Model - P1 Test: Loss = 2.9989, Accuracy = 0.4103
2025-03-05 00:07:37,899 - INFO - Global Model - P2 Test: Loss = 12.2083, Accuracy = 0.5426
2025-03-05 00:07:48,167 - INFO - P1 (Round 9) - Epoch 1/10 | Loss: 0.4312 | Acc: 0.8293 | Val Loss: 0.4046 | Val Acc: 0.8346 | Time: 10.27s
2025-03-05 00:08:00,509 - INFO - P1 (Round 9) - Epoch 2/10 | Loss: 0.3958 | Acc: 0.8395 | Val Loss: 0.3944 | Val Acc: 0.8356 | Time: 12.34s
2025-03-05 00:08:11,062 - INFO - P1 (Round 9) - Epoch 3/10 | Loss: 0.3869 | Acc: 0.8415 | Val Loss: 0.3830 | Val Acc: 0.8418 | Time: 10.55s
2025-03-05 00:08:21,303 - INFO - P1 (Round 9) - Epoch 4/10 | Loss: 0.3815 | Acc: 0.8432 | Val Loss: 0.3795 | Val Acc: 0.8412 | Time: 10.24s
2025-03-05 00:08:32,243 - INFO - P1 (Round 9) - Epoch 5/10 | Loss: 0.3783 | Acc: 0.8440 | Val Loss: 0.3758 | Val Acc: 0.8442 | Time: 10.94s
2025-03-05 00:08:42,694 - INFO - P1 (Round 9) - Epoch 6/10 | Loss: 0.3761 | Acc: 0.8450 | Val Loss: 0.3744 | Val Acc: 0.8448 | Time: 10.45s
2025-03-05 00:08:53,582 - INFO - P1 (Round 9) - Epoch 7/10 | Loss: 0.3743 | Acc: 0.8458 | Val Loss: 0.3748 | Val Acc: 0.8452 | Time: 10.89s
2025-03-05 00:09:04,893 - INFO - P1 (Round 9) - Epoch 8/10 | Loss: 0.3726 | Acc: 0.8463 | Val Loss: 0.3730 | Val Acc: 0.8461 | Time: 11.31s
2025-03-05 00:09:16,483 - INFO - P1 (Round 9) - Epoch 9/10 | Loss: 0.3708 | Acc: 0.8477 | Val Loss: 0.3726 | Val Acc: 0.8485 | Time: 11.59s
2025-03-05 00:09:27,062 - INFO - P1 (Round 9) - Epoch 10/10 | Loss: 0.3692 | Acc: 0.8485 | Val Loss: 0.3710 | Val Acc: 0.8462 | Time: 10.58s
2025-03-05 00:09:37,593 - INFO - P2 (Round 9) - Epoch 1/10 | Loss: 0.2103 | Acc: 0.9527 | Val Loss: 0.1046 | Val Acc: 0.9667 | Time: 10.53s
2025-03-05 00:09:47,903 - INFO - P2 (Round 9) - Epoch 2/10 | Loss: 0.0981 | Acc: 0.9694 | Val Loss: 0.0957 | Val Acc: 0.9707 | Time: 10.31s
2025-03-05 00:09:58,176 - INFO - P2 (Round 9) - Epoch 3/10 | Loss: 0.0932 | Acc: 0.9711 | Val Loss: 0.0953 | Val Acc: 0.9704 | Time: 10.27s
2025-03-05 00:10:08,737 - INFO - P2 (Round 9) - Epoch 4/10 | Loss: 0.0904 | Acc: 0.9718 | Val Loss: 0.0900 | Val Acc: 0.9719 | Time: 10.56s
2025-03-05 00:10:20,963 - INFO - P2 (Round 9) - Epoch 5/10 | Loss: 0.0886 | Acc: 0.9723 | Val Loss: 0.0877 | Val Acc: 0.9722 | Time: 12.23s
2025-03-05 00:10:31,899 - INFO - P2 (Round 9) - Epoch 6/10 | Loss: 0.0870 | Acc: 0.9728 | Val Loss: 0.0864 | Val Acc: 0.9726 | Time: 10.94s
2025-03-05 00:10:42,085 - INFO - P2 (Round 9) - Epoch 7/10 | Loss: 0.0858 | Acc: 0.9732 | Val Loss: 0.0854 | Val Acc: 0.9735 | Time: 10.19s
2025-03-05 00:10:52,536 - INFO - P2 (Round 9) - Epoch 8/10 | Loss: 0.0851 | Acc: 0.9733 | Val Loss: 0.0866 | Val Acc: 0.9720 | Time: 10.45s
2025-03-05 00:11:03,085 - INFO - P2 (Round 9) - Epoch 9/10 | Loss: 0.0843 | Acc: 0.9734 | Val Loss: 0.0835 | Val Acc: 0.9739 | Time: 10.55s
2025-03-05 00:11:13,097 - INFO - P2 (Round 9) - Epoch 10/10 | Loss: 0.0837 | Acc: 0.9736 | Val Loss: 0.0843 | Val Acc: 0.9733 | Time: 10.01s
2025-03-05 00:11:15,521 - INFO - Round 9 completed in 217.62s
2025-03-05 00:11:15,521 - INFO - Global Model - P1 Test: Loss = 3.6064, Accuracy = 0.4153
2025-03-05 00:11:15,521 - INFO - Global Model - P2 Test: Loss = 10.1043, Accuracy = 0.5642
2025-03-05 00:11:26,498 - INFO - P1 (Round 10) - Epoch 1/10 | Loss: 0.4219 | Acc: 0.8283 | Val Loss: 0.3914 | Val Acc: 0.8383 | Time: 10.98s
2025-03-05 00:11:38,042 - INFO - P1 (Round 10) - Epoch 2/10 | Loss: 0.3870 | Acc: 0.8395 | Val Loss: 0.3868 | Val Acc: 0.8363 | Time: 11.54s
2025-03-05 00:11:48,403 - INFO - P1 (Round 10) - Epoch 3/10 | Loss: 0.3829 | Acc: 0.8399 | Val Loss: 0.3808 | Val Acc: 0.8396 | Time: 10.36s
2025-03-05 00:11:58,556 - INFO - P1 (Round 10) - Epoch 4/10 | Loss: 0.3771 | Acc: 0.8409 | Val Loss: 0.3749 | Val Acc: 0.8438 | Time: 10.15s
2025-03-05 00:12:09,450 - INFO - P1 (Round 10) - Epoch 5/10 | Loss: 0.3746 | Acc: 0.8420 | Val Loss: 0.3753 | Val Acc: 0.8456 | Time: 10.89s
2025-03-05 00:12:20,167 - INFO - P1 (Round 10) - Epoch 6/10 | Loss: 0.3729 | Acc: 0.8430 | Val Loss: 0.3730 | Val Acc: 0.8447 | Time: 10.72s
2025-03-05 00:12:30,689 - INFO - P1 (Round 10) - Epoch 7/10 | Loss: 0.3718 | Acc: 0.8434 | Val Loss: 0.3702 | Val Acc: 0.8454 | Time: 10.52s
2025-03-05 00:12:42,794 - INFO - P1 (Round 10) - Epoch 8/10 | Loss: 0.3705 | Acc: 0.8445 | Val Loss: 0.3740 | Val Acc: 0.8413 | Time: 12.10s
2025-03-05 00:12:53,204 - INFO - P1 (Round 10) - Epoch 9/10 | Loss: 0.3695 | Acc: 0.8449 | Val Loss: 0.3689 | Val Acc: 0.8435 | Time: 10.41s
2025-03-05 00:13:03,596 - INFO - P1 (Round 10) - Epoch 10/10 | Loss: 0.3686 | Acc: 0.8451 | Val Loss: 0.3691 | Val Acc: 0.8494 | Time: 10.39s
2025-03-05 00:13:13,958 - INFO - P2 (Round 10) - Epoch 1/10 | Loss: 0.2041 | Acc: 0.9562 | Val Loss: 0.1031 | Val Acc: 0.9686 | Time: 10.36s
2025-03-05 00:13:24,216 - INFO - P2 (Round 10) - Epoch 2/10 | Loss: 0.0985 | Acc: 0.9701 | Val Loss: 0.0974 | Val Acc: 0.9705 | Time: 10.26s
2025-03-05 00:13:34,410 - INFO - P2 (Round 10) - Epoch 3/10 | Loss: 0.0931 | Acc: 0.9716 | Val Loss: 0.0920 | Val Acc: 0.9705 | Time: 10.19s
2025-03-05 00:13:44,501 - INFO - P2 (Round 10) - Epoch 4/10 | Loss: 0.0907 | Acc: 0.9721 | Val Loss: 0.0909 | Val Acc: 0.9725 | Time: 10.09s
2025-03-05 00:13:57,583 - INFO - P2 (Round 10) - Epoch 5/10 | Loss: 0.0890 | Acc: 0.9725 | Val Loss: 0.0883 | Val Acc: 0.9720 | Time: 13.08s
2025-03-05 00:14:09,292 - INFO - P2 (Round 10) - Epoch 6/10 | Loss: 0.0877 | Acc: 0.9726 | Val Loss: 0.0876 | Val Acc: 0.9732 | Time: 11.71s
2025-03-05 00:14:19,665 - INFO - P2 (Round 10) - Epoch 7/10 | Loss: 0.0867 | Acc: 0.9729 | Val Loss: 0.0889 | Val Acc: 0.9730 | Time: 10.37s
2025-03-05 00:14:29,907 - INFO - P2 (Round 10) - Epoch 8/10 | Loss: 0.0857 | Acc: 0.9733 | Val Loss: 0.0862 | Val Acc: 0.9740 | Time: 10.24s
2025-03-05 00:14:40,185 - INFO - P2 (Round 10) - Epoch 9/10 | Loss: 0.0849 | Acc: 0.9737 | Val Loss: 0.0870 | Val Acc: 0.9726 | Time: 10.28s
2025-03-05 00:14:50,484 - INFO - P2 (Round 10) - Epoch 10/10 | Loss: 0.0844 | Acc: 0.9737 | Val Loss: 0.0869 | Val Acc: 0.9728 | Time: 10.30s
2025-03-05 00:14:52,908 - INFO - Round 10 completed in 217.39s
2025-03-05 00:14:52,908 - INFO - Global Model - P1 Test: Loss = 3.6730, Accuracy = 0.4317
2025-03-05 00:14:52,909 - INFO - Global Model - P2 Test: Loss = 7.8846, Accuracy = 0.6130
2025-03-05 00:14:55,179 - INFO - Final Results after 10 rounds:
2025-03-05 00:14:55,179 - INFO - Global Model - P1 Test: Loss = 3.6730, Accuracy = 0.4317
2025-03-05 00:14:55,179 - INFO - Global Model - P2 Test: Loss = 7.8846, Accuracy = 0.6130
2025-03-05 00:14:55,189 - INFO - Experiment 146 results saved to results/suppression_experiments/exp_146_p1f4_p2f9.json
