2025-03-05 02:05:54,467 - INFO - Starting Suppression Experiment 125
2025-03-05 02:05:54,467 - INFO - P1 Features (6/14): ['protocol', 'bidirectional_min_ps', 'bidirectional_mean_ps', 'bidirectional_stddev_ps', 'bidirectional_max_ps', 'src2dst_stddev_ps']
2025-03-05 02:05:54,468 - INFO - P2 Features (2/14): ['protocol', 'bidirectional_min_ps']
2025-03-05 02:06:06,733 - INFO - P1 (Round 1) - Epoch 1/10 | Loss: 0.5257 | Acc: 0.8111 | Val Loss: 0.3439 | Val Acc: 0.8779 | Time: 12.18s
2025-03-05 02:06:18,724 - INFO - P1 (Round 1) - Epoch 2/10 | Loss: 0.2784 | Acc: 0.9039 | Val Loss: 0.2318 | Val Acc: 0.9264 | Time: 11.99s
2025-03-05 02:06:31,140 - INFO - P1 (Round 1) - Epoch 3/10 | Loss: 0.2170 | Acc: 0.9296 | Val Loss: 0.2016 | Val Acc: 0.9355 | Time: 12.41s
2025-03-05 02:06:43,199 - INFO - P1 (Round 1) - Epoch 4/10 | Loss: 0.1968 | Acc: 0.9369 | Val Loss: 0.1883 | Val Acc: 0.9401 | Time: 12.06s
2025-03-05 02:06:56,105 - INFO - P1 (Round 1) - Epoch 5/10 | Loss: 0.1855 | Acc: 0.9402 | Val Loss: 0.1803 | Val Acc: 0.9429 | Time: 12.91s
2025-03-05 02:07:08,678 - INFO - P1 (Round 1) - Epoch 6/10 | Loss: 0.1783 | Acc: 0.9425 | Val Loss: 0.1752 | Val Acc: 0.9448 | Time: 12.57s
2025-03-05 02:07:20,785 - INFO - P1 (Round 1) - Epoch 7/10 | Loss: 0.1725 | Acc: 0.9446 | Val Loss: 0.1724 | Val Acc: 0.9446 | Time: 12.11s
2025-03-05 02:07:33,080 - INFO - P1 (Round 1) - Epoch 8/10 | Loss: 0.1674 | Acc: 0.9462 | Val Loss: 0.1640 | Val Acc: 0.9479 | Time: 12.29s
2025-03-05 02:07:45,219 - INFO - P1 (Round 1) - Epoch 9/10 | Loss: 0.1628 | Acc: 0.9481 | Val Loss: 0.1611 | Val Acc: 0.9506 | Time: 12.14s
2025-03-05 02:07:57,723 - INFO - P1 (Round 1) - Epoch 10/10 | Loss: 0.1586 | Acc: 0.9496 | Val Loss: 0.1575 | Val Acc: 0.9517 | Time: 12.50s
2025-03-05 02:08:12,175 - INFO - P2 (Round 1) - Epoch 1/10 | Loss: 0.9646 | Acc: 0.6414 | Val Loss: 0.8239 | Val Acc: 0.6743 | Time: 14.45s
2025-03-05 02:08:24,703 - INFO - P2 (Round 1) - Epoch 2/10 | Loss: 0.8162 | Acc: 0.6867 | Val Loss: 0.8141 | Val Acc: 0.6838 | Time: 12.53s
2025-03-05 02:08:36,690 - INFO - P2 (Round 1) - Epoch 3/10 | Loss: 0.8094 | Acc: 0.6886 | Val Loss: 0.8089 | Val Acc: 0.6903 | Time: 11.99s
2025-03-05 02:08:48,523 - INFO - P2 (Round 1) - Epoch 4/10 | Loss: 0.8051 | Acc: 0.6903 | Val Loss: 0.8044 | Val Acc: 0.6898 | Time: 11.83s
2025-03-05 02:09:00,451 - INFO - P2 (Round 1) - Epoch 5/10 | Loss: 0.8007 | Acc: 0.6944 | Val Loss: 0.8029 | Val Acc: 0.6899 | Time: 11.93s
2025-03-05 02:09:12,761 - INFO - P2 (Round 1) - Epoch 6/10 | Loss: 0.7965 | Acc: 0.6979 | Val Loss: 0.7967 | Val Acc: 0.7049 | Time: 12.31s
2025-03-05 02:09:25,699 - INFO - P2 (Round 1) - Epoch 7/10 | Loss: 0.7929 | Acc: 0.7001 | Val Loss: 0.7963 | Val Acc: 0.6961 | Time: 12.94s
2025-03-05 02:09:37,901 - INFO - P2 (Round 1) - Epoch 8/10 | Loss: 0.7900 | Acc: 0.7012 | Val Loss: 0.7918 | Val Acc: 0.7027 | Time: 12.20s
2025-03-05 02:09:50,275 - INFO - P2 (Round 1) - Epoch 9/10 | Loss: 0.7879 | Acc: 0.7019 | Val Loss: 0.7882 | Val Acc: 0.7027 | Time: 12.37s
2025-03-05 02:10:02,599 - INFO - P2 (Round 1) - Epoch 10/10 | Loss: 0.7855 | Acc: 0.7027 | Val Loss: 0.7860 | Val Acc: 0.7018 | Time: 12.32s
2025-03-05 02:10:05,176 - INFO - Round 1 completed in 250.62s
2025-03-05 02:10:05,177 - INFO - Global Model - P1 Test: Loss = 4.1108, Accuracy = 0.4301
2025-03-05 02:10:05,177 - INFO - Global Model - P2 Test: Loss = 2.4961, Accuracy = 0.4986
2025-03-05 02:10:17,886 - INFO - P1 (Round 2) - Epoch 1/10 | Loss: 0.3389 | Acc: 0.8944 | Val Loss: 0.2211 | Val Acc: 0.9232 | Time: 12.71s
2025-03-05 02:10:30,424 - INFO - P1 (Round 2) - Epoch 2/10 | Loss: 0.2038 | Acc: 0.9329 | Val Loss: 0.1920 | Val Acc: 0.9410 | Time: 12.54s
2025-03-05 02:10:41,040 - INFO - P1 (Round 2) - Epoch 3/10 | Loss: 0.1832 | Acc: 0.9421 | Val Loss: 0.1765 | Val Acc: 0.9438 | Time: 10.62s
2025-03-05 02:10:51,054 - INFO - P1 (Round 2) - Epoch 4/10 | Loss: 0.1709 | Acc: 0.9467 | Val Loss: 0.1693 | Val Acc: 0.9461 | Time: 10.01s
2025-03-05 02:11:01,340 - INFO - P1 (Round 2) - Epoch 5/10 | Loss: 0.1634 | Acc: 0.9490 | Val Loss: 0.1630 | Val Acc: 0.9503 | Time: 10.29s
2025-03-05 02:11:11,229 - INFO - P1 (Round 2) - Epoch 6/10 | Loss: 0.1585 | Acc: 0.9509 | Val Loss: 0.1566 | Val Acc: 0.9530 | Time: 9.89s
2025-03-05 02:11:21,470 - INFO - P1 (Round 2) - Epoch 7/10 | Loss: 0.1549 | Acc: 0.9521 | Val Loss: 0.1548 | Val Acc: 0.9534 | Time: 10.24s
2025-03-05 02:11:31,577 - INFO - P1 (Round 2) - Epoch 8/10 | Loss: 0.1518 | Acc: 0.9530 | Val Loss: 0.1510 | Val Acc: 0.9545 | Time: 10.11s
2025-03-05 02:11:43,599 - INFO - P1 (Round 2) - Epoch 9/10 | Loss: 0.1495 | Acc: 0.9537 | Val Loss: 0.1481 | Val Acc: 0.9553 | Time: 12.02s
2025-03-05 02:11:53,875 - INFO - P1 (Round 2) - Epoch 10/10 | Loss: 0.1473 | Acc: 0.9542 | Val Loss: 0.1473 | Val Acc: 0.9560 | Time: 10.28s
2025-03-05 02:12:04,068 - INFO - P2 (Round 2) - Epoch 1/10 | Loss: 0.8805 | Acc: 0.6781 | Val Loss: 0.8145 | Val Acc: 0.6914 | Time: 10.19s
2025-03-05 02:12:14,090 - INFO - P2 (Round 2) - Epoch 2/10 | Loss: 0.8088 | Acc: 0.6908 | Val Loss: 0.8065 | Val Acc: 0.6945 | Time: 10.02s
2025-03-05 02:12:24,506 - INFO - P2 (Round 2) - Epoch 3/10 | Loss: 0.8037 | Acc: 0.6933 | Val Loss: 0.8033 | Val Acc: 0.6910 | Time: 10.42s
2025-03-05 02:12:34,425 - INFO - P2 (Round 2) - Epoch 4/10 | Loss: 0.7990 | Acc: 0.6938 | Val Loss: 0.7971 | Val Acc: 0.6890 | Time: 9.92s
2025-03-05 02:12:44,664 - INFO - P2 (Round 2) - Epoch 5/10 | Loss: 0.7946 | Acc: 0.6941 | Val Loss: 0.7940 | Val Acc: 0.6949 | Time: 10.24s
2025-03-05 02:12:56,506 - INFO - P2 (Round 2) - Epoch 6/10 | Loss: 0.7923 | Acc: 0.6954 | Val Loss: 0.7915 | Val Acc: 0.6962 | Time: 11.84s
2025-03-05 02:13:06,583 - INFO - P2 (Round 2) - Epoch 7/10 | Loss: 0.7910 | Acc: 0.6961 | Val Loss: 0.7913 | Val Acc: 0.6905 | Time: 10.08s
2025-03-05 02:13:16,853 - INFO - P2 (Round 2) - Epoch 8/10 | Loss: 0.7901 | Acc: 0.6962 | Val Loss: 0.7913 | Val Acc: 0.6963 | Time: 10.27s
2025-03-05 02:13:26,937 - INFO - P2 (Round 2) - Epoch 9/10 | Loss: 0.7890 | Acc: 0.6966 | Val Loss: 0.7902 | Val Acc: 0.6919 | Time: 10.08s
2025-03-05 02:13:36,958 - INFO - P2 (Round 2) - Epoch 10/10 | Loss: 0.7878 | Acc: 0.6961 | Val Loss: 0.7878 | Val Acc: 0.6985 | Time: 10.02s
2025-03-05 02:13:39,420 - INFO - Round 2 completed in 214.24s
2025-03-05 02:13:39,421 - INFO - Global Model - P1 Test: Loss = 5.0085, Accuracy = 0.3459
2025-03-05 02:13:39,421 - INFO - Global Model - P2 Test: Loss = 2.2742, Accuracy = 0.5644
2025-03-05 02:13:49,616 - INFO - P1 (Round 3) - Epoch 1/10 | Loss: 0.3313 | Acc: 0.8811 | Val Loss: 0.2474 | Val Acc: 0.9118 | Time: 10.19s
2025-03-05 02:14:00,792 - INFO - P1 (Round 3) - Epoch 2/10 | Loss: 0.2183 | Acc: 0.9267 | Val Loss: 0.2030 | Val Acc: 0.9328 | Time: 11.18s
2025-03-05 02:14:11,694 - INFO - P1 (Round 3) - Epoch 3/10 | Loss: 0.1941 | Acc: 0.9350 | Val Loss: 0.1884 | Val Acc: 0.9357 | Time: 10.90s
2025-03-05 02:14:21,848 - INFO - P1 (Round 3) - Epoch 4/10 | Loss: 0.1833 | Acc: 0.9379 | Val Loss: 0.1791 | Val Acc: 0.9402 | Time: 10.15s
2025-03-05 02:14:32,608 - INFO - P1 (Round 3) - Epoch 5/10 | Loss: 0.1767 | Acc: 0.9403 | Val Loss: 0.1771 | Val Acc: 0.9411 | Time: 10.76s
2025-03-05 02:14:42,898 - INFO - P1 (Round 3) - Epoch 6/10 | Loss: 0.1720 | Acc: 0.9420 | Val Loss: 0.1699 | Val Acc: 0.9431 | Time: 10.29s
2025-03-05 02:14:52,906 - INFO - P1 (Round 3) - Epoch 7/10 | Loss: 0.1682 | Acc: 0.9435 | Val Loss: 0.1751 | Val Acc: 0.9414 | Time: 10.01s
2025-03-05 02:15:03,087 - INFO - P1 (Round 3) - Epoch 8/10 | Loss: 0.1650 | Acc: 0.9448 | Val Loss: 0.1627 | Val Acc: 0.9459 | Time: 10.18s
2025-03-05 02:15:14,566 - INFO - P1 (Round 3) - Epoch 9/10 | Loss: 0.1623 | Acc: 0.9456 | Val Loss: 0.1600 | Val Acc: 0.9467 | Time: 11.48s
2025-03-05 02:15:25,366 - INFO - P1 (Round 3) - Epoch 10/10 | Loss: 0.1599 | Acc: 0.9463 | Val Loss: 0.1575 | Val Acc: 0.9460 | Time: 10.80s
2025-03-05 02:15:35,622 - INFO - P2 (Round 3) - Epoch 1/10 | Loss: 0.8072 | Acc: 0.6919 | Val Loss: 0.7972 | Val Acc: 0.6972 | Time: 10.26s
2025-03-05 02:15:45,569 - INFO - P2 (Round 3) - Epoch 2/10 | Loss: 0.7951 | Acc: 0.6953 | Val Loss: 0.7958 | Val Acc: 0.6927 | Time: 9.95s
2025-03-05 02:15:55,673 - INFO - P2 (Round 3) - Epoch 3/10 | Loss: 0.7924 | Acc: 0.6963 | Val Loss: 0.7915 | Val Acc: 0.6978 | Time: 10.10s
2025-03-05 02:16:05,790 - INFO - P2 (Round 3) - Epoch 4/10 | Loss: 0.7908 | Acc: 0.6968 | Val Loss: 0.7906 | Val Acc: 0.6986 | Time: 10.12s
2025-03-05 02:16:16,227 - INFO - P2 (Round 3) - Epoch 5/10 | Loss: 0.7899 | Acc: 0.6969 | Val Loss: 0.7910 | Val Acc: 0.6966 | Time: 10.44s
2025-03-05 02:16:28,368 - INFO - P2 (Round 3) - Epoch 6/10 | Loss: 0.7892 | Acc: 0.6968 | Val Loss: 0.7907 | Val Acc: 0.6985 | Time: 12.14s
2025-03-05 02:16:39,051 - INFO - P2 (Round 3) - Epoch 7/10 | Loss: 0.7887 | Acc: 0.6968 | Val Loss: 0.7911 | Val Acc: 0.6985 | Time: 10.68s
2025-03-05 02:16:49,353 - INFO - P2 (Round 3) - Epoch 8/10 | Loss: 0.7884 | Acc: 0.6969 | Val Loss: 0.7881 | Val Acc: 0.6985 | Time: 10.30s
2025-03-05 02:16:59,468 - INFO - P2 (Round 3) - Epoch 9/10 | Loss: 0.7880 | Acc: 0.6971 | Val Loss: 0.7903 | Val Acc: 0.6927 | Time: 10.12s
2025-03-05 02:17:09,561 - INFO - P2 (Round 3) - Epoch 10/10 | Loss: 0.7879 | Acc: 0.6971 | Val Loss: 0.7878 | Val Acc: 0.6986 | Time: 10.09s
2025-03-05 02:17:11,942 - INFO - Round 3 completed in 212.52s
2025-03-05 02:17:11,942 - INFO - Global Model - P1 Test: Loss = 2.6529, Accuracy = 0.5010
2025-03-05 02:17:11,942 - INFO - Global Model - P2 Test: Loss = 1.8043, Accuracy = 0.4122
2025-03-05 02:17:22,018 - INFO - P1 (Round 4) - Epoch 1/10 | Loss: 0.2272 | Acc: 0.9226 | Val Loss: 0.1938 | Val Acc: 0.9323 | Time: 10.08s
2025-03-05 02:17:32,222 - INFO - P1 (Round 4) - Epoch 2/10 | Loss: 0.1809 | Acc: 0.9372 | Val Loss: 0.1773 | Val Acc: 0.9404 | Time: 10.20s
2025-03-05 02:17:43,917 - INFO - P1 (Round 4) - Epoch 3/10 | Loss: 0.1723 | Acc: 0.9408 | Val Loss: 0.1697 | Val Acc: 0.9413 | Time: 11.69s
2025-03-05 02:17:53,987 - INFO - P1 (Round 4) - Epoch 4/10 | Loss: 0.1671 | Acc: 0.9429 | Val Loss: 0.1656 | Val Acc: 0.9438 | Time: 10.07s
2025-03-05 02:18:06,786 - INFO - P1 (Round 4) - Epoch 5/10 | Loss: 0.1619 | Acc: 0.9450 | Val Loss: 0.1588 | Val Acc: 0.9454 | Time: 12.80s
2025-03-05 02:18:18,958 - INFO - P1 (Round 4) - Epoch 6/10 | Loss: 0.1578 | Acc: 0.9465 | Val Loss: 0.1558 | Val Acc: 0.9468 | Time: 12.17s
2025-03-05 02:18:30,830 - INFO - P1 (Round 4) - Epoch 7/10 | Loss: 0.1551 | Acc: 0.9472 | Val Loss: 0.1551 | Val Acc: 0.9463 | Time: 11.87s
2025-03-05 02:18:42,792 - INFO - P1 (Round 4) - Epoch 8/10 | Loss: 0.1524 | Acc: 0.9482 | Val Loss: 0.1500 | Val Acc: 0.9481 | Time: 11.96s
2025-03-05 02:18:55,916 - INFO - P1 (Round 4) - Epoch 9/10 | Loss: 0.1502 | Acc: 0.9492 | Val Loss: 0.1490 | Val Acc: 0.9498 | Time: 13.12s
2025-03-05 02:19:08,282 - INFO - P1 (Round 4) - Epoch 10/10 | Loss: 0.1487 | Acc: 0.9496 | Val Loss: 0.1457 | Val Acc: 0.9506 | Time: 12.37s
2025-03-05 02:19:20,921 - INFO - P2 (Round 4) - Epoch 1/10 | Loss: 0.7990 | Acc: 0.6944 | Val Loss: 0.7913 | Val Acc: 0.6985 | Time: 12.64s
2025-03-05 02:19:33,247 - INFO - P2 (Round 4) - Epoch 2/10 | Loss: 0.7907 | Acc: 0.6968 | Val Loss: 0.7949 | Val Acc: 0.6987 | Time: 12.33s
2025-03-05 02:19:45,370 - INFO - P2 (Round 4) - Epoch 3/10 | Loss: 0.7897 | Acc: 0.6970 | Val Loss: 0.7948 | Val Acc: 0.6988 | Time: 12.12s
2025-03-05 02:19:57,579 - INFO - P2 (Round 4) - Epoch 4/10 | Loss: 0.7890 | Acc: 0.6973 | Val Loss: 0.7909 | Val Acc: 0.6983 | Time: 12.21s
2025-03-05 02:20:10,660 - INFO - P2 (Round 4) - Epoch 5/10 | Loss: 0.7885 | Acc: 0.6970 | Val Loss: 0.7879 | Val Acc: 0.6984 | Time: 13.08s
2025-03-05 02:20:22,611 - INFO - P2 (Round 4) - Epoch 6/10 | Loss: 0.7882 | Acc: 0.6972 | Val Loss: 0.7881 | Val Acc: 0.6927 | Time: 11.95s
2025-03-05 02:20:35,175 - INFO - P2 (Round 4) - Epoch 7/10 | Loss: 0.7878 | Acc: 0.6970 | Val Loss: 0.7866 | Val Acc: 0.6986 | Time: 12.56s
2025-03-05 02:20:47,396 - INFO - P2 (Round 4) - Epoch 8/10 | Loss: 0.7876 | Acc: 0.6970 | Val Loss: 0.7883 | Val Acc: 0.6983 | Time: 12.22s
2025-03-05 02:20:59,529 - INFO - P2 (Round 4) - Epoch 9/10 | Loss: 0.7873 | Acc: 0.6971 | Val Loss: 0.7882 | Val Acc: 0.6986 | Time: 12.13s
2025-03-05 02:21:12,484 - INFO - P2 (Round 4) - Epoch 10/10 | Loss: 0.7873 | Acc: 0.6970 | Val Loss: 0.7901 | Val Acc: 0.6985 | Time: 12.95s
2025-03-05 02:21:15,350 - INFO - Round 4 completed in 243.41s
2025-03-05 02:21:15,350 - INFO - Global Model - P1 Test: Loss = 1.6132, Accuracy = 0.6374
2025-03-05 02:21:15,350 - INFO - Global Model - P2 Test: Loss = 1.4080, Accuracy = 0.5474
2025-03-05 02:21:27,729 - INFO - P1 (Round 5) - Epoch 1/10 | Loss: 0.1885 | Acc: 0.9358 | Val Loss: 0.1629 | Val Acc: 0.9435 | Time: 12.38s
2025-03-05 02:21:39,626 - INFO - P1 (Round 5) - Epoch 2/10 | Loss: 0.1593 | Acc: 0.9452 | Val Loss: 0.1548 | Val Acc: 0.9471 | Time: 11.90s
2025-03-05 02:21:51,687 - INFO - P1 (Round 5) - Epoch 3/10 | Loss: 0.1537 | Acc: 0.9475 | Val Loss: 0.1515 | Val Acc: 0.9487 | Time: 12.06s
2025-03-05 02:22:03,601 - INFO - P1 (Round 5) - Epoch 4/10 | Loss: 0.1504 | Acc: 0.9494 | Val Loss: 0.1480 | Val Acc: 0.9502 | Time: 11.91s
2025-03-05 02:22:15,569 - INFO - P1 (Round 5) - Epoch 5/10 | Loss: 0.1481 | Acc: 0.9505 | Val Loss: 0.1451 | Val Acc: 0.9516 | Time: 11.97s
2025-03-05 02:22:28,737 - INFO - P1 (Round 5) - Epoch 6/10 | Loss: 0.1463 | Acc: 0.9514 | Val Loss: 0.1439 | Val Acc: 0.9529 | Time: 13.17s
2025-03-05 02:22:40,929 - INFO - P1 (Round 5) - Epoch 7/10 | Loss: 0.1448 | Acc: 0.9522 | Val Loss: 0.1430 | Val Acc: 0.9529 | Time: 12.19s
2025-03-05 02:22:53,715 - INFO - P1 (Round 5) - Epoch 8/10 | Loss: 0.1435 | Acc: 0.9527 | Val Loss: 0.1411 | Val Acc: 0.9542 | Time: 12.79s
2025-03-05 02:23:06,173 - INFO - P1 (Round 5) - Epoch 9/10 | Loss: 0.1423 | Acc: 0.9532 | Val Loss: 0.1400 | Val Acc: 0.9532 | Time: 12.46s
2025-03-05 02:23:18,161 - INFO - P1 (Round 5) - Epoch 10/10 | Loss: 0.1411 | Acc: 0.9537 | Val Loss: 0.1383 | Val Acc: 0.9549 | Time: 11.99s
2025-03-05 02:23:30,408 - INFO - P2 (Round 5) - Epoch 1/10 | Loss: 0.7959 | Acc: 0.6962 | Val Loss: 0.7903 | Val Acc: 0.6986 | Time: 12.25s
2025-03-05 02:23:43,360 - INFO - P2 (Round 5) - Epoch 2/10 | Loss: 0.7896 | Acc: 0.6973 | Val Loss: 0.7889 | Val Acc: 0.6977 | Time: 12.95s
2025-03-05 02:23:54,964 - INFO - P2 (Round 5) - Epoch 3/10 | Loss: 0.7888 | Acc: 0.6975 | Val Loss: 0.7892 | Val Acc: 0.6985 | Time: 11.60s
2025-03-05 02:24:06,883 - INFO - P2 (Round 5) - Epoch 4/10 | Loss: 0.7884 | Acc: 0.6974 | Val Loss: 0.7893 | Val Acc: 0.6980 | Time: 11.92s
2025-03-05 02:24:18,756 - INFO - P2 (Round 5) - Epoch 5/10 | Loss: 0.7880 | Acc: 0.6973 | Val Loss: 0.7874 | Val Acc: 0.6986 | Time: 11.87s
2025-03-05 02:24:30,600 - INFO - P2 (Round 5) - Epoch 6/10 | Loss: 0.7874 | Acc: 0.6977 | Val Loss: 0.7872 | Val Acc: 0.6986 | Time: 11.84s
2025-03-05 02:24:42,762 - INFO - P2 (Round 5) - Epoch 7/10 | Loss: 0.7872 | Acc: 0.6975 | Val Loss: 0.7870 | Val Acc: 0.6977 | Time: 12.16s
2025-03-05 02:24:55,269 - INFO - P2 (Round 5) - Epoch 8/10 | Loss: 0.7870 | Acc: 0.6974 | Val Loss: 0.7872 | Val Acc: 0.6986 | Time: 12.51s
2025-03-05 02:25:06,888 - INFO - P2 (Round 5) - Epoch 9/10 | Loss: 0.7871 | Acc: 0.6976 | Val Loss: 0.7864 | Val Acc: 0.6985 | Time: 11.62s
2025-03-05 02:25:18,649 - INFO - P2 (Round 5) - Epoch 10/10 | Loss: 0.7865 | Acc: 0.6976 | Val Loss: 0.7880 | Val Acc: 0.6986 | Time: 11.76s
2025-03-05 02:25:21,217 - INFO - Round 5 completed in 245.87s
2025-03-05 02:25:21,217 - INFO - Global Model - P1 Test: Loss = 6.8842, Accuracy = 0.5460
2025-03-05 02:25:21,217 - INFO - Global Model - P2 Test: Loss = 1.3290, Accuracy = 0.5738
2025-03-05 02:25:33,107 - INFO - P1 (Round 6) - Epoch 1/10 | Loss: 0.2761 | Acc: 0.9233 | Val Loss: 0.1747 | Val Acc: 0.9400 | Time: 11.89s
2025-03-05 02:25:44,991 - INFO - P1 (Round 6) - Epoch 2/10 | Loss: 0.1649 | Acc: 0.9428 | Val Loss: 0.1610 | Val Acc: 0.9436 | Time: 11.88s
2025-03-05 02:25:57,629 - INFO - P1 (Round 6) - Epoch 3/10 | Loss: 0.1562 | Acc: 0.9459 | Val Loss: 0.1529 | Val Acc: 0.9457 | Time: 12.64s
2025-03-05 02:26:10,221 - INFO - P1 (Round 6) - Epoch 4/10 | Loss: 0.1513 | Acc: 0.9488 | Val Loss: 0.1474 | Val Acc: 0.9515 | Time: 12.59s
2025-03-05 02:26:22,254 - INFO - P1 (Round 6) - Epoch 5/10 | Loss: 0.1479 | Acc: 0.9510 | Val Loss: 0.1460 | Val Acc: 0.9539 | Time: 12.03s
2025-03-05 02:26:34,101 - INFO - P1 (Round 6) - Epoch 6/10 | Loss: 0.1453 | Acc: 0.9526 | Val Loss: 0.1457 | Val Acc: 0.9531 | Time: 11.85s
2025-03-05 02:26:46,702 - INFO - P1 (Round 6) - Epoch 7/10 | Loss: 0.1433 | Acc: 0.9535 | Val Loss: 0.1449 | Val Acc: 0.9533 | Time: 12.60s
2025-03-05 02:26:58,428 - INFO - P1 (Round 6) - Epoch 8/10 | Loss: 0.1417 | Acc: 0.9542 | Val Loss: 0.1422 | Val Acc: 0.9542 | Time: 11.73s
2025-03-05 02:27:11,366 - INFO - P1 (Round 6) - Epoch 9/10 | Loss: 0.1404 | Acc: 0.9546 | Val Loss: 0.1408 | Val Acc: 0.9538 | Time: 12.94s
2025-03-05 02:27:23,602 - INFO - P1 (Round 6) - Epoch 10/10 | Loss: 0.1392 | Acc: 0.9550 | Val Loss: 0.1370 | Val Acc: 0.9565 | Time: 12.24s
2025-03-05 02:27:35,487 - INFO - P2 (Round 6) - Epoch 1/10 | Loss: 0.7950 | Acc: 0.6960 | Val Loss: 0.7895 | Val Acc: 0.6986 | Time: 11.88s
2025-03-05 02:27:47,132 - INFO - P2 (Round 6) - Epoch 2/10 | Loss: 0.7891 | Acc: 0.6972 | Val Loss: 0.7880 | Val Acc: 0.6989 | Time: 11.64s
2025-03-05 02:27:59,025 - INFO - P2 (Round 6) - Epoch 3/10 | Loss: 0.7880 | Acc: 0.6972 | Val Loss: 0.7904 | Val Acc: 0.6919 | Time: 11.89s
2025-03-05 02:28:11,244 - INFO - P2 (Round 6) - Epoch 4/10 | Loss: 0.7870 | Acc: 0.6973 | Val Loss: 0.7895 | Val Acc: 0.6928 | Time: 12.22s
2025-03-05 02:28:24,360 - INFO - P2 (Round 6) - Epoch 5/10 | Loss: 0.7865 | Acc: 0.6971 | Val Loss: 0.7864 | Val Acc: 0.6986 | Time: 13.12s
2025-03-05 02:28:36,885 - INFO - P2 (Round 6) - Epoch 6/10 | Loss: 0.7860 | Acc: 0.6970 | Val Loss: 0.7859 | Val Acc: 0.6986 | Time: 12.52s
2025-03-05 02:28:49,148 - INFO - P2 (Round 6) - Epoch 7/10 | Loss: 0.7859 | Acc: 0.6969 | Val Loss: 0.7860 | Val Acc: 0.6977 | Time: 12.26s
2025-03-05 02:29:00,981 - INFO - P2 (Round 6) - Epoch 8/10 | Loss: 0.7857 | Acc: 0.6969 | Val Loss: 0.7901 | Val Acc: 0.6963 | Time: 11.83s
2025-03-05 02:29:12,729 - INFO - P2 (Round 6) - Epoch 9/10 | Loss: 0.7857 | Acc: 0.6967 | Val Loss: 0.7856 | Val Acc: 0.6986 | Time: 11.75s
2025-03-05 02:29:24,919 - INFO - P2 (Round 6) - Epoch 10/10 | Loss: 0.7855 | Acc: 0.6971 | Val Loss: 0.7856 | Val Acc: 0.6986 | Time: 12.19s
2025-03-05 02:29:27,681 - INFO - Round 6 completed in 246.46s
2025-03-05 02:29:27,681 - INFO - Global Model - P1 Test: Loss = 5.6617, Accuracy = 0.4130
2025-03-05 02:29:27,681 - INFO - Global Model - P2 Test: Loss = 1.8777, Accuracy = 0.4705
2025-03-05 02:29:40,423 - INFO - P1 (Round 7) - Epoch 1/10 | Loss: 0.1988 | Acc: 0.9374 | Val Loss: 0.1512 | Val Acc: 0.9475 | Time: 12.74s
2025-03-05 02:29:52,728 - INFO - P1 (Round 7) - Epoch 2/10 | Loss: 0.1471 | Acc: 0.9520 | Val Loss: 0.1444 | Val Acc: 0.9541 | Time: 12.31s
2025-03-05 02:30:04,571 - INFO - P1 (Round 7) - Epoch 3/10 | Loss: 0.1434 | Acc: 0.9537 | Val Loss: 0.1423 | Val Acc: 0.9560 | Time: 11.84s
2025-03-05 02:30:16,482 - INFO - P1 (Round 7) - Epoch 4/10 | Loss: 0.1413 | Acc: 0.9544 | Val Loss: 0.1396 | Val Acc: 0.9556 | Time: 11.91s
2025-03-05 02:30:31,185 - INFO - P1 (Round 7) - Epoch 5/10 | Loss: 0.1395 | Acc: 0.9549 | Val Loss: 0.1395 | Val Acc: 0.9555 | Time: 14.70s
2025-03-05 02:30:44,781 - INFO - P1 (Round 7) - Epoch 6/10 | Loss: 0.1383 | Acc: 0.9552 | Val Loss: 0.1371 | Val Acc: 0.9564 | Time: 13.60s
2025-03-05 02:30:56,137 - INFO - P1 (Round 7) - Epoch 7/10 | Loss: 0.1373 | Acc: 0.9553 | Val Loss: 0.1409 | Val Acc: 0.9542 | Time: 11.36s
2025-03-05 02:31:06,124 - INFO - P1 (Round 7) - Epoch 8/10 | Loss: 0.1364 | Acc: 0.9555 | Val Loss: 0.1369 | Val Acc: 0.9570 | Time: 9.99s
2025-03-05 02:31:16,174 - INFO - P1 (Round 7) - Epoch 9/10 | Loss: 0.1359 | Acc: 0.9557 | Val Loss: 0.1350 | Val Acc: 0.9570 | Time: 10.05s
2025-03-05 02:31:26,038 - INFO - P1 (Round 7) - Epoch 10/10 | Loss: 0.1354 | Acc: 0.9558 | Val Loss: 0.1336 | Val Acc: 0.9578 | Time: 9.86s
2025-03-05 02:31:36,155 - INFO - P2 (Round 7) - Epoch 1/10 | Loss: 0.7946 | Acc: 0.6956 | Val Loss: 0.7885 | Val Acc: 0.6984 | Time: 10.12s
2025-03-05 02:31:46,448 - INFO - P2 (Round 7) - Epoch 2/10 | Loss: 0.7877 | Acc: 0.6966 | Val Loss: 0.7878 | Val Acc: 0.6984 | Time: 10.29s
2025-03-05 02:31:58,217 - INFO - P2 (Round 7) - Epoch 3/10 | Loss: 0.7866 | Acc: 0.6970 | Val Loss: 0.7865 | Val Acc: 0.6986 | Time: 11.77s
2025-03-05 02:32:08,159 - INFO - P2 (Round 7) - Epoch 4/10 | Loss: 0.7856 | Acc: 0.6974 | Val Loss: 0.7852 | Val Acc: 0.6977 | Time: 9.94s
2025-03-05 02:32:18,282 - INFO - P2 (Round 7) - Epoch 5/10 | Loss: 0.7845 | Acc: 0.6983 | Val Loss: 0.7839 | Val Acc: 0.6985 | Time: 10.12s
2025-03-05 02:32:28,313 - INFO - P2 (Round 7) - Epoch 6/10 | Loss: 0.7834 | Acc: 0.6998 | Val Loss: 0.7831 | Val Acc: 0.7048 | Time: 10.03s
2025-03-05 02:32:38,265 - INFO - P2 (Round 7) - Epoch 7/10 | Loss: 0.7821 | Acc: 0.7020 | Val Loss: 0.7823 | Val Acc: 0.7049 | Time: 9.95s
2025-03-05 02:32:48,380 - INFO - P2 (Round 7) - Epoch 8/10 | Loss: 0.7809 | Acc: 0.7032 | Val Loss: 0.7798 | Val Acc: 0.7048 | Time: 10.11s
2025-03-05 02:32:59,136 - INFO - P2 (Round 7) - Epoch 9/10 | Loss: 0.7799 | Acc: 0.7038 | Val Loss: 0.7807 | Val Acc: 0.7048 | Time: 10.76s
2025-03-05 02:33:10,532 - INFO - P2 (Round 7) - Epoch 10/10 | Loss: 0.7792 | Acc: 0.7041 | Val Loss: 0.7786 | Val Acc: 0.7047 | Time: 11.40s
2025-03-05 02:33:12,762 - INFO - Round 7 completed in 225.08s
2025-03-05 02:33:12,762 - INFO - Global Model - P1 Test: Loss = 3.3074, Accuracy = 0.5049
2025-03-05 02:33:12,762 - INFO - Global Model - P2 Test: Loss = 1.9668, Accuracy = 0.4931
2025-03-05 02:33:23,037 - INFO - P1 (Round 8) - Epoch 1/10 | Loss: 0.1894 | Acc: 0.9378 | Val Loss: 0.1564 | Val Acc: 0.9497 | Time: 10.27s
2025-03-05 02:33:33,529 - INFO - P1 (Round 8) - Epoch 2/10 | Loss: 0.1480 | Acc: 0.9521 | Val Loss: 0.1443 | Val Acc: 0.9519 | Time: 10.49s
2025-03-05 02:33:43,984 - INFO - P1 (Round 8) - Epoch 3/10 | Loss: 0.1410 | Acc: 0.9546 | Val Loss: 0.1400 | Val Acc: 0.9561 | Time: 10.45s
2025-03-05 02:33:53,974 - INFO - P1 (Round 8) - Epoch 4/10 | Loss: 0.1386 | Acc: 0.9553 | Val Loss: 0.1399 | Val Acc: 0.9550 | Time: 9.99s
2025-03-05 02:34:04,124 - INFO - P1 (Round 8) - Epoch 5/10 | Loss: 0.1372 | Acc: 0.9557 | Val Loss: 0.1377 | Val Acc: 0.9562 | Time: 10.15s
2025-03-05 02:34:15,872 - INFO - P1 (Round 8) - Epoch 6/10 | Loss: 0.1357 | Acc: 0.9560 | Val Loss: 0.1361 | Val Acc: 0.9557 | Time: 11.75s
2025-03-05 02:34:26,339 - INFO - P1 (Round 8) - Epoch 7/10 | Loss: 0.1347 | Acc: 0.9560 | Val Loss: 0.1347 | Val Acc: 0.9574 | Time: 10.47s
2025-03-05 02:34:36,382 - INFO - P1 (Round 8) - Epoch 8/10 | Loss: 0.1340 | Acc: 0.9563 | Val Loss: 0.1362 | Val Acc: 0.9554 | Time: 10.04s
2025-03-05 02:34:46,284 - INFO - P1 (Round 8) - Epoch 9/10 | Loss: 0.1334 | Acc: 0.9565 | Val Loss: 0.1355 | Val Acc: 0.9568 | Time: 9.90s
2025-03-05 02:34:56,229 - INFO - P1 (Round 8) - Epoch 10/10 | Loss: 0.1329 | Acc: 0.9567 | Val Loss: 0.1347 | Val Acc: 0.9570 | Time: 9.94s
2025-03-05 02:35:06,302 - INFO - P2 (Round 8) - Epoch 1/10 | Loss: 0.7919 | Acc: 0.6981 | Val Loss: 0.7839 | Val Acc: 0.6987 | Time: 10.07s
2025-03-05 02:35:16,559 - INFO - P2 (Round 8) - Epoch 2/10 | Loss: 0.7840 | Acc: 0.7014 | Val Loss: 0.7824 | Val Acc: 0.7020 | Time: 10.26s
2025-03-05 02:35:28,292 - INFO - P2 (Round 8) - Epoch 3/10 | Loss: 0.7825 | Acc: 0.7031 | Val Loss: 0.7809 | Val Acc: 0.7046 | Time: 11.73s
2025-03-05 02:35:38,494 - INFO - P2 (Round 8) - Epoch 4/10 | Loss: 0.7813 | Acc: 0.7038 | Val Loss: 0.7844 | Val Acc: 0.7020 | Time: 10.20s
2025-03-05 02:35:48,662 - INFO - P2 (Round 8) - Epoch 5/10 | Loss: 0.7803 | Acc: 0.7041 | Val Loss: 0.7830 | Val Acc: 0.7020 | Time: 10.17s
2025-03-05 02:35:58,870 - INFO - P2 (Round 8) - Epoch 6/10 | Loss: 0.7798 | Acc: 0.7042 | Val Loss: 0.7807 | Val Acc: 0.7048 | Time: 10.21s
2025-03-05 02:36:08,922 - INFO - P2 (Round 8) - Epoch 7/10 | Loss: 0.7790 | Acc: 0.7044 | Val Loss: 0.7780 | Val Acc: 0.7046 | Time: 10.05s
2025-03-05 02:36:19,298 - INFO - P2 (Round 8) - Epoch 8/10 | Loss: 0.7784 | Acc: 0.7044 | Val Loss: 0.7800 | Val Acc: 0.7038 | Time: 10.38s
2025-03-05 02:36:29,388 - INFO - P2 (Round 8) - Epoch 9/10 | Loss: 0.7781 | Acc: 0.7045 | Val Loss: 0.7777 | Val Acc: 0.7047 | Time: 10.09s
2025-03-05 02:36:41,188 - INFO - P2 (Round 8) - Epoch 10/10 | Loss: 0.7777 | Acc: 0.7045 | Val Loss: 0.7770 | Val Acc: 0.7047 | Time: 11.80s
2025-03-05 02:36:43,586 - INFO - Round 8 completed in 210.82s
2025-03-05 02:36:43,586 - INFO - Global Model - P1 Test: Loss = 2.3750, Accuracy = 0.5870
2025-03-05 02:36:43,586 - INFO - Global Model - P2 Test: Loss = 2.5669, Accuracy = 0.3933
2025-03-05 02:36:53,499 - INFO - P1 (Round 9) - Epoch 1/10 | Loss: 0.1747 | Acc: 0.9447 | Val Loss: 0.1493 | Val Acc: 0.9516 | Time: 9.91s
2025-03-05 02:37:03,681 - INFO - P1 (Round 9) - Epoch 2/10 | Loss: 0.1438 | Acc: 0.9530 | Val Loss: 0.1424 | Val Acc: 0.9559 | Time: 10.18s
2025-03-05 02:37:13,678 - INFO - P1 (Round 9) - Epoch 3/10 | Loss: 0.1355 | Acc: 0.9562 | Val Loss: 0.1369 | Val Acc: 0.9554 | Time: 10.00s
2025-03-05 02:37:23,512 - INFO - P1 (Round 9) - Epoch 4/10 | Loss: 0.1338 | Acc: 0.9567 | Val Loss: 0.1341 | Val Acc: 0.9581 | Time: 9.83s
2025-03-05 02:37:33,555 - INFO - P1 (Round 9) - Epoch 5/10 | Loss: 0.1329 | Acc: 0.9569 | Val Loss: 0.1339 | Val Acc: 0.9566 | Time: 10.04s
2025-03-05 02:37:44,612 - INFO - P1 (Round 9) - Epoch 6/10 | Loss: 0.1322 | Acc: 0.9570 | Val Loss: 0.1322 | Val Acc: 0.9573 | Time: 11.06s
2025-03-05 02:37:56,288 - INFO - P1 (Round 9) - Epoch 7/10 | Loss: 0.1318 | Acc: 0.9571 | Val Loss: 0.1325 | Val Acc: 0.9579 | Time: 11.68s
2025-03-05 02:38:06,350 - INFO - P1 (Round 9) - Epoch 8/10 | Loss: 0.1315 | Acc: 0.9572 | Val Loss: 0.1314 | Val Acc: 0.9578 | Time: 10.06s
2025-03-05 02:38:16,569 - INFO - P1 (Round 9) - Epoch 9/10 | Loss: 0.1309 | Acc: 0.9574 | Val Loss: 0.1319 | Val Acc: 0.9580 | Time: 10.22s
2025-03-05 02:38:26,563 - INFO - P1 (Round 9) - Epoch 10/10 | Loss: 0.1305 | Acc: 0.9574 | Val Loss: 0.1334 | Val Acc: 0.9565 | Time: 9.99s
2025-03-05 02:38:36,461 - INFO - P2 (Round 9) - Epoch 1/10 | Loss: 0.7947 | Acc: 0.7001 | Val Loss: 0.7836 | Val Acc: 0.7044 | Time: 9.90s
2025-03-05 02:38:46,404 - INFO - P2 (Round 9) - Epoch 2/10 | Loss: 0.7826 | Acc: 0.7035 | Val Loss: 0.7825 | Val Acc: 0.7047 | Time: 9.94s
2025-03-05 02:38:57,031 - INFO - P2 (Round 9) - Epoch 3/10 | Loss: 0.7808 | Acc: 0.7040 | Val Loss: 0.7830 | Val Acc: 0.7046 | Time: 10.63s
2025-03-05 02:39:08,710 - INFO - P2 (Round 9) - Epoch 4/10 | Loss: 0.7798 | Acc: 0.7042 | Val Loss: 0.7805 | Val Acc: 0.7046 | Time: 11.68s
2025-03-05 02:39:18,813 - INFO - P2 (Round 9) - Epoch 5/10 | Loss: 0.7793 | Acc: 0.7043 | Val Loss: 0.7788 | Val Acc: 0.7046 | Time: 10.10s
2025-03-05 02:39:29,220 - INFO - P2 (Round 9) - Epoch 6/10 | Loss: 0.7788 | Acc: 0.7043 | Val Loss: 0.7785 | Val Acc: 0.7047 | Time: 10.41s
2025-03-05 02:39:39,285 - INFO - P2 (Round 9) - Epoch 7/10 | Loss: 0.7765 | Acc: 0.7053 | Val Loss: 0.7758 | Val Acc: 0.7066 | Time: 10.06s
2025-03-05 02:39:49,065 - INFO - P2 (Round 9) - Epoch 8/10 | Loss: 0.7748 | Acc: 0.7064 | Val Loss: 0.7756 | Val Acc: 0.7067 | Time: 9.78s
2025-03-05 02:40:01,518 - INFO - P2 (Round 9) - Epoch 9/10 | Loss: 0.7738 | Acc: 0.7064 | Val Loss: 0.7740 | Val Acc: 0.7066 | Time: 12.45s
2025-03-05 02:40:14,534 - INFO - P2 (Round 9) - Epoch 10/10 | Loss: 0.7732 | Acc: 0.7065 | Val Loss: 0.7727 | Val Acc: 0.7066 | Time: 13.02s
2025-03-05 02:40:17,399 - INFO - Round 9 completed in 213.81s
2025-03-05 02:40:17,399 - INFO - Global Model - P1 Test: Loss = 2.1237, Accuracy = 0.5113
2025-03-05 02:40:17,399 - INFO - Global Model - P2 Test: Loss = 3.2584, Accuracy = 0.3799
2025-03-05 02:40:27,793 - INFO - P1 (Round 10) - Epoch 1/10 | Loss: 0.1557 | Acc: 0.9502 | Val Loss: 0.1368 | Val Acc: 0.9567 | Time: 10.39s
2025-03-05 02:40:37,647 - INFO - P1 (Round 10) - Epoch 2/10 | Loss: 0.1341 | Acc: 0.9566 | Val Loss: 0.1339 | Val Acc: 0.9575 | Time: 9.85s
2025-03-05 02:40:47,808 - INFO - P1 (Round 10) - Epoch 3/10 | Loss: 0.1324 | Acc: 0.9571 | Val Loss: 0.1321 | Val Acc: 0.9576 | Time: 10.16s
2025-03-05 02:40:57,866 - INFO - P1 (Round 10) - Epoch 4/10 | Loss: 0.1315 | Acc: 0.9572 | Val Loss: 0.1328 | Val Acc: 0.9568 | Time: 10.06s
2025-03-05 02:41:08,121 - INFO - P1 (Round 10) - Epoch 5/10 | Loss: 0.1307 | Acc: 0.9575 | Val Loss: 0.1308 | Val Acc: 0.9576 | Time: 10.25s
2025-03-05 02:41:18,689 - INFO - P1 (Round 10) - Epoch 6/10 | Loss: 0.1303 | Acc: 0.9576 | Val Loss: 0.1296 | Val Acc: 0.9575 | Time: 10.57s
2025-03-05 02:41:30,312 - INFO - P1 (Round 10) - Epoch 7/10 | Loss: 0.1299 | Acc: 0.9579 | Val Loss: 0.1308 | Val Acc: 0.9586 | Time: 11.62s
2025-03-05 02:41:40,338 - INFO - P1 (Round 10) - Epoch 8/10 | Loss: 0.1293 | Acc: 0.9580 | Val Loss: 0.1303 | Val Acc: 0.9580 | Time: 10.03s
2025-03-05 02:41:50,061 - INFO - P1 (Round 10) - Epoch 9/10 | Loss: 0.1290 | Acc: 0.9581 | Val Loss: 0.1300 | Val Acc: 0.9585 | Time: 9.72s
2025-03-05 02:42:00,845 - INFO - P1 (Round 10) - Epoch 10/10 | Loss: 0.1290 | Acc: 0.9582 | Val Loss: 0.1325 | Val Acc: 0.9550 | Time: 10.78s
2025-03-05 02:42:11,013 - INFO - P2 (Round 10) - Epoch 1/10 | Loss: 0.8050 | Acc: 0.7004 | Val Loss: 0.7846 | Val Acc: 0.6983 | Time: 10.17s
2025-03-05 02:42:21,088 - INFO - P2 (Round 10) - Epoch 2/10 | Loss: 0.7815 | Acc: 0.7039 | Val Loss: 0.7798 | Val Acc: 0.7047 | Time: 10.07s
2025-03-05 02:42:32,038 - INFO - P2 (Round 10) - Epoch 3/10 | Loss: 0.7803 | Acc: 0.7042 | Val Loss: 0.7795 | Val Acc: 0.7044 | Time: 10.95s
2025-03-05 02:42:43,261 - INFO - P2 (Round 10) - Epoch 4/10 | Loss: 0.7798 | Acc: 0.7042 | Val Loss: 0.7790 | Val Acc: 0.7045 | Time: 11.22s
2025-03-05 02:42:53,086 - INFO - P2 (Round 10) - Epoch 5/10 | Loss: 0.7791 | Acc: 0.7043 | Val Loss: 0.7795 | Val Acc: 0.7045 | Time: 9.82s
2025-03-05 02:43:03,085 - INFO - P2 (Round 10) - Epoch 6/10 | Loss: 0.7787 | Acc: 0.7043 | Val Loss: 0.7791 | Val Acc: 0.7045 | Time: 10.00s
2025-03-05 02:43:13,102 - INFO - P2 (Round 10) - Epoch 7/10 | Loss: 0.7782 | Acc: 0.7044 | Val Loss: 0.7781 | Val Acc: 0.7045 | Time: 10.02s
2025-03-05 02:43:23,090 - INFO - P2 (Round 10) - Epoch 8/10 | Loss: 0.7783 | Acc: 0.7044 | Val Loss: 0.7815 | Val Acc: 0.7045 | Time: 9.99s
2025-03-05 02:43:33,337 - INFO - P2 (Round 10) - Epoch 9/10 | Loss: 0.7776 | Acc: 0.7044 | Val Loss: 0.7791 | Val Acc: 0.7021 | Time: 10.25s
2025-03-05 02:43:44,994 - INFO - P2 (Round 10) - Epoch 10/10 | Loss: 0.7774 | Acc: 0.7044 | Val Loss: 0.7768 | Val Acc: 0.7044 | Time: 11.66s
2025-03-05 02:43:47,840 - INFO - Round 10 completed in 210.44s
2025-03-05 02:43:47,840 - INFO - Global Model - P1 Test: Loss = 2.7098, Accuracy = 0.5572
2025-03-05 02:43:47,840 - INFO - Global Model - P2 Test: Loss = 3.6505, Accuracy = 0.3785
2025-03-05 02:43:50,660 - INFO - Final Results after 10 rounds:
2025-03-05 02:43:50,660 - INFO - Global Model - P1 Test: Loss = 2.7098, Accuracy = 0.5572
2025-03-05 02:43:50,660 - INFO - Global Model - P2 Test: Loss = 3.6505, Accuracy = 0.3785
2025-03-05 02:43:50,672 - INFO - Experiment 125 results saved to results/suppression_experiments/exp_125_p1f6_p2f2.json
