2025-03-04 19:35:26,371 - INFO - Starting Suppression Experiment 50
2025-03-04 19:35:26,371 - INFO - P1 Features (11/14): ['protocol', 'bidirectional_min_ps', 'bidirectional_mean_ps', 'bidirectional_stddev_ps', 'bidirectional_max_ps', 'src2dst_stddev_ps', 'src2dst_max_ps', 'dst2src_min_ps', 'dst2src_mean_ps', 'dst2src_stddev_ps', 'dst2src_max_ps']
2025-03-04 19:35:26,371 - INFO - P2 Features (7/14): ['protocol', 'bidirectional_min_ps', 'bidirectional_mean_ps', 'bidirectional_stddev_ps', 'bidirectional_max_ps', 'src2dst_stddev_ps', 'src2dst_max_ps']
2025-03-04 19:35:39,545 - INFO - P1 (Round 1) - Epoch 1/10 | Loss: 0.3907 | Acc: 0.8607 | Val Loss: 0.2397 | Val Acc: 0.9114 | Time: 13.05s
2025-03-04 19:35:52,069 - INFO - P1 (Round 1) - Epoch 2/10 | Loss: 0.2173 | Acc: 0.9246 | Val Loss: 0.2024 | Val Acc: 0.9290 | Time: 12.52s
2025-03-04 19:36:04,722 - INFO - P1 (Round 1) - Epoch 3/10 | Loss: 0.1947 | Acc: 0.9329 | Val Loss: 0.1850 | Val Acc: 0.9354 | Time: 12.65s
2025-03-04 19:36:16,987 - INFO - P1 (Round 1) - Epoch 4/10 | Loss: 0.1719 | Acc: 0.9411 | Val Loss: 0.1542 | Val Acc: 0.9479 | Time: 12.26s
2025-03-04 19:36:29,587 - INFO - P1 (Round 1) - Epoch 5/10 | Loss: 0.1414 | Acc: 0.9543 | Val Loss: 0.1295 | Val Acc: 0.9590 | Time: 12.60s
2025-03-04 19:36:42,370 - INFO - P1 (Round 1) - Epoch 6/10 | Loss: 0.1254 | Acc: 0.9594 | Val Loss: 0.1211 | Val Acc: 0.9599 | Time: 12.78s
2025-03-04 19:36:54,901 - INFO - P1 (Round 1) - Epoch 7/10 | Loss: 0.1173 | Acc: 0.9622 | Val Loss: 0.1138 | Val Acc: 0.9645 | Time: 12.53s
2025-03-04 19:37:06,932 - INFO - P1 (Round 1) - Epoch 8/10 | Loss: 0.1123 | Acc: 0.9638 | Val Loss: 0.1086 | Val Acc: 0.9650 | Time: 12.03s
2025-03-04 19:37:18,855 - INFO - P1 (Round 1) - Epoch 9/10 | Loss: 0.1090 | Acc: 0.9650 | Val Loss: 0.1068 | Val Acc: 0.9663 | Time: 11.92s
2025-03-04 19:37:30,950 - INFO - P1 (Round 1) - Epoch 10/10 | Loss: 0.1068 | Acc: 0.9658 | Val Loss: 0.1050 | Val Acc: 0.9663 | Time: 12.09s
2025-03-04 19:37:43,381 - INFO - P2 (Round 1) - Epoch 1/10 | Loss: 0.4662 | Acc: 0.8387 | Val Loss: 0.3009 | Val Acc: 0.8947 | Time: 12.43s
2025-03-04 19:37:56,985 - INFO - P2 (Round 1) - Epoch 2/10 | Loss: 0.2565 | Acc: 0.9176 | Val Loss: 0.2155 | Val Acc: 0.9382 | Time: 13.60s
2025-03-04 19:38:09,026 - INFO - P2 (Round 1) - Epoch 3/10 | Loss: 0.1948 | Acc: 0.9438 | Val Loss: 0.1816 | Val Acc: 0.9486 | Time: 12.04s
2025-03-04 19:38:21,095 - INFO - P2 (Round 1) - Epoch 4/10 | Loss: 0.1722 | Acc: 0.9512 | Val Loss: 0.1641 | Val Acc: 0.9527 | Time: 12.07s
2025-03-04 19:38:33,425 - INFO - P2 (Round 1) - Epoch 5/10 | Loss: 0.1584 | Acc: 0.9543 | Val Loss: 0.1537 | Val Acc: 0.9549 | Time: 12.33s
2025-03-04 19:38:43,895 - INFO - P2 (Round 1) - Epoch 6/10 | Loss: 0.1498 | Acc: 0.9563 | Val Loss: 0.1473 | Val Acc: 0.9572 | Time: 10.47s
2025-03-04 19:38:54,047 - INFO - P2 (Round 1) - Epoch 7/10 | Loss: 0.1439 | Acc: 0.9578 | Val Loss: 0.1419 | Val Acc: 0.9584 | Time: 10.15s
2025-03-04 19:39:06,913 - INFO - P2 (Round 1) - Epoch 8/10 | Loss: 0.1388 | Acc: 0.9588 | Val Loss: 0.1369 | Val Acc: 0.9589 | Time: 12.87s
2025-03-04 19:39:17,339 - INFO - P2 (Round 1) - Epoch 9/10 | Loss: 0.1345 | Acc: 0.9597 | Val Loss: 0.1336 | Val Acc: 0.9598 | Time: 10.42s
2025-03-04 19:39:28,325 - INFO - P2 (Round 1) - Epoch 10/10 | Loss: 0.1307 | Acc: 0.9607 | Val Loss: 0.1316 | Val Acc: 0.9609 | Time: 10.99s
2025-03-04 19:39:30,867 - INFO - Round 1 completed in 244.37s
2025-03-04 19:39:30,867 - INFO - Global Model - P1 Test: Loss = 7.2409, Accuracy = 0.4934
2025-03-04 19:39:30,867 - INFO - Global Model - P2 Test: Loss = 3.5678, Accuracy = 0.5277
2025-03-04 19:39:46,853 - INFO - P1 (Round 2) - Epoch 1/10 | Loss: 0.2577 | Acc: 0.9253 | Val Loss: 0.1503 | Val Acc: 0.9571 | Time: 15.99s
2025-03-04 19:40:01,232 - INFO - P1 (Round 2) - Epoch 2/10 | Loss: 0.1342 | Acc: 0.9598 | Val Loss: 0.1222 | Val Acc: 0.9625 | Time: 14.38s
2025-03-04 19:40:15,020 - INFO - P1 (Round 2) - Epoch 3/10 | Loss: 0.1163 | Acc: 0.9640 | Val Loss: 0.1110 | Val Acc: 0.9644 | Time: 13.79s
2025-03-04 19:40:27,530 - INFO - P1 (Round 2) - Epoch 4/10 | Loss: 0.1073 | Acc: 0.9658 | Val Loss: 0.1034 | Val Acc: 0.9665 | Time: 12.51s
2025-03-04 19:40:39,724 - INFO - P1 (Round 2) - Epoch 5/10 | Loss: 0.1021 | Acc: 0.9672 | Val Loss: 0.0988 | Val Acc: 0.9684 | Time: 12.19s
2025-03-04 19:40:51,897 - INFO - P1 (Round 2) - Epoch 6/10 | Loss: 0.0988 | Acc: 0.9681 | Val Loss: 0.0960 | Val Acc: 0.9691 | Time: 12.17s
2025-03-04 19:41:03,998 - INFO - P1 (Round 2) - Epoch 7/10 | Loss: 0.0963 | Acc: 0.9690 | Val Loss: 0.0940 | Val Acc: 0.9701 | Time: 12.10s
2025-03-04 19:41:16,710 - INFO - P1 (Round 2) - Epoch 8/10 | Loss: 0.0943 | Acc: 0.9697 | Val Loss: 0.0932 | Val Acc: 0.9695 | Time: 12.71s
2025-03-04 19:41:29,943 - INFO - P1 (Round 2) - Epoch 9/10 | Loss: 0.0926 | Acc: 0.9703 | Val Loss: 0.0910 | Val Acc: 0.9710 | Time: 13.23s
2025-03-04 19:41:42,173 - INFO - P1 (Round 2) - Epoch 10/10 | Loss: 0.0913 | Acc: 0.9706 | Val Loss: 0.0900 | Val Acc: 0.9715 | Time: 12.23s
2025-03-04 19:41:54,203 - INFO - P2 (Round 2) - Epoch 1/10 | Loss: 0.2699 | Acc: 0.9147 | Val Loss: 0.1859 | Val Acc: 0.9454 | Time: 12.03s
2025-03-04 19:42:06,412 - INFO - P2 (Round 2) - Epoch 2/10 | Loss: 0.1702 | Acc: 0.9491 | Val Loss: 0.1622 | Val Acc: 0.9475 | Time: 12.21s
2025-03-04 19:42:18,576 - INFO - P2 (Round 2) - Epoch 3/10 | Loss: 0.1540 | Acc: 0.9546 | Val Loss: 0.1521 | Val Acc: 0.9547 | Time: 12.16s
2025-03-04 19:42:31,272 - INFO - P2 (Round 2) - Epoch 4/10 | Loss: 0.1456 | Acc: 0.9575 | Val Loss: 0.1446 | Val Acc: 0.9595 | Time: 12.70s
2025-03-04 19:42:44,111 - INFO - P2 (Round 2) - Epoch 5/10 | Loss: 0.1394 | Acc: 0.9594 | Val Loss: 0.1371 | Val Acc: 0.9614 | Time: 12.84s
2025-03-04 19:42:56,097 - INFO - P2 (Round 2) - Epoch 6/10 | Loss: 0.1337 | Acc: 0.9608 | Val Loss: 0.1324 | Val Acc: 0.9630 | Time: 11.99s
2025-03-04 19:43:08,395 - INFO - P2 (Round 2) - Epoch 7/10 | Loss: 0.1298 | Acc: 0.9622 | Val Loss: 0.1307 | Val Acc: 0.9625 | Time: 12.30s
2025-03-04 19:43:20,243 - INFO - P2 (Round 2) - Epoch 8/10 | Loss: 0.1268 | Acc: 0.9632 | Val Loss: 0.1266 | Val Acc: 0.9639 | Time: 11.85s
2025-03-04 19:43:32,428 - INFO - P2 (Round 2) - Epoch 9/10 | Loss: 0.1242 | Acc: 0.9638 | Val Loss: 0.1238 | Val Acc: 0.9613 | Time: 12.18s
2025-03-04 19:43:45,434 - INFO - P2 (Round 2) - Epoch 10/10 | Loss: 0.1223 | Acc: 0.9645 | Val Loss: 0.1212 | Val Acc: 0.9652 | Time: 13.01s
2025-03-04 19:43:48,347 - INFO - Round 2 completed in 257.48s
2025-03-04 19:43:48,347 - INFO - Global Model - P1 Test: Loss = 1.4574, Accuracy = 0.6618
2025-03-04 19:43:48,347 - INFO - Global Model - P2 Test: Loss = 1.6202, Accuracy = 0.6777
2025-03-04 19:44:00,546 - INFO - P1 (Round 3) - Epoch 1/10 | Loss: 0.1736 | Acc: 0.9461 | Val Loss: 0.1193 | Val Acc: 0.9624 | Time: 12.20s
2025-03-04 19:44:13,023 - INFO - P1 (Round 3) - Epoch 2/10 | Loss: 0.1127 | Acc: 0.9636 | Val Loss: 0.1079 | Val Acc: 0.9647 | Time: 12.48s
2025-03-04 19:44:25,325 - INFO - P1 (Round 3) - Epoch 3/10 | Loss: 0.1056 | Acc: 0.9655 | Val Loss: 0.1010 | Val Acc: 0.9661 | Time: 12.30s
2025-03-04 19:44:37,817 - INFO - P1 (Round 3) - Epoch 4/10 | Loss: 0.1015 | Acc: 0.9665 | Val Loss: 0.0983 | Val Acc: 0.9674 | Time: 12.49s
2025-03-04 19:44:50,179 - INFO - P1 (Round 3) - Epoch 5/10 | Loss: 0.0986 | Acc: 0.9680 | Val Loss: 0.0985 | Val Acc: 0.9666 | Time: 12.36s
2025-03-04 19:45:03,445 - INFO - P1 (Round 3) - Epoch 6/10 | Loss: 0.0953 | Acc: 0.9702 | Val Loss: 0.0932 | Val Acc: 0.9720 | Time: 13.27s
2025-03-04 19:45:15,844 - INFO - P1 (Round 3) - Epoch 7/10 | Loss: 0.0916 | Acc: 0.9718 | Val Loss: 0.0887 | Val Acc: 0.9729 | Time: 12.40s
2025-03-04 19:45:28,107 - INFO - P1 (Round 3) - Epoch 8/10 | Loss: 0.0877 | Acc: 0.9728 | Val Loss: 0.0876 | Val Acc: 0.9724 | Time: 12.26s
2025-03-04 19:45:40,182 - INFO - P1 (Round 3) - Epoch 9/10 | Loss: 0.0859 | Acc: 0.9734 | Val Loss: 0.0847 | Val Acc: 0.9739 | Time: 12.07s
2025-03-04 19:45:51,373 - INFO - P1 (Round 3) - Epoch 10/10 | Loss: 0.0843 | Acc: 0.9739 | Val Loss: 0.0830 | Val Acc: 0.9739 | Time: 11.19s
2025-03-04 19:46:02,642 - INFO - P2 (Round 3) - Epoch 1/10 | Loss: 0.2099 | Acc: 0.9336 | Val Loss: 0.1622 | Val Acc: 0.9547 | Time: 11.27s
2025-03-04 19:46:14,215 - INFO - P2 (Round 3) - Epoch 2/10 | Loss: 0.1530 | Acc: 0.9541 | Val Loss: 0.1475 | Val Acc: 0.9567 | Time: 11.57s
2025-03-04 19:46:24,615 - INFO - P2 (Round 3) - Epoch 3/10 | Loss: 0.1429 | Acc: 0.9564 | Val Loss: 0.1423 | Val Acc: 0.9582 | Time: 10.40s
2025-03-04 19:46:35,113 - INFO - P2 (Round 3) - Epoch 4/10 | Loss: 0.1376 | Acc: 0.9576 | Val Loss: 0.1357 | Val Acc: 0.9587 | Time: 10.50s
2025-03-04 19:46:45,336 - INFO - P2 (Round 3) - Epoch 5/10 | Loss: 0.1339 | Acc: 0.9586 | Val Loss: 0.1351 | Val Acc: 0.9551 | Time: 10.22s
2025-03-04 19:46:55,860 - INFO - P2 (Round 3) - Epoch 6/10 | Loss: 0.1309 | Acc: 0.9594 | Val Loss: 0.1310 | Val Acc: 0.9597 | Time: 10.52s
2025-03-04 19:47:06,327 - INFO - P2 (Round 3) - Epoch 7/10 | Loss: 0.1286 | Acc: 0.9600 | Val Loss: 0.1307 | Val Acc: 0.9602 | Time: 10.47s
2025-03-04 19:47:18,362 - INFO - P2 (Round 3) - Epoch 8/10 | Loss: 0.1269 | Acc: 0.9605 | Val Loss: 0.1274 | Val Acc: 0.9571 | Time: 12.03s
2025-03-04 19:47:29,075 - INFO - P2 (Round 3) - Epoch 9/10 | Loss: 0.1253 | Acc: 0.9609 | Val Loss: 0.1253 | Val Acc: 0.9609 | Time: 10.71s
2025-03-04 19:47:39,558 - INFO - P2 (Round 3) - Epoch 10/10 | Loss: 0.1240 | Acc: 0.9612 | Val Loss: 0.1268 | Val Acc: 0.9575 | Time: 10.48s
2025-03-04 19:47:41,925 - INFO - Round 3 completed in 233.58s
2025-03-04 19:47:41,925 - INFO - Global Model - P1 Test: Loss = 2.0767, Accuracy = 0.6042
2025-03-04 19:47:41,925 - INFO - Global Model - P2 Test: Loss = 1.1719, Accuracy = 0.7416
2025-03-04 19:47:52,694 - INFO - P1 (Round 4) - Epoch 1/10 | Loss: 0.1559 | Acc: 0.9552 | Val Loss: 0.1073 | Val Acc: 0.9665 | Time: 10.77s
2025-03-04 19:48:03,079 - INFO - P1 (Round 4) - Epoch 2/10 | Loss: 0.0985 | Acc: 0.9692 | Val Loss: 0.0951 | Val Acc: 0.9693 | Time: 10.38s
2025-03-04 19:48:13,586 - INFO - P1 (Round 4) - Epoch 3/10 | Loss: 0.0923 | Acc: 0.9709 | Val Loss: 0.0909 | Val Acc: 0.9719 | Time: 10.51s
2025-03-04 19:48:24,397 - INFO - P1 (Round 4) - Epoch 4/10 | Loss: 0.0890 | Acc: 0.9719 | Val Loss: 0.0883 | Val Acc: 0.9715 | Time: 10.81s
2025-03-04 19:48:36,388 - INFO - P1 (Round 4) - Epoch 5/10 | Loss: 0.0868 | Acc: 0.9725 | Val Loss: 0.0858 | Val Acc: 0.9726 | Time: 11.99s
2025-03-04 19:48:46,867 - INFO - P1 (Round 4) - Epoch 6/10 | Loss: 0.0853 | Acc: 0.9730 | Val Loss: 0.0854 | Val Acc: 0.9723 | Time: 10.48s
2025-03-04 19:48:57,271 - INFO - P1 (Round 4) - Epoch 7/10 | Loss: 0.0841 | Acc: 0.9735 | Val Loss: 0.0856 | Val Acc: 0.9723 | Time: 10.40s
2025-03-04 19:49:10,200 - INFO - P1 (Round 4) - Epoch 8/10 | Loss: 0.0830 | Acc: 0.9739 | Val Loss: 0.0810 | Val Acc: 0.9748 | Time: 12.93s
2025-03-04 19:49:22,765 - INFO - P1 (Round 4) - Epoch 9/10 | Loss: 0.0822 | Acc: 0.9740 | Val Loss: 0.0845 | Val Acc: 0.9734 | Time: 12.56s
2025-03-04 19:49:34,816 - INFO - P1 (Round 4) - Epoch 10/10 | Loss: 0.0815 | Acc: 0.9743 | Val Loss: 0.0800 | Val Acc: 0.9751 | Time: 12.05s
2025-03-04 19:49:48,207 - INFO - P2 (Round 4) - Epoch 1/10 | Loss: 0.1730 | Acc: 0.9469 | Val Loss: 0.1481 | Val Acc: 0.9529 | Time: 13.39s
2025-03-04 19:50:00,325 - INFO - P2 (Round 4) - Epoch 2/10 | Loss: 0.1391 | Acc: 0.9577 | Val Loss: 0.1350 | Val Acc: 0.9596 | Time: 12.12s
2025-03-04 19:50:12,578 - INFO - P2 (Round 4) - Epoch 3/10 | Loss: 0.1316 | Acc: 0.9595 | Val Loss: 0.1328 | Val Acc: 0.9582 | Time: 12.25s
2025-03-04 19:50:24,630 - INFO - P2 (Round 4) - Epoch 4/10 | Loss: 0.1284 | Acc: 0.9604 | Val Loss: 0.1272 | Val Acc: 0.9615 | Time: 12.05s
2025-03-04 19:50:36,609 - INFO - P2 (Round 4) - Epoch 5/10 | Loss: 0.1258 | Acc: 0.9615 | Val Loss: 0.1277 | Val Acc: 0.9606 | Time: 11.98s
2025-03-04 19:50:48,963 - INFO - P2 (Round 4) - Epoch 6/10 | Loss: 0.1239 | Acc: 0.9622 | Val Loss: 0.1237 | Val Acc: 0.9624 | Time: 12.35s
2025-03-04 19:51:00,583 - INFO - P2 (Round 4) - Epoch 7/10 | Loss: 0.1225 | Acc: 0.9628 | Val Loss: 0.1230 | Val Acc: 0.9636 | Time: 11.62s
2025-03-04 19:51:10,864 - INFO - P2 (Round 4) - Epoch 8/10 | Loss: 0.1214 | Acc: 0.9630 | Val Loss: 0.1231 | Val Acc: 0.9627 | Time: 10.28s
2025-03-04 19:51:21,016 - INFO - P2 (Round 4) - Epoch 9/10 | Loss: 0.1202 | Acc: 0.9633 | Val Loss: 0.1238 | Val Acc: 0.9603 | Time: 10.15s
2025-03-04 19:51:31,586 - INFO - P2 (Round 4) - Epoch 10/10 | Loss: 0.1193 | Acc: 0.9636 | Val Loss: 0.1249 | Val Acc: 0.9624 | Time: 10.57s
2025-03-04 19:51:33,998 - INFO - Round 4 completed in 232.07s
2025-03-04 19:51:33,998 - INFO - Global Model - P1 Test: Loss = 3.8998, Accuracy = 0.7356
2025-03-04 19:51:33,998 - INFO - Global Model - P2 Test: Loss = 1.1432, Accuracy = 0.7201
2025-03-04 19:51:44,173 - INFO - P1 (Round 5) - Epoch 1/10 | Loss: 0.1435 | Acc: 0.9631 | Val Loss: 0.0946 | Val Acc: 0.9716 | Time: 10.17s
2025-03-04 19:51:54,508 - INFO - P1 (Round 5) - Epoch 2/10 | Loss: 0.0912 | Acc: 0.9722 | Val Loss: 0.0878 | Val Acc: 0.9725 | Time: 10.33s
2025-03-04 19:52:07,025 - INFO - P1 (Round 5) - Epoch 3/10 | Loss: 0.0873 | Acc: 0.9730 | Val Loss: 0.0852 | Val Acc: 0.9736 | Time: 12.52s
2025-03-04 19:52:18,980 - INFO - P1 (Round 5) - Epoch 4/10 | Loss: 0.0851 | Acc: 0.9735 | Val Loss: 0.0842 | Val Acc: 0.9738 | Time: 11.95s
2025-03-04 19:52:31,129 - INFO - P1 (Round 5) - Epoch 5/10 | Loss: 0.0833 | Acc: 0.9739 | Val Loss: 0.0820 | Val Acc: 0.9743 | Time: 12.15s
2025-03-04 19:52:43,065 - INFO - P1 (Round 5) - Epoch 6/10 | Loss: 0.0819 | Acc: 0.9744 | Val Loss: 0.0810 | Val Acc: 0.9753 | Time: 11.94s
2025-03-04 19:52:55,262 - INFO - P1 (Round 5) - Epoch 7/10 | Loss: 0.0806 | Acc: 0.9747 | Val Loss: 0.0794 | Val Acc: 0.9747 | Time: 12.20s
2025-03-04 19:53:07,947 - INFO - P1 (Round 5) - Epoch 8/10 | Loss: 0.0787 | Acc: 0.9753 | Val Loss: 0.0776 | Val Acc: 0.9754 | Time: 12.68s
2025-03-04 19:53:21,454 - INFO - P1 (Round 5) - Epoch 9/10 | Loss: 0.0779 | Acc: 0.9756 | Val Loss: 0.0775 | Val Acc: 0.9755 | Time: 13.51s
2025-03-04 19:53:34,179 - INFO - P1 (Round 5) - Epoch 10/10 | Loss: 0.0772 | Acc: 0.9759 | Val Loss: 0.0764 | Val Acc: 0.9758 | Time: 12.72s
2025-03-04 19:53:46,865 - INFO - P2 (Round 5) - Epoch 1/10 | Loss: 0.1458 | Acc: 0.9551 | Val Loss: 0.1344 | Val Acc: 0.9580 | Time: 12.69s
2025-03-04 19:53:58,103 - INFO - P2 (Round 5) - Epoch 2/10 | Loss: 0.1281 | Acc: 0.9603 | Val Loss: 0.1250 | Val Acc: 0.9621 | Time: 11.24s
2025-03-04 19:54:08,409 - INFO - P2 (Round 5) - Epoch 3/10 | Loss: 0.1242 | Acc: 0.9619 | Val Loss: 0.1249 | Val Acc: 0.9628 | Time: 10.31s
2025-03-04 19:54:19,005 - INFO - P2 (Round 5) - Epoch 4/10 | Loss: 0.1221 | Acc: 0.9626 | Val Loss: 0.1238 | Val Acc: 0.9634 | Time: 10.60s
2025-03-04 19:54:31,276 - INFO - P2 (Round 5) - Epoch 5/10 | Loss: 0.1203 | Acc: 0.9633 | Val Loss: 0.1227 | Val Acc: 0.9630 | Time: 12.27s
2025-03-04 19:54:41,716 - INFO - P2 (Round 5) - Epoch 6/10 | Loss: 0.1191 | Acc: 0.9636 | Val Loss: 0.1174 | Val Acc: 0.9640 | Time: 10.44s
2025-03-04 19:54:51,890 - INFO - P2 (Round 5) - Epoch 7/10 | Loss: 0.1181 | Acc: 0.9641 | Val Loss: 0.1196 | Val Acc: 0.9638 | Time: 10.17s
2025-03-04 19:55:02,250 - INFO - P2 (Round 5) - Epoch 8/10 | Loss: 0.1173 | Acc: 0.9643 | Val Loss: 0.1175 | Val Acc: 0.9635 | Time: 10.36s
2025-03-04 19:55:12,687 - INFO - P2 (Round 5) - Epoch 9/10 | Loss: 0.1166 | Acc: 0.9644 | Val Loss: 0.1182 | Val Acc: 0.9632 | Time: 10.44s
2025-03-04 19:55:23,949 - INFO - P2 (Round 5) - Epoch 10/10 | Loss: 0.1157 | Acc: 0.9647 | Val Loss: 0.1174 | Val Acc: 0.9645 | Time: 11.26s
2025-03-04 19:55:26,540 - INFO - Round 5 completed in 232.54s
2025-03-04 19:55:26,540 - INFO - Global Model - P1 Test: Loss = 2.5262, Accuracy = 0.7311
2025-03-04 19:55:26,540 - INFO - Global Model - P2 Test: Loss = 1.2896, Accuracy = 0.7094
2025-03-04 19:55:39,926 - INFO - P1 (Round 6) - Epoch 1/10 | Loss: 0.1102 | Acc: 0.9687 | Val Loss: 0.0890 | Val Acc: 0.9719 | Time: 13.39s
2025-03-04 19:55:52,277 - INFO - P1 (Round 6) - Epoch 2/10 | Loss: 0.0856 | Acc: 0.9736 | Val Loss: 0.0833 | Val Acc: 0.9734 | Time: 12.35s
2025-03-04 19:56:04,294 - INFO - P1 (Round 6) - Epoch 3/10 | Loss: 0.0817 | Acc: 0.9747 | Val Loss: 0.0803 | Val Acc: 0.9750 | Time: 12.02s
2025-03-04 19:56:16,495 - INFO - P1 (Round 6) - Epoch 4/10 | Loss: 0.0795 | Acc: 0.9751 | Val Loss: 0.0778 | Val Acc: 0.9763 | Time: 12.20s
2025-03-04 19:56:28,640 - INFO - P1 (Round 6) - Epoch 5/10 | Loss: 0.0781 | Acc: 0.9755 | Val Loss: 0.0759 | Val Acc: 0.9766 | Time: 12.15s
2025-03-04 19:56:40,724 - INFO - P1 (Round 6) - Epoch 6/10 | Loss: 0.0770 | Acc: 0.9758 | Val Loss: 0.0757 | Val Acc: 0.9766 | Time: 12.08s
2025-03-04 19:56:54,009 - INFO - P1 (Round 6) - Epoch 7/10 | Loss: 0.0763 | Acc: 0.9761 | Val Loss: 0.0766 | Val Acc: 0.9765 | Time: 13.29s
2025-03-04 19:57:06,072 - INFO - P1 (Round 6) - Epoch 8/10 | Loss: 0.0757 | Acc: 0.9763 | Val Loss: 0.0768 | Val Acc: 0.9761 | Time: 12.06s
2025-03-04 19:57:18,132 - INFO - P1 (Round 6) - Epoch 9/10 | Loss: 0.0752 | Acc: 0.9765 | Val Loss: 0.0799 | Val Acc: 0.9758 | Time: 12.06s
2025-03-04 19:57:30,584 - INFO - P1 (Round 6) - Epoch 10/10 | Loss: 0.0749 | Acc: 0.9766 | Val Loss: 0.0739 | Val Acc: 0.9770 | Time: 12.45s
2025-03-04 19:57:43,297 - INFO - P2 (Round 6) - Epoch 1/10 | Loss: 0.1407 | Acc: 0.9570 | Val Loss: 0.1255 | Val Acc: 0.9623 | Time: 12.71s
2025-03-04 19:57:56,013 - INFO - P2 (Round 6) - Epoch 2/10 | Loss: 0.1226 | Acc: 0.9624 | Val Loss: 0.1196 | Val Acc: 0.9641 | Time: 12.72s
2025-03-04 19:58:09,266 - INFO - P2 (Round 6) - Epoch 3/10 | Loss: 0.1197 | Acc: 0.9633 | Val Loss: 0.1203 | Val Acc: 0.9629 | Time: 13.25s
2025-03-04 19:58:21,980 - INFO - P2 (Round 6) - Epoch 4/10 | Loss: 0.1179 | Acc: 0.9638 | Val Loss: 0.1166 | Val Acc: 0.9642 | Time: 12.71s
2025-03-04 19:58:34,290 - INFO - P2 (Round 6) - Epoch 5/10 | Loss: 0.1166 | Acc: 0.9643 | Val Loss: 0.1164 | Val Acc: 0.9644 | Time: 12.31s
2025-03-04 19:58:47,153 - INFO - P2 (Round 6) - Epoch 6/10 | Loss: 0.1156 | Acc: 0.9644 | Val Loss: 0.1161 | Val Acc: 0.9643 | Time: 12.86s
2025-03-04 19:58:59,622 - INFO - P2 (Round 6) - Epoch 7/10 | Loss: 0.1150 | Acc: 0.9646 | Val Loss: 0.1148 | Val Acc: 0.9650 | Time: 12.47s
2025-03-04 19:59:12,276 - INFO - P2 (Round 6) - Epoch 8/10 | Loss: 0.1142 | Acc: 0.9648 | Val Loss: 0.1146 | Val Acc: 0.9648 | Time: 12.65s
2025-03-04 19:59:24,756 - INFO - P2 (Round 6) - Epoch 9/10 | Loss: 0.1135 | Acc: 0.9651 | Val Loss: 0.1166 | Val Acc: 0.9645 | Time: 12.48s
2025-03-04 19:59:37,107 - INFO - P2 (Round 6) - Epoch 10/10 | Loss: 0.1130 | Acc: 0.9652 | Val Loss: 0.1133 | Val Acc: 0.9654 | Time: 12.35s
2025-03-04 19:59:39,383 - INFO - Round 6 completed in 252.84s
2025-03-04 19:59:39,383 - INFO - Global Model - P1 Test: Loss = 2.8744, Accuracy = 0.7318
2025-03-04 19:59:39,383 - INFO - Global Model - P2 Test: Loss = 1.2454, Accuracy = 0.6977
2025-03-04 19:59:50,085 - INFO - P1 (Round 7) - Epoch 1/10 | Loss: 0.1040 | Acc: 0.9706 | Val Loss: 0.0833 | Val Acc: 0.9741 | Time: 10.70s
2025-03-04 20:00:00,660 - INFO - P1 (Round 7) - Epoch 2/10 | Loss: 0.0813 | Acc: 0.9749 | Val Loss: 0.0782 | Val Acc: 0.9760 | Time: 10.58s
2025-03-04 20:00:10,901 - INFO - P1 (Round 7) - Epoch 3/10 | Loss: 0.0782 | Acc: 0.9757 | Val Loss: 0.0767 | Val Acc: 0.9762 | Time: 10.24s
2025-03-04 20:00:22,804 - INFO - P1 (Round 7) - Epoch 4/10 | Loss: 0.0767 | Acc: 0.9761 | Val Loss: 0.0746 | Val Acc: 0.9770 | Time: 11.90s
2025-03-04 20:00:34,017 - INFO - P1 (Round 7) - Epoch 5/10 | Loss: 0.0757 | Acc: 0.9763 | Val Loss: 0.0778 | Val Acc: 0.9756 | Time: 11.21s
2025-03-04 20:00:44,314 - INFO - P1 (Round 7) - Epoch 6/10 | Loss: 0.0750 | Acc: 0.9765 | Val Loss: 0.0730 | Val Acc: 0.9774 | Time: 10.30s
2025-03-04 20:00:56,286 - INFO - P1 (Round 7) - Epoch 7/10 | Loss: 0.0745 | Acc: 0.9766 | Val Loss: 0.0745 | Val Acc: 0.9765 | Time: 11.97s
2025-03-04 20:01:08,503 - INFO - P1 (Round 7) - Epoch 8/10 | Loss: 0.0740 | Acc: 0.9768 | Val Loss: 0.0751 | Val Acc: 0.9768 | Time: 12.22s
2025-03-04 20:01:20,745 - INFO - P1 (Round 7) - Epoch 9/10 | Loss: 0.0736 | Acc: 0.9770 | Val Loss: 0.0724 | Val Acc: 0.9769 | Time: 12.24s
2025-03-04 20:01:33,804 - INFO - P1 (Round 7) - Epoch 10/10 | Loss: 0.0730 | Acc: 0.9773 | Val Loss: 0.0727 | Val Acc: 0.9777 | Time: 13.06s
2025-03-04 20:01:45,061 - INFO - P2 (Round 7) - Epoch 1/10 | Loss: 0.1388 | Acc: 0.9588 | Val Loss: 0.1286 | Val Acc: 0.9601 | Time: 11.26s
2025-03-04 20:01:55,478 - INFO - P2 (Round 7) - Epoch 2/10 | Loss: 0.1228 | Acc: 0.9634 | Val Loss: 0.1213 | Val Acc: 0.9638 | Time: 10.42s
2025-03-04 20:02:05,689 - INFO - P2 (Round 7) - Epoch 3/10 | Loss: 0.1198 | Acc: 0.9642 | Val Loss: 0.1210 | Val Acc: 0.9636 | Time: 10.21s
2025-03-04 20:02:15,977 - INFO - P2 (Round 7) - Epoch 4/10 | Loss: 0.1179 | Acc: 0.9644 | Val Loss: 0.1183 | Val Acc: 0.9647 | Time: 10.29s
2025-03-04 20:02:26,340 - INFO - P2 (Round 7) - Epoch 5/10 | Loss: 0.1164 | Acc: 0.9647 | Val Loss: 0.1160 | Val Acc: 0.9649 | Time: 10.36s
2025-03-04 20:02:36,739 - INFO - P2 (Round 7) - Epoch 6/10 | Loss: 0.1155 | Acc: 0.9649 | Val Loss: 0.1187 | Val Acc: 0.9649 | Time: 10.40s
2025-03-04 20:02:48,796 - INFO - P2 (Round 7) - Epoch 7/10 | Loss: 0.1146 | Acc: 0.9651 | Val Loss: 0.1146 | Val Acc: 0.9652 | Time: 12.06s
2025-03-04 20:02:59,081 - INFO - P2 (Round 7) - Epoch 8/10 | Loss: 0.1140 | Acc: 0.9654 | Val Loss: 0.1149 | Val Acc: 0.9661 | Time: 10.28s
2025-03-04 20:03:09,396 - INFO - P2 (Round 7) - Epoch 9/10 | Loss: 0.1134 | Acc: 0.9655 | Val Loss: 0.1143 | Val Acc: 0.9657 | Time: 10.31s
2025-03-04 20:03:19,622 - INFO - P2 (Round 7) - Epoch 10/10 | Loss: 0.1130 | Acc: 0.9657 | Val Loss: 0.1146 | Val Acc: 0.9656 | Time: 10.23s
2025-03-04 20:03:22,092 - INFO - Round 7 completed in 222.71s
2025-03-04 20:03:22,092 - INFO - Global Model - P1 Test: Loss = 1.1826, Accuracy = 0.8102
2025-03-04 20:03:22,092 - INFO - Global Model - P2 Test: Loss = 1.2176, Accuracy = 0.7205
2025-03-04 20:03:32,361 - INFO - P1 (Round 8) - Epoch 1/10 | Loss: 0.0923 | Acc: 0.9729 | Val Loss: 0.0787 | Val Acc: 0.9761 | Time: 10.27s
2025-03-04 20:03:42,695 - INFO - P1 (Round 8) - Epoch 2/10 | Loss: 0.0790 | Acc: 0.9757 | Val Loss: 0.0789 | Val Acc: 0.9759 | Time: 10.33s
2025-03-04 20:03:53,844 - INFO - P1 (Round 8) - Epoch 3/10 | Loss: 0.0766 | Acc: 0.9763 | Val Loss: 0.0750 | Val Acc: 0.9763 | Time: 11.15s
2025-03-04 20:04:05,161 - INFO - P1 (Round 8) - Epoch 4/10 | Loss: 0.0752 | Acc: 0.9769 | Val Loss: 0.0743 | Val Acc: 0.9771 | Time: 11.32s
2025-03-04 20:04:15,422 - INFO - P1 (Round 8) - Epoch 5/10 | Loss: 0.0743 | Acc: 0.9770 | Val Loss: 0.0734 | Val Acc: 0.9775 | Time: 10.26s
2025-03-04 20:04:25,711 - INFO - P1 (Round 8) - Epoch 6/10 | Loss: 0.0736 | Acc: 0.9772 | Val Loss: 0.0726 | Val Acc: 0.9774 | Time: 10.29s
2025-03-04 20:04:35,800 - INFO - P1 (Round 8) - Epoch 7/10 | Loss: 0.0729 | Acc: 0.9774 | Val Loss: 0.0749 | Val Acc: 0.9765 | Time: 10.09s
2025-03-04 20:04:45,979 - INFO - P1 (Round 8) - Epoch 8/10 | Loss: 0.0726 | Acc: 0.9775 | Val Loss: 0.0740 | Val Acc: 0.9777 | Time: 10.18s
2025-03-04 20:04:56,546 - INFO - P1 (Round 8) - Epoch 9/10 | Loss: 0.0722 | Acc: 0.9776 | Val Loss: 0.0711 | Val Acc: 0.9782 | Time: 10.57s
2025-03-04 20:05:08,689 - INFO - P1 (Round 8) - Epoch 10/10 | Loss: 0.0717 | Acc: 0.9778 | Val Loss: 0.0715 | Val Acc: 0.9783 | Time: 12.14s
2025-03-04 20:05:19,559 - INFO - P2 (Round 8) - Epoch 1/10 | Loss: 0.1337 | Acc: 0.9598 | Val Loss: 0.1222 | Val Acc: 0.9644 | Time: 10.87s
2025-03-04 20:05:29,846 - INFO - P2 (Round 8) - Epoch 2/10 | Loss: 0.1198 | Acc: 0.9640 | Val Loss: 0.1181 | Val Acc: 0.9656 | Time: 10.29s
2025-03-04 20:05:40,280 - INFO - P2 (Round 8) - Epoch 3/10 | Loss: 0.1173 | Acc: 0.9646 | Val Loss: 0.1159 | Val Acc: 0.9652 | Time: 10.43s
2025-03-04 20:05:50,818 - INFO - P2 (Round 8) - Epoch 4/10 | Loss: 0.1152 | Acc: 0.9651 | Val Loss: 0.1177 | Val Acc: 0.9649 | Time: 10.54s
2025-03-04 20:06:02,532 - INFO - P2 (Round 8) - Epoch 5/10 | Loss: 0.1139 | Acc: 0.9656 | Val Loss: 0.1135 | Val Acc: 0.9662 | Time: 11.71s
2025-03-04 20:06:13,543 - INFO - P2 (Round 8) - Epoch 6/10 | Loss: 0.1130 | Acc: 0.9659 | Val Loss: 0.1154 | Val Acc: 0.9630 | Time: 11.01s
2025-03-04 20:06:25,853 - INFO - P2 (Round 8) - Epoch 7/10 | Loss: 0.1123 | Acc: 0.9661 | Val Loss: 0.1141 | Val Acc: 0.9657 | Time: 12.31s
2025-03-04 20:06:39,416 - INFO - P2 (Round 8) - Epoch 8/10 | Loss: 0.1114 | Acc: 0.9664 | Val Loss: 0.1123 | Val Acc: 0.9666 | Time: 13.56s
2025-03-04 20:06:49,706 - INFO - P2 (Round 8) - Epoch 9/10 | Loss: 0.1109 | Acc: 0.9666 | Val Loss: 0.1116 | Val Acc: 0.9669 | Time: 10.29s
2025-03-04 20:07:01,078 - INFO - P2 (Round 8) - Epoch 10/10 | Loss: 0.1104 | Acc: 0.9666 | Val Loss: 0.1110 | Val Acc: 0.9671 | Time: 11.37s
2025-03-04 20:07:03,623 - INFO - Round 8 completed in 221.53s
2025-03-04 20:07:03,623 - INFO - Global Model - P1 Test: Loss = 1.4241, Accuracy = 0.7915
2025-03-04 20:07:03,623 - INFO - Global Model - P2 Test: Loss = 1.0872, Accuracy = 0.7380
2025-03-04 20:07:15,815 - INFO - P1 (Round 9) - Epoch 1/10 | Loss: 0.0899 | Acc: 0.9734 | Val Loss: 0.0770 | Val Acc: 0.9765 | Time: 12.19s
2025-03-04 20:07:28,137 - INFO - P1 (Round 9) - Epoch 2/10 | Loss: 0.0767 | Acc: 0.9766 | Val Loss: 0.0769 | Val Acc: 0.9765 | Time: 12.32s
2025-03-04 20:07:41,048 - INFO - P1 (Round 9) - Epoch 3/10 | Loss: 0.0747 | Acc: 0.9772 | Val Loss: 0.0731 | Val Acc: 0.9777 | Time: 12.91s
2025-03-04 20:07:53,559 - INFO - P1 (Round 9) - Epoch 4/10 | Loss: 0.0737 | Acc: 0.9774 | Val Loss: 0.0745 | Val Acc: 0.9772 | Time: 12.51s
2025-03-04 20:08:05,865 - INFO - P1 (Round 9) - Epoch 5/10 | Loss: 0.0726 | Acc: 0.9777 | Val Loss: 0.0712 | Val Acc: 0.9783 | Time: 12.31s
2025-03-04 20:08:18,012 - INFO - P1 (Round 9) - Epoch 6/10 | Loss: 0.0718 | Acc: 0.9779 | Val Loss: 0.0725 | Val Acc: 0.9781 | Time: 12.15s
2025-03-04 20:08:30,081 - INFO - P1 (Round 9) - Epoch 7/10 | Loss: 0.0713 | Acc: 0.9781 | Val Loss: 0.0724 | Val Acc: 0.9778 | Time: 12.07s
2025-03-04 20:08:42,734 - INFO - P1 (Round 9) - Epoch 8/10 | Loss: 0.0706 | Acc: 0.9783 | Val Loss: 0.0684 | Val Acc: 0.9786 | Time: 12.65s
2025-03-04 20:08:55,754 - INFO - P1 (Round 9) - Epoch 9/10 | Loss: 0.0700 | Acc: 0.9785 | Val Loss: 0.0717 | Val Acc: 0.9774 | Time: 13.02s
2025-03-04 20:09:07,727 - INFO - P1 (Round 9) - Epoch 10/10 | Loss: 0.0697 | Acc: 0.9785 | Val Loss: 0.0697 | Val Acc: 0.9790 | Time: 11.97s
2025-03-04 20:09:19,878 - INFO - P2 (Round 9) - Epoch 1/10 | Loss: 0.1354 | Acc: 0.9568 | Val Loss: 0.1239 | Val Acc: 0.9650 | Time: 12.15s
2025-03-04 20:09:32,409 - INFO - P2 (Round 9) - Epoch 2/10 | Loss: 0.1209 | Acc: 0.9628 | Val Loss: 0.1205 | Val Acc: 0.9657 | Time: 12.53s
2025-03-04 20:09:44,580 - INFO - P2 (Round 9) - Epoch 3/10 | Loss: 0.1177 | Acc: 0.9639 | Val Loss: 0.1215 | Val Acc: 0.9635 | Time: 12.17s
2025-03-04 20:09:57,483 - INFO - P2 (Round 9) - Epoch 4/10 | Loss: 0.1162 | Acc: 0.9645 | Val Loss: 0.1159 | Val Acc: 0.9666 | Time: 12.90s
2025-03-04 20:10:09,836 - INFO - P2 (Round 9) - Epoch 5/10 | Loss: 0.1152 | Acc: 0.9647 | Val Loss: 0.1154 | Val Acc: 0.9672 | Time: 12.35s
2025-03-04 20:10:21,862 - INFO - P2 (Round 9) - Epoch 6/10 | Loss: 0.1142 | Acc: 0.9655 | Val Loss: 0.1164 | Val Acc: 0.9644 | Time: 12.03s
2025-03-04 20:10:34,184 - INFO - P2 (Round 9) - Epoch 7/10 | Loss: 0.1131 | Acc: 0.9656 | Val Loss: 0.1128 | Val Acc: 0.9668 | Time: 12.32s
2025-03-04 20:10:46,422 - INFO - P2 (Round 9) - Epoch 8/10 | Loss: 0.1117 | Acc: 0.9663 | Val Loss: 0.1137 | Val Acc: 0.9671 | Time: 12.24s
2025-03-04 20:10:58,533 - INFO - P2 (Round 9) - Epoch 9/10 | Loss: 0.1111 | Acc: 0.9666 | Val Loss: 0.1101 | Val Acc: 0.9683 | Time: 12.11s
2025-03-04 20:11:12,185 - INFO - P2 (Round 9) - Epoch 10/10 | Loss: 0.1105 | Acc: 0.9668 | Val Loss: 0.1123 | Val Acc: 0.9634 | Time: 13.65s
2025-03-04 20:11:14,895 - INFO - Round 9 completed in 251.27s
2025-03-04 20:11:14,895 - INFO - Global Model - P1 Test: Loss = 1.5913, Accuracy = 0.7572
2025-03-04 20:11:14,895 - INFO - Global Model - P2 Test: Loss = 1.2380, Accuracy = 0.7322
2025-03-04 20:11:27,228 - INFO - P1 (Round 10) - Epoch 1/10 | Loss: 0.0912 | Acc: 0.9731 | Val Loss: 0.0763 | Val Acc: 0.9778 | Time: 12.33s
2025-03-04 20:11:39,418 - INFO - P1 (Round 10) - Epoch 2/10 | Loss: 0.0764 | Acc: 0.9771 | Val Loss: 0.0724 | Val Acc: 0.9783 | Time: 12.19s
2025-03-04 20:11:51,835 - INFO - P1 (Round 10) - Epoch 3/10 | Loss: 0.0731 | Acc: 0.9778 | Val Loss: 0.0725 | Val Acc: 0.9777 | Time: 12.42s
2025-03-04 20:12:04,045 - INFO - P1 (Round 10) - Epoch 4/10 | Loss: 0.0719 | Acc: 0.9780 | Val Loss: 0.0711 | Val Acc: 0.9786 | Time: 12.21s
2025-03-04 20:12:16,952 - INFO - P1 (Round 10) - Epoch 5/10 | Loss: 0.0709 | Acc: 0.9782 | Val Loss: 0.0693 | Val Acc: 0.9788 | Time: 12.91s
2025-03-04 20:12:29,867 - INFO - P1 (Round 10) - Epoch 6/10 | Loss: 0.0702 | Acc: 0.9784 | Val Loss: 0.0690 | Val Acc: 0.9793 | Time: 12.92s
2025-03-04 20:12:42,282 - INFO - P1 (Round 10) - Epoch 7/10 | Loss: 0.0698 | Acc: 0.9784 | Val Loss: 0.0698 | Val Acc: 0.9791 | Time: 12.42s
2025-03-04 20:12:53,201 - INFO - P1 (Round 10) - Epoch 8/10 | Loss: 0.0695 | Acc: 0.9786 | Val Loss: 0.0699 | Val Acc: 0.9790 | Time: 10.92s
2025-03-04 20:13:03,574 - INFO - P1 (Round 10) - Epoch 9/10 | Loss: 0.0691 | Acc: 0.9786 | Val Loss: 0.0684 | Val Acc: 0.9790 | Time: 10.37s
2025-03-04 20:13:13,995 - INFO - P1 (Round 10) - Epoch 10/10 | Loss: 0.0689 | Acc: 0.9787 | Val Loss: 0.0684 | Val Acc: 0.9789 | Time: 10.42s
2025-03-04 20:13:24,934 - INFO - P2 (Round 10) - Epoch 1/10 | Loss: 0.1312 | Acc: 0.9592 | Val Loss: 0.1212 | Val Acc: 0.9608 | Time: 10.94s
2025-03-04 20:13:36,790 - INFO - P2 (Round 10) - Epoch 2/10 | Loss: 0.1138 | Acc: 0.9658 | Val Loss: 0.1130 | Val Acc: 0.9671 | Time: 11.86s
2025-03-04 20:13:46,976 - INFO - P2 (Round 10) - Epoch 3/10 | Loss: 0.1105 | Acc: 0.9665 | Val Loss: 0.1105 | Val Acc: 0.9659 | Time: 10.18s
2025-03-04 20:13:57,445 - INFO - P2 (Round 10) - Epoch 4/10 | Loss: 0.1090 | Acc: 0.9670 | Val Loss: 0.1113 | Val Acc: 0.9660 | Time: 10.47s
2025-03-04 20:14:07,542 - INFO - P2 (Round 10) - Epoch 5/10 | Loss: 0.1082 | Acc: 0.9673 | Val Loss: 0.1085 | Val Acc: 0.9668 | Time: 10.10s
2025-03-04 20:14:17,898 - INFO - P2 (Round 10) - Epoch 6/10 | Loss: 0.1072 | Acc: 0.9677 | Val Loss: 0.1076 | Val Acc: 0.9682 | Time: 10.36s
2025-03-04 20:14:28,166 - INFO - P2 (Round 10) - Epoch 7/10 | Loss: 0.1065 | Acc: 0.9679 | Val Loss: 0.1072 | Val Acc: 0.9680 | Time: 10.27s
2025-03-04 20:14:39,897 - INFO - P2 (Round 10) - Epoch 8/10 | Loss: 0.1059 | Acc: 0.9681 | Val Loss: 0.1072 | Val Acc: 0.9678 | Time: 11.73s
2025-03-04 20:14:50,798 - INFO - P2 (Round 10) - Epoch 9/10 | Loss: 0.1050 | Acc: 0.9683 | Val Loss: 0.1077 | Val Acc: 0.9684 | Time: 10.90s
2025-03-04 20:15:00,981 - INFO - P2 (Round 10) - Epoch 10/10 | Loss: 0.1049 | Acc: 0.9684 | Val Loss: 0.1060 | Val Acc: 0.9688 | Time: 10.18s
2025-03-04 20:15:03,767 - INFO - Round 10 completed in 228.87s
2025-03-04 20:15:03,768 - INFO - Global Model - P1 Test: Loss = 1.5918, Accuracy = 0.7773
2025-03-04 20:15:03,768 - INFO - Global Model - P2 Test: Loss = 1.1234, Accuracy = 0.7400
2025-03-04 20:15:06,517 - INFO - Final Results after 10 rounds:
2025-03-04 20:15:06,517 - INFO - Global Model - P1 Test: Loss = 1.5918, Accuracy = 0.7773
2025-03-04 20:15:06,517 - INFO - Global Model - P2 Test: Loss = 1.1234, Accuracy = 0.7400
2025-03-04 20:15:06,527 - INFO - Experiment 50 results saved to results/suppression_experiments/exp_50_p1f11_p2f7.json
