2025-03-05 05:14:44,280 - INFO - Starting Suppression Experiment 180
2025-03-05 05:14:44,280 - INFO - P1 Features (2/14): ['protocol', 'bidirectional_min_ps']
2025-03-05 05:14:44,280 - INFO - P2 Features (3/14): ['protocol', 'bidirectional_min_ps', 'bidirectional_mean_ps']
2025-03-05 05:14:55,118 - INFO - P1 (Round 1) - Epoch 1/10 | Loss: 0.9602 | Acc: 0.6417 | Val Loss: 0.8284 | Val Acc: 0.6869 | Time: 10.79s
2025-03-05 05:15:05,812 - INFO - P1 (Round 1) - Epoch 2/10 | Loss: 0.8179 | Acc: 0.6795 | Val Loss: 0.8160 | Val Acc: 0.6799 | Time: 10.69s
2025-03-05 05:15:16,594 - INFO - P1 (Round 1) - Epoch 3/10 | Loss: 0.8115 | Acc: 0.6799 | Val Loss: 0.8114 | Val Acc: 0.6825 | Time: 10.78s
2025-03-05 05:15:27,124 - INFO - P1 (Round 1) - Epoch 4/10 | Loss: 0.8086 | Acc: 0.6811 | Val Loss: 0.8088 | Val Acc: 0.6800 | Time: 10.53s
2025-03-05 05:15:37,547 - INFO - P1 (Round 1) - Epoch 5/10 | Loss: 0.8060 | Acc: 0.6836 | Val Loss: 0.8062 | Val Acc: 0.6825 | Time: 10.42s
2025-03-05 05:15:48,992 - INFO - P1 (Round 1) - Epoch 6/10 | Loss: 0.8009 | Acc: 0.6909 | Val Loss: 0.7999 | Val Acc: 0.6958 | Time: 11.45s
2025-03-05 05:15:59,988 - INFO - P1 (Round 1) - Epoch 7/10 | Loss: 0.7960 | Acc: 0.6961 | Val Loss: 0.7939 | Val Acc: 0.7016 | Time: 11.00s
2025-03-05 05:16:10,563 - INFO - P1 (Round 1) - Epoch 8/10 | Loss: 0.7924 | Acc: 0.6982 | Val Loss: 0.7929 | Val Acc: 0.6933 | Time: 10.57s
2025-03-05 05:16:21,068 - INFO - P1 (Round 1) - Epoch 9/10 | Loss: 0.7895 | Acc: 0.7001 | Val Loss: 0.7878 | Val Acc: 0.7012 | Time: 10.50s
2025-03-05 05:16:31,619 - INFO - P1 (Round 1) - Epoch 10/10 | Loss: 0.7871 | Acc: 0.7011 | Val Loss: 0.7853 | Val Acc: 0.7019 | Time: 10.55s
2025-03-05 05:16:41,906 - INFO - P2 (Round 1) - Epoch 1/10 | Loss: 0.8014 | Acc: 0.6894 | Val Loss: 0.6621 | Val Acc: 0.7247 | Time: 10.29s
2025-03-05 05:16:52,483 - INFO - P2 (Round 1) - Epoch 2/10 | Loss: 0.6360 | Acc: 0.7485 | Val Loss: 0.6147 | Val Acc: 0.7563 | Time: 10.58s
2025-03-05 05:17:04,297 - INFO - P2 (Round 1) - Epoch 3/10 | Loss: 0.6024 | Acc: 0.7605 | Val Loss: 0.5923 | Val Acc: 0.7691 | Time: 11.81s
2025-03-05 05:17:14,916 - INFO - P2 (Round 1) - Epoch 4/10 | Loss: 0.5869 | Acc: 0.7646 | Val Loss: 0.5824 | Val Acc: 0.7656 | Time: 10.62s
2025-03-05 05:17:25,266 - INFO - P2 (Round 1) - Epoch 5/10 | Loss: 0.5775 | Acc: 0.7670 | Val Loss: 0.5731 | Val Acc: 0.7673 | Time: 10.35s
2025-03-05 05:17:35,646 - INFO - P2 (Round 1) - Epoch 6/10 | Loss: 0.5718 | Acc: 0.7683 | Val Loss: 0.5693 | Val Acc: 0.7676 | Time: 10.38s
2025-03-05 05:17:45,993 - INFO - P2 (Round 1) - Epoch 7/10 | Loss: 0.5678 | Acc: 0.7698 | Val Loss: 0.5688 | Val Acc: 0.7722 | Time: 10.35s
2025-03-05 05:17:56,949 - INFO - P2 (Round 1) - Epoch 8/10 | Loss: 0.5645 | Acc: 0.7715 | Val Loss: 0.5628 | Val Acc: 0.7717 | Time: 10.96s
2025-03-05 05:18:07,772 - INFO - P2 (Round 1) - Epoch 9/10 | Loss: 0.5617 | Acc: 0.7725 | Val Loss: 0.5603 | Val Acc: 0.7713 | Time: 10.82s
2025-03-05 05:18:19,352 - INFO - P2 (Round 1) - Epoch 10/10 | Loss: 0.5590 | Acc: 0.7735 | Val Loss: 0.5555 | Val Acc: 0.7742 | Time: 11.58s
2025-03-05 05:18:21,720 - INFO - Round 1 completed in 217.39s
2025-03-05 05:18:21,720 - INFO - Global Model - P1 Test: Loss = 2.3283, Accuracy = 0.4205
2025-03-05 05:18:21,720 - INFO - Global Model - P2 Test: Loss = 2.5009, Accuracy = 0.5684
2025-03-05 05:18:32,125 - INFO - P1 (Round 2) - Epoch 1/10 | Loss: 0.8281 | Acc: 0.6934 | Val Loss: 0.7947 | Val Acc: 0.7030 | Time: 10.40s
2025-03-05 05:18:42,894 - INFO - P1 (Round 2) - Epoch 2/10 | Loss: 0.7897 | Acc: 0.7024 | Val Loss: 0.7866 | Val Acc: 0.7033 | Time: 10.77s
2025-03-05 05:18:53,132 - INFO - P1 (Round 2) - Epoch 3/10 | Loss: 0.7848 | Acc: 0.7031 | Val Loss: 0.7849 | Val Acc: 0.7034 | Time: 10.24s
2025-03-05 05:19:04,241 - INFO - P1 (Round 2) - Epoch 4/10 | Loss: 0.7816 | Acc: 0.7044 | Val Loss: 0.7809 | Val Acc: 0.7052 | Time: 11.11s
2025-03-05 05:19:15,298 - INFO - P1 (Round 2) - Epoch 5/10 | Loss: 0.7791 | Acc: 0.7049 | Val Loss: 0.7788 | Val Acc: 0.7053 | Time: 11.06s
2025-03-05 05:19:27,047 - INFO - P1 (Round 2) - Epoch 6/10 | Loss: 0.7783 | Acc: 0.7052 | Val Loss: 0.7785 | Val Acc: 0.7058 | Time: 11.75s
2025-03-05 05:19:37,468 - INFO - P1 (Round 2) - Epoch 7/10 | Loss: 0.7775 | Acc: 0.7054 | Val Loss: 0.7770 | Val Acc: 0.7059 | Time: 10.42s
2025-03-05 05:19:48,226 - INFO - P1 (Round 2) - Epoch 8/10 | Loss: 0.7771 | Acc: 0.7056 | Val Loss: 0.7791 | Val Acc: 0.7056 | Time: 10.76s
2025-03-05 05:19:58,937 - INFO - P1 (Round 2) - Epoch 9/10 | Loss: 0.7765 | Acc: 0.7056 | Val Loss: 0.7772 | Val Acc: 0.7059 | Time: 10.71s
2025-03-05 05:20:09,553 - INFO - P1 (Round 2) - Epoch 10/10 | Loss: 0.7760 | Acc: 0.7056 | Val Loss: 0.7778 | Val Acc: 0.7050 | Time: 10.62s
2025-03-05 05:20:20,222 - INFO - P2 (Round 2) - Epoch 1/10 | Loss: 0.6652 | Acc: 0.7357 | Val Loss: 0.6168 | Val Acc: 0.7678 | Time: 10.67s
2025-03-05 05:20:31,610 - INFO - P2 (Round 2) - Epoch 2/10 | Loss: 0.6034 | Acc: 0.7713 | Val Loss: 0.5972 | Val Acc: 0.7731 | Time: 11.39s
2025-03-05 05:20:42,779 - INFO - P2 (Round 2) - Epoch 3/10 | Loss: 0.5893 | Acc: 0.7747 | Val Loss: 0.5859 | Val Acc: 0.7758 | Time: 11.17s
2025-03-05 05:20:53,166 - INFO - P2 (Round 2) - Epoch 4/10 | Loss: 0.5805 | Acc: 0.7752 | Val Loss: 0.5767 | Val Acc: 0.7775 | Time: 10.39s
2025-03-05 05:21:03,752 - INFO - P2 (Round 2) - Epoch 5/10 | Loss: 0.5740 | Acc: 0.7757 | Val Loss: 0.5734 | Val Acc: 0.7781 | Time: 10.59s
2025-03-05 05:21:14,513 - INFO - P2 (Round 2) - Epoch 6/10 | Loss: 0.5692 | Acc: 0.7767 | Val Loss: 0.5672 | Val Acc: 0.7794 | Time: 10.76s
2025-03-05 05:21:24,797 - INFO - P2 (Round 2) - Epoch 7/10 | Loss: 0.5649 | Acc: 0.7771 | Val Loss: 0.5672 | Val Acc: 0.7766 | Time: 10.28s
2025-03-05 05:21:35,215 - INFO - P2 (Round 2) - Epoch 8/10 | Loss: 0.5605 | Acc: 0.7772 | Val Loss: 0.5578 | Val Acc: 0.7792 | Time: 10.42s
2025-03-05 05:21:46,787 - INFO - P2 (Round 2) - Epoch 9/10 | Loss: 0.5575 | Acc: 0.7775 | Val Loss: 0.5562 | Val Acc: 0.7792 | Time: 11.57s
2025-03-05 05:21:57,194 - INFO - P2 (Round 2) - Epoch 10/10 | Loss: 0.5553 | Acc: 0.7776 | Val Loss: 0.5547 | Val Acc: 0.7792 | Time: 10.41s
2025-03-05 05:21:59,421 - INFO - Round 2 completed in 217.70s
2025-03-05 05:21:59,421 - INFO - Global Model - P1 Test: Loss = 1.1540, Accuracy = 0.6758
2025-03-05 05:21:59,421 - INFO - Global Model - P2 Test: Loss = 1.0728, Accuracy = 0.6259
2025-03-05 05:22:10,144 - INFO - P1 (Round 3) - Epoch 1/10 | Loss: 0.7954 | Acc: 0.6996 | Val Loss: 0.7868 | Val Acc: 0.7032 | Time: 10.72s
2025-03-05 05:22:20,698 - INFO - P1 (Round 3) - Epoch 2/10 | Loss: 0.7844 | Acc: 0.7029 | Val Loss: 0.7825 | Val Acc: 0.7033 | Time: 10.55s
2025-03-05 05:22:31,367 - INFO - P1 (Round 3) - Epoch 3/10 | Loss: 0.7818 | Acc: 0.7030 | Val Loss: 0.7808 | Val Acc: 0.7034 | Time: 10.67s
2025-03-05 05:22:41,843 - INFO - P1 (Round 3) - Epoch 4/10 | Loss: 0.7801 | Acc: 0.7033 | Val Loss: 0.7803 | Val Acc: 0.7054 | Time: 10.48s
2025-03-05 05:22:52,970 - INFO - P1 (Round 3) - Epoch 5/10 | Loss: 0.7782 | Acc: 0.7043 | Val Loss: 0.7775 | Val Acc: 0.7051 | Time: 11.13s
2025-03-05 05:23:04,160 - INFO - P1 (Round 3) - Epoch 6/10 | Loss: 0.7763 | Acc: 0.7053 | Val Loss: 0.7752 | Val Acc: 0.7070 | Time: 11.19s
2025-03-05 05:23:14,648 - INFO - P1 (Round 3) - Epoch 7/10 | Loss: 0.7751 | Acc: 0.7059 | Val Loss: 0.7749 | Val Acc: 0.7070 | Time: 10.49s
2025-03-05 05:23:25,234 - INFO - P1 (Round 3) - Epoch 8/10 | Loss: 0.7743 | Acc: 0.7063 | Val Loss: 0.7758 | Val Acc: 0.7070 | Time: 10.59s
2025-03-05 05:23:35,808 - INFO - P1 (Round 3) - Epoch 9/10 | Loss: 0.7736 | Acc: 0.7066 | Val Loss: 0.7741 | Val Acc: 0.7070 | Time: 10.57s
2025-03-05 05:23:46,439 - INFO - P1 (Round 3) - Epoch 10/10 | Loss: 0.7729 | Acc: 0.7067 | Val Loss: 0.7763 | Val Acc: 0.7071 | Time: 10.63s
2025-03-05 05:23:57,008 - INFO - P2 (Round 3) - Epoch 1/10 | Loss: 0.6089 | Acc: 0.7638 | Val Loss: 0.5908 | Val Acc: 0.7778 | Time: 10.57s
2025-03-05 05:24:08,679 - INFO - P2 (Round 3) - Epoch 2/10 | Loss: 0.5769 | Acc: 0.7759 | Val Loss: 0.5688 | Val Acc: 0.7788 | Time: 11.67s
2025-03-05 05:24:19,408 - INFO - P2 (Round 3) - Epoch 3/10 | Loss: 0.5641 | Acc: 0.7774 | Val Loss: 0.5613 | Val Acc: 0.7796 | Time: 10.73s
2025-03-05 05:24:30,148 - INFO - P2 (Round 3) - Epoch 4/10 | Loss: 0.5578 | Acc: 0.7780 | Val Loss: 0.5567 | Val Acc: 0.7789 | Time: 10.74s
2025-03-05 05:24:40,669 - INFO - P2 (Round 3) - Epoch 5/10 | Loss: 0.5540 | Acc: 0.7783 | Val Loss: 0.5581 | Val Acc: 0.7798 | Time: 10.52s
2025-03-05 05:24:51,283 - INFO - P2 (Round 3) - Epoch 6/10 | Loss: 0.5516 | Acc: 0.7786 | Val Loss: 0.5500 | Val Acc: 0.7796 | Time: 10.61s
2025-03-05 05:25:01,591 - INFO - P2 (Round 3) - Epoch 7/10 | Loss: 0.5491 | Acc: 0.7789 | Val Loss: 0.5486 | Val Acc: 0.7795 | Time: 10.31s
2025-03-05 05:25:12,436 - INFO - P2 (Round 3) - Epoch 8/10 | Loss: 0.5476 | Acc: 0.7791 | Val Loss: 0.5475 | Val Acc: 0.7797 | Time: 10.84s
2025-03-05 05:25:23,933 - INFO - P2 (Round 3) - Epoch 9/10 | Loss: 0.5462 | Acc: 0.7795 | Val Loss: 0.5475 | Val Acc: 0.7810 | Time: 11.50s
2025-03-05 05:25:34,561 - INFO - P2 (Round 3) - Epoch 10/10 | Loss: 0.5450 | Acc: 0.7796 | Val Loss: 0.5450 | Val Acc: 0.7785 | Time: 10.63s
2025-03-05 05:25:36,784 - INFO - Round 3 completed in 217.36s
2025-03-05 05:25:36,784 - INFO - Global Model - P1 Test: Loss = 1.0701, Accuracy = 0.6878
2025-03-05 05:25:36,784 - INFO - Global Model - P2 Test: Loss = 1.9694, Accuracy = 0.6035
2025-03-05 05:25:47,132 - INFO - P1 (Round 4) - Epoch 1/10 | Loss: 0.7815 | Acc: 0.7046 | Val Loss: 0.7758 | Val Acc: 0.7070 | Time: 10.35s
2025-03-05 05:25:57,592 - INFO - P1 (Round 4) - Epoch 2/10 | Loss: 0.7753 | Acc: 0.7065 | Val Loss: 0.7760 | Val Acc: 0.7070 | Time: 10.46s
2025-03-05 05:26:08,102 - INFO - P1 (Round 4) - Epoch 3/10 | Loss: 0.7739 | Acc: 0.7067 | Val Loss: 0.7772 | Val Acc: 0.7070 | Time: 10.51s
2025-03-05 05:26:18,531 - INFO - P1 (Round 4) - Epoch 4/10 | Loss: 0.7733 | Acc: 0.7067 | Val Loss: 0.7754 | Val Acc: 0.7068 | Time: 10.43s
2025-03-05 05:26:30,272 - INFO - P1 (Round 4) - Epoch 5/10 | Loss: 0.7726 | Acc: 0.7067 | Val Loss: 0.7717 | Val Acc: 0.7070 | Time: 11.74s
2025-03-05 05:26:41,124 - INFO - P1 (Round 4) - Epoch 6/10 | Loss: 0.7722 | Acc: 0.7067 | Val Loss: 0.7723 | Val Acc: 0.7070 | Time: 10.85s
2025-03-05 05:26:51,679 - INFO - P1 (Round 4) - Epoch 7/10 | Loss: 0.7714 | Acc: 0.7067 | Val Loss: 0.7706 | Val Acc: 0.7069 | Time: 10.55s
2025-03-05 05:27:02,071 - INFO - P1 (Round 4) - Epoch 8/10 | Loss: 0.7708 | Acc: 0.7067 | Val Loss: 0.7698 | Val Acc: 0.7070 | Time: 10.39s
2025-03-05 05:27:12,519 - INFO - P1 (Round 4) - Epoch 9/10 | Loss: 0.7705 | Acc: 0.7068 | Val Loss: 0.7687 | Val Acc: 0.7071 | Time: 10.45s
2025-03-05 05:27:23,027 - INFO - P1 (Round 4) - Epoch 10/10 | Loss: 0.7702 | Acc: 0.7068 | Val Loss: 0.7710 | Val Acc: 0.7070 | Time: 10.51s
2025-03-05 05:27:33,808 - INFO - P2 (Round 4) - Epoch 1/10 | Loss: 0.5868 | Acc: 0.7714 | Val Loss: 0.5730 | Val Acc: 0.7740 | Time: 10.78s
2025-03-05 05:27:45,420 - INFO - P2 (Round 4) - Epoch 2/10 | Loss: 0.5681 | Acc: 0.7767 | Val Loss: 0.5679 | Val Acc: 0.7784 | Time: 11.61s
2025-03-05 05:27:56,013 - INFO - P2 (Round 4) - Epoch 3/10 | Loss: 0.5641 | Acc: 0.7774 | Val Loss: 0.5656 | Val Acc: 0.7795 | Time: 10.59s
2025-03-05 05:28:06,458 - INFO - P2 (Round 4) - Epoch 4/10 | Loss: 0.5614 | Acc: 0.7780 | Val Loss: 0.5618 | Val Acc: 0.7782 | Time: 10.44s
2025-03-05 05:28:16,987 - INFO - P2 (Round 4) - Epoch 5/10 | Loss: 0.5595 | Acc: 0.7781 | Val Loss: 0.5610 | Val Acc: 0.7764 | Time: 10.53s
2025-03-05 05:28:27,507 - INFO - P2 (Round 4) - Epoch 6/10 | Loss: 0.5575 | Acc: 0.7784 | Val Loss: 0.5570 | Val Acc: 0.7781 | Time: 10.52s
2025-03-05 05:28:38,016 - INFO - P2 (Round 4) - Epoch 7/10 | Loss: 0.5558 | Acc: 0.7787 | Val Loss: 0.5551 | Val Acc: 0.7785 | Time: 10.51s
2025-03-05 05:28:49,145 - INFO - P2 (Round 4) - Epoch 8/10 | Loss: 0.5544 | Acc: 0.7789 | Val Loss: 0.5540 | Val Acc: 0.7791 | Time: 11.13s
2025-03-05 05:29:00,340 - INFO - P2 (Round 4) - Epoch 9/10 | Loss: 0.5531 | Acc: 0.7791 | Val Loss: 0.5561 | Val Acc: 0.7765 | Time: 11.19s
2025-03-05 05:29:10,999 - INFO - P2 (Round 4) - Epoch 10/10 | Loss: 0.5520 | Acc: 0.7791 | Val Loss: 0.5535 | Val Acc: 0.7824 | Time: 10.66s
2025-03-05 05:29:13,161 - INFO - Round 4 completed in 216.38s
2025-03-05 05:29:13,162 - INFO - Global Model - P1 Test: Loss = 1.1333, Accuracy = 0.6235
2025-03-05 05:29:13,162 - INFO - Global Model - P2 Test: Loss = 2.8845, Accuracy = 0.5583
2025-03-05 05:29:23,687 - INFO - P1 (Round 5) - Epoch 1/10 | Loss: 0.7822 | Acc: 0.7037 | Val Loss: 0.7817 | Val Acc: 0.7050 | Time: 10.52s
2025-03-05 05:29:34,100 - INFO - P1 (Round 5) - Epoch 2/10 | Loss: 0.7777 | Acc: 0.7050 | Val Loss: 0.7761 | Val Acc: 0.7055 | Time: 10.41s
2025-03-05 05:29:44,658 - INFO - P1 (Round 5) - Epoch 3/10 | Loss: 0.7759 | Acc: 0.7051 | Val Loss: 0.7759 | Val Acc: 0.7052 | Time: 10.56s
2025-03-05 05:29:55,301 - INFO - P1 (Round 5) - Epoch 4/10 | Loss: 0.7754 | Acc: 0.7052 | Val Loss: 0.7754 | Val Acc: 0.7053 | Time: 10.64s
2025-03-05 05:30:07,004 - INFO - P1 (Round 5) - Epoch 5/10 | Loss: 0.7748 | Acc: 0.7053 | Val Loss: 0.7746 | Val Acc: 0.7055 | Time: 11.70s
2025-03-05 05:30:17,412 - INFO - P1 (Round 5) - Epoch 6/10 | Loss: 0.7743 | Acc: 0.7053 | Val Loss: 0.7742 | Val Acc: 0.7058 | Time: 10.41s
2025-03-05 05:30:28,108 - INFO - P1 (Round 5) - Epoch 7/10 | Loss: 0.7738 | Acc: 0.7053 | Val Loss: 0.7723 | Val Acc: 0.7050 | Time: 10.70s
2025-03-05 05:30:39,967 - INFO - P1 (Round 5) - Epoch 8/10 | Loss: 0.7733 | Acc: 0.7054 | Val Loss: 0.7731 | Val Acc: 0.7056 | Time: 11.86s
2025-03-05 05:30:50,362 - INFO - P1 (Round 5) - Epoch 9/10 | Loss: 0.7734 | Acc: 0.7055 | Val Loss: 0.7714 | Val Acc: 0.7059 | Time: 10.39s
2025-03-05 05:31:01,120 - INFO - P1 (Round 5) - Epoch 10/10 | Loss: 0.7732 | Acc: 0.7055 | Val Loss: 0.7731 | Val Acc: 0.7059 | Time: 10.76s
2025-03-05 05:31:12,353 - INFO - P2 (Round 5) - Epoch 1/10 | Loss: 0.6085 | Acc: 0.7597 | Val Loss: 0.5810 | Val Acc: 0.7720 | Time: 11.23s
2025-03-05 05:31:23,716 - INFO - P2 (Round 5) - Epoch 2/10 | Loss: 0.5679 | Acc: 0.7750 | Val Loss: 0.5565 | Val Acc: 0.7774 | Time: 11.36s
2025-03-05 05:31:34,251 - INFO - P2 (Round 5) - Epoch 3/10 | Loss: 0.5553 | Acc: 0.7775 | Val Loss: 0.5535 | Val Acc: 0.7777 | Time: 10.53s
2025-03-05 05:31:44,882 - INFO - P2 (Round 5) - Epoch 4/10 | Loss: 0.5518 | Acc: 0.7782 | Val Loss: 0.5487 | Val Acc: 0.7773 | Time: 10.63s
2025-03-05 05:31:55,700 - INFO - P2 (Round 5) - Epoch 5/10 | Loss: 0.5492 | Acc: 0.7786 | Val Loss: 0.5495 | Val Acc: 0.7782 | Time: 10.82s
2025-03-05 05:32:06,266 - INFO - P2 (Round 5) - Epoch 6/10 | Loss: 0.5473 | Acc: 0.7790 | Val Loss: 0.5457 | Val Acc: 0.7783 | Time: 10.57s
2025-03-05 05:32:16,865 - INFO - P2 (Round 5) - Epoch 7/10 | Loss: 0.5452 | Acc: 0.7792 | Val Loss: 0.5425 | Val Acc: 0.7796 | Time: 10.60s
2025-03-05 05:32:28,616 - INFO - P2 (Round 5) - Epoch 8/10 | Loss: 0.5435 | Acc: 0.7796 | Val Loss: 0.5421 | Val Acc: 0.7783 | Time: 11.75s
2025-03-05 05:32:39,154 - INFO - P2 (Round 5) - Epoch 9/10 | Loss: 0.5421 | Acc: 0.7798 | Val Loss: 0.5401 | Val Acc: 0.7800 | Time: 10.54s
2025-03-05 05:32:49,415 - INFO - P2 (Round 5) - Epoch 10/10 | Loss: 0.5402 | Acc: 0.7809 | Val Loss: 0.5378 | Val Acc: 0.7827 | Time: 10.26s
2025-03-05 05:32:51,656 - INFO - Round 5 completed in 218.49s
2025-03-05 05:32:51,656 - INFO - Global Model - P1 Test: Loss = 1.1521, Accuracy = 0.6910
2025-03-05 05:32:51,656 - INFO - Global Model - P2 Test: Loss = 1.7247, Accuracy = 0.5566
2025-03-05 05:33:02,149 - INFO - P1 (Round 6) - Epoch 1/10 | Loss: 0.7787 | Acc: 0.7054 | Val Loss: 0.7750 | Val Acc: 0.7056 | Time: 10.49s
2025-03-05 05:33:12,745 - INFO - P1 (Round 6) - Epoch 2/10 | Loss: 0.7748 | Acc: 0.7055 | Val Loss: 0.7726 | Val Acc: 0.7058 | Time: 10.60s
2025-03-05 05:33:23,363 - INFO - P1 (Round 6) - Epoch 3/10 | Loss: 0.7739 | Acc: 0.7056 | Val Loss: 0.7742 | Val Acc: 0.7058 | Time: 10.62s
2025-03-05 05:33:34,503 - INFO - P1 (Round 6) - Epoch 4/10 | Loss: 0.7735 | Acc: 0.7056 | Val Loss: 0.7769 | Val Acc: 0.7057 | Time: 11.14s
2025-03-05 05:33:45,438 - INFO - P1 (Round 6) - Epoch 5/10 | Loss: 0.7732 | Acc: 0.7057 | Val Loss: 0.7728 | Val Acc: 0.7057 | Time: 10.94s
2025-03-05 05:33:55,926 - INFO - P1 (Round 6) - Epoch 6/10 | Loss: 0.7731 | Acc: 0.7056 | Val Loss: 0.7762 | Val Acc: 0.7054 | Time: 10.49s
2025-03-05 05:34:06,501 - INFO - P1 (Round 6) - Epoch 7/10 | Loss: 0.7731 | Acc: 0.7056 | Val Loss: 0.7731 | Val Acc: 0.7055 | Time: 10.57s
2025-03-05 05:34:16,984 - INFO - P1 (Round 6) - Epoch 8/10 | Loss: 0.7730 | Acc: 0.7056 | Val Loss: 0.7727 | Val Acc: 0.7059 | Time: 10.48s
2025-03-05 05:34:27,646 - INFO - P1 (Round 6) - Epoch 9/10 | Loss: 0.7728 | Acc: 0.7056 | Val Loss: 0.7740 | Val Acc: 0.7057 | Time: 10.66s
2025-03-05 05:34:38,301 - INFO - P1 (Round 6) - Epoch 10/10 | Loss: 0.7727 | Acc: 0.7056 | Val Loss: 0.7732 | Val Acc: 0.7059 | Time: 10.66s
2025-03-05 05:34:49,848 - INFO - P2 (Round 6) - Epoch 1/10 | Loss: 0.5732 | Acc: 0.7729 | Val Loss: 0.5594 | Val Acc: 0.7763 | Time: 11.55s
2025-03-05 05:35:00,386 - INFO - P2 (Round 6) - Epoch 2/10 | Loss: 0.5568 | Acc: 0.7772 | Val Loss: 0.5536 | Val Acc: 0.7799 | Time: 10.54s
2025-03-05 05:35:10,866 - INFO - P2 (Round 6) - Epoch 3/10 | Loss: 0.5546 | Acc: 0.7782 | Val Loss: 0.5533 | Val Acc: 0.7804 | Time: 10.48s
2025-03-05 05:35:21,286 - INFO - P2 (Round 6) - Epoch 4/10 | Loss: 0.5536 | Acc: 0.7785 | Val Loss: 0.5523 | Val Acc: 0.7784 | Time: 10.42s
2025-03-05 05:35:31,908 - INFO - P2 (Round 6) - Epoch 5/10 | Loss: 0.5529 | Acc: 0.7788 | Val Loss: 0.5518 | Val Acc: 0.7788 | Time: 10.62s
2025-03-05 05:35:42,450 - INFO - P2 (Round 6) - Epoch 6/10 | Loss: 0.5523 | Acc: 0.7789 | Val Loss: 0.5504 | Val Acc: 0.7803 | Time: 10.54s
2025-03-05 05:35:53,231 - INFO - P2 (Round 6) - Epoch 7/10 | Loss: 0.5522 | Acc: 0.7789 | Val Loss: 0.5511 | Val Acc: 0.7776 | Time: 10.78s
2025-03-05 05:36:04,619 - INFO - P2 (Round 6) - Epoch 8/10 | Loss: 0.5518 | Acc: 0.7796 | Val Loss: 0.5508 | Val Acc: 0.7788 | Time: 11.39s
2025-03-05 05:36:15,176 - INFO - P2 (Round 6) - Epoch 9/10 | Loss: 0.5516 | Acc: 0.7792 | Val Loss: 0.5502 | Val Acc: 0.7789 | Time: 10.56s
2025-03-05 05:36:25,977 - INFO - P2 (Round 6) - Epoch 10/10 | Loss: 0.5514 | Acc: 0.7796 | Val Loss: 0.5503 | Val Acc: 0.7823 | Time: 10.80s
2025-03-05 05:36:28,287 - INFO - Round 6 completed in 216.63s
2025-03-05 05:36:28,287 - INFO - Global Model - P1 Test: Loss = 1.0840, Accuracy = 0.6981
2025-03-05 05:36:28,287 - INFO - Global Model - P2 Test: Loss = 1.9495, Accuracy = 0.5654
2025-03-05 05:36:38,659 - INFO - P1 (Round 7) - Epoch 1/10 | Loss: 0.7760 | Acc: 0.7055 | Val Loss: 0.7724 | Val Acc: 0.7058 | Time: 10.37s
2025-03-05 05:36:49,240 - INFO - P1 (Round 7) - Epoch 2/10 | Loss: 0.7731 | Acc: 0.7056 | Val Loss: 0.7735 | Val Acc: 0.7059 | Time: 10.58s
2025-03-05 05:36:59,857 - INFO - P1 (Round 7) - Epoch 3/10 | Loss: 0.7729 | Acc: 0.7056 | Val Loss: 0.7728 | Val Acc: 0.7055 | Time: 10.62s
2025-03-05 05:37:11,519 - INFO - P1 (Round 7) - Epoch 4/10 | Loss: 0.7729 | Acc: 0.7056 | Val Loss: 0.7723 | Val Acc: 0.7056 | Time: 11.66s
2025-03-05 05:37:22,232 - INFO - P1 (Round 7) - Epoch 5/10 | Loss: 0.7727 | Acc: 0.7056 | Val Loss: 0.7729 | Val Acc: 0.7058 | Time: 10.71s
2025-03-05 05:37:32,583 - INFO - P1 (Round 7) - Epoch 6/10 | Loss: 0.7723 | Acc: 0.7056 | Val Loss: 0.7721 | Val Acc: 0.7058 | Time: 10.35s
2025-03-05 05:37:42,430 - INFO - P1 (Round 7) - Epoch 7/10 | Loss: 0.7722 | Acc: 0.7057 | Val Loss: 0.7718 | Val Acc: 0.7058 | Time: 9.85s
2025-03-05 05:37:51,747 - INFO - P1 (Round 7) - Epoch 8/10 | Loss: 0.7717 | Acc: 0.7057 | Val Loss: 0.7714 | Val Acc: 0.7058 | Time: 9.32s
2025-03-05 05:38:00,973 - INFO - P1 (Round 7) - Epoch 9/10 | Loss: 0.7713 | Acc: 0.7057 | Val Loss: 0.7718 | Val Acc: 0.7059 | Time: 9.23s
2025-03-05 05:38:10,379 - INFO - P1 (Round 7) - Epoch 10/10 | Loss: 0.7709 | Acc: 0.7057 | Val Loss: 0.7746 | Val Acc: 0.7059 | Time: 9.41s
2025-03-05 05:38:20,272 - INFO - P2 (Round 7) - Epoch 1/10 | Loss: 0.5675 | Acc: 0.7732 | Val Loss: 0.5541 | Val Acc: 0.7785 | Time: 9.89s
2025-03-05 05:38:30,325 - INFO - P2 (Round 7) - Epoch 2/10 | Loss: 0.5541 | Acc: 0.7778 | Val Loss: 0.5519 | Val Acc: 0.7788 | Time: 10.05s
2025-03-05 05:38:39,765 - INFO - P2 (Round 7) - Epoch 3/10 | Loss: 0.5527 | Acc: 0.7784 | Val Loss: 0.5528 | Val Acc: 0.7803 | Time: 9.44s
2025-03-05 05:38:49,170 - INFO - P2 (Round 7) - Epoch 4/10 | Loss: 0.5523 | Acc: 0.7787 | Val Loss: 0.5544 | Val Acc: 0.7799 | Time: 9.40s
2025-03-05 05:38:58,630 - INFO - P2 (Round 7) - Epoch 5/10 | Loss: 0.5516 | Acc: 0.7791 | Val Loss: 0.5496 | Val Acc: 0.7795 | Time: 9.46s
2025-03-05 05:39:08,115 - INFO - P2 (Round 7) - Epoch 6/10 | Loss: 0.5513 | Acc: 0.7791 | Val Loss: 0.5498 | Val Acc: 0.7812 | Time: 9.49s
2025-03-05 05:39:17,288 - INFO - P2 (Round 7) - Epoch 7/10 | Loss: 0.5511 | Acc: 0.7794 | Val Loss: 0.5499 | Val Acc: 0.7795 | Time: 9.17s
2025-03-05 05:39:26,765 - INFO - P2 (Round 7) - Epoch 8/10 | Loss: 0.5507 | Acc: 0.7796 | Val Loss: 0.5506 | Val Acc: 0.7786 | Time: 9.48s
2025-03-05 05:39:37,201 - INFO - P2 (Round 7) - Epoch 9/10 | Loss: 0.5505 | Acc: 0.7796 | Val Loss: 0.5486 | Val Acc: 0.7797 | Time: 10.44s
2025-03-05 05:39:46,409 - INFO - P2 (Round 7) - Epoch 10/10 | Loss: 0.5507 | Acc: 0.7797 | Val Loss: 0.5515 | Val Acc: 0.7784 | Time: 9.21s
2025-03-05 05:39:48,427 - INFO - Round 7 completed in 200.14s
2025-03-05 05:39:48,427 - INFO - Global Model - P1 Test: Loss = 1.1568, Accuracy = 0.6906
2025-03-05 05:39:48,427 - INFO - Global Model - P2 Test: Loss = 2.9887, Accuracy = 0.4429
2025-03-05 05:39:57,844 - INFO - P1 (Round 8) - Epoch 1/10 | Loss: 0.7743 | Acc: 0.7057 | Val Loss: 0.7708 | Val Acc: 0.7077 | Time: 9.42s
2025-03-05 05:40:07,083 - INFO - P1 (Round 8) - Epoch 2/10 | Loss: 0.7709 | Acc: 0.7066 | Val Loss: 0.7692 | Val Acc: 0.7077 | Time: 9.24s
2025-03-05 05:40:16,628 - INFO - P1 (Round 8) - Epoch 3/10 | Loss: 0.7694 | Acc: 0.7074 | Val Loss: 0.7678 | Val Acc: 0.7077 | Time: 9.55s
2025-03-05 05:40:26,028 - INFO - P1 (Round 8) - Epoch 4/10 | Loss: 0.7686 | Acc: 0.7074 | Val Loss: 0.7690 | Val Acc: 0.7076 | Time: 9.40s
2025-03-05 05:40:35,495 - INFO - P1 (Round 8) - Epoch 5/10 | Loss: 0.7682 | Acc: 0.7074 | Val Loss: 0.7680 | Val Acc: 0.7077 | Time: 9.47s
2025-03-05 05:40:46,034 - INFO - P1 (Round 8) - Epoch 6/10 | Loss: 0.7678 | Acc: 0.7074 | Val Loss: 0.7718 | Val Acc: 0.7077 | Time: 10.54s
2025-03-05 05:40:55,829 - INFO - P1 (Round 8) - Epoch 7/10 | Loss: 0.7676 | Acc: 0.7074 | Val Loss: 0.7688 | Val Acc: 0.7076 | Time: 9.79s
2025-03-05 05:41:05,281 - INFO - P1 (Round 8) - Epoch 8/10 | Loss: 0.7675 | Acc: 0.7074 | Val Loss: 0.7671 | Val Acc: 0.7077 | Time: 9.45s
2025-03-05 05:41:14,883 - INFO - P1 (Round 8) - Epoch 9/10 | Loss: 0.7675 | Acc: 0.7074 | Val Loss: 0.7673 | Val Acc: 0.7074 | Time: 9.60s
2025-03-05 05:41:24,327 - INFO - P1 (Round 8) - Epoch 10/10 | Loss: 0.7673 | Acc: 0.7074 | Val Loss: 0.7676 | Val Acc: 0.7076 | Time: 9.44s
2025-03-05 05:41:33,543 - INFO - P2 (Round 8) - Epoch 1/10 | Loss: 0.5733 | Acc: 0.7725 | Val Loss: 0.5536 | Val Acc: 0.7779 | Time: 9.22s
2025-03-05 05:41:42,813 - INFO - P2 (Round 8) - Epoch 2/10 | Loss: 0.5544 | Acc: 0.7771 | Val Loss: 0.5527 | Val Acc: 0.7777 | Time: 9.27s
2025-03-05 05:41:52,696 - INFO - P2 (Round 8) - Epoch 3/10 | Loss: 0.5533 | Acc: 0.7774 | Val Loss: 0.5536 | Val Acc: 0.7774 | Time: 9.88s
2025-03-05 05:42:02,789 - INFO - P2 (Round 8) - Epoch 4/10 | Loss: 0.5523 | Acc: 0.7777 | Val Loss: 0.5500 | Val Acc: 0.7764 | Time: 10.09s
2025-03-05 05:42:12,077 - INFO - P2 (Round 8) - Epoch 5/10 | Loss: 0.5519 | Acc: 0.7776 | Val Loss: 0.5516 | Val Acc: 0.7784 | Time: 9.29s
2025-03-05 05:42:21,631 - INFO - P2 (Round 8) - Epoch 6/10 | Loss: 0.5511 | Acc: 0.7778 | Val Loss: 0.5511 | Val Acc: 0.7774 | Time: 9.55s
2025-03-05 05:42:31,015 - INFO - P2 (Round 8) - Epoch 7/10 | Loss: 0.5508 | Acc: 0.7780 | Val Loss: 0.5489 | Val Acc: 0.7795 | Time: 9.38s
2025-03-05 05:42:40,599 - INFO - P2 (Round 8) - Epoch 8/10 | Loss: 0.5502 | Acc: 0.7786 | Val Loss: 0.5473 | Val Acc: 0.7792 | Time: 9.58s
2025-03-05 05:42:49,845 - INFO - P2 (Round 8) - Epoch 9/10 | Loss: 0.5500 | Acc: 0.7788 | Val Loss: 0.5493 | Val Acc: 0.7802 | Time: 9.25s
2025-03-05 05:42:59,268 - INFO - P2 (Round 8) - Epoch 10/10 | Loss: 0.5498 | Acc: 0.7789 | Val Loss: 0.5517 | Val Acc: 0.7790 | Time: 9.42s
2025-03-05 05:43:01,476 - INFO - Round 8 completed in 193.05s
2025-03-05 05:43:01,477 - INFO - Global Model - P1 Test: Loss = 1.2904, Accuracy = 0.6944
2025-03-05 05:43:01,477 - INFO - Global Model - P2 Test: Loss = 3.2027, Accuracy = 0.4760
2025-03-05 05:43:11,727 - INFO - P1 (Round 9) - Epoch 1/10 | Loss: 0.7717 | Acc: 0.7073 | Val Loss: 0.7709 | Val Acc: 0.7077 | Time: 10.25s
2025-03-05 05:43:21,005 - INFO - P1 (Round 9) - Epoch 2/10 | Loss: 0.7684 | Acc: 0.7074 | Val Loss: 0.7678 | Val Acc: 0.7076 | Time: 9.28s
2025-03-05 05:43:30,087 - INFO - P1 (Round 9) - Epoch 3/10 | Loss: 0.7680 | Acc: 0.7074 | Val Loss: 0.7698 | Val Acc: 0.7077 | Time: 9.08s
2025-03-05 05:43:39,311 - INFO - P1 (Round 9) - Epoch 4/10 | Loss: 0.7678 | Acc: 0.7074 | Val Loss: 0.7697 | Val Acc: 0.7077 | Time: 9.22s
2025-03-05 05:43:48,468 - INFO - P1 (Round 9) - Epoch 5/10 | Loss: 0.7677 | Acc: 0.7074 | Val Loss: 0.7664 | Val Acc: 0.7077 | Time: 9.16s
2025-03-05 05:43:57,987 - INFO - P1 (Round 9) - Epoch 6/10 | Loss: 0.7676 | Acc: 0.7074 | Val Loss: 0.7666 | Val Acc: 0.7074 | Time: 9.52s
2025-03-05 05:44:07,310 - INFO - P1 (Round 9) - Epoch 7/10 | Loss: 0.7674 | Acc: 0.7074 | Val Loss: 0.7667 | Val Acc: 0.7074 | Time: 9.32s
2025-03-05 05:44:17,398 - INFO - P1 (Round 9) - Epoch 8/10 | Loss: 0.7674 | Acc: 0.7074 | Val Loss: 0.7671 | Val Acc: 0.7077 | Time: 10.09s
2025-03-05 05:44:27,445 - INFO - P1 (Round 9) - Epoch 9/10 | Loss: 0.7674 | Acc: 0.7074 | Val Loss: 0.7685 | Val Acc: 0.7074 | Time: 10.05s
2025-03-05 05:44:36,853 - INFO - P1 (Round 9) - Epoch 10/10 | Loss: 0.7673 | Acc: 0.7074 | Val Loss: 0.7667 | Val Acc: 0.7077 | Time: 9.41s
2025-03-05 05:44:46,285 - INFO - P2 (Round 9) - Epoch 1/10 | Loss: 0.5739 | Acc: 0.7744 | Val Loss: 0.5562 | Val Acc: 0.7779 | Time: 9.43s
2025-03-05 05:44:55,371 - INFO - P2 (Round 9) - Epoch 2/10 | Loss: 0.5547 | Acc: 0.7776 | Val Loss: 0.5554 | Val Acc: 0.7794 | Time: 9.09s
2025-03-05 05:45:04,820 - INFO - P2 (Round 9) - Epoch 3/10 | Loss: 0.5529 | Acc: 0.7782 | Val Loss: 0.5521 | Val Acc: 0.7807 | Time: 9.45s
2025-03-05 05:45:14,329 - INFO - P2 (Round 9) - Epoch 4/10 | Loss: 0.5508 | Acc: 0.7787 | Val Loss: 0.5525 | Val Acc: 0.7562 | Time: 9.51s
2025-03-05 05:45:23,915 - INFO - P2 (Round 9) - Epoch 5/10 | Loss: 0.5485 | Acc: 0.7789 | Val Loss: 0.5479 | Val Acc: 0.7766 | Time: 9.59s
2025-03-05 05:45:34,262 - INFO - P2 (Round 9) - Epoch 6/10 | Loss: 0.5461 | Acc: 0.7791 | Val Loss: 0.5463 | Val Acc: 0.7770 | Time: 10.35s
2025-03-05 05:45:43,738 - INFO - P2 (Round 9) - Epoch 7/10 | Loss: 0.5442 | Acc: 0.7792 | Val Loss: 0.5413 | Val Acc: 0.7784 | Time: 9.48s
2025-03-05 05:45:53,218 - INFO - P2 (Round 9) - Epoch 8/10 | Loss: 0.5425 | Acc: 0.7790 | Val Loss: 0.5405 | Val Acc: 0.7781 | Time: 9.48s
2025-03-05 05:46:02,232 - INFO - P2 (Round 9) - Epoch 9/10 | Loss: 0.5410 | Acc: 0.7787 | Val Loss: 0.5392 | Val Acc: 0.7791 | Time: 9.01s
2025-03-05 05:46:11,624 - INFO - P2 (Round 9) - Epoch 10/10 | Loss: 0.5399 | Acc: 0.7791 | Val Loss: 0.5394 | Val Acc: 0.7777 | Time: 9.39s
2025-03-05 05:46:13,746 - INFO - Round 9 completed in 192.27s
2025-03-05 05:46:13,746 - INFO - Global Model - P1 Test: Loss = 1.2525, Accuracy = 0.6331
2025-03-05 05:46:13,746 - INFO - Global Model - P2 Test: Loss = 2.4683, Accuracy = 0.5410
2025-03-05 05:46:22,476 - INFO - P1 (Round 10) - Epoch 1/10 | Loss: 0.7754 | Acc: 0.7052 | Val Loss: 0.7734 | Val Acc: 0.7057 | Time: 8.73s
2025-03-05 05:46:30,888 - INFO - P1 (Round 10) - Epoch 2/10 | Loss: 0.7728 | Acc: 0.7056 | Val Loss: 0.7715 | Val Acc: 0.7058 | Time: 8.41s
2025-03-05 05:46:40,118 - INFO - P1 (Round 10) - Epoch 3/10 | Loss: 0.7726 | Acc: 0.7056 | Val Loss: 0.7743 | Val Acc: 0.7055 | Time: 9.23s
2025-03-05 05:46:49,065 - INFO - P1 (Round 10) - Epoch 4/10 | Loss: 0.7724 | Acc: 0.7056 | Val Loss: 0.7714 | Val Acc: 0.7058 | Time: 8.95s
2025-03-05 05:46:57,501 - INFO - P1 (Round 10) - Epoch 5/10 | Loss: 0.7722 | Acc: 0.7056 | Val Loss: 0.7718 | Val Acc: 0.7058 | Time: 8.44s
2025-03-05 05:47:05,897 - INFO - P1 (Round 10) - Epoch 6/10 | Loss: 0.7721 | Acc: 0.7056 | Val Loss: 0.7777 | Val Acc: 0.7058 | Time: 8.40s
2025-03-05 05:47:14,225 - INFO - P1 (Round 10) - Epoch 7/10 | Loss: 0.7721 | Acc: 0.7056 | Val Loss: 0.7717 | Val Acc: 0.7055 | Time: 8.33s
2025-03-05 05:47:22,546 - INFO - P1 (Round 10) - Epoch 8/10 | Loss: 0.7719 | Acc: 0.7056 | Val Loss: 0.7718 | Val Acc: 0.7055 | Time: 8.32s
2025-03-05 05:47:30,727 - INFO - P1 (Round 10) - Epoch 9/10 | Loss: 0.7719 | Acc: 0.7056 | Val Loss: 0.7734 | Val Acc: 0.7054 | Time: 8.18s
2025-03-05 05:47:39,068 - INFO - P1 (Round 10) - Epoch 10/10 | Loss: 0.7717 | Acc: 0.7056 | Val Loss: 0.7712 | Val Acc: 0.7057 | Time: 8.34s
2025-03-05 05:47:47,892 - INFO - P2 (Round 10) - Epoch 1/10 | Loss: 0.5628 | Acc: 0.7752 | Val Loss: 0.5470 | Val Acc: 0.7782 | Time: 8.82s
2025-03-05 05:47:56,982 - INFO - P2 (Round 10) - Epoch 2/10 | Loss: 0.5451 | Acc: 0.7781 | Val Loss: 0.5442 | Val Acc: 0.7793 | Time: 9.09s
2025-03-05 05:48:05,397 - INFO - P2 (Round 10) - Epoch 3/10 | Loss: 0.5427 | Acc: 0.7782 | Val Loss: 0.5411 | Val Acc: 0.7778 | Time: 8.41s
2025-03-05 05:48:13,217 - INFO - P2 (Round 10) - Epoch 4/10 | Loss: 0.5412 | Acc: 0.7786 | Val Loss: 0.5398 | Val Acc: 0.7782 | Time: 7.82s
2025-03-05 05:48:20,951 - INFO - P2 (Round 10) - Epoch 5/10 | Loss: 0.5401 | Acc: 0.7789 | Val Loss: 0.5387 | Val Acc: 0.7770 | Time: 7.73s
2025-03-05 05:48:28,420 - INFO - P2 (Round 10) - Epoch 6/10 | Loss: 0.5391 | Acc: 0.7791 | Val Loss: 0.5373 | Val Acc: 0.7775 | Time: 7.47s
2025-03-05 05:48:35,928 - INFO - P2 (Round 10) - Epoch 7/10 | Loss: 0.5383 | Acc: 0.7794 | Val Loss: 0.5361 | Val Acc: 0.7784 | Time: 7.51s
2025-03-05 05:48:43,485 - INFO - P2 (Round 10) - Epoch 8/10 | Loss: 0.5376 | Acc: 0.7794 | Val Loss: 0.5357 | Val Acc: 0.7793 | Time: 7.56s
2025-03-05 05:48:50,995 - INFO - P2 (Round 10) - Epoch 9/10 | Loss: 0.5367 | Acc: 0.7795 | Val Loss: 0.5357 | Val Acc: 0.7801 | Time: 7.51s
2025-03-05 05:48:58,797 - INFO - P2 (Round 10) - Epoch 10/10 | Loss: 0.5363 | Acc: 0.7795 | Val Loss: 0.5341 | Val Acc: 0.7789 | Time: 7.80s
2025-03-05 05:49:00,922 - INFO - Round 10 completed in 167.18s
2025-03-05 05:49:00,922 - INFO - Global Model - P1 Test: Loss = 1.1405, Accuracy = 0.6934
2025-03-05 05:49:00,922 - INFO - Global Model - P2 Test: Loss = 2.2226, Accuracy = 0.5631
2025-03-05 05:49:02,750 - INFO - Final Results after 10 rounds:
2025-03-05 05:49:02,750 - INFO - Global Model - P1 Test: Loss = 1.1405, Accuracy = 0.6934
2025-03-05 05:49:02,750 - INFO - Global Model - P2 Test: Loss = 2.2226, Accuracy = 0.5631
2025-03-05 05:49:02,754 - INFO - Experiment 180 results saved to results/suppression_experiments/exp_180_p1f2_p2f3.json
