2025-03-05 01:27:42,760 - INFO - Starting Suppression Experiment 129
2025-03-05 01:27:42,760 - INFO - P1 Features (5/14): ['protocol', 'bidirectional_min_ps', 'bidirectional_mean_ps', 'bidirectional_stddev_ps', 'bidirectional_max_ps']
2025-03-05 01:27:42,760 - INFO - P2 Features (12/14): ['protocol', 'bidirectional_min_ps', 'bidirectional_mean_ps', 'bidirectional_stddev_ps', 'bidirectional_max_ps', 'src2dst_stddev_ps', 'src2dst_max_ps', 'dst2src_min_ps', 'dst2src_mean_ps', 'dst2src_stddev_ps', 'dst2src_max_ps', 'bidirectional_stddev_piat_ms']
2025-03-05 01:27:53,141 - INFO - P1 (Round 1) - Epoch 1/10 | Loss: 0.5989 | Acc: 0.7723 | Val Loss: 0.4153 | Val Acc: 0.8423 | Time: 10.25s
2025-03-05 01:28:03,384 - INFO - P1 (Round 1) - Epoch 2/10 | Loss: 0.3288 | Acc: 0.8816 | Val Loss: 0.2747 | Val Acc: 0.9043 | Time: 10.24s
2025-03-05 01:28:13,690 - INFO - P1 (Round 1) - Epoch 3/10 | Loss: 0.2588 | Acc: 0.9122 | Val Loss: 0.2452 | Val Acc: 0.9180 | Time: 10.31s
2025-03-05 01:28:23,780 - INFO - P1 (Round 1) - Epoch 4/10 | Loss: 0.2368 | Acc: 0.9212 | Val Loss: 0.2281 | Val Acc: 0.9236 | Time: 10.09s
2025-03-05 01:28:33,901 - INFO - P1 (Round 1) - Epoch 5/10 | Loss: 0.2211 | Acc: 0.9283 | Val Loss: 0.2140 | Val Acc: 0.9339 | Time: 10.12s
2025-03-05 01:28:45,938 - INFO - P1 (Round 1) - Epoch 6/10 | Loss: 0.2078 | Acc: 0.9342 | Val Loss: 0.2055 | Val Acc: 0.9348 | Time: 12.04s
2025-03-05 01:28:56,546 - INFO - P1 (Round 1) - Epoch 7/10 | Loss: 0.1997 | Acc: 0.9357 | Val Loss: 0.1989 | Val Acc: 0.9349 | Time: 10.61s
2025-03-05 01:29:06,663 - INFO - P1 (Round 1) - Epoch 8/10 | Loss: 0.1950 | Acc: 0.9365 | Val Loss: 0.1922 | Val Acc: 0.9388 | Time: 10.12s
2025-03-05 01:29:16,909 - INFO - P1 (Round 1) - Epoch 9/10 | Loss: 0.1911 | Acc: 0.9374 | Val Loss: 0.1910 | Val Acc: 0.9376 | Time: 10.25s
2025-03-05 01:29:27,236 - INFO - P1 (Round 1) - Epoch 10/10 | Loss: 0.1881 | Acc: 0.9378 | Val Loss: 0.1880 | Val Acc: 0.9397 | Time: 10.33s
2025-03-05 01:29:37,381 - INFO - P2 (Round 1) - Epoch 1/10 | Loss: 0.3612 | Acc: 0.8738 | Val Loss: 0.2192 | Val Acc: 0.9229 | Time: 10.14s
2025-03-05 01:29:47,353 - INFO - P2 (Round 1) - Epoch 2/10 | Loss: 0.2046 | Acc: 0.9270 | Val Loss: 0.1898 | Val Acc: 0.9327 | Time: 9.97s
2025-03-05 01:29:59,326 - INFO - P2 (Round 1) - Epoch 3/10 | Loss: 0.1780 | Acc: 0.9379 | Val Loss: 0.1648 | Val Acc: 0.9433 | Time: 11.97s
2025-03-05 01:30:09,611 - INFO - P2 (Round 1) - Epoch 4/10 | Loss: 0.1469 | Acc: 0.9541 | Val Loss: 0.1324 | Val Acc: 0.9602 | Time: 10.29s
2025-03-05 01:30:19,893 - INFO - P2 (Round 1) - Epoch 5/10 | Loss: 0.1245 | Acc: 0.9621 | Val Loss: 0.1180 | Val Acc: 0.9638 | Time: 10.28s
2025-03-05 01:30:29,949 - INFO - P2 (Round 1) - Epoch 6/10 | Loss: 0.1156 | Acc: 0.9642 | Val Loss: 0.1124 | Val Acc: 0.9638 | Time: 10.06s
2025-03-05 01:30:39,938 - INFO - P2 (Round 1) - Epoch 7/10 | Loss: 0.1108 | Acc: 0.9656 | Val Loss: 0.1100 | Val Acc: 0.9672 | Time: 9.99s
2025-03-05 01:30:49,933 - INFO - P2 (Round 1) - Epoch 8/10 | Loss: 0.1074 | Acc: 0.9669 | Val Loss: 0.1042 | Val Acc: 0.9680 | Time: 9.99s
2025-03-05 01:30:59,934 - INFO - P2 (Round 1) - Epoch 9/10 | Loss: 0.1043 | Acc: 0.9681 | Val Loss: 0.1038 | Val Acc: 0.9679 | Time: 10.00s
2025-03-05 01:31:11,985 - INFO - P2 (Round 1) - Epoch 10/10 | Loss: 0.1019 | Acc: 0.9689 | Val Loss: 0.1008 | Val Acc: 0.9695 | Time: 12.05s
2025-03-05 01:31:14,328 - INFO - Round 1 completed in 211.44s
2025-03-05 01:31:14,328 - INFO - Global Model - P1 Test: Loss = 4.4208, Accuracy = 0.4745
2025-03-05 01:31:14,328 - INFO - Global Model - P2 Test: Loss = 3.8094, Accuracy = 0.5427
2025-03-05 01:31:24,817 - INFO - P1 (Round 2) - Epoch 1/10 | Loss: 0.3466 | Acc: 0.8828 | Val Loss: 0.2534 | Val Acc: 0.9172 | Time: 10.49s
2025-03-05 01:31:34,829 - INFO - P1 (Round 2) - Epoch 2/10 | Loss: 0.2386 | Acc: 0.9173 | Val Loss: 0.2290 | Val Acc: 0.9227 | Time: 10.01s
2025-03-05 01:31:45,233 - INFO - P1 (Round 2) - Epoch 3/10 | Loss: 0.2204 | Acc: 0.9240 | Val Loss: 0.2153 | Val Acc: 0.9268 | Time: 10.40s
2025-03-05 01:31:55,144 - INFO - P1 (Round 2) - Epoch 4/10 | Loss: 0.2111 | Acc: 0.9266 | Val Loss: 0.2096 | Val Acc: 0.9270 | Time: 9.91s
2025-03-05 01:32:05,200 - INFO - P1 (Round 2) - Epoch 5/10 | Loss: 0.2057 | Acc: 0.9280 | Val Loss: 0.2033 | Val Acc: 0.9300 | Time: 10.06s
2025-03-05 01:32:16,449 - INFO - P1 (Round 2) - Epoch 6/10 | Loss: 0.2008 | Acc: 0.9295 | Val Loss: 0.1994 | Val Acc: 0.9299 | Time: 11.25s
2025-03-05 01:32:27,461 - INFO - P1 (Round 2) - Epoch 7/10 | Loss: 0.1967 | Acc: 0.9310 | Val Loss: 0.1962 | Val Acc: 0.9327 | Time: 11.01s
2025-03-05 01:32:37,655 - INFO - P1 (Round 2) - Epoch 8/10 | Loss: 0.1935 | Acc: 0.9323 | Val Loss: 0.1926 | Val Acc: 0.9341 | Time: 10.19s
2025-03-05 01:32:47,694 - INFO - P1 (Round 2) - Epoch 9/10 | Loss: 0.1911 | Acc: 0.9330 | Val Loss: 0.1913 | Val Acc: 0.9351 | Time: 10.04s
2025-03-05 01:32:57,464 - INFO - P1 (Round 2) - Epoch 10/10 | Loss: 0.1889 | Acc: 0.9339 | Val Loss: 0.1873 | Val Acc: 0.9353 | Time: 9.77s
2025-03-05 01:33:07,367 - INFO - P2 (Round 2) - Epoch 1/10 | Loss: 0.2168 | Acc: 0.9355 | Val Loss: 0.1366 | Val Acc: 0.9580 | Time: 9.90s
2025-03-05 01:33:17,465 - INFO - P2 (Round 2) - Epoch 2/10 | Loss: 0.1273 | Acc: 0.9603 | Val Loss: 0.1190 | Val Acc: 0.9640 | Time: 10.10s
2025-03-05 01:33:28,544 - INFO - P2 (Round 2) - Epoch 3/10 | Loss: 0.1142 | Acc: 0.9638 | Val Loss: 0.1091 | Val Acc: 0.9658 | Time: 11.08s
2025-03-05 01:33:40,828 - INFO - P2 (Round 2) - Epoch 4/10 | Loss: 0.1064 | Acc: 0.9661 | Val Loss: 0.1039 | Val Acc: 0.9669 | Time: 12.28s
2025-03-05 01:33:51,674 - INFO - P2 (Round 2) - Epoch 5/10 | Loss: 0.1016 | Acc: 0.9674 | Val Loss: 0.1001 | Val Acc: 0.9678 | Time: 10.85s
2025-03-05 01:34:01,961 - INFO - P2 (Round 2) - Epoch 6/10 | Loss: 0.0978 | Acc: 0.9685 | Val Loss: 0.0975 | Val Acc: 0.9685 | Time: 10.29s
2025-03-05 01:34:14,075 - INFO - P2 (Round 2) - Epoch 7/10 | Loss: 0.0950 | Acc: 0.9693 | Val Loss: 0.0978 | Val Acc: 0.9684 | Time: 12.11s
2025-03-05 01:34:26,310 - INFO - P2 (Round 2) - Epoch 8/10 | Loss: 0.0925 | Acc: 0.9702 | Val Loss: 0.0927 | Val Acc: 0.9697 | Time: 12.23s
2025-03-05 01:34:38,729 - INFO - P2 (Round 2) - Epoch 9/10 | Loss: 0.0906 | Acc: 0.9707 | Val Loss: 0.0915 | Val Acc: 0.9705 | Time: 12.42s
2025-03-05 01:34:51,595 - INFO - P2 (Round 2) - Epoch 10/10 | Loss: 0.0889 | Acc: 0.9711 | Val Loss: 0.0893 | Val Acc: 0.9712 | Time: 12.87s
2025-03-05 01:34:54,109 - INFO - Round 2 completed in 219.78s
2025-03-05 01:34:54,109 - INFO - Global Model - P1 Test: Loss = 3.1253, Accuracy = 0.4634
2025-03-05 01:34:54,109 - INFO - Global Model - P2 Test: Loss = 4.1960, Accuracy = 0.6081
2025-03-05 01:35:06,019 - INFO - P1 (Round 3) - Epoch 1/10 | Loss: 0.2455 | Acc: 0.9138 | Val Loss: 0.2114 | Val Acc: 0.9266 | Time: 11.91s
2025-03-05 01:35:18,053 - INFO - P1 (Round 3) - Epoch 2/10 | Loss: 0.2047 | Acc: 0.9276 | Val Loss: 0.2009 | Val Acc: 0.9285 | Time: 12.03s
2025-03-05 01:35:30,130 - INFO - P1 (Round 3) - Epoch 3/10 | Loss: 0.1975 | Acc: 0.9297 | Val Loss: 0.1932 | Val Acc: 0.9323 | Time: 12.08s
2025-03-05 01:35:42,495 - INFO - P1 (Round 3) - Epoch 4/10 | Loss: 0.1930 | Acc: 0.9312 | Val Loss: 0.1937 | Val Acc: 0.9309 | Time: 12.36s
2025-03-05 01:35:55,528 - INFO - P1 (Round 3) - Epoch 5/10 | Loss: 0.1901 | Acc: 0.9320 | Val Loss: 0.1882 | Val Acc: 0.9344 | Time: 13.03s
2025-03-05 01:36:08,408 - INFO - P1 (Round 3) - Epoch 6/10 | Loss: 0.1876 | Acc: 0.9333 | Val Loss: 0.1851 | Val Acc: 0.9342 | Time: 12.88s
2025-03-05 01:36:20,717 - INFO - P1 (Round 3) - Epoch 7/10 | Loss: 0.1856 | Acc: 0.9348 | Val Loss: 0.1870 | Val Acc: 0.9369 | Time: 12.31s
2025-03-05 01:36:33,014 - INFO - P1 (Round 3) - Epoch 8/10 | Loss: 0.1819 | Acc: 0.9365 | Val Loss: 0.1792 | Val Acc: 0.9397 | Time: 12.30s
2025-03-05 01:36:44,880 - INFO - P1 (Round 3) - Epoch 9/10 | Loss: 0.1793 | Acc: 0.9382 | Val Loss: 0.1782 | Val Acc: 0.9406 | Time: 11.87s
2025-03-05 01:36:57,169 - INFO - P1 (Round 3) - Epoch 10/10 | Loss: 0.1774 | Acc: 0.9390 | Val Loss: 0.1784 | Val Acc: 0.9369 | Time: 12.29s
2025-03-05 01:37:10,272 - INFO - P2 (Round 3) - Epoch 1/10 | Loss: 0.1579 | Acc: 0.9526 | Val Loss: 0.1083 | Val Acc: 0.9652 | Time: 13.10s
2025-03-05 01:37:22,227 - INFO - P2 (Round 3) - Epoch 2/10 | Loss: 0.1010 | Acc: 0.9687 | Val Loss: 0.0981 | Val Acc: 0.9704 | Time: 11.96s
2025-03-05 01:37:34,254 - INFO - P2 (Round 3) - Epoch 3/10 | Loss: 0.0931 | Acc: 0.9712 | Val Loss: 0.0914 | Val Acc: 0.9720 | Time: 12.03s
2025-03-05 01:37:46,239 - INFO - P2 (Round 3) - Epoch 4/10 | Loss: 0.0880 | Acc: 0.9729 | Val Loss: 0.0863 | Val Acc: 0.9736 | Time: 11.98s
2025-03-05 01:37:58,074 - INFO - P2 (Round 3) - Epoch 5/10 | Loss: 0.0849 | Acc: 0.9741 | Val Loss: 0.0839 | Val Acc: 0.9742 | Time: 11.83s
2025-03-05 01:38:10,559 - INFO - P2 (Round 3) - Epoch 6/10 | Loss: 0.0822 | Acc: 0.9750 | Val Loss: 0.0830 | Val Acc: 0.9747 | Time: 12.48s
2025-03-05 01:38:23,604 - INFO - P2 (Round 3) - Epoch 7/10 | Loss: 0.0805 | Acc: 0.9756 | Val Loss: 0.0797 | Val Acc: 0.9763 | Time: 13.05s
2025-03-05 01:38:35,589 - INFO - P2 (Round 3) - Epoch 8/10 | Loss: 0.0790 | Acc: 0.9761 | Val Loss: 0.0798 | Val Acc: 0.9761 | Time: 11.98s
2025-03-05 01:38:47,694 - INFO - P2 (Round 3) - Epoch 9/10 | Loss: 0.0779 | Acc: 0.9764 | Val Loss: 0.0781 | Val Acc: 0.9768 | Time: 12.11s
2025-03-05 01:38:59,526 - INFO - P2 (Round 3) - Epoch 10/10 | Loss: 0.0768 | Acc: 0.9768 | Val Loss: 0.0775 | Val Acc: 0.9774 | Time: 11.83s
2025-03-05 01:39:02,174 - INFO - Round 3 completed in 248.06s
2025-03-05 01:39:02,174 - INFO - Global Model - P1 Test: Loss = 2.3505, Accuracy = 0.4810
2025-03-05 01:39:02,174 - INFO - Global Model - P2 Test: Loss = 3.8118, Accuracy = 0.6011
2025-03-05 01:39:14,460 - INFO - P1 (Round 4) - Epoch 1/10 | Loss: 0.2189 | Acc: 0.9231 | Val Loss: 0.1968 | Val Acc: 0.9311 | Time: 12.29s
2025-03-05 01:39:27,177 - INFO - P1 (Round 4) - Epoch 2/10 | Loss: 0.1913 | Acc: 0.9322 | Val Loss: 0.1872 | Val Acc: 0.9343 | Time: 12.72s
2025-03-05 01:39:39,768 - INFO - P1 (Round 4) - Epoch 3/10 | Loss: 0.1857 | Acc: 0.9348 | Val Loss: 0.1814 | Val Acc: 0.9381 | Time: 12.59s
2025-03-05 01:39:51,767 - INFO - P1 (Round 4) - Epoch 4/10 | Loss: 0.1818 | Acc: 0.9366 | Val Loss: 0.1795 | Val Acc: 0.9381 | Time: 12.00s
2025-03-05 01:40:03,718 - INFO - P1 (Round 4) - Epoch 5/10 | Loss: 0.1791 | Acc: 0.9379 | Val Loss: 0.1772 | Val Acc: 0.9391 | Time: 11.95s
2025-03-05 01:40:15,747 - INFO - P1 (Round 4) - Epoch 6/10 | Loss: 0.1771 | Acc: 0.9386 | Val Loss: 0.1754 | Val Acc: 0.9400 | Time: 12.03s
2025-03-05 01:40:27,658 - INFO - P1 (Round 4) - Epoch 7/10 | Loss: 0.1755 | Acc: 0.9394 | Val Loss: 0.1789 | Val Acc: 0.9379 | Time: 11.91s
2025-03-05 01:40:40,775 - INFO - P1 (Round 4) - Epoch 8/10 | Loss: 0.1739 | Acc: 0.9398 | Val Loss: 0.1746 | Val Acc: 0.9406 | Time: 13.12s
2025-03-05 01:40:52,978 - INFO - P1 (Round 4) - Epoch 9/10 | Loss: 0.1725 | Acc: 0.9402 | Val Loss: 0.1721 | Val Acc: 0.9392 | Time: 12.20s
2025-03-05 01:41:04,873 - INFO - P1 (Round 4) - Epoch 10/10 | Loss: 0.1713 | Acc: 0.9407 | Val Loss: 0.1720 | Val Acc: 0.9389 | Time: 11.89s
2025-03-05 01:41:16,637 - INFO - P2 (Round 4) - Epoch 1/10 | Loss: 0.1510 | Acc: 0.9539 | Val Loss: 0.1052 | Val Acc: 0.9666 | Time: 11.76s
2025-03-05 01:41:28,805 - INFO - P2 (Round 4) - Epoch 2/10 | Loss: 0.0969 | Acc: 0.9694 | Val Loss: 0.0949 | Val Acc: 0.9693 | Time: 12.17s
2025-03-05 01:41:41,326 - INFO - P2 (Round 4) - Epoch 3/10 | Loss: 0.0876 | Acc: 0.9722 | Val Loss: 0.0858 | Val Acc: 0.9732 | Time: 12.52s
2025-03-05 01:41:54,564 - INFO - P2 (Round 4) - Epoch 4/10 | Loss: 0.0834 | Acc: 0.9743 | Val Loss: 0.0827 | Val Acc: 0.9754 | Time: 13.24s
2025-03-05 01:42:06,538 - INFO - P2 (Round 4) - Epoch 5/10 | Loss: 0.0807 | Acc: 0.9754 | Val Loss: 0.0803 | Val Acc: 0.9754 | Time: 11.97s
2025-03-05 01:42:18,691 - INFO - P2 (Round 4) - Epoch 6/10 | Loss: 0.0789 | Acc: 0.9761 | Val Loss: 0.0782 | Val Acc: 0.9775 | Time: 12.15s
2025-03-05 01:42:30,922 - INFO - P2 (Round 4) - Epoch 7/10 | Loss: 0.0776 | Acc: 0.9765 | Val Loss: 0.0794 | Val Acc: 0.9763 | Time: 12.23s
2025-03-05 01:42:42,879 - INFO - P2 (Round 4) - Epoch 8/10 | Loss: 0.0766 | Acc: 0.9768 | Val Loss: 0.0769 | Val Acc: 0.9770 | Time: 11.96s
2025-03-05 01:42:54,893 - INFO - P2 (Round 4) - Epoch 9/10 | Loss: 0.0757 | Acc: 0.9771 | Val Loss: 0.0766 | Val Acc: 0.9766 | Time: 12.01s
2025-03-05 01:43:07,841 - INFO - P2 (Round 4) - Epoch 10/10 | Loss: 0.0751 | Acc: 0.9774 | Val Loss: 0.0775 | Val Acc: 0.9772 | Time: 12.95s
2025-03-05 01:43:10,568 - INFO - Round 4 completed in 248.39s
2025-03-05 01:43:10,568 - INFO - Global Model - P1 Test: Loss = 2.5562, Accuracy = 0.5514
2025-03-05 01:43:10,568 - INFO - Global Model - P2 Test: Loss = 4.1488, Accuracy = 0.5502
2025-03-05 01:43:22,769 - INFO - P1 (Round 5) - Epoch 1/10 | Loss: 0.2125 | Acc: 0.9245 | Val Loss: 0.1923 | Val Acc: 0.9335 | Time: 12.20s
2025-03-05 01:43:34,502 - INFO - P1 (Round 5) - Epoch 2/10 | Loss: 0.1863 | Acc: 0.9350 | Val Loss: 0.1837 | Val Acc: 0.9354 | Time: 11.73s
2025-03-05 01:43:46,148 - INFO - P1 (Round 5) - Epoch 3/10 | Loss: 0.1803 | Acc: 0.9380 | Val Loss: 0.1769 | Val Acc: 0.9397 | Time: 11.65s
2025-03-05 01:43:58,127 - INFO - P1 (Round 5) - Epoch 4/10 | Loss: 0.1766 | Acc: 0.9395 | Val Loss: 0.1750 | Val Acc: 0.9405 | Time: 11.98s
2025-03-05 01:44:10,880 - INFO - P1 (Round 5) - Epoch 5/10 | Loss: 0.1739 | Acc: 0.9407 | Val Loss: 0.1722 | Val Acc: 0.9424 | Time: 12.75s
2025-03-05 01:44:23,555 - INFO - P1 (Round 5) - Epoch 6/10 | Loss: 0.1718 | Acc: 0.9410 | Val Loss: 0.1686 | Val Acc: 0.9430 | Time: 12.68s
2025-03-05 01:44:35,887 - INFO - P1 (Round 5) - Epoch 7/10 | Loss: 0.1704 | Acc: 0.9414 | Val Loss: 0.1700 | Val Acc: 0.9425 | Time: 12.33s
2025-03-05 01:44:47,944 - INFO - P1 (Round 5) - Epoch 8/10 | Loss: 0.1692 | Acc: 0.9417 | Val Loss: 0.1706 | Val Acc: 0.9402 | Time: 12.06s
2025-03-05 01:45:00,405 - INFO - P1 (Round 5) - Epoch 9/10 | Loss: 0.1682 | Acc: 0.9418 | Val Loss: 0.1648 | Val Acc: 0.9443 | Time: 12.46s
2025-03-05 01:45:12,755 - INFO - P1 (Round 5) - Epoch 10/10 | Loss: 0.1672 | Acc: 0.9421 | Val Loss: 0.1651 | Val Acc: 0.9428 | Time: 12.35s
2025-03-05 01:45:25,657 - INFO - P2 (Round 5) - Epoch 1/10 | Loss: 0.1382 | Acc: 0.9581 | Val Loss: 0.0968 | Val Acc: 0.9700 | Time: 12.90s
2025-03-05 01:45:38,110 - INFO - P2 (Round 5) - Epoch 2/10 | Loss: 0.0921 | Acc: 0.9707 | Val Loss: 0.0886 | Val Acc: 0.9721 | Time: 12.45s
2025-03-05 01:45:50,695 - INFO - P2 (Round 5) - Epoch 3/10 | Loss: 0.0830 | Acc: 0.9739 | Val Loss: 0.0814 | Val Acc: 0.9755 | Time: 12.59s
2025-03-05 01:46:03,191 - INFO - P2 (Round 5) - Epoch 4/10 | Loss: 0.0789 | Acc: 0.9756 | Val Loss: 0.0809 | Val Acc: 0.9746 | Time: 12.50s
2025-03-05 01:46:15,249 - INFO - P2 (Round 5) - Epoch 5/10 | Loss: 0.0769 | Acc: 0.9765 | Val Loss: 0.0781 | Val Acc: 0.9747 | Time: 12.06s
2025-03-05 01:46:27,442 - INFO - P2 (Round 5) - Epoch 6/10 | Loss: 0.0755 | Acc: 0.9770 | Val Loss: 0.0747 | Val Acc: 0.9777 | Time: 12.19s
2025-03-05 01:46:39,378 - INFO - P2 (Round 5) - Epoch 7/10 | Loss: 0.0744 | Acc: 0.9774 | Val Loss: 0.0764 | Val Acc: 0.9774 | Time: 11.94s
2025-03-05 01:46:51,301 - INFO - P2 (Round 5) - Epoch 8/10 | Loss: 0.0736 | Acc: 0.9775 | Val Loss: 0.0760 | Val Acc: 0.9769 | Time: 11.92s
2025-03-05 01:47:03,015 - INFO - P2 (Round 5) - Epoch 9/10 | Loss: 0.0729 | Acc: 0.9775 | Val Loss: 0.0749 | Val Acc: 0.9775 | Time: 11.71s
2025-03-05 01:47:14,798 - INFO - P2 (Round 5) - Epoch 10/10 | Loss: 0.0722 | Acc: 0.9777 | Val Loss: 0.0743 | Val Acc: 0.9763 | Time: 11.78s
2025-03-05 01:47:17,255 - INFO - Round 5 completed in 246.69s
2025-03-05 01:47:17,255 - INFO - Global Model - P1 Test: Loss = 2.3261, Accuracy = 0.5555
2025-03-05 01:47:17,255 - INFO - Global Model - P2 Test: Loss = 3.5793, Accuracy = 0.5564
2025-03-05 01:47:29,057 - INFO - P1 (Round 6) - Epoch 1/10 | Loss: 0.2068 | Acc: 0.9284 | Val Loss: 0.1859 | Val Acc: 0.9382 | Time: 11.80s
2025-03-05 01:47:41,107 - INFO - P1 (Round 6) - Epoch 2/10 | Loss: 0.1808 | Acc: 0.9384 | Val Loss: 0.1774 | Val Acc: 0.9405 | Time: 12.05s
2025-03-05 01:47:52,739 - INFO - P1 (Round 6) - Epoch 3/10 | Loss: 0.1760 | Acc: 0.9403 | Val Loss: 0.1739 | Val Acc: 0.9417 | Time: 11.63s
2025-03-05 01:48:04,482 - INFO - P1 (Round 6) - Epoch 4/10 | Loss: 0.1734 | Acc: 0.9411 | Val Loss: 0.1716 | Val Acc: 0.9411 | Time: 11.74s
2025-03-05 01:48:16,804 - INFO - P1 (Round 6) - Epoch 5/10 | Loss: 0.1713 | Acc: 0.9415 | Val Loss: 0.1698 | Val Acc: 0.9419 | Time: 12.32s
2025-03-05 01:48:28,661 - INFO - P1 (Round 6) - Epoch 6/10 | Loss: 0.1699 | Acc: 0.9415 | Val Loss: 0.1700 | Val Acc: 0.9415 | Time: 11.86s
2025-03-05 01:48:40,616 - INFO - P1 (Round 6) - Epoch 7/10 | Loss: 0.1685 | Acc: 0.9419 | Val Loss: 0.1690 | Val Acc: 0.9433 | Time: 11.96s
2025-03-05 01:48:53,302 - INFO - P1 (Round 6) - Epoch 8/10 | Loss: 0.1678 | Acc: 0.9421 | Val Loss: 0.1698 | Val Acc: 0.9403 | Time: 12.69s
2025-03-05 01:49:06,405 - INFO - P1 (Round 6) - Epoch 9/10 | Loss: 0.1668 | Acc: 0.9423 | Val Loss: 0.1636 | Val Acc: 0.9442 | Time: 13.10s
2025-03-05 01:49:18,409 - INFO - P1 (Round 6) - Epoch 10/10 | Loss: 0.1660 | Acc: 0.9428 | Val Loss: 0.1644 | Val Acc: 0.9428 | Time: 12.00s
2025-03-05 01:49:30,756 - INFO - P2 (Round 6) - Epoch 1/10 | Loss: 0.1322 | Acc: 0.9590 | Val Loss: 0.0947 | Val Acc: 0.9691 | Time: 12.35s
2025-03-05 01:49:42,597 - INFO - P2 (Round 6) - Epoch 2/10 | Loss: 0.0904 | Acc: 0.9707 | Val Loss: 0.0895 | Val Acc: 0.9717 | Time: 11.84s
2025-03-05 01:49:54,425 - INFO - P2 (Round 6) - Epoch 3/10 | Loss: 0.0863 | Acc: 0.9717 | Val Loss: 0.0872 | Val Acc: 0.9717 | Time: 11.83s
2025-03-05 01:50:06,688 - INFO - P2 (Round 6) - Epoch 4/10 | Loss: 0.0840 | Acc: 0.9723 | Val Loss: 0.0839 | Val Acc: 0.9729 | Time: 12.26s
2025-03-05 01:50:19,993 - INFO - P2 (Round 6) - Epoch 5/10 | Loss: 0.0819 | Acc: 0.9732 | Val Loss: 0.0831 | Val Acc: 0.9738 | Time: 13.31s
2025-03-05 01:50:32,111 - INFO - P2 (Round 6) - Epoch 6/10 | Loss: 0.0771 | Acc: 0.9752 | Val Loss: 0.0780 | Val Acc: 0.9752 | Time: 12.12s
2025-03-05 01:50:43,991 - INFO - P2 (Round 6) - Epoch 7/10 | Loss: 0.0741 | Acc: 0.9765 | Val Loss: 0.0752 | Val Acc: 0.9770 | Time: 11.88s
2025-03-05 01:50:56,418 - INFO - P2 (Round 6) - Epoch 8/10 | Loss: 0.0729 | Acc: 0.9772 | Val Loss: 0.0750 | Val Acc: 0.9771 | Time: 12.43s
2025-03-05 01:51:08,929 - INFO - P2 (Round 6) - Epoch 9/10 | Loss: 0.0719 | Acc: 0.9775 | Val Loss: 0.0805 | Val Acc: 0.9750 | Time: 12.51s
2025-03-05 01:51:20,867 - INFO - P2 (Round 6) - Epoch 10/10 | Loss: 0.0712 | Acc: 0.9777 | Val Loss: 0.0725 | Val Acc: 0.9784 | Time: 11.94s
2025-03-05 01:51:23,637 - INFO - Round 6 completed in 246.38s
2025-03-05 01:51:23,637 - INFO - Global Model - P1 Test: Loss = 2.5232, Accuracy = 0.5527
2025-03-05 01:51:23,637 - INFO - Global Model - P2 Test: Loss = 3.4771, Accuracy = 0.5685
2025-03-05 01:51:36,696 - INFO - P1 (Round 7) - Epoch 1/10 | Loss: 0.2057 | Acc: 0.9308 | Val Loss: 0.1799 | Val Acc: 0.9391 | Time: 13.06s
2025-03-05 01:51:49,149 - INFO - P1 (Round 7) - Epoch 2/10 | Loss: 0.1780 | Acc: 0.9400 | Val Loss: 0.1794 | Val Acc: 0.9360 | Time: 12.45s
2025-03-05 01:52:01,041 - INFO - P1 (Round 7) - Epoch 3/10 | Loss: 0.1733 | Acc: 0.9415 | Val Loss: 0.1722 | Val Acc: 0.9416 | Time: 11.89s
2025-03-05 01:52:12,918 - INFO - P1 (Round 7) - Epoch 4/10 | Loss: 0.1698 | Acc: 0.9422 | Val Loss: 0.1698 | Val Acc: 0.9423 | Time: 11.88s
2025-03-05 01:52:23,386 - INFO - P1 (Round 7) - Epoch 5/10 | Loss: 0.1677 | Acc: 0.9423 | Val Loss: 0.1724 | Val Acc: 0.9381 | Time: 10.47s
2025-03-05 01:52:34,349 - INFO - P1 (Round 7) - Epoch 6/10 | Loss: 0.1662 | Acc: 0.9424 | Val Loss: 0.1646 | Val Acc: 0.9439 | Time: 10.96s
2025-03-05 01:52:45,901 - INFO - P1 (Round 7) - Epoch 7/10 | Loss: 0.1651 | Acc: 0.9427 | Val Loss: 0.1656 | Val Acc: 0.9435 | Time: 11.55s
2025-03-05 01:52:55,980 - INFO - P1 (Round 7) - Epoch 8/10 | Loss: 0.1640 | Acc: 0.9429 | Val Loss: 0.1628 | Val Acc: 0.9426 | Time: 10.08s
2025-03-05 01:53:06,098 - INFO - P1 (Round 7) - Epoch 9/10 | Loss: 0.1629 | Acc: 0.9432 | Val Loss: 0.1637 | Val Acc: 0.9398 | Time: 10.12s
2025-03-05 01:53:16,321 - INFO - P1 (Round 7) - Epoch 10/10 | Loss: 0.1616 | Acc: 0.9437 | Val Loss: 0.1615 | Val Acc: 0.9445 | Time: 10.22s
2025-03-05 01:53:26,351 - INFO - P2 (Round 7) - Epoch 1/10 | Loss: 0.1166 | Acc: 0.9657 | Val Loss: 0.0870 | Val Acc: 0.9721 | Time: 10.03s
2025-03-05 01:53:36,121 - INFO - P2 (Round 7) - Epoch 2/10 | Loss: 0.0796 | Acc: 0.9756 | Val Loss: 0.0783 | Val Acc: 0.9764 | Time: 9.77s
2025-03-05 01:53:46,949 - INFO - P2 (Round 7) - Epoch 3/10 | Loss: 0.0763 | Acc: 0.9764 | Val Loss: 0.0789 | Val Acc: 0.9747 | Time: 10.83s
2025-03-05 01:53:58,123 - INFO - P2 (Round 7) - Epoch 4/10 | Loss: 0.0746 | Acc: 0.9768 | Val Loss: 0.0748 | Val Acc: 0.9776 | Time: 11.17s
2025-03-05 01:54:08,053 - INFO - P2 (Round 7) - Epoch 5/10 | Loss: 0.0735 | Acc: 0.9771 | Val Loss: 0.0749 | Val Acc: 0.9773 | Time: 9.93s
2025-03-05 01:54:18,063 - INFO - P2 (Round 7) - Epoch 6/10 | Loss: 0.0726 | Acc: 0.9774 | Val Loss: 0.0731 | Val Acc: 0.9771 | Time: 10.01s
2025-03-05 01:54:27,844 - INFO - P2 (Round 7) - Epoch 7/10 | Loss: 0.0719 | Acc: 0.9776 | Val Loss: 0.0742 | Val Acc: 0.9771 | Time: 9.78s
2025-03-05 01:54:37,999 - INFO - P2 (Round 7) - Epoch 8/10 | Loss: 0.0712 | Acc: 0.9779 | Val Loss: 0.0731 | Val Acc: 0.9771 | Time: 10.15s
2025-03-05 01:54:47,848 - INFO - P2 (Round 7) - Epoch 9/10 | Loss: 0.0708 | Acc: 0.9780 | Val Loss: 0.0713 | Val Acc: 0.9779 | Time: 9.85s
2025-03-05 01:54:59,061 - INFO - P2 (Round 7) - Epoch 10/10 | Loss: 0.0702 | Acc: 0.9782 | Val Loss: 0.0742 | Val Acc: 0.9774 | Time: 11.21s
2025-03-05 01:55:02,107 - INFO - Round 7 completed in 218.47s
2025-03-05 01:55:02,107 - INFO - Global Model - P1 Test: Loss = 2.8604, Accuracy = 0.5196
2025-03-05 01:55:02,107 - INFO - Global Model - P2 Test: Loss = 2.6564, Accuracy = 0.6069
2025-03-05 01:55:12,540 - INFO - P1 (Round 8) - Epoch 1/10 | Loss: 0.2000 | Acc: 0.9326 | Val Loss: 0.1742 | Val Acc: 0.9427 | Time: 10.43s
2025-03-05 01:55:22,957 - INFO - P1 (Round 8) - Epoch 2/10 | Loss: 0.1719 | Acc: 0.9414 | Val Loss: 0.1686 | Val Acc: 0.9428 | Time: 10.42s
2025-03-05 01:55:33,389 - INFO - P1 (Round 8) - Epoch 3/10 | Loss: 0.1675 | Acc: 0.9426 | Val Loss: 0.1665 | Val Acc: 0.9452 | Time: 10.43s
2025-03-05 01:55:43,397 - INFO - P1 (Round 8) - Epoch 4/10 | Loss: 0.1652 | Acc: 0.9431 | Val Loss: 0.1685 | Val Acc: 0.9413 | Time: 10.01s
2025-03-05 01:55:53,901 - INFO - P1 (Round 8) - Epoch 5/10 | Loss: 0.1633 | Acc: 0.9435 | Val Loss: 0.1635 | Val Acc: 0.9440 | Time: 10.50s
2025-03-05 01:56:04,193 - INFO - P1 (Round 8) - Epoch 6/10 | Loss: 0.1620 | Acc: 0.9439 | Val Loss: 0.1622 | Val Acc: 0.9454 | Time: 10.29s
2025-03-05 01:56:16,664 - INFO - P1 (Round 8) - Epoch 7/10 | Loss: 0.1609 | Acc: 0.9443 | Val Loss: 0.1599 | Val Acc: 0.9448 | Time: 12.47s
2025-03-05 01:56:27,189 - INFO - P1 (Round 8) - Epoch 8/10 | Loss: 0.1597 | Acc: 0.9447 | Val Loss: 0.1606 | Val Acc: 0.9448 | Time: 10.52s
2025-03-05 01:56:37,291 - INFO - P1 (Round 8) - Epoch 9/10 | Loss: 0.1590 | Acc: 0.9449 | Val Loss: 0.1602 | Val Acc: 0.9450 | Time: 10.10s
2025-03-05 01:56:47,381 - INFO - P1 (Round 8) - Epoch 10/10 | Loss: 0.1580 | Acc: 0.9452 | Val Loss: 0.1625 | Val Acc: 0.9410 | Time: 10.09s
2025-03-05 01:56:57,796 - INFO - P2 (Round 8) - Epoch 1/10 | Loss: 0.1106 | Acc: 0.9675 | Val Loss: 0.0820 | Val Acc: 0.9757 | Time: 10.41s
2025-03-05 01:57:07,702 - INFO - P2 (Round 8) - Epoch 2/10 | Loss: 0.0779 | Acc: 0.9763 | Val Loss: 0.0779 | Val Acc: 0.9762 | Time: 9.91s
2025-03-05 01:57:18,085 - INFO - P2 (Round 8) - Epoch 3/10 | Loss: 0.0749 | Acc: 0.9770 | Val Loss: 0.0747 | Val Acc: 0.9771 | Time: 10.38s
2025-03-05 01:57:30,237 - INFO - P2 (Round 8) - Epoch 4/10 | Loss: 0.0732 | Acc: 0.9774 | Val Loss: 0.0740 | Val Acc: 0.9781 | Time: 12.15s
2025-03-05 01:57:42,124 - INFO - P2 (Round 8) - Epoch 5/10 | Loss: 0.0720 | Acc: 0.9777 | Val Loss: 0.0741 | Val Acc: 0.9774 | Time: 11.89s
2025-03-05 01:57:57,144 - INFO - P2 (Round 8) - Epoch 6/10 | Loss: 0.0712 | Acc: 0.9779 | Val Loss: 0.0723 | Val Acc: 0.9776 | Time: 15.02s
2025-03-05 01:58:10,790 - INFO - P2 (Round 8) - Epoch 7/10 | Loss: 0.0708 | Acc: 0.9781 | Val Loss: 0.0716 | Val Acc: 0.9772 | Time: 13.65s
2025-03-05 01:58:23,003 - INFO - P2 (Round 8) - Epoch 8/10 | Loss: 0.0702 | Acc: 0.9783 | Val Loss: 0.0718 | Val Acc: 0.9775 | Time: 12.21s
2025-03-05 01:58:34,250 - INFO - P2 (Round 8) - Epoch 9/10 | Loss: 0.0696 | Acc: 0.9784 | Val Loss: 0.0709 | Val Acc: 0.9791 | Time: 11.25s
2025-03-05 01:58:45,176 - INFO - P2 (Round 8) - Epoch 10/10 | Loss: 0.0693 | Acc: 0.9786 | Val Loss: 0.0695 | Val Acc: 0.9784 | Time: 10.93s
2025-03-05 01:58:47,612 - INFO - Round 8 completed in 225.51s
2025-03-05 01:58:47,612 - INFO - Global Model - P1 Test: Loss = 2.7267, Accuracy = 0.5793
2025-03-05 01:58:47,612 - INFO - Global Model - P2 Test: Loss = 2.6708, Accuracy = 0.6412
2025-03-05 01:58:58,061 - INFO - P1 (Round 9) - Epoch 1/10 | Loss: 0.1939 | Acc: 0.9346 | Val Loss: 0.1710 | Val Acc: 0.9416 | Time: 10.45s
2025-03-05 01:59:10,766 - INFO - P1 (Round 9) - Epoch 2/10 | Loss: 0.1685 | Acc: 0.9425 | Val Loss: 0.1686 | Val Acc: 0.9446 | Time: 12.70s
2025-03-05 01:59:24,512 - INFO - P1 (Round 9) - Epoch 3/10 | Loss: 0.1638 | Acc: 0.9440 | Val Loss: 0.1637 | Val Acc: 0.9441 | Time: 13.74s
2025-03-05 01:59:36,478 - INFO - P1 (Round 9) - Epoch 4/10 | Loss: 0.1615 | Acc: 0.9445 | Val Loss: 0.1597 | Val Acc: 0.9460 | Time: 11.97s
2025-03-05 01:59:49,385 - INFO - P1 (Round 9) - Epoch 5/10 | Loss: 0.1599 | Acc: 0.9447 | Val Loss: 0.1588 | Val Acc: 0.9456 | Time: 12.91s
2025-03-05 02:00:01,569 - INFO - P1 (Round 9) - Epoch 6/10 | Loss: 0.1588 | Acc: 0.9451 | Val Loss: 0.1591 | Val Acc: 0.9450 | Time: 12.18s
2025-03-05 02:00:13,384 - INFO - P1 (Round 9) - Epoch 7/10 | Loss: 0.1580 | Acc: 0.9452 | Val Loss: 0.1590 | Val Acc: 0.9447 | Time: 11.81s
2025-03-05 02:00:25,242 - INFO - P1 (Round 9) - Epoch 8/10 | Loss: 0.1573 | Acc: 0.9453 | Val Loss: 0.1579 | Val Acc: 0.9457 | Time: 11.86s
2025-03-05 02:00:37,109 - INFO - P1 (Round 9) - Epoch 9/10 | Loss: 0.1568 | Acc: 0.9455 | Val Loss: 0.1556 | Val Acc: 0.9457 | Time: 11.87s
2025-03-05 02:00:48,788 - INFO - P1 (Round 9) - Epoch 10/10 | Loss: 0.1561 | Acc: 0.9458 | Val Loss: 0.1609 | Val Acc: 0.9442 | Time: 11.68s
2025-03-05 02:01:02,008 - INFO - P2 (Round 9) - Epoch 1/10 | Loss: 0.1058 | Acc: 0.9686 | Val Loss: 0.0795 | Val Acc: 0.9762 | Time: 13.22s
2025-03-05 02:01:14,003 - INFO - P2 (Round 9) - Epoch 2/10 | Loss: 0.0756 | Acc: 0.9770 | Val Loss: 0.0776 | Val Acc: 0.9770 | Time: 11.99s
2025-03-05 02:01:26,026 - INFO - P2 (Round 9) - Epoch 3/10 | Loss: 0.0727 | Acc: 0.9778 | Val Loss: 0.0748 | Val Acc: 0.9774 | Time: 12.02s
2025-03-05 02:01:38,161 - INFO - P2 (Round 9) - Epoch 4/10 | Loss: 0.0713 | Acc: 0.9783 | Val Loss: 0.0705 | Val Acc: 0.9796 | Time: 12.13s
2025-03-05 02:01:50,271 - INFO - P2 (Round 9) - Epoch 5/10 | Loss: 0.0704 | Acc: 0.9785 | Val Loss: 0.0718 | Val Acc: 0.9789 | Time: 12.11s
2025-03-05 02:02:02,270 - INFO - P2 (Round 9) - Epoch 6/10 | Loss: 0.0695 | Acc: 0.9787 | Val Loss: 0.0696 | Val Acc: 0.9797 | Time: 12.00s
2025-03-05 02:02:15,468 - INFO - P2 (Round 9) - Epoch 7/10 | Loss: 0.0691 | Acc: 0.9788 | Val Loss: 0.0696 | Val Acc: 0.9783 | Time: 13.20s
2025-03-05 02:02:27,729 - INFO - P2 (Round 9) - Epoch 8/10 | Loss: 0.0685 | Acc: 0.9790 | Val Loss: 0.0709 | Val Acc: 0.9775 | Time: 12.26s
2025-03-05 02:02:39,686 - INFO - P2 (Round 9) - Epoch 9/10 | Loss: 0.0679 | Acc: 0.9791 | Val Loss: 0.0680 | Val Acc: 0.9801 | Time: 11.96s
2025-03-05 02:02:51,655 - INFO - P2 (Round 9) - Epoch 10/10 | Loss: 0.0677 | Acc: 0.9792 | Val Loss: 0.0683 | Val Acc: 0.9785 | Time: 11.97s
2025-03-05 02:02:54,145 - INFO - Round 9 completed in 246.53s
2025-03-05 02:02:54,145 - INFO - Global Model - P1 Test: Loss = 2.8260, Accuracy = 0.5642
2025-03-05 02:02:54,145 - INFO - Global Model - P2 Test: Loss = 4.2116, Accuracy = 0.6439
2025-03-05 02:03:06,462 - INFO - P1 (Round 10) - Epoch 1/10 | Loss: 0.1886 | Acc: 0.9364 | Val Loss: 0.1665 | Val Acc: 0.9433 | Time: 12.32s
2025-03-05 02:03:19,198 - INFO - P1 (Round 10) - Epoch 2/10 | Loss: 0.1648 | Acc: 0.9427 | Val Loss: 0.1629 | Val Acc: 0.9427 | Time: 12.73s
2025-03-05 02:03:31,793 - INFO - P1 (Round 10) - Epoch 3/10 | Loss: 0.1615 | Acc: 0.9439 | Val Loss: 0.1587 | Val Acc: 0.9459 | Time: 12.59s
2025-03-05 02:03:43,604 - INFO - P1 (Round 10) - Epoch 4/10 | Loss: 0.1597 | Acc: 0.9443 | Val Loss: 0.1614 | Val Acc: 0.9456 | Time: 11.81s
2025-03-05 02:03:55,872 - INFO - P1 (Round 10) - Epoch 5/10 | Loss: 0.1585 | Acc: 0.9448 | Val Loss: 0.1570 | Val Acc: 0.9455 | Time: 12.27s
2025-03-05 02:04:07,817 - INFO - P1 (Round 10) - Epoch 6/10 | Loss: 0.1575 | Acc: 0.9452 | Val Loss: 0.1555 | Val Acc: 0.9470 | Time: 11.94s
2025-03-05 02:04:20,008 - INFO - P1 (Round 10) - Epoch 7/10 | Loss: 0.1566 | Acc: 0.9453 | Val Loss: 0.1590 | Val Acc: 0.9429 | Time: 12.19s
2025-03-05 02:04:32,832 - INFO - P1 (Round 10) - Epoch 8/10 | Loss: 0.1559 | Acc: 0.9454 | Val Loss: 0.1546 | Val Acc: 0.9470 | Time: 12.82s
2025-03-05 02:04:45,271 - INFO - P1 (Round 10) - Epoch 9/10 | Loss: 0.1553 | Acc: 0.9457 | Val Loss: 0.1562 | Val Acc: 0.9458 | Time: 12.44s
2025-03-05 02:04:57,367 - INFO - P1 (Round 10) - Epoch 10/10 | Loss: 0.1549 | Acc: 0.9458 | Val Loss: 0.1539 | Val Acc: 0.9462 | Time: 12.10s
2025-03-05 02:05:09,356 - INFO - P2 (Round 10) - Epoch 1/10 | Loss: 0.1081 | Acc: 0.9696 | Val Loss: 0.0764 | Val Acc: 0.9762 | Time: 11.99s
2025-03-05 02:05:21,803 - INFO - P2 (Round 10) - Epoch 2/10 | Loss: 0.0728 | Acc: 0.9779 | Val Loss: 0.0715 | Val Acc: 0.9783 | Time: 12.45s
2025-03-05 02:05:34,089 - INFO - P2 (Round 10) - Epoch 3/10 | Loss: 0.0703 | Acc: 0.9787 | Val Loss: 0.0716 | Val Acc: 0.9779 | Time: 12.29s
2025-03-05 02:05:47,198 - INFO - P2 (Round 10) - Epoch 4/10 | Loss: 0.0691 | Acc: 0.9790 | Val Loss: 0.0719 | Val Acc: 0.9786 | Time: 13.11s
2025-03-05 02:05:59,791 - INFO - P2 (Round 10) - Epoch 5/10 | Loss: 0.0683 | Acc: 0.9792 | Val Loss: 0.0694 | Val Acc: 0.9789 | Time: 12.59s
2025-03-05 02:06:12,057 - INFO - P2 (Round 10) - Epoch 6/10 | Loss: 0.0675 | Acc: 0.9793 | Val Loss: 0.0674 | Val Acc: 0.9796 | Time: 12.27s
2025-03-05 02:06:24,072 - INFO - P2 (Round 10) - Epoch 7/10 | Loss: 0.0670 | Acc: 0.9795 | Val Loss: 0.0686 | Val Acc: 0.9797 | Time: 12.01s
2025-03-05 02:06:36,545 - INFO - P2 (Round 10) - Epoch 8/10 | Loss: 0.0668 | Acc: 0.9796 | Val Loss: 0.0681 | Val Acc: 0.9797 | Time: 12.47s
2025-03-05 02:06:48,540 - INFO - P2 (Round 10) - Epoch 9/10 | Loss: 0.0663 | Acc: 0.9797 | Val Loss: 0.0653 | Val Acc: 0.9802 | Time: 11.99s
2025-03-05 02:07:01,680 - INFO - P2 (Round 10) - Epoch 10/10 | Loss: 0.0660 | Acc: 0.9797 | Val Loss: 0.0671 | Val Acc: 0.9798 | Time: 13.14s
2025-03-05 02:07:04,278 - INFO - Round 10 completed in 250.13s
2025-03-05 02:07:04,278 - INFO - Global Model - P1 Test: Loss = 3.2596, Accuracy = 0.5476
2025-03-05 02:07:04,278 - INFO - Global Model - P2 Test: Loss = 5.5493, Accuracy = 0.6359
2025-03-05 02:07:06,806 - INFO - Final Results after 10 rounds:
2025-03-05 02:07:06,806 - INFO - Global Model - P1 Test: Loss = 3.2596, Accuracy = 0.5476
2025-03-05 02:07:06,806 - INFO - Global Model - P2 Test: Loss = 5.5493, Accuracy = 0.6359
2025-03-05 02:07:06,815 - INFO - Experiment 129 results saved to results/suppression_experiments/exp_129_p1f5_p2f12.json
